2023-02-18 22:01:28 SimCov version SimCov version 0.1.1.8024051-dirty-master built on 20230216_082905
2023-02-18 22:01:28 _________________________
2023-02-18 22:01:28 Compiler definitions:
2023-02-18 22:01:28   _XOPEN_SOURCE=700
2023-02-18 22:01:28   CONFIG_USE_COLORS
2023-02-18 22:01:28   USE_BYTELL
2023-02-18 22:01:28   MAX_VIRIONS=125000
2023-02-18 22:01:28   MIN_VIRIONS=1e-10
2023-02-18 22:01:28   BLOCK_PARTITION
2023-02-18 22:01:28   MIN_BLOCKS_PER_PROC=1
2023-02-18 22:01:28   AVERAGE_SUBSAMPLE
2023-02-18 22:01:28 _________________________
2023-02-18 22:01:28 Options:
2023-02-18 22:01:28   dim =                         15000 15000 1
2023-02-18 22:01:28   whole-lung-dim =              48000 40000 20000
2023-02-18 22:01:28   timesteps =                   144005
2023-02-18 22:01:28   infection-coords =            uniform:1
2023-02-18 22:01:28   initial-infection =           999
2023-02-18 22:01:28   incubation-period =           5000
2023-02-18 22:01:28   apoptosis-period =            180
2023-02-18 22:01:28   expressing-period =           900
2023-02-18 22:01:28   infectivity =                 0.025
2023-02-18 22:01:28   infectivity-multiplier =      1.0
2023-02-18 22:01:28   virion-production =           1.1
2023-02-18 22:01:28   virion-production-multiplier = 1.0
2023-02-18 22:01:28   virion-clearance =            0.004
2023-02-18 22:01:28   virion-diffusion =            0.15
2023-02-18 22:01:28   chemokine-production =        1.0
2023-02-18 22:01:28   chemokine-decay =             0.01
2023-02-18 22:01:28   chemokine-diffusion =         1.0
2023-02-18 22:01:28   min-chemokine =               1e-06
2023-02-18 22:01:28   antibody-factor =             1
2023-02-18 22:01:28   antibody-period =             5760
2023-02-18 22:01:28   tcell-generation-rate =       105000
2023-02-18 22:01:28   tcell-initial-delay =         10080
2023-02-18 22:01:28   tcell-vascular-period =       5760
2023-02-18 22:01:28   tcell-tissue-period =         1440
2023-02-18 22:01:28   tcell-binding-period =        10
2023-02-18 22:01:28   max-binding-prob =            1
2023-02-18 22:01:28   tcells-follow-gradient =      false
2023-02-18 22:01:28   seed =                        5
2023-02-18 22:01:28   sample-period =               0
2023-02-18 22:01:28   sample-resolution =           1
2023-02-18 22:01:28   max-block-dim =               10
2023-02-18 22:01:28   output =                      exp_results/per_5000_inf_0.025/init_1000/5
2023-02-18 22:01:28 _________________________
2023-02-18 22:01:28 Starting run with 64 processes on 2 nodes at 02/18/23 22:01:28
2023-02-18 22:01:28 Pinned processes, with process 0 (pid 33407) pinned to core 0
2023-02-18 22:01:28 Using block partitioning
2023-02-18 22:01:28 Initial free memory across all nodes: 151.44GB
2023-02-18 22:01:28 Starting with 76.82GB free on node 0
2023-02-18 22:01:28 Dividing 225000000 grid points into 3515625 squares of size 64 (8^2), with 54932 per process
2023-02-18 22:01:28 Total initial memory required per process is at least 281.63MB with each grid point requiring on average 84 bytes
2023-02-18 22:01:31  --- Elapsed time for tissue.cpp:Tissue:  (exiting barrier) 2023-02-18 22:01:31 ...
2023-02-18 22:01:31           ... (min/my/avg/max, bal) (3.46/3.46/3.46/3.46 s, 1.00) barrier(0.00 s) --- 
2023-02-18 22:01:31 Memory used on node 0 after initialization is  10.90GB
2023-02-18 22:01:31           ... (min/my/avg/max, bal) No-Time barrier(0.00 s) --- 
2023-02-18 22:01:31 Fraction of circulating T cells extravasating is 5.85938e-06
2023-02-18 22:01:31 # datetime                    step    incb       expr       apop       dead       tvas       ttis       chem       virs       chempts    %infct     <%active  lbln>
2023-02-18 22:01:31 [0] <main.cpp:141> WARNING: Time step 0: SUCCESSFUL initial infection at (7500, 7500, 0) after 0 tries
2023-02-18 22:01:31 [02/18/23 22:01:31    0.00s]: 0       1          0          0          0          0          0          0.00e+00   0.00e+00   1.00e+00   0.00       < 0.000 0.016 >
2023-02-18 22:01:32 [02/18/23 22:01:32    0.87s]: 2880    818        0          0          0          0          0          0.00e+00   9.69e-03   8.18e+02   0.00       < 0.007 0.776 >
2023-02-18 22:01:33 [02/18/23 22:01:33    0.99s]: 5760    2514       698        0          1          0          0          9.42e-06   1.52e+05   1.91e+04   0.00       < 0.008 0.778 >
2023-02-18 22:01:35 [02/18/23 22:01:35    2.09s]: 8640    6987       0          0          818        0          0          9.48e-10   1.11e+02   1.04e+04   0.00       < 0.015 0.873 >
2023-02-18 22:01:37 [02/18/23 22:01:37    2.21s]: 11520   5294       2799       201        2904       133768118  60         3.21e-05   8.20e+05   3.63e+04   0.00       < 0.016 0.871 >
2023-02-18 22:01:41 [02/18/23 22:01:41    3.92s]: 14400   3441       1          901        15834      319075300  493        1.01e-06   5.93e+03   4.20e+04   0.01       < 0.024 0.893 >
2023-02-18 22:01:45 [02/18/23 22:01:45    3.99s]: 17280   33         0          0          20456      431465238  0          0.00e+00   7.01e-02   2.05e+04   0.01       < 0.025 0.887 >
2023-02-18 22:01:49 [02/18/23 22:01:49    3.21s]: 20160   334        1          76         20817      499629929  202        4.50e-07   6.01e+02   3.16e+04   0.01       < 0.009 0.779 >
2023-02-18 22:01:52 [02/18/23 22:01:52    3.66s]: 23040   47         0          17         22491      540972239  49         0.00e+00   2.88e-01   2.26e+04   0.01       < 0.021 0.841 >
2023-02-18 22:01:55 [02/18/23 22:01:55    2.94s]: 25920   75         5          0          22513      566046850  3          5.67e-07   3.80e+02   2.76e+04   0.01       < 0.004 0.643 >
2023-02-18 22:01:59 [02/18/23 22:01:59    4.22s]: 28800   19         0          11         24965      581253825  183        0.00e+00   2.32e+00   2.50e+04   0.01       < 0.024 0.841 >
2023-02-18 22:02:03 [02/18/23 22:02:03    3.73s]: 31680   133        0          11         24987      590477746  39         2.26e-07   2.33e+02   3.17e+04   0.01       < 0.011 0.772 >
2023-02-18 22:02:06 [02/18/23 22:02:06    3.08s]: 34560   848        0          126        25786      596071804  297        3.01e-07   4.25e+02   3.87e+04   0.01       < 0.019 0.882 >
2023-02-18 22:02:10 [02/18/23 22:02:10    3.73s]: 37440   11         0          0          27224      599464962  0          0.00e+00   5.22e-03   2.72e+04   0.01       < 0.015 0.793 >
2023-02-18 22:02:13 [02/18/23 22:02:13    2.77s]: 40320   544        2          37         27680      601522786  115        8.73e-07   7.98e+02   4.22e+04   0.01       < 0.015 0.784 >
2023-02-18 22:02:17 [02/18/23 22:02:17    4.38s]: 43200   21         0          18         29848      602770516  158        0.00e+00   1.73e+00   2.99e+04   0.01       < 0.022 0.859 >
2023-02-18 22:02:21 [02/18/23 22:02:21    3.85s]: 46080   9          0          1          30117      603527636  2          0.00e+00   2.68e-02   3.01e+04   0.01       < 0.011 0.795 >
2023-02-18 22:02:24 [02/18/23 22:02:24    3.17s]: 48960   853        1          306        31282      603986651  475        2.36e-07   3.50e+02   4.93e+04   0.01       < 0.019 0.801 >
2023-02-18 22:02:29 [02/18/23 22:02:29    4.64s]: 51840   121        0          65         33498      604265185  193        1.70e-10   1.77e+01   3.66e+04   0.01       < 0.028 0.901 >
2023-02-18 22:02:32 [02/18/23 22:02:32    3.64s]: 54720   791        1          125        33819      604434244  246        3.98e-07   5.13e+02   5.23e+04   0.02       < 0.017 0.823 >
2023-02-18 22:02:37 [02/18/23 22:02:37    4.32s]: 57600   49         0          38         36211      604536405  144        0.00e+00   1.38e+00   3.63e+04   0.02       < 0.025 0.897 >
2023-02-18 22:02:40 [02/18/23 22:02:40    3.21s]: 60480   194        2          7          36288      604598738  19         4.01e-07   3.56e+02   4.28e+04   0.02       < 0.008 0.639 >
2023-02-18 22:02:43 [02/18/23 22:02:43    3.38s]: 63360   45         0          40         37712      604635963  191        0.00e+00   3.31e+00   3.78e+04   0.02       < 0.019 0.871 >
2023-02-18 22:02:46 [02/18/23 22:02:46    3.19s]: 66240   8          0          0          37797      604659019  0          0.00e+00   3.03e-05   3.78e+04   0.02       < 0.006 0.693 >
2023-02-18 22:02:50 [02/18/23 22:02:50    3.14s]: 69120   155        0          88         39108      604672733  357        1.31e-07   1.56e+02   4.27e+04   0.02       < 0.019 0.872 >
2023-02-18 22:02:53 [02/18/23 22:02:53    3.72s]: 72000   14         0          0          39371      604681420  0          0.00e+00   1.51e-03   3.94e+04   0.02       < 0.014 0.773 >
2023-02-18 22:02:56 [02/18/23 22:02:56    3.02s]: 74880   615        0          165        40276      604686296  326        2.14e-09   6.45e+01   5.00e+04   0.02       < 0.015 0.827 >
2023-02-18 22:03:00 [02/18/23 22:03:00    4.01s]: 77760   30         0          1          41339      604689514  49         0.00e+00   2.32e-01   4.14e+04   0.02       < 0.022 0.885 >
2023-02-18 22:03:04 [02/18/23 22:03:04    3.44s]: 80640   738        1          157        41766      604691277  425        2.70e-07   4.77e+02   5.22e+04   0.02       < 0.016 0.846 >
2023-02-18 22:03:07 [02/18/23 22:03:07    3.59s]: 83520   4          0          0          43021      604692595  0          0.00e+00   9.41e-03   4.30e+04   0.02       < 0.018 0.848 >
2023-02-18 22:03:10 [02/18/23 22:03:10    2.55s]: 86400   424        0          43         43063      604693411  106        2.28e-07   2.66e+02   5.00e+04   0.02       < 0.004 0.580 >
2023-02-18 22:03:13 [02/18/23 22:03:13    3.36s]: 89280   49         0          41         44641      604693705  137        0.00e+00   1.01e+00   4.47e+04   0.02       < 0.019 0.829 >
2023-02-18 22:03:16 [02/18/23 22:03:16    3.03s]: 92160   14         0          0          44717      604694220  0          0.00e+00   8.35e-06   4.47e+04   0.02       < 0.005 0.646 >
2023-02-18 22:03:20 [02/18/23 22:03:20    3.71s]: 95040   50         0          43         46928      604693914  291        0.00e+00   3.75e+00   4.70e+04   0.02       < 0.022 0.874 >
2023-02-18 22:03:24 [02/18/23 22:03:24    3.61s]: 97920   12         0          0          47013      604694351  0          0.00e+00   3.38e-05   4.70e+04   0.02       < 0.011 0.755 >
2023-02-18 22:03:26 [02/18/23 22:03:26    2.64s]: 100800  1883       0          405        47801      604694098  546        5.24e-07   7.94e+02   6.87e+04   0.02       < 0.020 0.774 >
2023-02-18 22:03:31 [02/18/23 22:03:31    4.41s]: 103680  5          0          0          50707      604694268  0          0.00e+00   9.27e-03   5.07e+04   0.02       < 0.024 0.833 >
2023-02-18 22:03:34 [02/18/23 22:03:34    2.94s]: 106560  157        0          63         50906      604694427  143        2.01e-07   1.88e+02   5.23e+04   0.02       < 0.009 0.791 >
2023-02-18 22:03:37 [02/18/23 22:03:37    3.22s]: 109440  18         0          7          51475      604694486  51         0.00e+00   1.30e-01   5.15e+04   0.02       < 0.016 0.810 >
2023-02-18 22:03:40 [02/18/23 22:03:40    2.87s]: 112320  84         0          39         51746      604694567  126        0.00e+00   3.01e+00   5.19e+04   0.02       < 0.007 0.725 >
2023-02-18 22:03:43 [02/18/23 22:03:43    3.43s]: 115200  40         0          27         52984      604694436  194        0.00e+00   3.00e+00   5.31e+04   0.02       < 0.018 0.825 >
2023-02-18 22:03:46 [02/18/23 22:03:46    3.28s]: 118080  69         0          42         53249      604694528  121        0.00e+00   2.98e+00   5.34e+04   0.02       < 0.013 0.876 >
2023-02-18 22:03:50 [02/18/23 22:03:50    3.20s]: 120960  136        0          73         53877      604694422  242        7.19e-10   2.83e+01   5.68e+04   0.02       < 0.016 0.811 >
2023-02-18 22:03:53 [02/18/23 22:03:53    2.94s]: 123840  5          0          0          54111      604694648  0          0.00e+00   2.73e-04   5.41e+04   0.02       < 0.008 0.760 >
2023-02-18 22:03:55 [02/18/23 22:03:55    2.11s]: 126720  97         0          73         54398      604694657  142        0.00e+00   5.47e+00   5.46e+04   0.02       < 0.005 0.717 >
2023-02-18 22:03:58 [02/18/23 22:03:58    2.89s]: 129600  6          0          2          55266      604694636  45         0.00e+00   1.66e-01   5.53e+04   0.02       < 0.012 0.786 >
2023-02-18 22:04:00 [02/18/23 22:04:00    2.38s]: 132480  269        0          43         55310      604694689  85         2.33e-08   9.73e+01   6.05e+04   0.02       < 0.005 0.655 >
2023-02-18 22:04:03 [02/18/23 22:04:03    2.62s]: 135360  94         0          64         55988      604694684  116        0.00e+00   1.56e+00   5.61e+04   0.02       < 0.011 0.787 >
2023-02-18 22:04:05 [02/18/23 22:04:05    2.35s]: 138240  4          0          0          56145      604694818  0          0.00e+00   1.42e-05   5.61e+04   0.02       < 0.003 0.638 >
2023-02-18 22:04:07 [02/18/23 22:04:07    2.16s]: 141120  37         0          21         56502      604694711  141        0.00e+00   2.65e+00   5.66e+04   0.03       < 0.006 0.826 >
2023-02-18 22:04:09 [02/18/23 22:04:09    2.18s]: 144000  8          0          0          56560      604694833  0          0.00e+00   2.48e-05   5.66e+04   0.03       < 0.004 0.590 >
2023-02-18 22:04:09 [02/18/23 22:04:09    0.00s]: 144004  8          0          0          56560      604694833  0          0.00e+00   2.44e-05   5.66e+04   0.03       < 0.004 0.589 >
2023-02-18 22:04:09  ---  main.cpp:generate tcells took  avg 0.01 s max 0.01 s balance 0.91  --- 
2023-02-18 22:04:09  ---  main.cpp:update circulating tcells took  avg 46.94 s max 50.39 s balance 0.93  --- 
2023-02-18 22:04:09  ---  main.cpp:update tcells took  avg 2.71 s max 3.07 s balance 0.88  --- 
2023-02-18 22:04:09  ---  main.cpp:update epicells took  avg 4.40 s max 4.58 s balance 0.96  --- 
2023-02-18 22:04:09  ---  main.cpp:update concentrations took  avg 12.53 s max 13.04 s balance 0.96  --- 
2023-02-18 22:04:09  ---  main.cpp:compute updates took  avg 99.55 s max 99.57 s balance 1.00  --- 
2023-02-18 22:04:09  ---  main.cpp:dispatch updates took  avg 28.03 s max 30.36 s balance 0.92  --- 
2023-02-18 22:04:09  ---  main.cpp:add new actives took  avg 2.05 s max 2.34 s balance 0.87  --- 
2023-02-18 22:04:09  ---  main.cpp:erase inactive took  avg 8.29 s max 8.58 s balance 0.97  --- 
2023-02-18 22:04:09  ---  main.cpp:sample took  avg 0.00 s max 0.00 s balance -nan  --- 
2023-02-18 22:04:09  ---  main.cpp:sample write took  avg 0.00 s max 0.00 s balance -nan  --- 
2023-02-18 22:04:09  ---  main.cpp:log took  avg 5.90 s max 5.94 s balance 0.99  --- 
2023-02-18 22:04:09 Finished 144005 time steps in 158.0158 s (0.0011 s per step)
2023-02-18 22:04:09  --- Elapsed time for main.cpp:run_sim:  (exiting barrier) 2023-02-18 22:04:09 ...
2023-02-18 22:04:09           ... (min/my/avg/max, bal) (158.02/158.02/158.02/158.02 s, 1.00) barrier(0.00 s) --- 
2023-02-18 22:04:09 Peak memory used across all nodes: 21.87GB
2023-02-18 22:04:09 Finished in 161.63 s at 02/18/23 22:04:09 for SimCov version 0.1.1.8024051-dirty
