2023-02-13 19:30:40 SimCov version SimCov version 0.1.1.9cc77ef-dirty-branching_airways_3min_model built on 20230204_191356
2023-02-13 19:30:40 _________________________
2023-02-13 19:30:40 Compiler definitions:
2023-02-13 19:30:40   _XOPEN_SOURCE=700
2023-02-13 19:30:40   CONFIG_USE_COLORS
2023-02-13 19:30:40   USE_BYTELL
2023-02-13 19:30:40   MAX_VIRIONS=125000
2023-02-13 19:30:40   MIN_VIRIONS=1e-10
2023-02-13 19:30:40   BLOCK_PARTITION
2023-02-13 19:30:40   MIN_BLOCKS_PER_PROC=1
2023-02-13 19:30:40   AVERAGE_SUBSAMPLE
2023-02-13 19:30:40 _________________________
2023-02-13 19:30:40 Options:
2023-02-13 19:30:40   dim =                         15000 15000 1
2023-02-13 19:30:40   whole-lung-dim =              48000 40000 20000
2023-02-13 19:30:40   timesteps =                   216005
2023-02-13 19:30:40   infection-coords =            uniform:1
2023-02-13 19:30:40   initial-infection =           1000
2023-02-13 19:30:40   incubation-period =           5000
2023-02-13 19:30:40   apoptosis-period =            180
2023-02-13 19:30:40   expressing-period =           900
2023-02-13 19:30:40   infectivity =                 0.025
2023-02-13 19:30:40   infectivity-multiplier =      1.0
2023-02-13 19:30:40   virion-production =           1.1
2023-02-13 19:30:40   virion-production-multiplier = 1.0
2023-02-13 19:30:40   virion-clearance =            0.004
2023-02-13 19:30:40   virion-diffusion =            0.15
2023-02-13 19:30:40   chemokine-production =        1.0
2023-02-13 19:30:40   chemokine-decay =             0.01
2023-02-13 19:30:40   chemokine-diffusion =         1.0
2023-02-13 19:30:40   min-chemokine =               1e-06
2023-02-13 19:30:40   antibody-factor =             1
2023-02-13 19:30:40   antibody-period =             5760
2023-02-13 19:30:40   tcell-generation-rate =       105000
2023-02-13 19:30:40   tcell-initial-delay =         10080
2023-02-13 19:30:40   tcell-vascular-period =       5760
2023-02-13 19:30:40   tcell-tissue-period =         1440
2023-02-13 19:30:40   tcell-binding-period =        10
2023-02-13 19:30:40   max-binding-prob =            1
2023-02-13 19:30:40   tcells-follow-gradient =      false
2023-02-13 19:30:40   seed =                        5
2023-02-13 19:30:40   sample-period =               0
2023-02-13 19:30:40   sample-resolution =           1
2023-02-13 19:30:40   max-block-dim =               10
2023-02-13 19:30:40   output =                      exp_results/per_5000_inf_0.025/init_1000/5
2023-02-13 19:30:40 _________________________
2023-02-13 19:30:40 Starting run with 64 processes on 2 nodes at 02/13/23 19:30:40
2023-02-13 19:30:40 Pinned processes, with process 0 (pid 3527489) pinned to core 0
2023-02-13 19:30:40 Using block partitioning
2023-02-13 19:30:40 Initial free memory across all nodes: 152.12GB
2023-02-13 19:30:40 Starting with 76.29GB free on node 0
2023-02-13 19:30:40 Dividing 225000000 grid points into 3515625 squares of size 64 (8^2), with 54932 per process
2023-02-13 19:30:40 Total initial memory required per process is at least 308.46MB with each grid point requiring on average 92 bytes
2023-02-13 19:30:44  --- Elapsed time for tissue.cpp:Tissue:  (exiting barrier) 2023-02-13 19:30:44 ...
2023-02-13 19:30:44           ... (min/my/avg/max, bal) (3.50/3.50/3.50/3.50 s, 1.00) barrier(0.00 s) --- 
2023-02-13 19:30:44 Memory used on node 0 after initialization is  11.73GB
2023-02-13 19:30:44           ... (min/my/avg/max, bal) No-Time barrier(0.00 s) --- 
2023-02-13 19:30:44 Fraction of circulating T cells extravasating is 5.85938e-06
2023-02-13 19:30:44 # datetime                    step    incb       expr       apop       dead       tvas       ttis       inflcell   inflallvirs%infct     <%active  lbln>
2023-02-13 19:30:44 [0] <main.cpp:145> WARNING: Time step 0: SUCCESSFUL initial infection at (7500, 7500, 0) after 0 tries
2023-02-13 19:30:44 [02/13/23 19:30:44    0.00s]: 0       1          0          0          0          0          0          0          0          0.00e+00   0.0000004444< 0.000 0.016 >
2023-02-13 19:30:45 [02/13/23 19:30:45    1.33s]: 4320    831        0          0          0          0          0          0          0          2.93e-05   0.0003693333< 0.004 0.602 >
2023-02-13 19:30:48 [02/13/23 19:30:48    2.51s]: 8640    6536       0          0          831        0          0          24671      24671      3.39e+02   0.0032742222< 0.014 0.873 >
2023-02-13 19:30:52 [02/13/23 19:30:52    3.91s]: 12960   7510       343        577        8670       237944475  281        44064      44064      1.85e+05   0.0076000000< 0.020 0.839 >
2023-02-13 19:30:58 [02/13/23 19:30:58    5.86s]: 17280   42         0          9          19529      431464847  114        44340      44340      3.21e+02   0.0087022222< 0.024 0.884 >
2023-02-13 19:31:03 [02/13/23 19:31:03    5.21s]: 21600   115        0          67         20315      522871905  182        46971      46971      1.23e+01   0.0091097778< 0.016 0.856 >
2023-02-13 19:31:07 [02/13/23 19:31:07    4.22s]: 25920   58         1          1          21157      566046921  39         48732      48732      9.28e+01   0.0094297778< 0.009 0.805 >
2023-02-13 19:31:12 [02/13/23 19:31:12    5.00s]: 30240   80         0          1          22775      586440092  7          53182      53182      1.28e+02   0.0101582222< 0.015 0.796 >
2023-02-13 19:31:17 [02/13/23 19:31:17    5.54s]: 34560   351        1          24         25612      596072110  81         62784      62784      3.40e+02   0.0115502222< 0.021 0.835 >
2023-02-13 19:31:23 [02/13/23 19:31:23    5.05s]: 38880   22         1          0          26653      600621854  0          63903      63903      4.52e+01   0.0118560000< 0.012 0.806 >
2023-02-13 19:31:27 [02/13/23 19:31:27    4.77s]: 43200   288        0          36         27826      602770910  174        67846      67846      2.26e+02   0.0125111111< 0.018 0.825 >
2023-02-13 19:31:32 [02/13/23 19:31:32    4.62s]: 47520   283        1          97         28606      603786258  146        68573      68573      1.80e+02   0.0128831111< 0.009 0.785 >
2023-02-13 19:31:38 [02/13/23 19:31:38    6.03s]: 51840   20         0          1          30879      604265334  6          73461      73461      3.72e-02   0.0137333333< 0.022 0.842 >
2023-02-13 19:31:43 [02/13/23 19:31:43    5.22s]: 56160   1138       1          142        32321      604491609  246        83380      83380      5.44e+02   0.0149342222< 0.025 0.808 >
2023-02-13 19:31:50 [02/13/23 19:31:50    6.55s]: 60480   737        0          69         35083      604598730  184        89073      89073      4.37e+02   0.0159506667< 0.021 0.818 >
2023-02-13 19:31:56 [02/13/23 19:31:56    6.68s]: 64800   218        0          36         38101      604649138  126        96228      96228      1.46e+02   0.0170466667< 0.026 0.887 >
2023-02-13 19:32:03 [02/13/23 19:32:03    6.31s]: 69120   823        1          160        40605      604672656  208        103953     103953     3.11e+02   0.0184840000< 0.022 0.872 >
2023-02-13 19:32:10 [02/13/23 19:32:10    7.01s]: 73440   985        5          43         44144      604683922  172        111103     111103     9.55e+02   0.0200786667< 0.031 0.886 >
2023-02-13 19:32:18 [02/13/23 19:32:18    8.04s]: 77760   152        2          24         47633      604689039  105        115632     115632     2.35e+02   0.0212493333< 0.032 0.852 >
2023-02-13 19:32:25 [02/13/23 19:32:25    7.11s]: 82080   670        0          208        50342      604691373  567        121931     121931     3.25e+02   0.0227644444< 0.035 0.874 >
2023-02-13 19:32:32 [02/13/23 19:32:32    6.92s]: 86400   89         0          37         51752      604692973  285        121940     121940     1.12e+01   0.0230568889< 0.016 0.809 >
2023-02-13 19:32:39 [02/13/23 19:32:39    7.29s]: 90720   29         0          6          54862      604693454  100        128318     128318     6.11e-01   0.0243986667< 0.027 0.869 >
2023-02-13 19:32:45 [02/13/23 19:32:45    6.05s]: 95040   1498       0          616        57286      604693471  808        138046     138046     2.08e+02   0.0264000000< 0.026 0.824 >
2023-02-13 19:32:52 [02/13/23 19:32:52    6.65s]: 99360   95         1          18         59832      604694011  149        138859     138859     7.26e+02   0.0266426667< 0.017 0.807 >
2023-02-13 19:32:58 [02/13/23 19:32:58    6.28s]: 103680  851        0          107        62129      604693926  176        147856     147856     3.12e+02   0.0280386667< 0.026 0.880 >
2023-02-13 19:33:04 [02/13/23 19:33:04    5.55s]: 108000  303        0          30         63567      604694271  96         149249     149249     2.25e+02   0.0284000000< 0.016 0.769 >
2023-02-13 19:33:10 [02/13/23 19:33:10    6.19s]: 112320  9          0          0          65431      604694391  0          152555     152555     2.30e-03   0.0290844444< 0.016 0.824 >
2023-02-13 19:33:14 [02/13/23 19:33:14    4.40s]: 116640  677        0          147        66864      604694220  314        159658     159658     1.37e+02   0.0300835556< 0.021 0.839 >
2023-02-13 19:33:19 [02/13/23 19:33:19    4.96s]: 120960  191        2          7          67852      604694582  39         160755     160755     2.81e+02   0.0302453333< 0.007 0.690 >
2023-02-13 19:33:24 [02/13/23 19:33:24    4.99s]: 125280  11         0          0          69893      604694490  0          164725     164725     1.16e-03   0.0310684444< 0.015 0.869 >
2023-02-13 19:33:28 [02/13/23 19:33:28    4.21s]: 129600  392        0          248        71871      604694145  557        173639     173639     3.70e+01   0.0322271111< 0.019 0.862 >
2023-02-13 19:33:33 [02/13/23 19:33:33    4.77s]: 133920  9          0          0          72580      604694616  0          173639     173639     1.73e-07   0.0322617778< 0.000 0.221 >
2023-02-13 19:33:38 [02/13/23 19:33:38    4.56s]: 138240  18         0          0          74176      604694402  3          175504     175504     7.22e-02   0.0329751111< 0.019 0.834 >
2023-02-13 19:33:42 [02/13/23 19:33:42    4.09s]: 142560  651        0          117        74625      604694447  292        179109     179109     3.91e+02   0.0335080000< 0.011 0.836 >
2023-02-13 19:33:46 [02/13/23 19:33:46    4.32s]: 146880  6          0          0          75673      604694684  0          179226     179226     1.27e-05   0.0336351111< 0.004 0.599 >
2023-02-13 19:33:50 [02/13/23 19:33:50    3.93s]: 151200  50         0          14         76829      604694646  20         181970     181970     7.51e-02   0.0341746667< 0.015 0.829 >
2023-02-13 19:33:55 [02/13/23 19:33:55    4.54s]: 155520  245        0          165        78423      604694294  445        184700     184700     3.28e+01   0.0350368889< 0.017 0.840 >
2023-02-13 19:33:59 [02/13/23 19:33:59    4.44s]: 159840  50         1          2          78869      604694649  20         184723     184723     1.88e+02   0.0350764444< 0.004 0.510 >
2023-02-13 19:34:04 [02/13/23 19:34:04    4.72s]: 164160  49         0          0          79738      604694649  0          186850     186850     4.63e-03   0.0354608889< 0.015 0.776 >
2023-02-13 19:34:09 [02/13/23 19:34:09    4.99s]: 168480  333        0          173        82616      604694175  373        192323     192323     1.04e+02   0.0369431111< 0.022 0.873 >
2023-02-13 19:34:14 [02/13/23 19:34:14    4.78s]: 172800  305        1          32         83178      604694523  87         193094     193094     5.77e+02   0.0371182222< 0.009 0.627 >
2023-02-13 19:34:20 [02/13/23 19:34:20    6.28s]: 177120  55         0          7          86651      604694255  60         197809     197809     4.70e-01   0.0385391111< 0.025 0.900 >
2023-02-13 19:34:26 [02/13/23 19:34:26    5.79s]: 181440  428        1          134        89139      604693956  313        205405     205405     1.47e+02   0.0398675556< 0.024 0.839 >
2023-02-13 19:34:32 [02/13/23 19:34:32    6.10s]: 185760  101        1          0          91073      604694331  6          207325     207325     1.35e+02   0.0405222222< 0.012 0.843 >
2023-02-13 19:34:38 [02/13/23 19:34:38    6.25s]: 190080  20         0          1          93937      604694136  11         212410     212410     1.67e-01   0.0417591111< 0.027 0.919 >
2023-02-13 19:34:43 [02/13/23 19:34:43    4.89s]: 194400  802        2          236        95153      604694074  567        223600     223600     5.34e+02   0.0427524444< 0.025 0.825 >
2023-02-13 19:34:50 [02/13/23 19:34:50    7.17s]: 198720  183        0          17         97379      604694290  46         225799     225799     2.41e+02   0.0433684444< 0.017 0.818 >
2023-02-13 19:34:56 [02/13/23 19:34:56    6.46s]: 203040  178        0          116        101538     604693895  397        234902     234902     1.75e+01   0.0452586667< 0.032 0.900 >
2023-02-13 19:35:03 [02/13/23 19:35:03    6.67s]: 207360  155        0          53         103157     604694010  309        237680     237680     1.97e+01   0.0459400000< 0.018 0.840 >
2023-02-13 19:35:09 [02/13/23 19:35:09    5.39s]: 211680  15         0          0          104452     604694373  0          239056     239056     6.20e-03   0.0464297778< 0.008 0.746 >
2023-02-13 19:35:15 [02/13/23 19:35:15    6.14s]: 216000  321        0          121        106926     604694152  200        245978     245978     3.95e+01   0.0477191111< 0.027 0.885 >
2023-02-13 19:35:15 [02/13/23 19:35:15    0.01s]: 216004  322        0          120        106928     604694152  199        245978     245978     3.89e+01   0.0477200000< 0.027 0.886 >
2023-02-13 19:35:15  ---  main.cpp:generate tcells took  avg 0.02 s max 0.02 s balance 0.91  --- 
2023-02-13 19:35:15  ---  main.cpp:update circulating tcells took  avg 73.14 s max 77.58 s balance 0.94  --- 
2023-02-13 19:35:15  ---  main.cpp:update tcells took  avg 5.45 s max 6.06 s balance 0.90  --- 
2023-02-13 19:35:15  ---  main.cpp:update epicells took  avg 8.45 s max 8.79 s balance 0.96  --- 
2023-02-13 19:35:15  ---  main.cpp:update concentrations took  avg 22.68 s max 23.57 s balance 0.96  --- 
2023-02-13 19:35:15  ---  main.cpp:compute updates took  avg 168.40 s max 168.44 s balance 1.00  --- 
2023-02-13 19:35:15  ---  main.cpp:dispatch updates took  avg 50.74 s max 55.45 s balance 0.92  --- 
2023-02-13 19:35:15  ---  main.cpp:add new actives took  avg 3.43 s max 3.70 s balance 0.93  --- 
2023-02-13 19:35:15  ---  main.cpp:erase inactive took  avg 15.64 s max 16.11 s balance 0.97  --- 
2023-02-13 19:35:15  ---  main.cpp:sample took  avg 0.00 s max 0.00 s balance -nan  --- 
2023-02-13 19:35:15  ---  main.cpp:sample write took  avg 0.00 s max 0.00 s balance -nan  --- 
2023-02-13 19:35:15  ---  main.cpp:log took  avg 9.01 s max 9.08 s balance 0.99  --- 
2023-02-13 19:35:15 Finished 216005 time steps in 270.7629 s (0.0013 s per step)
2023-02-13 19:35:15  --- Elapsed time for main.cpp:run_sim:  (exiting barrier) 2023-02-13 19:35:15 ...
2023-02-13 19:35:15           ... (min/my/avg/max, bal) (270.76/270.76/270.76/270.76 s, 1.00) barrier(0.00 s) --- 
2023-02-13 19:35:15 Peak memory used across all nodes: 23.57GB
2023-02-13 19:35:15 Finished in 274.62 s at 02/13/23 19:35:15 for SimCov version 0.1.1.9cc77ef-dirty
