2023-02-15 15:40:42 SimCov version SimCov version 0.1.1.8024051-dirty-master built on 20230202_132828
2023-02-15 15:40:42 _________________________
2023-02-15 15:40:42 Compiler definitions:
2023-02-15 15:40:42   _XOPEN_SOURCE=700
2023-02-15 15:40:42   CONFIG_USE_COLORS
2023-02-15 15:40:42   USE_BYTELL
2023-02-15 15:40:42   MAX_VIRIONS=125000
2023-02-15 15:40:42   MIN_VIRIONS=1e-10
2023-02-15 15:40:42   BLOCK_PARTITION
2023-02-15 15:40:42   MIN_BLOCKS_PER_PROC=1
2023-02-15 15:40:42   AVERAGE_SUBSAMPLE
2023-02-15 15:40:42 _________________________
2023-02-15 15:40:42 Options:
2023-02-15 15:40:42   dim =                         15000 15000 1
2023-02-15 15:40:42   whole-lung-dim =              48000 40000 20000
2023-02-15 15:40:42   timesteps =                   144005
2023-02-15 15:40:42   infection-coords =            uniform:1
2023-02-15 15:40:42   initial-infection =           999
2023-02-15 15:40:42   incubation-period =           600
2023-02-15 15:40:42   apoptosis-period =            180
2023-02-15 15:40:42   expressing-period =           900
2023-02-15 15:40:42   infectivity =                 0.01
2023-02-15 15:40:42   infectivity-multiplier =      1.0
2023-02-15 15:40:42   virion-production =           1.1
2023-02-15 15:40:42   virion-production-multiplier = 1.0
2023-02-15 15:40:42   virion-clearance =            0.004
2023-02-15 15:40:42   virion-diffusion =            0.15
2023-02-15 15:40:42   chemokine-production =        1.0
2023-02-15 15:40:42   chemokine-decay =             0.01
2023-02-15 15:40:42   chemokine-diffusion =         1.0
2023-02-15 15:40:42   min-chemokine =               1e-06
2023-02-15 15:40:42   antibody-factor =             1
2023-02-15 15:40:42   antibody-period =             5760
2023-02-15 15:40:42   tcell-generation-rate =       105000
2023-02-15 15:40:42   tcell-initial-delay =         10080
2023-02-15 15:40:42   tcell-vascular-period =       5760
2023-02-15 15:40:42   tcell-tissue-period =         1440
2023-02-15 15:40:42   tcell-binding-period =        10
2023-02-15 15:40:42   max-binding-prob =            1
2023-02-15 15:40:42   tcells-follow-gradient =      false
2023-02-15 15:40:42   seed =                        2
2023-02-15 15:40:42   sample-period =               0
2023-02-15 15:40:42   sample-resolution =           1
2023-02-15 15:40:42   max-block-dim =               10
2023-02-15 15:40:42   output =                      exp_results/per_600_inf_0.01/init_1001/2
2023-02-15 15:40:42 _________________________
2023-02-15 15:40:42 Starting run with 64 processes on 2 nodes at 02/15/23 15:40:42
2023-02-15 15:40:42 Pinned processes, with process 0 (pid 2225274) pinned to core 0
2023-02-15 15:40:42 Using block partitioning
2023-02-15 15:40:42 Initial free memory across all nodes: 152.47GB
2023-02-15 15:40:42 Starting with 76.05GB free on node 0
2023-02-15 15:40:42 Dividing 225000000 grid points into 3515625 squares of size 64 (8^2), with 54932 per process
2023-02-15 15:40:42 Total initial memory required per process is at least 281.63MB with each grid point requiring on average 84 bytes
2023-02-15 15:40:46  --- Elapsed time for tissue.cpp:Tissue:  (exiting barrier) 2023-02-15 15:40:46 ...
2023-02-15 15:40:46           ... (min/my/avg/max, bal) (3.60/3.60/3.60/3.60 s, 1.00) barrier(0.00 s) --- 
2023-02-15 15:40:46 Memory used on node 0 after initialization is  10.90GB
2023-02-15 15:40:46           ... (min/my/avg/max, bal) No-Time barrier(0.00 s) --- 
2023-02-15 15:40:46 Fraction of circulating T cells extravasating is 5.85938e-06
2023-02-15 15:40:46 # datetime                    step    incb       expr       apop       dead       tvas       ttis       chem       virs       chempts    %infct     <%active  lbln>
2023-02-15 15:40:46 [0] <main.cpp:141> WARNING: Time step 0: SUCCESSFUL initial infection at (7500, 7500, 0) after 0 tries
2023-02-15 15:40:46 [02/15/23 15:40:46    0.00s]: 0       1          0          0          0          0          0          0.00e+00   0.00e+00   1.00e+00   0.00       < 0.000 0.016 >
2023-02-15 15:40:48 [02/15/23 15:40:48    1.50s]: 2880    3483       3844       0          2543       0          0          3.32e-05   8.98e+05   3.48e+04   0.00       < 0.015 0.863 >
2023-02-15 15:40:51 [02/15/23 15:40:51    3.79s]: 5760    7874       10033      0          21426      0          0          8.65e-05   2.61e+06   8.26e+04   0.02       < 0.037 0.916 >
2023-02-15 15:40:58 [02/15/23 15:40:58    7.08s]: 8640    11768      16468      0          60496      0          0          1.40e-04   4.31e+06   1.51e+05   0.04       < 0.067 0.948 >
2023-02-15 15:41:10 [02/15/23 15:41:10   11.71s]: 11520   15214      20162      1370       121116     133767713  498        1.93e-04   5.79e+06   2.38e+05   0.07       < 0.106 0.966 >
2023-02-15 15:41:29 [02/15/23 15:41:29   18.61s]: 14400   14140      10260      5091       211091     319071927  2591       2.09e-04   3.81e+06   3.37e+05   0.11       < 0.144 0.972 >
2023-02-15 15:41:55 [02/15/23 15:41:55   25.99s]: 17280   14063      5820       6219       306514     431457271  4224       1.92e-04   2.35e+06   4.45e+05   0.15       < 0.177 0.958 >
2023-02-15 15:42:27 [02/15/23 15:42:27   32.65s]: 20160   14122      3350       6581       409232     499617083  5848       1.74e-04   1.51e+06   5.61e+05   0.19       < 0.203 0.970 >
2023-02-15 15:43:06 [02/15/23 15:43:06   38.85s]: 23040   14311      2152       6661       518747     540954078  6982       1.58e-04   1.01e+06   6.84e+05   0.24       < 0.225 0.955 >
2023-02-15 15:43:51 [02/15/23 15:43:51   44.65s]: 25920   14117      1467       7518       635722     566023500  8125       1.51e-04   8.30e+05   8.15e+05   0.29       < 0.245 0.969 >
2023-02-15 15:44:40 [02/15/23 15:44:40   48.95s]: 28800   14808      1592       8026       759313     581226796  8938       1.51e-04   8.07e+05   9.54e+05   0.35       < 0.266 0.959 >
2023-02-15 15:45:34 [02/15/23 15:45:34   54.01s]: 31680   15796      1370       8597       892097     590446137  10034      1.57e-04   7.26e+05   1.10e+06   0.41       < 0.287 0.968 >
2023-02-15 15:46:34 [02/15/23 15:46:34   60.24s]: 34560   16190      1080       9280       1035179    596035978  11067      1.54e-04   6.69e+05   1.26e+06   0.47       < 0.310 0.984 >
2023-02-15 15:47:40 [02/15/23 15:47:40   65.44s]: 37440   18096      1607       9457       1183032    599425447  11496      1.70e-04   7.62e+05   1.42e+06   0.54       < 0.332 0.965 >
2023-02-15 15:48:50 [02/15/23 15:48:50   69.95s]: 40320   18557      1654       10459      1344273    601479381  12557      1.80e-04   8.30e+05   1.60e+06   0.61       < 0.353 0.972 >
2023-02-15 15:50:05 [02/15/23 15:50:05   75.78s]: 43200   19043      1621       10406      1511971    602724335  13095      1.84e-04   8.46e+05   1.79e+06   0.69       < 0.377 0.958 >
2023-02-15 15:51:32 [02/15/23 15:51:32   86.34s]: 46080   22305      1934       12241      1692475    603477684  14202      2.18e-04   1.03e+06   1.99e+06   0.77       < 0.401 0.968 >
2023-02-15 15:53:01 [02/15/23 15:53:01   89.48s]: 48960   22305      1724       12837      1889886    603932496  15631      2.16e-04   9.36e+05   2.19e+06   0.86       < 0.431 0.970 >
2023-02-15 15:54:39 [02/15/23 15:54:39   98.03s]: 51840   23758      1965       13167      2092745    604207431  15986      2.26e-04   1.06e+06   2.41e+06   0.95       < 0.459 0.975 >
2023-02-15 15:56:22 [02/15/23 15:56:22  102.52s]: 54720   24398      2021       13825      2304101    604373132  16616      2.36e-04   1.12e+06   2.64e+06   1.04       < 0.479 0.981 >
2023-02-15 15:58:09 [02/15/23 15:58:09  107.53s]: 57600   26083      2015       14611      2528411    604472658  17446      2.52e-04   1.08e+06   2.88e+06   1.14       < 0.496 0.977 >
2023-02-15 16:00:02 [02/15/23 16:00:02  112.74s]: 60480   27130      2138       14813      2764184    604531688  18297      2.57e-04   1.19e+06   3.13e+06   1.25       < 0.522 0.979 >
2023-02-15 16:02:00 [02/15/23 16:02:00  118.03s]: 63360   28165      2271       15286      3006262    604566119  19099      2.58e-04   1.12e+06   3.39e+06   1.36       < 0.545 0.978 >
2023-02-15 16:04:04 [02/15/23 16:04:04  123.76s]: 66240   28618      2253       16317      3261823    604585923  20035      2.74e-04   1.26e+06   3.66e+06   1.47       < 0.568 0.987 >
2023-02-15 16:06:16 [02/15/23 16:06:16  132.18s]: 69120   29897      2384       16729      3522784    604596647  20884      2.84e-04   1.26e+06   3.93e+06   1.59       < 0.592 0.979 >
2023-02-15 16:08:34 [02/15/23 16:08:34  138.54s]: 72000   30373      2259       16865      3793239    604602089  21337      2.82e-04   1.27e+06   4.22e+06   1.71       < 0.612 0.990 >
2023-02-15 16:11:00 [02/15/23 16:11:00  145.89s]: 74880   31303      2868       18115      4071064    604604073  22173      3.01e-04   1.44e+06   4.52e+06   1.83       < 0.637 0.978 >
2023-02-15 16:13:30 [02/15/23 16:13:30  150.12s]: 77760   34021      2552       18935      4360965    604603814  23012      3.21e-04   1.43e+06   4.83e+06   1.96       < 0.659 0.976 >
2023-02-15 16:16:08 [02/15/23 16:16:08  157.66s]: 80640   35659      3133       19770      4670505    604601726  24286      3.45e-04   1.63e+06   5.15e+06   2.10       < 0.691 0.988 >
2023-02-15 16:18:54 [02/15/23 16:18:54  166.27s]: 83520   37316      3165       20340      4991059    604599207  25170      3.57e-04   1.64e+06   5.49e+06   2.25       < 0.729 0.978 >
2023-02-15 16:21:49 [02/15/23 16:21:49  174.56s]: 86400   37113      3082       20582      5325421    604595645  26226      3.49e-04   1.63e+06   5.83e+06   2.39       < 0.751 0.983 >
2023-02-15 16:24:48 [02/15/23 16:24:48  179.29s]: 89280   36576      2579       20484      5658615    604593320  26410      3.41e-04   1.49e+06   6.18e+06   2.54       < 0.770 0.983 >
2023-02-15 16:27:51 [02/15/23 16:27:51  182.84s]: 92160   39722      3154       21965      5996182    604591147  27008      3.76e-04   1.74e+06   6.54e+06   2.69       < 0.781 0.982 >
2023-02-15 16:31:01 [02/15/23 16:31:01  190.15s]: 95040   39552      2984       22224      6349668    604587949  28112      3.74e-04   1.62e+06   6.91e+06   2.85       < 0.805 0.988 >
2023-02-15 16:34:19 [02/15/23 16:34:19  197.38s]: 97920   42784      3396       23230      6710597    604585354  28491      3.96e-04   1.84e+06   7.29e+06   3.01       < 0.829 0.984 >
2023-02-15 16:37:44 [02/15/23 16:37:44  205.40s]: 100800  42668      3719       23881      7093962    604581382  30425      4.16e-04   1.97e+06   7.69e+06   3.18       < 0.857 0.986 >
2023-02-15 16:41:20 [02/15/23 16:41:20  216.16s]: 103680  43437      3707       24826      7475921    604577639  30629      4.16e-04   1.94e+06   8.08e+06   3.35       < 0.890 0.987 >
2023-02-15 16:45:02 [02/15/23 16:45:02  221.59s]: 106560  45826      3846       25056      7871390    604574470  31488      4.43e-04   1.96e+06   8.50e+06   3.53       < 0.907 0.985 >
2023-02-15 16:48:50 [02/15/23 16:48:50  228.44s]: 109440  45799      3690       25931      8286087    604570134  33014      4.37e-04   2.06e+06   8.92e+06   3.72       < 0.937 0.983 >
2023-02-15 16:52:53 [02/15/23 16:52:53  242.47s]: 112320  49173      4311       27738      8713772    604566690  33421      4.88e-04   2.36e+06   9.36e+06   3.91       < 0.977 0.984 >
2023-02-15 16:57:03 [02/15/23 16:57:03  250.38s]: 115200  48703      3654       27480      9149759    604563997  33915      4.68e-04   2.09e+06   9.81e+06   4.10       < 0.987 0.988 >
2023-02-15 17:01:10 [02/15/23 17:01:10  247.48s]: 118080  49896      4112       27931      9591321    604561067  34732      4.85e-04   2.27e+06   1.03e+07   4.30       < 1.006 0.988 >
2023-02-15 17:05:30 [02/15/23 17:05:30  259.96s]: 120960  51416      4079       28640      10045272   604557913  35772      4.93e-04   2.22e+06   1.07e+07   4.50       < 1.025 0.986 >
2023-02-15 17:09:51 [02/15/23 17:09:51  260.57s]: 123840  53235      4438       29563      10512216   604554322  36798      5.08e-04   2.36e+06   1.12e+07   4.71       < 1.055 0.989 >
2023-02-15 17:14:16 [02/15/23 17:14:16  265.37s]: 126720  52551      4260       29295      10985959   604551090  37220      5.07e-04   2.24e+06   1.17e+07   4.92       < 1.071 0.987 >
2023-02-15 17:18:51 [02/15/23 17:18:51  274.52s]: 129600  55427      4601       30118      11463347   604549028  37492      5.33e-04   2.38e+06   1.22e+07   5.13       < 1.097 0.985 >
2023-02-15 17:23:28 [02/15/23 17:23:28  277.49s]: 132480  57397      5075       31748      11964287   604545391  39015      5.63e-04   2.73e+06   1.27e+07   5.36       < 1.118 0.988 >
2023-02-15 17:28:15 [02/15/23 17:28:15  286.49s]: 135360  58148      4866       31638      12469014   604541985  39714      5.55e-04   2.57e+06   1.32e+07   5.58       < 1.150 0.990 >
2023-02-15 17:33:11 [02/15/23 17:33:11  295.86s]: 138240  57661      4449       32337      12978737   604539624  40240      5.38e-04   2.43e+06   1.38e+07   5.81       < 1.164 0.986 >
2023-02-15 17:38:12 [02/15/23 17:38:12  301.22s]: 141120  60247      5058       33101      13504880   604536929  40865      5.85e-04   2.67e+06   1.43e+07   6.05       < 1.185 0.987 >
2023-02-15 17:43:20 [02/15/23 17:43:20  307.58s]: 144000  60385      4890       33879      14045081   604533107  42134      5.76e-04   2.75e+06   1.49e+07   6.29       < 1.216 0.993 >
2023-02-15 17:43:20 [02/15/23 17:43:20    0.44s]: 144004  60407      4891       33821      14045864   604533095  42148      5.77e-04   2.75e+06   1.49e+07   6.29       < 1.216 0.993 >
2023-02-15 17:43:20  ---  main.cpp:generate tcells took  avg 0.05 s max 0.07 s balance 0.73  --- 
2023-02-15 17:43:20  ---  main.cpp:update circulating tcells took  avg 54.65 s max 58.11 s balance 0.94  --- 
2023-02-15 17:43:20  ---  main.cpp:update tcells took  avg 504.66 s max 551.03 s balance 0.92  --- 
2023-02-15 17:43:20  ---  main.cpp:update epicells took  avg 167.84 s max 173.29 s balance 0.97  --- 
2023-02-15 17:43:20  ---  main.cpp:update concentrations took  avg 1853.95 s max 1903.46 s balance 0.97  --- 
2023-02-15 17:43:20  ---  main.cpp:compute updates took  avg 4285.90 s max 4285.98 s balance 1.00  --- 
2023-02-15 17:43:20  ---  main.cpp:dispatch updates took  avg 1917.55 s max 2064.65 s balance 0.93  --- 
2023-02-15 17:43:20  ---  main.cpp:add new actives took  avg 86.72 s max 89.85 s balance 0.97  --- 
2023-02-15 17:43:20  ---  main.cpp:erase inactive took  avg 744.98 s max 763.01 s balance 0.98  --- 
2023-02-15 17:43:20  ---  main.cpp:sample took  avg 0.00 s max 0.00 s balance -nan  --- 
2023-02-15 17:43:20  ---  main.cpp:sample write took  avg 0.00 s max 0.00 s balance -nan  --- 
2023-02-15 17:43:20  ---  main.cpp:log took  avg 13.78 s max 13.98 s balance 0.99  --- 
2023-02-15 17:43:20 Finished 144005 time steps in 7353.9335 s (0.0511 s per step)
2023-02-15 17:43:20  --- Elapsed time for main.cpp:run_sim:  (exiting barrier) 2023-02-15 17:43:20 ...
2023-02-15 17:43:20           ... (min/my/avg/max, bal) (7353.93/7353.93/7353.93/7353.93 s, 1.00) barrier(0.00 s) --- 
2023-02-15 17:43:20 Peak memory used across all nodes: 24.55GB
2023-02-15 17:43:20 Finished in 7358.06 s at 02/15/23 17:43:20 for SimCov version 0.1.1.8024051-dirty
