2023-02-16 19:03:06 SimCov version SimCov version 0.1.1.8024051-dirty-master built on 20230216_082905
2023-02-16 19:03:06 _________________________
2023-02-16 19:03:06 Compiler definitions:
2023-02-16 19:03:06   _XOPEN_SOURCE=700
2023-02-16 19:03:06   CONFIG_USE_COLORS
2023-02-16 19:03:06   USE_BYTELL
2023-02-16 19:03:06   MAX_VIRIONS=125000
2023-02-16 19:03:06   MIN_VIRIONS=1e-10
2023-02-16 19:03:06   BLOCK_PARTITION
2023-02-16 19:03:06   MIN_BLOCKS_PER_PROC=1
2023-02-16 19:03:06   AVERAGE_SUBSAMPLE
2023-02-16 19:03:06 _________________________
2023-02-16 19:03:06 Options:
2023-02-16 19:03:06   dim =                         15000 15000 1
2023-02-16 19:03:06   whole-lung-dim =              48000 40000 20000
2023-02-16 19:03:06   timesteps =                   144005
2023-02-16 19:03:06   infection-coords =            uniform:1
2023-02-16 19:03:06   initial-infection =           999
2023-02-16 19:03:06   incubation-period =           1200
2023-02-16 19:03:06   apoptosis-period =            180
2023-02-16 19:03:06   expressing-period =           900
2023-02-16 19:03:06   infectivity =                 0.1
2023-02-16 19:03:06   infectivity-multiplier =      1.0
2023-02-16 19:03:06   virion-production =           1.1
2023-02-16 19:03:06   virion-production-multiplier = 1.0
2023-02-16 19:03:06   virion-clearance =            0.004
2023-02-16 19:03:06   virion-diffusion =            0.15
2023-02-16 19:03:06   chemokine-production =        1.0
2023-02-16 19:03:06   chemokine-decay =             0.01
2023-02-16 19:03:06   chemokine-diffusion =         1.0
2023-02-16 19:03:06   min-chemokine =               1e-06
2023-02-16 19:03:06   antibody-factor =             1
2023-02-16 19:03:06   antibody-period =             5760
2023-02-16 19:03:06   tcell-generation-rate =       105000
2023-02-16 19:03:06   tcell-initial-delay =         10080
2023-02-16 19:03:06   tcell-vascular-period =       5760
2023-02-16 19:03:06   tcell-tissue-period =         1440
2023-02-16 19:03:06   tcell-binding-period =        10
2023-02-16 19:03:06   max-binding-prob =            1
2023-02-16 19:03:06   tcells-follow-gradient =      false
2023-02-16 19:03:06   seed =                        7
2023-02-16 19:03:06   sample-period =               0
2023-02-16 19:03:06   sample-resolution =           1
2023-02-16 19:03:06   max-block-dim =               10
2023-02-16 19:03:06   output =                      exp_results/per_1200_inf_0.1/init_1001/7
2023-02-16 19:03:06 _________________________
2023-02-16 19:03:06 Starting run with 64 processes on 2 nodes at 02/16/23 19:03:06
2023-02-16 19:03:06 Pinned processes, with process 0 (pid 3871503) pinned to core 0
2023-02-16 19:03:06 Using block partitioning
2023-02-16 19:03:06 Initial free memory across all nodes: 151.84GB
2023-02-16 19:03:06 Starting with 76.19GB free on node 0
2023-02-16 19:03:06 Dividing 225000000 grid points into 3515625 squares of size 64 (8^2), with 54932 per process
2023-02-16 19:03:06 Total initial memory required per process is at least 281.63MB with each grid point requiring on average 84 bytes
2023-02-16 19:03:09  --- Elapsed time for tissue.cpp:Tissue:  (exiting barrier) 2023-02-16 19:03:09 ...
2023-02-16 19:03:09           ... (min/my/avg/max, bal) (3.42/3.42/3.42/3.42 s, 1.00) barrier(0.00 s) --- 
2023-02-16 19:03:09 Memory used on node 0 after initialization is  10.90GB
2023-02-16 19:03:09           ... (min/my/avg/max, bal) No-Time barrier(0.00 s) --- 
2023-02-16 19:03:09 Fraction of circulating T cells extravasating is 5.85938e-06
2023-02-16 19:03:09 # datetime                    step    incb       expr       apop       dead       tvas       ttis       chem       virs       chempts    %infct     <%active  lbln>
2023-02-16 19:03:09 [0] <main.cpp:141> WARNING: Time step 0: SUCCESSFUL initial infection at (7500, 7500, 0) after 0 tries
2023-02-16 19:03:09 [02/16/23 19:03:09    0.00s]: 0       1          0          0          0          0          0          0.00e+00   0.00e+00   1.00e+00   0.00       < 0.000 0.016 >
2023-02-16 19:03:11 [02/16/23 19:03:11    1.27s]: 2880    5230       1598       0          1108       0          0          1.65e-05   2.66e+05   2.71e+04   0.00       < 0.012 0.826 >
2023-02-16 19:03:14 [02/16/23 19:03:14    3.05s]: 5760    9423       6923       0          11641      0          0          6.35e-05   1.81e+06   6.11e+04   0.01       < 0.027 0.894 >
2023-02-16 19:03:19 [02/16/23 19:03:19    5.26s]: 8640    16105      9422       0          36178      0          0          9.71e-05   2.50e+06   1.08e+05   0.03       < 0.048 0.929 >
2023-02-16 19:03:28 [02/16/23 19:03:28    8.52s]: 11520   19241      12915      988        73927      133767928  350        1.38e-04   3.59e+06   1.67e+05   0.05       < 0.074 0.937 >
2023-02-16 19:03:40 [02/16/23 19:03:40   12.90s]: 14400   15734      4384       3677       137473     319073345  1918       1.31e-04   1.72e+06   2.33e+05   0.07       < 0.102 0.964 >
2023-02-16 19:03:58 [02/16/23 19:03:58   17.79s]: 17280   12052      855        3936       202019     431459442  3236       7.17e-05   4.54e+05   3.00e+05   0.10       < 0.125 0.967 >
2023-02-16 19:04:19 [02/16/23 19:04:19   21.28s]: 20160   8401       114        3606       262725     499620889  3978       2.51e-05   6.91e+04   3.61e+05   0.12       < 0.138 0.955 >
2023-02-16 19:04:43 [02/16/23 19:04:43   23.19s]: 23040   4644       14         2411       311392     540960736  4025       6.73e-06   1.36e+04   4.00e+05   0.14       < 0.140 0.943 >
2023-02-16 19:05:04 [02/16/23 19:05:04   21.09s]: 25920   3138       63         962        335422     566035890  1944       5.69e-06   1.31e+04   3.99e+05   0.15       < 0.131 0.940 >
2023-02-16 19:05:23 [02/16/23 19:05:23   19.33s]: 28800   4843       31         2068       364629     581243813  2637       7.93e-06   2.24e+04   4.41e+05   0.17       < 0.122 0.953 >
2023-02-16 19:05:44 [02/16/23 19:05:44   21.26s]: 31680   5963       39         2724       402942     590466082  3744       9.45e-06   6.97e+04   4.93e+05   0.18       < 0.141 0.932 >
2023-02-16 19:06:08 [02/16/23 19:06:08   23.87s]: 34560   3415       21         1700       436797     596060147  2926       5.24e-06   1.22e+04   5.03e+05   0.20       < 0.152 0.944 >
2023-02-16 19:06:31 [02/16/23 19:06:31   23.14s]: 37440   4013       31         1975       466725     599452954  3132       7.25e-06   2.76e+04   5.45e+05   0.21       < 0.143 0.950 >
2023-02-16 19:06:53 [02/16/23 19:06:53   21.83s]: 40320   5815       41         1901       492711     601511497  2513       8.09e-06   2.05e+04   5.87e+05   0.22       < 0.145 0.955 >
2023-02-16 19:07:19 [02/16/23 19:07:19   25.60s]: 43200   4979       35         2805       536877     602757357  4674       7.40e-06   3.42e+04   6.22e+05   0.24       < 0.166 0.949 >
2023-02-16 19:07:45 [02/16/23 19:07:45   26.45s]: 46080   3701       182        1762       565448     603515260  2836       9.64e-06   3.27e+04   6.42e+05   0.25       < 0.170 0.957 >
2023-02-16 19:08:12 [02/16/23 19:08:12   27.05s]: 48960   5312       33         2597       605455     603973341  3907       7.31e-06   4.09e+04   6.95e+05   0.27       < 0.171 0.934 >
2023-02-16 19:08:41 [02/16/23 19:08:41   28.28s]: 51840   5580       24         2460       645082     604251473  3718       8.33e-06   2.03e+04   7.40e+05   0.29       < 0.178 0.943 >
2023-02-16 19:09:10 [02/16/23 19:09:10   29.34s]: 54720   4196       110        2166       685177     604419206  4262       1.23e-05   4.00e+04   7.80e+05   0.31       < 0.189 0.944 >
2023-02-16 19:09:41 [02/16/23 19:09:41   31.28s]: 57600   6434       28         2607       720830     604521985  4029       7.89e-06   2.42e+04   8.25e+05   0.32       < 0.196 0.942 >
2023-02-16 19:10:12 [02/16/23 19:10:12   30.52s]: 60480   4406       63         1744       761175     604584298  3254       8.87e-06   2.93e+04   8.53e+05   0.34       < 0.188 0.957 >
2023-02-16 19:10:43 [02/16/23 19:10:43   31.21s]: 63360   9526       36         3985       804856     604620524  5045       1.20e-05   5.50e+04   9.43e+05   0.36       < 0.198 0.952 >
2023-02-16 19:11:20 [02/16/23 19:11:20   36.76s]: 66240   4916       32         2492       858156     604641597  5190       5.74e-06   2.33e+04   9.57e+05   0.38       < 0.224 0.972 >
2023-02-16 19:12:00 [02/16/23 19:12:00   39.87s]: 69120   9255       60         3545       894685     604655855  4850       1.41e-05   4.04e+04   1.04e+06   0.40       < 0.238 0.920 >
2023-02-16 19:12:48 [02/16/23 19:12:48   48.74s]: 72000   6976       13         3169       964258     604660396  6614       4.49e-06   2.16e+04   1.09e+06   0.43       < 0.277 0.951 >
2023-02-16 19:13:41 [02/16/23 19:13:41   52.53s]: 74880   10497      52         3916       1013520    604665394  5827       7.97e-06   2.53e+04   1.18e+06   0.46       < 0.286 0.963 >
2023-02-16 19:14:34 [02/16/23 19:14:34   52.80s]: 77760   6327       45         3283       1079844    604666682  6143       6.43e-06   2.21e+04   1.20e+06   0.48       < 0.285 0.963 >
2023-02-16 19:15:27 [02/16/23 19:15:27   52.92s]: 80640   9391       146        4125       1133206    604668357  6349       1.66e-05   7.69e+04   1.29e+06   0.51       < 0.296 0.966 >
2023-02-16 19:16:18 [02/16/23 19:16:18   51.46s]: 83520   5809       76         2372       1183412    604671160  4397       1.44e-05   4.60e+04   1.29e+06   0.53       < 0.267 0.947 >
2023-02-16 19:17:04 [02/16/23 19:17:04   46.12s]: 86400   10248      155        4147       1230428    604672374  5892       1.97e-05   8.11e+04   1.38e+06   0.55       < 0.247 0.919 >
2023-02-16 19:17:55 [02/16/23 19:17:55   50.82s]: 89280   8017       26         3358       1293542    604671516  6200       8.59e-06   1.94e+04   1.44e+06   0.58       < 0.281 0.957 >
2023-02-16 19:18:46 [02/16/23 19:18:46   51.46s]: 92160   9365       35         3067       1342227    604672946  4815       9.21e-06   1.54e+04   1.50e+06   0.60       < 0.282 0.955 >
2023-02-16 19:19:43 [02/16/23 19:19:43   56.10s]: 95040   9041       71         4138       1411347    604670434  7115       1.75e-05   6.59e+04   1.57e+06   0.63       < 0.307 0.946 >
2023-02-16 19:20:45 [02/16/23 19:20:45   62.36s]: 97920   8727       20         4237       1479532    604668702  7037       1.06e-05   4.75e+04   1.64e+06   0.66       < 0.341 0.959 >
2023-02-16 19:21:48 [02/16/23 19:21:48   63.06s]: 100800  9829       23         3880       1540438    604668919  6199       9.35e-06   3.11e+04   1.70e+06   0.69       < 0.338 0.957 >
2023-02-16 19:22:51 [02/16/23 19:22:51   62.70s]: 103680  8257       85         3687       1607621    604668695  6532       1.51e-05   5.55e+04   1.76e+06   0.72       < 0.330 0.973 >
2023-02-16 19:23:50 [02/16/23 19:23:50   59.54s]: 106560  9686       105        4121       1666306    604668960  6777       1.51e-05   5.88e+04   1.84e+06   0.75       < 0.317 0.971 >
2023-02-16 19:24:49 [02/16/23 19:24:49   58.57s]: 109440  6678       67         3261       1728245    604669735  5667       8.95e-06   2.27e+04   1.84e+06   0.77       < 0.303 0.947 >
2023-02-16 19:25:44 [02/16/23 19:25:44   55.11s]: 112320  10795      97         4532       1785627    604669881  6764       2.02e-05   8.15e+04   1.97e+06   0.80       < 0.296 0.962 >
2023-02-16 19:26:44 [02/16/23 19:26:44   60.63s]: 115200  7677       18         3348       1858752    604668491  7028       6.72e-06   1.57e+04   1.99e+06   0.83       < 0.331 0.955 >
2023-02-16 19:27:44 [02/16/23 19:27:44   59.86s]: 118080  9164       33         3614       1909721    604669732  5824       9.00e-06   2.36e+04   2.05e+06   0.85       < 0.317 0.965 >
2023-02-16 19:28:45 [02/16/23 19:28:45   60.54s]: 120960  9336       75         3922       1975092    604669074  7036       1.76e-05   8.15e+04   2.13e+06   0.88       < 0.333 0.950 >
2023-02-16 19:29:53 [02/16/23 19:29:53   67.99s]: 123840  13163      150        5468       2047348    604666661  8210       2.11e-05   1.05e+05   2.26e+06   0.92       < 0.379 0.962 >
2023-02-16 19:31:07 [02/16/23 19:31:07   74.29s]: 126720  9392       135        4043       2130021    604665714  7129       1.54e-05   5.52e+04   2.30e+06   0.95       < 0.393 0.971 >
2023-02-16 19:32:21 [02/16/23 19:32:21   73.93s]: 129600  11594      216        5186       2202480    604664956  8230       2.45e-05   1.21e+05   2.39e+06   0.99       < 0.402 0.966 >
2023-02-16 19:33:38 [02/16/23 19:33:38   76.90s]: 132480  11503      176        5298       2286310    604663069  8856       1.41e-05   4.52e+04   2.49e+06   1.02       < 0.392 0.965 >
2023-02-16 19:34:54 [02/16/23 19:34:54   75.71s]: 135360  11095      83         4848       2364553    604663031  8244       1.65e-05   4.55e+04   2.55e+06   1.06       < 0.397 0.968 >
2023-02-16 19:36:10 [02/16/23 19:36:10   75.86s]: 138240  11026      179        4816       2440338    604662873  8118       2.19e-05   8.55e+04   2.61e+06   1.09       < 0.398 0.965 >
2023-02-16 19:37:27 [02/16/23 19:37:27   77.30s]: 141120  12970      167        5751       2526490    604661820  9118       2.15e-05   7.47e+04   2.73e+06   1.13       < 0.410 0.960 >
2023-02-16 19:38:48 [02/16/23 19:38:48   81.14s]: 144000  10530      61         4804       2610387    604660667  8754       1.57e-05   6.62e+04   2.80e+06   1.17       < 0.426 0.964 >
2023-02-16 19:38:48 [02/16/23 19:38:48    0.12s]: 144004  10516      60         4819       2610481    604660657  8760       1.57e-05   6.58e+04   2.80e+06   1.17       < 0.426 0.964 >
2023-02-16 19:38:48  ---  main.cpp:generate tcells took  avg 0.04 s max 0.05 s balance 0.74  --- 
2023-02-16 19:38:48  ---  main.cpp:update circulating tcells took  avg 53.35 s max 56.48 s balance 0.94  --- 
2023-02-16 19:38:48  ---  main.cpp:update tcells took  avg 108.42 s max 119.43 s balance 0.91  --- 
2023-02-16 19:38:48  ---  main.cpp:update epicells took  avg 70.93 s max 73.00 s balance 0.97  --- 
2023-02-16 19:38:48  ---  main.cpp:update concentrations took  avg 454.19 s max 467.64 s balance 0.97  --- 
2023-02-16 19:38:48  ---  main.cpp:compute updates took  avg 1243.24 s max 1243.28 s balance 1.00  --- 
2023-02-16 19:38:48  ---  main.cpp:dispatch updates took  avg 515.25 s max 553.42 s balance 0.93  --- 
2023-02-16 19:38:48  ---  main.cpp:add new actives took  avg 27.56 s max 29.97 s balance 0.92  --- 
2023-02-16 19:38:48  ---  main.cpp:erase inactive took  avg 243.15 s max 248.37 s balance 0.98  --- 
2023-02-16 19:38:48  ---  main.cpp:sample took  avg 0.00 s max 0.00 s balance -nan  --- 
2023-02-16 19:38:48  ---  main.cpp:sample write took  avg 0.00 s max 0.00 s balance -nan  --- 
2023-02-16 19:38:48  ---  main.cpp:log took  avg 10.59 s max 10.68 s balance 0.99  --- 
2023-02-16 19:38:48 Finished 144005 time steps in 2138.7193 s (0.0149 s per step)
2023-02-16 19:38:48  --- Elapsed time for main.cpp:run_sim:  (exiting barrier) 2023-02-16 19:38:48 ...
2023-02-16 19:38:48           ... (min/my/avg/max, bal) (2138.72/2138.72/2138.72/2138.72 s, 1.00) barrier(0.00 s) --- 
2023-02-16 19:38:49 Peak memory used across all nodes: 22.47GB
2023-02-16 19:38:49 Finished in 2142.67 s at 02/16/23 19:38:49 for SimCov version 0.1.1.8024051-dirty
