2023-02-16 08:39:44 SimCov version SimCov version 0.1.1.8024051-dirty-master built on 20230216_082905
2023-02-16 08:39:44 _________________________
2023-02-16 08:39:44 Compiler definitions:
2023-02-16 08:39:44   _XOPEN_SOURCE=700
2023-02-16 08:39:44   CONFIG_USE_COLORS
2023-02-16 08:39:44   USE_BYTELL
2023-02-16 08:39:44   MAX_VIRIONS=125000
2023-02-16 08:39:44   MIN_VIRIONS=1e-10
2023-02-16 08:39:44   BLOCK_PARTITION
2023-02-16 08:39:44   MIN_BLOCKS_PER_PROC=1
2023-02-16 08:39:44   AVERAGE_SUBSAMPLE
2023-02-16 08:39:44 _________________________
2023-02-16 08:39:44 Options:
2023-02-16 08:39:44   dim =                         15000 15000 1
2023-02-16 08:39:44   whole-lung-dim =              48000 40000 20000
2023-02-16 08:39:44   timesteps =                   144005
2023-02-16 08:39:44   infection-coords =            uniform:1
2023-02-16 08:39:44   initial-infection =           999
2023-02-16 08:39:44   incubation-period =           5000
2023-02-16 08:39:44   apoptosis-period =            180
2023-02-16 08:39:44   expressing-period =           900
2023-02-16 08:39:44   infectivity =                 0.025
2023-02-16 08:39:44   infectivity-multiplier =      1.0
2023-02-16 08:39:44   virion-production =           1.1
2023-02-16 08:39:44   virion-production-multiplier = 1.0
2023-02-16 08:39:44   virion-clearance =            0.004
2023-02-16 08:39:44   virion-diffusion =            0.15
2023-02-16 08:39:44   chemokine-production =        1.0
2023-02-16 08:39:44   chemokine-decay =             0.01
2023-02-16 08:39:44   chemokine-diffusion =         1.0
2023-02-16 08:39:44   min-chemokine =               1e-06
2023-02-16 08:39:44   antibody-factor =             1
2023-02-16 08:39:44   antibody-period =             5760
2023-02-16 08:39:44   tcell-generation-rate =       105000
2023-02-16 08:39:44   tcell-initial-delay =         10080
2023-02-16 08:39:44   tcell-vascular-period =       5760
2023-02-16 08:39:44   tcell-tissue-period =         1440
2023-02-16 08:39:44   tcell-binding-period =        10
2023-02-16 08:39:44   max-binding-prob =            1
2023-02-16 08:39:44   tcells-follow-gradient =      false
2023-02-16 08:39:44   seed =                        9
2023-02-16 08:39:44   sample-period =               0
2023-02-16 08:39:44   sample-resolution =           1
2023-02-16 08:39:44   max-block-dim =               10
2023-02-16 08:39:44   output =                      exp_results/per_5000_inf_0.025/init_999/9
2023-02-16 08:39:44 _________________________
2023-02-16 08:39:44 Starting run with 64 processes on 2 nodes at 02/16/23 08:39:44
2023-02-16 08:39:44 Pinned processes, with process 0 (pid 4055873) pinned to core 0
2023-02-16 08:39:44 Using block partitioning
2023-02-16 08:39:44 Initial free memory across all nodes: 151.07GB
2023-02-16 08:39:44 Starting with 74.74GB free on node 0
2023-02-16 08:39:44 Dividing 225000000 grid points into 3515625 squares of size 64 (8^2), with 54932 per process
2023-02-16 08:39:44 Total initial memory required per process is at least 281.63MB with each grid point requiring on average 84 bytes
2023-02-16 08:39:48  --- Elapsed time for tissue.cpp:Tissue:  (exiting barrier) 2023-02-16 08:39:48 ...
2023-02-16 08:39:48           ... (min/my/avg/max, bal) (3.46/3.46/3.46/3.46 s, 1.00) barrier(0.00 s) --- 
2023-02-16 08:39:48 Memory used on node 0 after initialization is  10.90GB
2023-02-16 08:39:48           ... (min/my/avg/max, bal) No-Time barrier(0.00 s) --- 
2023-02-16 08:39:48 Fraction of circulating T cells extravasating is 5.85938e-06
2023-02-16 08:39:48 # datetime                    step    incb       expr       apop       dead       tvas       ttis       chem       virs       chempts    %infct     <%active  lbln>
2023-02-16 08:39:48 [0] <main.cpp:141> WARNING: Time step 0: SUCCESSFUL initial infection at (7500, 7500, 0) after 0 tries
2023-02-16 08:39:48 [02/16/23 08:39:48    0.00s]: 0       1          0          0          0          0          0          0.00e+00   0.00e+00   1.00e+00   0.00       < 0.000 0.016 >
2023-02-16 08:39:48 [02/16/23 08:39:48    0.87s]: 2880    823        0          0          0          0          0          0.00e+00   9.69e-03   8.23e+02   0.00       < 0.007 0.776 >
2023-02-16 08:39:49 [02/16/23 08:39:49    0.97s]: 5760    2612       726        0          1          0          0          9.29e-06   1.59e+05   1.97e+04   0.00       < 0.009 0.801 >
2023-02-16 08:39:52 [02/16/23 08:39:52    2.04s]: 8640    6626       0          0          823        0          0          0.00e+00   5.84e+01   7.45e+03   0.00       < 0.014 0.875 >
2023-02-16 08:39:54 [02/16/23 08:39:54    2.17s]: 11520   5309       2631       188        3080       133768082  63         3.10e-05   8.03e+05   3.63e+04   0.00       < 0.016 0.889 >
2023-02-16 08:39:58 [02/16/23 08:39:58    3.84s]: 14400   2710       1          844        15720      319075483  490        3.61e-07   2.98e+03   3.74e+04   0.01       < 0.024 0.910 >
2023-02-16 08:40:02 [02/16/23 08:40:02    4.03s]: 17280   30         1          0          19449      431465402  64         1.49e-08   5.75e+00   1.95e+04   0.01       < 0.023 0.916 >
2023-02-16 08:40:05 [02/16/23 08:40:05    3.42s]: 20160   940        1          71         19871      499630082  213        5.06e-07   6.68e+02   3.39e+04   0.01       < 0.019 0.848 >
2023-02-16 08:40:09 [02/16/23 08:40:09    3.73s]: 23040   327        0          27         21585      540972488  66         2.28e-07   2.58e+02   2.76e+04   0.01       < 0.020 0.856 >
2023-02-16 08:40:12 [02/16/23 08:40:12    3.56s]: 25920   699        0          145        22517      566046754  288        1.45e-07   2.74e+02   3.51e+04   0.01       < 0.020 0.815 >
2023-02-16 08:40:16 [02/16/23 08:40:16    3.76s]: 28800   27         0          0          23621      581254565  0          0.00e+00   2.65e-03   2.36e+04   0.01       < 0.018 0.859 >
2023-02-16 08:40:20 [02/16/23 08:40:20    3.60s]: 31680   348        2          76         24998      590478140  254        3.81e-07   3.57e+02   3.29e+04   0.01       < 0.021 0.896 >
2023-02-16 08:40:24 [02/16/23 08:40:24    4.32s]: 34560   69         0          35         26272      596072027  92         0.00e+00   4.60e-01   2.64e+04   0.01       < 0.021 0.850 >
2023-02-16 08:40:28 [02/16/23 08:40:28    3.76s]: 37440   668        0          126        26974      599464718  371        1.80e-07   6.04e+02   4.64e+04   0.01       < 0.019 0.843 >
2023-02-16 08:40:32 [02/16/23 08:40:32    4.27s]: 40320   124        0          17         28402      601522556  65         0.00e+00   4.16e-01   2.85e+04   0.01       < 0.024 0.802 >
2023-02-16 08:40:36 [02/16/23 08:40:36    3.63s]: 43200   1325       1          310        29017      602770331  482        2.30e-07   3.76e+02   4.87e+04   0.01       < 0.020 0.790 >
2023-02-16 08:40:40 [02/16/23 08:40:40    4.88s]: 46080   111        0          71         32475      603527099  186        0.00e+00   1.11e+01   3.27e+04   0.01       < 0.029 0.885 >
2023-02-16 08:40:44 [02/16/23 08:40:44    3.84s]: 48960   603        1          134        32832      603986481  346        4.25e-07   1.35e+03   5.34e+04   0.01       < 0.019 0.790 >
2023-02-16 08:40:48 [02/16/23 08:40:48    3.99s]: 51840   361        1          17         34013      604264982  72         2.30e-07   2.56e+02   4.49e+04   0.02       < 0.024 0.883 >
2023-02-16 08:40:52 [02/16/23 08:40:52    3.52s]: 54720   22         0          0          34897      604434044  0          0.00e+00   1.91e-02   3.49e+04   0.02       < 0.009 0.708 >
2023-02-16 08:40:56 [02/16/23 08:40:56    3.73s]: 57600   304        3          104        37125      604536023  378        5.58e-07   4.85e+02   4.17e+04   0.02       < 0.023 0.880 >
2023-02-16 08:41:00 [02/16/23 08:41:00    4.49s]: 60480   42         0          1          38662      604598184  8          0.00e+00   1.25e-01   3.87e+04   0.02       < 0.020 0.865 >
2023-02-16 08:41:04 [02/16/23 08:41:04    4.00s]: 63360   526        0          133        40074      604635805  327        6.28e-08   1.62e+02   4.73e+04   0.02       < 0.019 0.825 >
2023-02-16 08:41:08 [02/16/23 08:41:08    4.23s]: 66240   136        0          90         41720      604658801  206        0.00e+00   5.70e+00   4.19e+04   0.02       < 0.021 0.864 >
2023-02-16 08:41:12 [02/16/23 08:41:12    3.80s]: 69120   729        2          167        42642      604672599  357        4.02e-07   3.72e+02   5.50e+04   0.02       < 0.022 0.815 >
2023-02-16 08:41:16 [02/16/23 08:41:16    4.35s]: 72000   516        0          66         44413      604681014  164        2.28e-07   2.76e+02   5.58e+04   0.02       < 0.027 0.879 >
2023-02-16 08:41:21 [02/16/23 08:41:21    4.11s]: 74880   320        2          114        45515      604686107  214        3.78e-07   2.96e+02   5.22e+04   0.02       < 0.021 0.867 >
2023-02-16 08:41:25 [02/16/23 08:41:25    4.21s]: 77760   37         0          3          47306      604689315  44         0.00e+00   2.02e-01   4.73e+04   0.02       < 0.020 0.848 >
2023-02-16 08:41:29 [02/16/23 08:41:29    3.92s]: 80640   499        5          59         47963      604691148  333        9.36e-07   1.94e+03   6.13e+04   0.02       < 0.021 0.837 >
2023-02-16 08:41:33 [02/16/23 08:41:33    4.60s]: 83520   193        0          56         49602      604692378  106        0.00e+00   5.11e+00   4.99e+04   0.02       < 0.025 0.814 >
2023-02-16 08:41:37 [02/16/23 08:41:37    3.72s]: 86400   830        1          177        50125      604692984  409        3.70e-07   4.94e+02   7.17e+04   0.02       < 0.022 0.834 >
2023-02-16 08:41:42 [02/16/23 08:41:42    4.90s]: 89280   280        0          59         52004      604693330  145        4.36e-08   1.69e+02   5.50e+04   0.02       < 0.032 0.870 >
2023-02-16 08:41:46 [02/16/23 08:41:46    3.99s]: 92160   352        3          51         52441      604693785  198        5.91e-07   5.67e+02   6.63e+04   0.02       < 0.017 0.761 >
2023-02-16 08:41:51 [02/16/23 08:41:51    5.24s]: 95040   42         0          20         55672      604693694  147        0.00e+00   1.20e+00   5.57e+04   0.02       < 0.033 0.881 >
2023-02-16 08:41:55 [02/16/23 08:41:55    3.99s]: 97920   31         0          0          55704      604694215  0          0.00e+00   9.32e-06   5.57e+04   0.02       < 0.005 0.579 >
2023-02-16 08:41:59 [02/16/23 08:41:59    4.39s]: 100800  425        0          320        58835      604693662  672        7.73e-11   3.06e+01   6.14e+04   0.03       < 0.034 0.889 >
2023-02-16 08:42:05 [02/16/23 08:42:05    5.10s]: 103680  25         0          0          59611      604694224  0          0.00e+00   2.93e-04   5.96e+04   0.03       < 0.023 0.828 >
2023-02-16 08:42:08 [02/16/23 08:42:08    3.42s]: 106560  741        0          235        60354      604693984  502        1.38e-07   2.42e+02   6.90e+04   0.03       < 0.020 0.797 >
2023-02-16 08:42:12 [02/16/23 08:42:12    4.22s]: 109440  11         0          0          61535      604694315  0          0.00e+00   2.34e-03   6.15e+04   0.03       < 0.019 0.768 >
2023-02-16 08:42:15 [02/16/23 08:42:15    2.41s]: 112320  357        1          42         61579      604694502  102        1.90e-07   2.16e+02   6.98e+04   0.03       < 0.006 0.619 >
2023-02-16 08:42:19 [02/16/23 08:42:19    3.92s]: 115200  8          0          7          63674      604694318  121        0.00e+00   6.19e-01   6.37e+04   0.03       < 0.022 0.839 >
2023-02-16 08:42:22 [02/16/23 08:42:22    3.05s]: 118080  7          0          0          63683      604694579  0          0.00e+00   4.91e-06   6.37e+04   0.03       < 0.004 0.513 >
2023-02-16 08:42:25 [02/16/23 08:42:25    3.21s]: 120960  551        1          109        64916      604694287  339        2.91e-07   4.00e+02   7.64e+04   0.03       < 0.022 0.844 >
2023-02-16 08:42:29 [02/16/23 08:42:29    4.09s]: 123840  4          0          0          65850      604694461  0          0.00e+00   6.64e-03   6.59e+04   0.03       < 0.016 0.861 >
2023-02-16 08:42:32 [02/16/23 08:42:32    2.62s]: 126720  411        1          117        65986      604694422  279        2.28e-07   2.93e+02   7.43e+04   0.03       < 0.011 0.788 >
2023-02-16 08:42:35 [02/16/23 08:42:35    3.25s]: 129600  3          0          0          66590      604694565  0          0.00e+00   3.64e-03   6.66e+04   0.03       < 0.014 0.790 >
2023-02-16 08:42:37 [02/16/23 08:42:37    2.27s]: 132480  243        0          34         66641      604694655  97         6.39e-09   5.47e+01   7.33e+04   0.03       < 0.004 0.578 >
2023-02-16 08:42:39 [02/16/23 08:42:39    2.20s]: 135360  4          0          0          67003      604694770  0          0.00e+00   5.29e-04   6.70e+04   0.03       < 0.006 0.830 >
2023-02-16 08:42:41 [02/16/23 08:42:41    1.79s]: 138240  130        0          9          67005      604694817  34         2.21e-07   2.02e+02   7.21e+04   0.03       < 0.003 0.615 >
2023-02-16 08:42:43 [02/16/23 08:42:43    2.25s]: 141120  5          0          0          67394      604694831  0          0.00e+00   3.54e-03   6.74e+04   0.03       < 0.006 0.810 >
2023-02-16 08:42:45 [02/16/23 08:42:45    1.85s]: 144000  5          0          0          67394      604694900  0          0.00e+00   0.00e+00   6.74e+04   0.03       < 0.000 0.078 >
2023-02-16 08:42:45 [02/16/23 08:42:45    0.00s]: 144004  5          0          0          67394      604694900  0          0.00e+00   0.00e+00   6.74e+04   0.03       < 0.000 0.078 >
2023-02-16 08:42:45  ---  main.cpp:generate tcells took  avg 0.01 s max 0.01 s balance 0.86  --- 
2023-02-16 08:42:45  ---  main.cpp:update circulating tcells took  avg 46.92 s max 50.44 s balance 0.93  --- 
2023-02-16 08:42:45  ---  main.cpp:update tcells took  avg 3.40 s max 3.79 s balance 0.90  --- 
2023-02-16 08:42:45  ---  main.cpp:update epicells took  avg 5.42 s max 5.61 s balance 0.97  --- 
2023-02-16 08:42:45  ---  main.cpp:update concentrations took  avg 15.55 s max 16.18 s balance 0.96  --- 
2023-02-16 08:42:45  ---  main.cpp:compute updates took  avg 110.18 s max 110.20 s balance 1.00  --- 
2023-02-16 08:42:45  ---  main.cpp:dispatch updates took  avg 33.25 s max 36.23 s balance 0.92  --- 
2023-02-16 08:42:45  ---  main.cpp:add new actives took  avg 2.47 s max 2.63 s balance 0.94  --- 
2023-02-16 08:42:45  ---  main.cpp:erase inactive took  avg 10.16 s max 10.59 s balance 0.96  --- 
2023-02-16 08:42:45  ---  main.cpp:sample took  avg 0.00 s max 0.00 s balance -nan  --- 
2023-02-16 08:42:45  ---  main.cpp:sample write took  avg 0.00 s max 0.00 s balance -nan  --- 
2023-02-16 08:42:45  ---  main.cpp:log took  avg 6.05 s max 6.07 s balance 1.00  --- 
2023-02-16 08:42:45 Finished 144005 time steps in 177.5220 s (0.0012 s per step)
2023-02-16 08:42:45  --- Elapsed time for main.cpp:run_sim:  (exiting barrier) 2023-02-16 08:42:45 ...
2023-02-16 08:42:45           ... (min/my/avg/max, bal) (177.52/177.52/177.52/177.52 s, 1.00) barrier(0.00 s) --- 
2023-02-16 08:42:45 Peak memory used across all nodes: 21.89GB
2023-02-16 08:42:45 Finished in 181.15 s at 02/16/23 08:42:45 for SimCov version 0.1.1.8024051-dirty
