2023-02-13 19:20:10 SimCov version SimCov version 0.1.1.9cc77ef-dirty-branching_airways_3min_model built on 20230204_191356
2023-02-13 19:20:10 _________________________
2023-02-13 19:20:10 Compiler definitions:
2023-02-13 19:20:10   _XOPEN_SOURCE=700
2023-02-13 19:20:10   CONFIG_USE_COLORS
2023-02-13 19:20:10   USE_BYTELL
2023-02-13 19:20:10   MAX_VIRIONS=125000
2023-02-13 19:20:10   MIN_VIRIONS=1e-10
2023-02-13 19:20:10   BLOCK_PARTITION
2023-02-13 19:20:10   MIN_BLOCKS_PER_PROC=1
2023-02-13 19:20:10   AVERAGE_SUBSAMPLE
2023-02-13 19:20:10 _________________________
2023-02-13 19:20:10 Options:
2023-02-13 19:20:10   dim =                         15000 15000 1
2023-02-13 19:20:10   whole-lung-dim =              48000 40000 20000
2023-02-13 19:20:10   timesteps =                   216005
2023-02-13 19:20:10   infection-coords =            uniform:1
2023-02-13 19:20:10   initial-infection =           1000
2023-02-13 19:20:10   incubation-period =           5000
2023-02-13 19:20:10   apoptosis-period =            180
2023-02-13 19:20:10   expressing-period =           900
2023-02-13 19:20:10   infectivity =                 0.025
2023-02-13 19:20:10   infectivity-multiplier =      1.0
2023-02-13 19:20:10   virion-production =           1.1
2023-02-13 19:20:10   virion-production-multiplier = 1.0
2023-02-13 19:20:10   virion-clearance =            0.004
2023-02-13 19:20:10   virion-diffusion =            0.15
2023-02-13 19:20:10   chemokine-production =        1.0
2023-02-13 19:20:10   chemokine-decay =             0.01
2023-02-13 19:20:10   chemokine-diffusion =         1.0
2023-02-13 19:20:10   min-chemokine =               1e-06
2023-02-13 19:20:10   antibody-factor =             1
2023-02-13 19:20:10   antibody-period =             5760
2023-02-13 19:20:10   tcell-generation-rate =       105000
2023-02-13 19:20:10   tcell-initial-delay =         10080
2023-02-13 19:20:10   tcell-vascular-period =       5760
2023-02-13 19:20:10   tcell-tissue-period =         1440
2023-02-13 19:20:10   tcell-binding-period =        10
2023-02-13 19:20:10   max-binding-prob =            1
2023-02-13 19:20:10   tcells-follow-gradient =      false
2023-02-13 19:20:10   seed =                        3
2023-02-13 19:20:10   sample-period =               0
2023-02-13 19:20:10   sample-resolution =           1
2023-02-13 19:20:10   max-block-dim =               10
2023-02-13 19:20:10   output =                      exp_results/per_5000_inf_0.025/init_1000/3
2023-02-13 19:20:10 _________________________
2023-02-13 19:20:10 Starting run with 64 processes on 2 nodes at 02/13/23 19:20:10
2023-02-13 19:20:10 Pinned processes, with process 0 (pid 3526727) pinned to core 0
2023-02-13 19:20:10 Using block partitioning
2023-02-13 19:20:10 Initial free memory across all nodes: 152.14GB
2023-02-13 19:20:10 Starting with 76.31GB free on node 0
2023-02-13 19:20:10 Dividing 225000000 grid points into 3515625 squares of size 64 (8^2), with 54932 per process
2023-02-13 19:20:10 Total initial memory required per process is at least 308.46MB with each grid point requiring on average 92 bytes
2023-02-13 19:20:13  --- Elapsed time for tissue.cpp:Tissue:  (exiting barrier) 2023-02-13 19:20:13 ...
2023-02-13 19:20:14           ... (min/my/avg/max, bal) (3.51/3.51/3.51/3.51 s, 1.00) barrier(0.00 s) --- 
2023-02-13 19:20:14 Memory used on node 0 after initialization is  11.75GB
2023-02-13 19:20:14           ... (min/my/avg/max, bal) No-Time barrier(0.00 s) --- 
2023-02-13 19:20:14 Fraction of circulating T cells extravasating is 5.85938e-06
2023-02-13 19:20:14 # datetime                    step    incb       expr       apop       dead       tvas       ttis       inflcell   inflallvirs%infct     <%active  lbln>
2023-02-13 19:20:14 [0] <main.cpp:145> WARNING: Time step 0: SUCCESSFUL initial infection at (7500, 7500, 0) after 0 tries
2023-02-13 19:20:14 [02/13/23 19:20:14    0.00s]: 0       1          0          0          0          0          0          0          0          0.00e+00   0.0000004444< 0.000 0.016 >
2023-02-13 19:20:15 [02/13/23 19:20:15    1.34s]: 4320    814        0          0          0          0          0          0          0          2.93e-05   0.0003617778< 0.004 0.602 >
2023-02-13 19:20:17 [02/13/23 19:20:17    2.52s]: 8640    6833       0          0          814        0          0          25320      25320      6.49e+01   0.0033986667< 0.014 0.885 >
2023-02-13 19:20:21 [02/13/23 19:20:21    3.82s]: 12960   7159       355        581        9074       237944862  246        44068      44068      1.94e+05   0.0076306667< 0.020 0.845 >
2023-02-13 19:20:27 [02/13/23 19:20:27    5.89s]: 17280   45         0          0          19731      431465571  0          44891      44891      7.88e-02   0.0087893333< 0.024 0.899 >
2023-02-13 19:20:33 [02/13/23 19:20:33    5.51s]: 21600   119        0          55         21574      522872201  129        49806      49806      2.14e+00   0.0096657778< 0.023 0.853 >
2023-02-13 19:20:37 [02/13/23 19:20:37    4.61s]: 25920   1065       0          145        21988      566047017  330        57660      57660      1.52e+03   0.0103102222< 0.018 0.794 >
2023-02-13 19:20:43 [02/13/23 19:20:43    5.97s]: 30240   39         0          0          24041      586440062  0          58137      58137      5.35e-05   0.0107022222< 0.010 0.661 >
2023-02-13 19:20:49 [02/13/23 19:20:49    5.91s]: 34560   27         0          0          26457      596072082  0          63580      63580      2.81e-02   0.0117706667< 0.027 0.888 >
2023-02-13 19:20:55 [02/13/23 19:20:55    5.54s]: 38880   763        0          329        28274      600621328  652        71624      71624      1.08e+02   0.0130515556< 0.027 0.844 >
2023-02-13 19:21:01 [02/13/23 19:21:01    5.96s]: 43200   145        0          16         29484      602771113  40         71739      71739      1.47e+02   0.0131755556< 0.006 0.594 >
2023-02-13 19:21:07 [02/13/23 19:21:07    6.30s]: 47520   26         0          0          31492      603785930  0          75803      75803      3.14e-02   0.0140080000< 0.024 0.791 >
2023-02-13 19:21:13 [02/13/23 19:21:13    5.66s]: 51840   636        0          282        33168      604265015  505        83388      83388      5.70e+01   0.0151493333< 0.030 0.808 >
2023-02-13 19:21:18 [02/13/23 19:21:18    5.93s]: 56160   821        2          74         34217      604491812  157        86131      86131      8.02e+02   0.0156062222< 0.011 0.780 >
2023-02-13 19:21:26 [02/13/23 19:21:26    7.67s]: 60480   19         0          3          39623      604598396  34         95409      95409      2.64e-01   0.0176200000< 0.034 0.891 >
2023-02-13 19:21:32 [02/13/23 19:21:32    5.43s]: 64800   1210       2          179        40382      604648765  548        102632     102632     1.24e+03   0.0185657778< 0.026 0.855 >
2023-02-13 19:21:38 [02/13/23 19:21:38    6.94s]: 69120   42         1          0          42939      604672846  0          103203     103203     6.78e+01   0.0191031111< 0.015 0.808 >
2023-02-13 19:21:44 [02/13/23 19:21:44    5.75s]: 73440   69         0          32         45588      604684079  104        110623     110623     6.46e-01   0.0203062222< 0.027 0.894 >
2023-02-13 19:21:49 [02/13/23 19:21:49    4.93s]: 77760   932        0          254        46363      604689442  442        114968     114968     1.40e+02   0.0211328889< 0.018 0.828 >
2023-02-13 19:21:55 [02/13/23 19:21:55    5.64s]: 82080   24         0          0          48111      604692295  0          115730     115730     5.28e-04   0.0213933333< 0.008 0.780 >
2023-02-13 19:22:00 [02/13/23 19:22:00    5.54s]: 86400   19         0          1          50237      604693274  8          119585     119585     1.31e-01   0.0223364444< 0.024 0.892 >
2023-02-13 19:22:05 [02/13/23 19:22:05    4.85s]: 90720   879        2          184        51739      604693722  443        127466     127466     6.16e+02   0.0234684444< 0.022 0.836 >
2023-02-13 19:22:11 [02/13/23 19:22:11    6.22s]: 95040   23         2          0          54480      604694203  0          127550     127550     4.63e+01   0.0242244444< 0.011 0.823 >
2023-02-13 19:22:17 [02/13/23 19:22:17    5.74s]: 99360   24         0          10         56715      604694247  57         133886     133886     4.02e-01   0.0252217778< 0.023 0.817 >
2023-02-13 19:22:22 [02/13/23 19:22:22    5.20s]: 103680  307        1          33         57655      604694267  181        136626     136626     3.92e+02   0.0257760000< 0.018 0.811 >
2023-02-13 19:22:28 [02/13/23 19:22:28    5.42s]: 108000  667        0          97         58825      604694404  131        140434     140434     2.97e+02   0.0264840000< 0.015 0.806 >
2023-02-13 19:22:34 [02/13/23 19:22:34    5.92s]: 112320  14         0          0          60945      604694307  4          141094     141094     5.08e-02   0.0270928889< 0.022 0.855 >
2023-02-13 19:22:38 [02/13/23 19:22:38    4.55s]: 116640  804        2          130        61453      604694445  183        146249     146249     5.02e+02   0.0277284444< 0.016 0.806 >
2023-02-13 19:22:44 [02/13/23 19:22:44    5.58s]: 120960  352        0          182        64028      604694268  292        149315     149315     3.74e+01   0.0286942222< 0.018 0.840 >
2023-02-13 19:22:49 [02/13/23 19:22:49    4.99s]: 125280  131        0          88         65348      604694429  154        152031     152031     4.47e+00   0.0291408889< 0.012 0.776 >
2023-02-13 19:22:54 [02/13/23 19:22:54    5.51s]: 129600  393        1          223        67975      604694203  311        158435     158435     1.73e+02   0.0304853333< 0.024 0.834 >
2023-02-13 19:23:00 [02/13/23 19:23:00    5.80s]: 133920  336        0          80         69301      604694247  231        159798     159798     2.86e+01   0.0309853333< 0.015 0.797 >
2023-02-13 19:23:06 [02/13/23 19:23:06    5.69s]: 138240  158        0          96         71180      604694216  205        164688     164688     4.28e+00   0.0317484444< 0.020 0.854 >
2023-02-13 19:23:13 [02/13/23 19:23:13    6.68s]: 142560  422        1          160        73684      604694053  300        170283     170283     4.28e+02   0.0330075556< 0.025 0.858 >
2023-02-13 19:23:18 [02/13/23 19:23:18    5.62s]: 146880  561        0          62         74824      604694219  168        172185     172185     4.91e+02   0.0335320000< 0.018 0.758 >
2023-02-13 19:23:25 [02/13/23 19:23:25    6.60s]: 151200  90         0          52         78613      604694103  195        178946     178946     4.74e+00   0.0350022222< 0.027 0.856 >
2023-02-13 19:23:31 [02/13/23 19:23:31    6.43s]: 155520  593        2          42         79809      604694205  167        182635     182635     5.02e+02   0.0357537778< 0.028 0.864 >
2023-02-13 19:23:38 [02/13/23 19:23:38    6.71s]: 159840  579        0          217        82335      604694084  397        187713     187713     5.08e+01   0.0369471111< 0.023 0.793 >
2023-02-13 19:23:45 [02/13/23 19:23:45    7.40s]: 164160  32         0          6          85938      604694038  38         193417     193417     2.74e-01   0.0382115556< 0.026 0.850 >
2023-02-13 19:23:53 [02/13/23 19:23:53    7.41s]: 168480  54         0          57         88967      604693804  301        201713     201713     8.24e+00   0.0395902222< 0.031 0.888 >
2023-02-13 19:23:58 [02/13/23 19:23:58    5.47s]: 172800  645        0          284        89875      604694039  416        206043     206043     1.40e+02   0.0403573333< 0.011 0.828 >
2023-02-13 19:24:05 [02/13/23 19:24:05    7.32s]: 177120  28         0          0          93321      604694097  0          211501     211501     1.75e-02   0.0414884444< 0.025 0.805 >
2023-02-13 19:24:12 [02/13/23 19:24:12    6.69s]: 181440  611        0          244        96281      604693690  599        221663     221663     8.29e+01   0.0431715556< 0.038 0.821 >
2023-02-13 19:24:19 [02/13/23 19:24:19    7.15s]: 185760  352        0          137        97955      604694000  321        222644     222644     4.24e+02   0.0437528889< 0.014 0.810 >
2023-02-13 19:24:28 [02/13/23 19:24:28    8.61s]: 190080  39         0          27         102947     604693797  71         235955     235955     3.13e-01   0.0457835556< 0.038 0.929 >
2023-02-13 19:24:36 [02/13/23 19:24:36    8.00s]: 194400  1003       4          228        106132     604693575  503        243631     243631     1.01e+03   0.0477186667< 0.046 0.862 >
2023-02-13 19:24:45 [02/13/23 19:24:45    9.46s]: 198720  1161       1          274        109062     604693525  616        247103     247103     8.15e+02   0.0491102222< 0.036 0.815 >
2023-02-13 19:24:54 [02/13/23 19:24:54    8.92s]: 203040  81         0          44         112930     604693750  185        251798     251798     2.06e+00   0.0502466667< 0.029 0.905 >
2023-02-13 19:25:02 [02/13/23 19:25:02    7.94s]: 207360  464        4          53         116505     604693624  275        259145     259145     7.20e+02   0.0520115556< 0.042 0.881 >
2023-02-13 19:25:11 [02/13/23 19:25:11    8.60s]: 211680  1631       1          325        118654     604693620  541        264468     264468     8.04e+02   0.0536048889< 0.036 0.909 >
2023-02-13 19:25:21 [02/13/23 19:25:21   10.38s]: 216000  152        0          82         124347     604693653  179        271653     271653     1.92e+00   0.0553693333< 0.040 0.873 >
2023-02-13 19:25:21 [02/13/23 19:25:21    0.01s]: 216004  152        0          79         124350     604693653  177        271653     271653     1.89e+00   0.0553693333< 0.040 0.872 >
2023-02-13 19:25:21  ---  main.cpp:generate tcells took  avg 0.02 s max 0.02 s balance 0.89  --- 
2023-02-13 19:25:21  ---  main.cpp:update circulating tcells took  avg 72.99 s max 78.79 s balance 0.93  --- 
2023-02-13 19:25:21  ---  main.cpp:update tcells took  avg 6.51 s max 7.17 s balance 0.91  --- 
2023-02-13 19:25:21  ---  main.cpp:update epicells took  avg 10.49 s max 11.02 s balance 0.95  --- 
2023-02-13 19:25:21  ---  main.cpp:update concentrations took  avg 29.36 s max 30.91 s balance 0.95  --- 
2023-02-13 19:25:21  ---  main.cpp:compute updates took  avg 189.04 s max 189.06 s balance 1.00  --- 
2023-02-13 19:25:21  ---  main.cpp:dispatch updates took  avg 60.01 s max 65.02 s balance 0.92  --- 
2023-02-13 19:25:21  ---  main.cpp:add new actives took  avg 4.12 s max 4.52 s balance 0.91  --- 
2023-02-13 19:25:21  ---  main.cpp:erase inactive took  avg 19.37 s max 20.19 s balance 0.96  --- 
2023-02-13 19:25:21  ---  main.cpp:sample took  avg 0.00 s max 0.00 s balance -nan  --- 
2023-02-13 19:25:21  ---  main.cpp:sample write took  avg 0.00 s max 0.00 s balance -nan  --- 
2023-02-13 19:25:21  ---  main.cpp:log took  avg 8.98 s max 9.05 s balance 0.99  --- 
2023-02-13 19:25:21 Finished 216005 time steps in 307.7301 s (0.0014 s per step)
2023-02-13 19:25:21  --- Elapsed time for main.cpp:run_sim:  (exiting barrier) 2023-02-13 19:25:21 ...
2023-02-13 19:25:21           ... (min/my/avg/max, bal) (307.73/307.73/307.73/307.73 s, 1.00) barrier(0.00 s) --- 
2023-02-13 19:25:22 Peak memory used across all nodes: 23.59GB
2023-02-13 19:25:22 Finished in 311.65 s at 02/13/23 19:25:22 for SimCov version 0.1.1.9cc77ef-dirty
