2023-02-18 21:54:30 SimCov version SimCov version 0.1.1.8024051-dirty-master built on 20230216_082905
2023-02-18 21:54:30 _________________________
2023-02-18 21:54:30 Compiler definitions:
2023-02-18 21:54:30   _XOPEN_SOURCE=700
2023-02-18 21:54:30   CONFIG_USE_COLORS
2023-02-18 21:54:30   USE_BYTELL
2023-02-18 21:54:30   MAX_VIRIONS=125000
2023-02-18 21:54:30   MIN_VIRIONS=1e-10
2023-02-18 21:54:30   BLOCK_PARTITION
2023-02-18 21:54:30   MIN_BLOCKS_PER_PROC=1
2023-02-18 21:54:30   AVERAGE_SUBSAMPLE
2023-02-18 21:54:30 _________________________
2023-02-18 21:54:30 Options:
2023-02-18 21:54:30   dim =                         15000 15000 1
2023-02-18 21:54:30   whole-lung-dim =              48000 40000 20000
2023-02-18 21:54:30   timesteps =                   144005
2023-02-18 21:54:30   infection-coords =            uniform:1
2023-02-18 21:54:30   initial-infection =           999
2023-02-18 21:54:30   incubation-period =           5000
2023-02-18 21:54:30   apoptosis-period =            180
2023-02-18 21:54:30   expressing-period =           900
2023-02-18 21:54:30   infectivity =                 0.025
2023-02-18 21:54:30   infectivity-multiplier =      1.0
2023-02-18 21:54:30   virion-production =           1.1
2023-02-18 21:54:30   virion-production-multiplier = 1.0
2023-02-18 21:54:30   virion-clearance =            0.004
2023-02-18 21:54:30   virion-diffusion =            0.15
2023-02-18 21:54:30   chemokine-production =        1.0
2023-02-18 21:54:30   chemokine-decay =             0.01
2023-02-18 21:54:30   chemokine-diffusion =         1.0
2023-02-18 21:54:30   min-chemokine =               1e-06
2023-02-18 21:54:30   antibody-factor =             1
2023-02-18 21:54:30   antibody-period =             5760
2023-02-18 21:54:30   tcell-generation-rate =       105000
2023-02-18 21:54:30   tcell-initial-delay =         10080
2023-02-18 21:54:30   tcell-vascular-period =       5760
2023-02-18 21:54:30   tcell-tissue-period =         1440
2023-02-18 21:54:30   tcell-binding-period =        10
2023-02-18 21:54:30   max-binding-prob =            1
2023-02-18 21:54:30   tcells-follow-gradient =      false
2023-02-18 21:54:30   seed =                        3
2023-02-18 21:54:30   sample-period =               0
2023-02-18 21:54:30   sample-resolution =           1
2023-02-18 21:54:30   max-block-dim =               10
2023-02-18 21:54:30   output =                      exp_results/per_5000_inf_0.025/init_1000/3
2023-02-18 21:54:30 _________________________
2023-02-18 21:54:30 Starting run with 64 processes on 2 nodes at 02/18/23 21:54:30
2023-02-18 21:54:30 Pinned processes, with process 0 (pid 32650) pinned to core 0
2023-02-18 21:54:30 Using block partitioning
2023-02-18 21:54:30 Initial free memory across all nodes: 151.46GB
2023-02-18 21:54:30 Starting with 76.82GB free on node 0
2023-02-18 21:54:30 Dividing 225000000 grid points into 3515625 squares of size 64 (8^2), with 54932 per process
2023-02-18 21:54:30 Total initial memory required per process is at least 281.63MB with each grid point requiring on average 84 bytes
2023-02-18 21:54:34  --- Elapsed time for tissue.cpp:Tissue:  (exiting barrier) 2023-02-18 21:54:34 ...
2023-02-18 21:54:34           ... (min/my/avg/max, bal) (3.66/3.66/3.66/3.66 s, 1.00) barrier(0.00 s) --- 
2023-02-18 21:54:34 Memory used on node 0 after initialization is  10.91GB
2023-02-18 21:54:34           ... (min/my/avg/max, bal) No-Time barrier(0.00 s) --- 
2023-02-18 21:54:34 Fraction of circulating T cells extravasating is 5.85938e-06
2023-02-18 21:54:34 # datetime                    step    incb       expr       apop       dead       tvas       ttis       chem       virs       chempts    %infct     <%active  lbln>
2023-02-18 21:54:34 [0] <main.cpp:141> WARNING: Time step 0: SUCCESSFUL initial infection at (7500, 7500, 0) after 0 tries
2023-02-18 21:54:34 [02/18/23 21:54:34    0.00s]: 0       1          0          0          0          0          0          0.00e+00   0.00e+00   1.00e+00   0.00       < 0.000 0.016 >
2023-02-18 21:54:35 [02/18/23 21:54:35    0.88s]: 2880    827        0          0          0          0          0          0.00e+00   9.69e-03   8.27e+02   0.00       < 0.007 0.776 >
2023-02-18 21:54:36 [02/18/23 21:54:36    1.00s]: 5760    2620       708        0          2          0          0          9.33e-06   1.55e+05   1.96e+04   0.00       < 0.009 0.799 >
2023-02-18 21:54:38 [02/18/23 21:54:38    2.14s]: 8640    7049       0          0          827        0          0          8.81e-10   1.23e+02   1.11e+04   0.00       < 0.015 0.896 >
2023-02-18 21:54:40 [02/18/23 21:54:40    2.23s]: 11520   4957       2787       192        3205       133768232  82         3.17e-05   8.23e+05   3.60e+04   0.00       < 0.016 0.867 >
2023-02-18 21:54:44 [02/18/23 21:54:44    3.94s]: 14400   2928       3          809        16244      319075329  433        1.02e-06   4.26e+03   3.90e+04   0.01       < 0.024 0.917 >
2023-02-18 21:54:48 [02/18/23 21:54:48    4.01s]: 17280   18         0          0          20182      431465399  0          0.00e+00   8.11e-02   2.02e+04   0.01       < 0.024 0.934 >
2023-02-18 21:54:51 [02/18/23 21:54:51    3.25s]: 20160   409        1          16         20447      499630369  59         6.01e-07   5.51e+02   3.11e+04   0.01       < 0.014 0.839 >
2023-02-18 21:54:55 [02/18/23 21:54:55    3.45s]: 23040   37         0          0          22109      540972639  1          0.00e+00   6.11e-02   2.21e+04   0.01       < 0.016 0.833 >
2023-02-18 21:54:58 [02/18/23 21:54:58    3.07s]: 25920   506        0          224        22903      566046574  333        1.43e-09   5.44e+01   3.11e+04   0.01       < 0.011 0.723 >
2023-02-18 21:55:01 [02/18/23 21:55:01    3.36s]: 28800   172        0          78         23981      581254455  162        2.39e-11   1.48e+01   2.45e+04   0.01       < 0.016 0.801 >
2023-02-18 21:55:04 [02/18/23 21:55:04    2.83s]: 31680   739        3          59         24277      590478372  132        9.41e-07   9.90e+02   4.15e+04   0.01       < 0.015 0.814 >
2023-02-18 21:55:08 [02/18/23 21:55:08    3.70s]: 34560   23         1          0          26594      596072382  0          6.98e-08   2.91e+01   2.76e+04   0.01       < 0.018 0.843 >
2023-02-18 21:55:11 [02/18/23 21:55:11    3.59s]: 37440   84         0          7          27738      599465111  35         2.19e-07   1.91e+02   3.24e+04   0.01       < 0.012 0.776 >
2023-02-18 21:55:15 [02/18/23 21:55:15    4.18s]: 40320   36         0          23         29637      601522677  103        0.00e+00   5.12e-01   2.97e+04   0.01       < 0.021 0.847 >
2023-02-18 21:55:20 [02/18/23 21:55:20    4.04s]: 43200   23         0          15         30992      602770572  68         0.00e+00   5.45e-01   3.10e+04   0.01       < 0.013 0.810 >
2023-02-18 21:55:23 [02/18/23 21:55:23    3.91s]: 46080   234        0          134        32162      603527754  211        4.66e-13   8.15e+00   3.25e+04   0.01       < 0.021 0.838 >
2023-02-18 21:55:27 [02/18/23 21:55:27    3.85s]: 48960   14         0          0          32872      603987159  1          0.00e+00   4.21e-02   3.29e+04   0.01       < 0.014 0.852 >
2023-02-18 21:55:31 [02/18/23 21:55:31    3.81s]: 51840   251        0          161        34483      604265196  457        0.00e+00   1.06e+01   3.49e+04   0.02       < 0.021 0.869 >
2023-02-18 21:55:35 [02/18/23 21:55:35    4.28s]: 54720   17         0          6          35448      604433922  92         0.00e+00   4.72e-01   3.55e+04   0.02       < 0.020 0.873 >
2023-02-18 21:55:38 [02/18/23 21:55:38    2.96s]: 57600   85         0          44         35896      604536520  149        0.00e+00   6.48e+00   3.60e+04   0.02       < 0.009 0.787 >
2023-02-18 21:55:41 [02/18/23 21:55:41    2.37s]: 60480   345        0          26         36037      604598937  60         2.27e-07   2.50e+02   4.30e+04   0.02       < 0.009 0.737 >
2023-02-18 21:55:44 [02/18/23 21:55:44    2.87s]: 63360   351        0          138        37056      604636534  240        3.01e-07   4.38e+02   4.66e+04   0.02       < 0.012 0.797 >
2023-02-18 21:55:46 [02/18/23 21:55:46    2.88s]: 66240   16         1          0          37775      604659435  0          9.16e-08   4.15e+01   3.91e+04   0.02       < 0.009 0.792 >
2023-02-18 21:55:49 [02/18/23 21:55:49    2.97s]: 69120   20         0          21         38829      604673188  116        0.00e+00   1.74e+00   3.89e+04   0.02       < 0.009 0.846 >
2023-02-18 21:55:52 [02/18/23 21:55:52    2.80s]: 72000   26         0          24         39090      604681670  125        0.00e+00   2.46e+00   3.91e+04   0.02       < 0.010 0.732 >
2023-02-18 21:55:55 [02/18/23 21:55:55    2.69s]: 74880   971        0          165        39439      604686668  266        4.56e-07   6.19e+02   5.31e+04   0.02       < 0.014 0.798 >
2023-02-18 21:55:58 [02/18/23 21:55:58    3.05s]: 77760   6          0          0          41003      604689887  0          0.00e+00   7.95e-03   4.10e+04   0.02       < 0.012 0.819 >
2023-02-18 21:56:00 [02/18/23 21:56:00    2.16s]: 80640   187        0          16         41007      604691811  44         8.30e-08   1.40e+02   4.56e+04   0.02       < 0.004 0.601 >
2023-02-18 21:56:03 [02/18/23 21:56:03    2.77s]: 83520   9          0          1          41606      604692933  10         0.00e+00   5.49e-02   4.16e+04   0.02       < 0.011 0.839 >
2023-02-18 21:56:05 [02/18/23 21:56:05    2.26s]: 86400   61         1          0          41607      604693737  26         2.24e-07   2.18e+02   4.50e+04   0.02       < 0.004 0.538 >
2023-02-18 21:56:08 [02/18/23 21:56:08    2.93s]: 89280   53         0          45         42774      604693895  174        0.00e+00   3.96e+00   4.29e+04   0.02       < 0.013 0.806 >
2023-02-18 21:56:11 [02/18/23 21:56:11    2.64s]: 92160   5          0          0          42876      604694372  0          0.00e+00   3.73e-05   4.29e+04   0.02       < 0.005 0.678 >
2023-02-18 21:56:13 [02/18/23 21:56:13    2.23s]: 95040   399        0          109        43197      604694328  303        3.69e-08   8.81e+01   4.96e+04   0.02       < 0.012 0.822 >
2023-02-18 21:56:16 [02/18/23 21:56:16    3.09s]: 97920   6          0          0          43917      604694553  0          0.00e+00   8.52e-04   4.39e+04   0.02       < 0.013 0.876 >
2023-02-18 21:56:18 [02/18/23 21:56:18    2.28s]: 100800  136        1          47         44033      604694598  145        1.99e-07   1.59e+02   4.74e+04   0.02       < 0.005 0.664 >
2023-02-18 21:56:22 [02/18/23 21:56:22    3.28s]: 103680  33         0          5          45571      604694499  18         0.00e+00   1.14e-01   4.56e+04   0.02       < 0.016 0.838 >
2023-02-18 21:56:24 [02/18/23 21:56:24    2.70s]: 106560  181        8          11         45585      604694657  29         7.24e-07   1.92e+03   5.30e+04   0.02       < 0.004 0.615 >
2023-02-18 21:56:27 [02/18/23 21:56:27    3.20s]: 109440  79         0          78         47779      604694386  201        0.00e+00   6.60e+00   4.79e+04   0.02       < 0.016 0.822 >
2023-02-18 21:56:31 [02/18/23 21:56:31    3.06s]: 112320  17         0          0          47934      604694619  0          0.00e+00   6.21e-05   4.80e+04   0.02       < 0.008 0.755 >
2023-02-18 21:56:34 [02/18/23 21:56:34    3.09s]: 115200  124        0          118        49742      604694316  384        1.46e-10   2.45e+01   5.13e+04   0.02       < 0.017 0.783 >
2023-02-18 21:56:37 [02/18/23 21:56:37    3.39s]: 118080  14         0          0          49990      604694583  0          0.00e+00   2.36e-04   5.00e+04   0.02       < 0.012 0.864 >
2023-02-18 21:56:39 [02/18/23 21:56:39    2.45s]: 120960  52         1          1          50348      604694608  38         1.60e-07   9.43e+01   5.30e+04   0.02       < 0.008 0.770 >
2023-02-18 21:56:42 [02/18/23 21:56:42    2.70s]: 123840  10         0          0          50874      604694686  0          0.00e+00   7.64e-03   5.09e+04   0.02       < 0.007 0.789 >
2023-02-18 21:56:44 [02/18/23 21:56:44    2.31s]: 126720  32         0          22         51011      604694733  84         0.00e+00   6.22e-01   5.11e+04   0.02       < 0.006 0.773 >
2023-02-18 21:56:47 [02/18/23 21:56:47    2.99s]: 129600  15         0          8          52101      604694597  134        0.00e+00   1.13e+00   5.21e+04   0.02       < 0.012 0.802 >
2023-02-18 21:56:51 [02/18/23 21:56:51    3.14s]: 132480  33         0          39         52757      604694530  163        0.00e+00   6.37e+00   5.28e+04   0.02       < 0.011 0.777 >
2023-02-18 21:56:53 [02/18/23 21:56:53    2.63s]: 135360  505        0          67         52909      604694604  125        2.30e-07   3.00e+02   6.13e+04   0.02       < 0.010 0.749 >
2023-02-18 21:56:57 [02/18/23 21:56:57    4.10s]: 138240  192        0          8          53693      604694650  33         2.24e-07   2.19e+02   5.93e+04   0.02       < 0.011 0.786 >
2023-02-18 21:57:01 [02/18/23 21:57:01    3.32s]: 141120  5          0          0          54116      604694706  0          0.00e+00   2.75e-03   5.41e+04   0.02       < 0.006 0.818 >
2023-02-18 21:57:04 [02/18/23 21:57:04    3.77s]: 144000  24         0          5          55555      604694669  21         0.00e+00   1.43e-01   5.56e+04   0.02       < 0.010 0.844 >
2023-02-18 21:57:04 [02/18/23 21:57:04    0.00s]: 144004  24         0          4          55556      604694669  20         0.00e+00   1.41e-01   5.56e+04   0.02       < 0.010 0.844 >
2023-02-18 21:57:04  ---  main.cpp:generate tcells took  avg 0.01 s max 0.01 s balance 0.90  --- 
2023-02-18 21:57:04  ---  main.cpp:update circulating tcells took  avg 47.31 s max 50.50 s balance 0.94  --- 
2023-02-18 21:57:04  ---  main.cpp:update tcells took  avg 2.34 s max 2.62 s balance 0.89  --- 
2023-02-18 21:57:04  ---  main.cpp:update epicells took  avg 3.89 s max 4.05 s balance 0.96  --- 
2023-02-18 21:57:04  ---  main.cpp:update concentrations took  avg 10.55 s max 10.90 s balance 0.97  --- 
2023-02-18 21:57:04  ---  main.cpp:compute updates took  avg 95.09 s max 95.22 s balance 1.00  --- 
2023-02-18 21:57:04  ---  main.cpp:dispatch updates took  avg 25.45 s max 27.56 s balance 0.92  --- 
2023-02-18 21:57:04  ---  main.cpp:add new actives took  avg 1.72 s max 2.13 s balance 0.81  --- 
2023-02-18 21:57:04  ---  main.cpp:erase inactive took  avg 7.24 s max 7.62 s balance 0.95  --- 
2023-02-18 21:57:04  ---  main.cpp:sample took  avg 0.00 s max 0.00 s balance -nan  --- 
2023-02-18 21:57:04  ---  main.cpp:sample write took  avg 0.00 s max 0.00 s balance -nan  --- 
2023-02-18 21:57:04  ---  main.cpp:log took  avg 6.07 s max 6.20 s balance 0.98  --- 
2023-02-18 21:57:04 Finished 144005 time steps in 150.6023 s (0.0010 s per step)
2023-02-18 21:57:04  --- Elapsed time for main.cpp:run_sim:  (exiting barrier) 2023-02-18 21:57:04 ...
2023-02-18 21:57:04           ... (min/my/avg/max, bal) (150.60/150.60/150.60/150.60 s, 1.00) barrier(0.00 s) --- 
2023-02-18 21:57:05 Peak memory used across all nodes: 21.90GB
2023-02-18 21:57:05 Finished in 154.62 s at 02/18/23 21:57:05 for SimCov version 0.1.1.8024051-dirty
