2023-02-16 16:07:16 SimCov version SimCov version 0.1.1.8024051-dirty-master built on 20230216_082905
2023-02-16 16:07:16 _________________________
2023-02-16 16:07:16 Compiler definitions:
2023-02-16 16:07:16   _XOPEN_SOURCE=700
2023-02-16 16:07:16   CONFIG_USE_COLORS
2023-02-16 16:07:16   USE_BYTELL
2023-02-16 16:07:16   MAX_VIRIONS=125000
2023-02-16 16:07:16   MIN_VIRIONS=1e-10
2023-02-16 16:07:16   BLOCK_PARTITION
2023-02-16 16:07:16   MIN_BLOCKS_PER_PROC=1
2023-02-16 16:07:16   AVERAGE_SUBSAMPLE
2023-02-16 16:07:16 _________________________
2023-02-16 16:07:16 Options:
2023-02-16 16:07:16   dim =                         15000 15000 1
2023-02-16 16:07:16   whole-lung-dim =              48000 40000 20000
2023-02-16 16:07:16   timesteps =                   144005
2023-02-16 16:07:16   infection-coords =            uniform:1
2023-02-16 16:07:16   initial-infection =           999
2023-02-16 16:07:16   incubation-period =           1200
2023-02-16 16:07:16   apoptosis-period =            180
2023-02-16 16:07:16   expressing-period =           900
2023-02-16 16:07:16   infectivity =                 0.1
2023-02-16 16:07:16   infectivity-multiplier =      1.0
2023-02-16 16:07:16   virion-production =           1.1
2023-02-16 16:07:16   virion-production-multiplier = 1.0
2023-02-16 16:07:16   virion-clearance =            0.004
2023-02-16 16:07:16   virion-diffusion =            0.15
2023-02-16 16:07:16   chemokine-production =        1.0
2023-02-16 16:07:16   chemokine-decay =             0.01
2023-02-16 16:07:16   chemokine-diffusion =         1.0
2023-02-16 16:07:16   min-chemokine =               1e-06
2023-02-16 16:07:16   antibody-factor =             1
2023-02-16 16:07:16   antibody-period =             5760
2023-02-16 16:07:16   tcell-generation-rate =       105000
2023-02-16 16:07:16   tcell-initial-delay =         10080
2023-02-16 16:07:16   tcell-vascular-period =       5760
2023-02-16 16:07:16   tcell-tissue-period =         1440
2023-02-16 16:07:16   tcell-binding-period =        10
2023-02-16 16:07:16   max-binding-prob =            1
2023-02-16 16:07:16   tcells-follow-gradient =      false
2023-02-16 16:07:16   seed =                        7
2023-02-16 16:07:16   sample-period =               0
2023-02-16 16:07:16   sample-resolution =           1
2023-02-16 16:07:16   max-block-dim =               10
2023-02-16 16:07:16   output =                      exp_results/per_1200_inf_0.1/init_1000/7
2023-02-16 16:07:16 _________________________
2023-02-16 16:07:16 Starting run with 64 processes on 2 nodes at 02/16/23 16:07:16
2023-02-16 16:07:16 Pinned processes, with process 0 (pid 3869037) pinned to core 0
2023-02-16 16:07:16 Using block partitioning
2023-02-16 16:07:16 Initial free memory across all nodes: 151.85GB
2023-02-16 16:07:16 Starting with 76.20GB free on node 0
2023-02-16 16:07:16 Dividing 225000000 grid points into 3515625 squares of size 64 (8^2), with 54932 per process
2023-02-16 16:07:16 Total initial memory required per process is at least 281.63MB with each grid point requiring on average 84 bytes
2023-02-16 16:07:19  --- Elapsed time for tissue.cpp:Tissue:  (exiting barrier) 2023-02-16 16:07:19 ...
2023-02-16 16:07:19           ... (min/my/avg/max, bal) (3.41/3.41/3.41/3.41 s, 1.00) barrier(0.00 s) --- 
2023-02-16 16:07:19 Memory used on node 0 after initialization is  10.90GB
2023-02-16 16:07:19           ... (min/my/avg/max, bal) No-Time barrier(0.00 s) --- 
2023-02-16 16:07:19 Fraction of circulating T cells extravasating is 5.85938e-06
2023-02-16 16:07:19 # datetime                    step    incb       expr       apop       dead       tvas       ttis       chem       virs       chempts    %infct     <%active  lbln>
2023-02-16 16:07:19 [0] <main.cpp:141> WARNING: Time step 0: SUCCESSFUL initial infection at (7500, 7500, 0) after 0 tries
2023-02-16 16:07:19 [02/16/23 16:07:19    0.00s]: 0       1          0          0          0          0          0          0.00e+00   0.00e+00   1.00e+00   0.00       < 0.000 0.016 >
2023-02-16 16:07:21 [02/16/23 16:07:21    1.27s]: 2880    5280       1603       0          1087       0          0          1.65e-05   2.71e+05   2.71e+04   0.00       < 0.012 0.828 >
2023-02-16 16:07:24 [02/16/23 16:07:24    3.02s]: 5760    9531       7249       0          11669      0          0          6.56e-05   1.87e+06   6.18e+04   0.01       < 0.027 0.891 >
2023-02-16 16:07:29 [02/16/23 16:07:29    5.30s]: 8640    16153      9248       0          36730      0          0          9.63e-05   2.45e+06   1.09e+05   0.03       < 0.048 0.934 >
2023-02-16 16:07:38 [02/16/23 16:07:38    8.57s]: 11520   18942      13792      1162       73946      133767762  370        1.42e-04   3.84e+06   1.68e+05   0.05       < 0.075 0.938 >
2023-02-16 16:07:51 [02/16/23 16:07:51   13.02s]: 14400   15917      4382       3403       138602     319072993  1908       1.27e-04   1.67e+06   2.33e+05   0.07       < 0.103 0.973 >
2023-02-16 16:08:09 [02/16/23 16:08:09   18.01s]: 17280   12595      789        3692       203091     431459204  3214       7.18e-05   4.28e+05   3.02e+05   0.10       < 0.126 0.973 >
2023-02-16 16:08:30 [02/16/23 16:08:30   21.55s]: 20160   8741       131        3530       263203     499620866  3940       2.54e-05   7.90e+04   3.62e+05   0.12       < 0.138 0.960 >
2023-02-16 16:08:53 [02/16/23 16:08:53   23.08s]: 23040   4905       22         2367       311256     540960917  3815       8.41e-06   1.80e+04   3.98e+05   0.14       < 0.139 0.947 >
2023-02-16 16:09:14 [02/16/23 16:09:14   21.00s]: 25920   1716       4          827        337213     566036356  1874       1.68e-06   2.87e+03   3.76e+05   0.15       < 0.128 0.947 >
2023-02-16 16:09:32 [02/16/23 16:09:32   17.47s]: 28800   3096       44         1607       356300     581244967  2281       5.25e-06   1.52e+04   4.16e+05   0.16       < 0.104 0.913 >
2023-02-16 16:09:48 [02/16/23 16:09:48   16.24s]: 31680   2452       1          1328       379999     590468695  2092       1.91e-06   6.17e+03   4.32e+05   0.17       < 0.098 0.937 >
2023-02-16 16:10:04 [02/16/23 16:10:04   15.87s]: 34560   4605       70         1714       398290     596063353  2337       1.11e-05   4.44e+04   4.68e+05   0.18       < 0.107 0.939 >
2023-02-16 16:10:22 [02/16/23 16:10:22   18.39s]: 37440   3209       16         1761       430751     599455511  2803       3.55e-06   8.03e+03   4.93e+05   0.19       < 0.115 0.924 >
2023-02-16 16:10:41 [02/16/23 16:10:41   18.47s]: 40320   4059       52         1352       455535     601513848  2152       5.93e-06   2.86e+04   5.10e+05   0.20       < 0.121 0.918 >
2023-02-16 16:11:01 [02/16/23 16:11:01   20.45s]: 43200   7912       38         3306       493223     602760125  4156       1.20e-05   5.52e+04   6.12e+05   0.22       < 0.137 0.958 >
2023-02-16 16:11:26 [02/16/23 16:11:26   24.78s]: 46080   3314       4          1394       535223     603515350  3397       2.54e-06   4.31e+03   5.97e+05   0.24       < 0.160 0.964 >
2023-02-16 16:11:51 [02/16/23 16:11:51   24.99s]: 48960   5531       112        2360       561655     603974604  3556       1.23e-05   6.59e+04   6.59e+05   0.25       < 0.159 0.959 >
2023-02-16 16:12:17 [02/16/23 16:12:17   26.42s]: 51840   3121       35         1701       599481     604252266  3310       5.95e-06   2.16e+04   6.67e+05   0.27       < 0.168 0.958 >
2023-02-16 16:12:44 [02/16/23 16:12:44   26.32s]: 54720   2900       54         1652       628322     604421628  3002       5.37e-06   2.49e+04   6.89e+05   0.28       < 0.155 0.941 >
2023-02-16 16:13:07 [02/16/23 16:13:07   23.58s]: 57600   4336       18         1803       654338     604524673  2812       5.06e-06   1.30e+04   7.17e+05   0.29       < 0.151 0.943 >
2023-02-16 16:13:31 [02/16/23 16:13:31   24.20s]: 60480   3388       16         1398       686214     604586784  3047       7.55e-06   2.12e+04   7.59e+05   0.31       < 0.150 0.955 >
2023-02-16 16:13:57 [02/16/23 16:13:57   25.80s]: 63360   6365       116        2966       723343     604623316  4140       1.24e-05   4.95e+04   8.31e+05   0.33       < 0.167 0.945 >
2023-02-16 16:14:26 [02/16/23 16:14:26   28.90s]: 66240   3974       10         1783       763666     604645256  3243       3.05e-06   5.62e+03   8.39e+05   0.34       < 0.180 0.916 >
2023-02-16 16:14:54 [02/16/23 16:14:54   27.56s]: 69120   6363       112        2405       792467     604659361  3832       8.70e-06   2.72e+04   8.99e+05   0.36       < 0.167 0.953 >
2023-02-16 16:15:23 [02/16/23 16:15:23   28.96s]: 72000   7240       31         2507       833794     604666922  4229       7.74e-06   2.12e+04   9.44e+05   0.37       < 0.187 0.951 >
2023-02-16 16:15:56 [02/16/23 16:15:56   32.98s]: 74880   6503       106        2763       879162     604671008  4414       1.02e-05   4.55e+04   9.87e+05   0.39       < 0.205 0.952 >
2023-02-16 16:16:32 [02/16/23 16:16:32   36.73s]: 77760   6872       110        3072       923046     604673256  4888       1.12e-05   3.45e+04   1.04e+06   0.41       < 0.225 0.948 >
2023-02-16 16:17:13 [02/16/23 16:17:13   41.09s]: 80640   7142       46         3715       980031     604673030  5767       6.39e-06   1.69e+04   1.12e+06   0.44       < 0.236 0.971 >
2023-02-16 16:17:54 [02/16/23 16:17:54   40.20s]: 83520   8538       61         2941       1024660    604674462  4475       7.95e-06   1.78e+04   1.16e+06   0.46       < 0.237 0.960 >
2023-02-16 16:18:36 [02/16/23 16:18:36   42.12s]: 86400   6679       46         3181       1079949    604673695  5858       9.90e-06   2.62e+04   1.21e+06   0.48       < 0.245 0.956 >
2023-02-16 16:19:21 [02/16/23 16:19:21   45.02s]: 89280   6528       120        3181       1133129    604673920  5137       1.56e-05   5.19e+04   1.26e+06   0.51       < 0.259 0.960 >
2023-02-16 16:20:06 [02/16/23 16:20:06   45.02s]: 92160   7990       83         3004       1183236    604673984  5019       1.44e-05   6.45e+04   1.32e+06   0.53       < 0.254 0.940 >
2023-02-16 16:20:52 [02/16/23 16:20:52   46.67s]: 95040   7811       149        3817       1241289    604673117  6021       1.51e-05   6.74e+04   1.37e+06   0.56       < 0.270 0.957 >
2023-02-16 16:21:44 [02/16/23 16:21:44   51.85s]: 97920   8835       73         3784       1300541    604672118  6025       1.37e-05   5.61e+04   1.45e+06   0.58       < 0.284 0.958 >
2023-02-16 16:22:41 [02/16/23 16:22:41   56.55s]: 100800  8845       39         3913       1364478    604670180  7284       1.22e-05   3.76e+04   1.53e+06   0.61       < 0.313 0.962 >
2023-02-16 16:23:43 [02/16/23 16:23:43   61.80s]: 103680  9604       173        3836       1426545    604669246  6443       1.79e-05   5.61e+04   1.61e+06   0.64       < 0.336 0.955 >
2023-02-16 16:24:48 [02/16/23 16:24:48   65.15s]: 106560  8898       46         4183       1497438    604668241  6412       1.08e-05   5.97e+04   1.64e+06   0.67       < 0.342 0.969 >
2023-02-16 16:25:50 [02/16/23 16:25:50   62.60s]: 109440  11562      115        4865       1563200    604668011  7026       1.85e-05   7.97e+04   1.75e+06   0.70       < 0.328 0.972 >
2023-02-16 16:26:56 [02/16/23 16:26:56   66.13s]: 112320  9489       77         4608       1643892    604665785  8039       1.15e-05   4.62e+04   1.84e+06   0.74       < 0.346 0.950 >
2023-02-16 16:28:06 [02/16/23 16:28:06   69.86s]: 115200  10868      105        4216       1712637    604665741  7130       1.35e-05   6.99e+04   1.90e+06   0.77       < 0.370 0.966 >
2023-02-16 16:29:15 [02/16/23 16:29:15   68.70s]: 118080  10334      145        4342       1782001    604666056  7233       2.06e-05   7.88e+04   1.97e+06   0.80       < 0.369 0.961 >
2023-02-16 16:30:27 [02/16/23 16:30:27   72.40s]: 120960  13191      239        6832       1876631    604662797  9809       3.11e-05   1.22e+05   2.09e+06   0.84       < 0.384 0.970 >
2023-02-16 16:31:44 [02/16/23 16:31:44   77.01s]: 123840  13201      187        5449       1960057    604663070  7682       2.54e-05   1.20e+05   2.18e+06   0.88       < 0.409 0.962 >
2023-02-16 16:33:10 [02/16/23 16:33:10   85.59s]: 126720  15885      125        7232       2069338    604657851  11917      3.25e-05   1.36e+05   2.34e+06   0.93       < 0.448 0.970 >
2023-02-16 16:34:43 [02/16/23 16:34:43   93.14s]: 129600  10750      127        4240       2158168    604657916  8382       1.42e-05   4.45e+04   2.32e+06   0.97       < 0.473 0.974 >
2023-02-16 16:36:13 [02/16/23 16:36:13   90.26s]: 132480  15807      184        6506       2235771    604658074  10375      2.58e-05   8.40e+04   2.50e+06   1.00       < 0.452 0.954 >
2023-02-16 16:37:47 [02/16/23 16:37:47   93.75s]: 135360  10170      208        4798       2333738    604657355  9097       1.60e-05   4.50e+04   2.53e+06   1.04       < 0.472 0.976 >
2023-02-16 16:39:18 [02/16/23 16:39:18   90.63s]: 138240  14663      282        6874       2419868    604657564  9876       3.19e-05   1.18e+05   2.67e+06   1.09       < 0.453 0.957 >
2023-02-16 16:40:53 [02/16/23 16:40:53   95.30s]: 141120  13405      91         6127       2527127    604655352  10441      2.54e-05   1.15e+05   2.74e+06   1.13       < 0.483 0.963 >
2023-02-16 16:42:29 [02/16/23 16:42:29   96.06s]: 144000  13283      142        5555       2612648    604656600  9365       1.81e-05   6.92e+04   2.82e+06   1.17       < 0.482 0.966 >
2023-02-16 16:42:29 [02/16/23 16:42:29    0.13s]: 144004  13264      141        5574       2612770    604656600  9377       1.81e-05   6.92e+04   2.82e+06   1.17       < 0.482 0.966 >
2023-02-16 16:42:29  ---  main.cpp:generate tcells took  avg 0.03 s max 0.05 s balance 0.69  --- 
2023-02-16 16:42:29  ---  main.cpp:update circulating tcells took  avg 53.98 s max 56.57 s balance 0.95  --- 
2023-02-16 16:42:29  ---  main.cpp:update tcells took  avg 108.13 s max 120.93 s balance 0.89  --- 
2023-02-16 16:42:29  ---  main.cpp:update epicells took  avg 69.33 s max 71.32 s balance 0.97  --- 
2023-02-16 16:42:29  ---  main.cpp:update concentrations took  avg 445.18 s max 466.75 s balance 0.95  --- 
2023-02-16 16:42:29  ---  main.cpp:compute updates took  avg 1222.92 s max 1222.95 s balance 1.00  --- 
2023-02-16 16:42:29  ---  main.cpp:dispatch updates took  avg 512.67 s max 552.43 s balance 0.93  --- 
2023-02-16 16:42:29  ---  main.cpp:add new actives took  avg 30.16 s max 31.13 s balance 0.97  --- 
2023-02-16 16:42:29  ---  main.cpp:erase inactive took  avg 237.71 s max 243.01 s balance 0.98  --- 
2023-02-16 16:42:29  ---  main.cpp:sample took  avg 0.00 s max 0.00 s balance -nan  --- 
2023-02-16 16:42:29  ---  main.cpp:sample write took  avg 0.00 s max 0.00 s balance -nan  --- 
2023-02-16 16:42:29  ---  main.cpp:log took  avg 10.61 s max 10.69 s balance 0.99  --- 
2023-02-16 16:42:29 Finished 144005 time steps in 2109.9785 s (0.0147 s per step)
2023-02-16 16:42:29  --- Elapsed time for main.cpp:run_sim:  (exiting barrier) 2023-02-16 16:42:29 ...
2023-02-16 16:42:29           ... (min/my/avg/max, bal) (2109.98/2109.98/2109.98/2109.98 s, 1.00) barrier(0.00 s) --- 
2023-02-16 16:42:30 Peak memory used across all nodes: 22.48GB
2023-02-16 16:42:30 Finished in 2113.73 s at 02/16/23 16:42:30 for SimCov version 0.1.1.8024051-dirty
