2023-02-16 09:00:40 SimCov version SimCov version 0.1.1.8024051-dirty-master built on 20230216_082905
2023-02-16 09:00:40 _________________________
2023-02-16 09:00:40 Compiler definitions:
2023-02-16 09:00:40   _XOPEN_SOURCE=700
2023-02-16 09:00:40   CONFIG_USE_COLORS
2023-02-16 09:00:40   USE_BYTELL
2023-02-16 09:00:40   MAX_VIRIONS=125000
2023-02-16 09:00:40   MIN_VIRIONS=1e-10
2023-02-16 09:00:40   BLOCK_PARTITION
2023-02-16 09:00:40   MIN_BLOCKS_PER_PROC=1
2023-02-16 09:00:40   AVERAGE_SUBSAMPLE
2023-02-16 09:00:40 _________________________
2023-02-16 09:00:40 Options:
2023-02-16 09:00:40   dim =                         15000 15000 1
2023-02-16 09:00:40   whole-lung-dim =              48000 40000 20000
2023-02-16 09:00:40   timesteps =                   144005
2023-02-16 09:00:40   infection-coords =            uniform:1
2023-02-16 09:00:40   initial-infection =           999
2023-02-16 09:00:40   incubation-period =           5000
2023-02-16 09:00:40   apoptosis-period =            180
2023-02-16 09:00:40   expressing-period =           900
2023-02-16 09:00:40   infectivity =                 0.025
2023-02-16 09:00:40   infectivity-multiplier =      1.0
2023-02-16 09:00:40   virion-production =           1.1
2023-02-16 09:00:40   virion-production-multiplier = 1.0
2023-02-16 09:00:40   virion-clearance =            0.004
2023-02-16 09:00:40   virion-diffusion =            0.15
2023-02-16 09:00:40   chemokine-production =        1.0
2023-02-16 09:00:40   chemokine-decay =             0.01
2023-02-16 09:00:40   chemokine-diffusion =         1.0
2023-02-16 09:00:40   min-chemokine =               1e-06
2023-02-16 09:00:40   antibody-factor =             1
2023-02-16 09:00:40   antibody-period =             5760
2023-02-16 09:00:40   tcell-generation-rate =       105000
2023-02-16 09:00:40   tcell-initial-delay =         10080
2023-02-16 09:00:40   tcell-vascular-period =       5760
2023-02-16 09:00:40   tcell-tissue-period =         1440
2023-02-16 09:00:40   tcell-binding-period =        10
2023-02-16 09:00:40   max-binding-prob =            1
2023-02-16 09:00:40   tcells-follow-gradient =      false
2023-02-16 09:00:40   seed =                        10
2023-02-16 09:00:40   sample-period =               0
2023-02-16 09:00:40   sample-resolution =           1
2023-02-16 09:00:40   max-block-dim =               10
2023-02-16 09:00:40   output =                      exp_results/per_5000_inf_0.025/init_1000/10
2023-02-16 09:00:40 _________________________
2023-02-16 09:00:40 Starting run with 64 processes on 2 nodes at 02/16/23 09:00:40
2023-02-16 09:00:40 Pinned processes, with process 0 (pid 4058565) pinned to core 0
2023-02-16 09:00:40 Using block partitioning
2023-02-16 09:00:40 Initial free memory across all nodes: 151.24GB
2023-02-16 09:00:40 Starting with 74.77GB free on node 0
2023-02-16 09:00:40 Dividing 225000000 grid points into 3515625 squares of size 64 (8^2), with 54932 per process
2023-02-16 09:00:40 Total initial memory required per process is at least 281.63MB with each grid point requiring on average 84 bytes
2023-02-16 09:00:43  --- Elapsed time for tissue.cpp:Tissue:  (exiting barrier) 2023-02-16 09:00:43 ...
2023-02-16 09:00:43           ... (min/my/avg/max, bal) (3.45/3.45/3.45/3.45 s, 1.00) barrier(0.00 s) --- 
2023-02-16 09:00:43 Memory used on node 0 after initialization is  10.90GB
2023-02-16 09:00:43           ... (min/my/avg/max, bal) No-Time barrier(0.00 s) --- 
2023-02-16 09:00:43 Fraction of circulating T cells extravasating is 5.85938e-06
2023-02-16 09:00:43 # datetime                    step    incb       expr       apop       dead       tvas       ttis       chem       virs       chempts    %infct     <%active  lbln>
2023-02-16 09:00:43 [0] <main.cpp:141> WARNING: Time step 0: SUCCESSFUL initial infection at (7500, 7500, 0) after 0 tries
2023-02-16 09:00:43 [02/16/23 09:00:43    0.00s]: 0       1          0          0          0          0          0          0.00e+00   0.00e+00   1.00e+00   0.00       < 0.000 0.016 >
2023-02-16 09:00:44 [02/16/23 09:00:44    1.01s]: 2880    829        0          0          0          0          0          0.00e+00   9.69e-03   8.29e+02   0.00       < 0.007 0.776 >
2023-02-16 09:00:45 [02/16/23 09:00:45    0.98s]: 5760    2540       731        0          3          0          0          9.28e-06   1.60e+05   1.94e+04   0.00       < 0.009 0.790 >
2023-02-16 09:00:47 [02/16/23 09:00:47    2.07s]: 8640    6864       0          0          829        0          0          4.12e-09   1.22e+02   1.04e+04   0.00       < 0.015 0.878 >
2023-02-16 09:00:50 [02/16/23 09:00:50    2.26s]: 11520   5083       2830       166        3014       133768143  70         3.13e-05   8.17e+05   3.59e+04   0.00       < 0.016 0.879 >
2023-02-16 09:00:54 [02/16/23 09:00:54    3.89s]: 14400   3572       1          757        15433      319075130  417        7.73e-07   3.16e+03   3.69e+04   0.01       < 0.024 0.916 >
2023-02-16 09:00:58 [02/16/23 09:00:58    4.03s]: 17280   144        16         47         19868      431464986  215        1.85e-06   5.89e+03   3.15e+04   0.01       < 0.024 0.905 >
2023-02-16 09:01:01 [02/16/23 09:01:01    3.89s]: 20160   18         0          0          20684      499629914  4          0.00e+00   3.09e-01   2.07e+04   0.01       < 0.018 0.885 >
2023-02-16 09:01:04 [02/16/23 09:01:04    2.64s]: 23040   193        0          8          20691      540972481  33         2.27e-07   2.40e+02   2.61e+04   0.01       < 0.004 0.600 >
2023-02-16 09:01:07 [02/16/23 09:01:07    3.01s]: 25920   78         0          66         22372      566046489  215        0.00e+00   5.63e+00   2.25e+04   0.01       < 0.015 0.857 >
2023-02-16 09:01:10 [02/16/23 09:01:10    2.71s]: 28800   14         0          0          22513      581254415  0          0.00e+00   5.35e-05   2.25e+04   0.01       < 0.006 0.722 >
2023-02-16 09:01:13 [02/16/23 09:01:13    2.88s]: 31680   16         0          9          23391      590477923  81         0.00e+00   6.65e-01   2.34e+04   0.01       < 0.013 0.828 >
2023-02-16 09:01:15 [02/16/23 09:01:15    2.63s]: 34560   10         0          0          23408      596072201  0          0.00e+00   5.07e-06   2.34e+04   0.01       < 0.003 0.487 >
2023-02-16 09:01:18 [02/16/23 09:01:18    2.31s]: 37440   275        0          134        24197      599464949  314        7.50e-11   1.37e+01   2.60e+04   0.01       < 0.012 0.821 >
2023-02-16 09:01:20 [02/16/23 09:01:20    2.88s]: 40320   12         0          0          24625      601523076  0          0.00e+00   1.31e-04   2.46e+04   0.01       < 0.009 0.770 >
2023-02-16 09:01:23 [02/16/23 09:01:23    2.56s]: 43200   81         0          62         25340      602770830  214        0.00e+00   2.98e+00   2.55e+04   0.01       < 0.012 0.736 >
2023-02-16 09:01:26 [02/16/23 09:01:26    2.81s]: 46080   9          0          0          25480      603527828  0          0.00e+00   2.72e-05   2.55e+04   0.01       < 0.007 0.743 >
2023-02-16 09:01:28 [02/16/23 09:01:28    2.57s]: 48960   164        0          85         26108      603986772  252        8.29e-11   1.20e+01   2.74e+04   0.01       < 0.013 0.805 >
2023-02-16 09:01:31 [02/16/23 09:01:31    2.85s]: 51840   3          0          0          26380      604265381  0          0.00e+00   1.15e-04   2.64e+04   0.01       < 0.007 0.734 >
2023-02-16 09:01:33 [02/16/23 09:01:33    1.82s]: 54720   473        1          51         26413      604434400  97         2.53e-07   2.39e+02   3.89e+04   0.01       < 0.007 0.712 >
2023-02-16 09:01:36 [02/16/23 09:01:36    2.98s]: 57600   14         0          0          27670      604536961  0          0.00e+00   8.15e-03   2.77e+04   0.01       < 0.013 0.828 >
2023-02-16 09:01:39 [02/16/23 09:01:39    2.54s]: 60480   320        0          70         27822      604599132  173        3.88e-07   5.69e+02   3.58e+04   0.01       < 0.011 0.737 >
2023-02-16 09:01:42 [02/16/23 09:01:42    3.09s]: 63360   8          0          0          28532      604636905  0          0.00e+00   6.95e-03   2.85e+04   0.01       < 0.012 0.818 >
2023-02-16 09:01:44 [02/16/23 09:01:44    2.57s]: 66240   127        0          76         29003      604659608  207        2.15e-10   1.49e+01   3.22e+04   0.01       < 0.006 0.864 >
2023-02-16 09:01:47 [02/16/23 09:01:47    2.83s]: 69120   20         0          21         29745      604673504  121        0.00e+00   2.07e+00   2.98e+04   0.01       < 0.012 0.810 >
2023-02-16 09:01:50 [02/16/23 09:01:50    2.46s]: 72000   499        0          56         29823      604681842  107        2.74e-07   3.46e+02   4.04e+04   0.01       < 0.009 0.821 >
2023-02-16 09:01:52 [02/16/23 09:01:52    2.81s]: 74880   692        0          119        30837      604686744  140        2.36e-08   1.39e+02   4.14e+04   0.01       < 0.014 0.756 >
2023-02-16 09:01:55 [02/16/23 09:01:55    2.80s]: 77760   14         0          0          31830      604689897  0          0.00e+00   1.35e-03   3.18e+04   0.01       < 0.008 0.878 >
2023-02-16 09:01:58 [02/16/23 09:01:58    3.19s]: 80640   230        0          56         33601      604691497  272        1.30e-08   8.23e+01   3.92e+04   0.02       < 0.016 0.763 >
2023-02-16 09:02:02 [02/16/23 09:02:02    3.55s]: 83520   12         0          0          33933      604692855  0          0.00e+00   7.96e-04   3.39e+04   0.02       < 0.013 0.782 >
2023-02-16 09:02:04 [02/16/23 09:02:04    2.29s]: 86400   687        1          148        34111      604693409  281        2.82e-07   5.46e+02   5.02e+04   0.02       < 0.010 0.819 >
2023-02-16 09:02:08 [02/16/23 09:02:08    4.04s]: 89280   3          0          2          36127      604693708  20         0.00e+00   1.40e-01   3.61e+04   0.02       < 0.022 0.827 >
2023-02-16 09:02:11 [02/16/23 09:02:11    2.95s]: 92160   3          0          0          36129      604694248  0          0.00e+00   5.29e-07   3.61e+04   0.02       < 0.001 0.494 >
2023-02-16 09:02:14 [02/16/23 09:02:14    2.83s]: 95040   103        0          72         37655      604694195  200        0.00e+00   4.81e+00   3.78e+04   0.02       < 0.013 0.869 >
2023-02-16 09:02:17 [02/16/23 09:02:17    2.72s]: 97920   9          0          0          37826      604694516  0          0.00e+00   4.54e-05   3.78e+04   0.02       < 0.006 0.809 >
2023-02-16 09:02:19 [02/16/23 09:02:19    2.67s]: 100800  156        0          121        39270      604694423  214        0.00e+00   4.29e+00   3.95e+04   0.02       < 0.013 0.836 >
2023-02-16 09:02:22 [02/16/23 09:02:22    2.77s]: 103680  28         0          0          39529      604694660  0          0.00e+00   4.02e-05   3.96e+04   0.02       < 0.008 0.751 >
2023-02-16 09:02:25 [02/16/23 09:02:25    2.58s]: 106560  760        0          220        40553      604694426  371        9.07e-09   1.08e+02   5.36e+04   0.02       < 0.014 0.829 >
2023-02-16 09:02:28 [02/16/23 09:02:28    3.27s]: 109440  21         0          0          41685      604694601  0          0.00e+00   1.04e-03   4.17e+04   0.02       < 0.014 0.803 >
2023-02-16 09:02:31 [02/16/23 09:02:31    2.53s]: 112320  679        2          145        41970      604694488  310        3.06e-07   5.20e+02   5.52e+04   0.02       < 0.012 0.825 >
2023-02-16 09:02:34 [02/16/23 09:02:34    3.34s]: 115200  14         0          0          43364      604694583  0          0.00e+00   1.39e-02   4.34e+04   0.02       < 0.016 0.839 >
2023-02-16 09:02:36 [02/16/23 09:02:36    2.27s]: 118080  221        3          6          43367      604694705  28         5.55e-07   5.48e+02   5.15e+04   0.02       < 0.005 0.625 >
2023-02-16 09:02:39 [02/16/23 09:02:39    2.85s]: 120960  9          0          1          44716      604694565  71         0.00e+00   2.87e-01   4.47e+04   0.02       < 0.013 0.864 >
2023-02-16 09:02:42 [02/16/23 09:02:42    2.60s]: 123840  91         0          8          44725      604694679  50         1.03e-07   1.59e+02   5.08e+04   0.02       < 0.005 0.641 >
2023-02-16 09:02:44 [02/16/23 09:02:44    2.51s]: 126720  633        0          87         45048      604694625  154        4.18e-09   7.26e+01   5.47e+04   0.02       < 0.012 0.811 >
2023-02-16 09:02:47 [02/16/23 09:02:47    2.70s]: 129600  22         0          0          45870      604694740  0          0.00e+00   7.03e-04   4.59e+04   0.02       < 0.008 0.749 >
2023-02-16 09:02:50 [02/16/23 09:02:50    2.98s]: 132480  641        0          193        46984      604694488  294        2.31e-07   3.29e+02   5.59e+04   0.02       < 0.015 0.825 >
2023-02-16 09:02:53 [02/16/23 09:02:53    3.24s]: 135360  62         5          0          48087      604694589  8          5.28e-07   3.52e+02   5.15e+04   0.02       < 0.012 0.831 >
2023-02-16 09:02:56 [02/16/23 09:02:56    3.19s]: 138240  415        1          11         49421      604694467  110        2.27e-07   2.56e+02   5.49e+04   0.02       < 0.013 0.815 >
2023-02-16 09:03:00 [02/16/23 09:03:00    3.62s]: 141120  43         0          28         51059      604694452  91         0.00e+00   5.95e-01   5.11e+04   0.02       < 0.016 0.815 >
2023-02-16 09:03:03 [02/16/23 09:03:03    3.26s]: 144000  475        0          180        51766      604694411  274        2.62e-08   1.27e+02   5.96e+04   0.02       < 0.010 0.723 >
2023-02-16 09:03:03 [02/16/23 09:03:03    0.00s]: 144004  470        0          184        51767      604694412  274        2.52e-08   1.25e+02   5.96e+04   0.02       < 0.010 0.724 >
2023-02-16 09:03:03  ---  main.cpp:generate tcells took  avg 0.01 s max 0.01 s balance 0.88  --- 
2023-02-16 09:03:03  ---  main.cpp:update circulating tcells took  avg 46.54 s max 50.15 s balance 0.93  --- 
2023-02-16 09:03:03  ---  main.cpp:update tcells took  avg 2.07 s max 2.30 s balance 0.90  --- 
2023-02-16 09:03:03  ---  main.cpp:update epicells took  avg 3.51 s max 3.74 s balance 0.94  --- 
2023-02-16 09:03:03  ---  main.cpp:update concentrations took  avg 9.60 s max 10.15 s balance 0.95  --- 
2023-02-16 09:03:03  ---  main.cpp:compute updates took  avg 89.39 s max 89.40 s balance 1.00  --- 
2023-02-16 09:03:03  ---  main.cpp:dispatch updates took  avg 23.18 s max 25.29 s balance 0.92  --- 
2023-02-16 09:03:03  ---  main.cpp:add new actives took  avg 1.37 s max 2.01 s balance 0.68  --- 
2023-02-16 09:03:03  ---  main.cpp:erase inactive took  avg 6.41 s max 6.89 s balance 0.93  --- 
2023-02-16 09:03:03  ---  main.cpp:sample took  avg 0.00 s max 0.00 s balance -nan  --- 
2023-02-16 09:03:03  ---  main.cpp:sample write took  avg 0.00 s max 0.00 s balance -nan  --- 
2023-02-16 09:03:03  ---  main.cpp:log took  avg 6.05 s max 6.08 s balance 1.00  --- 
2023-02-16 09:03:03 Finished 144005 time steps in 139.7982 s (0.0010 s per step)
2023-02-16 09:03:03  --- Elapsed time for main.cpp:run_sim:  (exiting barrier) 2023-02-16 09:03:03 ...
2023-02-16 09:03:03           ... (min/my/avg/max, bal) (139.80/139.80/139.80/139.80 s, 1.00) barrier(0.00 s) --- 
2023-02-16 09:03:03 Peak memory used across all nodes: 21.88GB
2023-02-16 09:03:03 Finished in 143.62 s at 02/16/23 09:03:03 for SimCov version 0.1.1.8024051-dirty
