2023-02-14 18:01:47 SimCov version SimCov version 0.1.1.8024051-dirty-master built on 20230202_132828
2023-02-14 18:01:47 _________________________
2023-02-14 18:01:47 Compiler definitions:
2023-02-14 18:01:47   _XOPEN_SOURCE=700
2023-02-14 18:01:47   CONFIG_USE_COLORS
2023-02-14 18:01:47   USE_BYTELL
2023-02-14 18:01:47   MAX_VIRIONS=125000
2023-02-14 18:01:47   MIN_VIRIONS=1e-10
2023-02-14 18:01:47   BLOCK_PARTITION
2023-02-14 18:01:47   MIN_BLOCKS_PER_PROC=1
2023-02-14 18:01:47   AVERAGE_SUBSAMPLE
2023-02-14 18:01:47 _________________________
2023-02-14 18:01:47 Options:
2023-02-14 18:01:47   dim =                         15000 15000 1
2023-02-14 18:01:47   whole-lung-dim =              48000 40000 20000
2023-02-14 18:01:47   timesteps =                   144005
2023-02-14 18:01:47   infection-coords =            uniform:1
2023-02-14 18:01:47   initial-infection =           999
2023-02-14 18:01:47   incubation-period =           600
2023-02-14 18:01:47   apoptosis-period =            180
2023-02-14 18:01:47   expressing-period =           900
2023-02-14 18:01:47   infectivity =                 0.01
2023-02-14 18:01:47   infectivity-multiplier =      1.0
2023-02-14 18:01:47   virion-production =           1.1
2023-02-14 18:01:47   virion-production-multiplier = 1.0
2023-02-14 18:01:47   virion-clearance =            0.004
2023-02-14 18:01:47   virion-diffusion =            0.15
2023-02-14 18:01:47   chemokine-production =        1.0
2023-02-14 18:01:47   chemokine-decay =             0.01
2023-02-14 18:01:47   chemokine-diffusion =         1.0
2023-02-14 18:01:47   min-chemokine =               1e-06
2023-02-14 18:01:47   antibody-factor =             1
2023-02-14 18:01:47   antibody-period =             5760
2023-02-14 18:01:47   tcell-generation-rate =       105000
2023-02-14 18:01:47   tcell-initial-delay =         10080
2023-02-14 18:01:47   tcell-vascular-period =       5760
2023-02-14 18:01:47   tcell-tissue-period =         1440
2023-02-14 18:01:47   tcell-binding-period =        10
2023-02-14 18:01:47   max-binding-prob =            1
2023-02-14 18:01:47   tcells-follow-gradient =      false
2023-02-14 18:01:47   seed =                        2
2023-02-14 18:01:47   sample-period =               0
2023-02-14 18:01:47   sample-resolution =           1
2023-02-14 18:01:47   max-block-dim =               10
2023-02-14 18:01:47   output =                      exp_results/per_600_inf_0.01/init_999/2
2023-02-14 18:01:47 _________________________
2023-02-14 18:01:47 Starting run with 64 processes on 2 nodes at 02/14/23 18:01:47
2023-02-14 18:01:47 Pinned processes, with process 0 (pid 3822538) pinned to core 0
2023-02-14 18:01:47 Using block partitioning
2023-02-14 18:01:47 Initial free memory across all nodes: 152.13GB
2023-02-14 18:01:47 Starting with 76.21GB free on node 0
2023-02-14 18:01:47 Dividing 225000000 grid points into 3515625 squares of size 64 (8^2), with 54932 per process
2023-02-14 18:01:47 Total initial memory required per process is at least 281.63MB with each grid point requiring on average 84 bytes
2023-02-14 18:01:50  --- Elapsed time for tissue.cpp:Tissue:  (exiting barrier) 2023-02-14 18:01:50 ...
2023-02-14 18:01:50           ... (min/my/avg/max, bal) (3.43/3.43/3.43/3.43 s, 1.00) barrier(0.00 s) --- 
2023-02-14 18:01:50 Memory used on node 0 after initialization is  10.89GB
2023-02-14 18:01:50           ... (min/my/avg/max, bal) No-Time barrier(0.00 s) --- 
2023-02-14 18:01:50 Fraction of circulating T cells extravasating is 5.85938e-06
2023-02-14 18:01:50 # datetime                    step    incb       expr       apop       dead       tvas       ttis       chem       virs       chempts    %infct     <%active  lbln>
2023-02-14 18:01:50 [0] <main.cpp:141> WARNING: Time step 0: SUCCESSFUL initial infection at (7500, 7500, 0) after 0 tries
2023-02-14 18:01:50 [02/14/23 18:01:50    0.00s]: 0       1          0          0          0          0          0          0.00e+00   0.00e+00   1.00e+00   0.00       < 0.000 0.016 >
2023-02-14 18:01:52 [02/14/23 18:01:52    1.50s]: 2880    3657       3859       0          2576       0          0          3.36e-05   9.10e+05   3.51e+04   0.00       < 0.016 0.881 >
2023-02-14 18:01:56 [02/14/23 18:01:56    3.79s]: 5760    7689       9999       0          21782      0          0          8.68e-05   2.58e+06   8.27e+04   0.02       < 0.037 0.917 >
2023-02-14 18:02:03 [02/14/23 18:02:03    7.18s]: 8640    12225      16469      0          60653      0          0          1.43e-04   4.36e+06   1.51e+05   0.04       < 0.067 0.949 >
2023-02-14 18:02:15 [02/14/23 18:02:15   11.61s]: 11520   14904      19958      1314       122220     133767853  509        1.92e-04   5.74e+06   2.38e+05   0.07       < 0.106 0.972 >
2023-02-14 18:02:33 [02/14/23 18:02:33   18.52s]: 14400   15014      11003      4680       210668     319072659  2486       2.12e-04   3.91e+06   3.38e+05   0.11       < 0.145 0.975 >
2023-02-14 18:02:59 [02/14/23 18:02:59   26.15s]: 17280   14544      5670       5968       307675     431457887  4148       1.95e-04   2.29e+06   4.46e+05   0.15       < 0.177 0.966 >
2023-02-14 18:03:32 [02/14/23 18:03:32   32.49s]: 20160   14320      3663       6864       410685     499617383  5748       1.84e-04   1.68e+06   5.63e+05   0.19       < 0.204 0.967 >
2023-02-14 18:04:10 [02/14/23 18:04:10   38.73s]: 23040   14105      2099       6880       520929     540954332  7028       1.57e-04   9.83e+05   6.87e+05   0.24       < 0.226 0.970 >
2023-02-14 18:04:54 [02/14/23 18:04:54   43.97s]: 25920   14862      1951       7786       637766     566023737  8145       1.64e-04   9.75e+05   8.19e+05   0.29       < 0.247 0.973 >
2023-02-14 18:05:43 [02/14/23 18:05:43   48.48s]: 28800   14808      1322       7543       763711     581226786  8947       1.49e-04   6.85e+05   9.58e+05   0.35       < 0.267 0.966 >
2023-02-14 18:06:36 [02/14/23 18:06:36   53.35s]: 31680   16492      1578       8915       895755     590446110  10022      1.62e-04   8.49e+05   1.11e+06   0.41       < 0.289 0.961 >
2023-02-14 18:07:36 [02/14/23 18:07:36   59.57s]: 34560   17567      1923       9624       1040120    596036133  10892      1.82e-04   9.44e+05   1.27e+06   0.48       < 0.312 0.982 >
2023-02-14 18:08:41 [02/14/23 18:08:41   65.00s]: 37440   17827      1513       9948       1194735    599424961  11838      1.71e-04   8.44e+05   1.44e+06   0.54       < 0.336 0.969 >
2023-02-14 18:09:51 [02/14/23 18:09:51   69.77s]: 40320   18238      1325       10292      1354359    601479084  12415      1.69e-04   7.42e+05   1.61e+06   0.62       < 0.356 0.977 >
2023-02-14 18:11:05 [02/14/23 18:11:05   74.30s]: 43200   19945      1518       11014      1524693    602724191  13309      1.92e-04   8.83e+05   1.80e+06   0.69       < 0.377 0.976 >
2023-02-14 18:12:26 [02/14/23 18:12:26   81.34s]: 46080   20617      1722       12001      1708476    603477337  14608      2.03e-04   9.38e+05   2.00e+06   0.77       < 0.403 0.978 >
2023-02-14 18:13:54 [02/14/23 18:13:54   87.82s]: 48960   23583      2054       13000      1899336    603933129  14962      2.32e-04   1.11e+06   2.21e+06   0.86       < 0.429 0.972 >
2023-02-14 18:15:29 [02/14/23 18:15:29   95.10s]: 51840   24442      2062       13334      2107358    604208217  15903      2.38e-04   1.11e+06   2.43e+06   0.95       < 0.452 0.982 >
2023-02-14 18:17:10 [02/14/23 18:17:10  100.97s]: 54720   24959      2086       13764      2323234    604373447  16890      2.38e-04   1.10e+06   2.66e+06   1.05       < 0.478 0.964 >
2023-02-14 18:18:57 [02/14/23 18:18:57  106.87s]: 57600   25311      2039       14113      2547869    604472354  17465      2.39e-04   1.13e+06   2.90e+06   1.15       < 0.500 0.978 >
2023-02-14 18:20:49 [02/14/23 18:20:49  111.71s]: 60480   25618      2068       14679      2780265    604530951  18475      2.50e-04   1.13e+06   3.14e+06   1.25       < 0.520 0.980 >
2023-02-14 18:22:45 [02/14/23 18:22:45  116.43s]: 63360   27600      2155       15192      3021642    604565405  19296      2.60e-04   1.16e+06   3.40e+06   1.36       < 0.544 0.978 >
2023-02-14 18:24:47 [02/14/23 18:24:47  121.74s]: 66240   28793      2285       16370      3274280    604585262  19899      2.72e-04   1.30e+06   3.67e+06   1.48       < 0.568 0.990 >
2023-02-14 18:26:58 [02/14/23 18:26:58  131.34s]: 69120   29759      2220       16963      3536597    604595956  20936      2.83e-04   1.29e+06   3.95e+06   1.59       < 0.592 0.980 >
2023-02-14 18:29:16 [02/14/23 18:29:16  138.05s]: 72000   32227      2817       17886      3810366    604601384  21496      3.12e-04   1.44e+06   4.24e+06   1.72       < 0.618 0.983 >
2023-02-14 18:31:40 [02/14/23 18:31:40  143.86s]: 74880   32310      2596       17909      4096090    604602976  22623      3.08e-04   1.39e+06   4.54e+06   1.84       < 0.641 0.980 >
2023-02-14 18:34:10 [02/14/23 18:34:10  150.37s]: 77760   34551      2756       19119      4393182    604602419  23242      3.32e-04   1.48e+06   4.86e+06   1.98       < 0.666 0.978 >
2023-02-14 18:36:47 [02/14/23 18:36:47  156.36s]: 80640   34670      2621       19319      4700530    604601403  24102      3.26e-04   1.44e+06   5.17e+06   2.11       < 0.690 0.984 >
2023-02-14 18:39:30 [02/14/23 18:39:30  163.06s]: 83520   35169      2680       19856      5012608    604599244  25033      3.32e-04   1.49e+06   5.50e+06   2.25       < 0.715 0.979 >
2023-02-14 18:42:19 [02/14/23 18:42:19  169.18s]: 86400   36382      2881       19731      5334837    604596940  25695      3.46e-04   1.58e+06   5.85e+06   2.40       < 0.741 0.980 >
2023-02-14 18:45:15 [02/14/23 18:45:15  176.10s]: 89280   36370      2727       20815      5663646    604593705  26448      3.33e-04   1.46e+06   6.19e+06   2.54       < 0.762 0.982 >
2023-02-14 18:48:17 [02/14/23 18:48:17  182.26s]: 92160   39302      2860       21911      6003449    604591057  27336      3.61e-04   1.54e+06   6.55e+06   2.70       < 0.781 0.988 >
2023-02-14 18:51:31 [02/14/23 18:51:31  193.46s]: 95040   41385      3428       22494      6360836    604587789  28152      3.89e-04   1.80e+06   6.92e+06   2.86       < 0.815 0.984 >
2023-02-14 18:54:54 [02/14/23 18:54:54  202.81s]: 97920   39336      2705       22850      6726395    604584424  29225      3.69e-04   1.63e+06   7.30e+06   3.02       < 0.840 0.984 >
2023-02-14 18:58:20 [02/14/23 18:58:20  206.45s]: 100800  43325      3572       24234      7097584    604581278  30168      4.12e-04   1.88e+06   7.69e+06   3.19       < 0.862 0.983 >
2023-02-14 19:01:55 [02/14/23 19:01:55  214.67s]: 103680  43372      3353       24190      7489906    604578102  30848      3.99e-04   1.81e+06   8.09e+06   3.36       < 0.890 0.982 >
2023-02-14 19:05:35 [02/14/23 19:05:35  220.44s]: 106560  44534      3495       25157      7883972    604575123  31307      4.21e-04   1.80e+06   8.50e+06   3.54       < 0.911 0.987 >
2023-02-14 19:09:20 [02/14/23 19:09:20  224.48s]: 109440  46348      3449       25232      8289046    604572339  32044      4.19e-04   1.82e+06   8.92e+06   3.72       < 0.923 0.987 >
2023-02-14 19:13:09 [02/14/23 19:13:09  229.34s]: 112320  46706      3832       26658      8710415    604568684  33370      4.50e-04   2.14e+06   9.35e+06   3.91       < 0.948 0.983 >
2023-02-14 19:17:07 [02/14/23 19:17:07  237.57s]: 115200  47323      3852       26355      9136595    604565261  33768      4.43e-04   2.01e+06   9.79e+06   4.10       < 0.980 0.987 >
2023-02-14 19:21:11 [02/14/23 19:21:11  244.58s]: 118080  48656      4109       27487      9569638    604562484  34368      4.67e-04   2.12e+06   1.02e+07   4.29       < 1.001 0.987 >
2023-02-14 19:25:25 [02/14/23 19:25:25  253.96s]: 120960  51352      3810       28116      10020408   604558797  35678      4.74e-04   2.12e+06   1.07e+07   4.49       < 1.018 0.985 >
2023-02-14 19:29:46 [02/14/23 19:29:46  261.01s]: 123840  52533      4646       29178      10481857   604555555  36287      5.08e-04   2.37e+06   1.12e+07   4.70       < 1.049 0.986 >
2023-02-14 19:34:13 [02/14/23 19:34:13  266.91s]: 126720  53053      4424       29288      10953259   604552201  37183      4.94e-04   2.29e+06   1.17e+07   4.91       < 1.071 0.985 >
2023-02-14 19:38:41 [02/14/23 19:38:41  267.39s]: 129600  54861      4651       30889      11428516   604548988  38042      5.20e-04   2.49e+06   1.22e+07   5.12       < 1.093 0.982 >
2023-02-14 19:43:14 [02/14/23 19:43:14  273.77s]: 132480  55970      4609       31499      11926123   604545426  38847      5.50e-04   2.57e+06   1.27e+07   5.34       < 1.118 0.988 >
2023-02-14 19:47:58 [02/14/23 19:47:58  283.86s]: 135360  55864      4539       31564      12427174   604541945  39586      5.37e-04   2.45e+06   1.32e+07   5.56       < 1.144 0.986 >
2023-02-14 19:52:52 [02/14/23 19:52:52  294.04s]: 138240  59733      4741       33034      12940527   604539062  40735      5.70e-04   2.61e+06   1.37e+07   5.79       < 1.170 0.990 >
2023-02-14 19:57:54 [02/14/23 19:57:54  301.45s]: 141120  59877      5054       33449      13470618   604535175  41472      5.76e-04   2.63e+06   1.43e+07   6.03       < 1.196 0.982 >
2023-02-14 20:03:01 [02/14/23 20:03:01  307.36s]: 144000  60578      4713       33487      14008267   604531227  42641      5.67e-04   2.52e+06   1.48e+07   6.27       < 1.222 0.990 >
2023-02-14 20:03:01 [02/14/23 20:03:01    0.50s]: 144004  60552      4720       33470      14009035   604531230  42653      5.67e-04   2.52e+06   1.48e+07   6.27       < 1.222 0.990 >
2023-02-14 20:03:02  ---  main.cpp:generate tcells took  avg 0.05 s max 0.08 s balance 0.71  --- 
2023-02-14 20:03:02  ---  main.cpp:update circulating tcells took  avg 52.96 s max 56.79 s balance 0.93  --- 
2023-02-14 20:03:02  ---  main.cpp:update tcells took  avg 495.90 s max 539.64 s balance 0.92  --- 
2023-02-14 20:03:02  ---  main.cpp:update epicells took  avg 167.12 s max 169.57 s balance 0.99  --- 
2023-02-14 20:03:02  ---  main.cpp:update concentrations took  avg 1839.74 s max 1892.41 s balance 0.97  --- 
2023-02-14 20:03:02  ---  main.cpp:compute updates took  avg 4230.41 s max 4230.55 s balance 1.00  --- 
2023-02-14 20:03:02  ---  main.cpp:dispatch updates took  avg 1888.69 s max 2030.58 s balance 0.93  --- 
2023-02-14 20:03:02  ---  main.cpp:add new actives took  avg 87.43 s max 89.99 s balance 0.97  --- 
2023-02-14 20:03:02  ---  main.cpp:erase inactive took  avg 742.22 s max 767.07 s balance 0.97  --- 
2023-02-14 20:03:02  ---  main.cpp:sample took  avg 0.00 s max 0.00 s balance -nan  --- 
2023-02-14 20:03:02  ---  main.cpp:sample write took  avg 0.00 s max 0.00 s balance -nan  --- 
2023-02-14 20:03:02  ---  main.cpp:log took  avg 11.81 s max 11.92 s balance 0.99  --- 
2023-02-14 20:03:02 Finished 144005 time steps in 7271.0369 s (0.0505 s per step)
2023-02-14 20:03:02  --- Elapsed time for main.cpp:run_sim:  (exiting barrier) 2023-02-14 20:03:02 ...
2023-02-14 20:03:02           ... (min/my/avg/max, bal) (7271.04/7271.04/7271.04/7271.04 s, 1.00) barrier(0.00 s) --- 
2023-02-14 20:03:02 Peak memory used across all nodes: 24.06GB
2023-02-14 20:03:02 Finished in 7274.66 s at 02/14/23 20:03:02 for SimCov version 0.1.1.8024051-dirty
