2023-02-14 23:00:06 SimCov version SimCov version 0.1.1.8024051-dirty-master built on 20230202_132828
2023-02-14 23:00:06 _________________________
2023-02-14 23:00:06 Compiler definitions:
2023-02-14 23:00:06   _XOPEN_SOURCE=700
2023-02-14 23:00:06   CONFIG_USE_COLORS
2023-02-14 23:00:06   USE_BYTELL
2023-02-14 23:00:06   MAX_VIRIONS=125000
2023-02-14 23:00:06   MIN_VIRIONS=1e-10
2023-02-14 23:00:06   BLOCK_PARTITION
2023-02-14 23:00:06   MIN_BLOCKS_PER_PROC=1
2023-02-14 23:00:06   AVERAGE_SUBSAMPLE
2023-02-14 23:00:06 _________________________
2023-02-14 23:00:06 Options:
2023-02-14 23:00:06   dim =                         15000 15000 1
2023-02-14 23:00:06   whole-lung-dim =              48000 40000 20000
2023-02-14 23:00:06   timesteps =                   144005
2023-02-14 23:00:06   infection-coords =            uniform:1
2023-02-14 23:00:06   initial-infection =           999
2023-02-14 23:00:06   incubation-period =           600
2023-02-14 23:00:06   apoptosis-period =            180
2023-02-14 23:00:06   expressing-period =           900
2023-02-14 23:00:06   infectivity =                 0.01
2023-02-14 23:00:06   infectivity-multiplier =      1.0
2023-02-14 23:00:06   virion-production =           1.1
2023-02-14 23:00:06   virion-production-multiplier = 1.0
2023-02-14 23:00:06   virion-clearance =            0.004
2023-02-14 23:00:06   virion-diffusion =            0.15
2023-02-14 23:00:06   chemokine-production =        1.0
2023-02-14 23:00:06   chemokine-decay =             0.01
2023-02-14 23:00:06   chemokine-diffusion =         1.0
2023-02-14 23:00:06   min-chemokine =               1e-06
2023-02-14 23:00:06   antibody-factor =             1
2023-02-14 23:00:06   antibody-period =             5760
2023-02-14 23:00:06   tcell-generation-rate =       105000
2023-02-14 23:00:06   tcell-initial-delay =         10080
2023-02-14 23:00:06   tcell-vascular-period =       5760
2023-02-14 23:00:06   tcell-tissue-period =         1440
2023-02-14 23:00:06   tcell-binding-period =        10
2023-02-14 23:00:06   max-binding-prob =            1
2023-02-14 23:00:06   tcells-follow-gradient =      false
2023-02-14 23:00:06   seed =                        4
2023-02-14 23:00:06   sample-period =               0
2023-02-14 23:00:06   sample-resolution =           1
2023-02-14 23:00:06   max-block-dim =               10
2023-02-14 23:00:06   output =                      exp_results/per_600_inf_0.01/init_999/4
2023-02-14 23:00:06 _________________________
2023-02-14 23:00:06 Starting run with 64 processes on 2 nodes at 02/14/23 23:00:06
2023-02-14 23:00:06 Pinned processes, with process 0 (pid 2195832) pinned to core 0
2023-02-14 23:00:06 Using block partitioning
2023-02-14 23:00:06 Initial free memory across all nodes: 152.37GB
2023-02-14 23:00:06 Starting with 76.00GB free on node 0
2023-02-14 23:00:06 Dividing 225000000 grid points into 3515625 squares of size 64 (8^2), with 54932 per process
2023-02-14 23:00:06 Total initial memory required per process is at least 281.63MB with each grid point requiring on average 84 bytes
2023-02-14 23:00:10  --- Elapsed time for tissue.cpp:Tissue:  (exiting barrier) 2023-02-14 23:00:10 ...
2023-02-14 23:00:10           ... (min/my/avg/max, bal) (3.56/3.56/3.56/3.56 s, 1.00) barrier(0.00 s) --- 
2023-02-14 23:00:10 Memory used on node 0 after initialization is  10.90GB
2023-02-14 23:00:10           ... (min/my/avg/max, bal) No-Time barrier(0.00 s) --- 
2023-02-14 23:00:10 Fraction of circulating T cells extravasating is 5.85938e-06
2023-02-14 23:00:10 # datetime                    step    incb       expr       apop       dead       tvas       ttis       chem       virs       chempts    %infct     <%active  lbln>
2023-02-14 23:00:10 [0] <main.cpp:141> WARNING: Time step 0: SUCCESSFUL initial infection at (7500, 7500, 0) after 0 tries
2023-02-14 23:00:10 [02/14/23 23:00:10    0.00s]: 0       1          0          0          0          0          0          0.00e+00   0.00e+00   1.00e+00   0.00       < 0.000 0.016 >
2023-02-14 23:00:11 [02/14/23 23:00:11    1.58s]: 2880    3544       3904       0          2664       0          0          3.42e-05   9.27e+05   3.52e+04   0.00       < 0.016 0.858 >
2023-02-14 23:00:15 [02/14/23 23:00:15    3.83s]: 5760    7763       10003      0          21907      0          0          8.62e-05   2.62e+06   8.32e+04   0.02       < 0.037 0.923 >
2023-02-14 23:00:22 [02/14/23 23:00:22    7.11s]: 8640    11761      16141      0          60786      0          0          1.39e-04   4.30e+06   1.50e+05   0.04       < 0.067 0.944 >
2023-02-14 23:00:34 [02/14/23 23:00:34   11.65s]: 11520   14961      20226      1375       121666     133767731  533        1.95e-04   5.82e+06   2.38e+05   0.07       < 0.106 0.975 >
2023-02-14 23:00:53 [02/14/23 23:00:53   18.60s]: 14400   14287      11591      4745       210512     319072293  2569       2.10e-04   3.94e+06   3.38e+05   0.11       < 0.144 0.979 >
2023-02-14 23:01:19 [02/14/23 23:01:19   26.14s]: 17280   14197      5065       6043       307623     431457324  4270       1.92e-04   2.25e+06   4.46e+05   0.15       < 0.177 0.969 >
2023-02-14 23:01:51 [02/14/23 23:01:51   32.54s]: 20160   14386      3074       6406       409380     499616837  5761       1.74e-04   1.42e+06   5.61e+05   0.19       < 0.203 0.975 >
2023-02-14 23:02:30 [02/14/23 23:02:30   38.93s]: 23040   15067      2292       6938       519022     540953906  7075       1.64e-04   1.07e+06   6.86e+05   0.24       < 0.226 0.969 >
2023-02-14 23:03:15 [02/14/23 23:03:15   44.24s]: 25920   14646      1440       7547       637174     566023267  7994       1.55e-04   8.37e+05   8.17e+05   0.29       < 0.247 0.978 >
2023-02-14 23:04:04 [02/14/23 23:04:04   49.06s]: 28800   15498      1707       7901       760783     581226687  9012       1.55e-04   8.52e+05   9.56e+05   0.35       < 0.267 0.970 >
2023-02-14 23:04:57 [02/14/23 23:04:57   53.81s]: 31680   15725      1694       8671       895321     590446051  9951       1.60e-04   8.36e+05   1.11e+06   0.41       < 0.288 0.971 >
2023-02-14 23:05:58 [02/14/23 23:05:58   60.32s]: 34560   17041      1398       9413       1037945    596035890  10902      1.66e-04   7.90e+05   1.26e+06   0.47       < 0.311 0.968 >
2023-02-14 23:07:03 [02/14/23 23:07:03   65.06s]: 37440   18083      1389       9672       1188838    599425296  11581      1.68e-04   7.65e+05   1.43e+06   0.54       < 0.332 0.966 >
2023-02-14 23:08:13 [02/14/23 23:08:13   69.83s]: 40320   18494      1563       10429      1350040    601479584  12580      1.74e-04   8.20e+05   1.61e+06   0.61       < 0.355 0.978 >
2023-02-14 23:09:28 [02/14/23 23:09:28   75.44s]: 43200   20625      1678       10966      1519415    602724197  13187      1.96e-04   8.91e+05   1.79e+06   0.69       < 0.379 0.975 >
2023-02-14 23:10:50 [02/14/23 23:10:50   82.26s]: 46080   20994      1683       11712      1701906    603477599  14195      2.04e-04   9.26e+05   1.99e+06   0.77       < 0.401 0.971 >
2023-02-14 23:12:19 [02/14/23 23:12:19   88.36s]: 48960   21388      1726       12111      1892843    603933107  14875      2.05e-04   9.11e+05   2.19e+06   0.86       < 0.426 0.979 >
2023-02-14 23:13:54 [02/14/23 23:13:54   95.56s]: 51840   23096      2004       12664      2089939    604208275  15828      2.15e-04   1.03e+06   2.41e+06   0.95       < 0.448 0.979 >
2023-02-14 23:15:35 [02/14/23 23:15:35  100.99s]: 54720   24588      1958       13661      2304240    604373856  16647      2.27e-04   1.04e+06   2.64e+06   1.04       < 0.470 0.983 >
2023-02-14 23:17:22 [02/14/23 23:17:22  107.17s]: 57600   26282      2148       14329      2527968    604472882  17548      2.55e-04   1.19e+06   2.88e+06   1.14       < 0.501 0.972 >
2023-02-14 23:19:16 [02/14/23 23:19:16  114.03s]: 60480   27373      2386       15037      2764317    604531772  18117      2.68e-04   1.31e+06   3.13e+06   1.25       < 0.525 0.967 >
2023-02-14 23:21:15 [02/14/23 23:21:15  119.10s]: 63360   27044      2320       15744      3007353    604565697  19432      2.56e-04   1.22e+06   3.39e+06   1.36       < 0.546 0.982 >
2023-02-14 23:23:20 [02/14/23 23:23:20  124.45s]: 66240   28279      2074       15561      3254626    604585625  19734      2.63e-04   1.15e+06   3.65e+06   1.47       < 0.570 0.974 >
2023-02-14 23:25:32 [02/14/23 23:25:32  132.50s]: 69120   28893      2288       16659      3511036    604596336  20673      2.62e-04   1.21e+06   3.93e+06   1.58       < 0.590 0.983 >
2023-02-14 23:27:51 [02/14/23 23:27:51  138.11s]: 72000   32309      2576       17732      3782152    604601466  21727      3.06e-04   1.43e+06   4.22e+06   1.70       < 0.616 0.977 >
2023-02-14 23:30:16 [02/14/23 23:30:16  145.67s]: 74880   34548      2905       18638      4072677    604603390  22564      3.28e-04   1.53e+06   4.52e+06   1.84       < 0.651 0.983 >
2023-02-14 23:32:50 [02/14/23 23:32:50  153.35s]: 77760   34102      2858       18848      4376776    604602487  23649      3.25e-04   1.48e+06   4.84e+06   1.97       < 0.673 0.976 >
2023-02-14 23:35:30 [02/14/23 23:35:30  160.31s]: 80640   35340      2643       19320      4688438    604600536  24538      3.36e-04   1.46e+06   5.16e+06   2.11       < 0.701 0.984 >
2023-02-14 23:38:16 [02/14/23 23:38:16  166.18s]: 83520   35943      2757       19859      5004852    604598978  24841      3.39e-04   1.55e+06   5.49e+06   2.25       < 0.725 0.979 >
2023-02-14 23:41:07 [02/14/23 23:41:07  170.75s]: 86400   36807      2885       20640      5332223    604596740  25799      3.43e-04   1.53e+06   5.84e+06   2.40       < 0.742 0.986 >
2023-02-14 23:44:03 [02/14/23 23:44:03  176.39s]: 89280   37465      2856       21143      5666261    604593827  26733      3.48e-04   1.57e+06   6.19e+06   2.55       < 0.760 0.983 >
2023-02-14 23:47:08 [02/14/23 23:47:08  184.45s]: 92160   38865      2882       21677      6006709    604591116  27140      3.65e-04   1.62e+06   6.54e+06   2.70       < 0.784 0.985 >
2023-02-14 23:50:18 [02/14/23 23:50:18  190.61s]: 95040   41079      3668       23107      6361741    604587835  28298      4.02e-04   1.86e+06   6.92e+06   2.86       < 0.805 0.990 >
2023-02-14 23:53:43 [02/14/23 23:53:43  204.77s]: 97920   43108      3465       23652      6735292    604583806  29393      4.03e-04   1.83e+06   7.31e+06   3.02       < 0.835 0.984 >
2023-02-14 23:57:10 [02/14/23 23:57:10  207.37s]: 100800  40184      3070       23015      7114750    604580674  29910      3.87e-04   1.73e+06   7.69e+06   3.19       < 0.857 0.985 >
2023-02-15 00:00:44 [02/15/23 00:00:44  213.60s]: 103680  43053      3758       24738      7495094    604578300  30390      4.17e-04   1.97e+06   8.09e+06   3.36       < 0.877 0.984 >
2023-02-15 00:04:22 [02/15/23 00:04:22  218.01s]: 106560  44962      3430       25037      7888150    604575039  31426      4.21e-04   1.87e+06   8.50e+06   3.54       < 0.895 0.983 >
2023-02-15 00:08:07 [02/15/23 00:08:07  224.61s]: 109440  47471      3840       26266      8297111    604571597  32091      4.49e-04   2.04e+06   8.93e+06   3.72       < 0.922 0.990 >
2023-02-15 00:11:58 [02/15/23 00:11:58  231.32s]: 112320  48129      3992       26785      8722406    604567990  33407      4.66e-04   2.15e+06   9.36e+06   3.91       < 0.952 0.990 >
2023-02-15 00:15:56 [02/15/23 00:15:56  238.50s]: 115200  49548      4190       27038      9153251    604564896  33698      4.72e-04   2.15e+06   9.81e+06   4.10       < 0.975 0.987 >
2023-02-15 00:20:01 [02/15/23 00:20:01  244.82s]: 118080  51398      4579       28592      9596323    604561557  34668      4.93e-04   2.49e+06   1.03e+07   4.30       < 0.999 0.985 >
2023-02-15 00:24:13 [02/15/23 00:24:13  251.61s]: 120960  50486      3801       28215      10052911   604558365  35643      4.75e-04   2.10e+06   1.07e+07   4.50       < 1.022 0.974 >
2023-02-15 00:28:30 [02/15/23 00:28:30  257.31s]: 123840  52329      4245       29151      10514889   604555674  36041      5.03e-04   2.27e+06   1.12e+07   4.71       < 1.048 0.983 >
2023-02-15 00:32:53 [02/15/23 00:32:53  262.88s]: 126720  52172      4120       29995      10988751   604552316  37338      5.08e-04   2.28e+06   1.17e+07   4.92       < 1.068 0.985 >
2023-02-15 00:37:24 [02/15/23 00:37:24  270.46s]: 129600  53246      4317       29800      11465342   604549164  37922      5.04e-04   2.21e+06   1.22e+07   5.13       < 1.088 0.977 >
2023-02-15 00:41:59 [02/15/23 00:41:59  275.99s]: 132480  56410      4577       30722      11949054   604546366  38515      5.26e-04   2.40e+06   1.27e+07   5.35       < 1.111 0.987 >
2023-02-15 00:46:45 [02/15/23 00:46:45  285.81s]: 135360  56356      4497       31983      12456010   604542886  39631      5.47e-04   2.44e+06   1.32e+07   5.58       < 1.143 0.987 >
2023-02-15 00:51:52 [02/15/23 00:51:52  307.18s]: 138240  59024      4528       32638      12971153   604539562  40329      5.56e-04   2.47e+06   1.38e+07   5.81       < 1.170 0.978 >
2023-02-15 00:56:57 [02/15/23 00:56:57  304.84s]: 141120  60529      5343       33593      13498890   604535813  41533      5.79e-04   2.76e+06   1.43e+07   6.04       < 1.196 0.985 >
2023-02-15 01:02:07 [02/15/23 01:02:07  309.50s]: 144000  58517      4438       33478      14031982   604532407  41917      5.58e-04   2.51e+06   1.48e+07   6.28       < 1.218 0.985 >
2023-02-15 01:02:07 [02/15/23 01:02:07    0.43s]: 144004  58528      4437       33388      14032800   604532381  41924      5.58e-04   2.51e+06   1.48e+07   6.28       < 1.218 0.985 >
2023-02-15 01:02:07  ---  main.cpp:generate tcells took  avg 0.05 s max 0.07 s balance 0.71  --- 
2023-02-15 01:02:07  ---  main.cpp:update circulating tcells took  avg 54.73 s max 58.54 s balance 0.93  --- 
2023-02-15 01:02:07  ---  main.cpp:update tcells took  avg 505.00 s max 551.64 s balance 0.92  --- 
2023-02-15 01:02:07  ---  main.cpp:update epicells took  avg 167.51 s max 175.96 s balance 0.95  --- 
2023-02-15 01:02:07  ---  main.cpp:update concentrations took  avg 1839.59 s max 1888.37 s balance 0.97  --- 
2023-02-15 01:02:07  ---  main.cpp:compute updates took  avg 4261.96 s max 4262.06 s balance 1.00  --- 
2023-02-15 01:02:07  ---  main.cpp:dispatch updates took  avg 1908.25 s max 2055.25 s balance 0.93  --- 
2023-02-15 01:02:07  ---  main.cpp:add new actives took  avg 86.68 s max 89.64 s balance 0.97  --- 
2023-02-15 01:02:07  ---  main.cpp:erase inactive took  avg 743.30 s max 766.22 s balance 0.97  --- 
2023-02-15 01:02:07  ---  main.cpp:sample took  avg 0.00 s max 0.00 s balance -nan  --- 
2023-02-15 01:02:07  ---  main.cpp:sample write took  avg 0.00 s max 0.00 s balance -nan  --- 
2023-02-15 01:02:07  ---  main.cpp:log took  avg 12.63 s max 12.66 s balance 1.00  --- 
2023-02-15 01:02:07 Finished 144005 time steps in 7317.3577 s (0.0508 s per step)
2023-02-15 01:02:07  --- Elapsed time for main.cpp:run_sim:  (exiting barrier) 2023-02-15 01:02:07 ...
2023-02-15 01:02:07           ... (min/my/avg/max, bal) (7317.36/7317.36/7317.36/7317.36 s, 1.00) barrier(0.00 s) --- 
2023-02-15 01:02:08 Peak memory used across all nodes: 24.07GB
2023-02-15 01:02:08 Finished in 7321.36 s at 02/15/23 01:02:08 for SimCov version 0.1.1.8024051-dirty
