2023-02-17 08:15:13 SimCov version SimCov version 0.1.1.8024051-dirty-master built on 20230216_082905
2023-02-17 08:15:13 _________________________
2023-02-17 08:15:13 Compiler definitions:
2023-02-17 08:15:13   _XOPEN_SOURCE=700
2023-02-17 08:15:13   CONFIG_USE_COLORS
2023-02-17 08:15:13   USE_BYTELL
2023-02-17 08:15:13   MAX_VIRIONS=125000
2023-02-17 08:15:13   MIN_VIRIONS=1e-10
2023-02-17 08:15:13   BLOCK_PARTITION
2023-02-17 08:15:13   MIN_BLOCKS_PER_PROC=1
2023-02-17 08:15:13   AVERAGE_SUBSAMPLE
2023-02-17 08:15:13 _________________________
2023-02-17 08:15:13 Options:
2023-02-17 08:15:13   dim =                         15000 15000 1
2023-02-17 08:15:13   whole-lung-dim =              48000 40000 20000
2023-02-17 08:15:13   timesteps =                   144005
2023-02-17 08:15:13   infection-coords =            uniform:1
2023-02-17 08:15:13   initial-infection =           999
2023-02-17 08:15:13   incubation-period =           300
2023-02-17 08:15:13   apoptosis-period =            180
2023-02-17 08:15:13   expressing-period =           900
2023-02-17 08:15:13   infectivity =                 0.001
2023-02-17 08:15:13   infectivity-multiplier =      1.0
2023-02-17 08:15:13   virion-production =           1.1
2023-02-17 08:15:13   virion-production-multiplier = 1.0
2023-02-17 08:15:13   virion-clearance =            0.004
2023-02-17 08:15:13   virion-diffusion =            0.15
2023-02-17 08:15:13   chemokine-production =        1.0
2023-02-17 08:15:13   chemokine-decay =             0.01
2023-02-17 08:15:13   chemokine-diffusion =         1.0
2023-02-17 08:15:13   min-chemokine =               1e-06
2023-02-17 08:15:13   antibody-factor =             1
2023-02-17 08:15:13   antibody-period =             5760
2023-02-17 08:15:13   tcell-generation-rate =       105000
2023-02-17 08:15:13   tcell-initial-delay =         10080
2023-02-17 08:15:13   tcell-vascular-period =       5760
2023-02-17 08:15:13   tcell-tissue-period =         1440
2023-02-17 08:15:13   tcell-binding-period =        10
2023-02-17 08:15:13   max-binding-prob =            1
2023-02-17 08:15:13   tcells-follow-gradient =      false
2023-02-17 08:15:13   seed =                        9
2023-02-17 08:15:13   sample-period =               0
2023-02-17 08:15:13   sample-resolution =           1
2023-02-17 08:15:13   max-block-dim =               10
2023-02-17 08:15:13   output =                      exp_results/per_300_inf_0.001/init_999/9
2023-02-17 08:15:13 _________________________
2023-02-17 08:15:13 Starting run with 64 processes on 2 nodes at 02/17/23 08:15:13
2023-02-17 08:15:13 Pinned processes, with process 0 (pid 3881278) pinned to core 0
2023-02-17 08:15:13 Using block partitioning
2023-02-17 08:15:13 Initial free memory across all nodes: 152.24GB
2023-02-17 08:15:13 Starting with 76.41GB free on node 0
2023-02-17 08:15:13 Dividing 225000000 grid points into 3515625 squares of size 64 (8^2), with 54932 per process
2023-02-17 08:15:13 Total initial memory required per process is at least 281.63MB with each grid point requiring on average 84 bytes
2023-02-17 08:15:16  --- Elapsed time for tissue.cpp:Tissue:  (exiting barrier) 2023-02-17 08:15:16 ...
2023-02-17 08:15:16           ... (min/my/avg/max, bal) (3.49/3.49/3.49/3.49 s, 1.00) barrier(0.00 s) --- 
2023-02-17 08:15:16 Memory used on node 0 after initialization is  10.90GB
2023-02-17 08:15:16           ... (min/my/avg/max, bal) No-Time barrier(0.00 s) --- 
2023-02-17 08:15:16 Fraction of circulating T cells extravasating is 5.85938e-06
2023-02-17 08:15:16 # datetime                    step    incb       expr       apop       dead       tvas       ttis       chem       virs       chempts    %infct     <%active  lbln>
2023-02-17 08:15:16 [0] <main.cpp:141> WARNING: Time step 0: SUCCESSFUL initial infection at (7500, 7500, 0) after 0 tries
2023-02-17 08:15:16 [02/17/23 08:15:16    0.00s]: 0       1          0          0          0          0          0          0.00e+00   0.00e+00   1.00e+00   0.00       < 0.000 0.016 >
2023-02-17 08:15:18 [02/17/23 08:15:18    1.62s]: 2880    2078       4812       0          3145       0          0          3.99e-05   1.15e+06   3.84e+04   0.00       < 0.017 0.854 >
2023-02-17 08:15:22 [02/17/23 08:15:22    4.14s]: 5760    4726       12325      0          26514      0          0          1.03e-04   3.17e+06   9.38e+04   0.02       < 0.042 0.928 >
2023-02-17 08:15:30 [02/17/23 08:15:30    8.02s]: 8640    7120       19615      0          74470      0          0          1.65e-04   5.21e+06   1.73e+05   0.04       < 0.077 0.947 >
2023-02-17 08:15:44 [02/17/23 08:15:44   13.39s]: 11520   9002       24714      1415       147088     133767713  563        2.26e-04   7.05e+06   2.76e+05   0.08       < 0.123 0.967 >
2023-02-17 08:16:05 [02/17/23 08:16:05   21.89s]: 14400   9330       15036      5337       249136     319071906  2868       2.53e-04   5.38e+06   3.93e+05   0.12       < 0.166 0.951 >
2023-02-17 08:16:36 [02/17/23 08:16:36   30.46s]: 17280   9882       10900      6883       360036     431456337  4911       2.55e-04   4.09e+06   5.21e+05   0.17       < 0.203 0.969 >
2023-02-17 08:17:15 [02/17/23 08:17:15   38.76s]: 20160   10458      8225       8013       481685     499615135  6515       2.63e-04   3.48e+06   6.61e+05   0.23       < 0.235 0.959 >
2023-02-17 08:18:00 [02/17/23 08:18:00   45.70s]: 23040   10880      7120       8638       614087     540951449  7998       2.73e-04   3.19e+06   8.11e+05   0.28       < 0.263 0.966 >
2023-02-17 08:18:52 [02/17/23 08:18:52   52.10s]: 25920   12081      6605       9262       756887     566020377  9376       2.86e-04   3.05e+06   9.73e+05   0.35       < 0.291 0.976 >
2023-02-17 08:19:53 [02/17/23 08:19:53   60.27s]: 28800   13014      6642       9736       911683     581222300  10568      2.98e-04   2.91e+06   1.15e+06   0.42       < 0.319 0.965 >
2023-02-17 08:20:59 [02/17/23 08:20:59   66.57s]: 31680   13159      5876       10510      1082191    590440505  11772      3.13e-04   2.87e+06   1.33e+06   0.49       < 0.348 0.977 >
2023-02-17 08:22:12 [02/17/23 08:22:12   72.67s]: 34560   14394      6813       11629      1262042    596029847  12808      3.37e-04   3.22e+06   1.53e+06   0.58       < 0.378 0.963 >
2023-02-17 08:23:32 [02/17/23 08:23:32   79.90s]: 37440   14943      6859       12429      1456418    599418147  13661      3.59e-04   3.34e+06   1.75e+06   0.66       < 0.406 0.980 >
2023-02-17 08:25:00 [02/17/23 08:25:00   88.23s]: 40320   16291      7432       13188      1661977    601471711  14728      3.81e-04   3.49e+06   1.97e+06   0.76       < 0.435 0.976 >
2023-02-17 08:26:37 [02/17/23 08:26:37   96.85s]: 43200   17164      7557       14538      1882972    602715054  16020      4.05e-04   3.71e+06   2.21e+06   0.85       < 0.464 0.983 >
2023-02-17 08:28:20 [02/17/23 08:28:20  103.06s]: 46080   18135      8245       14609      2114576    603468017  16826      4.20e-04   3.79e+06   2.46e+06   0.96       < 0.494 0.980 >
2023-02-17 08:30:10 [02/17/23 08:30:10  110.17s]: 48960   19325      8293       15780      2359794    603923271  17894      4.49e-04   4.00e+06   2.73e+06   1.07       < 0.522 0.981 >
2023-02-17 08:32:11 [02/17/23 08:32:11  121.07s]: 51840   20357      8840       17095      2620241    604197653  18901      4.79e-04   4.38e+06   3.01e+06   1.19       < 0.552 0.981 >
2023-02-17 08:34:16 [02/17/23 08:34:16  124.78s]: 54720   20574      9449       18066      2896224    604362381  19982      5.01e-04   4.68e+06   3.30e+06   1.31       < 0.583 0.982 >
2023-02-17 08:36:36 [02/17/23 08:36:36  139.67s]: 57600   22630      10002      18100      3183695    604460638  21018      5.27e-04   4.77e+06   3.61e+06   1.44       < 0.613 0.980 >
2023-02-17 08:38:57 [02/17/23 08:38:57  141.32s]: 60480   23976      10754      19019      3484489    604518690  21524      5.59e-04   5.09e+06   3.93e+06   1.57       < 0.642 0.984 >
2023-02-17 08:41:26 [02/17/23 08:41:26  149.31s]: 63360   24328      10636      20448      3801473    604552317  22847      5.77e-04   5.23e+06   4.27e+06   1.71       < 0.673 0.977 >
2023-02-17 08:44:03 [02/17/23 08:44:03  156.65s]: 66240   25613      12114      21018      4130630    604570956  23975      6.04e-04   5.57e+06   4.62e+06   1.86       < 0.704 0.981 >
2023-02-17 08:46:48 [02/17/23 08:46:48  164.61s]: 69120   27007      11898      21992      4473801    604580770  24785      6.21e-04   5.61e+06   4.98e+06   2.02       < 0.733 0.984 >
2023-02-17 08:49:39 [02/17/23 08:49:39  171.63s]: 72000   27702      12724      22518      4830421    604585581  25910      6.51e-04   5.99e+06   5.35e+06   2.17       < 0.763 0.974 >
2023-02-17 08:52:40 [02/17/23 08:52:40  181.13s]: 74880   28939      12724      23268      5202725    604586630  26948      6.66e-04   6.06e+06   5.74e+06   2.34       < 0.793 0.986 >
2023-02-17 08:55:52 [02/17/23 08:55:52  191.75s]: 77760   29788      13438      24519      5585986    604585798  27931      7.00e-04   6.46e+06   6.15e+06   2.51       < 0.824 0.975 >
2023-02-17 08:59:14 [02/17/23 08:59:14  201.99s]: 80640   30755      13752      25246      5985542    604583427  28937      7.28e-04   6.65e+06   6.56e+06   2.69       < 0.853 0.979 >
2023-02-17 09:02:45 [02/17/23 09:02:45  210.48s]: 83520   31805      14914      26522      6398058    604580252  30175      7.61e-04   7.16e+06   7.00e+06   2.88       < 0.884 0.989 >
2023-02-17 09:06:23 [02/17/23 09:06:23  218.51s]: 86400   32849      14583      26577      6826127    604577235  30996      7.71e-04   7.01e+06   7.44e+06   3.07       < 0.914 0.974 >
2023-02-17 09:10:10 [02/17/23 09:10:10  226.69s]: 89280   33676      15316      27703      7265525    604573979  31910      7.95e-04   7.37e+06   7.90e+06   3.26       < 0.944 0.986 >
2023-02-17 09:14:04 [02/17/23 09:14:04  233.81s]: 92160   34949      15953      28475      7715965    604570671  32850      8.26e-04   7.68e+06   8.37e+06   3.46       < 0.971 0.977 >
2023-02-17 09:18:06 [02/17/23 09:18:06  242.73s]: 95040   35873      15587      29280      8182874    604566949  33697      8.47e-04   7.49e+06   8.86e+06   3.67       < 1.002 0.980 >
2023-02-17 09:22:16 [02/17/23 09:22:16  249.82s]: 97920   37325      17192      30572      8662733    604563102  34766      8.80e-04   8.11e+06   9.36e+06   3.89       < 1.033 0.984 >
2023-02-17 09:26:33 [02/17/23 09:26:33  257.08s]: 100800  37315      16095      30719      9156456    604559094  35599      8.76e-04   7.65e+06   9.87e+06   4.11       < 1.061 0.979 >
2023-02-17 09:30:58 [02/17/23 09:30:58  265.19s]: 103680  38559      16707      32448      9661541    604554813  36782      9.21e-04   8.31e+06   1.04e+07   4.33       < 1.089 0.986 >
2023-02-17 09:35:32 [02/17/23 09:35:32  273.98s]: 106560  39775      18089      32749      10181248   604551316  37154      9.41e-04   8.55e+06   1.09e+07   4.57       < 1.119 0.984 >
2023-02-17 09:40:15 [02/17/23 09:40:15  282.99s]: 109440  40335      17440      32945      10714969   604547284  38602      9.45e-04   8.37e+06   1.15e+07   4.80       < 1.148 0.980 >
2023-02-17 09:45:08 [02/17/23 09:45:08  292.47s]: 112320  41654      18069      34443      11259348   604543113  39757      9.84e-04   8.81e+06   1.20e+07   5.05       < 1.179 0.987 >
2023-02-17 09:50:13 [02/17/23 09:50:13  305.13s]: 115200  42952      18188      34849      11821436   604538631  40825      1.01e-03   8.86e+06   1.26e+07   5.30       < 1.208 0.982 >
2023-02-17 09:55:23 [02/17/23 09:55:23  310.23s]: 118080  44145      19603      36183      12395794   604534811  41776      1.04e-03   9.48e+06   1.32e+07   5.55       < 1.239 0.984 >
2023-02-17 10:00:41 [02/17/23 10:00:41  317.60s]: 120960  45557      21091      37049      12983362   604531083  42437      1.06e-03   9.70e+06   1.38e+07   5.82       < 1.270 0.986 >
2023-02-17 10:06:07 [02/17/23 10:06:07  326.30s]: 123840  45249      19004      38309      13591769   604526658  43860      1.08e-03   9.78e+06   1.45e+07   6.09       < 1.301 0.985 >
2023-02-17 10:11:42 [02/17/23 10:11:42  334.60s]: 126720  46728      20379      38811      14206137   604522954  44491      1.10e-03   9.91e+06   1.51e+07   6.36       < 1.332 0.989 >
2023-02-17 10:17:24 [02/17/23 10:17:24  342.22s]: 129600  47450      20668      39907      14837423   604519483  45358      1.13e-03   1.02e+07   1.57e+07   6.64       < 1.358 0.982 >
2023-02-17 10:23:18 [02/17/23 10:23:18  353.85s]: 132480  49158      22015      40256      15480392   604515479  46656      1.17e-03   1.06e+07   1.64e+07   6.93       < 1.390 0.985 >
2023-02-17 10:29:19 [02/17/23 10:29:19  360.78s]: 135360  49995      22844      41940      16140789   604511499  47485      1.19e-03   1.10e+07   1.71e+07   7.22       < 1.420 0.984 >
2023-02-17 10:35:25 [02/17/23 10:35:25  365.94s]: 138240  50525      23034      42645      16814666   604507906  48647      1.22e-03   1.13e+07   1.78e+07   7.52       < 1.452 0.986 >
2023-02-17 10:41:39 [02/17/23 10:41:39  374.60s]: 141120  52021      23225      43205      17499985   604503756  49479      1.24e-03   1.13e+07   1.85e+07   7.83       < 1.482 0.987 >
2023-02-17 10:48:06 [02/17/23 10:48:06  387.09s]: 144000  53174      25366      43600      18198826   604499690  50238      1.27e-03   1.18e+07   1.92e+07   8.14       < 1.511 0.987 >
2023-02-17 10:48:07 [02/17/23 10:48:07    0.54s]: 144004  53200      25366      43655      18199774   604499709  50228      1.27e-03   1.18e+07   1.92e+07   8.14       < 1.511 0.987 >
2023-02-17 10:48:07  ---  main.cpp:generate tcells took  avg 0.05 s max 0.07 s balance 0.73  --- 
2023-02-17 10:48:07  ---  main.cpp:update circulating tcells took  avg 54.63 s max 57.39 s balance 0.95  --- 
2023-02-17 10:48:07  ---  main.cpp:update tcells took  avg 617.46 s max 675.62 s balance 0.91  --- 
2023-02-17 10:48:07  ---  main.cpp:update epicells took  avg 204.94 s max 208.24 s balance 0.98  --- 
2023-02-17 10:48:07  ---  main.cpp:update concentrations took  avg 2415.91 s max 2489.30 s balance 0.97  --- 
2023-02-17 10:48:07  ---  main.cpp:compute updates took  avg 5373.96 s max 5374.13 s balance 1.00  --- 
2023-02-17 10:48:07  ---  main.cpp:dispatch updates took  avg 2364.78 s max 2562.68 s balance 0.92  --- 
2023-02-17 10:48:07  ---  main.cpp:add new actives took  avg 103.88 s max 107.68 s balance 0.96  --- 
2023-02-17 10:48:07  ---  main.cpp:erase inactive took  avg 933.52 s max 964.16 s balance 0.97  --- 
2023-02-17 10:48:07  ---  main.cpp:sample took  avg 0.00 s max 0.00 s balance -nan  --- 
2023-02-17 10:48:07  ---  main.cpp:sample write took  avg 0.00 s max 0.00 s balance -nan  --- 
2023-02-17 10:48:07  ---  main.cpp:log took  avg 11.87 s max 11.95 s balance 0.99  --- 
2023-02-17 10:48:07 Finished 144005 time steps in 9170.3514 s (0.0637 s per step)
2023-02-17 10:48:07  --- Elapsed time for main.cpp:run_sim:  (exiting barrier) 2023-02-17 10:48:07 ...
2023-02-17 10:48:07           ... (min/my/avg/max, bal) (9170.35/9170.35/9170.35/9170.35 s, 1.00) barrier(0.00 s) --- 
2023-02-17 10:48:07 Peak memory used across all nodes: 24.58GB
2023-02-17 10:48:07 Finished in 9174.35 s at 02/17/23 10:48:07 for SimCov version 0.1.1.8024051-dirty
