2023-02-13 18:55:35 SimCov version SimCov version 0.1.1.9cc77ef-dirty-branching_airways_3min_model built on 20230204_191356
2023-02-13 18:55:35 _________________________
2023-02-13 18:55:35 Compiler definitions:
2023-02-13 18:55:35   _XOPEN_SOURCE=700
2023-02-13 18:55:35   CONFIG_USE_COLORS
2023-02-13 18:55:35   USE_BYTELL
2023-02-13 18:55:35   MAX_VIRIONS=125000
2023-02-13 18:55:35   MIN_VIRIONS=1e-10
2023-02-13 18:55:35   BLOCK_PARTITION
2023-02-13 18:55:35   MIN_BLOCKS_PER_PROC=1
2023-02-13 18:55:35   AVERAGE_SUBSAMPLE
2023-02-13 18:55:35 _________________________
2023-02-13 18:55:35 Options:
2023-02-13 18:55:35   dim =                         15000 15000 1
2023-02-13 18:55:35   whole-lung-dim =              48000 40000 20000
2023-02-13 18:55:35   timesteps =                   216005
2023-02-13 18:55:35   infection-coords =            uniform:1
2023-02-13 18:55:35   initial-infection =           999
2023-02-13 18:55:35   incubation-period =           5000
2023-02-13 18:55:35   apoptosis-period =            180
2023-02-13 18:55:35   expressing-period =           900
2023-02-13 18:55:35   infectivity =                 0.025
2023-02-13 18:55:35   infectivity-multiplier =      1.0
2023-02-13 18:55:35   virion-production =           1.1
2023-02-13 18:55:35   virion-production-multiplier = 1.0
2023-02-13 18:55:35   virion-clearance =            0.004
2023-02-13 18:55:35   virion-diffusion =            0.15
2023-02-13 18:55:35   chemokine-production =        1.0
2023-02-13 18:55:35   chemokine-decay =             0.01
2023-02-13 18:55:35   chemokine-diffusion =         1.0
2023-02-13 18:55:35   min-chemokine =               1e-06
2023-02-13 18:55:35   antibody-factor =             1
2023-02-13 18:55:35   antibody-period =             5760
2023-02-13 18:55:35   tcell-generation-rate =       105000
2023-02-13 18:55:35   tcell-initial-delay =         10080
2023-02-13 18:55:35   tcell-vascular-period =       5760
2023-02-13 18:55:35   tcell-tissue-period =         1440
2023-02-13 18:55:35   tcell-binding-period =        10
2023-02-13 18:55:35   max-binding-prob =            1
2023-02-13 18:55:35   tcells-follow-gradient =      false
2023-02-13 18:55:35   seed =                        2
2023-02-13 18:55:35   sample-period =               0
2023-02-13 18:55:35   sample-resolution =           1
2023-02-13 18:55:35   max-block-dim =               10
2023-02-13 18:55:35   output =                      exp_results/per_5000_inf_0.025/init_999/2
2023-02-13 18:55:35 _________________________
2023-02-13 18:55:35 Starting run with 64 processes on 2 nodes at 02/13/23 18:55:35
2023-02-13 18:55:35 Pinned processes, with process 0 (pid 3892453) pinned to core 0
2023-02-13 18:55:35 Using block partitioning
2023-02-13 18:55:35 Initial free memory across all nodes: 150.60GB
2023-02-13 18:55:35 Starting with 75.58GB free on node 0
2023-02-13 18:55:35 Dividing 225000000 grid points into 3515625 squares of size 64 (8^2), with 54932 per process
2023-02-13 18:55:35 Total initial memory required per process is at least 308.46MB with each grid point requiring on average 92 bytes
2023-02-13 18:55:38  --- Elapsed time for tissue.cpp:Tissue:  (exiting barrier) 2023-02-13 18:55:38 ...
2023-02-13 18:55:38           ... (min/my/avg/max, bal) (3.44/3.44/3.44/3.44 s, 1.00) barrier(0.00 s) --- 
2023-02-13 18:55:38 Memory used on node 0 after initialization is  11.74GB
2023-02-13 18:55:38           ... (min/my/avg/max, bal) No-Time barrier(0.00 s) --- 
2023-02-13 18:55:38 Fraction of circulating T cells extravasating is 5.85938e-06
2023-02-13 18:55:38 # datetime                    step    incb       expr       apop       dead       tvas       ttis       inflcell   inflallvirs%infct     <%active  lbln>
2023-02-13 18:55:38 [0] <main.cpp:145> WARNING: Time step 0: SUCCESSFUL initial infection at (7500, 7500, 0) after 0 tries
2023-02-13 18:55:38 [02/13/23 18:55:38    0.00s]: 0       1          0          0          0          0          0          0          0          0.00e+00   0.0000004444< 0.000 0.016 >
2023-02-13 18:55:40 [02/13/23 18:55:40    1.35s]: 4320    832        0          0          0          0          0          0          0          2.93e-05   0.0003697778< 0.004 0.602 >
2023-02-13 18:55:42 [02/13/23 18:55:42    2.54s]: 8640    7214       0          0          832        0          0          26463      26463      8.84e+01   0.0035760000< 0.015 0.895 >
2023-02-13 18:55:46 [02/13/23 18:55:46    3.90s]: 12960   7158       288        656        9614       237944661  294        45336      45336      1.77e+05   0.0078737778< 0.020 0.859 >
2023-02-13 18:55:52 [02/13/23 18:55:52    6.00s]: 17280   74         2          6          20395      431465499  24         46041      46041      6.13e+02   0.0091008889< 0.024 0.881 >
2023-02-13 18:55:57 [02/13/23 18:55:57    5.38s]: 21600   16         0          0          21198      522872101  0          47503      47503      1.41e-03   0.0094284444< 0.017 0.853 >
2023-02-13 18:56:02 [02/13/23 18:56:02    4.12s]: 25920   747        0          320        23042      566046611  456        54420      54420      2.80e+02   0.0107151111< 0.016 0.804 >
2023-02-13 18:56:06 [02/13/23 18:56:06    4.68s]: 30240   18         0          0          24232      586439752  0          54420      54420      6.96e-06   0.0107777778< 0.003 0.585 >
2023-02-13 18:56:11 [02/13/23 18:56:11    4.55s]: 34560   41         0          6          25888      596071987  44         58037      58037      2.89e-01   0.0115266667< 0.018 0.841 >
2023-02-13 18:56:16 [02/13/23 18:56:16    4.91s]: 38880   190        0          23         26767      600621775  189        60461      60461      1.25e+02   0.0119911111< 0.017 0.845 >
2023-02-13 18:56:20 [02/13/23 18:56:20    4.62s]: 43200   579        1          95         27184      602771228  178        62931      62931      2.58e+02   0.0123817778< 0.010 0.773 >
2023-02-13 18:56:26 [02/13/23 18:56:26    5.81s]: 47520   57         0          53         29339      603785880  116        66208      66208      1.37e+00   0.0130884444< 0.021 0.798 >
2023-02-13 18:56:31 [02/13/23 18:56:31    4.82s]: 51840   15         0          0          30347      604265274  6          69019      69019      5.10e-02   0.0134942222< 0.012 0.840 >
2023-02-13 18:56:36 [02/13/23 18:56:36    4.63s]: 56160   1333       1          124        31612      604491776  218        76640      76640      9.64e+02   0.0146977778< 0.019 0.813 >
2023-02-13 18:56:41 [02/13/23 18:56:41    5.26s]: 60480   8          0          0          33664      604598819  0          76701      76701      3.72e-05   0.0149653333< 0.009 0.684 >
2023-02-13 18:56:45 [02/13/23 18:56:45    4.19s]: 64800   10         0          6          35264      604649141  34         83511      83511      1.99e-01   0.0156800000< 0.018 0.830 >
2023-02-13 18:56:49 [02/13/23 18:56:49    3.85s]: 69120   551        1          50         35318      604673303  138        86966      86966      3.64e+02   0.0159644444< 0.011 0.793 >
2023-02-13 18:56:54 [02/13/23 18:56:54    5.09s]: 73440   18         0          0          37019      604684547  0          89024      89024      5.48e-05   0.0164608889< 0.009 0.742 >
2023-02-13 18:56:59 [02/13/23 18:56:59    4.89s]: 77760   376        0          248        40154      604689299  412        97303      97303      2.32e+01   0.0181235556< 0.023 0.875 >
2023-02-13 18:57:04 [02/13/23 18:57:04    4.97s]: 82080   471        0          77         40959      604692125  165        98531      98531      2.99e+02   0.0184475556< 0.007 0.687 >
2023-02-13 18:57:10 [02/13/23 18:57:10    6.15s]: 86400   10         0          1          43937      604693182  37         105018     105018     1.38e-01   0.0195324444< 0.019 0.863 >
2023-02-13 18:57:15 [02/13/23 18:57:15    4.72s]: 90720   348        0          39         45231      604693813  94         108954     108954     5.01e+01   0.0202746667< 0.016 0.845 >
2023-02-13 18:57:20 [02/13/23 18:57:20    4.92s]: 95040   371        2          42         46265      604694238  73         112247     112247     9.01e+02   0.0207466667< 0.015 0.792 >
2023-02-13 18:57:25 [02/13/23 18:57:25    5.51s]: 99360   430        0          188        48265      604694242  229        117503     117503     3.60e+01   0.0217257778< 0.018 0.866 >
2023-02-13 18:57:30 [02/13/23 18:57:30    5.25s]: 103680  29         0          20         51081      604694290  76         121968     121968     6.55e-01   0.0227244444< 0.017 0.846 >
2023-02-13 18:57:35 [02/13/23 18:57:35    5.10s]: 108000  511        0          134        52354      604694275  278        126102     126102     3.72e+02   0.0235551111< 0.020 0.835 >
2023-02-13 18:57:41 [02/13/23 18:57:41    5.65s]: 112320  38         0          28         53729      604694462  110        127076     127076     1.50e+00   0.0239088889< 0.012 0.706 >
2023-02-13 18:57:46 [02/13/23 18:57:46    5.11s]: 116640  12         0          1          55405      604694415  22         129680     129680     1.71e-01   0.0246302222< 0.017 0.849 >
2023-02-13 18:57:51 [02/13/23 18:57:51    4.60s]: 120960  297        2          25         56038      604694419  105        132386     132386     2.82e+02   0.0250497778< 0.016 0.805 >
2023-02-13 18:57:56 [02/13/23 18:57:56    5.01s]: 125280  23         0          0          57239      604694532  0          135971     135971     8.11e-05   0.0254497778< 0.009 0.743 >
2023-02-13 18:58:00 [02/13/23 18:58:00    4.66s]: 129600  110        0          95         59899      604694292  213        142815     142815     6.33e+00   0.0267128889< 0.021 0.844 >
2023-02-13 18:58:05 [02/13/23 18:58:05    4.51s]: 133920  113        0          34         60154      604694551  137        143112     143112     5.35e+01   0.0268004444< 0.005 0.624 >
2023-02-13 18:58:09 [02/13/23 18:58:09    4.39s]: 138240  3          0          0          61443      604694586  0          145577     145577     1.54e-03   0.0273093333< 0.009 0.760 >
2023-02-13 18:58:12 [02/13/23 18:58:12    2.71s]: 142560  472        2          30         61448      604694767  50         148829     148829     4.56e+02   0.0275342222< 0.005 0.636 >
2023-02-13 18:58:16 [02/13/23 18:58:16    4.16s]: 146880  5          0          0          63140      604694676  0          150606     150606     1.47e-03   0.0280644444< 0.010 0.871 >
2023-02-13 18:58:20 [02/13/23 18:58:20    3.41s]: 151200  119        0          97         63848      604694585  258        152676     152676     1.06e+01   0.0284728889< 0.010 0.769 >
2023-02-13 18:58:23 [02/13/23 18:58:23    3.44s]: 155520  4          0          0          64071      604694812  0          152676     152676     0.00e+00   0.0284777778< 0.000 0.031 >
2023-02-13 18:58:26 [02/13/23 18:58:26    3.21s]: 159840  10         0          0          64715      604694826  0          154836     154836     1.49e-03   0.0287666667< 0.007 0.791 >
2023-02-13 18:58:30 [02/13/23 18:58:30    3.30s]: 164160  14         0          24         65586      604694660  148        157486     157486     2.53e+00   0.0291662222< 0.007 0.816 >
2023-02-13 18:58:33 [02/13/23 18:58:33    3.05s]: 168480  4          0          0          65622      604694828  0          157486     157486     0.00e+00   0.0291671111< 0.000 0.062 >
2023-02-13 18:58:36 [02/13/23 18:58:36    3.67s]: 172800  4          0          0          66962      604694744  0          162580     162580     6.62e-03   0.0297626667< 0.009 0.792 >
2023-02-13 18:58:39 [02/13/23 18:58:39    2.98s]: 177120  1158       2          115        67056      604694743  150        167216     167216     9.29e+02   0.0303693333< 0.007 0.801 >
2023-02-13 18:58:43 [02/13/23 18:58:43    3.80s]: 181440  24         0          0          68884      604694763  0          167393     167393     3.48e-05   0.0306257778< 0.006 0.810 >
2023-02-13 18:58:47 [02/13/23 18:58:47    4.00s]: 185760  4          0          0          69895      604694644  0          168428     168428     2.95e-02   0.0310662222< 0.011 0.771 >
2023-02-13 18:58:50 [02/13/23 18:58:50    3.25s]: 190080  360        0          55         70006      604694654  200        171044     171044     6.01e+01   0.0312982222< 0.008 0.722 >
2023-02-13 18:58:54 [02/13/23 18:58:54    3.62s]: 194400  9          0          0          70517      604694805  0          171044     171044     9.86e-07   0.0313448889< 0.001 0.699 >
2023-02-13 18:58:57 [02/13/23 18:58:57    3.38s]: 198720  6          0          0          71164      604694758  0          172155     172155     6.54e-03   0.0316311111< 0.007 0.784 >
2023-02-13 18:59:00 [02/13/23 18:59:00    2.89s]: 203040  307        0          61         71266      604694738  164        173315     173315     7.57e+01   0.0318373333< 0.006 0.793 >
2023-02-13 18:59:04 [02/13/23 18:59:04    3.50s]: 207360  5          0          0          71733      604694834  0          173316     173316     1.50e-06   0.0318835556< 0.002 0.605 >
2023-02-13 18:59:07 [02/13/23 18:59:07    3.52s]: 211680  5          0          1          73180      604694668  21         175697     175697     1.72e-01   0.0325271111< 0.010 0.840 >
2023-02-13 18:59:10 [02/13/23 18:59:10    3.14s]: 216000  250        0          11         73184      604694786  60         177186     177186     5.27e+02   0.0326422222< 0.006 0.702 >
2023-02-13 18:59:10 [02/13/23 18:59:10    0.00s]: 216004  251        0          12         73184      604694785  61         177202     177202     5.27e+02   0.0326431111< 0.006 0.705 >
2023-02-13 18:59:10  ---  main.cpp:generate tcells took  avg 0.02 s max 0.02 s balance 0.92  --- 
2023-02-13 18:59:10  ---  main.cpp:update circulating tcells took  avg 72.88 s max 78.22 s balance 0.93  --- 
2023-02-13 18:59:10  ---  main.cpp:update tcells took  avg 3.39 s max 3.77 s balance 0.90  --- 
2023-02-13 18:59:10  ---  main.cpp:update epicells took  avg 5.34 s max 5.55 s balance 0.96  --- 
2023-02-13 18:59:10  ---  main.cpp:update concentrations took  avg 14.35 s max 14.90 s balance 0.96  --- 
2023-02-13 18:59:10  ---  main.cpp:compute updates took  avg 137.54 s max 137.56 s balance 1.00  --- 
2023-02-13 18:59:10  ---  main.cpp:dispatch updates took  avg 34.51 s max 37.48 s balance 0.92  --- 
2023-02-13 18:59:10  ---  main.cpp:add new actives took  avg 2.04 s max 2.82 s balance 0.72  --- 
2023-02-13 18:59:10  ---  main.cpp:erase inactive took  avg 9.72 s max 10.26 s balance 0.95  --- 
2023-02-13 18:59:10  ---  main.cpp:sample took  avg 0.00 s max 0.00 s balance -nan  --- 
2023-02-13 18:59:10  ---  main.cpp:sample write took  avg 0.00 s max 0.00 s balance -nan  --- 
2023-02-13 18:59:10  ---  main.cpp:log took  avg 8.71 s max 8.76 s balance 0.99  --- 
2023-02-13 18:59:10 Finished 216005 time steps in 212.1738 s (0.0010 s per step)
2023-02-13 18:59:10  --- Elapsed time for main.cpp:run_sim:  (exiting barrier) 2023-02-13 18:59:10 ...
2023-02-13 18:59:10           ... (min/my/avg/max, bal) (212.17/212.17/212.17/212.17 s, 1.00) barrier(0.00 s) --- 
2023-02-13 18:59:11 Peak memory used across all nodes: 23.56GB
2023-02-13 18:59:11 Finished in 216.11 s at 02/13/23 18:59:11 for SimCov version 0.1.1.9cc77ef-dirty
