2023-02-18 21:34:11 SimCov version SimCov version 0.1.1.8024051-dirty-master built on 20230216_082905
2023-02-18 21:34:11 _________________________
2023-02-18 21:34:11 Compiler definitions:
2023-02-18 21:34:11   _XOPEN_SOURCE=700
2023-02-18 21:34:11   CONFIG_USE_COLORS
2023-02-18 21:34:11   USE_BYTELL
2023-02-18 21:34:11   MAX_VIRIONS=125000
2023-02-18 21:34:11   MIN_VIRIONS=1e-10
2023-02-18 21:34:11   BLOCK_PARTITION
2023-02-18 21:34:11   MIN_BLOCKS_PER_PROC=1
2023-02-18 21:34:11   AVERAGE_SUBSAMPLE
2023-02-18 21:34:11 _________________________
2023-02-18 21:34:11 Options:
2023-02-18 21:34:11   dim =                         15000 15000 1
2023-02-18 21:34:11   whole-lung-dim =              48000 40000 20000
2023-02-18 21:34:11   timesteps =                   144005
2023-02-18 21:34:11   infection-coords =            uniform:1
2023-02-18 21:34:11   initial-infection =           999
2023-02-18 21:34:11   incubation-period =           5000
2023-02-18 21:34:11   apoptosis-period =            180
2023-02-18 21:34:11   expressing-period =           900
2023-02-18 21:34:11   infectivity =                 0.025
2023-02-18 21:34:11   infectivity-multiplier =      1.0
2023-02-18 21:34:11   virion-production =           1.1
2023-02-18 21:34:11   virion-production-multiplier = 1.0
2023-02-18 21:34:11   virion-clearance =            0.004
2023-02-18 21:34:11   virion-diffusion =            0.15
2023-02-18 21:34:11   chemokine-production =        1.0
2023-02-18 21:34:11   chemokine-decay =             0.01
2023-02-18 21:34:11   chemokine-diffusion =         1.0
2023-02-18 21:34:11   min-chemokine =               1e-06
2023-02-18 21:34:11   antibody-factor =             1
2023-02-18 21:34:11   antibody-period =             5760
2023-02-18 21:34:11   tcell-generation-rate =       105000
2023-02-18 21:34:11   tcell-initial-delay =         10080
2023-02-18 21:34:11   tcell-vascular-period =       5760
2023-02-18 21:34:11   tcell-tissue-period =         1440
2023-02-18 21:34:11   tcell-binding-period =        10
2023-02-18 21:34:11   max-binding-prob =            1
2023-02-18 21:34:11   tcells-follow-gradient =      false
2023-02-18 21:34:11   seed =                        2
2023-02-18 21:34:11   sample-period =               0
2023-02-18 21:34:11   sample-resolution =           1
2023-02-18 21:34:11   max-block-dim =               10
2023-02-18 21:34:11   output =                      exp_results/per_5000_inf_0.025/init_999/2
2023-02-18 21:34:11 _________________________
2023-02-18 21:34:11 Starting run with 64 processes on 2 nodes at 02/18/23 21:34:11
2023-02-18 21:34:11 Pinned processes, with process 0 (pid 30432) pinned to core 0
2023-02-18 21:34:11 Using block partitioning
2023-02-18 21:34:11 Initial free memory across all nodes: 151.47GB
2023-02-18 21:34:11 Starting with 76.83GB free on node 0
2023-02-18 21:34:11 Dividing 225000000 grid points into 3515625 squares of size 64 (8^2), with 54932 per process
2023-02-18 21:34:11 Total initial memory required per process is at least 281.63MB with each grid point requiring on average 84 bytes
2023-02-18 21:34:14  --- Elapsed time for tissue.cpp:Tissue:  (exiting barrier) 2023-02-18 21:34:14 ...
2023-02-18 21:34:14           ... (min/my/avg/max, bal) (3.57/3.57/3.57/3.57 s, 1.00) barrier(0.00 s) --- 
2023-02-18 21:34:14 Memory used on node 0 after initialization is  10.90GB
2023-02-18 21:34:14           ... (min/my/avg/max, bal) No-Time barrier(0.00 s) --- 
2023-02-18 21:34:14 Fraction of circulating T cells extravasating is 5.85938e-06
2023-02-18 21:34:14 # datetime                    step    incb       expr       apop       dead       tvas       ttis       chem       virs       chempts    %infct     <%active  lbln>
2023-02-18 21:34:14 [0] <main.cpp:141> WARNING: Time step 0: SUCCESSFUL initial infection at (7500, 7500, 0) after 0 tries
2023-02-18 21:34:14 [02/18/23 21:34:14    0.00s]: 0       1          0          0          0          0          0          0.00e+00   0.00e+00   1.00e+00   0.00       < 0.000 0.016 >
2023-02-18 21:34:15 [02/18/23 21:34:15    0.89s]: 2880    832        0          0          0          0          0          0.00e+00   9.69e-03   8.32e+02   0.00       < 0.007 0.776 >
2023-02-18 21:34:16 [02/18/23 21:34:16    0.99s]: 5760    2532       726        0          2          0          0          9.46e-06   1.58e+05   1.94e+04   0.00       < 0.009 0.790 >
2023-02-18 21:34:18 [02/18/23 21:34:18    2.12s]: 8640    6952       0          0          832        0          0          1.90e-08   1.83e+02   1.13e+04   0.00       < 0.015 0.835 >
2023-02-18 21:34:21 [02/18/23 21:34:21    2.32s]: 11520   5212       2691       218        3039       133768066  64         3.14e-05   8.04e+05   3.61e+04   0.00       < 0.016 0.877 >
2023-02-18 21:34:24 [02/18/23 21:34:24    3.89s]: 14400   3063       3          756        15707      319075304  445        1.12e-06   4.22e+03   3.93e+04   0.01       < 0.024 0.875 >
2023-02-18 21:34:29 [02/18/23 21:34:29    4.09s]: 17280   13         0          3          19812      431465307  114        2.86e-07   3.78e+02   2.56e+04   0.01       < 0.024 0.893 >
2023-02-18 21:34:32 [02/18/23 21:34:32    3.35s]: 20160   111        0          1          19868      499630535  6          2.13e-07   1.75e+02   2.36e+04   0.01       < 0.012 0.810 >
2023-02-18 21:34:35 [02/18/23 21:34:35    2.78s]: 23040   155        0          23         20389      540972718  67         0.00e+00   6.73e-01   2.06e+04   0.01       < 0.011 0.771 >
2023-02-18 21:34:38 [02/18/23 21:34:38    3.02s]: 25920   94         0          23         21533      566046886  105        0.00e+00   9.45e-01   2.16e+04   0.01       < 0.010 0.782 >
2023-02-18 21:34:41 [02/18/23 21:34:41    3.57s]: 28800   57         0          55         23144      581254571  218        0.00e+00   2.15e+01   2.33e+04   0.01       < 0.016 0.864 >
2023-02-18 21:34:44 [02/18/23 21:34:44    3.23s]: 31680   17         0          14         23362      590478150  130        0.00e+00   3.13e+00   2.34e+04   0.01       < 0.013 0.805 >
2023-02-18 21:34:48 [02/18/23 21:34:48    3.23s]: 34560   533        0          69         23890      596072007  105        7.56e-09   8.64e+01   3.07e+04   0.01       < 0.016 0.817 >
2023-02-18 21:34:51 [02/18/23 21:34:51    2.94s]: 37440   95         1          5          24609      599465221  28         2.20e-07   1.96e+02   2.83e+04   0.01       < 0.010 0.769 >
2023-02-18 21:34:54 [02/18/23 21:34:54    3.56s]: 40320   149        0          63         25353      601522724  238        1.77e-09   1.01e+02   2.97e+04   0.01       < 0.018 0.832 >
2023-02-18 21:34:57 [02/18/23 21:34:57    3.18s]: 43200   3          0          0          25612      602770952  0          0.00e+00   9.77e-04   2.56e+04   0.01       < 0.007 0.815 >
2023-02-18 21:35:00 [02/18/23 21:35:00    2.64s]: 46080   235        0          110        26375      603528001  230        0.00e+00   3.88e+00   2.67e+04   0.01       < 0.011 0.843 >
2023-02-18 21:35:04 [02/18/23 21:35:04    3.53s]: 48960   19         0          0          27266      603987203  4          0.00e+00   3.41e-02   2.73e+04   0.01       < 0.014 0.754 >
2023-02-18 21:35:06 [02/18/23 21:35:06    2.93s]: 51840   942        0          242        27922      604265502  436        2.50e-08   2.60e+02   3.82e+04   0.01       < 0.013 0.839 >
2023-02-18 21:35:10 [02/18/23 21:35:10    4.00s]: 54720   32         0          18         30015      604434406  49         0.00e+00   2.12e-01   3.01e+04   0.01       < 0.022 0.872 >
2023-02-18 21:35:14 [02/18/23 21:35:14    3.15s]: 57600   115        0          55         30218      604536935  188        2.19e-10   2.87e+01   3.35e+04   0.01       < 0.007 0.757 >
2023-02-18 21:35:17 [02/18/23 21:35:17    3.44s]: 60480   8          0          1          31193      604598993  16         0.00e+00   9.88e-02   3.12e+04   0.01       < 0.018 0.827 >
2023-02-18 21:35:20 [02/18/23 21:35:20    2.66s]: 63360   9          0          0          31194      604636667  0          0.00e+00   1.57e-07   3.12e+04   0.01       < 0.000 0.200 >
2023-02-18 21:35:23 [02/18/23 21:35:23    3.26s]: 66240   169        0          107        32803      604659225  257        0.00e+00   3.66e+00   3.31e+04   0.01       < 0.019 0.850 >
2023-02-18 21:35:26 [02/18/23 21:35:26    3.36s]: 69120   20         0          0          33068      604673366  0          0.00e+00   3.31e-05   3.31e+04   0.01       < 0.008 0.777 >
2023-02-18 21:35:29 [02/18/23 21:35:29    2.83s]: 72000   1530       0          436        34298      604681269  685        8.30e-08   4.69e+02   6.13e+04   0.02       < 0.022 0.891 >
2023-02-18 21:35:34 [02/18/23 21:35:34    4.57s]: 74880   25         0          0          36593      604686533  0          0.00e+00   4.55e-03   3.66e+04   0.02       < 0.026 0.860 >
2023-02-18 21:35:37 [02/18/23 21:35:37    3.15s]: 77760   80         0          41         36693      604689603  307        4.77e-09   7.87e+01   4.60e+04   0.02       < 0.010 0.749 >
2023-02-18 21:35:41 [02/18/23 21:35:41    4.44s]: 80640   113        0          57         38795      604691359  121        0.00e+00   1.62e+00   3.90e+04   0.02       < 0.027 0.886 >
2023-02-18 21:35:45 [02/18/23 21:35:45    3.35s]: 83520   23         0          0          38944      604692813  0          0.00e+00   1.41e-05   3.90e+04   0.02       < 0.004 0.567 >
2023-02-18 21:35:48 [02/18/23 21:35:48    3.78s]: 86400   325        0          169        40899      604693042  462        7.27e-11   2.61e+01   4.27e+04   0.02       < 0.025 0.851 >
2023-02-18 21:35:52 [02/18/23 21:35:52    3.85s]: 89280   11         0          0          41423      604693807  0          0.00e+00   2.51e-04   4.14e+04   0.02       < 0.013 0.873 >
2023-02-18 21:35:55 [02/18/23 21:35:55    2.74s]: 92160   629        0          125        41832      604693954  313        2.82e-07   4.39e+02   4.90e+04   0.02       < 0.017 0.812 >
2023-02-18 21:35:59 [02/18/23 21:35:59    3.85s]: 95040   5          0          0          42996      604694224  0          0.00e+00   1.26e-02   4.30e+04   0.02       < 0.016 0.858 >
2023-02-18 21:36:02 [02/18/23 21:36:02    2.68s]: 97920   687        0          196        43370      604694318  249        4.03e-08   1.64e+02   5.24e+04   0.02       < 0.007 0.817 >
2023-02-18 21:36:05 [02/18/23 21:36:05    3.15s]: 100800  9          0          2          44534      604694397  111        0.00e+00   9.34e-01   4.45e+04   0.02       < 0.015 0.838 >
2023-02-18 21:36:08 [02/18/23 21:36:08    2.83s]: 103680  51         0          39         44711      604694512  128        0.00e+00   2.29e+00   4.48e+04   0.02       < 0.008 0.729 >
2023-02-18 21:36:10 [02/18/23 21:36:10    2.53s]: 106560  116        0          51         44948      604694561  155        2.65e-10   2.26e+01   4.64e+04   0.02       < 0.009 0.695 >
2023-02-18 21:36:13 [02/18/23 21:36:13    2.66s]: 109440  401        0          105        45304      604694595  157        1.39e-07   2.23e+02   5.34e+04   0.02       < 0.011 0.731 >
2023-02-18 21:36:15 [02/18/23 21:36:15    2.53s]: 112320  5          0          0          45993      604694699  0          0.00e+00   2.16e-03   4.60e+04   0.02       < 0.007 0.751 >
2023-02-18 21:36:18 [02/18/23 21:36:18    2.40s]: 115200  7          0          0          46252      604694708  32         0.00e+00   1.05e-01   4.63e+04   0.02       < 0.006 0.833 >
2023-02-18 21:36:21 [02/18/23 21:36:21    2.93s]: 118080  48         0          38         47173      604694633  88         0.00e+00   8.09e-01   4.73e+04   0.02       < 0.009 0.781 >
2023-02-18 21:36:23 [02/18/23 21:36:23    2.85s]: 120960  249        0          142        47818      604694573  218        1.05e-10   2.25e+01   4.95e+04   0.02       < 0.010 0.813 >
2023-02-18 21:36:26 [02/18/23 21:36:26    2.88s]: 123840  41         0          40         48501      604694567  152        0.00e+00   3.73e+00   4.86e+04   0.02       < 0.012 0.820 >
2023-02-18 21:36:29 [02/18/23 21:36:29    2.50s]: 126720  568        1          41         48592      604694639  99         4.57e-07   5.19e+02   5.78e+04   0.02       < 0.012 0.774 >
2023-02-18 21:36:32 [02/18/23 21:36:32    3.07s]: 129600  132        0          37         49812      604694548  100        8.01e-10   2.41e+01   5.26e+04   0.02       < 0.014 0.754 >
2023-02-18 21:36:35 [02/18/23 21:36:35    2.86s]: 132480  81         1          2          49987      604694726  10         2.03e-07   1.52e+02   5.34e+04   0.02       < 0.008 0.794 >
2023-02-18 21:36:38 [02/18/23 21:36:38    2.72s]: 135360  34         0          37         50600      604694628  106        0.00e+00   1.84e+00   5.07e+04   0.02       < 0.010 0.808 >
2023-02-18 21:36:41 [02/18/23 21:36:41    3.23s]: 138240  5          0          1          51016      604694631  6          0.00e+00   5.87e-02   5.10e+04   0.02       < 0.010 0.728 >
2023-02-18 21:36:44 [02/18/23 21:36:44    2.79s]: 141120  20         2          11         51651      604694615  78         2.96e-08   9.29e+00   5.18e+04   0.02       < 0.007 0.773 >
2023-02-18 21:36:46 [02/18/23 21:36:46    2.97s]: 144000  4          0          2          52547      604694578  48         0.00e+00   2.66e-01   5.26e+04   0.02       < 0.010 0.812 >
2023-02-18 21:36:46 [02/18/23 21:36:46    0.00s]: 144004  4          0          2          52547      604694578  48         0.00e+00   2.62e-01   5.26e+04   0.02       < 0.010 0.813 >
2023-02-18 21:36:46  ---  main.cpp:generate tcells took  avg 0.01 s max 0.01 s balance 0.89  --- 
2023-02-18 21:36:46  ---  main.cpp:update circulating tcells took  avg 47.14 s max 49.82 s balance 0.95  --- 
2023-02-18 21:36:46  ---  main.cpp:update tcells took  avg 2.49 s max 2.77 s balance 0.90  --- 
2023-02-18 21:36:46  ---  main.cpp:update epicells took  avg 4.10 s max 4.50 s balance 0.91  --- 
2023-02-18 21:36:46  ---  main.cpp:update concentrations took  avg 11.16 s max 11.75 s balance 0.95  --- 
2023-02-18 21:36:46  ---  main.cpp:compute updates took  avg 96.19 s max 96.20 s balance 1.00  --- 
2023-02-18 21:36:46  ---  main.cpp:dispatch updates took  avg 26.50 s max 28.52 s balance 0.93  --- 
2023-02-18 21:36:46  ---  main.cpp:add new actives took  avg 1.83 s max 2.24 s balance 0.81  --- 
2023-02-18 21:36:46  ---  main.cpp:erase inactive took  avg 7.68 s max 8.00 s balance 0.96  --- 
2023-02-18 21:36:46  ---  main.cpp:sample took  avg 0.00 s max 0.00 s balance -nan  --- 
2023-02-18 21:36:46  ---  main.cpp:sample write took  avg 0.00 s max 0.00 s balance -nan  --- 
2023-02-18 21:36:46  ---  main.cpp:log took  avg 5.98 s max 6.01 s balance 0.99  --- 
2023-02-18 21:36:46 Finished 144005 time steps in 152.2917 s (0.0011 s per step)
2023-02-18 21:36:46  --- Elapsed time for main.cpp:run_sim:  (exiting barrier) 2023-02-18 21:36:46 ...
2023-02-18 21:36:46           ... (min/my/avg/max, bal) (152.29/152.29/152.29/152.29 s, 1.00) barrier(0.00 s) --- 
2023-02-18 21:36:47 Peak memory used across all nodes: 21.86GB
2023-02-18 21:36:47 Finished in 156.11 s at 02/18/23 21:36:47 for SimCov version 0.1.1.8024051-dirty
