2023-02-13 21:18:42 SimCov version SimCov version 0.1.1.9cc77ef-dirty-branching_airways_3min_model built on 20230204_191356
2023-02-13 21:18:42 _________________________
2023-02-13 21:18:42 Compiler definitions:
2023-02-13 21:18:42   _XOPEN_SOURCE=700
2023-02-13 21:18:42   CONFIG_USE_COLORS
2023-02-13 21:18:42   USE_BYTELL
2023-02-13 21:18:42   MAX_VIRIONS=125000
2023-02-13 21:18:42   MIN_VIRIONS=1e-10
2023-02-13 21:18:42   BLOCK_PARTITION
2023-02-13 21:18:42   MIN_BLOCKS_PER_PROC=1
2023-02-13 21:18:42   AVERAGE_SUBSAMPLE
2023-02-13 21:18:42 _________________________
2023-02-13 21:18:42 Options:
2023-02-13 21:18:42   dim =                         15000 15000 1
2023-02-13 21:18:42   whole-lung-dim =              48000 40000 20000
2023-02-13 21:18:42   timesteps =                   216005
2023-02-13 21:18:42   infection-coords =            uniform:1
2023-02-13 21:18:42   initial-infection =           999
2023-02-13 21:18:42   incubation-period =           1200
2023-02-13 21:18:42   apoptosis-period =            180
2023-02-13 21:18:42   expressing-period =           900
2023-02-13 21:18:42   infectivity =                 0.1
2023-02-13 21:18:42   infectivity-multiplier =      1.0
2023-02-13 21:18:42   virion-production =           1.1
2023-02-13 21:18:42   virion-production-multiplier = 1.0
2023-02-13 21:18:42   virion-clearance =            0.004
2023-02-13 21:18:42   virion-diffusion =            0.15
2023-02-13 21:18:42   chemokine-production =        1.0
2023-02-13 21:18:42   chemokine-decay =             0.01
2023-02-13 21:18:42   chemokine-diffusion =         1.0
2023-02-13 21:18:42   min-chemokine =               1e-06
2023-02-13 21:18:42   antibody-factor =             1
2023-02-13 21:18:42   antibody-period =             5760
2023-02-13 21:18:42   tcell-generation-rate =       105000
2023-02-13 21:18:42   tcell-initial-delay =         10080
2023-02-13 21:18:42   tcell-vascular-period =       5760
2023-02-13 21:18:42   tcell-tissue-period =         1440
2023-02-13 21:18:42   tcell-binding-period =        10
2023-02-13 21:18:42   max-binding-prob =            1
2023-02-13 21:18:42   tcells-follow-gradient =      false
2023-02-13 21:18:42   seed =                        2
2023-02-13 21:18:42   sample-period =               0
2023-02-13 21:18:42   sample-resolution =           1
2023-02-13 21:18:42   max-block-dim =               10
2023-02-13 21:18:42   output =                      exp_results/per_1200_inf_0.1/init_999/2
2023-02-13 21:18:42 _________________________
2023-02-13 21:18:42 Starting run with 64 processes on 2 nodes at 02/13/23 21:18:42
2023-02-13 21:18:42 Pinned processes, with process 0 (pid 3530453) pinned to core 0
2023-02-13 21:18:42 Using block partitioning
2023-02-13 21:18:42 Initial free memory across all nodes: 152.09GB
2023-02-13 21:18:42 Starting with 76.27GB free on node 0
2023-02-13 21:18:42 Dividing 225000000 grid points into 3515625 squares of size 64 (8^2), with 54932 per process
2023-02-13 21:18:42 Total initial memory required per process is at least 308.46MB with each grid point requiring on average 92 bytes
2023-02-13 21:18:45  --- Elapsed time for tissue.cpp:Tissue:  (exiting barrier) 2023-02-13 21:18:45 ...
2023-02-13 21:18:45           ... (min/my/avg/max, bal) (3.47/3.47/3.47/3.47 s, 1.00) barrier(0.00 s) --- 
2023-02-13 21:18:45 Memory used on node 0 after initialization is  11.74GB
2023-02-13 21:18:45           ... (min/my/avg/max, bal) No-Time barrier(0.00 s) --- 
2023-02-13 21:18:45 Fraction of circulating T cells extravasating is 5.85938e-06
2023-02-13 21:18:45 # datetime                    step    incb       expr       apop       dead       tvas       ttis       inflcell   inflallvirs%infct     <%active  lbln>
2023-02-13 21:18:45 [0] <main.cpp:145> WARNING: Time step 0: SUCCESSFUL initial infection at (7500, 7500, 0) after 0 tries
2023-02-13 21:18:45 [02/13/23 21:18:45    0.00s]: 0       1          0          0          0          0          0          0          0          0.00e+00   0.0000004444< 0.000 0.016 >
2023-02-13 21:18:48 [02/13/23 21:18:48    2.65s]: 4320    8440       3440       0          5517       0          0          44973      44973      1.04e+06   0.0077320000< 0.020 0.846 >
2023-02-13 21:18:55 [02/13/23 21:18:55    7.07s]: 8640    15996      9610       0          37135      0          0          109731     109731     2.55e+06   0.0278848889< 0.049 0.928 >
2023-02-13 21:19:09 [02/13/23 21:19:09   14.51s]: 12960   16738      8701       3172       106580     237943503  1198       200931     200931     2.96e+06   0.0600848889< 0.089 0.948 >
2023-02-13 21:19:35 [02/13/23 21:19:35   25.18s]: 17280   12161      738        3850       203301     431459427  3209       301846     301846     4.33e+05   0.0978000000< 0.126 0.969 >
2023-02-13 21:20:08 [02/13/23 21:20:08   33.55s]: 21600   6427       46         2860       290619     522861257  4184       389969     389969     3.30e+04   0.1333120000< 0.140 0.968 >
2023-02-13 21:20:40 [02/13/23 21:20:40   32.15s]: 25920   3219       5          1540       334921     566036612  2195       440252     440252     1.26e+04   0.1509711111< 0.126 0.953 >
2023-02-13 21:21:09 [02/13/23 21:21:09   28.50s]: 30240   4675       293        2259       379246     586429583  3141       516013     516013     9.02e+04   0.1717657778< 0.128 0.948 >
2023-02-13 21:21:46 [02/13/23 21:21:46   36.90s]: 34560   5508       81         2326       427133     596061270  3173       584529     584529     2.10e+04   0.1933546667< 0.143 0.939 >
2023-02-13 21:22:23 [02/13/23 21:22:23   36.88s]: 38880   3294       70         1494       483654     600609952  2707       659601     659601     4.38e+04   0.2171164444< 0.160 0.943 >
2023-02-13 21:23:01 [02/13/23 21:23:01   38.15s]: 43200   4739       33         2126       536027     602757593  3509       732964     732964     1.66e+04   0.2413000000< 0.164 0.934 >
2023-02-13 21:23:46 [02/13/23 21:23:46   45.48s]: 47520   6797       27         3385       610767     603769175  5591       840825     840825     2.06e+04   0.2759893333< 0.199 0.960 >
2023-02-13 21:24:41 [02/13/23 21:24:41   54.60s]: 51840   5177       47         2605       678975     604248063  4924       925249     925249     2.50e+04   0.3052462222< 0.213 0.950 >
2023-02-13 21:25:36 [02/13/23 21:25:36   55.09s]: 56160   7360       45         3041       738357     604475214  4072       1011177    1011177    3.27e+04   0.3328013333< 0.220 0.954 >
2023-02-13 21:26:36 [02/13/23 21:26:36   59.70s]: 60480   6580       20         3345       820653     604579070  5782       1113760    1113760    3.05e+04   0.3691546667< 0.243 0.961 >
2023-02-13 21:27:40 [02/13/23 21:27:40   64.27s]: 64800   7844       209        3531       893264     604629643  5427       1201454    1201454    5.54e+04   0.4021546667< 0.241 0.962 >
2023-02-13 21:28:48 [02/13/23 21:28:48   68.32s]: 69120   8116       77         3277       979179     604651571  6141       1303578    1303578    4.03e+04   0.4402884444< 0.273 0.949 >
2023-02-13 21:30:06 [02/13/23 21:30:06   78.21s]: 73440   9723       146        4469       1067458    604662139  6129       1418448    1418448    8.57e+04   0.4807982222< 0.283 0.955 >
2023-02-13 21:31:29 [02/13/23 21:31:29   82.51s]: 77760   9372       117        3879       1168486    604665028  6933       1520976    1520976    6.54e+04   0.5252684444< 0.303 0.951 >
2023-02-13 21:32:59 [02/13/23 21:32:59   89.77s]: 82080   10394      122        4293       1265416    604666266  7305       1634637    1634637    7.98e+04   0.5689888889< 0.325 0.959 >
2023-02-13 21:34:31 [02/13/23 21:34:31   92.41s]: 86400   7989       151        3567       1355349    604667836  6283       1740720    1740720    5.80e+04   0.6075804444< 0.329 0.968 >
2023-02-13 21:36:01 [02/13/23 21:36:01   89.71s]: 90720   8190       53         3374       1434150    604668938  6388       1842420    1842420    2.86e+04   0.6425631111< 0.316 0.965 >
2023-02-13 21:37:29 [02/13/23 21:37:29   88.23s]: 95040   7593       227        3643       1516831    604669650  6358       1950080    1950080    7.91e+04   0.6792417778< 0.311 0.968 >
2023-02-13 21:38:57 [02/13/23 21:38:57   88.26s]: 99360   12384      224        5115       1612916    604669312  7125       2072097    2072097    1.59e+05   0.7247284444< 0.307 0.964 >
2023-02-13 21:40:24 [02/13/23 21:40:24   86.63s]: 103680  6796       216        2488       1702191    604671056  4350       2165367    2165367    5.13e+04   0.7607515556< 0.289 0.959 >
2023-02-13 21:41:51 [02/13/23 21:41:51   86.72s]: 108000  7261       36         3407       1794263    604669463  6688       2290891    2290891    1.37e+04   0.8022075556< 0.316 0.969 >
2023-02-13 21:43:20 [02/13/23 21:43:20   89.33s]: 112320  8622       127        4211       1884065    604669286  6999       2417636    2417636    6.39e+04   0.8431222222< 0.313 0.975 >
2023-02-13 21:44:56 [02/13/23 21:44:56   95.64s]: 116640  8923       96         4790       1992759    604667740  7385       2561498    2561498    5.89e+04   0.8918080000< 0.346 0.952 >
2023-02-13 21:46:29 [02/13/23 21:46:29   93.25s]: 120960  14033      233        5622       2082342    604669061  7139       2707204    2707204    1.16e+05   0.9343244444< 0.317 0.968 >
2023-02-13 21:48:07 [02/13/23 21:48:07   98.43s]: 125280  8136       276        4036       2205614    604666136  6968       2855705    2855705    5.97e+04   0.9858053333< 0.361 0.961 >
2023-02-13 21:49:53 [02/13/23 21:49:53  105.59s]: 129600  10890      206        4853       2313531    604665425  7530       3011539    3011539    7.81e+04   1.0353244444< 0.369 0.972 >
2023-02-13 21:51:49 [02/13/23 21:51:49  116.07s]: 133920  13871      157        6510       2460821    604660847  10216      3180513    3180513    6.11e+04   1.1028262222< 0.425 0.966 >
2023-02-13 21:54:01 [02/13/23 21:54:01  132.46s]: 138240  16627      198        6895       2604089    604658868  9846       3348607    3348607    1.40e+05   1.1679151111< 0.451 0.971 >
2023-02-13 21:56:23 [02/13/23 21:56:23  141.15s]: 142560  13411      318        5827       2757475    604656585  9415       3514766    3514766    1.27e+05   1.2342360000< 0.485 0.968 >
2023-02-13 21:58:45 [02/13/23 21:58:45  142.87s]: 146880  15844      101        6298       2911052    604655097  10553      3675956    3675956    7.63e+04   1.3036866667< 0.486 0.973 >
2023-02-13 22:01:16 [02/13/23 22:01:16  150.16s]: 151200  14641      220        5787       3060727    604654102  10454      3848757    3848757    1.07e+05   1.3695000000< 0.507 0.971 >
2023-02-13 22:03:43 [02/13/23 22:03:43  146.99s]: 155520  11428      102        5197       3199383    604655305  8926       4004521    4004521    5.35e+04   1.4293822222< 0.483 0.976 >
2023-02-13 22:06:08 [02/13/23 22:06:08  145.39s]: 159840  16241      173        6034       3335273    604655668  9622       4190551    4190551    8.36e+04   1.4923204444< 0.496 0.974 >
2023-02-13 22:08:34 [02/13/23 22:08:34  146.37s]: 164160  13427      82         5633       3481698    604655219  10081      4347520    4347520    4.63e+04   1.5559288889< 0.482 0.947 >
2023-02-13 22:11:01 [02/13/23 22:11:01  146.36s]: 168480  13742      116        6491       3626921    604654676  10966      4523124    4523124    8.83e+04   1.6210088889< 0.484 0.964 >
2023-02-13 22:13:22 [02/13/23 22:13:22  141.70s]: 172800  15035      98         5460       3752074    604657128  8594       4669845    4669845    6.26e+04   1.6767408889< 0.450 0.941 >
2023-02-13 22:15:37 [02/13/23 22:15:37  134.18s]: 177120  8144       121        4371       3896124    604656880  9374       4819720    4819720    5.21e+04   1.7372266667< 0.446 0.973 >
2023-02-13 22:17:47 [02/13/23 22:17:47  130.10s]: 181440  14720      260        6879       4013010    604658586  10444      5001849    5001849    1.67e+05   1.7932751111< 0.428 0.939 >
2023-02-13 22:20:06 [02/13/23 22:20:06  139.10s]: 185760  16539      102        6490       4150811    604657402  9445       5197877    5197877    8.64e+04   1.8550853333< 0.483 0.938 >
2023-02-13 22:22:40 [02/13/23 22:22:40  153.91s]: 190080  17551      138        6249       4310358    604654578  9997       5391053    5391053    7.04e+04   1.9263537778< 0.535 0.973 >
2023-02-13 22:25:39 [02/13/23 22:25:39  178.94s]: 194400  15219      339        7107       4501562    604647744  13502      5601664    5601664    1.47e+05   2.0107675556< 0.596 0.977 >
2023-02-13 22:28:55 [02/13/23 22:28:55  196.84s]: 198720  19985      89         7606       4672302    604646168  13452      5827368    5827368    7.90e+04   2.0888808889< 0.623 0.965 >
2023-02-13 22:32:19 [02/13/23 22:32:19  203.99s]: 203040  12904      149        6393       4854789    604645448  11809      6046325    6046325    6.99e+04   2.1663266667< 0.627 0.972 >
2023-02-13 22:35:35 [02/13/23 22:35:35  195.88s]: 207360  17414      407        8638       5040954    604643657  14854      6299575    6299575    1.78e+05   2.2521835556< 0.636 0.985 >
2023-02-13 22:39:03 [02/13/23 22:39:03  208.12s]: 211680  19037      381        9173       5225550    604642997  14959      6551448    6551448    1.43e+05   2.3351737778< 0.628 0.970 >
2023-02-13 22:42:41 [02/13/23 22:42:41  217.53s]: 216000  21812      261        9122       5429831    604640476  14995      6811787    6811787    1.44e+05   2.4271226667< 0.676 0.971 >
2023-02-13 22:42:41 [02/13/23 22:42:41    0.21s]: 216004  21819      262        9089       5430047    604640465  15000      6812037    6812037    1.44e+05   2.4272075556< 0.676 0.971 >
2023-02-13 22:42:41  ---  main.cpp:generate tcells took  avg 0.06 s max 0.09 s balance 0.71  --- 
2023-02-13 22:42:41  ---  main.cpp:update circulating tcells took  avg 83.78 s max 89.22 s balance 0.94  --- 
2023-02-13 22:42:41  ---  main.cpp:update tcells took  avg 242.01 s max 266.93 s balance 0.91  --- 
2023-02-13 22:42:41  ---  main.cpp:update epicells took  avg 151.74 s max 157.10 s balance 0.97  --- 
2023-02-13 22:42:41  ---  main.cpp:update concentrations took  avg 1108.01 s max 1163.63 s balance 0.95  --- 
2023-02-13 22:42:41  ---  main.cpp:compute updates took  avg 2875.74 s max 2875.80 s balance 1.00  --- 
2023-02-13 22:42:41  ---  main.cpp:dispatch updates took  avg 1227.30 s max 1336.54 s balance 0.92  --- 
2023-02-13 22:42:41  ---  main.cpp:add new actives took  avg 68.22 s max 69.72 s balance 0.98  --- 
2023-02-13 22:42:41  ---  main.cpp:erase inactive took  avg 579.53 s max 635.74 s balance 0.91  --- 
2023-02-13 22:42:41  ---  main.cpp:sample took  avg 0.00 s max 0.00 s balance -nan  --- 
2023-02-13 22:42:41  ---  main.cpp:sample write took  avg 0.00 s max 0.00 s balance -nan  --- 
2023-02-13 22:42:41  ---  main.cpp:log took  avg 17.19 s max 17.32 s balance 0.99  --- 
2023-02-13 22:42:41 Finished 216005 time steps in 5036.0039 s (0.0233 s per step)
2023-02-13 22:42:41  --- Elapsed time for main.cpp:run_sim:  (exiting barrier) 2023-02-13 22:42:41 ...
2023-02-13 22:42:41           ... (min/my/avg/max, bal) (5036.00/5036.00/5036.00/5036.00 s, 1.00) barrier(0.00 s) --- 
2023-02-13 22:42:42 Peak memory used across all nodes: 24.62GB
2023-02-13 22:42:42 Finished in 5040.01 s at 02/13/23 22:42:42 for SimCov version 0.1.1.9cc77ef-dirty
