2023-02-18 13:03:53 SimCov version SimCov version 0.1.1.8024051-dirty-master built on 20230216_082905
2023-02-18 13:03:53 _________________________
2023-02-18 13:03:53 Compiler definitions:
2023-02-18 13:03:53   _XOPEN_SOURCE=700
2023-02-18 13:03:53   CONFIG_USE_COLORS
2023-02-18 13:03:53   USE_BYTELL
2023-02-18 13:03:53   MAX_VIRIONS=125000
2023-02-18 13:03:53   MIN_VIRIONS=1e-10
2023-02-18 13:03:53   BLOCK_PARTITION
2023-02-18 13:03:53   MIN_BLOCKS_PER_PROC=1
2023-02-18 13:03:53   AVERAGE_SUBSAMPLE
2023-02-18 13:03:53 _________________________
2023-02-18 13:03:53 Options:
2023-02-18 13:03:53   dim =                         15000 15000 1
2023-02-18 13:03:53   whole-lung-dim =              48000 40000 20000
2023-02-18 13:03:53   timesteps =                   144005
2023-02-18 13:03:53   infection-coords =            uniform:1
2023-02-18 13:03:53   initial-infection =           999
2023-02-18 13:03:53   incubation-period =           1200
2023-02-18 13:03:53   apoptosis-period =            180
2023-02-18 13:03:53   expressing-period =           900
2023-02-18 13:03:53   infectivity =                 0.1
2023-02-18 13:03:53   infectivity-multiplier =      1.0
2023-02-18 13:03:53   virion-production =           1.1
2023-02-18 13:03:53   virion-production-multiplier = 1.0
2023-02-18 13:03:53   virion-clearance =            0.004
2023-02-18 13:03:53   virion-diffusion =            0.15
2023-02-18 13:03:53   chemokine-production =        1.0
2023-02-18 13:03:53   chemokine-decay =             0.01
2023-02-18 13:03:53   chemokine-diffusion =         1.0
2023-02-18 13:03:53   min-chemokine =               1e-06
2023-02-18 13:03:53   antibody-factor =             1
2023-02-18 13:03:53   antibody-period =             5760
2023-02-18 13:03:53   tcell-generation-rate =       105000
2023-02-18 13:03:53   tcell-initial-delay =         10080
2023-02-18 13:03:53   tcell-vascular-period =       5760
2023-02-18 13:03:53   tcell-tissue-period =         1440
2023-02-18 13:03:53   tcell-binding-period =        10
2023-02-18 13:03:53   max-binding-prob =            1
2023-02-18 13:03:53   tcells-follow-gradient =      false
2023-02-18 13:03:53   seed =                        2
2023-02-18 13:03:53   sample-period =               0
2023-02-18 13:03:53   sample-resolution =           1
2023-02-18 13:03:53   max-block-dim =               10
2023-02-18 13:03:53   output =                      exp_results/per_1200_inf_0.1/init_999/2
2023-02-18 13:03:53 _________________________
2023-02-18 13:03:53 Starting run with 64 processes on 2 nodes at 02/18/23 13:03:53
2023-02-18 13:03:53 Pinned processes, with process 0 (pid 23151) pinned to core 0
2023-02-18 13:03:53 Using block partitioning
2023-02-18 13:03:53 Initial free memory across all nodes: 151.52GB
2023-02-18 13:03:53 Starting with 76.87GB free on node 0
2023-02-18 13:03:53 Dividing 225000000 grid points into 3515625 squares of size 64 (8^2), with 54932 per process
2023-02-18 13:03:53 Total initial memory required per process is at least 281.63MB with each grid point requiring on average 84 bytes
2023-02-18 13:03:56  --- Elapsed time for tissue.cpp:Tissue:  (exiting barrier) 2023-02-18 13:03:56 ...
2023-02-18 13:03:56           ... (min/my/avg/max, bal) (3.54/3.54/3.54/3.54 s, 1.00) barrier(0.00 s) --- 
2023-02-18 13:03:56 Memory used on node 0 after initialization is  10.90GB
2023-02-18 13:03:56           ... (min/my/avg/max, bal) No-Time barrier(0.00 s) --- 
2023-02-18 13:03:56 Fraction of circulating T cells extravasating is 5.85938e-06
2023-02-18 13:03:56 # datetime                    step    incb       expr       apop       dead       tvas       ttis       chem       virs       chempts    %infct     <%active  lbln>
2023-02-18 13:03:56 [0] <main.cpp:141> WARNING: Time step 0: SUCCESSFUL initial infection at (7500, 7500, 0) after 0 tries
2023-02-18 13:03:56 [02/18/23 13:03:56    0.00s]: 0       1          0          0          0          0          0          0.00e+00   0.00e+00   1.00e+00   0.00       < 0.000 0.016 >
2023-02-18 13:03:58 [02/18/23 13:03:58    1.29s]: 2880    5128       1602       0          1118       0          0          1.69e-05   2.68e+05   2.71e+04   0.00       < 0.012 0.828 >
2023-02-18 13:04:01 [02/18/23 13:04:01    3.10s]: 5760    9586       6703       0          11657      0          0          6.31e-05   1.78e+06   6.11e+04   0.01       < 0.027 0.888 >
2023-02-18 13:04:06 [02/18/23 13:04:06    5.47s]: 8640    16383      9638       0          36170      0          0          9.81e-05   2.54e+06   1.09e+05   0.03       < 0.049 0.927 >
2023-02-18 13:04:15 [02/18/23 13:04:15    8.80s]: 11520   19347      13127      1190       74716      133767970  423        1.41e-04   3.74e+06   1.68e+05   0.05       < 0.075 0.932 >
2023-02-18 13:04:28 [02/18/23 13:04:28   13.27s]: 14400   15804      5037       3862       138055     319073406  1948       1.31e-04   1.87e+06   2.34e+05   0.07       < 0.103 0.960 >
2023-02-18 13:04:46 [02/18/23 13:04:46   18.15s]: 17280   11802      664        3823       203678     431459579  3210       6.45e-05   3.36e+05   3.01e+05   0.10       < 0.125 0.963 >
2023-02-18 13:05:08 [02/18/23 13:05:08   21.71s]: 20160   8532       169        3490       263073     499620852  3980       2.45e-05   7.39e+04   3.62e+05   0.12       < 0.137 0.966 >
2023-02-18 13:05:31 [02/18/23 13:05:31   22.86s]: 23040   4236       32         2040       307703     540961123  3411       8.61e-06   2.40e+04   3.85e+05   0.14       < 0.138 0.953 >
2023-02-18 13:05:52 [02/18/23 13:05:52   21.41s]: 25920   3786       107        1877       337141     566035611  2758       9.68e-06   2.96e+04   4.06e+05   0.15       < 0.130 0.947 >
2023-02-18 13:06:14 [02/18/23 13:06:14   21.64s]: 28800   5459       53         2252       370998     581242987  3180       7.78e-06   4.10e+04   4.44e+05   0.17       < 0.137 0.943 >
2023-02-18 13:06:36 [02/18/23 13:06:36   21.95s]: 31680   4407       21         1822       401888     590467039  2798       5.89e-06   1.48e+04   4.86e+05   0.18       < 0.137 0.945 >
2023-02-18 13:06:58 [02/18/23 13:06:58   21.78s]: 34560   2739       18         1471       432645     596061032  2929       3.90e-06   1.27e+04   4.91e+05   0.19       < 0.136 0.933 >
2023-02-18 13:07:18 [02/18/23 13:07:18   20.05s]: 37440   2716       99         974        448025     599455786  1617       6.41e-06   2.51e+04   5.01e+05   0.20       < 0.125 0.962 >
2023-02-18 13:07:36 [02/18/23 13:07:36   18.71s]: 40320   5336       89         2253       477134     601513004  3182       1.34e-05   5.26e+04   5.63e+05   0.22       < 0.117 0.929 >
2023-02-18 13:07:57 [02/18/23 13:07:57   20.65s]: 43200   3406       16         1598       509143     602760530  2953       2.54e-06   4.96e+03   5.81e+05   0.23       < 0.135 0.942 >
2023-02-18 13:08:19 [02/18/23 13:08:19   21.63s]: 46080   6329       79         2198       533654     603517534  2926       5.76e-06   1.88e+04   6.30e+05   0.24       < 0.137 0.964 >
2023-02-18 13:08:42 [02/18/23 13:08:42   23.71s]: 48960   6302       94         2465       572235     603975336  3878       1.20e-05   2.95e+04   6.94e+05   0.26       < 0.153 0.947 >
2023-02-18 13:09:10 [02/18/23 13:09:10   27.30s]: 51840   4924       82         1908       613105     604252836  3807       5.94e-06   1.41e+04   7.08e+05   0.28       < 0.174 0.966 >
2023-02-18 13:09:41 [02/18/23 13:09:41   30.78s]: 54720   7450       96         2908       650972     604420120  4578       1.19e-05   3.69e+04   7.79e+05   0.29       < 0.198 0.970 >
2023-02-18 13:10:17 [02/18/23 13:10:17   36.92s]: 57600   6944       32         3376       701926     604520150  5173       9.75e-06   1.86e+04   8.20e+05   0.32       < 0.224 0.956 >
2023-02-18 13:10:56 [02/18/23 13:10:56   38.96s]: 60480   5585       44         2262       744897     604581221  4601       6.58e-06   1.27e+04   8.47e+05   0.33       < 0.223 0.959 >
2023-02-18 13:11:36 [02/18/23 13:11:36   39.82s]: 63360   9863       62         3614       788576     604618086  4984       1.33e-05   3.16e+04   9.40e+05   0.36       < 0.235 0.958 >
2023-02-18 13:12:21 [02/18/23 13:12:21   44.82s]: 66240   7262       82         2991       849289     604638812  5738       1.55e-05   7.13e+04   9.76e+05   0.38       < 0.260 0.963 >
2023-02-18 13:13:09 [02/18/23 13:13:09   48.44s]: 69120   7513       218        3319       899341     604652645  5261       2.22e-05   9.74e+04   1.02e+06   0.40       < 0.268 0.945 >
2023-02-18 13:13:59 [02/18/23 13:13:59   49.39s]: 72000   8369       51         3558       956855     604660112  5910       1.15e-05   4.60e+04   1.08e+06   0.43       < 0.272 0.944 >
2023-02-18 13:14:52 [02/18/23 13:14:52   52.91s]: 74880   7822       78         3569       1014450    604664482  5903       8.93e-06   3.11e+04   1.16e+06   0.46       < 0.288 0.942 >
2023-02-18 13:15:44 [02/18/23 13:15:44   51.91s]: 77760   8954       72         2911       1063642    604668274  5609       1.38e-05   6.07e+04   1.21e+06   0.48       < 0.276 0.959 >
2023-02-18 13:16:39 [02/18/23 13:16:39   55.33s]: 80640   8182       97         3738       1122186    604668577  6255       1.24e-05   2.60e+04   1.25e+06   0.50       < 0.305 0.955 >
2023-02-18 13:17:37 [02/18/23 13:17:37   57.55s]: 83520   8518       98         3743       1189478    604668920  6262       1.87e-05   8.84e+04   1.32e+06   0.53       < 0.305 0.963 >
2023-02-18 13:18:37 [02/18/23 13:18:37   60.35s]: 86400   10477      76         4664       1258674    604667906  7164       2.11e-05   8.05e+04   1.42e+06   0.57       < 0.327 0.958 >
2023-02-18 13:19:38 [02/18/23 13:19:38   60.89s]: 89280   10209      153        4211       1322370    604668047  6951       1.57e-05   3.75e+04   1.49e+06   0.59       < 0.321 0.960 >
2023-02-18 13:20:40 [02/18/23 13:20:40   62.44s]: 92160   8940       70         4091       1397381    604667213  7343       1.60e-05   4.98e+04   1.58e+06   0.63       < 0.332 0.968 >
2023-02-18 13:21:42 [02/18/23 13:21:42   61.28s]: 95040   10910      136        3597       1451984    604668442  5805       1.67e-05   5.28e+04   1.63e+06   0.65       < 0.324 0.958 >
2023-02-18 13:22:44 [02/18/23 13:22:44   62.13s]: 97920   8941       66         4744       1531539    604667098  7557       1.15e-05   3.11e+04   1.68e+06   0.69       < 0.320 0.963 >
2023-02-18 13:23:45 [02/18/23 13:23:45   61.49s]: 100800  10752      156        4137       1593723    604667968  6523       1.81e-05   5.98e+04   1.77e+06   0.72       < 0.328 0.963 >
2023-02-18 13:24:49 [02/18/23 13:24:49   63.74s]: 103680  11450      110        4530       1667517    604666473  7497       1.51e-05   4.73e+04   1.85e+06   0.75       < 0.335 0.960 >
2023-02-18 13:25:55 [02/18/23 13:25:55   65.65s]: 106560  5599       69         3004       1740271    604666641  6428       1.44e-05   4.22e+04   1.85e+06   0.78       < 0.348 0.975 >
2023-02-18 13:26:55 [02/18/23 13:26:55   60.63s]: 109440  10757      263        4902       1797184    604667866  7122       2.30e-05   1.08e+05   1.98e+06   0.81       < 0.307 0.962 >
2023-02-18 13:27:55 [02/18/23 13:27:55   60.09s]: 112320  6635       45         3093       1860044    604668178  6055       1.08e-05   3.31e+04   1.98e+06   0.83       < 0.319 0.942 >
2023-02-18 13:28:56 [02/18/23 13:28:56   60.70s]: 115200  11028      114        4069       1913328    604669363  5909       1.65e-05   7.03e+04   2.09e+06   0.86       < 0.307 0.958 >
2023-02-18 13:29:56 [02/18/23 13:29:56   60.40s]: 118080  8544       60         4411       1988669    604668091  7487       1.31e-05   5.23e+04   2.14e+06   0.89       < 0.314 0.962 >
2023-02-18 13:30:56 [02/18/23 13:30:56   59.99s]: 120960  7881       252        3015       2040728    604669939  5144       1.37e-05   6.08e+04   2.19e+06   0.91       < 0.317 0.960 >
2023-02-18 13:32:00 [02/18/23 13:32:00   63.36s]: 123840  12020      67         5800       2116970    604667141  8690       1.81e-05   6.80e+04   2.33e+06   0.95       < 0.335 0.963 >
2023-02-18 13:33:07 [02/18/23 13:33:07   67.33s]: 126720  5724       69         2617       2183818    604668283  4746       7.68e-06   4.18e+04   2.29e+06   0.97       < 0.361 0.956 >
2023-02-18 13:34:14 [02/18/23 13:34:14   67.28s]: 129600  14286      122        6186       2254708    604665831  9051       2.09e-05   8.59e+04   2.47e+06   1.01       < 0.340 0.971 >
2023-02-18 13:35:26 [02/18/23 13:35:26   71.32s]: 132480  10122      320        4464       2338496    604664581  7907       1.89e-05   8.08e+04   2.52e+06   1.05       < 0.379 0.971 >
2023-02-18 13:36:40 [02/18/23 13:36:40   74.11s]: 135360  15689      380        6272       2419708    604662876  9021       2.72e-05   1.72e+05   2.67e+06   1.09       < 0.389 0.970 >
2023-02-18 13:37:57 [02/18/23 13:37:57   77.00s]: 138240  7719       58         3730       2510614    604662296  7693       1.29e-05   3.87e+04   2.68e+06   1.12       < 0.402 0.964 >
2023-02-18 13:39:13 [02/18/23 13:39:13   76.43s]: 141120  15612      218        5810       2579204    604662708  8294       2.90e-05   1.40e+05   2.83e+06   1.16       < 0.410 0.975 >
2023-02-18 13:40:43 [02/18/23 13:40:43   89.97s]: 144000  13596      80         6577       2691764    604657539  11463      2.04e-05   5.79e+04   2.92e+06   1.21       < 0.468 0.974 >
2023-02-18 13:40:43 [02/18/23 13:40:43    0.13s]: 144004  13597      82         6562       2691910    604657553  11460      2.04e-05   5.77e+04   2.92e+06   1.21       < 0.468 0.975 >
2023-02-18 13:40:43  ---  main.cpp:generate tcells took  avg 0.04 s max 0.05 s balance 0.80  --- 
2023-02-18 13:40:43  ---  main.cpp:update circulating tcells took  avg 54.23 s max 57.37 s balance 0.95  --- 
2023-02-18 13:40:43  ---  main.cpp:update tcells took  avg 112.56 s max 124.18 s balance 0.91  --- 
2023-02-18 13:40:43  ---  main.cpp:update epicells took  avg 72.71 s max 74.44 s balance 0.98  --- 
2023-02-18 13:40:43  ---  main.cpp:update concentrations took  avg 465.41 s max 494.05 s balance 0.94  --- 
2023-02-18 13:40:43  ---  main.cpp:compute updates took  avg 1279.35 s max 1279.40 s balance 1.00  --- 
2023-02-18 13:40:43  ---  main.cpp:dispatch updates took  avg 535.64 s max 574.61 s balance 0.93  --- 
2023-02-18 13:40:43  ---  main.cpp:add new actives took  avg 29.02 s max 29.72 s balance 0.98  --- 
2023-02-18 13:40:43  ---  main.cpp:erase inactive took  avg 251.05 s max 257.92 s balance 0.97  --- 
2023-02-18 13:40:43  ---  main.cpp:sample took  avg 0.00 s max 0.00 s balance -nan  --- 
2023-02-18 13:40:43  ---  main.cpp:sample write took  avg 0.00 s max 0.00 s balance -nan  --- 
2023-02-18 13:40:43  ---  main.cpp:log took  avg 10.75 s max 10.80 s balance 1.00  --- 
2023-02-18 13:40:43 Finished 144005 time steps in 2207.0101 s (0.0153 s per step)
2023-02-18 13:40:43  --- Elapsed time for main.cpp:run_sim:  (exiting barrier) 2023-02-18 13:40:43 ...
2023-02-18 13:40:43           ... (min/my/avg/max, bal) (2207.01/2207.01/2207.01/2207.01 s, 1.00) barrier(0.00 s) --- 
2023-02-18 13:40:43 Peak memory used across all nodes: 22.48GB
2023-02-18 13:40:43 Finished in 2210.71 s at 02/18/23 13:40:43 for SimCov version 0.1.1.8024051-dirty
