2023-02-16 15:29:22 SimCov version SimCov version 0.1.1.8024051-dirty-master built on 20230216_082905
2023-02-16 15:29:22 _________________________
2023-02-16 15:29:22 Compiler definitions:
2023-02-16 15:29:22   _XOPEN_SOURCE=700
2023-02-16 15:29:22   CONFIG_USE_COLORS
2023-02-16 15:29:22   USE_BYTELL
2023-02-16 15:29:22   MAX_VIRIONS=125000
2023-02-16 15:29:22   MIN_VIRIONS=1e-10
2023-02-16 15:29:22   BLOCK_PARTITION
2023-02-16 15:29:22   MIN_BLOCKS_PER_PROC=1
2023-02-16 15:29:22   AVERAGE_SUBSAMPLE
2023-02-16 15:29:22 _________________________
2023-02-16 15:29:22 Options:
2023-02-16 15:29:22   dim =                         15000 15000 1
2023-02-16 15:29:22   whole-lung-dim =              48000 40000 20000
2023-02-16 15:29:22   timesteps =                   144005
2023-02-16 15:29:22   infection-coords =            uniform:1
2023-02-16 15:29:22   initial-infection =           999
2023-02-16 15:29:22   incubation-period =           1200
2023-02-16 15:29:22   apoptosis-period =            180
2023-02-16 15:29:22   expressing-period =           900
2023-02-16 15:29:22   infectivity =                 0.1
2023-02-16 15:29:22   infectivity-multiplier =      1.0
2023-02-16 15:29:22   virion-production =           1.1
2023-02-16 15:29:22   virion-production-multiplier = 1.0
2023-02-16 15:29:22   virion-clearance =            0.004
2023-02-16 15:29:22   virion-diffusion =            0.15
2023-02-16 15:29:22   chemokine-production =        1.0
2023-02-16 15:29:22   chemokine-decay =             0.01
2023-02-16 15:29:22   chemokine-diffusion =         1.0
2023-02-16 15:29:22   min-chemokine =               1e-06
2023-02-16 15:29:22   antibody-factor =             1
2023-02-16 15:29:22   antibody-period =             5760
2023-02-16 15:29:22   tcell-generation-rate =       105000
2023-02-16 15:29:22   tcell-initial-delay =         10080
2023-02-16 15:29:22   tcell-vascular-period =       5760
2023-02-16 15:29:22   tcell-tissue-period =         1440
2023-02-16 15:29:22   tcell-binding-period =        10
2023-02-16 15:29:22   max-binding-prob =            1
2023-02-16 15:29:22   tcells-follow-gradient =      false
2023-02-16 15:29:22   seed =                        6
2023-02-16 15:29:22   sample-period =               0
2023-02-16 15:29:22   sample-resolution =           1
2023-02-16 15:29:22   max-block-dim =               10
2023-02-16 15:29:22   output =                      exp_results/per_1200_inf_0.1/init_1000/6
2023-02-16 15:29:22 _________________________
2023-02-16 15:29:22 Starting run with 64 processes on 2 nodes at 02/16/23 15:29:22
2023-02-16 15:29:22 Pinned processes, with process 0 (pid 3868526) pinned to core 0
2023-02-16 15:29:22 Using block partitioning
2023-02-16 15:29:22 Initial free memory across all nodes: 151.86GB
2023-02-16 15:29:22 Starting with 76.21GB free on node 0
2023-02-16 15:29:22 Dividing 225000000 grid points into 3515625 squares of size 64 (8^2), with 54932 per process
2023-02-16 15:29:22 Total initial memory required per process is at least 281.63MB with each grid point requiring on average 84 bytes
2023-02-16 15:29:25  --- Elapsed time for tissue.cpp:Tissue:  (exiting barrier) 2023-02-16 15:29:25 ...
2023-02-16 15:29:25           ... (min/my/avg/max, bal) (3.48/3.48/3.48/3.48 s, 1.00) barrier(0.00 s) --- 
2023-02-16 15:29:25 Memory used on node 0 after initialization is  10.90GB
2023-02-16 15:29:25           ... (min/my/avg/max, bal) No-Time barrier(0.00 s) --- 
2023-02-16 15:29:25 Fraction of circulating T cells extravasating is 5.85938e-06
2023-02-16 15:29:25 # datetime                    step    incb       expr       apop       dead       tvas       ttis       chem       virs       chempts    %infct     <%active  lbln>
2023-02-16 15:29:25 [0] <main.cpp:141> WARNING: Time step 0: SUCCESSFUL initial infection at (7500, 7500, 0) after 0 tries
2023-02-16 15:29:25 [02/16/23 15:29:25    0.00s]: 0       1          0          0          0          0          0          0.00e+00   0.00e+00   1.00e+00   0.00       < 0.000 0.016 >
2023-02-16 15:29:26 [02/16/23 15:29:26    1.27s]: 2880    5194       1623       0          1094       0          0          1.69e-05   2.67e+05   2.71e+04   0.00       < 0.012 0.827 >
2023-02-16 15:29:29 [02/16/23 15:29:29    3.03s]: 5760    9468       6964       0          11757      0          0          6.41e-05   1.84e+06   6.16e+04   0.01       < 0.027 0.894 >
2023-02-16 15:29:35 [02/16/23 15:29:35    5.30s]: 8640    16214      9307       0          36587      0          0          9.69e-05   2.50e+06   1.09e+05   0.03       < 0.048 0.935 >
2023-02-16 15:29:43 [02/16/23 15:29:43    8.56s]: 11520   19231      12915      1178       74858      133768100  389        1.40e-04   3.64e+06   1.68e+05   0.05       < 0.075 0.931 >
2023-02-16 15:29:56 [02/16/23 15:29:56   13.03s]: 14400   15049      4124       3602       139449     319073188  1928       1.30e-04   1.67e+06   2.33e+05   0.07       < 0.103 0.974 >
2023-02-16 15:30:14 [02/16/23 15:30:14   17.97s]: 17280   11972      969        3930       202419     431459429  3148       7.11e-05   4.15e+05   3.00e+05   0.10       < 0.125 0.975 >
2023-02-16 15:30:36 [02/16/23 15:30:36   21.33s]: 20160   8096       96         3423       262114     499620989  3876       2.15e-05   6.72e+04   3.61e+05   0.12       < 0.137 0.974 >
2023-02-16 15:30:58 [02/16/23 15:30:58   22.60s]: 23040   3805       10         2097       308675     540961379  3675       4.99e-06   1.14e+04   3.88e+05   0.14       < 0.138 0.936 >
2023-02-16 15:31:18 [02/16/23 15:31:18   20.27s]: 25920   3160       3          1022       330858     566036870  2011       1.82e-06   3.22e+03   3.79e+05   0.15       < 0.127 0.946 >
2023-02-16 15:31:37 [02/16/23 15:31:37   18.87s]: 28800   6539       28         2356       357107     581244443  2917       9.70e-06   4.68e+04   4.57e+05   0.16       < 0.120 0.955 >
2023-02-16 15:31:58 [02/16/23 15:31:58   20.97s]: 31680   3066       27         1542       393426     590467058  3165       6.36e-06   2.52e+04   4.62e+05   0.18       < 0.139 0.939 >
2023-02-16 15:32:21 [02/16/23 15:32:21   22.48s]: 34560   5530       100        2401       423190     596061337  2852       9.71e-06   3.43e+04   5.11e+05   0.19       < 0.144 0.954 >
2023-02-16 15:32:44 [02/16/23 15:32:44   23.67s]: 37440   5293       127        2524       464490     599452882  3601       7.26e-06   2.73e+04   5.46e+05   0.21       < 0.153 0.953 >
2023-02-16 15:33:09 [02/16/23 15:33:09   24.95s]: 40320   3658       195        1793       499621     601510987  2957       1.34e-05   7.53e+04   5.71e+05   0.22       < 0.159 0.964 >
2023-02-16 15:33:35 [02/16/23 15:33:35   26.11s]: 43200   5066       215        2544       532916     602757957  3967       1.74e-05   7.36e+04   6.22e+05   0.24       < 0.171 0.965 >
2023-02-16 15:34:04 [02/16/23 15:34:04   28.48s]: 46080   7018       31         2455       571337     603514048  4161       8.09e-06   2.40e+04   6.88e+05   0.26       < 0.182 0.966 >
2023-02-16 15:34:36 [02/16/23 15:34:36   32.37s]: 48960   5201       119        2630       617622     603971618  4476       9.14e-06   3.44e+04   7.22e+05   0.28       < 0.208 0.964 >
2023-02-16 15:35:10 [02/16/23 15:35:10   33.90s]: 51840   9207       181        3145       658050     604250083  4116       1.89e-05   9.74e+04   7.92e+05   0.30       < 0.209 0.960 >
2023-02-16 15:35:49 [02/16/23 15:35:49   39.12s]: 54720   6395       39         3547       723757     604415805  6069       1.40e-05   4.30e+04   8.43e+05   0.33       < 0.233 0.948 >
2023-02-16 15:36:29 [02/16/23 15:36:29   40.12s]: 57600   6616       147        2110       760674     604519202  3487       1.31e-05   8.65e+04   8.57e+05   0.34       < 0.234 0.973 >
2023-02-16 15:37:09 [02/16/23 15:37:09   39.92s]: 60480   7549       110        3994       814845     604580063  5856       1.31e-05   5.40e+04   9.38e+05   0.37       < 0.230 0.963 >
2023-02-16 15:37:50 [02/16/23 15:37:50   40.68s]: 63360   6492       17         2712       863065     604618145  4040       4.82e-06   2.38e+04   9.66e+05   0.39       < 0.237 0.961 >
2023-02-16 15:38:32 [02/16/23 15:38:32   41.62s]: 66240   8258       13         3694       914307     604639614  5812       9.91e-06   4.06e+04   1.06e+06   0.41       < 0.241 0.942 >
2023-02-16 15:39:13 [02/16/23 15:39:13   41.29s]: 69120   5900       61         1907       956837     604654884  3523       8.75e-06   2.75e+04   1.04e+06   0.43       < 0.245 0.966 >
2023-02-16 15:39:57 [02/16/23 15:39:57   44.45s]: 72000   10267      121        4524       1011181    604660936  6671       1.79e-05   1.03e+05   1.17e+06   0.46       < 0.253 0.959 >
2023-02-16 15:40:44 [02/16/23 15:40:44   46.57s]: 74880   6107       30         2548       1065735    604665912  4884       8.53e-06   2.13e+04   1.18e+06   0.48       < 0.258 0.957 >
2023-02-16 15:41:28 [02/16/23 15:41:28   44.43s]: 77760   6169       172        3205       1112314    604669269  5333       1.84e-05   9.38e+04   1.25e+06   0.50       < 0.247 0.958 >
2023-02-16 15:42:11 [02/16/23 15:42:11   42.98s]: 80640   5326       12         2382       1156320    604672378  4100       4.10e-06   1.23e+04   1.25e+06   0.52       < 0.241 0.949 >
2023-02-16 15:42:55 [02/16/23 15:42:55   43.23s]: 83520   10425      78         4665       1205541    604672676  6385       1.69e-05   5.11e+04   1.39e+06   0.54       < 0.254 0.969 >
2023-02-16 15:43:46 [02/16/23 15:43:46   51.35s]: 86400   6870       59         3316       1272256    604671213  6269       8.28e-06   3.92e+04   1.40e+06   0.57       < 0.289 0.968 >
2023-02-16 15:44:40 [02/16/23 15:44:40   53.73s]: 89280   6763       70         2983       1318904    604672864  4913       1.11e-05   3.02e+04   1.43e+06   0.59       < 0.282 0.963 >
2023-02-16 15:45:34 [02/16/23 15:45:34   54.25s]: 92160   9742       322        4167       1373888    604672103  6096       1.88e-05   1.07e+05   1.52e+06   0.62       < 0.280 0.968 >
2023-02-16 15:46:29 [02/16/23 15:46:29   55.22s]: 95040   6488       29         2889       1433906    604670699  6331       7.62e-06   2.45e+04   1.56e+06   0.64       < 0.299 0.943 >
2023-02-16 15:47:26 [02/16/23 15:47:26   56.84s]: 97920   8762       187        3813       1483005    604671067  6166       1.37e-05   7.98e+04   1.62e+06   0.66       < 0.312 0.952 >
2023-02-16 15:48:27 [02/16/23 15:48:27   61.31s]: 100800  10017      111        4276       1547902    604669462  7089       1.84e-05   7.48e+04   1.72e+06   0.69       < 0.328 0.952 >
2023-02-16 15:49:31 [02/16/23 15:49:31   64.04s]: 103680  5759       40         3083       1614418    604668709  6415       8.59e-06   2.71e+04   1.73e+06   0.72       < 0.341 0.938 >
2023-02-16 15:50:37 [02/16/23 15:50:37   65.38s]: 106560  9347       81         4033       1666425    604669512  6599       1.57e-05   6.36e+04   1.82e+06   0.75       < 0.312 0.946 >
2023-02-16 15:51:34 [02/16/23 15:51:34   56.98s]: 109440  9781       105        3198       1724452    604670184  5465       1.00e-05   2.15e+04   1.87e+06   0.77       < 0.313 0.970 >
2023-02-16 15:52:36 [02/16/23 15:52:36   62.55s]: 112320  12459      145        5308       1802021    604667557  8564       2.50e-05   9.59e+04   1.98e+06   0.81       < 0.340 0.948 >
2023-02-16 15:53:45 [02/16/23 15:53:45   68.92s]: 115200  10272      255        4930       1883933    604665755  7795       1.71e-05   5.13e+04   2.04e+06   0.84       < 0.368 0.960 >
2023-02-16 15:54:56 [02/16/23 15:54:56   70.63s]: 118080  10992      56         4666       1958762    604665099  7984       1.62e-05   5.94e+04   2.15e+06   0.88       < 0.361 0.980 >
2023-02-16 15:56:04 [02/16/23 15:56:04   67.75s]: 120960  7333       37         3067       2023374    604666508  5652       1.09e-05   3.23e+04   2.16e+06   0.90       < 0.359 0.954 >
2023-02-16 15:57:08 [02/16/23 15:57:08   64.64s]: 123840  11504      151        5098       2083466    604666516  8148       2.23e-05   7.35e+04   2.29e+06   0.93       < 0.333 0.971 >
2023-02-16 15:58:15 [02/16/23 15:58:15   66.52s]: 126720  8722       75         3499       2156757    604666294  6263       1.03e-05   2.98e+04   2.32e+06   0.96       < 0.362 0.961 >
2023-02-16 15:59:25 [02/16/23 15:59:25   69.81s]: 129600  11210      368        5220       2228664    604665199  8532       2.83e-05   1.36e+05   2.42e+06   1.00       < 0.377 0.962 >
2023-02-16 16:00:39 [02/16/23 16:00:39   74.63s]: 132480  9752       218        4629       2308911    604663834  8214       2.25e-05   6.64e+04   2.49e+06   1.03       < 0.406 0.981 >
2023-02-16 16:02:04 [02/16/23 16:02:04   84.35s]: 135360  18142      176        6958       2401298    604660633  10247      2.58e-05   1.20e+05   2.68e+06   1.08       < 0.445 0.973 >
2023-02-16 16:03:35 [02/16/23 16:03:35   91.53s]: 138240  13503      102        6099       2514176    604656967  11002      2.47e-05   9.36e+04   2.75e+06   1.13       < 0.476 0.974 >
2023-02-16 16:05:10 [02/16/23 16:05:10   95.34s]: 141120  16290      337        6789       2609808    604655840  10361      3.33e-05   1.36e+05   2.85e+06   1.17       < 0.495 0.969 >
2023-02-16 16:06:48 [02/16/23 16:06:48   97.96s]: 144000  13575      103        6469       2722974    604654080  11447      2.13e-05   7.16e+04   2.94e+06   1.22       < 0.493 0.977 >
2023-02-16 16:06:48 [02/16/23 16:06:48    0.14s]: 144004  13600      102        6458       2723106    604654078  11435      2.13e-05   7.15e+04   2.94e+06   1.22       < 0.493 0.978 >
2023-02-16 16:06:48  ---  main.cpp:generate tcells took  avg 0.04 s max 0.06 s balance 0.69  --- 
2023-02-16 16:06:48  ---  main.cpp:update circulating tcells took  avg 53.89 s max 56.28 s balance 0.96  --- 
2023-02-16 16:06:48  ---  main.cpp:update tcells took  avg 113.93 s max 125.09 s balance 0.91  --- 
2023-02-16 16:06:48  ---  main.cpp:update epicells took  avg 73.35 s max 75.11 s balance 0.98  --- 
2023-02-16 16:06:48  ---  main.cpp:update concentrations took  avg 472.97 s max 494.45 s balance 0.96  --- 
2023-02-16 16:06:48  ---  main.cpp:compute updates took  avg 1299.01 s max 1299.08 s balance 1.00  --- 
2023-02-16 16:06:48  ---  main.cpp:dispatch updates took  avg 539.59 s max 584.32 s balance 0.92  --- 
2023-02-16 16:06:48  ---  main.cpp:add new actives took  avg 31.65 s max 32.68 s balance 0.97  --- 
2023-02-16 16:06:48  ---  main.cpp:erase inactive took  avg 257.64 s max 264.86 s balance 0.97  --- 
2023-02-16 16:06:48  ---  main.cpp:sample took  avg 0.00 s max 0.00 s balance -nan  --- 
2023-02-16 16:06:48  ---  main.cpp:sample write took  avg 0.00 s max 0.00 s balance -nan  --- 
2023-02-16 16:06:48  ---  main.cpp:log took  avg 11.11 s max 11.20 s balance 0.99  --- 
2023-02-16 16:06:48 Finished 144005 time steps in 2243.4328 s (0.0156 s per step)
2023-02-16 16:06:48  --- Elapsed time for main.cpp:run_sim:  (exiting barrier) 2023-02-16 16:06:48 ...
2023-02-16 16:06:48           ... (min/my/avg/max, bal) (2243.43/2243.43/2243.43/2243.43 s, 1.00) barrier(0.00 s) --- 
2023-02-16 16:06:49 Peak memory used across all nodes: 22.48GB
2023-02-16 16:06:49 Finished in 2247.34 s at 02/16/23 16:06:49 for SimCov version 0.1.1.8024051-dirty
