2023-02-13 19:15:46 SimCov version SimCov version 0.1.1.9cc77ef-dirty-branching_airways_3min_model built on 20230204_191356
2023-02-13 19:15:46 _________________________
2023-02-13 19:15:46 Compiler definitions:
2023-02-13 19:15:46   _XOPEN_SOURCE=700
2023-02-13 19:15:46   CONFIG_USE_COLORS
2023-02-13 19:15:46   USE_BYTELL
2023-02-13 19:15:46   MAX_VIRIONS=125000
2023-02-13 19:15:46   MIN_VIRIONS=1e-10
2023-02-13 19:15:46   BLOCK_PARTITION
2023-02-13 19:15:46   MIN_BLOCKS_PER_PROC=1
2023-02-13 19:15:46   AVERAGE_SUBSAMPLE
2023-02-13 19:15:46 _________________________
2023-02-13 19:15:46 Options:
2023-02-13 19:15:46   dim =                         15000 15000 1
2023-02-13 19:15:46   whole-lung-dim =              48000 40000 20000
2023-02-13 19:15:46   timesteps =                   216005
2023-02-13 19:15:46   infection-coords =            uniform:1
2023-02-13 19:15:46   initial-infection =           1000
2023-02-13 19:15:46   incubation-period =           5000
2023-02-13 19:15:46   apoptosis-period =            180
2023-02-13 19:15:46   expressing-period =           900
2023-02-13 19:15:46   infectivity =                 0.025
2023-02-13 19:15:46   infectivity-multiplier =      1.0
2023-02-13 19:15:46   virion-production =           1.1
2023-02-13 19:15:46   virion-production-multiplier = 1.0
2023-02-13 19:15:46   virion-clearance =            0.004
2023-02-13 19:15:46   virion-diffusion =            0.15
2023-02-13 19:15:46   chemokine-production =        1.0
2023-02-13 19:15:46   chemokine-decay =             0.01
2023-02-13 19:15:46   chemokine-diffusion =         1.0
2023-02-13 19:15:46   min-chemokine =               1e-06
2023-02-13 19:15:46   antibody-factor =             1
2023-02-13 19:15:46   antibody-period =             5760
2023-02-13 19:15:46   tcell-generation-rate =       105000
2023-02-13 19:15:46   tcell-initial-delay =         10080
2023-02-13 19:15:46   tcell-vascular-period =       5760
2023-02-13 19:15:46   tcell-tissue-period =         1440
2023-02-13 19:15:46   tcell-binding-period =        10
2023-02-13 19:15:46   max-binding-prob =            1
2023-02-13 19:15:46   tcells-follow-gradient =      false
2023-02-13 19:15:46   seed =                        2
2023-02-13 19:15:46   sample-period =               0
2023-02-13 19:15:46   sample-resolution =           1
2023-02-13 19:15:46   max-block-dim =               10
2023-02-13 19:15:46   output =                      exp_results/per_5000_inf_0.025/init_1000/2
2023-02-13 19:15:46 _________________________
2023-02-13 19:15:46 Starting run with 64 processes on 2 nodes at 02/13/23 19:15:46
2023-02-13 19:15:46 Pinned processes, with process 0 (pid 3526344) pinned to core 0
2023-02-13 19:15:46 Using block partitioning
2023-02-13 19:15:46 Initial free memory across all nodes: 152.15GB
2023-02-13 19:15:46 Starting with 76.31GB free on node 0
2023-02-13 19:15:46 Dividing 225000000 grid points into 3515625 squares of size 64 (8^2), with 54932 per process
2023-02-13 19:15:46 Total initial memory required per process is at least 308.46MB with each grid point requiring on average 92 bytes
2023-02-13 19:15:49  --- Elapsed time for tissue.cpp:Tissue:  (exiting barrier) 2023-02-13 19:15:49 ...
2023-02-13 19:15:49           ... (min/my/avg/max, bal) (3.39/3.39/3.39/3.39 s, 1.00) barrier(0.00 s) --- 
2023-02-13 19:15:49 Memory used on node 0 after initialization is  11.75GB
2023-02-13 19:15:49           ... (min/my/avg/max, bal) No-Time barrier(0.00 s) --- 
2023-02-13 19:15:49 Fraction of circulating T cells extravasating is 5.85938e-06
2023-02-13 19:15:49 # datetime                    step    incb       expr       apop       dead       tvas       ttis       inflcell   inflallvirs%infct     <%active  lbln>
2023-02-13 19:15:49 [0] <main.cpp:145> WARNING: Time step 0: SUCCESSFUL initial infection at (7500, 7500, 0) after 0 tries
2023-02-13 19:15:49 [02/13/23 19:15:49    0.00s]: 0       1          0          0          0          0          0          0          0          0.00e+00   0.0000004444< 0.000 0.016 >
2023-02-13 19:15:51 [02/13/23 19:15:51    1.30s]: 4320    802        0          0          0          0          0          0          0          2.93e-05   0.0003564444< 0.004 0.602 >
2023-02-13 19:15:53 [02/13/23 19:15:53    2.49s]: 8640    6810       0          0          802        0          0          25670      25670      3.58e+02   0.0033831111< 0.015 0.888 >
2023-02-13 19:15:57 [02/13/23 19:15:57    3.86s]: 12960   7167       184        696        9438       237944708  289        44280      44280      1.48e+05   0.0077711111< 0.020 0.850 >
2023-02-13 19:16:03 [02/13/23 19:16:03    5.92s]: 17280   41         0          5          19864      431465107  69         45249      45249      8.33e+01   0.0088488889< 0.024 0.922 >
2023-02-13 19:16:08 [02/13/23 19:16:08    5.09s]: 21600   613        1          27         20384      522871826  88         48263      48263      7.75e+02   0.0093444444< 0.019 0.854 >
2023-02-13 19:16:13 [02/13/23 19:16:13    4.81s]: 25920   343        1          58         21665      566046854  127        50700      50700      3.69e+01   0.0098075556< 0.015 0.801 >
2023-02-13 19:16:18 [02/13/23 19:16:18    5.24s]: 30240   118        7          9          23602      586440000  15         55067      55067      1.02e+03   0.0105493333< 0.016 0.799 >
2023-02-13 19:16:23 [02/13/23 19:16:23    5.23s]: 34560   414        0          167        25726      596072068  340        61642      61642      7.29e+01   0.0116920000< 0.020 0.845 >
2023-02-13 19:16:28 [02/13/23 19:16:28    4.59s]: 38880   494        0          124        26610      600621654  209        64634      64634      1.35e+02   0.0121013333< 0.007 0.673 >
2023-02-13 19:16:33 [02/13/23 19:16:33    5.12s]: 43200   16         0          0          28155      602770977  0          66916      66916      1.38e-03   0.0125204444< 0.015 0.799 >
2023-02-13 19:16:38 [02/13/23 19:16:38    4.60s]: 47520   358        0          161        30827      603785506  488        76011      76011      5.86e+01   0.0139315556< 0.021 0.864 >
2023-02-13 19:16:43 [02/13/23 19:16:43    5.04s]: 51840   116        2          5          31418      604265530  29         76330      76330      2.96e+02   0.0140182222< 0.005 0.713 >
2023-02-13 19:16:48 [02/13/23 19:16:48    5.03s]: 56160   22         0          0          32897      604491958  0          80071      80071      1.71e-02   0.0146306667< 0.019 0.803 >
2023-02-13 19:16:52 [02/13/23 19:16:52    4.65s]: 60480   417        0          204        34530      604598544  495        84514      84514      2.05e+02   0.0156226667< 0.021 0.830 >
2023-02-13 19:16:58 [02/13/23 19:16:58    5.62s]: 64800   123        0          3          35438      604649386  13         85210      85210      1.59e+02   0.0158062222< 0.007 0.693 >
2023-02-13 19:17:04 [02/13/23 19:17:04    5.81s]: 69120   54         0          39         38634      604672745  150        92309      92309      1.38e+00   0.0172120000< 0.026 0.876 >
2023-02-13 19:17:09 [02/13/23 19:17:09    5.62s]: 73440   1409       6          193        40112      604683953  337        102755     102755     1.29e+03   0.0185422222< 0.026 0.802 >
2023-02-13 19:17:17 [02/13/23 19:17:17    7.21s]: 77760   791        0          72         43082      604689390  131        107679     107679     4.74e+02   0.0195311111< 0.024 0.889 >
2023-02-13 19:17:23 [02/13/23 19:17:23    6.07s]: 82080   237        0          117        46353      604691767  351        113145     113145     1.39e+01   0.0207586667< 0.026 0.772 >
2023-02-13 19:17:29 [02/13/23 19:17:29    6.04s]: 86400   138        0          51         47936      604693179  171        116555     116555     1.77e+01   0.0213888889< 0.013 0.774 >
2023-02-13 19:17:35 [02/13/23 19:17:35    6.31s]: 90720   447        0          111        50463      604693590  242        124286     124286     9.21e+01   0.0226760000< 0.027 0.829 >
2023-02-13 19:17:41 [02/13/23 19:17:41    5.85s]: 95040   836        3          197        52008      604693968  295        127059     127059     6.93e+02   0.0235751111< 0.022 0.842 >
2023-02-13 19:17:49 [02/13/23 19:17:49    7.66s]: 99360   48         0          39         54941      604693928  154        130009     130009     9.71e+01   0.0244568889< 0.027 0.866 >
2023-02-13 19:17:55 [02/13/23 19:17:55    6.28s]: 103680  226        0          127        56934      604693997  257        136129     136129     6.65e+00   0.0254608889< 0.022 0.798 >
2023-02-13 19:18:01 [02/13/23 19:18:01    5.91s]: 108000  543        1          96         58303      604694185  190        140163     140163     4.90e+02   0.0261968889< 0.019 0.811 >
2023-02-13 19:18:08 [02/13/23 19:18:08    6.83s]: 112320  673        0          81         60768      604694135  146        146653     146653     6.08e+02   0.0273431111< 0.025 0.805 >
2023-02-13 19:18:13 [02/13/23 19:18:13    5.56s]: 116640  266        0          77         62946      604694131  264        149210     149210     5.21e+01   0.0281284444< 0.023 0.857 >
2023-02-13 19:18:18 [02/13/23 19:18:18    5.21s]: 120960  15         0          2          64012      604694381  34         150810     150810     1.84e-01   0.0284573333< 0.009 0.797 >
2023-02-13 19:18:22 [02/13/23 19:18:22    3.94s]: 125280  555        1          36         64160      604694510  69         153606     153606     4.80e+02   0.0287786667< 0.013 0.800 >
2023-02-13 19:18:27 [02/13/23 19:18:27    4.27s]: 129600  7          0          0          65880      604694600  0          154034     154034     1.18e-03   0.0292831111< 0.009 0.795 >
2023-02-13 19:18:30 [02/13/23 19:18:30    3.41s]: 133920  525        0          186        66758      604694440  370        156674     156674     8.61e+01   0.0299862222< 0.010 0.803 >
2023-02-13 19:18:34 [02/13/23 19:18:34    3.85s]: 138240  5          0          0          67583      604694708  0          156674     156674     1.49e-06   0.0300391111< 0.002 0.541 >
2023-02-13 19:18:38 [02/13/23 19:18:38    3.73s]: 142560  6          0          2          69218      604694594  6          161233     161233     8.51e-02   0.0307671111< 0.014 0.812 >
2023-02-13 19:18:41 [02/13/23 19:18:41    3.65s]: 146880  442        1          87         69428      604694647  178        162517     162517     3.35e+02   0.0310924444< 0.009 0.703 >
2023-02-13 19:18:45 [02/13/23 19:18:45    4.28s]: 151200  109        1          5          70590      604694757  24         162819     162819     2.00e+02   0.0314244444< 0.008 0.674 >
2023-02-13 19:18:50 [02/13/23 19:18:50    4.83s]: 155520  3          0          0          71830      604694560  16         163441     163441     1.20e-01   0.0319257778< 0.014 0.749 >
2023-02-13 19:18:54 [02/13/23 19:18:54    3.45s]: 159840  8          0          9          72161      604694688  90         164615     164615     5.22e-01   0.0320791111< 0.006 0.820 >
2023-02-13 19:18:57 [02/13/23 19:18:57    2.82s]: 164160  1          0          0          72178      604694861  0          164615     164615     0.00e+00   0.0320795556< 0.000 0.016 >
2023-02-13 19:19:00 [02/13/23 19:19:00    3.21s]: 168480  15         0          0          72878      604694844  0          167772     167772     3.76e-04   0.0323968889< 0.006 0.801 >
2023-02-13 19:19:03 [02/13/23 19:19:03    3.50s]: 172800  9          0          0          73699      604694735  11         169527     169527     1.55e-01   0.0327591111< 0.008 0.765 >
2023-02-13 19:19:06 [02/13/23 19:19:06    3.00s]: 177120  711        0          56         73719      604694798  76         174204     174204     8.49e+02   0.0331048889< 0.008 0.632 >
2023-02-13 19:19:10 [02/13/23 19:19:10    4.06s]: 181440  20         0          0          75368      604694796  0          176455     176455     2.51e-05   0.0335057778< 0.007 0.771 >
2023-02-13 19:19:14 [02/13/23 19:19:14    3.72s]: 185760  8          0          0          76335      604694707  0          177730     177730     2.91e-02   0.0339302222< 0.010 0.779 >
2023-02-13 19:19:18 [02/13/23 19:19:18    3.47s]: 190080  316        0          37         76621      604694695  149        179579     179579     2.56e+02   0.0342106667< 0.009 0.762 >
2023-02-13 19:19:21 [02/13/23 19:19:21    3.68s]: 194400  23         1          0          77235      604694806  1          179637     179637     6.03e+01   0.0343373333< 0.004 0.663 >
2023-02-13 19:19:25 [02/13/23 19:19:25    4.02s]: 198720  57         0          18         78875      604694635  102        183580     183580     7.22e-01   0.0350888889< 0.013 0.846 >
2023-02-13 19:19:30 [02/13/23 19:19:30    4.35s]: 203040  335        0          144        79639      604694524  228        185397     185397     8.26e+02   0.0356080000< 0.012 0.842 >
2023-02-13 19:19:34 [02/13/23 19:19:34    4.53s]: 207360  139        0          58         80676      604694487  216        185872     185872     4.33e+01   0.0359435556< 0.011 0.728 >
2023-02-13 19:19:38 [02/13/23 19:19:38    4.28s]: 211680  29         0          1          81790      604694593  4          188847     188847     7.01e-02   0.0363644444< 0.009 0.727 >
2023-02-13 19:19:43 [02/13/23 19:19:43    4.15s]: 216000  368        0          193        83300      604694422  317        192645     192645     2.39e+01   0.0372715556< 0.016 0.735 >
2023-02-13 19:19:43 [02/13/23 19:19:43    0.01s]: 216004  361        0          198        83303      604694422  316        192645     192645     2.35e+01   0.0372720000< 0.016 0.734 >
2023-02-13 19:19:43  ---  main.cpp:generate tcells took  avg 0.02 s max 0.02 s balance 0.90  --- 
2023-02-13 19:19:43  ---  main.cpp:update circulating tcells took  avg 72.46 s max 78.52 s balance 0.92  --- 
2023-02-13 19:19:43  ---  main.cpp:update tcells took  avg 4.11 s max 4.65 s balance 0.88  --- 
2023-02-13 19:19:43  ---  main.cpp:update epicells took  avg 6.41 s max 6.66 s balance 0.96  --- 
2023-02-13 19:19:43  ---  main.cpp:update concentrations took  avg 17.31 s max 18.14 s balance 0.95  --- 
2023-02-13 19:19:43  ---  main.cpp:compute updates took  avg 148.36 s max 148.37 s balance 1.00  --- 
2023-02-13 19:19:43  ---  main.cpp:dispatch updates took  avg 40.19 s max 45.12 s balance 0.89  --- 
2023-02-13 19:19:43  ---  main.cpp:add new actives took  avg 2.76 s max 3.10 s balance 0.89  --- 
2023-02-13 19:19:43  ---  main.cpp:erase inactive took  avg 11.86 s max 12.28 s balance 0.97  --- 
2023-02-13 19:19:43  ---  main.cpp:sample took  avg 0.00 s max 0.00 s balance -nan  --- 
2023-02-13 19:19:43  ---  main.cpp:sample write took  avg 0.00 s max 0.00 s balance -nan  --- 
2023-02-13 19:19:43  ---  main.cpp:log took  avg 8.78 s max 8.84 s balance 0.99  --- 
2023-02-13 19:19:43 Finished 216005 time steps in 233.1753 s (0.0011 s per step)
2023-02-13 19:19:43  --- Elapsed time for main.cpp:run_sim:  (exiting barrier) 2023-02-13 19:19:43 ...
2023-02-13 19:19:43           ... (min/my/avg/max, bal) (233.18/233.18/233.18/233.18 s, 1.00) barrier(0.00 s) --- 
2023-02-13 19:19:43 Peak memory used across all nodes: 23.56GB
2023-02-13 19:19:43 Finished in 237.12 s at 02/13/23 19:19:43 for SimCov version 0.1.1.9cc77ef-dirty
