2023-02-18 21:51:26 SimCov version SimCov version 0.1.1.8024051-dirty-master built on 20230216_082905
2023-02-18 21:51:26 _________________________
2023-02-18 21:51:26 Compiler definitions:
2023-02-18 21:51:26   _XOPEN_SOURCE=700
2023-02-18 21:51:26   CONFIG_USE_COLORS
2023-02-18 21:51:26   USE_BYTELL
2023-02-18 21:51:26   MAX_VIRIONS=125000
2023-02-18 21:51:26   MIN_VIRIONS=1e-10
2023-02-18 21:51:26   BLOCK_PARTITION
2023-02-18 21:51:26   MIN_BLOCKS_PER_PROC=1
2023-02-18 21:51:26   AVERAGE_SUBSAMPLE
2023-02-18 21:51:26 _________________________
2023-02-18 21:51:26 Options:
2023-02-18 21:51:26   dim =                         15000 15000 1
2023-02-18 21:51:26   whole-lung-dim =              48000 40000 20000
2023-02-18 21:51:26   timesteps =                   144005
2023-02-18 21:51:26   infection-coords =            uniform:1
2023-02-18 21:51:26   initial-infection =           999
2023-02-18 21:51:26   incubation-period =           5000
2023-02-18 21:51:26   apoptosis-period =            180
2023-02-18 21:51:26   expressing-period =           900
2023-02-18 21:51:26   infectivity =                 0.025
2023-02-18 21:51:26   infectivity-multiplier =      1.0
2023-02-18 21:51:26   virion-production =           1.1
2023-02-18 21:51:26   virion-production-multiplier = 1.0
2023-02-18 21:51:26   virion-clearance =            0.004
2023-02-18 21:51:26   virion-diffusion =            0.15
2023-02-18 21:51:26   chemokine-production =        1.0
2023-02-18 21:51:26   chemokine-decay =             0.01
2023-02-18 21:51:26   chemokine-diffusion =         1.0
2023-02-18 21:51:26   min-chemokine =               1e-06
2023-02-18 21:51:26   antibody-factor =             1
2023-02-18 21:51:26   antibody-period =             5760
2023-02-18 21:51:26   tcell-generation-rate =       105000
2023-02-18 21:51:26   tcell-initial-delay =         10080
2023-02-18 21:51:26   tcell-vascular-period =       5760
2023-02-18 21:51:26   tcell-tissue-period =         1440
2023-02-18 21:51:26   tcell-binding-period =        10
2023-02-18 21:51:26   max-binding-prob =            1
2023-02-18 21:51:26   tcells-follow-gradient =      false
2023-02-18 21:51:26   seed =                        2
2023-02-18 21:51:26   sample-period =               0
2023-02-18 21:51:26   sample-resolution =           1
2023-02-18 21:51:26   max-block-dim =               10
2023-02-18 21:51:26   output =                      exp_results/per_5000_inf_0.025/init_1000/2
2023-02-18 21:51:26 _________________________
2023-02-18 21:51:26 Starting run with 64 processes on 2 nodes at 02/18/23 21:51:26
2023-02-18 21:51:26 Pinned processes, with process 0 (pid 32282) pinned to core 0
2023-02-18 21:51:26 Using block partitioning
2023-02-18 21:51:26 Initial free memory across all nodes: 151.47GB
2023-02-18 21:51:26 Starting with 76.83GB free on node 0
2023-02-18 21:51:26 Dividing 225000000 grid points into 3515625 squares of size 64 (8^2), with 54932 per process
2023-02-18 21:51:26 Total initial memory required per process is at least 281.63MB with each grid point requiring on average 84 bytes
2023-02-18 21:51:30  --- Elapsed time for tissue.cpp:Tissue:  (exiting barrier) 2023-02-18 21:51:30 ...
2023-02-18 21:51:30           ... (min/my/avg/max, bal) (3.50/3.50/3.50/3.50 s, 1.00) barrier(0.00 s) --- 
2023-02-18 21:51:30 Memory used on node 0 after initialization is  10.90GB
2023-02-18 21:51:30           ... (min/my/avg/max, bal) No-Time barrier(0.00 s) --- 
2023-02-18 21:51:30 Fraction of circulating T cells extravasating is 5.85938e-06
2023-02-18 21:51:30 # datetime                    step    incb       expr       apop       dead       tvas       ttis       chem       virs       chempts    %infct     <%active  lbln>
2023-02-18 21:51:30 [0] <main.cpp:141> WARNING: Time step 0: SUCCESSFUL initial infection at (7500, 7500, 0) after 0 tries
2023-02-18 21:51:30 [02/18/23 21:51:30    0.00s]: 0       1          0          0          0          0          0          0.00e+00   0.00e+00   1.00e+00   0.00       < 0.000 0.016 >
2023-02-18 21:51:31 [02/18/23 21:51:31    0.88s]: 2880    810        0          0          0          0          0          0.00e+00   9.69e-03   8.10e+02   0.00       < 0.007 0.776 >
2023-02-18 21:51:32 [02/18/23 21:51:32    0.99s]: 5760    2545       703        0          2          0          0          9.21e-06   1.53e+05   1.94e+04   0.00       < 0.009 0.788 >
2023-02-18 21:51:34 [02/18/23 21:51:34    2.07s]: 8640    6726       0          0          810        0          0          8.94e-08   2.66e+02   1.07e+04   0.00       < 0.015 0.887 >
2023-02-18 21:51:36 [02/18/23 21:51:36    2.26s]: 11520   5162       2717       219        3054       133768160  83         3.21e-05   8.10e+05   3.63e+04   0.00       < 0.016 0.885 >
2023-02-18 21:51:40 [02/18/23 21:51:40    3.87s]: 14400   2910       1          804        15899      319075263  456        3.43e-07   2.70e+03   3.94e+04   0.01       < 0.024 0.899 >
2023-02-18 21:51:44 [02/18/23 21:51:44    3.92s]: 17280   68         1          12         19748      431465369  68         1.92e-07   1.83e+02   2.32e+04   0.01       < 0.024 0.920 >
2023-02-18 21:51:47 [02/18/23 21:51:47    3.56s]: 20160   354        1          161        20506      499630377  234        2.39e-07   6.44e+02   2.68e+04   0.01       < 0.015 0.803 >
2023-02-18 21:51:51 [02/18/23 21:51:51    3.45s]: 23040   40         0          25         21838      540972538  70         0.00e+00   5.86e-01   2.19e+04   0.01       < 0.014 0.841 >
2023-02-18 21:51:54 [02/18/23 21:51:54    3.17s]: 25920   19         0          1          22309      566046994  39         0.00e+00   1.97e-01   2.23e+04   0.01       < 0.009 0.787 >
2023-02-18 21:51:57 [02/18/23 21:51:57    3.36s]: 28800   36         0          37         23568      581254323  236        0.00e+00   5.90e+00   2.36e+04   0.01       < 0.014 0.832 >
2023-02-18 21:52:01 [02/18/23 21:52:01    3.29s]: 31680   84         0          73         24113      590478245  176        0.00e+00   6.77e+00   2.43e+04   0.01       < 0.014 0.854 >
2023-02-18 21:52:03 [02/18/23 21:52:03    2.56s]: 34560   492        0          24         24311      596072355  72         3.61e-08   1.39e+02   3.29e+04   0.01       < 0.010 0.695 >
2023-02-18 21:52:06 [02/18/23 21:52:06    3.20s]: 37440   79         0          8          25709      599465125  81         2.21e-07   2.00e+02   3.04e+04   0.01       < 0.017 0.784 >
2023-02-18 21:52:10 [02/18/23 21:52:10    3.32s]: 40320   608        0          81         25967      601522896  100        3.82e-07   7.18e+02   3.60e+04   0.01       < 0.013 0.805 >
2023-02-18 21:52:13 [02/18/23 21:52:13    3.60s]: 43200   66         0          40         27518      602770772  219        1.62e-10   2.09e+01   2.97e+04   0.01       < 0.014 0.816 >
2023-02-18 21:52:17 [02/18/23 21:52:17    3.38s]: 46080   6          0          4          28147      603527595  67         0.00e+00   3.00e-01   2.82e+04   0.01       < 0.012 0.834 >
2023-02-18 21:52:20 [02/18/23 21:52:20    2.94s]: 48960   118        0          3          28637      603986873  9          1.92e-07   1.34e+02   3.09e+04   0.01       < 0.010 0.694 >
2023-02-18 21:52:22 [02/18/23 21:52:22    2.91s]: 51840   650        2          102        29152      604265366  194        7.62e-07   2.58e+03   4.34e+04   0.01       < 0.015 0.864 >
2023-02-18 21:52:26 [02/18/23 21:52:26    3.44s]: 54720   9          0          0          30637      604434084  0          0.00e+00   3.55e-02   3.06e+04   0.01       < 0.014 0.852 >
2023-02-18 21:52:28 [02/18/23 21:52:28    2.26s]: 57600   9          0          0          30637      604536707  0          0.00e+00   0.00e+00   3.06e+04   0.01       < 0.000 0.070 >
2023-02-18 21:52:31 [02/18/23 21:52:31    3.06s]: 60480   8          0          3          31958      604598840  46         0.00e+00   2.22e-01   3.20e+04   0.01       < 0.014 0.835 >
2023-02-18 21:52:34 [02/18/23 21:52:34    2.66s]: 63360   6          0          0          31963      604636561  0          0.00e+00   8.71e-07   3.20e+04   0.01       < 0.002 0.415 >
2023-02-18 21:52:36 [02/18/23 21:52:36    2.36s]: 66240   415        0          179        32865      604659238  353        1.51e-09   4.93e+01   3.90e+04   0.01       < 0.012 0.757 >
2023-02-18 21:52:39 [02/18/23 21:52:39    3.17s]: 69120   9          0          0          33538      604673434  0          0.00e+00   4.76e-04   3.35e+04   0.01       < 0.013 0.788 >
2023-02-18 21:52:42 [02/18/23 21:52:42    2.86s]: 72000   900        3          60         33570      604681824  163        8.93e-07   8.97e+02   5.21e+04   0.02       < 0.012 0.790 >
2023-02-18 21:52:46 [02/18/23 21:52:46    3.76s]: 74880   11         0          2          35970      604686618  0          0.00e+00   6.94e-02   3.60e+04   0.02       < 0.019 0.860 >
2023-02-18 21:52:49 [02/18/23 21:52:49    2.95s]: 77760   118        0          46         36056      604689753  134        2.74e-10   1.73e+01   3.95e+04   0.02       < 0.004 0.594 >
2023-02-18 21:52:52 [02/18/23 21:52:52    3.41s]: 80640   54         0          53         37474      604691487  215        0.00e+00   1.33e+00   3.76e+04   0.02       < 0.020 0.851 >
2023-02-18 21:52:55 [02/18/23 21:52:55    3.11s]: 83520   32         0          1          37572      604692859  3          1.27e-07   6.53e+01   3.97e+04   0.02       < 0.007 0.752 >
2023-02-18 21:52:59 [02/18/23 21:52:59    3.12s]: 86400   1493       2          330        38764      604693167  444        7.53e-07   1.04e+03   5.95e+04   0.02       < 0.023 0.800 >
2023-02-18 21:53:03 [02/18/23 21:53:03    4.70s]: 89280   11         0          0          41363      604693660  0          0.00e+00   1.83e-02   4.14e+04   0.02       < 0.022 0.866 >
2023-02-18 21:53:06 [02/18/23 21:53:06    2.68s]: 92160   11         0          0          41363      604694193  0          0.00e+00   0.00e+00   4.14e+04   0.02       < 0.000 0.172 >
2023-02-18 21:53:10 [02/18/23 21:53:10    3.59s]: 95040   177        0          112        43237      604693966  267        0.00e+00   7.82e+00   4.35e+04   0.02       < 0.021 0.889 >
2023-02-18 21:53:13 [02/18/23 21:53:13    3.44s]: 97920   18         0          0          43527      604694381  0          0.00e+00   7.39e-05   4.35e+04   0.02       < 0.009 0.826 >
2023-02-18 21:53:16 [02/18/23 21:53:16    3.08s]: 100800  369        0          126        44370      604694211  322        2.06e-09   4.49e+01   5.01e+04   0.02       < 0.019 0.829 >
2023-02-18 21:53:20 [02/18/23 21:53:20    3.53s]: 103680  8          0          0          44925      604694505  0          0.00e+00   4.34e-04   4.49e+04   0.02       < 0.011 0.734 >
2023-02-18 21:53:22 [02/18/23 21:53:22    2.47s]: 106560  413        1          32         45005      604694474  216        4.67e-07   5.16e+02   5.80e+04   0.02       < 0.014 0.764 >
2023-02-18 21:53:26 [02/18/23 21:53:26    3.72s]: 109440  38         0          0          46290      604694479  0          0.00e+00   4.17e-02   4.63e+04   0.02       < 0.016 0.869 >
2023-02-18 21:53:29 [02/18/23 21:53:29    2.77s]: 112320  420        2          66         46420      604694468  236        5.19e-07   5.47e+02   6.01e+04   0.02       < 0.013 0.787 >
2023-02-18 21:53:32 [02/18/23 21:53:32    3.79s]: 115200  39         0          0          47507      604694436  0          0.00e+00   4.04e-02   4.75e+04   0.02       < 0.018 0.751 >
2023-02-18 21:53:36 [02/18/23 21:53:36    3.15s]: 118080  326        0          160        48421      604694370  289        2.86e-09   2.09e+02   5.35e+04   0.02       < 0.008 0.802 >
2023-02-18 21:53:39 [02/18/23 21:53:39    3.24s]: 120960  14         0          9          49861      604694453  67         0.00e+00   6.14e-01   4.99e+04   0.02       < 0.016 0.829 >
2023-02-18 21:53:41 [02/18/23 21:53:41    2.51s]: 123840  68         0          3          49874      604694652  10         2.28e-07   1.59e+02   5.29e+04   0.02       < 0.005 0.647 >
2023-02-18 21:53:44 [02/18/23 21:53:44    3.05s]: 126720  68         0          26         51355      604694535  67         0.00e+00   5.68e-01   5.14e+04   0.02       < 0.016 0.801 >
2023-02-18 21:53:47 [02/18/23 21:53:47    2.90s]: 129600  291        14         18         51417      604694629  91         1.09e-06   1.65e+03   6.05e+04   0.02       < 0.009 0.743 >
2023-02-18 21:53:51 [02/18/23 21:53:51    3.75s]: 132480  653        0          274        54204      604694168  390        5.52e-08   2.03e+02   6.18e+04   0.02       < 0.021 0.864 >
2023-02-18 21:53:55 [02/18/23 21:53:55    3.75s]: 135360  15         0          0          55267      604694437  0          0.00e+00   1.97e-03   5.53e+04   0.02       < 0.014 0.865 >
2023-02-18 21:53:57 [02/18/23 21:53:57    2.63s]: 138240  71         0          35         55699      604694477  179        7.12e-10   2.40e+01   5.61e+04   0.02       < 0.008 0.715 >
2023-02-18 21:54:01 [02/18/23 21:54:01    3.71s]: 141120  15         0          6          57497      604694432  63         0.00e+00   3.59e-01   5.75e+04   0.03       < 0.017 0.803 >
2023-02-18 21:54:04 [02/18/23 21:54:04    3.04s]: 144000  165        0          69         57801      604694517  117        0.00e+00   2.21e+00   5.80e+04   0.03       < 0.008 0.730 >
2023-02-18 21:54:04 [02/18/23 21:54:04    0.00s]: 144004  164        0          68         57803      604694518  117        0.00e+00   2.17e+00   5.80e+04   0.03       < 0.008 0.729 >
2023-02-18 21:54:04  ---  main.cpp:generate tcells took  avg 0.01 s max 0.01 s balance 0.80  --- 
2023-02-18 21:54:04  ---  main.cpp:update circulating tcells took  avg 47.33 s max 50.25 s balance 0.94  --- 
2023-02-18 21:54:04  ---  main.cpp:update tcells took  avg 2.61 s max 2.97 s balance 0.88  --- 
2023-02-18 21:54:04  ---  main.cpp:update epicells took  avg 4.15 s max 4.40 s balance 0.94  --- 
2023-02-18 21:54:04  ---  main.cpp:update concentrations took  avg 11.58 s max 12.04 s balance 0.96  --- 
2023-02-18 21:54:04  ---  main.cpp:compute updates took  avg 97.67 s max 97.70 s balance 1.00  --- 
2023-02-18 21:54:04  ---  main.cpp:dispatch updates took  avg 26.94 s max 29.39 s balance 0.92  --- 
2023-02-18 21:54:04  ---  main.cpp:add new actives took  avg 1.71 s max 2.22 s balance 0.77  --- 
2023-02-18 21:54:04  ---  main.cpp:erase inactive took  avg 7.72 s max 8.02 s balance 0.96  --- 
2023-02-18 21:54:04  ---  main.cpp:sample took  avg 0.00 s max 0.00 s balance -nan  --- 
2023-02-18 21:54:04  ---  main.cpp:sample write took  avg 0.00 s max 0.00 s balance -nan  --- 
2023-02-18 21:54:04  ---  main.cpp:log took  avg 6.10 s max 6.14 s balance 0.99  --- 
2023-02-18 21:54:04 Finished 144005 time steps in 154.4109 s (0.0011 s per step)
2023-02-18 21:54:04  --- Elapsed time for main.cpp:run_sim:  (exiting barrier) 2023-02-18 21:54:04 ...
2023-02-18 21:54:04           ... (min/my/avg/max, bal) (154.41/154.41/154.41/154.41 s, 1.00) barrier(0.00 s) --- 
2023-02-18 21:54:04 Peak memory used across all nodes: 21.86GB
2023-02-18 21:54:04 Finished in 158.14 s at 02/18/23 21:54:04 for SimCov version 0.1.1.8024051-dirty
