2023-02-18 21:47:35 SimCov version SimCov version 0.1.1.8024051-dirty-master built on 20230216_082905
2023-02-18 21:47:35 _________________________
2023-02-18 21:47:35 Compiler definitions:
2023-02-18 21:47:35   _XOPEN_SOURCE=700
2023-02-18 21:47:35   CONFIG_USE_COLORS
2023-02-18 21:47:35   USE_BYTELL
2023-02-18 21:47:35   MAX_VIRIONS=125000
2023-02-18 21:47:35   MIN_VIRIONS=1e-10
2023-02-18 21:47:35   BLOCK_PARTITION
2023-02-18 21:47:35   MIN_BLOCKS_PER_PROC=1
2023-02-18 21:47:35   AVERAGE_SUBSAMPLE
2023-02-18 21:47:35 _________________________
2023-02-18 21:47:35 Options:
2023-02-18 21:47:35   dim =                         15000 15000 1
2023-02-18 21:47:35   whole-lung-dim =              48000 40000 20000
2023-02-18 21:47:35   timesteps =                   144005
2023-02-18 21:47:35   infection-coords =            uniform:1
2023-02-18 21:47:35   initial-infection =           999
2023-02-18 21:47:35   incubation-period =           5000
2023-02-18 21:47:35   apoptosis-period =            180
2023-02-18 21:47:35   expressing-period =           900
2023-02-18 21:47:35   infectivity =                 0.025
2023-02-18 21:47:35   infectivity-multiplier =      1.0
2023-02-18 21:47:35   virion-production =           1.1
2023-02-18 21:47:35   virion-production-multiplier = 1.0
2023-02-18 21:47:35   virion-clearance =            0.004
2023-02-18 21:47:35   virion-diffusion =            0.15
2023-02-18 21:47:35   chemokine-production =        1.0
2023-02-18 21:47:35   chemokine-decay =             0.01
2023-02-18 21:47:35   chemokine-diffusion =         1.0
2023-02-18 21:47:35   min-chemokine =               1e-06
2023-02-18 21:47:35   antibody-factor =             1
2023-02-18 21:47:35   antibody-period =             5760
2023-02-18 21:47:35   tcell-generation-rate =       105000
2023-02-18 21:47:35   tcell-initial-delay =         10080
2023-02-18 21:47:35   tcell-vascular-period =       5760
2023-02-18 21:47:35   tcell-tissue-period =         1440
2023-02-18 21:47:35   tcell-binding-period =        10
2023-02-18 21:47:35   max-binding-prob =            1
2023-02-18 21:47:35   tcells-follow-gradient =      false
2023-02-18 21:47:35   seed =                        1
2023-02-18 21:47:35   sample-period =               0
2023-02-18 21:47:35   sample-resolution =           1
2023-02-18 21:47:35   max-block-dim =               10
2023-02-18 21:47:35   output =                      exp_results/per_5000_inf_0.025/init_1000/1
2023-02-18 21:47:35 _________________________
2023-02-18 21:47:35 Starting run with 64 processes on 2 nodes at 02/18/23 21:47:35
2023-02-18 21:47:35 Pinned processes, with process 0 (pid 31912) pinned to core 0
2023-02-18 21:47:35 Using block partitioning
2023-02-18 21:47:35 Initial free memory across all nodes: 151.47GB
2023-02-18 21:47:35 Starting with 76.83GB free on node 0
2023-02-18 21:47:35 Dividing 225000000 grid points into 3515625 squares of size 64 (8^2), with 54932 per process
2023-02-18 21:47:35 Total initial memory required per process is at least 281.63MB with each grid point requiring on average 84 bytes
2023-02-18 21:47:39  --- Elapsed time for tissue.cpp:Tissue:  (exiting barrier) 2023-02-18 21:47:39 ...
2023-02-18 21:47:39           ... (min/my/avg/max, bal) (3.50/3.50/3.50/3.50 s, 1.00) barrier(0.00 s) --- 
2023-02-18 21:47:39 Memory used on node 0 after initialization is  10.90GB
2023-02-18 21:47:39           ... (min/my/avg/max, bal) No-Time barrier(0.00 s) --- 
2023-02-18 21:47:39 Fraction of circulating T cells extravasating is 5.85938e-06
2023-02-18 21:47:39 # datetime                    step    incb       expr       apop       dead       tvas       ttis       chem       virs       chempts    %infct     <%active  lbln>
2023-02-18 21:47:39 [0] <main.cpp:141> WARNING: Time step 0: SUCCESSFUL initial infection at (7500, 7500, 0) after 0 tries
2023-02-18 21:47:39 [02/18/23 21:47:39    0.00s]: 0       1          0          0          0          0          0          0.00e+00   0.00e+00   1.00e+00   0.00       < 0.000 0.016 >
2023-02-18 21:47:40 [02/18/23 21:47:40    0.89s]: 2880    823        0          0          0          0          0          0.00e+00   9.69e-03   8.23e+02   0.00       < 0.007 0.776 >
2023-02-18 21:47:41 [02/18/23 21:47:41    1.00s]: 5760    2469       710        0          6          0          0          8.99e-06   1.54e+05   1.94e+04   0.00       < 0.009 0.787 >
2023-02-18 21:47:43 [02/18/23 21:47:43    2.05s]: 8640    6585       0          0          823        0          0          5.99e-12   7.76e+01   7.41e+03   0.00       < 0.014 0.880 >
2023-02-18 21:47:45 [02/18/23 21:47:45    2.19s]: 11520   5258       2593       256        3144       133768030  80         3.21e-05   7.95e+05   3.63e+04   0.01       < 0.016 0.886 >
2023-02-18 21:47:49 [02/18/23 21:47:49    3.84s]: 14400   3088       0          767        15365      319074989  441        6.24e-07   3.06e+03   3.73e+04   0.01       < 0.024 0.902 >
2023-02-18 21:47:53 [02/18/23 21:47:53    3.83s]: 17280   19         0          0          19428      431465140  0          0.00e+00   3.21e-02   1.94e+04   0.01       < 0.023 0.915 >
2023-02-18 21:47:56 [02/18/23 21:47:56    3.04s]: 20160   470        1          107        19649      499630011  217        2.36e-07   3.16e+02   3.28e+04   0.01       < 0.011 0.765 >
2023-02-18 21:48:00 [02/18/23 21:48:00    3.98s]: 23040   54         0          0          21298      540972186  0          0.00e+00   4.03e-02   2.14e+04   0.01       < 0.023 0.848 >
2023-02-18 21:48:03 [02/18/23 21:48:03    3.42s]: 25920   906        5          162        21565      566046632  243        1.10e-06   1.53e+03   4.04e+04   0.01       < 0.013 0.771 >
2023-02-18 21:48:07 [02/18/23 21:48:07    4.22s]: 28800   310        0          118        24395      581254206  190        1.13e-09   3.37e+01   3.04e+04   0.01       < 0.026 0.878 >
2023-02-18 21:48:11 [02/18/23 21:48:11    3.95s]: 31680   274        0          107        25160      590477787  176        3.77e-09   1.26e+02   3.21e+04   0.01       < 0.012 0.806 >
2023-02-18 21:48:15 [02/18/23 21:48:15    3.70s]: 34560   742        1          185        26863      596071675  330        4.09e-07   3.95e+02   4.03e+04   0.01       < 0.026 0.869 >
2023-02-18 21:48:20 [02/18/23 21:48:20    4.64s]: 37440   297        0          30         29054      599464724  94         5.43e-08   1.93e+02   3.62e+04   0.01       < 0.024 0.815 >
2023-02-18 21:48:24 [02/18/23 21:48:24    4.53s]: 40320   988        2          181        31226      601522337  449        5.60e-07   7.57e+02   4.42e+04   0.01       < 0.025 0.869 >
2023-02-18 21:48:29 [02/18/23 21:48:29    4.99s]: 43200   217        0          146        34266      602770558  232        0.00e+00   9.67e+00   3.46e+04   0.02       < 0.028 0.843 >
2023-02-18 21:48:34 [02/18/23 21:48:34    4.39s]: 46080   45         0          24         35211      603527677  105        0.00e+00   8.75e-01   3.53e+04   0.02       < 0.019 0.846 >
2023-02-18 21:48:38 [02/18/23 21:48:38    4.43s]: 48960   29         0          29         36674      603986549  208        0.00e+00   4.82e+00   3.67e+04   0.02       < 0.021 0.802 >
2023-02-18 21:48:42 [02/18/23 21:48:42    4.13s]: 51840   1137       0          213        37630      604264868  391        3.27e-08   2.01e+02   5.07e+04   0.02       < 0.022 0.856 >
2023-02-18 21:48:47 [02/18/23 21:48:47    4.76s]: 54720   1340       1          292        40433      604433409  434        6.54e-07   8.60e+02   5.92e+04   0.02       < 0.037 0.891 >
2023-02-18 21:48:52 [02/18/23 21:48:52    5.45s]: 57600   631        1          83         43203      604535798  307        2.37e-07   3.20e+02   5.79e+04   0.02       < 0.034 0.859 >
2023-02-18 21:48:57 [02/18/23 21:48:57    5.00s]: 60480   268        0          98         44859      604597905  246        9.74e-09   1.14e+02   5.24e+04   0.02       < 0.026 0.835 >
2023-02-18 21:49:02 [02/18/23 21:49:02    4.32s]: 63360   130        0          105        46013      604635655  254        0.00e+00   7.09e+00   4.62e+04   0.02       < 0.021 0.852 >
2023-02-18 21:49:06 [02/18/23 21:49:06    4.06s]: 66240   392        1          40         47026      604658755  107        1.90e-07   1.56e+02   5.31e+04   0.02       < 0.020 0.799 >
2023-02-18 21:49:10 [02/18/23 21:49:10    4.66s]: 69120   466        2          91         49242      604672436  313        6.32e-07   6.51e+02   6.21e+04   0.02       < 0.030 0.864 >
2023-02-18 21:49:15 [02/18/23 21:49:15    4.85s]: 72000   10         0          0          50572      604681178  0          0.00e+00   3.85e-02   5.06e+04   0.02       < 0.020 0.816 >
2023-02-18 21:49:19 [02/18/23 21:49:19    3.68s]: 74880   556        0          190        51160      604686233  295        1.23e-08   9.80e+01   5.96e+04   0.02       < 0.014 0.778 >
2023-02-18 21:49:24 [02/18/23 21:49:24    5.16s]: 77760   119        0          72         54174      604689189  210        0.00e+00   2.89e+00   5.44e+04   0.02       < 0.031 0.909 >
2023-02-18 21:49:28 [02/18/23 21:49:28    4.13s]: 80640   335        0          23         54371      604691334  162        7.41e-07   6.56e+02   6.59e+04   0.02       < 0.019 0.740 >
2023-02-18 21:49:33 [02/18/23 21:49:33    5.03s]: 83520   267        0          103        57051      604692157  321        1.14e-08   6.51e+01   6.31e+04   0.03       < 0.036 0.891 >
2023-02-18 21:49:38 [02/18/23 21:49:38    4.56s]: 86400   264        0          32         57503      604693186  96         4.14e-07   4.45e+02   6.46e+04   0.03       < 0.020 0.734 >
2023-02-18 21:49:42 [02/18/23 21:49:42    3.86s]: 89280   1939       0          227        58428      604693466  315        6.37e-07   1.06e+03   7.56e+04   0.03       < 0.030 0.836 >
2023-02-18 21:49:47 [02/18/23 21:49:47    5.16s]: 92160   240        0          30         61611      604693730  138        2.63e-07   4.19e+02   6.51e+04   0.03       < 0.029 0.804 >
2023-02-18 21:49:52 [02/18/23 21:49:52    5.03s]: 95040   565        0          240        63875      604693559  537        1.42e-07   6.00e+02   8.08e+04   0.03       < 0.030 0.845 >
2023-02-18 21:49:57 [02/18/23 21:49:57    5.26s]: 97920   544        0          184        65322      604693776  274        3.47e-08   1.75e+02   7.59e+04   0.03       < 0.028 0.858 >
2023-02-18 21:50:01 [02/18/23 21:50:01    4.27s]: 100800  364        2          30         66349      604693979  175        4.48e-07   4.54e+02   7.89e+04   0.03       < 0.024 0.846 >
2023-02-18 21:50:06 [02/18/23 21:50:06    4.14s]: 103680  13         0          0          67661      604694159  0          0.00e+00   3.77e-02   6.77e+04   0.03       < 0.016 0.813 >
2023-02-18 21:50:09 [02/18/23 21:50:09    3.68s]: 106560  112        0          75         68679      604694149  246        1.62e-11   1.40e+01   6.91e+04   0.03       < 0.013 0.829 >
2023-02-18 21:50:13 [02/18/23 21:50:13    3.81s]: 109440  42         1          19         69552      604694293  107        1.69e-07   1.05e+02   7.21e+04   0.03       < 0.020 0.820 >
2023-02-18 21:50:17 [02/18/23 21:50:17    3.55s]: 112320  65         0          2          69939      604694411  26         1.96e-07   1.40e+02   7.23e+04   0.03       < 0.012 0.805 >
2023-02-18 21:50:21 [02/18/23 21:50:21    3.93s]: 115200  15         0          6          70747      604694383  63         0.00e+00   2.13e-01   7.08e+04   0.03       < 0.019 0.774 >
2023-02-18 21:50:24 [02/18/23 21:50:24    3.14s]: 118080  228        0          29         70779      604694534  87         2.68e-08   1.03e+02   7.79e+04   0.03       < 0.005 0.604 >
2023-02-18 21:50:28 [02/18/23 21:50:28    4.34s]: 120960  942        0          201        73159      604694080  366        6.87e-08   2.25e+02   8.43e+04   0.03       < 0.030 0.851 >
2023-02-18 21:50:32 [02/18/23 21:50:32    4.34s]: 123840  26         0          0          74532      604694377  0          0.00e+00   2.18e-03   7.46e+04   0.03       < 0.015 0.771 >
2023-02-18 21:50:36 [02/18/23 21:50:36    3.37s]: 126720  576        0          198        75462      604694152  417        5.34e-08   2.14e+02   8.58e+04   0.03       < 0.021 0.873 >
2023-02-18 21:50:40 [02/18/23 21:50:40    4.14s]: 129600  10         0          0          76350      604694383  0          0.00e+00   2.07e-03   7.64e+04   0.03       < 0.019 0.793 >
2023-02-18 21:50:43 [02/18/23 21:50:43    3.03s]: 132480  466        0          98         76937      604694324  325        1.75e-07   3.47e+02   8.94e+04   0.03       < 0.015 0.871 >
2023-02-18 21:50:47 [02/18/23 21:50:47    4.15s]: 135360  15         0          4          78120      604694362  67         0.00e+00   2.29e-01   7.81e+04   0.03       < 0.023 0.834 >
2023-02-18 21:50:50 [02/18/23 21:50:50    2.92s]: 138240  448        2          18         78132      604694521  82         4.53e-07   4.74e+02   8.80e+04   0.03       < 0.009 0.803 >
2023-02-18 21:50:54 [02/18/23 21:50:54    4.26s]: 141120  512        0          136        80425      604694131  298        4.19e-08   1.55e+02   8.78e+04   0.04       < 0.028 0.904 >
2023-02-18 21:50:58 [02/18/23 21:50:58    4.09s]: 144000  64         2          3          81187      604694419  10         2.53e-07   2.07e+02   8.47e+04   0.04       < 0.014 0.762 >
2023-02-18 21:50:58 [02/18/23 21:50:58    0.00s]: 144004  64         2          3          81187      604694420  10         2.56e-07   2.12e+02   8.47e+04   0.04       < 0.014 0.762 >
2023-02-18 21:50:58  ---  main.cpp:generate tcells took  avg 0.01 s max 0.01 s balance 0.83  --- 
2023-02-18 21:50:58  ---  main.cpp:update circulating tcells took  avg 47.47 s max 49.92 s balance 0.95  --- 
2023-02-18 21:50:58  ---  main.cpp:update tcells took  avg 4.02 s max 4.56 s balance 0.88  --- 
2023-02-18 21:50:58  ---  main.cpp:update epicells took  avg 6.59 s max 6.84 s balance 0.96  --- 
2023-02-18 21:50:58  ---  main.cpp:update concentrations took  avg 18.41 s max 18.95 s balance 0.97  --- 
2023-02-18 21:50:58  ---  main.cpp:compute updates took  avg 121.62 s max 121.64 s balance 1.00  --- 
2023-02-18 21:50:58  ---  main.cpp:dispatch updates took  avg 39.22 s max 42.56 s balance 0.92  --- 
2023-02-18 21:50:58  ---  main.cpp:add new actives took  avg 2.85 s max 3.02 s balance 0.94  --- 
2023-02-18 21:50:58  ---  main.cpp:erase inactive took  avg 12.29 s max 12.67 s balance 0.97  --- 
2023-02-18 21:50:58  ---  main.cpp:sample took  avg 0.00 s max 0.00 s balance -nan  --- 
2023-02-18 21:50:58  ---  main.cpp:sample write took  avg 0.00 s max 0.00 s balance -nan  --- 
2023-02-18 21:50:58  ---  main.cpp:log took  avg 6.22 s max 6.26 s balance 0.99  --- 
2023-02-18 21:50:58 Finished 144005 time steps in 199.3299 s (0.0014 s per step)
2023-02-18 21:50:58  --- Elapsed time for main.cpp:run_sim:  (exiting barrier) 2023-02-18 21:50:58 ...
2023-02-18 21:50:58           ... (min/my/avg/max, bal) (199.33/199.33/199.33/199.33 s, 1.00) barrier(0.00 s) --- 
2023-02-18 21:50:59 Peak memory used across all nodes: 21.88GB
2023-02-18 21:50:59 Finished in 203.16 s at 02/18/23 21:50:59 for SimCov version 0.1.1.8024051-dirty
