2023-02-13 19:10:46 SimCov version SimCov version 0.1.1.9cc77ef-dirty-branching_airways_3min_model built on 20230204_191356
2023-02-13 19:10:46 _________________________
2023-02-13 19:10:46 Compiler definitions:
2023-02-13 19:10:46   _XOPEN_SOURCE=700
2023-02-13 19:10:46   CONFIG_USE_COLORS
2023-02-13 19:10:46   USE_BYTELL
2023-02-13 19:10:46   MAX_VIRIONS=125000
2023-02-13 19:10:46   MIN_VIRIONS=1e-10
2023-02-13 19:10:46   BLOCK_PARTITION
2023-02-13 19:10:46   MIN_BLOCKS_PER_PROC=1
2023-02-13 19:10:46   AVERAGE_SUBSAMPLE
2023-02-13 19:10:46 _________________________
2023-02-13 19:10:46 Options:
2023-02-13 19:10:46   dim =                         15000 15000 1
2023-02-13 19:10:46   whole-lung-dim =              48000 40000 20000
2023-02-13 19:10:46   timesteps =                   216005
2023-02-13 19:10:46   infection-coords =            uniform:1
2023-02-13 19:10:46   initial-infection =           1000
2023-02-13 19:10:46   incubation-period =           5000
2023-02-13 19:10:46   apoptosis-period =            180
2023-02-13 19:10:46   expressing-period =           900
2023-02-13 19:10:46   infectivity =                 0.025
2023-02-13 19:10:46   infectivity-multiplier =      1.0
2023-02-13 19:10:46   virion-production =           1.1
2023-02-13 19:10:46   virion-production-multiplier = 1.0
2023-02-13 19:10:46   virion-clearance =            0.004
2023-02-13 19:10:46   virion-diffusion =            0.15
2023-02-13 19:10:46   chemokine-production =        1.0
2023-02-13 19:10:46   chemokine-decay =             0.01
2023-02-13 19:10:46   chemokine-diffusion =         1.0
2023-02-13 19:10:46   min-chemokine =               1e-06
2023-02-13 19:10:46   antibody-factor =             1
2023-02-13 19:10:46   antibody-period =             5760
2023-02-13 19:10:46   tcell-generation-rate =       105000
2023-02-13 19:10:46   tcell-initial-delay =         10080
2023-02-13 19:10:46   tcell-vascular-period =       5760
2023-02-13 19:10:46   tcell-tissue-period =         1440
2023-02-13 19:10:46   tcell-binding-period =        10
2023-02-13 19:10:46   max-binding-prob =            1
2023-02-13 19:10:46   tcells-follow-gradient =      false
2023-02-13 19:10:46   seed =                        1
2023-02-13 19:10:46   sample-period =               0
2023-02-13 19:10:46   sample-resolution =           1
2023-02-13 19:10:46   max-block-dim =               10
2023-02-13 19:10:46   output =                      exp_results/per_5000_inf_0.025/init_1000/1
2023-02-13 19:10:46 _________________________
2023-02-13 19:10:46 Starting run with 64 processes on 2 nodes at 02/13/23 19:10:46
2023-02-13 19:10:46 Pinned processes, with process 0 (pid 3894305) pinned to core 0
2023-02-13 19:10:46 Using block partitioning
2023-02-13 19:10:46 Initial free memory across all nodes: 150.59GB
2023-02-13 19:10:46 Starting with 75.57GB free on node 0
2023-02-13 19:10:46 Dividing 225000000 grid points into 3515625 squares of size 64 (8^2), with 54932 per process
2023-02-13 19:10:46 Total initial memory required per process is at least 308.46MB with each grid point requiring on average 92 bytes
2023-02-13 19:10:49  --- Elapsed time for tissue.cpp:Tissue:  (exiting barrier) 2023-02-13 19:10:49 ...
2023-02-13 19:10:49           ... (min/my/avg/max, bal) (3.50/3.50/3.50/3.50 s, 1.00) barrier(0.00 s) --- 
2023-02-13 19:10:49 Memory used on node 0 after initialization is  11.73GB
2023-02-13 19:10:49           ... (min/my/avg/max, bal) No-Time barrier(0.00 s) --- 
2023-02-13 19:10:49 Fraction of circulating T cells extravasating is 5.85938e-06
2023-02-13 19:10:49 # datetime                    step    incb       expr       apop       dead       tvas       ttis       inflcell   inflallvirs%infct     <%active  lbln>
2023-02-13 19:10:49 [0] <main.cpp:145> WARNING: Time step 0: SUCCESSFUL initial infection at (7500, 7500, 0) after 0 tries
2023-02-13 19:10:49 [02/13/23 19:10:49    0.00s]: 0       1          0          0          0          0          0          0          0          0.00e+00   0.0000004444< 0.000 0.016 >
2023-02-13 19:10:50 [02/13/23 19:10:50    1.34s]: 4320    810        0          0          0          0          0          0          0          2.93e-05   0.0003600000< 0.004 0.602 >
2023-02-13 19:10:53 [02/13/23 19:10:53    2.48s]: 8640    6500       0          0          810        0          0          24595      24595      1.65e+02   0.0032488889< 0.014 0.869 >
2023-02-13 19:10:57 [02/13/23 19:10:57    3.90s]: 12960   7095       266        680        9039       237944682  265        43776      43776      1.70e+05   0.0075911111< 0.020 0.832 >
2023-02-13 19:11:03 [02/13/23 19:11:03    6.00s]: 17280   61         1          1          19186      431465494  3          43938      43938      1.00e+02   0.0085551111< 0.023 0.894 >
2023-02-13 19:11:09 [02/13/23 19:11:09    6.23s]: 21600   116        0          61         21886      522871920  149        50835      50835      2.24e+00   0.0098057778< 0.025 0.883 >
2023-02-13 19:11:15 [02/13/23 19:11:15    5.65s]: 25920   263        0          118        23373      566046361  362        55372      55372      2.69e+02   0.0105573333< 0.019 0.795 >
2023-02-13 19:11:20 [02/13/23 19:11:20    5.21s]: 30240   376        2          89         24184      586439569  192        57909      57909      2.10e+02   0.0109560000< 0.010 0.725 >
2023-02-13 19:11:26 [02/13/23 19:11:26    5.79s]: 34560   6          0          0          26427      596072144  0          61450      61450      8.27e-04   0.0117480000< 0.017 0.866 >
2023-02-13 19:11:30 [02/13/23 19:11:30    4.28s]: 38880   283        1          62         27541      600621776  160        65626      65626      2.01e+02   0.0123942222< 0.019 0.852 >
2023-02-13 19:11:35 [02/13/23 19:11:35    4.95s]: 43200   801        0          115        28421      602770691  233        70043      70043      3.08e+02   0.0130386667< 0.015 0.854 >
2023-02-13 19:11:41 [02/13/23 19:11:41    5.61s]: 47520   19         0          0          30734      603785837  0          71431      71431      6.34e-02   0.0136680000< 0.013 0.797 >
2023-02-13 19:11:46 [02/13/23 19:11:46    5.05s]: 51840   425        0          114        33271      604264844  313        79797      79797      5.02e+02   0.0150266667< 0.024 0.879 >
2023-02-13 19:11:52 [02/13/23 19:11:52    6.06s]: 56160   470        0          121        34427      604491398  349        83208      83208      2.48e+02   0.0155635556< 0.016 0.823 >
2023-02-13 19:11:57 [02/13/23 19:11:57    5.40s]: 60480   20         0          12         36235      604598601  73         86168      86168      3.65e-01   0.0161186667< 0.014 0.881 >
2023-02-13 19:12:02 [02/13/23 19:12:02    4.87s]: 64800   100        1          4          37162      604649387  24         89123      89123      2.05e+02   0.0165631111< 0.016 0.859 >
2023-02-13 19:12:06 [02/13/23 19:12:06    4.52s]: 69120   45         1          14         37775      604673279  66         90247      90247      6.57e+01   0.0168155556< 0.011 0.769 >
2023-02-13 19:12:11 [02/13/23 19:12:11    4.55s]: 73440   271        0          67         38959      604684456  192        96964      96964      1.85e+02   0.0174653333< 0.015 0.804 >
2023-02-13 19:12:16 [02/13/23 19:12:16    5.14s]: 77760   19         0          0          40083      604689870  0          97611      97611      8.99e-03   0.0178231111< 0.010 0.750 >
2023-02-13 19:12:21 [02/13/23 19:12:21    5.39s]: 82080   474        0          164        41992      604692074  306        105238     105238     2.25e+02   0.0189466667< 0.022 0.806 >
2023-02-13 19:12:27 [02/13/23 19:12:27    5.08s]: 86400   753        0          179        43088      604693312  306        107469     107469     1.23e+02   0.0195644444< 0.015 0.824 >
2023-02-13 19:12:32 [02/13/23 19:12:32    5.43s]: 90720   11         0          0          44942      604694039  0          110189     110189     1.77e-02   0.0199791111< 0.013 0.859 >
2023-02-13 19:12:37 [02/13/23 19:12:37    5.02s]: 95040   787        0          39         46537      604694129  89         117532     117532     5.48e+02   0.0210502222< 0.023 0.815 >
2023-02-13 19:12:42 [02/13/23 19:12:42    5.28s]: 99360   677        4          37         47927      604694357  130        120486     120486     1.03e+03   0.0216200000< 0.018 0.818 >
2023-02-13 19:12:50 [02/13/23 19:12:50    7.23s]: 103680  21         0          22         53032      604693958  175        128652     128652     1.48e+00   0.0235888889< 0.031 0.800 >
2023-02-13 19:12:55 [02/13/23 19:12:55    5.80s]: 108000  928        2          364        55066      604693925  516        133902     133902     4.21e+02   0.0250488889< 0.025 0.784 >
2023-02-13 19:13:03 [02/13/23 19:13:03    8.03s]: 112320  304        0          124        58378      604693921  247        138358     138358     1.56e+02   0.0261360000< 0.022 0.836 >
2023-02-13 19:13:11 [02/13/23 19:13:11    7.63s]: 116640  799        0          370        62698      604693490  639        147825     147825     6.52e+01   0.0283853333< 0.042 0.887 >
2023-02-13 19:13:18 [02/13/23 19:13:18    7.53s]: 120960  372        6          37         65102      604693960  118        151256     151256     7.96e+02   0.0291186667< 0.020 0.768 >
2023-02-13 19:13:28 [02/13/23 19:13:28    9.99s]: 125280  53         0          7          70757      604693566  87         159607     159607     1.01e+00   0.0314742222< 0.048 0.917 >
2023-02-13 19:13:36 [02/13/23 19:13:36    7.02s]: 129600  447        0          98         72208      604693673  425        163595     163595     3.53e+02   0.0323346667< 0.029 0.870 >
2023-02-13 19:13:42 [02/13/23 19:13:42    6.90s]: 133920  658        4          31         73345      604694146  86         166240     166240     8.06e+02   0.0329057778< 0.018 0.807 >
2023-02-13 19:13:49 [02/13/23 19:13:49    6.61s]: 138240  71         0          51         76384      604694030  136        168778     168778     1.96e+00   0.0340026667< 0.026 0.833 >
2023-02-13 19:13:54 [02/13/23 19:13:54    5.06s]: 142560  626        1          132        77448      604694196  231        172562     172562     2.59e+02   0.0347586667< 0.016 0.786 >
2023-02-13 19:14:01 [02/13/23 19:14:01    6.46s]: 146880  164        1          5          80212      604694287  29         176961     176961     2.01e+02   0.0357253333< 0.019 0.765 >
2023-02-13 19:14:06 [02/13/23 19:14:06    5.86s]: 151200  479        1          93         82362      604694142  260        182115     182115     2.14e+02   0.0368600000< 0.024 0.861 >
2023-02-13 19:14:12 [02/13/23 19:14:12    5.44s]: 155520  1101       0          131        83420      604694305  204        187675     187675     4.15e+02   0.0376231111< 0.016 0.822 >
2023-02-13 19:14:17 [02/13/23 19:14:17    5.16s]: 159840  342        0          171        85951      604694336  261        191301     191301     1.20e+01   0.0384284444< 0.014 0.787 >
2023-02-13 19:14:23 [02/13/23 19:14:23    5.64s]: 164160  95         0          14         86912      604694446  70         191491     191491     1.87e+02   0.0386760000< 0.015 0.752 >
2023-02-13 19:14:27 [02/13/23 19:14:27    4.27s]: 168480  254        0          64         87481      604694486  202        192428     192428     1.37e+01   0.0390217778< 0.013 0.803 >
2023-02-13 19:14:31 [02/13/23 19:14:31    4.38s]: 172800  12         0          11         88345      604694617  74         193725     193725     3.69e-01   0.0392746667< 0.006 0.784 >
2023-02-13 19:14:36 [02/13/23 19:14:36    4.83s]: 177120  4          0          1          89427      604694566  0          194635     194635     2.97e-02   0.0397475556< 0.014 0.832 >
2023-02-13 19:14:40 [02/13/23 19:14:40    4.13s]: 181440  225        0          17         89936      604694657  34         197512     197512     1.26e+02   0.0400791111< 0.010 0.778 >
2023-02-13 19:14:44 [02/13/23 19:14:44    3.94s]: 185760  629        0          221        90926      604694589  250        201714     201714     5.12e+01   0.0407893333< 0.010 0.774 >
2023-02-13 19:14:49 [02/13/23 19:14:49    4.69s]: 190080  32         1          0          92326      604694672  3          201998     201998     9.04e+01   0.0410484444< 0.009 0.731 >
2023-02-13 19:14:53 [02/13/23 19:14:53    4.56s]: 194400  411        0          83         93321      604694476  160        206298     206298     2.18e+02   0.0416955556< 0.015 0.815 >
2023-02-13 19:14:58 [02/13/23 19:14:58    4.32s]: 198720  132        0          56         94427      604694611  96         209369     209369     5.43e-01   0.0420511111< 0.009 0.833 >
2023-02-13 19:15:03 [02/13/23 19:15:03    4.77s]: 203040  479        0          124        96086      604694372  195        213785     213785     2.01e+02   0.0429728889< 0.016 0.860 >
2023-02-13 19:15:07 [02/13/23 19:15:07    4.37s]: 207360  383        2          9          96833      604694648  39         214735     214735     4.10e+02   0.0432120000< 0.008 0.701 >
2023-02-13 19:15:13 [02/13/23 19:15:13    6.07s]: 211680  34         0          12         101135     604694277  96         222770     222770     7.11e-01   0.0449693333< 0.023 0.833 >
2023-02-13 19:15:18 [02/13/23 19:15:18    5.21s]: 216000  32         1          0          102002     604694434  0          223894     223894     5.16e+01   0.0453488889< 0.014 0.778 >
2023-02-13 19:15:18 [02/13/23 19:15:18    0.00s]: 216004  34         1          0          102002     604694434  0          223894     223894     5.51e+01   0.0453497778< 0.014 0.781 >
2023-02-13 19:15:18  ---  main.cpp:generate tcells took  avg 0.02 s max 0.02 s balance 0.91  --- 
2023-02-13 19:15:18  ---  main.cpp:update circulating tcells took  avg 73.46 s max 78.15 s balance 0.94  --- 
2023-02-13 19:15:18  ---  main.cpp:update tcells took  avg 5.28 s max 5.86 s balance 0.90  --- 
2023-02-13 19:15:18  ---  main.cpp:update epicells took  avg 8.23 s max 8.58 s balance 0.96  --- 
2023-02-13 19:15:18  ---  main.cpp:update concentrations took  avg 22.20 s max 23.31 s balance 0.95  --- 
2023-02-13 19:15:18  ---  main.cpp:compute updates took  avg 167.36 s max 167.40 s balance 1.00  --- 
2023-02-13 19:15:18  ---  main.cpp:dispatch updates took  avg 49.77 s max 53.45 s balance 0.93  --- 
2023-02-13 19:15:18  ---  main.cpp:add new actives took  avg 3.40 s max 4.12 s balance 0.83  --- 
2023-02-13 19:15:18  ---  main.cpp:erase inactive took  avg 15.28 s max 15.90 s balance 0.96  --- 
2023-02-13 19:15:18  ---  main.cpp:sample took  avg 0.00 s max 0.00 s balance -nan  --- 
2023-02-13 19:15:18  ---  main.cpp:sample write took  avg 0.00 s max 0.00 s balance -nan  --- 
2023-02-13 19:15:18  ---  main.cpp:log took  avg 8.96 s max 9.00 s balance 1.00  --- 
2023-02-13 19:15:18 Finished 216005 time steps in 269.1313 s (0.0012 s per step)
2023-02-13 19:15:18  --- Elapsed time for main.cpp:run_sim:  (exiting barrier) 2023-02-13 19:15:18 ...
2023-02-13 19:15:18           ... (min/my/avg/max, bal) (269.13/269.13/269.13/269.13 s, 1.00) barrier(0.00 s) --- 
2023-02-13 19:15:19 Peak memory used across all nodes: 23.57GB
2023-02-13 19:15:19 Finished in 273.15 s at 02/13/23 19:15:19 for SimCov version 0.1.1.9cc77ef-dirty
