2023-02-17 10:48:36 SimCov version SimCov version 0.1.1.8024051-dirty-master built on 20230216_082905
2023-02-17 10:48:36 _________________________
2023-02-17 10:48:36 Compiler definitions:
2023-02-17 10:48:36   _XOPEN_SOURCE=700
2023-02-17 10:48:36   CONFIG_USE_COLORS
2023-02-17 10:48:36   USE_BYTELL
2023-02-17 10:48:36   MAX_VIRIONS=125000
2023-02-17 10:48:36   MIN_VIRIONS=1e-10
2023-02-17 10:48:36   BLOCK_PARTITION
2023-02-17 10:48:36   MIN_BLOCKS_PER_PROC=1
2023-02-17 10:48:36   AVERAGE_SUBSAMPLE
2023-02-17 10:48:36 _________________________
2023-02-17 10:48:36 Options:
2023-02-17 10:48:36   dim =                         15000 15000 1
2023-02-17 10:48:36   whole-lung-dim =              48000 40000 20000
2023-02-17 10:48:36   timesteps =                   144005
2023-02-17 10:48:36   infection-coords =            uniform:1
2023-02-17 10:48:36   initial-infection =           999
2023-02-17 10:48:36   incubation-period =           300
2023-02-17 10:48:36   apoptosis-period =            180
2023-02-17 10:48:36   expressing-period =           900
2023-02-17 10:48:36   infectivity =                 0.001
2023-02-17 10:48:36   infectivity-multiplier =      1.0
2023-02-17 10:48:36   virion-production =           1.1
2023-02-17 10:48:36   virion-production-multiplier = 1.0
2023-02-17 10:48:36   virion-clearance =            0.004
2023-02-17 10:48:36   virion-diffusion =            0.15
2023-02-17 10:48:36   chemokine-production =        1.0
2023-02-17 10:48:36   chemokine-decay =             0.01
2023-02-17 10:48:36   chemokine-diffusion =         1.0
2023-02-17 10:48:36   min-chemokine =               1e-06
2023-02-17 10:48:36   antibody-factor =             1
2023-02-17 10:48:36   antibody-period =             5760
2023-02-17 10:48:36   tcell-generation-rate =       105000
2023-02-17 10:48:36   tcell-initial-delay =         10080
2023-02-17 10:48:36   tcell-vascular-period =       5760
2023-02-17 10:48:36   tcell-tissue-period =         1440
2023-02-17 10:48:36   tcell-binding-period =        10
2023-02-17 10:48:36   max-binding-prob =            1
2023-02-17 10:48:36   tcells-follow-gradient =      false
2023-02-17 10:48:36   seed =                        10
2023-02-17 10:48:36   sample-period =               0
2023-02-17 10:48:36   sample-resolution =           1
2023-02-17 10:48:36   max-block-dim =               10
2023-02-17 10:48:36   output =                      exp_results/per_300_inf_0.001/init_999/10
2023-02-17 10:48:36 _________________________
2023-02-17 10:48:36 Starting run with 64 processes on 2 nodes at 02/17/23 10:48:36
2023-02-17 10:48:36 Pinned processes, with process 0 (pid 3882211) pinned to core 0
2023-02-17 10:48:36 Using block partitioning
2023-02-17 10:48:36 Initial free memory across all nodes: 152.30GB
2023-02-17 10:48:36 Starting with 76.41GB free on node 0
2023-02-17 10:48:36 Dividing 225000000 grid points into 3515625 squares of size 64 (8^2), with 54932 per process
2023-02-17 10:48:36 Total initial memory required per process is at least 281.63MB with each grid point requiring on average 84 bytes
2023-02-17 10:48:40  --- Elapsed time for tissue.cpp:Tissue:  (exiting barrier) 2023-02-17 10:48:40 ...
2023-02-17 10:48:40           ... (min/my/avg/max, bal) (3.45/3.45/3.45/3.45 s, 1.00) barrier(0.00 s) --- 
2023-02-17 10:48:40 Memory used on node 0 after initialization is  10.90GB
2023-02-17 10:48:40           ... (min/my/avg/max, bal) No-Time barrier(0.00 s) --- 
2023-02-17 10:48:40 Fraction of circulating T cells extravasating is 5.85938e-06
2023-02-17 10:48:40 # datetime                    step    incb       expr       apop       dead       tvas       ttis       chem       virs       chempts    %infct     <%active  lbln>
2023-02-17 10:48:40 [0] <main.cpp:141> WARNING: Time step 0: SUCCESSFUL initial infection at (7500, 7500, 0) after 0 tries
2023-02-17 10:48:40 [02/17/23 10:48:40    0.00s]: 0       1          0          0          0          0          0          0.00e+00   0.00e+00   1.00e+00   0.00       < 0.000 0.016 >
2023-02-17 10:48:41 [02/17/23 10:48:41    1.74s]: 2880    2066       4811       0          3151       0          0          3.97e-05   1.15e+06   3.83e+04   0.00       < 0.017 0.850 >
2023-02-17 10:48:46 [02/17/23 10:48:46    4.10s]: 5760    4597       11877      0          26224      0          0          9.94e-05   3.09e+06   9.20e+04   0.02       < 0.041 0.911 >
2023-02-17 10:48:53 [02/17/23 10:48:53    7.87s]: 8640    7140       19834      0          73006      0          0          1.66e-04   5.28e+06   1.72e+05   0.04       < 0.076 0.945 >
2023-02-17 10:49:07 [02/17/23 10:49:07   13.29s]: 11520   9065       24509      1160       145630     133767617  557        2.24e-04   6.90e+06   2.74e+05   0.08       < 0.122 0.959 >
2023-02-17 10:49:28 [02/17/23 10:49:28   21.48s]: 14400   9213       16325      5312       246689     319071648  2797       2.54e-04   5.59e+06   3.92e+05   0.12       < 0.166 0.964 >
2023-02-17 10:49:59 [02/17/23 10:49:59   30.29s]: 17280   9541       10862      6871       358537     431456120  4850       2.58e-04   4.18e+06   5.19e+05   0.17       < 0.203 0.973 >
2023-02-17 10:50:37 [02/17/23 10:50:37   38.58s]: 20160   10153      7896       7860       480474     499614967  6528       2.58e-04   3.38e+06   6.59e+05   0.23       < 0.235 0.964 >
2023-02-17 10:51:23 [02/17/23 10:51:23   45.67s]: 23040   10962      6701       8611       611686     540951336  7862       2.68e-04   3.04e+06   8.08e+05   0.28       < 0.263 0.973 >
2023-02-17 10:52:15 [02/17/23 10:52:15   51.92s]: 25920   11654      6455       9078       754622     566019726  9376       2.77e-04   2.90e+06   9.69e+05   0.35       < 0.290 0.969 >
2023-02-17 10:53:14 [02/17/23 10:53:14   59.67s]: 28800   12317      5703       9996       909395     581222021  10734      2.93e-04   2.77e+06   1.14e+06   0.42       < 0.318 0.962 >
2023-02-17 10:54:21 [02/17/23 10:54:21   66.25s]: 31680   13190      6088       10848      1076008    590440469  11719      3.12e-04   2.95e+06   1.33e+06   0.49       < 0.346 0.977 >
2023-02-17 10:55:33 [02/17/23 10:55:33   72.47s]: 34560   14585      7029       11948      1255710    596029762  12774      3.44e-04   3.33e+06   1.53e+06   0.57       < 0.375 0.969 >
2023-02-17 10:56:53 [02/17/23 10:56:53   79.79s]: 37440   15221      7182       12689      1450461    599417746  13997      3.64e-04   3.44e+06   1.74e+06   0.66       < 0.405 0.970 >
2023-02-17 10:58:21 [02/17/23 10:58:21   88.19s]: 40320   16087      7081       13301      1657319    601471173  14909      3.75e-04   3.41e+06   1.97e+06   0.75       < 0.434 0.969 >
2023-02-17 10:59:57 [02/17/23 10:59:57   96.13s]: 43200   17529      7837       14230      1874961    602715143  15722      4.08e-04   3.70e+06   2.20e+06   0.85       < 0.463 0.973 >
2023-02-17 11:01:40 [02/17/23 11:01:40  102.51s]: 46080   18233      7962       14984      2108373    603468161  16658      4.27e-04   3.85e+06   2.46e+06   0.96       < 0.492 0.974 >
2023-02-17 11:03:30 [02/17/23 11:03:30  109.93s]: 48960   19347      8445       15160      2354517    603923192  17873      4.46e-04   3.93e+06   2.72e+06   1.07       < 0.522 0.974 >
2023-02-17 11:05:26 [02/17/23 11:05:26  116.52s]: 51840   20797      9091       16353      2614582    604198077  18652      4.77e-04   4.32e+06   3.00e+06   1.18       < 0.551 0.980 >
2023-02-17 11:07:30 [02/17/23 11:07:30  124.12s]: 54720   21561      9754       17152      2888462    604362638  19649      5.02e-04   4.46e+06   3.29e+06   1.31       < 0.581 0.975 >
2023-02-17 11:09:45 [02/17/23 11:09:45  134.38s]: 57600   21919      9466       18306      3176761    604461023  20885      5.27e-04   4.82e+06   3.60e+06   1.43       < 0.611 0.974 >
2023-02-17 11:12:05 [02/17/23 11:12:05  140.81s]: 60480   22910      9715       19148      3476506    604519169  21835      5.48e-04   4.90e+06   3.92e+06   1.57       < 0.640 0.982 >
2023-02-17 11:14:34 [02/17/23 11:14:34  148.35s]: 63360   24557      11007      20013      3792048    604552920  22938      5.81e-04   5.46e+06   4.25e+06   1.71       < 0.671 0.971 >
2023-02-17 11:17:10 [02/17/23 11:17:10  156.15s]: 66240   24877      10580      20695      4119739    604571065  24173      5.76e-04   5.08e+06   4.60e+06   1.86       < 0.701 0.986 >
2023-02-17 11:19:53 [02/17/23 11:19:53  163.49s]: 69120   26541      12597      21754      4459269    604581401  24787      6.30e-04   5.87e+06   4.96e+06   2.01       < 0.730 0.979 >
2023-02-17 11:22:45 [02/17/23 11:22:45  171.50s]: 72000   27634      12402      22437      4816585    604586146  25620      6.51e-04   5.93e+06   5.34e+06   2.17       < 0.759 0.974 >
2023-02-17 11:25:45 [02/17/23 11:25:45  180.36s]: 74880   27684      11999      23125      5186859    604586645  27055      6.62e-04   5.84e+06   5.72e+06   2.33       < 0.791 0.988 >
2023-02-17 11:28:55 [02/17/23 11:28:55  189.81s]: 77760   29157      13018      24239      5567654    604585762  27971      6.88e-04   6.18e+06   6.13e+06   2.50       < 0.819 0.969 >
2023-02-17 11:32:15 [02/17/23 11:32:15  200.00s]: 80640   30578      13042      25064      5963761    604583913  28991      7.15e-04   6.38e+06   6.54e+06   2.68       < 0.848 0.977 >
2023-02-17 11:35:44 [02/17/23 11:35:44  208.53s]: 83520   31070      13583      26038      6373164    604581241  29797      7.33e-04   6.59e+06   6.97e+06   2.86       < 0.878 0.984 >
2023-02-17 11:39:24 [02/17/23 11:39:24  219.99s]: 86400   33077      14014      26797      6792291    604578176  30493      7.67e-04   6.75e+06   7.41e+06   3.05       < 0.906 0.975 >
2023-02-17 11:43:13 [02/17/23 11:43:13  228.99s]: 89280   33686      14887      27759      7230571    604574284  32023      7.93e-04   7.18e+06   7.87e+06   3.25       < 0.937 0.986 >
2023-02-17 11:47:06 [02/17/23 11:47:06  233.33s]: 92160   34823      15540      28928      7681908    604570885  32496      8.14e-04   7.35e+06   8.34e+06   3.45       < 0.970 0.980 >
2023-02-17 11:51:07 [02/17/23 11:51:07  241.47s]: 95040   35303      15425      29234      8143948    604567125  33505      8.33e-04   7.37e+06   8.82e+06   3.66       < 0.997 0.970 >
2023-02-17 11:55:16 [02/17/23 11:55:16  248.13s]: 97920   37155      17862      30631      8622153    604563476  34676      8.86e-04   8.40e+06   9.32e+06   3.87       < 1.028 0.981 >
2023-02-17 11:59:31 [02/17/23 11:59:31  255.80s]: 100800  37178      16417      31651      9118285    604559348  36141      8.89e-04   8.18e+06   9.83e+06   4.09       < 1.060 0.973 >
2023-02-17 12:03:56 [02/17/23 12:03:56  264.57s]: 103680  38990      17759      31896      9622480    604555008  36961      9.19e-04   8.38e+06   1.04e+07   4.32       < 1.092 0.983 >
2023-02-17 12:08:29 [02/17/23 12:08:29  273.23s]: 106560  40613      19081      33275      10141567   604551115  37785      9.54e-04   8.89e+06   1.09e+07   4.55       < 1.118 0.986 >
2023-02-17 12:13:10 [02/17/23 12:13:10  280.88s]: 109440  40672      18020      33555      10676149   604547490  38361      9.66e-04   8.85e+06   1.14e+07   4.79       < 1.148 0.983 >
2023-02-17 12:18:02 [02/17/23 12:18:02  292.13s]: 112320  41604      17705      34208      11222111   604543403  39909      9.87e-04   8.83e+06   1.20e+07   5.03       < 1.176 0.987 >
2023-02-17 12:23:03 [02/17/23 12:23:03  300.48s]: 115200  42819      19147      35597      11781425   604539620  40721      1.02e-03   9.38e+06   1.26e+07   5.28       < 1.207 0.980 >
2023-02-17 12:28:11 [02/17/23 12:28:11  308.74s]: 118080  44481      19627      36560      12356900   604536027  41399      1.04e-03   9.44e+06   1.32e+07   5.54       < 1.237 0.983 >
2023-02-17 12:33:28 [02/17/23 12:33:28  316.72s]: 120960  45600      20237      37011      12945550   604532129  42516      1.07e-03   9.68e+06   1.38e+07   5.80       < 1.269 0.981 >
2023-02-17 12:38:54 [02/17/23 12:38:54  325.50s]: 123840  46353      20412      37764      13548871   604527849  43570      1.09e-03   1.00e+07   1.44e+07   6.07       < 1.298 0.984 >
2023-02-17 12:44:28 [02/17/23 12:44:28  334.26s]: 126720  47318      21472      38532      14164178   604523752  44450      1.12e-03   1.01e+07   1.50e+07   6.34       < 1.329 0.990 >
2023-02-17 12:50:13 [02/17/23 12:50:13  345.28s]: 129600  48541      21987      39234      14793819   604519675  45380      1.13e-03   1.04e+07   1.57e+07   6.62       < 1.357 0.981 >
2023-02-17 12:56:03 [02/17/23 12:56:03  350.23s]: 132480  48847      21162      40800      15440890   604515301  46898      1.17e-03   1.06e+07   1.64e+07   6.91       < 1.389 0.986 >
2023-02-17 13:02:01 [02/17/23 13:02:01  357.46s]: 135360  50124      23001      41559      16098253   604511855  47443      1.19e-03   1.10e+07   1.70e+07   7.21       < 1.420 0.987 >
2023-02-17 13:08:07 [02/17/23 13:08:07  366.45s]: 138240  52049      23726      42681      16769332   604507825  48464      1.22e-03   1.13e+07   1.77e+07   7.51       < 1.449 0.982 >
2023-02-17 13:14:22 [02/17/23 13:14:22  374.37s]: 141120  51878      22985      43623      17456632   604503418  49661      1.23e-03   1.12e+07   1.84e+07   7.81       < 1.480 0.986 >
2023-02-17 13:20:45 [02/17/23 13:20:45  383.74s]: 144000  53491      24385      44018      18155214   604499393  50726      1.26e-03   1.16e+07   1.92e+07   8.12       < 1.509 0.989 >
2023-02-17 13:20:46 [02/17/23 13:20:46    0.54s]: 144004  53507      24426      44023      18156157   604499395  50719      1.26e-03   1.16e+07   1.92e+07   8.12       < 1.509 0.989 >
2023-02-17 13:20:46  ---  main.cpp:generate tcells took  avg 0.05 s max 0.07 s balance 0.71  --- 
2023-02-17 13:20:46  ---  main.cpp:update circulating tcells took  avg 54.52 s max 57.71 s balance 0.94  --- 
2023-02-17 13:20:46  ---  main.cpp:update tcells took  avg 614.35 s max 669.88 s balance 0.92  --- 
2023-02-17 13:20:46  ---  main.cpp:update epicells took  avg 204.53 s max 218.28 s balance 0.94  --- 
2023-02-17 13:20:46  ---  main.cpp:update concentrations took  avg 2400.87 s max 2489.04 s balance 0.96  --- 
2023-02-17 13:20:46  ---  main.cpp:compute updates took  avg 5349.29 s max 5349.40 s balance 1.00  --- 
2023-02-17 13:20:46  ---  main.cpp:dispatch updates took  avg 2362.34 s max 2561.36 s balance 0.92  --- 
2023-02-17 13:20:46  ---  main.cpp:add new actives took  avg 103.06 s max 106.96 s balance 0.96  --- 
2023-02-17 13:20:46  ---  main.cpp:erase inactive took  avg 930.17 s max 961.44 s balance 0.97  --- 
2023-02-17 13:20:46  ---  main.cpp:sample took  avg 0.00 s max 0.00 s balance -nan  --- 
2023-02-17 13:20:46  ---  main.cpp:sample write took  avg 0.00 s max 0.00 s balance -nan  --- 
2023-02-17 13:20:46  ---  main.cpp:log took  avg 11.41 s max 11.51 s balance 0.99  --- 
2023-02-17 13:20:46 Finished 144005 time steps in 9126.2566 s (0.0634 s per step)
2023-02-17 13:20:46  --- Elapsed time for main.cpp:run_sim:  (exiting barrier) 2023-02-17 13:20:46 ...
2023-02-17 13:20:46           ... (min/my/avg/max, bal) (9126.26/9126.26/9126.26/9126.26 s, 1.00) barrier(0.00 s) --- 
2023-02-17 13:20:46 Peak memory used across all nodes: 24.55GB
2023-02-17 13:20:46 Finished in 9130.20 s at 02/17/23 13:20:46 for SimCov version 0.1.1.8024051-dirty
