2023-02-15 21:49:48 SimCov version SimCov version 0.1.1.8024051-dirty-master built on 20230202_132828
2023-02-15 21:49:48 _________________________
2023-02-15 21:49:48 Compiler definitions:
2023-02-15 21:49:48   _XOPEN_SOURCE=700
2023-02-15 21:49:48   CONFIG_USE_COLORS
2023-02-15 21:49:48   USE_BYTELL
2023-02-15 21:49:48   MAX_VIRIONS=125000
2023-02-15 21:49:48   MIN_VIRIONS=1e-10
2023-02-15 21:49:48   BLOCK_PARTITION
2023-02-15 21:49:48   MIN_BLOCKS_PER_PROC=1
2023-02-15 21:49:48   AVERAGE_SUBSAMPLE
2023-02-15 21:49:48 _________________________
2023-02-15 21:49:48 Options:
2023-02-15 21:49:48   dim =                         15000 15000 1
2023-02-15 21:49:48   whole-lung-dim =              48000 40000 20000
2023-02-15 21:49:48   timesteps =                   144005
2023-02-15 21:49:48   infection-coords =            uniform:1
2023-02-15 21:49:48   initial-infection =           999
2023-02-15 21:49:48   incubation-period =           600
2023-02-15 21:49:48   apoptosis-period =            180
2023-02-15 21:49:48   expressing-period =           900
2023-02-15 21:49:48   infectivity =                 0.01
2023-02-15 21:49:48   infectivity-multiplier =      1.0
2023-02-15 21:49:48   virion-production =           1.1
2023-02-15 21:49:48   virion-production-multiplier = 1.0
2023-02-15 21:49:48   virion-clearance =            0.004
2023-02-15 21:49:48   virion-diffusion =            0.15
2023-02-15 21:49:48   chemokine-production =        1.0
2023-02-15 21:49:48   chemokine-decay =             0.01
2023-02-15 21:49:48   chemokine-diffusion =         1.0
2023-02-15 21:49:48   min-chemokine =               1e-06
2023-02-15 21:49:48   antibody-factor =             1
2023-02-15 21:49:48   antibody-period =             5760
2023-02-15 21:49:48   tcell-generation-rate =       105000
2023-02-15 21:49:48   tcell-initial-delay =         10080
2023-02-15 21:49:48   tcell-vascular-period =       5760
2023-02-15 21:49:48   tcell-tissue-period =         1440
2023-02-15 21:49:48   tcell-binding-period =        10
2023-02-15 21:49:48   max-binding-prob =            1
2023-02-15 21:49:48   tcells-follow-gradient =      false
2023-02-15 21:49:48   seed =                        5
2023-02-15 21:49:48   sample-period =               0
2023-02-15 21:49:48   sample-resolution =           1
2023-02-15 21:49:48   max-block-dim =               10
2023-02-15 21:49:48   output =                      exp_results/per_600_inf_0.01/init_1001/5
2023-02-15 21:49:48 _________________________
2023-02-15 21:49:48 Starting run with 64 processes on 2 nodes at 02/15/23 21:49:48
2023-02-15 21:49:48 Pinned processes, with process 0 (pid 2236133) pinned to core 0
2023-02-15 21:49:48 Using block partitioning
2023-02-15 21:49:48 Initial free memory across all nodes: 152.04GB
2023-02-15 21:49:48 Starting with 75.82GB free on node 0
2023-02-15 21:49:48 Dividing 225000000 grid points into 3515625 squares of size 64 (8^2), with 54932 per process
2023-02-15 21:49:48 Total initial memory required per process is at least 281.63MB with each grid point requiring on average 84 bytes
2023-02-15 21:49:52  --- Elapsed time for tissue.cpp:Tissue:  (exiting barrier) 2023-02-15 21:49:52 ...
2023-02-15 21:49:52           ... (min/my/avg/max, bal) (3.50/3.50/3.50/3.50 s, 1.00) barrier(0.00 s) --- 
2023-02-15 21:49:52 Memory used on node 0 after initialization is  10.91GB
2023-02-15 21:49:52           ... (min/my/avg/max, bal) No-Time barrier(0.00 s) --- 
2023-02-15 21:49:52 Fraction of circulating T cells extravasating is 5.85938e-06
2023-02-15 21:49:52 # datetime                    step    incb       expr       apop       dead       tvas       ttis       chem       virs       chempts    %infct     <%active  lbln>
2023-02-15 21:49:52 [0] <main.cpp:141> WARNING: Time step 0: SUCCESSFUL initial infection at (7500, 7500, 0) after 0 tries
2023-02-15 21:49:52 [02/15/23 21:49:52    0.00s]: 0       1          0          0          0          0          0          0.00e+00   0.00e+00   1.00e+00   0.00       < 0.000 0.016 >
2023-02-15 21:49:53 [02/15/23 21:49:53    1.49s]: 2880    3560       3834       0          2494       0          0          3.30e-05   8.89e+05   3.49e+04   0.00       < 0.016 0.857 >
2023-02-15 21:49:57 [02/15/23 21:49:57    3.81s]: 5760    7735       10226      0          21537      0          0          8.78e-05   2.64e+06   8.29e+04   0.02       < 0.037 0.920 >
2023-02-15 21:50:04 [02/15/23 21:50:04    7.20s]: 8640    11692      16014      0          60992      0          0          1.39e-04   4.26e+06   1.50e+05   0.04       < 0.067 0.942 >
2023-02-15 21:50:16 [02/15/23 21:50:16   11.70s]: 11520   14763      19945      1312       120703     133767741  502        1.90e-04   5.71e+06   2.36e+05   0.07       < 0.105 0.966 >
2023-02-15 21:50:34 [02/15/23 21:50:34   18.31s]: 14400   13957      10567      4640       208800     319072448  2477       2.07e-04   3.77e+06   3.34e+05   0.11       < 0.143 0.969 >
2023-02-15 21:51:00 [02/15/23 21:51:00   25.68s]: 17280   14165      5467       6099       303500     431457533  4150       1.92e-04   2.29e+06   4.41e+05   0.15       < 0.176 0.957 >
2023-02-15 21:51:37 [02/15/23 21:51:37   37.00s]: 20160   14420      3673       6484       405736     499617028  5781       1.75e-04   1.53e+06   5.58e+05   0.19       < 0.202 0.977 >
2023-02-15 21:52:18 [02/15/23 21:52:18   40.93s]: 23040   14443      2090       6750       514818     540954389  6852       1.56e-04   9.66e+05   6.80e+05   0.24       < 0.224 0.949 >
2023-02-15 21:53:02 [02/15/23 21:53:02   44.10s]: 25920   14395      1620       7664       631603     566023572  8080       1.58e-04   9.30e+05   8.11e+05   0.29       < 0.245 0.973 >
2023-02-15 21:53:51 [02/15/23 21:53:51   48.51s]: 28800   14565      1459       7976       754521     581226646  9041       1.51e-04   7.79e+05   9.49e+05   0.35       < 0.265 0.967 >
2023-02-15 21:54:44 [02/15/23 21:54:44   53.37s]: 31680   15940      1359       8820       887251     590445848  10184      1.59e-04   7.90e+05   1.10e+06   0.41       < 0.287 0.970 >
2023-02-15 21:55:44 [02/15/23 21:55:44   60.05s]: 34560   16141      1388       9171       1029731    596035861  11010      1.55e-04   7.43e+05   1.26e+06   0.47       < 0.311 0.976 >
2023-02-15 21:56:49 [02/15/23 21:56:49   65.11s]: 37440   18017      1291       9565       1181247    599424911  11880      1.75e-04   7.82e+05   1.42e+06   0.54       < 0.333 0.972 >
2023-02-15 21:57:59 [02/15/23 21:57:59   69.76s]: 40320   18356      1670       10423      1342523    601479260  12671      1.82e-04   8.93e+05   1.60e+06   0.61       < 0.355 0.964 >
2023-02-15 21:59:15 [02/15/23 21:59:15   75.95s]: 43200   20080      1661       11003      1513641    602723785  13331      1.87e-04   8.27e+05   1.79e+06   0.69       < 0.380 0.984 >
2023-02-15 22:00:37 [02/15/23 22:00:37   82.43s]: 46080   20509      1663       11750      1695672    603477108  14243      1.96e-04   9.00e+05   1.98e+06   0.77       < 0.403 0.971 >
2023-02-15 22:02:06 [02/15/23 22:02:06   88.83s]: 48960   22722      1936       12696      1885442    603932915  15237      2.18e-04   1.00e+06   2.19e+06   0.85       < 0.426 0.982 >
2023-02-15 22:03:42 [02/15/23 22:03:42   95.86s]: 51840   23831      1771       12841      2088276    604207781  16044      2.21e-04   9.52e+05   2.41e+06   0.95       < 0.451 0.979 >
2023-02-15 22:05:25 [02/15/23 22:05:25  103.10s]: 54720   24690      2351       13764      2301681    604373546  16781      2.44e-04   1.16e+06   2.64e+06   1.04       < 0.476 0.977 >
2023-02-15 22:07:12 [02/15/23 22:07:12  107.22s]: 57600   26404      2304       14532      2528896    604472993  17537      2.58e-04   1.23e+06   2.88e+06   1.14       < 0.500 0.984 >
2023-02-15 22:09:05 [02/15/23 22:09:05  112.81s]: 60480   26054      2106       14307      2758977    604532048  17937      2.41e-04   1.10e+06   3.12e+06   1.25       < 0.521 0.981 >
2023-02-15 22:11:03 [02/15/23 22:11:03  117.96s]: 63360   27736      2225       15307      3004516    604566395  18984      2.75e-04   1.28e+06   3.39e+06   1.36       < 0.544 0.974 >
2023-02-15 22:13:06 [02/15/23 22:13:06  123.28s]: 66240   29607      2223       16131      3258421    604585873  20184      2.76e-04   1.26e+06   3.66e+06   1.47       < 0.571 0.983 >
2023-02-15 22:15:19 [02/15/23 22:15:19  132.53s]: 69120   29457      2192       16425      3522482    604596507  20609      2.75e-04   1.20e+06   3.93e+06   1.59       < 0.593 0.978 >
2023-02-15 22:17:37 [02/15/23 22:17:37  137.84s]: 72000   30626      2665       17419      3791715    604601844  21385      2.94e-04   1.42e+06   4.22e+06   1.71       < 0.613 0.974 >
2023-02-15 22:20:00 [02/15/23 22:20:00  143.06s]: 74880   31681      2586       17730      4069839    604603807  22173      3.06e-04   1.43e+06   4.52e+06   1.83       < 0.636 0.983 >
2023-02-15 22:22:29 [02/15/23 22:22:29  149.47s]: 77760   35550      3253       19025      4359206    604603857  23149      3.41e-04   1.61e+06   4.83e+06   1.96       < 0.662 0.982 >
2023-02-15 22:25:06 [02/15/23 22:25:06  156.24s]: 80640   35130      2906       19201      4671210    604602215  24330      3.41e-04   1.55e+06   5.15e+06   2.10       < 0.689 0.986 >
2023-02-15 22:27:49 [02/15/23 22:27:49  163.23s]: 83520   35539      2850       19876      4983920    604600285  24509      3.37e-04   1.50e+06   5.47e+06   2.24       < 0.717 0.980 >
2023-02-15 22:30:38 [02/15/23 22:30:38  168.85s]: 86400   37596      3167       20893      5306624    604597491  25396      3.64e-04   1.64e+06   5.82e+06   2.39       < 0.733 0.984 >
2023-02-15 22:33:32 [02/15/23 22:33:32  174.31s]: 89280   38563      3450       21958      5648307    604593938  26743      3.79e-04   1.78e+06   6.17e+06   2.54       < 0.759 0.978 >
2023-02-15 22:36:37 [02/15/23 22:36:37  185.26s]: 92160   38740      3144       21819      5997589    604590201  27954      3.63e-04   1.70e+06   6.53e+06   2.69       < 0.789 0.980 >
2023-02-15 22:39:50 [02/15/23 22:39:50  192.52s]: 95040   38843      3045       22273      6350242    604587251  28051      3.67e-04   1.71e+06   6.90e+06   2.85       < 0.814 0.987 >
2023-02-15 22:43:08 [02/15/23 22:43:08  198.17s]: 97920   42196      3083       23596      6713503    604584194  29046      3.92e-04   1.76e+06   7.28e+06   3.01       < 0.835 0.989 >
2023-02-15 22:46:35 [02/15/23 22:46:35  206.89s]: 100800  43060      3555       23876      7094875    604581492  29696      4.15e-04   1.95e+06   7.68e+06   3.18       < 0.861 0.981 >
2023-02-15 22:50:09 [02/15/23 22:50:09  214.24s]: 103680  42995      3283       24252      7479531    604578356  30386      3.97e-04   1.74e+06   8.08e+06   3.36       < 0.881 0.985 >
2023-02-15 22:53:52 [02/15/23 22:53:52  222.92s]: 106560  45700      3635       25627      7877206    604575059  31448      4.40e-04   1.99e+06   8.49e+06   3.53       < 0.901 0.991 >
2023-02-15 22:57:37 [02/15/23 22:57:37  225.48s]: 109440  47316      3796       26186      8288653    604571525  32342      4.52e-04   2.02e+06   8.92e+06   3.72       < 0.928 0.984 >
2023-02-15 23:01:30 [02/15/23 23:01:30  232.24s]: 112320  48045      3882       26483      8710311    604568339  33187      4.59e-04   2.07e+06   9.35e+06   3.91       < 0.954 0.991 >
2023-02-15 23:05:29 [02/15/23 23:05:29  239.69s]: 115200  49685      3870       27158      9144072    604565150  33958      4.69e-04   2.13e+06   9.80e+06   4.10       < 0.977 0.987 >
2023-02-15 23:09:41 [02/15/23 23:09:41  251.64s]: 118080  49758      4427       28361      9588247    604562259  34742      4.87e-04   2.30e+06   1.03e+07   4.30       < 0.998 0.988 >
2023-02-15 23:13:59 [02/15/23 23:13:59  258.03s]: 120960  51448      4470       28775      10040711   604559210  35550      5.06e-04   2.46e+06   1.07e+07   4.50       < 1.022 0.989 >
2023-02-15 23:18:17 [02/15/23 23:18:17  258.17s]: 123840  53689      4617       29190      10501852   604556162  35918      5.17e-04   2.44e+06   1.12e+07   4.71       < 1.046 0.982 >
2023-02-15 23:22:41 [02/15/23 23:22:41  263.34s]: 126720  53238      4251       29532      10973498   604552695  36847      5.12e-04   2.33e+06   1.17e+07   4.92       < 1.068 0.988 >
2023-02-15 23:27:09 [02/15/23 23:27:09  268.10s]: 129600  53462      4052       29378      11451358   604549773  37511      4.99e-04   2.21e+06   1.22e+07   5.13       < 1.088 0.988 >
2023-02-15 23:31:43 [02/15/23 23:31:43  274.61s]: 132480  56545      5055       31384      11938585   604546692  38425      5.57e-04   2.65e+06   1.27e+07   5.35       < 1.113 0.992 >
2023-02-15 23:36:27 [02/15/23 23:36:27  283.48s]: 135360  56418      4516       31509      12448326   604542815  39932      5.44e-04   2.41e+06   1.32e+07   5.57       < 1.139 0.988 >
2023-02-15 23:41:22 [02/15/23 23:41:22  295.09s]: 138240  56871      4585       32098      12963127   604539334  40628      5.49e-04   2.51e+06   1.37e+07   5.80       < 1.167 0.985 >
2023-02-15 23:46:22 [02/15/23 23:46:22  300.46s]: 141120  58286      4551       32785      13475653   604536491  40846      5.45e-04   2.55e+06   1.43e+07   6.03       < 1.184 0.986 >
2023-02-15 23:51:27 [02/15/23 23:51:27  305.09s]: 144000  59216      4895       33415      14009913   604533339  41882      5.72e-04   2.71e+06   1.48e+07   6.27       < 1.202 0.986 >
2023-02-15 23:51:28 [02/15/23 23:51:28    0.43s]: 144004  59163      4903       33440      14010618   604533325  41888      5.72e-04   2.71e+06   1.48e+07   6.27       < 1.202 0.986 >
2023-02-15 23:51:28  ---  main.cpp:generate tcells took  avg 0.05 s max 0.07 s balance 0.72  --- 
2023-02-15 23:51:28  ---  main.cpp:update circulating tcells took  avg 53.76 s max 56.71 s balance 0.95  --- 
2023-02-15 23:51:28  ---  main.cpp:update tcells took  avg 499.87 s max 548.61 s balance 0.91  --- 
2023-02-15 23:51:28  ---  main.cpp:update epicells took  avg 167.05 s max 170.75 s balance 0.98  --- 
2023-02-15 23:51:28  ---  main.cpp:update concentrations took  avg 1841.22 s max 1883.77 s balance 0.98  --- 
2023-02-15 23:51:28  ---  main.cpp:compute updates took  avg 4244.79 s max 4244.91 s balance 1.00  --- 
2023-02-15 23:51:28  ---  main.cpp:dispatch updates took  avg 1899.53 s max 2051.79 s balance 0.93  --- 
2023-02-15 23:51:28  ---  main.cpp:add new actives took  avg 86.80 s max 89.16 s balance 0.97  --- 
2023-02-15 23:51:28  ---  main.cpp:erase inactive took  avg 741.72 s max 759.34 s balance 0.98  --- 
2023-02-15 23:51:28  ---  main.cpp:sample took  avg 0.00 s max 0.00 s balance -nan  --- 
2023-02-15 23:51:28  ---  main.cpp:sample write took  avg 0.00 s max 0.00 s balance -nan  --- 
2023-02-15 23:51:28  ---  main.cpp:log took  avg 14.46 s max 14.50 s balance 1.00  --- 
2023-02-15 23:51:28 Finished 144005 time steps in 7295.8189 s (0.0507 s per step)
2023-02-15 23:51:28  --- Elapsed time for main.cpp:run_sim:  (exiting barrier) 2023-02-15 23:51:28 ...
2023-02-15 23:51:28           ... (min/my/avg/max, bal) (7295.82/7295.82/7295.82/7295.82 s, 1.00) barrier(0.00 s) --- 
2023-02-15 23:51:28 Peak memory used across all nodes: 24.06GB
2023-02-15 23:51:28 Finished in 7299.86 s at 02/15/23 23:51:28 for SimCov version 0.1.1.8024051-dirty
