2023-02-18 17:08:41 SimCov version SimCov version 0.1.1.8024051-dirty-master built on 20230216_082905
2023-02-18 17:08:41 _________________________
2023-02-18 17:08:41 Compiler definitions:
2023-02-18 17:08:41   _XOPEN_SOURCE=700
2023-02-18 17:08:41   CONFIG_USE_COLORS
2023-02-18 17:08:41   USE_BYTELL
2023-02-18 17:08:41   MAX_VIRIONS=125000
2023-02-18 17:08:41   MIN_VIRIONS=1e-10
2023-02-18 17:08:41   BLOCK_PARTITION
2023-02-18 17:08:41   MIN_BLOCKS_PER_PROC=1
2023-02-18 17:08:41   AVERAGE_SUBSAMPLE
2023-02-18 17:08:41 _________________________
2023-02-18 17:08:41 Options:
2023-02-18 17:08:41   dim =                         15000 15000 1
2023-02-18 17:08:41   whole-lung-dim =              48000 40000 20000
2023-02-18 17:08:41   timesteps =                   144005
2023-02-18 17:08:41   infection-coords =            uniform:1
2023-02-18 17:08:41   initial-infection =           999
2023-02-18 17:08:41   incubation-period =           1200
2023-02-18 17:08:41   apoptosis-period =            180
2023-02-18 17:08:41   expressing-period =           900
2023-02-18 17:08:41   infectivity =                 0.1
2023-02-18 17:08:41   infectivity-multiplier =      1.0
2023-02-18 17:08:41   virion-production =           1.1
2023-02-18 17:08:41   virion-production-multiplier = 1.0
2023-02-18 17:08:41   virion-clearance =            0.004
2023-02-18 17:08:41   virion-diffusion =            0.15
2023-02-18 17:08:41   chemokine-production =        1.0
2023-02-18 17:08:41   chemokine-decay =             0.01
2023-02-18 17:08:41   chemokine-diffusion =         1.0
2023-02-18 17:08:41   min-chemokine =               1e-06
2023-02-18 17:08:41   antibody-factor =             1
2023-02-18 17:08:41   antibody-period =             5760
2023-02-18 17:08:41   tcell-generation-rate =       105000
2023-02-18 17:08:41   tcell-initial-delay =         10080
2023-02-18 17:08:41   tcell-vascular-period =       5760
2023-02-18 17:08:41   tcell-tissue-period =         1440
2023-02-18 17:08:41   tcell-binding-period =        10
2023-02-18 17:08:41   max-binding-prob =            1
2023-02-18 17:08:41   tcells-follow-gradient =      false
2023-02-18 17:08:41   seed =                        4
2023-02-18 17:08:41   sample-period =               0
2023-02-18 17:08:41   sample-resolution =           1
2023-02-18 17:08:41   max-block-dim =               10
2023-02-18 17:08:41   output =                      exp_results/per_1200_inf_0.1/init_1000/4
2023-02-18 17:08:41 _________________________
2023-02-18 17:08:41 Starting run with 64 processes on 2 nodes at 02/18/23 17:08:41
2023-02-18 17:08:41 Pinned processes, with process 0 (pid 26572) pinned to core 0
2023-02-18 17:08:41 Using block partitioning
2023-02-18 17:08:41 Initial free memory across all nodes: 151.56GB
2023-02-18 17:08:41 Starting with 76.87GB free on node 0
2023-02-18 17:08:41 Dividing 225000000 grid points into 3515625 squares of size 64 (8^2), with 54932 per process
2023-02-18 17:08:41 Total initial memory required per process is at least 281.63MB with each grid point requiring on average 84 bytes
2023-02-18 17:08:44  --- Elapsed time for tissue.cpp:Tissue:  (exiting barrier) 2023-02-18 17:08:44 ...
2023-02-18 17:08:44           ... (min/my/avg/max, bal) (3.52/3.52/3.52/3.52 s, 1.00) barrier(0.00 s) --- 
2023-02-18 17:08:44 Memory used on node 0 after initialization is  10.91GB
2023-02-18 17:08:44           ... (min/my/avg/max, bal) No-Time barrier(0.00 s) --- 
2023-02-18 17:08:44 Fraction of circulating T cells extravasating is 5.85938e-06
2023-02-18 17:08:44 # datetime                    step    incb       expr       apop       dead       tvas       ttis       chem       virs       chempts    %infct     <%active  lbln>
2023-02-18 17:08:44 [0] <main.cpp:141> WARNING: Time step 0: SUCCESSFUL initial infection at (7500, 7500, 0) after 0 tries
2023-02-18 17:08:44 [02/18/23 17:08:44    0.00s]: 0       1          0          0          0          0          0          0.00e+00   0.00e+00   1.00e+00   0.00       < 0.000 0.016 >
2023-02-18 17:08:46 [02/18/23 17:08:46    1.29s]: 2880    5356       1595       0          1144       0          0          1.69e-05   2.77e+05   2.76e+04   0.00       < 0.012 0.842 >
2023-02-18 17:08:49 [02/18/23 17:08:49    3.11s]: 5760    9251       6990       0          11909      0          0          6.39e-05   1.85e+06   6.14e+04   0.01       < 0.027 0.899 >
2023-02-18 17:08:54 [02/18/23 17:08:54    5.38s]: 8640    16338      9101       0          36637      0          0          9.70e-05   2.50e+06   1.09e+05   0.03       < 0.048 0.937 >
2023-02-18 17:09:03 [02/18/23 17:09:03    8.79s]: 11520   20083      12767      1019       74532      133767689  366        1.39e-04   3.56e+06   1.68e+05   0.05       < 0.075 0.938 >
2023-02-18 17:09:16 [02/18/23 17:09:16   13.26s]: 14400   15053      4166       3757       139405     319073150  1953       1.32e-04   1.79e+06   2.34e+05   0.07       < 0.103 0.968 >
2023-02-18 17:09:34 [02/18/23 17:09:34   18.14s]: 17280   12151      831        4182       202949     431459440  3253       7.51e-05   4.37e+05   3.02e+05   0.10       < 0.126 0.980 >
2023-02-18 17:09:56 [02/18/23 17:09:56   21.61s]: 20160   8896       162        3428       262772     499620827  3939       2.77e-05   8.09e+04   3.63e+05   0.12       < 0.138 0.961 >
2023-02-18 17:10:20 [02/18/23 17:10:20   23.61s]: 23040   4995       18         2458       312935     540960487  4174       5.94e-06   1.52e+04   4.01e+05   0.14       < 0.140 0.970 >
2023-02-18 17:10:41 [02/18/23 17:10:41   21.40s]: 25920   3106       7          1046       339393     566035925  2003       3.45e-06   9.31e+03   3.89e+05   0.15       < 0.134 0.933 >
2023-02-18 17:11:00 [02/18/23 17:11:00   19.21s]: 28800   4208       80         2107       364613     581244411  2684       1.05e-05   4.29e+04   4.32e+05   0.16       < 0.115 0.928 >
2023-02-18 17:11:20 [02/18/23 17:11:20   19.96s]: 31680   4370       26         2115       397420     590466912  3311       7.14e-06   2.48e+04   4.83e+05   0.18       < 0.125 0.918 >
2023-02-18 17:11:41 [02/18/23 17:11:41   20.37s]: 34560   5166       32         1777       423397     596061389  2613       4.50e-06   6.67e+03   4.86e+05   0.19       < 0.126 0.916 >
2023-02-18 17:12:00 [02/18/23 17:12:00   19.40s]: 37440   6769       16         2337       452191     599454373  2906       3.60e-06   1.24e+04   5.51e+05   0.21       < 0.122 0.946 >
2023-02-18 17:12:20 [02/18/23 17:12:20   20.36s]: 40320   2454       9          1092       486018     601512051  2439       1.81e-06   3.63e+03   5.39e+05   0.22       < 0.127 0.946 >
2023-02-18 17:12:40 [02/18/23 17:12:40   19.18s]: 43200   5570       114        2085       507017     602760710  2783       1.04e-05   5.23e+04   6.02e+05   0.23       < 0.124 0.929 >
2023-02-18 17:13:01 [02/18/23 17:13:01   21.35s]: 46080   6402       23         2148       543460     603516638  3575       8.04e-06   2.71e+04   6.47e+05   0.25       < 0.144 0.926 >
2023-02-18 17:13:27 [02/18/23 17:13:27   25.73s]: 48960   3480       35         1823       583320     603975044  3334       5.78e-06   1.90e+04   6.63e+05   0.26       < 0.163 0.921 >
2023-02-18 17:13:52 [02/18/23 17:13:52   25.18s]: 51840   5365       51         1969       609733     604253859  2822       5.85e-06   2.01e+04   6.90e+05   0.27       < 0.159 0.957 >
2023-02-18 17:14:18 [02/18/23 17:14:18   26.64s]: 54720   7038       38         3160       649284     604420917  4564       1.03e-05   2.94e+04   7.75e+05   0.29       < 0.166 0.941 >
2023-02-18 17:14:49 [02/18/23 17:14:49   30.97s]: 57600   6645       126        2729       694996     604521762  4454       9.89e-06   3.73e+04   8.10e+05   0.31       < 0.196 0.922 >
2023-02-18 17:15:25 [02/18/23 17:15:25   35.84s]: 60480   7042       235        2874       742129     604582644  4552       1.22e-05   9.43e+04   8.54e+05   0.33       < 0.212 0.959 >
2023-02-18 17:16:03 [02/18/23 17:16:03   37.32s]: 63360   7677       103        3062       789861     604619246  4870       1.04e-05   2.99e+04   9.16e+05   0.36       < 0.227 0.943 >
2023-02-18 17:16:45 [02/18/23 17:16:45   42.31s]: 66240   6634       27         2865       841576     604640758  4966       8.09e-06   2.74e+04   9.71e+05   0.38       < 0.243 0.963 >
2023-02-18 17:17:28 [02/18/23 17:17:28   42.72s]: 69120   7602       64         3191       888649     604654408  5162       1.06e-05   4.66e+04   1.01e+06   0.40       < 0.247 0.952 >
2023-02-18 17:18:12 [02/18/23 17:18:12   44.10s]: 72000   6924       91         3199       939352     604662357  5189       1.18e-05   4.83e+04   1.05e+06   0.42       < 0.257 0.944 >
2023-02-18 17:19:00 [02/18/23 17:19:00   48.19s]: 74880   6654       144        3033       992898     604666184  5479       1.05e-05   3.80e+04   1.12e+06   0.45       < 0.268 0.956 >
2023-02-18 17:19:49 [02/18/23 17:19:49   49.01s]: 77760   7311       91         3267       1043066    604668941  5206       1.18e-05   4.73e+04   1.17e+06   0.47       < 0.271 0.944 >
2023-02-18 17:20:39 [02/18/23 17:20:39   49.98s]: 80640   6643       242        3480       1096756    604670322  5691       2.35e-05   9.92e+04   1.25e+06   0.49       < 0.270 0.968 >
2023-02-18 17:21:31 [02/18/23 17:21:31   52.03s]: 83520   11896      35         3741       1152120    604670706  5899       9.41e-06   3.24e+04   1.32e+06   0.52       < 0.286 0.965 >
2023-02-18 17:22:29 [02/18/23 17:22:29   58.34s]: 86400   10299      130        4877       1231082    604668300  8092       2.33e-05   6.22e+04   1.41e+06   0.55       < 0.320 0.950 >
2023-02-18 17:23:31 [02/18/23 17:23:31   61.84s]: 89280   6247       90         2957       1298475    604668511  5574       1.20e-05   4.11e+04   1.40e+06   0.58       < 0.328 0.959 >
2023-02-18 17:24:27 [02/18/23 17:24:27   55.97s]: 92160   9882       173        4279       1350475    604669928  6335       1.32e-05   6.08e+04   1.50e+06   0.61       < 0.282 0.969 >
2023-02-18 17:25:20 [02/18/23 17:25:20   52.62s]: 95040   7531       51         3125       1411637    604670773  5486       1.18e-05   4.16e+04   1.55e+06   0.63       < 0.275 0.955 >
2023-02-18 17:26:11 [02/18/23 17:26:11   51.04s]: 97920   7369       73         3285       1468707    604671126  5662       1.65e-05   5.13e+04   1.60e+06   0.66       < 0.272 0.965 >
2023-02-18 17:27:05 [02/18/23 17:27:05   53.98s]: 100800  9135       167        3786       1526691    604670602  6313       2.24e-05   8.88e+04   1.67e+06   0.68       < 0.292 0.968 >
2023-02-18 17:28:02 [02/18/23 17:28:02   57.53s]: 103680  8068       42         4276       1598224    604669484  6810       1.09e-05   3.59e+04   1.74e+06   0.72       < 0.313 0.966 >
2023-02-18 17:29:03 [02/18/23 17:29:03   60.57s]: 106560  7376       82         3750       1657243    604668873  6930       1.25e-05   4.30e+04   1.80e+06   0.74       < 0.324 0.976 >
2023-02-18 17:30:00 [02/18/23 17:30:00   57.35s]: 109440  9191       69         3416       1705205    604671083  5004       1.30e-05   4.43e+04   1.84e+06   0.76       < 0.295 0.961 >
2023-02-18 17:30:57 [02/18/23 17:30:57   57.09s]: 112320  8624       425        4235       1772352    604669823  6989       2.30e-05   1.19e+05   1.94e+06   0.79       < 0.303 0.962 >
2023-02-18 17:31:59 [02/18/23 17:31:59   62.06s]: 115200  12248      68         4506       1842771    604668111  7536       1.10e-05   3.04e+04   2.03e+06   0.83       < 0.333 0.960 >
2023-02-18 17:33:04 [02/18/23 17:33:04   64.99s]: 118080  10279      58         4207       1916191    604667596  6555       1.18e-05   3.70e+04   2.10e+06   0.86       < 0.346 0.965 >
2023-02-18 17:34:09 [02/18/23 17:34:09   64.82s]: 120960  9274       74         4423       1991321    604666988  7268       1.53e-05   5.33e+04   2.15e+06   0.89       < 0.339 0.958 >
2023-02-18 17:35:12 [02/18/23 17:35:12   63.16s]: 123840  7948       84         3471       2051693    604667576  6443       1.16e-05   4.26e+04   2.20e+06   0.92       < 0.331 0.969 >
2023-02-18 17:36:15 [02/18/23 17:36:15   62.24s]: 126720  10990      178        3890       2108112    604668738  6316       1.86e-05   6.89e+04   2.28e+06   0.94       < 0.330 0.956 >
2023-02-18 17:37:20 [02/18/23 17:37:20   65.49s]: 129600  13118      208        5792       2191172    604665987  8745       2.57e-05   1.15e+05   2.41e+06   0.98       < 0.352 0.964 >
2023-02-18 17:38:33 [02/18/23 17:38:33   72.91s]: 132480  9223       45         4548       2278902    604664354  8113       1.57e-05   5.30e+04   2.43e+06   1.02       < 0.391 0.966 >
2023-02-18 17:39:49 [02/18/23 17:39:49   75.97s]: 135360  11831      112        5294       2352358    604663500  8485       1.81e-05   8.67e+04   2.54e+06   1.05       < 0.394 0.960 >
2023-02-18 17:41:02 [02/18/23 17:41:02   73.37s]: 138240  9663       125        3946       2420934    604664680  6745       1.18e-05   3.67e+04   2.58e+06   1.08       < 0.367 0.974 >
2023-02-18 17:42:10 [02/18/23 17:42:10   68.15s]: 141120  14029      108        5284       2488177    604665285  7413       1.73e-05   7.28e+04   2.69e+06   1.11       < 0.362 0.946 >
2023-02-18 17:43:22 [02/18/23 17:43:22   71.55s]: 144000  8622       106        4389       2571234    604664556  8086       1.76e-05   4.64e+04   2.74e+06   1.15       < 0.374 0.964 >
2023-02-18 17:43:22 [02/18/23 17:43:22    0.10s]: 144004  8634       105        4374       2571341    604664561  8089       1.77e-05   4.65e+04   2.74e+06   1.15       < 0.374 0.964 >
2023-02-18 17:43:22  ---  main.cpp:generate tcells took  avg 0.04 s max 0.05 s balance 0.69  --- 
2023-02-18 17:43:22  ---  main.cpp:update circulating tcells took  avg 53.80 s max 57.62 s balance 0.93  --- 
2023-02-18 17:43:22  ---  main.cpp:update tcells took  avg 105.67 s max 115.33 s balance 0.92  --- 
2023-02-18 17:43:22  ---  main.cpp:update epicells took  avg 69.23 s max 71.38 s balance 0.97  --- 
2023-02-18 17:43:22  ---  main.cpp:update concentrations took  avg 437.39 s max 452.07 s balance 0.97  --- 
2023-02-18 17:43:22  ---  main.cpp:compute updates took  avg 1204.62 s max 1204.65 s balance 1.00  --- 
2023-02-18 17:43:22  ---  main.cpp:dispatch updates took  avg 502.85 s max 536.62 s balance 0.94  --- 
2023-02-18 17:43:22  ---  main.cpp:add new actives took  avg 27.69 s max 28.30 s balance 0.98  --- 
2023-02-18 17:43:22  ---  main.cpp:erase inactive took  avg 235.84 s max 241.31 s balance 0.98  --- 
2023-02-18 17:43:22  ---  main.cpp:sample took  avg 0.00 s max 0.00 s balance -nan  --- 
2023-02-18 17:43:22  ---  main.cpp:sample write took  avg 0.00 s max 0.00 s balance -nan  --- 
2023-02-18 17:43:22  ---  main.cpp:log took  avg 10.27 s max 10.34 s balance 0.99  --- 
2023-02-18 17:43:22 Finished 144005 time steps in 2077.6160 s (0.0144 s per step)
2023-02-18 17:43:22  --- Elapsed time for main.cpp:run_sim:  (exiting barrier) 2023-02-18 17:43:22 ...
2023-02-18 17:43:22           ... (min/my/avg/max, bal) (2077.62/2077.62/2077.62/2077.62 s, 1.00) barrier(0.00 s) --- 
2023-02-18 17:43:23 Peak memory used across all nodes: 22.42GB
2023-02-18 17:43:23 Finished in 2081.65 s at 02/18/23 17:43:23 for SimCov version 0.1.1.8024051-dirty
