2023-02-14 07:37:10 SimCov version SimCov version 0.1.1.9cc77ef-dirty-branching_airways_3min_model built on 20230204_191356
2023-02-14 07:37:10 _________________________
2023-02-14 07:37:10 Compiler definitions:
2023-02-14 07:37:10   _XOPEN_SOURCE=700
2023-02-14 07:37:10   CONFIG_USE_COLORS
2023-02-14 07:37:10   USE_BYTELL
2023-02-14 07:37:10   MAX_VIRIONS=125000
2023-02-14 07:37:10   MIN_VIRIONS=1e-10
2023-02-14 07:37:10   BLOCK_PARTITION
2023-02-14 07:37:10   MIN_BLOCKS_PER_PROC=1
2023-02-14 07:37:10   AVERAGE_SUBSAMPLE
2023-02-14 07:37:10 _________________________
2023-02-14 07:37:10 Options:
2023-02-14 07:37:10   dim =                         15000 15000 1
2023-02-14 07:37:10   whole-lung-dim =              48000 40000 20000
2023-02-14 07:37:10   timesteps =                   216005
2023-02-14 07:37:10   infection-coords =            uniform:1
2023-02-14 07:37:10   initial-infection =           1000
2023-02-14 07:37:10   incubation-period =           1200
2023-02-14 07:37:10   apoptosis-period =            180
2023-02-14 07:37:10   expressing-period =           900
2023-02-14 07:37:10   infectivity =                 0.1
2023-02-14 07:37:10   infectivity-multiplier =      1.0
2023-02-14 07:37:10   virion-production =           1.1
2023-02-14 07:37:10   virion-production-multiplier = 1.0
2023-02-14 07:37:10   virion-clearance =            0.004
2023-02-14 07:37:10   virion-diffusion =            0.15
2023-02-14 07:37:10   chemokine-production =        1.0
2023-02-14 07:37:10   chemokine-decay =             0.01
2023-02-14 07:37:10   chemokine-diffusion =         1.0
2023-02-14 07:37:10   min-chemokine =               1e-06
2023-02-14 07:37:10   antibody-factor =             1
2023-02-14 07:37:10   antibody-period =             5760
2023-02-14 07:37:10   tcell-generation-rate =       105000
2023-02-14 07:37:10   tcell-initial-delay =         10080
2023-02-14 07:37:10   tcell-vascular-period =       5760
2023-02-14 07:37:10   tcell-tissue-period =         1440
2023-02-14 07:37:10   tcell-binding-period =        10
2023-02-14 07:37:10   max-binding-prob =            1
2023-02-14 07:37:10   tcells-follow-gradient =      false
2023-02-14 07:37:10   seed =                        4
2023-02-14 07:37:10   sample-period =               0
2023-02-14 07:37:10   sample-resolution =           1
2023-02-14 07:37:10   max-block-dim =               10
2023-02-14 07:37:10   output =                      exp_results/per_1200_inf_0.1/init_1000/4
2023-02-14 07:37:10 _________________________
2023-02-14 07:37:10 Starting run with 64 processes on 2 nodes at 02/14/23 07:37:10
2023-02-14 07:37:10 Pinned processes, with process 0 (pid 3803707) pinned to core 0
2023-02-14 07:37:10 Using block partitioning
2023-02-14 07:37:10 Initial free memory across all nodes: 152.26GB
2023-02-14 07:37:10 Starting with 76.30GB free on node 0
2023-02-14 07:37:10 Dividing 225000000 grid points into 3515625 squares of size 64 (8^2), with 54932 per process
2023-02-14 07:37:10 Total initial memory required per process is at least 308.46MB with each grid point requiring on average 92 bytes
2023-02-14 07:37:14  --- Elapsed time for tissue.cpp:Tissue:  (exiting barrier) 2023-02-14 07:37:14 ...
2023-02-14 07:37:14           ... (min/my/avg/max, bal) (3.43/3.43/3.43/3.43 s, 1.00) barrier(0.00 s) --- 
2023-02-14 07:37:14 Memory used on node 0 after initialization is  11.74GB
2023-02-14 07:37:14           ... (min/my/avg/max, bal) No-Time barrier(0.00 s) --- 
2023-02-14 07:37:14 Fraction of circulating T cells extravasating is 5.85938e-06
2023-02-14 07:37:14 # datetime                    step    incb       expr       apop       dead       tvas       ttis       inflcell   inflallvirs%infct     <%active  lbln>
2023-02-14 07:37:14 [0] <main.cpp:145> WARNING: Time step 0: SUCCESSFUL initial infection at (7500, 7500, 0) after 0 tries
2023-02-14 07:37:14 [02/14/23 07:37:14    0.00s]: 0       1          0          0          0          0          0          0          0          0.00e+00   0.0000004444< 0.000 0.016 >
2023-02-14 07:37:16 [02/14/23 07:37:16    2.51s]: 4320    8308       3235       0          5479       0          0          44364      44364      9.89e+05   0.0075653333< 0.020 0.836 >
2023-02-14 07:37:23 [02/14/23 07:37:23    6.94s]: 8640    15967      9567       0          36564      0          0          108713     108713     2.55e+06   0.0275991111< 0.048 0.941 >
2023-02-14 07:37:37 [02/14/23 07:37:37   14.28s]: 12960   16592      7867       3013       107254     237943416  1247       200281     200281     2.68e+06   0.0598782222< 0.089 0.958 >
2023-02-14 07:38:02 [02/14/23 07:38:02   24.90s]: 17280   12276      768        3946       202837     431459334  3180       300866     300866     4.20e+05   0.0977008889< 0.125 0.963 >
2023-02-14 07:38:35 [02/14/23 07:38:35   32.84s]: 21600   7150       68         3128       289060     522861736  4078       390731     390731     4.92e+04   0.1330693333< 0.141 0.954 >
2023-02-14 07:39:07 [02/14/23 07:39:07   31.74s]: 25920   3449       26         1522       333792     566036009  2572       443140     443140     5.98e+03   0.1505728889< 0.126 0.943 >
2023-02-14 07:39:35 [02/14/23 07:39:35   28.07s]: 30240   6407       275        2394       369383     586429557  2932       512844     512844     7.87e+04   0.1682040000< 0.126 0.956 >
2023-02-14 07:40:11 [02/14/23 07:40:11   35.68s]: 34560   4008       45         1992       436578     596059435  3664       599476     599476     4.41e+04   0.1967213333< 0.163 0.943 >
2023-02-14 07:40:51 [02/14/23 07:40:51   39.88s]: 38880   5877       62         2729       488896     600608469  3973       672594     672594     4.45e+04   0.2211395556< 0.173 0.942 >
2023-02-14 07:41:35 [02/14/23 07:41:35   44.50s]: 43200   8075       83         3448       558052     602755382  4865       770292     770292     7.00e+04   0.2531813333< 0.192 0.949 >
2023-02-14 07:42:23 [02/14/23 07:42:23   47.77s]: 47520   6814       105        2751       618010     603770593  4149       849896     849896     5.54e+04   0.2789688889< 0.192 0.957 >
2023-02-14 07:43:12 [02/14/23 07:43:12   48.87s]: 51840   7214       83         2870       684995     604248866  4431       939564     939564     3.94e+04   0.3089608889< 0.201 0.957 >
2023-02-14 07:44:06 [02/14/23 07:44:06   53.99s]: 56160   6398       56         2948       756018     604474438  4786       1032613    1032613    3.39e+04   0.3401866667< 0.216 0.962 >
2023-02-14 07:44:59 [02/14/23 07:44:59   53.57s]: 60480   8384       234        3698       820094     604581572  5190       1126487    1126487    1.04e+05   0.3699600000< 0.217 0.959 >
2023-02-14 07:46:00 [02/14/23 07:46:00   60.95s]: 64800   1788       12         1172       904410     604631034  3621       1214582    1214582    6.45e+03   0.4032808889< 0.218 0.968 >
2023-02-14 07:46:50 [02/14/23 07:46:50   49.33s]: 69120   8839       86         3710       956915     604656463  5556       1306351    1306351    6.25e+04   0.4309111111< 0.185 0.963 >
2023-02-14 07:47:46 [02/14/23 07:47:46   56.34s]: 73440   10640      33         3217       1021322    604667429  4545       1383373    1383373    3.48e+04   0.4600942222< 0.226 0.953 >
2023-02-14 07:48:48 [02/14/23 07:48:48   62.26s]: 77760   4978       14         2451       1107964    604670853  5001       1464651    1464651    1.94e+04   0.4957364444< 0.229 0.960 >
2023-02-14 07:49:43 [02/14/23 07:49:43   54.93s]: 82080   7510       233        3196       1152000    604676193  4477       1530068    1530068    1.22e+05   0.5168617778< 0.194 0.950 >
2023-02-14 07:50:36 [02/14/23 07:50:36   52.55s]: 86400   3785       30         1947       1215164    604677722  3231       1601161    1601161    9.48e+03   0.5426337778< 0.192 0.929 >
2023-02-14 07:51:27 [02/14/23 07:51:27   51.71s]: 90720   7115       10         2811       1271419    604678097  4086       1696479    1696479    1.74e+04   0.5694911111< 0.204 0.963 >
2023-02-14 07:52:22 [02/14/23 07:52:22   54.78s]: 95040   5831       57         2018       1323328    604679300  3635       1762423    1762423    1.77e+04   0.5916595556< 0.196 0.946 >
2023-02-14 07:53:18 [02/14/23 07:53:18   55.79s]: 99360   5047       20         2167       1388578    604677364  4884       1858893    1858893    1.83e+04   0.6203608889< 0.223 0.964 >
2023-02-14 07:54:16 [02/14/23 07:54:16   58.10s]: 103680  7710       44         2920       1441549    604678588  4246       1946599    1946599    3.64e+04   0.6454324444< 0.214 0.941 >
2023-02-14 07:55:20 [02/14/23 07:55:20   63.81s]: 108000  6952       21         2692       1514820    604676758  4748       2058262    2058262    1.56e+04   0.6775488889< 0.250 0.956 >
2023-02-14 07:56:27 [02/14/23 07:56:27   66.92s]: 112320  9899       57         3829       1588939    604675084  5774       2168880    2168880    3.65e+04   0.7123217778< 0.261 0.949 >
2023-02-14 07:57:50 [02/14/23 07:57:50   83.63s]: 116640  8446       279        4051       1689773    604671623  6554       2293726    2293726    9.31e+04   0.7566884444< 0.316 0.967 >
2023-02-14 07:59:24 [02/14/23 07:59:24   93.57s]: 120960  8908       24         4236       1790180    604668586  8157       2427699    2427699    3.99e+04   0.8014880000< 0.334 0.953 >
2023-02-14 08:01:01 [02/14/23 08:01:01   97.30s]: 125280  12286      126        4730       1882722    604668815  7008       2570420    2570420    6.70e+04   0.8443840000< 0.335 0.963 >
2023-02-14 08:02:45 [02/14/23 08:02:45  103.82s]: 129600  11696      303        5390       1997717    604666180  8031       2720947    2720947    1.03e+05   0.8956026667< 0.376 0.948 >
2023-02-14 08:04:39 [02/14/23 08:04:39  113.99s]: 133920  10821      167        5117       2125708    604662749  8995       2874356    2874356    5.64e+04   0.9519168889< 0.408 0.966 >
2023-02-14 08:06:45 [02/14/23 08:06:45  125.80s]: 138240  16130      212        7107       2257035    604659918  10873      3046645    3046645    1.25e+05   1.0135484444< 0.436 0.958 >
2023-02-14 08:09:08 [02/14/23 08:09:08  142.88s]: 142560  11682      51         4311       2402853    604658356  8332       3209742    3209742    2.24e+04   1.0750653333< 0.490 0.977 >
2023-02-14 08:11:37 [02/14/23 08:11:37  148.91s]: 146880  18136      379        8077       2563637    604653598  12647      3429071    3429071    2.31e+05   1.1512128889< 0.524 0.966 >
2023-02-14 08:14:27 [02/14/23 08:14:27  170.67s]: 151200  14287      128        6065       2729483    604651783  10325      3612926    3612926    3.33e+04   1.2222057778< 0.547 0.968 >
2023-02-14 08:17:25 [02/14/23 08:17:25  177.75s]: 155520  18373      174        8134       2920850    604647378  13942      3837738    3837738    6.23e+04   1.3100137778< 0.585 0.981 >
2023-02-14 08:20:32 [02/14/23 08:20:32  187.26s]: 159840  18068      228        6985       3079690    604648948  11362      4006371    4006371    8.64e+04   1.3799871111< 0.572 0.972 >
2023-02-14 08:23:31 [02/14/23 08:23:31  179.11s]: 164160  15900      187        6288       3236673    604649574  11578      4166409    4166409    6.53e+04   1.4484657778< 0.567 0.974 >
2023-02-14 08:26:28 [02/14/23 08:26:28  176.43s]: 168480  15876      222        5791       3375063    604651069  10308      4318931    4318931    7.18e+04   1.5097564444< 0.539 0.967 >
2023-02-14 08:29:19 [02/14/23 08:29:19  170.90s]: 172800  11163      70         5110       3530862    604651734  10331      4486170    4486170    2.59e+04   1.5765355556< 0.525 0.970 >
2023-02-14 08:32:06 [02/14/23 08:32:06  167.60s]: 177120  13822      137        6568       3679979    604651414  11177      4671391    4671391    8.38e+04   1.6446693333< 0.535 0.972 >
2023-02-14 08:35:04 [02/14/23 08:35:04  177.77s]: 181440  14651      181        7372       3854015    604649134  11847      4893004    4893004    1.20e+05   1.7227640000< 0.570 0.976 >
2023-02-14 08:38:05 [02/14/23 08:38:05  181.02s]: 185760  17428      232        7229       4014474    604649112  11364      5092489    5092489    1.10e+05   1.7952724444< 0.575 0.972 >
2023-02-14 08:41:14 [02/14/23 08:41:14  188.54s]: 190080  21290      275        7633       4197035    604647044  12570      5327641    5327641    1.36e+05   1.8783257778< 0.606 0.973 >
2023-02-14 08:44:37 [02/14/23 08:44:37  203.28s]: 194400  18239      281        8280       4401947    604643612  13504      5545682    5545682    1.49e+05   1.9683320000< 0.656 0.974 >
2023-02-14 08:48:10 [02/14/23 08:48:10  213.11s]: 198720  18262      99         8360       4611124    604640845  13930      5782966    5782966    9.72e+04   2.0612644444< 0.677 0.975 >
2023-02-14 08:51:52 [02/14/23 08:51:52  221.55s]: 203040  17058      297        7184       4804845    604641352  12636      6012112    6012112    9.80e+04   2.1463928889< 0.675 0.963 >
2023-02-14 08:55:39 [02/14/23 08:55:39  227.17s]: 207360  23524      337        10570      5039448    604636116  16841      6315478    6315478    1.64e+05   2.2550573333< 0.712 0.988 >
2023-02-14 08:59:40 [02/14/23 08:59:40  241.10s]: 211680  21548      226        9260       5255639    604635966  14426      6571424    6571424    1.26e+05   2.3496324444< 0.761 0.975 >
2023-02-14 09:03:39 [02/14/23 09:03:39  239.41s]: 216000  19933      334        8210       5472630    604636063  13395      6824525    6824525    1.57e+05   2.4449364444< 0.728 0.968 >
2023-02-14 09:03:39 [02/14/23 09:03:39    0.22s]: 216004  19915      334        8190       5472834    604636072  13388      6824743    6824743    1.57e+05   2.4450102222< 0.728 0.969 >
2023-02-14 09:03:40  ---  main.cpp:generate tcells took  avg 0.06 s max 0.09 s balance 0.71  --- 
2023-02-14 09:03:40  ---  main.cpp:update circulating tcells took  avg 83.38 s max 89.80 s balance 0.93  --- 
2023-02-14 09:03:40  ---  main.cpp:update tcells took  avg 245.02 s max 267.15 s balance 0.92  --- 
2023-02-14 09:03:40  ---  main.cpp:update epicells took  avg 153.47 s max 155.57 s balance 0.99  --- 
2023-02-14 09:03:40  ---  main.cpp:update concentrations took  avg 1171.23 s max 1233.81 s balance 0.95  --- 
2023-02-14 09:03:40  ---  main.cpp:compute updates took  avg 2973.18 s max 2973.29 s balance 1.00  --- 
2023-02-14 09:03:40  ---  main.cpp:dispatch updates took  avg 1254.20 s max 1371.84 s balance 0.91  --- 
2023-02-14 09:03:40  ---  main.cpp:add new actives took  avg 67.64 s max 69.05 s balance 0.98  --- 
2023-02-14 09:03:40  ---  main.cpp:erase inactive took  avg 591.50 s max 647.53 s balance 0.91  --- 
2023-02-14 09:03:40  ---  main.cpp:sample took  avg 0.00 s max 0.00 s balance -nan  --- 
2023-02-14 09:03:40  ---  main.cpp:sample write took  avg 0.00 s max 0.00 s balance -nan  --- 
2023-02-14 09:03:40  ---  main.cpp:log took  avg 16.60 s max 16.73 s balance 0.99  --- 
2023-02-14 09:03:40 Finished 216005 time steps in 5185.7786 s (0.0240 s per step)
2023-02-14 09:03:40  --- Elapsed time for main.cpp:run_sim:  (exiting barrier) 2023-02-14 09:03:40 ...
2023-02-14 09:03:40           ... (min/my/avg/max, bal) (5185.78/5185.78/5185.78/5185.78 s, 1.00) barrier(0.00 s) --- 
2023-02-14 09:03:40 Peak memory used across all nodes: 24.62GB
2023-02-14 09:03:40 Finished in 5189.55 s at 02/14/23 09:03:40 for SimCov version 0.1.1.9cc77ef-dirty
