2023-02-17 00:36:33 SimCov version SimCov version 0.1.1.8024051-dirty-master built on 20230216_082905
2023-02-17 00:36:33 _________________________
2023-02-17 00:36:33 Compiler definitions:
2023-02-17 00:36:33   _XOPEN_SOURCE=700
2023-02-17 00:36:33   CONFIG_USE_COLORS
2023-02-17 00:36:33   USE_BYTELL
2023-02-17 00:36:33   MAX_VIRIONS=125000
2023-02-17 00:36:33   MIN_VIRIONS=1e-10
2023-02-17 00:36:33   BLOCK_PARTITION
2023-02-17 00:36:33   MIN_BLOCKS_PER_PROC=1
2023-02-17 00:36:33   AVERAGE_SUBSAMPLE
2023-02-17 00:36:33 _________________________
2023-02-17 00:36:33 Options:
2023-02-17 00:36:33   dim =                         15000 15000 1
2023-02-17 00:36:33   whole-lung-dim =              48000 40000 20000
2023-02-17 00:36:33   timesteps =                   144005
2023-02-17 00:36:33   infection-coords =            uniform:1
2023-02-17 00:36:33   initial-infection =           999
2023-02-17 00:36:33   incubation-period =           300
2023-02-17 00:36:33   apoptosis-period =            180
2023-02-17 00:36:33   expressing-period =           900
2023-02-17 00:36:33   infectivity =                 0.001
2023-02-17 00:36:33   infectivity-multiplier =      1.0
2023-02-17 00:36:33   virion-production =           1.1
2023-02-17 00:36:33   virion-production-multiplier = 1.0
2023-02-17 00:36:33   virion-clearance =            0.004
2023-02-17 00:36:33   virion-diffusion =            0.15
2023-02-17 00:36:33   chemokine-production =        1.0
2023-02-17 00:36:33   chemokine-decay =             0.01
2023-02-17 00:36:33   chemokine-diffusion =         1.0
2023-02-17 00:36:33   min-chemokine =               1e-06
2023-02-17 00:36:33   antibody-factor =             1
2023-02-17 00:36:33   antibody-period =             5760
2023-02-17 00:36:33   tcell-generation-rate =       105000
2023-02-17 00:36:33   tcell-initial-delay =         10080
2023-02-17 00:36:33   tcell-vascular-period =       5760
2023-02-17 00:36:33   tcell-tissue-period =         1440
2023-02-17 00:36:33   tcell-binding-period =        10
2023-02-17 00:36:33   max-binding-prob =            1
2023-02-17 00:36:33   tcells-follow-gradient =      false
2023-02-17 00:36:33   seed =                        6
2023-02-17 00:36:33   sample-period =               0
2023-02-17 00:36:33   sample-resolution =           1
2023-02-17 00:36:33   max-block-dim =               10
2023-02-17 00:36:33   output =                      exp_results/per_300_inf_0.001/init_999/6
2023-02-17 00:36:33 _________________________
2023-02-17 00:36:33 Starting run with 64 processes on 2 nodes at 02/17/23 00:36:33
2023-02-17 00:36:33 Pinned processes, with process 0 (pid 3878619) pinned to core 0
2023-02-17 00:36:33 Using block partitioning
2023-02-17 00:36:33 Initial free memory across all nodes: 152.37GB
2023-02-17 00:36:33 Starting with 76.44GB free on node 0
2023-02-17 00:36:33 Dividing 225000000 grid points into 3515625 squares of size 64 (8^2), with 54932 per process
2023-02-17 00:36:33 Total initial memory required per process is at least 281.63MB with each grid point requiring on average 84 bytes
2023-02-17 00:36:36  --- Elapsed time for tissue.cpp:Tissue:  (exiting barrier) 2023-02-17 00:36:36 ...
2023-02-17 00:36:36           ... (min/my/avg/max, bal) (3.39/3.39/3.39/3.39 s, 1.00) barrier(0.00 s) --- 
2023-02-17 00:36:36 Memory used on node 0 after initialization is  10.91GB
2023-02-17 00:36:36           ... (min/my/avg/max, bal) No-Time barrier(0.00 s) --- 
2023-02-17 00:36:36 Fraction of circulating T cells extravasating is 5.85938e-06
2023-02-17 00:36:36 # datetime                    step    incb       expr       apop       dead       tvas       ttis       chem       virs       chempts    %infct     <%active  lbln>
2023-02-17 00:36:36 [0] <main.cpp:141> WARNING: Time step 0: SUCCESSFUL initial infection at (7500, 7500, 0) after 0 tries
2023-02-17 00:36:36 [02/17/23 00:36:36    0.00s]: 0       1          0          0          0          0          0          0.00e+00   0.00e+00   1.00e+00   0.00       < 0.000 0.016 >
2023-02-17 00:36:38 [02/17/23 00:36:38    1.72s]: 2880    2051       4738       0          3172       0          0          3.91e-05   1.13e+06   3.81e+04   0.00       < 0.017 0.857 >
2023-02-17 00:36:42 [02/17/23 00:36:42    4.02s]: 5760    4563       12375      0          26324      0          0          1.03e-04   3.21e+06   9.30e+04   0.02       < 0.041 0.936 >
2023-02-17 00:36:50 [02/17/23 00:36:50    7.75s]: 8640    7072       19532      0          73908      0          0          1.64e-04   5.18e+06   1.72e+05   0.04       < 0.077 0.942 >
2023-02-17 00:37:03 [02/17/23 00:37:03   12.95s]: 11520   8956       24370      1209       146088     133767645  564        2.24e-04   6.91e+06   2.74e+05   0.08       < 0.122 0.964 >
2023-02-17 00:37:24 [02/17/23 00:37:24   21.12s]: 14400   9314       15461      4996       247507     319071875  2831       2.52e-04   5.31e+06   3.91e+05   0.12       < 0.165 0.960 >
2023-02-17 00:37:54 [02/17/23 00:37:54   29.86s]: 17280   9840       10461      6731       358033     431456315  4779       2.57e-04   4.10e+06   5.18e+05   0.17       < 0.202 0.973 >
2023-02-17 00:38:32 [02/17/23 00:38:32   38.31s]: 20160   10410      8781       7644       479058     499615562  6303       2.64e-04   3.60e+06   6.58e+05   0.22       < 0.234 0.968 >
2023-02-17 00:39:18 [02/17/23 00:39:18   45.88s]: 23040   10782      6923       8194       611037     540951501  8046       2.68e-04   3.02e+06   8.07e+05   0.28       < 0.262 0.972 >
2023-02-17 00:40:10 [02/17/23 00:40:10   51.93s]: 25920   11768      7143       9362       752757     566020097  9287       2.84e-04   3.16e+06   9.68e+05   0.35       < 0.290 0.981 >
2023-02-17 00:41:10 [02/17/23 00:41:10   59.88s]: 28800   12347      6468       10016      907435     581222156  10433      2.97e-04   3.01e+06   1.14e+06   0.42       < 0.317 0.966 >
2023-02-17 00:42:16 [02/17/23 00:42:16   65.95s]: 31680   13268      6185       10576      1075083    590440738  11653      3.10e-04   2.98e+06   1.33e+06   0.49       < 0.346 0.979 >
2023-02-17 00:43:28 [02/17/23 00:43:28   72.14s]: 34560   14377      6679       11537      1253525    596029967  12754      3.36e-04   3.16e+06   1.52e+06   0.57       < 0.375 0.970 >
2023-02-17 00:44:48 [02/17/23 00:44:48   79.87s]: 37440   15126      7142       12680      1445919    599418202  13745      3.61e-04   3.38e+06   1.74e+06   0.66       < 0.403 0.979 >
2023-02-17 00:46:19 [02/17/23 00:46:19   91.14s]: 40320   15974      7115       13153      1651532    601471777  14798      3.83e-04   3.53e+06   1.96e+06   0.75       < 0.432 0.974 >
2023-02-17 00:47:55 [02/17/23 00:47:55   95.81s]: 43200   17372      8015       13782      1867577    602715730  15809      3.99e-04   3.60e+06   2.20e+06   0.85       < 0.461 0.971 >
2023-02-17 00:49:37 [02/17/23 00:49:37  102.89s]: 46080   18118      8415       14778      2100699    603468143  16972      4.32e-04   3.92e+06   2.45e+06   0.95       < 0.490 0.986 >
2023-02-17 00:51:27 [02/17/23 00:51:27  109.83s]: 48960   19313      8774       16120      2346216    603923311  17827      4.57e-04   4.30e+06   2.71e+06   1.06       < 0.522 0.974 >
2023-02-17 00:53:25 [02/17/23 00:53:25  117.31s]: 51840   20075      8921       16057      2608385    604197554  18817      4.71e-04   4.19e+06   2.99e+06   1.18       < 0.552 0.984 >
2023-02-17 00:55:29 [02/17/23 00:55:29  124.74s]: 54720   21896      9876       17738      2882250    604362332  19901      5.15e-04   4.82e+06   3.29e+06   1.30       < 0.583 0.983 >
2023-02-17 00:57:45 [02/17/23 00:57:45  135.23s]: 57600   22391      9920       18109      3170794    604460727  20838      5.25e-04   4.73e+06   3.59e+06   1.43       < 0.612 0.971 >
2023-02-17 01:00:07 [02/17/23 01:00:07  141.99s]: 60480   23546      10178      18902      3471841    604519302  21574      5.46e-04   4.97e+06   3.91e+06   1.57       < 0.642 0.988 >
2023-02-17 01:02:35 [02/17/23 01:02:35  148.85s]: 63360   24558      10841      20439      3787037    604553068  22821      5.77e-04   5.31e+06   4.25e+06   1.71       < 0.672 0.978 >
2023-02-17 01:05:17 [02/17/23 01:05:17  161.39s]: 66240   25031      11371      20717      4115446    604571899  23719      5.89e-04   5.42e+06   4.60e+06   1.85       < 0.701 0.980 >
2023-02-17 01:08:01 [02/17/23 01:08:01  163.74s]: 69120   26787      11964      21635      4458574    604581561  24829      6.27e-04   5.71e+06   4.96e+06   2.01       < 0.731 0.985 >
2023-02-17 01:10:55 [02/17/23 01:10:55  174.26s]: 72000   28175      12606      22554      4815139    604586251  25561      6.49e-04   5.88e+06   5.34e+06   2.17       < 0.761 0.972 >
2023-02-17 01:13:55 [02/17/23 01:13:55  179.80s]: 74880   28686      13110      23549      5185591    604587169  26568      6.76e-04   6.19e+06   5.73e+06   2.33       < 0.792 0.986 >
2023-02-17 01:17:06 [02/17/23 01:17:06  191.31s]: 77760   29730      13639      24321      5569403    604585902  27959      7.00e-04   6.38e+06   6.13e+06   2.51       < 0.821 0.981 >
2023-02-17 01:20:27 [02/17/23 01:20:27  200.74s]: 80640   30770      13999      24857      5967461    604583979  28803      7.22e-04   6.56e+06   6.54e+06   2.68       < 0.851 0.980 >
2023-02-17 01:23:56 [02/17/23 01:23:56  208.91s]: 83520   31150      14328      25719      6378286    604581082  29678      7.39e-04   6.76e+06   6.97e+06   2.87       < 0.881 0.989 >
2023-02-17 01:27:32 [02/17/23 01:27:32  216.87s]: 86400   32551      15004      26795      6802508    604578266  30488      7.81e-04   7.16e+06   7.42e+06   3.06       < 0.910 0.984 >
2023-02-17 01:31:17 [02/17/23 01:31:17  224.53s]: 89280   33752      14700      27369      7238884    604574840  31700      7.85e-04   7.00e+06   7.87e+06   3.25       < 0.939 0.987 >
2023-02-17 01:35:09 [02/17/23 01:35:09  232.46s]: 92160   34808      15286      28492      7690531    604570840  32742      8.26e-04   7.52e+06   8.34e+06   3.45       < 0.968 0.986 >
2023-02-17 01:39:10 [02/17/23 01:39:10  240.89s]: 95040   35544      15450      29371      8155756    604567190  33595      8.41e-04   7.57e+06   8.83e+06   3.66       < 1.000 0.985 >
2023-02-17 01:43:19 [02/17/23 01:43:19  248.98s]: 97920   37492      17394      30573      8634604    604563113  34733      8.85e-04   8.30e+06   9.33e+06   3.88       < 1.031 0.990 >
2023-02-17 01:47:38 [02/17/23 01:47:38  259.13s]: 100800  37608      16723      31466      9128663    604558862  35758      8.94e-04   7.98e+06   9.84e+06   4.10       < 1.060 0.985 >
2023-02-17 01:52:04 [02/17/23 01:52:04  265.07s]: 103680  38383      17110      31811      9635838    604555295  36807      9.11e-04   8.23e+06   1.04e+07   4.32       < 1.090 0.982 >
2023-02-17 01:56:37 [02/17/23 01:56:37  273.55s]: 106560  39571      18425      32768      10156927   604550663  38196      9.51e-04   8.94e+06   1.09e+07   4.55       < 1.121 0.988 >
2023-02-17 02:01:20 [02/17/23 02:01:20  282.77s]: 109440  41478      18745      33928      10690672   604547055  38408      9.66e-04   8.82e+06   1.15e+07   4.79       < 1.151 0.983 >
2023-02-17 02:06:13 [02/17/23 02:06:13  293.27s]: 112320  41693      18799      34617      11241002   604542802  39946      9.93e-04   8.99e+06   1.20e+07   5.04       < 1.181 0.986 >
2023-02-17 02:11:14 [02/17/23 02:11:14  301.05s]: 115200  43337      19583      34648      11801896   604539004  40502      1.01e-03   9.14e+06   1.26e+07   5.29       < 1.210 0.984 >
2023-02-17 02:16:23 [02/17/23 02:16:23  308.38s]: 118080  43819      19522      36054      12379295   604534916  41631      1.04e-03   9.42e+06   1.32e+07   5.55       < 1.240 0.986 >
2023-02-17 02:21:42 [02/17/23 02:21:42  319.72s]: 120960  44786      20079      37075      12967514   604531371  42230      1.06e-03   9.62e+06   1.38e+07   5.81       < 1.270 0.987 >
2023-02-17 02:27:10 [02/17/23 02:27:10  327.87s]: 123840  45754      20576      37214      13564670   604527408  43751      1.07e-03   9.52e+06   1.44e+07   6.07       < 1.296 0.984 >
2023-02-17 02:32:42 [02/17/23 02:32:42  331.92s]: 126720  46820      20243      38669      14178701   604523445  44357      1.11e-03   9.85e+06   1.51e+07   6.35       < 1.326 0.988 >
2023-02-17 02:38:22 [02/17/23 02:38:22  339.71s]: 129600  48593      22378      40319      14807140   604519471  45554      1.15e-03   1.07e+07   1.57e+07   6.63       < 1.357 0.987 >
2023-02-17 02:44:11 [02/17/23 02:44:11  348.88s]: 132480  50093      23167      40390      15454052   604515117  46961      1.18e-03   1.10e+07   1.64e+07   6.92       < 1.390 0.988 >
2023-02-17 02:50:08 [02/17/23 02:50:08  357.51s]: 135360  49978      22275      41302      16111690   604511432  47495      1.18e-03   1.07e+07   1.71e+07   7.21       < 1.421 0.990 >
2023-02-17 02:56:13 [02/17/23 02:56:13  364.94s]: 138240  50600      22443      41885      16786396   604507332  49290      1.21e-03   1.10e+07   1.77e+07   7.51       < 1.451 0.990 >
2023-02-17 03:02:27 [02/17/23 03:02:27  373.50s]: 141120  52549      24197      43388      17467545   604503443  49257      1.24e-03   1.15e+07   1.85e+07   7.82       < 1.480 0.990 >
2023-02-17 03:08:49 [02/17/23 03:08:49  382.51s]: 144000  52969      23332      43842      18168779   604499877  50577      1.25e-03   1.13e+07   1.92e+07   8.13       < 1.507 0.993 >
2023-02-17 03:08:50 [02/17/23 03:08:50    0.54s]: 144004  52890      23340      43828      18169792   604499852  50590      1.25e-03   1.13e+07   1.92e+07   8.13       < 1.507 0.993 >
2023-02-17 03:08:50  ---  main.cpp:generate tcells took  avg 0.06 s max 0.07 s balance 0.77  --- 
2023-02-17 03:08:50  ---  main.cpp:update circulating tcells took  avg 54.52 s max 56.84 s balance 0.96  --- 
2023-02-17 03:08:50  ---  main.cpp:update tcells took  avg 616.15 s max 678.37 s balance 0.91  --- 
2023-02-17 03:08:50  ---  main.cpp:update epicells took  avg 204.59 s max 217.35 s balance 0.94  --- 
2023-02-17 03:08:50  ---  main.cpp:update concentrations took  avg 2413.84 s max 2451.72 s balance 0.98  --- 
2023-02-17 03:08:50  ---  main.cpp:compute updates took  avg 5350.65 s max 5350.71 s balance 1.00  --- 
2023-02-17 03:08:50  ---  main.cpp:dispatch updates took  avg 2362.03 s max 2555.39 s balance 0.92  --- 
2023-02-17 03:08:50  ---  main.cpp:add new actives took  avg 103.25 s max 106.48 s balance 0.97  --- 
2023-02-17 03:08:50  ---  main.cpp:erase inactive took  avg 931.07 s max 964.95 s balance 0.96  --- 
2023-02-17 03:08:50  ---  main.cpp:sample took  avg 0.00 s max 0.00 s balance -nan  --- 
2023-02-17 03:08:50  ---  main.cpp:sample write took  avg 0.00 s max 0.00 s balance -nan  --- 
2023-02-17 03:08:50  ---  main.cpp:log took  avg 12.39 s max 12.50 s balance 0.99  --- 
2023-02-17 03:08:50 Finished 144005 time steps in 9133.4248 s (0.0634 s per step)
2023-02-17 03:08:50  --- Elapsed time for main.cpp:run_sim:  (exiting barrier) 2023-02-17 03:08:50 ...
2023-02-17 03:08:50           ... (min/my/avg/max, bal) (9133.42/9133.43/9133.42/9133.43 s, 1.00) barrier(0.00 s) --- 
2023-02-17 03:08:50 Peak memory used across all nodes: 24.60GB
2023-02-17 03:08:50 Finished in 9137.26 s at 02/17/23 03:08:50 for SimCov version 0.1.1.8024051-dirty
