2023-02-15 17:43:51 SimCov version SimCov version 0.1.1.8024051-dirty-master built on 20230202_132828
2023-02-15 17:43:51 _________________________
2023-02-15 17:43:51 Compiler definitions:
2023-02-15 17:43:51   _XOPEN_SOURCE=700
2023-02-15 17:43:51   CONFIG_USE_COLORS
2023-02-15 17:43:51   USE_BYTELL
2023-02-15 17:43:51   MAX_VIRIONS=125000
2023-02-15 17:43:51   MIN_VIRIONS=1e-10
2023-02-15 17:43:51   BLOCK_PARTITION
2023-02-15 17:43:51   MIN_BLOCKS_PER_PROC=1
2023-02-15 17:43:51   AVERAGE_SUBSAMPLE
2023-02-15 17:43:51 _________________________
2023-02-15 17:43:51 Options:
2023-02-15 17:43:51   dim =                         15000 15000 1
2023-02-15 17:43:51   whole-lung-dim =              48000 40000 20000
2023-02-15 17:43:51   timesteps =                   144005
2023-02-15 17:43:51   infection-coords =            uniform:1
2023-02-15 17:43:51   initial-infection =           999
2023-02-15 17:43:51   incubation-period =           600
2023-02-15 17:43:51   apoptosis-period =            180
2023-02-15 17:43:51   expressing-period =           900
2023-02-15 17:43:51   infectivity =                 0.01
2023-02-15 17:43:51   infectivity-multiplier =      1.0
2023-02-15 17:43:51   virion-production =           1.1
2023-02-15 17:43:51   virion-production-multiplier = 1.0
2023-02-15 17:43:51   virion-clearance =            0.004
2023-02-15 17:43:51   virion-diffusion =            0.15
2023-02-15 17:43:51   chemokine-production =        1.0
2023-02-15 17:43:51   chemokine-decay =             0.01
2023-02-15 17:43:51   chemokine-diffusion =         1.0
2023-02-15 17:43:51   min-chemokine =               1e-06
2023-02-15 17:43:51   antibody-factor =             1
2023-02-15 17:43:51   antibody-period =             5760
2023-02-15 17:43:51   tcell-generation-rate =       105000
2023-02-15 17:43:51   tcell-initial-delay =         10080
2023-02-15 17:43:51   tcell-vascular-period =       5760
2023-02-15 17:43:51   tcell-tissue-period =         1440
2023-02-15 17:43:51   tcell-binding-period =        10
2023-02-15 17:43:51   max-binding-prob =            1
2023-02-15 17:43:51   tcells-follow-gradient =      false
2023-02-15 17:43:51   seed =                        3
2023-02-15 17:43:51   sample-period =               0
2023-02-15 17:43:51   sample-resolution =           1
2023-02-15 17:43:51   max-block-dim =               10
2023-02-15 17:43:51   output =                      exp_results/per_600_inf_0.01/init_1001/3
2023-02-15 17:43:51 _________________________
2023-02-15 17:43:51 Starting run with 64 processes on 2 nodes at 02/15/23 17:43:51
2023-02-15 17:43:51 Pinned processes, with process 0 (pid 2229149) pinned to core 0
2023-02-15 17:43:51 Using block partitioning
2023-02-15 17:43:51 Initial free memory across all nodes: 151.98GB
2023-02-15 17:43:51 Starting with 75.78GB free on node 0
2023-02-15 17:43:51 Dividing 225000000 grid points into 3515625 squares of size 64 (8^2), with 54932 per process
2023-02-15 17:43:51 Total initial memory required per process is at least 281.63MB with each grid point requiring on average 84 bytes
2023-02-15 17:43:55  --- Elapsed time for tissue.cpp:Tissue:  (exiting barrier) 2023-02-15 17:43:55 ...
2023-02-15 17:43:55           ... (min/my/avg/max, bal) (3.51/3.51/3.51/3.51 s, 1.00) barrier(0.00 s) --- 
2023-02-15 17:43:55 Memory used on node 0 after initialization is  10.90GB
2023-02-15 17:43:55           ... (min/my/avg/max, bal) No-Time barrier(0.00 s) --- 
2023-02-15 17:43:55 Fraction of circulating T cells extravasating is 5.85938e-06
2023-02-15 17:43:55 # datetime                    step    incb       expr       apop       dead       tvas       ttis       chem       virs       chempts    %infct     <%active  lbln>
2023-02-15 17:43:55 [0] <main.cpp:141> WARNING: Time step 0: SUCCESSFUL initial infection at (7500, 7500, 0) after 0 tries
2023-02-15 17:43:55 [02/15/23 17:43:55    0.00s]: 0       1          0          0          0          0          0          0.00e+00   0.00e+00   1.00e+00   0.00       < 0.000 0.016 >
2023-02-15 17:43:56 [02/15/23 17:43:56    1.50s]: 2880    3543       3918       0          2587       0          0          3.36e-05   9.09e+05   3.54e+04   0.00       < 0.016 0.864 >
2023-02-15 17:44:00 [02/15/23 17:44:00    3.84s]: 5760    7917       9938       0          21840      0          0          8.62e-05   2.60e+06   8.31e+04   0.02       < 0.037 0.922 >
2023-02-15 17:44:07 [02/15/23 17:44:07    7.26s]: 8640    12122      16556      0          61271      0          0          1.44e-04   4.39e+06   1.52e+05   0.04       < 0.068 0.958 >
2023-02-15 17:44:19 [02/15/23 17:44:19   11.80s]: 11520   15293      20407      1241       122850     133767789  494        1.95e-04   5.81e+06   2.40e+05   0.07       < 0.107 0.972 >
2023-02-15 17:44:38 [02/15/23 17:44:38   18.89s]: 14400   14811      10617      4472       212831     319072441  2477       2.07e-04   3.66e+06   3.40e+05   0.11       < 0.145 0.968 >
2023-02-15 17:45:04 [02/15/23 17:45:04   26.49s]: 17280   14249      5563       6007       309791     431457182  4493       1.92e-04   2.28e+06   4.48e+05   0.15       < 0.178 0.964 >
2023-02-15 17:45:38 [02/15/23 17:45:38   33.05s]: 20160   14366      3465       6657       412814     499616932  5671       1.77e-04   1.60e+06   5.66e+05   0.19       < 0.205 0.966 >
2023-02-15 17:46:17 [02/15/23 17:46:17   39.68s]: 23040   14914      2454       7282       523560     540953845  7102       1.72e-04   1.19e+06   6.91e+05   0.24       < 0.227 0.951 >
2023-02-15 17:47:02 [02/15/23 17:47:02   44.96s]: 25920   15470      1868       7486       641612     566023283  8058       1.64e-04   9.16e+05   8.24e+05   0.30       < 0.249 0.973 >
2023-02-15 17:47:52 [02/15/23 17:47:52   49.75s]: 28800   16271      1778       8429       768698     581226564  9077       1.68e-04   9.00e+05   9.67e+05   0.35       < 0.270 0.965 >
2023-02-15 17:48:47 [02/15/23 17:48:47   55.23s]: 31680   16659      1482       8709       906682     590445513  10147      1.65e-04   8.18e+05   1.12e+06   0.41       < 0.293 0.971 >
2023-02-15 17:49:49 [02/15/23 17:49:49   61.81s]: 34560   16735      1357       9181       1051726    596035405  11000      1.62e-04   7.71e+05   1.28e+06   0.48       < 0.315 0.976 >
2023-02-15 17:50:55 [02/15/23 17:50:55   66.25s]: 37440   17956      1411       9541       1202430    599424805  11677      1.70e-04   7.72e+05   1.44e+06   0.55       < 0.335 0.967 >
2023-02-15 17:52:11 [02/15/23 17:52:11   75.53s]: 40320   18079      1392       10234      1363136    601478987  12614      1.66e-04   7.64e+05   1.62e+06   0.62       < 0.356 0.979 >
2023-02-15 17:53:27 [02/15/23 17:53:27   76.40s]: 43200   20419      1735       11003      1532378    602723510  13317      1.92e-04   8.52e+05   1.81e+06   0.70       < 0.380 0.976 >
2023-02-15 17:54:51 [02/15/23 17:54:51   83.37s]: 46080   21847      1862       12280      1717648    603476940  14540      2.23e-04   1.07e+06   2.01e+06   0.78       < 0.405 0.978 >
2023-02-15 17:56:21 [02/15/23 17:56:21   90.07s]: 48960   22873      1726       12219      1911022    603932976  14918      2.09e-04   9.30e+05   2.22e+06   0.87       < 0.430 0.977 >
2023-02-15 17:57:58 [02/15/23 17:57:58   97.27s]: 51840   23801      1796       12666      2117255    604207460  16067      2.22e-04   9.90e+05   2.44e+06   0.96       < 0.453 0.978 >
2023-02-15 17:59:41 [02/15/23 17:59:41  103.00s]: 54720   24787      2091       13963      2334655    604372901  17048      2.38e-04   1.09e+06   2.67e+06   1.06       < 0.480 0.975 >
2023-02-15 18:01:30 [02/15/23 18:01:30  109.46s]: 57600   25292      2110       13946      2558828    604472175  17407      2.40e-04   1.15e+06   2.91e+06   1.16       < 0.502 0.983 >
2023-02-15 18:03:24 [02/15/23 18:03:24  113.82s]: 60480   25410      1713       14136      2786862    604531032  18286      2.28e-04   9.48e+05   3.15e+06   1.26       < 0.520 0.980 >
2023-02-15 18:05:24 [02/15/23 18:05:24  119.67s]: 63360   27825      2249       15343      3028609    604565824  19072      2.63e-04   1.16e+06   3.41e+06   1.37       < 0.542 0.981 >
2023-02-15 18:07:28 [02/15/23 18:07:28  124.01s]: 66240   28246      2101       16281      3280197    604585259  20054      2.73e-04   1.19e+06   3.68e+06   1.48       < 0.569 0.979 >
2023-02-15 18:09:41 [02/15/23 18:09:41  133.26s]: 69120   29687      2333       16872      3540819    604596056  21056      2.82e-04   1.28e+06   3.96e+06   1.60       < 0.590 0.980 >
2023-02-15 18:12:01 [02/15/23 18:12:01  139.80s]: 72000   31033      2282       17581      3815980    604601149  21989      2.92e-04   1.27e+06   4.24e+06   1.72       < 0.617 0.988 >
2023-02-15 18:14:27 [02/15/23 18:14:27  146.14s]: 74880   32538      2613       17929      4097000    604603121  22402      3.12e-04   1.39e+06   4.54e+06   1.84       < 0.644 0.981 >
2023-02-15 18:16:59 [02/15/23 18:16:59  152.45s]: 77760   34457      2548       19304      4395563    604602713  23453      3.30e-04   1.48e+06   4.86e+06   1.98       < 0.664 0.972 >
2023-02-15 18:19:39 [02/15/23 18:19:39  159.08s]: 80640   35822      2892       19783      4705688    604601056  24296      3.27e-04   1.45e+06   5.18e+06   2.12       < 0.693 0.985 >
2023-02-15 18:22:24 [02/15/23 18:22:24  165.79s]: 83520   35611      2735       20289      5024216    604598935  24887      3.43e-04   1.48e+06   5.51e+06   2.26       < 0.717 0.975 >
2023-02-15 18:25:17 [02/15/23 18:25:17  172.91s]: 86400   37585      3064       20443      5349617    604596696  25454      3.57e-04   1.61e+06   5.85e+06   2.40       < 0.744 0.981 >
2023-02-15 18:28:16 [02/15/23 18:28:16  179.00s]: 89280   39156      3215       20931      5686627    604593936  26208      3.65e-04   1.59e+06   6.21e+06   2.56       < 0.765 0.989 >
2023-02-15 18:31:22 [02/15/23 18:31:22  185.88s]: 92160   38180      2980       22025      6038845    604590868  27288      3.65e-04   1.74e+06   6.57e+06   2.71       < 0.784 0.985 >
2023-02-15 18:34:35 [02/15/23 18:34:35  192.55s]: 95040   41255      3523       22310      6393710    604588192  28156      3.86e-04   1.78e+06   6.95e+06   2.87       < 0.810 0.987 >
2023-02-15 18:37:54 [02/15/23 18:37:54  199.39s]: 97920   42109      3684       23678      6768018    604584743  29134      4.16e-04   2.00e+06   7.33e+06   3.04       < 0.834 0.987 >
2023-02-15 18:41:21 [02/15/23 18:41:21  206.91s]: 100800  41808      3176       23253      7143629    604581643  29480      3.91e-04   1.75e+06   7.72e+06   3.21       < 0.858 0.984 >
2023-02-15 18:44:55 [02/15/23 18:44:55  213.69s]: 103680  43268      3339       23831      7527153    604579008  30560      4.09e-04   1.85e+06   8.13e+06   3.38       < 0.874 0.987 >
2023-02-15 18:48:34 [02/15/23 18:48:34  219.82s]: 106560  45610      4067       25526      7922945    604575625  31435      4.41e-04   2.13e+06   8.54e+06   3.55       < 0.902 0.987 >
2023-02-15 18:52:25 [02/15/23 18:52:25  230.95s]: 109440  46230      3698       25952      8334724    604571666  32722      4.39e-04   1.96e+06   8.97e+06   3.74       < 0.928 0.984 >
2023-02-15 18:56:19 [02/15/23 18:56:19  233.87s]: 112320  46937      3635       26406      8751781    604568472  32903      4.51e-04   2.11e+06   9.40e+06   3.92       < 0.957 0.983 >
2023-02-15 19:00:19 [02/15/23 19:00:19  239.88s]: 115200  49500      3854       27269      9179934    604565602  33688      4.76e-04   2.12e+06   9.84e+06   4.12       < 0.974 0.980 >
2023-02-15 19:04:26 [02/15/23 19:04:26  246.41s]: 118080  49904      3963       27862      9621815    604562011  34481      4.81e-04   2.21e+06   1.03e+07   4.31       < 0.999 0.985 >
2023-02-15 19:08:40 [02/15/23 19:08:40  254.44s]: 120960  52958      4189       28679      10078029   604558624  35599      5.09e-04   2.33e+06   1.08e+07   4.52       < 1.027 0.981 >
2023-02-15 19:13:02 [02/15/23 19:13:02  262.29s]: 123840  54644      4606       29751      10547152   604554637  36608      5.28e-04   2.42e+06   1.13e+07   4.73       < 1.058 0.981 >
2023-02-15 19:17:32 [02/15/23 19:17:32  269.71s]: 126720  53000      4312       29786      11025773   604551359  37362      5.06e-04   2.31e+06   1.17e+07   4.94       < 1.087 0.987 >
2023-02-15 19:22:06 [02/15/23 19:22:06  274.16s]: 129600  55384      4687       30817      11506162   604548269  37959      5.29e-04   2.47e+06   1.22e+07   5.15       < 1.100 0.987 >
2023-02-15 19:26:47 [02/15/23 19:26:47  280.43s]: 132480  55986      4132       30953      12001039   604544961  38986      5.23e-04   2.34e+06   1.28e+07   5.37       < 1.119 0.981 >
2023-02-15 19:31:35 [02/15/23 19:31:35  287.95s]: 135360  58159      4822       32325      12507144   604542149  39592      5.64e-04   2.59e+06   1.33e+07   5.60       < 1.146 0.988 >
2023-02-15 19:36:31 [02/15/23 19:36:31  296.08s]: 138240  60079      4866       32877      13025288   604538601  40842      5.77e-04   2.62e+06   1.38e+07   5.83       < 1.169 0.989 >
2023-02-15 19:41:35 [02/15/23 19:41:35  303.99s]: 141120  58515      4494       32904      13557182   604534597  42102      5.55e-04   2.46e+06   1.44e+07   6.07       < 1.195 0.983 >
2023-02-15 19:46:44 [02/15/23 19:46:44  309.55s]: 144000  59830      4542       33509      14084450   604532236  41614      5.56e-04   2.42e+06   1.49e+07   6.30       < 1.220 0.989 >
2023-02-15 19:46:45 [02/15/23 19:46:45    0.43s]: 144004  59800      4549       33520      14085200   604532237  41598      5.56e-04   2.42e+06   1.49e+07   6.30       < 1.220 0.989 >
2023-02-15 19:46:45  ---  main.cpp:generate tcells took  avg 0.05 s max 0.09 s balance 0.61  --- 
2023-02-15 19:46:45  ---  main.cpp:update circulating tcells took  avg 54.84 s max 57.49 s balance 0.95  --- 
2023-02-15 19:46:45  ---  main.cpp:update tcells took  avg 505.14 s max 549.69 s balance 0.92  --- 
2023-02-15 19:46:45  ---  main.cpp:update epicells took  avg 167.87 s max 172.33 s balance 0.97  --- 
2023-02-15 19:46:45  ---  main.cpp:update concentrations took  avg 1855.79 s max 1942.79 s balance 0.96  --- 
2023-02-15 19:46:45  ---  main.cpp:compute updates took  avg 4298.04 s max 4298.16 s balance 1.00  --- 
2023-02-15 19:46:45  ---  main.cpp:dispatch updates took  avg 1909.54 s max 2095.30 s balance 0.91  --- 
2023-02-15 19:46:45  ---  main.cpp:add new actives took  avg 86.84 s max 89.71 s balance 0.97  --- 
2023-02-15 19:46:45  ---  main.cpp:erase inactive took  avg 746.08 s max 767.18 s balance 0.97  --- 
2023-02-15 19:46:45  ---  main.cpp:sample took  avg 0.00 s max 0.00 s balance -nan  --- 
2023-02-15 19:46:45  ---  main.cpp:sample write took  avg 0.00 s max 0.00 s balance -nan  --- 
2023-02-15 19:46:45  ---  main.cpp:log took  avg 14.07 s max 14.13 s balance 1.00  --- 
2023-02-15 19:46:45 Finished 144005 time steps in 7369.9130 s (0.0512 s per step)
2023-02-15 19:46:45  --- Elapsed time for main.cpp:run_sim:  (exiting barrier) 2023-02-15 19:46:45 ...
2023-02-15 19:46:45           ... (min/my/avg/max, bal) (7369.91/7369.91/7369.91/7369.91 s, 1.00) barrier(0.00 s) --- 
2023-02-15 19:46:45 Peak memory used across all nodes: 23.99GB
2023-02-15 19:46:45 Finished in 7373.91 s at 02/15/23 19:46:45 for SimCov version 0.1.1.8024051-dirty
