2023-02-16 08:43:14 SimCov version SimCov version 0.1.1.8024051-dirty-master built on 20230216_082905
2023-02-16 08:43:14 _________________________
2023-02-16 08:43:14 Compiler definitions:
2023-02-16 08:43:14   _XOPEN_SOURCE=700
2023-02-16 08:43:14   CONFIG_USE_COLORS
2023-02-16 08:43:14   USE_BYTELL
2023-02-16 08:43:14   MAX_VIRIONS=125000
2023-02-16 08:43:14   MIN_VIRIONS=1e-10
2023-02-16 08:43:14   BLOCK_PARTITION
2023-02-16 08:43:14   MIN_BLOCKS_PER_PROC=1
2023-02-16 08:43:14   AVERAGE_SUBSAMPLE
2023-02-16 08:43:14 _________________________
2023-02-16 08:43:14 Options:
2023-02-16 08:43:14   dim =                         15000 15000 1
2023-02-16 08:43:14   whole-lung-dim =              48000 40000 20000
2023-02-16 08:43:14   timesteps =                   144005
2023-02-16 08:43:14   infection-coords =            uniform:1
2023-02-16 08:43:14   initial-infection =           999
2023-02-16 08:43:14   incubation-period =           5000
2023-02-16 08:43:14   apoptosis-period =            180
2023-02-16 08:43:14   expressing-period =           900
2023-02-16 08:43:14   infectivity =                 0.025
2023-02-16 08:43:14   infectivity-multiplier =      1.0
2023-02-16 08:43:14   virion-production =           1.1
2023-02-16 08:43:14   virion-production-multiplier = 1.0
2023-02-16 08:43:14   virion-clearance =            0.004
2023-02-16 08:43:14   virion-diffusion =            0.15
2023-02-16 08:43:14   chemokine-production =        1.0
2023-02-16 08:43:14   chemokine-decay =             0.01
2023-02-16 08:43:14   chemokine-diffusion =         1.0
2023-02-16 08:43:14   min-chemokine =               1e-06
2023-02-16 08:43:14   antibody-factor =             1
2023-02-16 08:43:14   antibody-period =             5760
2023-02-16 08:43:14   tcell-generation-rate =       105000
2023-02-16 08:43:14   tcell-initial-delay =         10080
2023-02-16 08:43:14   tcell-vascular-period =       5760
2023-02-16 08:43:14   tcell-tissue-period =         1440
2023-02-16 08:43:14   tcell-binding-period =        10
2023-02-16 08:43:14   max-binding-prob =            1
2023-02-16 08:43:14   tcells-follow-gradient =      false
2023-02-16 08:43:14   seed =                        10
2023-02-16 08:43:14   sample-period =               0
2023-02-16 08:43:14   sample-resolution =           1
2023-02-16 08:43:14   max-block-dim =               10
2023-02-16 08:43:14   output =                      exp_results/per_5000_inf_0.025/init_999/10
2023-02-16 08:43:14 _________________________
2023-02-16 08:43:14 Starting run with 64 processes on 2 nodes at 02/16/23 08:43:14
2023-02-16 08:43:14 Pinned processes, with process 0 (pid 4056309) pinned to core 0
2023-02-16 08:43:14 Using block partitioning
2023-02-16 08:43:14 Initial free memory across all nodes: 151.15GB
2023-02-16 08:43:14 Starting with 74.83GB free on node 0
2023-02-16 08:43:14 Dividing 225000000 grid points into 3515625 squares of size 64 (8^2), with 54932 per process
2023-02-16 08:43:14 Total initial memory required per process is at least 281.63MB with each grid point requiring on average 84 bytes
2023-02-16 08:43:17  --- Elapsed time for tissue.cpp:Tissue:  (exiting barrier) 2023-02-16 08:43:17 ...
2023-02-16 08:43:17           ... (min/my/avg/max, bal) (3.42/3.42/3.42/3.42 s, 1.00) barrier(0.00 s) --- 
2023-02-16 08:43:17 Memory used on node 0 after initialization is  10.91GB
2023-02-16 08:43:17           ... (min/my/avg/max, bal) No-Time barrier(0.00 s) --- 
2023-02-16 08:43:17 Fraction of circulating T cells extravasating is 5.85938e-06
2023-02-16 08:43:17 # datetime                    step    incb       expr       apop       dead       tvas       ttis       chem       virs       chempts    %infct     <%active  lbln>
2023-02-16 08:43:17 [0] <main.cpp:141> WARNING: Time step 0: SUCCESSFUL initial infection at (7500, 7500, 0) after 0 tries
2023-02-16 08:43:17 [02/16/23 08:43:17    0.00s]: 0       1          0          0          0          0          0          0.00e+00   0.00e+00   1.00e+00   0.00       < 0.000 0.016 >
2023-02-16 08:43:18 [02/16/23 08:43:18    0.99s]: 2880    813        0          0          0          0          0          0.00e+00   9.69e-03   8.13e+02   0.00       < 0.007 0.776 >
2023-02-16 08:43:19 [02/16/23 08:43:19    0.98s]: 5760    2517       712        0          3          0          0          9.11e-06   1.55e+05   1.92e+04   0.00       < 0.009 0.781 >
2023-02-16 08:43:21 [02/16/23 08:43:21    2.05s]: 8640    6769       0          0          813        0          0          5.38e-10   1.12e+02   1.03e+04   0.00       < 0.014 0.876 >
2023-02-16 08:43:23 [02/16/23 08:43:23    2.17s]: 11520   5038       2512       247        3108       133768295  82         3.08e-05   7.71e+05   3.58e+04   0.00       < 0.016 0.867 >
2023-02-16 08:43:27 [02/16/23 08:43:27    3.84s]: 14400   3213       3          762        15614      319075344  411        1.44e-06   5.85e+03   3.86e+04   0.01       < 0.024 0.906 >
2023-02-16 08:43:31 [02/16/23 08:43:31    3.98s]: 17280   53         0          0          19795      431465427  0          0.00e+00   9.77e-02   1.98e+04   0.01       < 0.024 0.939 >
2023-02-16 08:43:35 [02/16/23 08:43:35    3.81s]: 20160   161        0          75         20657      499630187  226        0.00e+00   1.26e+01   2.09e+04   0.01       < 0.019 0.778 >
2023-02-16 08:43:39 [02/16/23 08:43:39    3.58s]: 23040   139        0          64         21296      540972702  122        0.00e+00   3.36e+00   2.15e+04   0.01       < 0.015 0.883 >
2023-02-16 08:43:41 [02/16/23 08:43:41    2.66s]: 25920   767        1          83         21540      566046615  188        4.31e-07   6.37e+02   3.44e+04   0.01       < 0.013 0.815 >
2023-02-16 08:43:46 [02/16/23 08:43:46    4.14s]: 28800   31         0          24         23782      581254182  124        0.00e+00   2.19e+00   2.38e+04   0.01       < 0.024 0.815 >
2023-02-16 08:43:49 [02/16/23 08:43:49    3.21s]: 31680   100        0          1          23829      590478008  8          1.99e-07   1.43e+02   2.68e+04   0.01       < 0.007 0.676 >
2023-02-16 08:43:52 [02/16/23 08:43:52    3.38s]: 34560   899        0          209        25048      596071715  457        2.85e-08   1.33e+02   3.47e+04   0.01       < 0.024 0.862 >
2023-02-16 08:43:56 [02/16/23 08:43:56    4.32s]: 37440   254        0          27         26374      599464797  103        1.56e-07   4.11e+02   3.37e+04   0.01       < 0.024 0.838 >
2023-02-16 08:44:00 [02/16/23 08:44:00    4.02s]: 40320   567        1          171        27670      601522384  455        4.39e-07   4.63e+02   3.96e+04   0.01       < 0.025 0.832 >
2023-02-16 08:44:05 [02/16/23 08:44:05    4.65s]: 43200   16         0          0          28877      602770604  0          0.00e+00   1.01e-02   2.89e+04   0.01       < 0.021 0.885 >
2023-02-16 08:44:08 [02/16/23 08:44:08    3.31s]: 46080   827        0          59         29371      603527830  109        9.79e-08   3.69e+02   3.99e+04   0.01       < 0.013 0.881 >
2023-02-16 08:44:13 [02/16/23 08:44:13    4.60s]: 48960   166        0          114        32131      603986719  244        2.15e-07   1.81e+02   3.56e+04   0.01       < 0.029 0.886 >
2023-02-16 08:44:18 [02/16/23 08:44:18    4.54s]: 51840   605        1          113        32740      604265073  222        4.33e-07   8.34e+02   4.34e+04   0.01       < 0.019 0.804 >
2023-02-16 08:44:22 [02/16/23 08:44:22    4.42s]: 54720   334        0          56         34673      604433794  229        1.04e-09   2.07e+01   3.99e+04   0.02       < 0.025 0.883 >
2023-02-16 08:44:26 [02/16/23 08:44:26    4.26s]: 57600   27         0          13         35385      604536338  73         0.00e+00   3.83e-01   3.54e+04   0.02       < 0.015 0.816 >
2023-02-16 08:44:30 [02/16/23 08:44:30    3.51s]: 60480   721        2          207        36487      604598362  449        2.91e-07   3.28e+02   5.01e+04   0.02       < 0.023 0.829 >
2023-02-16 08:44:35 [02/16/23 08:44:35    4.97s]: 63360   279        0          113        38904      604636089  180        0.00e+00   9.20e+00   3.93e+04   0.02       < 0.028 0.846 >
2023-02-16 08:44:39 [02/16/23 08:44:39    3.84s]: 66240   785        2          209        39606      604659109  331        5.55e-07   6.21e+02   5.69e+04   0.02       < 0.020 0.841 >
2023-02-16 08:44:44 [02/16/23 08:44:44    5.30s]: 69120   438        0          193        42351      604672729  351        1.26e-09   6.20e+01   5.04e+04   0.02       < 0.037 0.842 >
2023-02-16 08:44:48 [02/16/23 08:44:48    4.45s]: 72000   451        1          50         43055      604681446  92         9.12e-07   1.72e+03   5.57e+04   0.02       < 0.019 0.796 >
2023-02-16 08:44:53 [02/16/23 08:44:53    5.11s]: 74880   748        0          179        46380      604685919  419        1.84e-07   4.36e+02   6.26e+04   0.02       < 0.037 0.856 >
2023-02-16 08:44:59 [02/16/23 08:44:59    5.53s]: 77760   107        1          6          47997      604689283  37         2.26e-07   2.31e+02   5.43e+04   0.02       < 0.025 0.861 >
2023-02-16 08:45:03 [02/16/23 08:45:03    4.53s]: 80640   564        0          148        49112      604691054  316        1.94e-07   3.77e+02   6.20e+04   0.02       < 0.023 0.868 >
2023-02-16 08:45:08 [02/16/23 08:45:08    4.72s]: 83520   18         0          1          50715      604692354  15         0.00e+00   8.78e-02   5.07e+04   0.02       < 0.021 0.882 >
2023-02-16 08:45:12 [02/16/23 08:45:12    4.18s]: 86400   136        0          113        52059      604692981  324        6.02e-11   2.66e+01   5.33e+04   0.02       < 0.015 0.818 >
2023-02-16 08:45:17 [02/16/23 08:45:17    4.79s]: 89280   535        0          192        54058      604693270  372        2.40e-09   5.92e+01   6.03e+04   0.02       < 0.030 0.849 >
2023-02-16 08:45:22 [02/16/23 08:45:22    4.72s]: 92160   1009       0          273        55675      604693516  421        6.77e-08   2.66e+02   6.98e+04   0.03       < 0.025 0.830 >
2023-02-16 08:45:27 [02/16/23 08:45:27    5.16s]: 95040   89         0          82         58458      604693591  385        0.00e+00   9.61e+00   5.86e+04   0.03       < 0.036 0.894 >
2023-02-16 08:45:32 [02/16/23 08:45:32    4.68s]: 97920   698        2          122        58940      604693888  290        4.42e-07   4.70e+02   7.39e+04   0.03       < 0.025 0.853 >
2023-02-16 08:45:37 [02/16/23 08:45:37    5.38s]: 100800  312        0          109        62121      604693565  400        2.25e-07   2.34e+02   6.82e+04   0.03       < 0.039 0.922 >
2023-02-16 08:45:43 [02/16/23 08:45:43    5.49s]: 103680  377        0          46         63269      604693830  118        5.18e-08   1.39e+02   6.97e+04   0.03       < 0.026 0.875 >
2023-02-16 08:45:48 [02/16/23 08:45:48    5.05s]: 106560  852        3          117        65533      604693741  271        9.14e-07   1.02e+03   8.46e+04   0.03       < 0.035 0.835 >
2023-02-16 08:45:54 [02/16/23 08:45:54    6.03s]: 109440  388        3          78         68358      604693609  303        7.74e-07   1.06e+03   8.11e+04   0.03       < 0.037 0.881 >
2023-02-16 08:45:59 [02/16/23 08:45:59    5.58s]: 112320  184        1          34         69950      604693725  181        2.10e-07   1.85e+02   7.58e+04   0.03       < 0.029 0.882 >
2023-02-16 08:46:04 [02/16/23 08:46:04    4.52s]: 115200  309        0          125        70933      604693894  185        2.73e-10   1.96e+01   7.50e+04   0.03       < 0.018 0.834 >
2023-02-16 08:46:08 [02/16/23 08:46:08    4.30s]: 118080  393        0          208        73067      604693816  473        8.11e-10   4.62e+01   7.79e+04   0.03       < 0.023 0.863 >
2023-02-16 08:46:12 [02/16/23 08:46:12    4.28s]: 120960  25         0          29         74361      604694125  115        0.00e+00   1.47e+00   7.44e+04   0.03       < 0.021 0.819 >
2023-02-16 08:46:15 [02/16/23 08:46:15    2.93s]: 123840  30         0          22         74465      604694334  155        1.43e-11   1.22e+01   7.45e+04   0.03       < 0.009 0.682 >
2023-02-16 08:46:19 [02/16/23 08:46:19    3.71s]: 126720  290        0          39         75649      604694164  249        5.93e-09   4.83e+01   8.30e+04   0.03       < 0.020 0.849 >
2023-02-16 08:46:22 [02/16/23 08:46:22    3.29s]: 129600  2          0          0          76074      604694477  0          0.00e+00   4.66e-04   7.61e+04   0.03       < 0.010 0.823 >
2023-02-16 08:46:24 [02/16/23 08:46:24    2.04s]: 132480  151        0          21         76100      604694605  88         2.60e-09   3.34e+01   7.70e+04   0.03       < 0.004 0.614 >
2023-02-16 08:46:26 [02/16/23 08:46:26    2.15s]: 135360  9          0          0          76282      604694747  0          0.00e+00   3.23e-04   7.63e+04   0.03       < 0.006 0.789 >
2023-02-16 08:46:29 [02/16/23 08:46:29    2.07s]: 138240  47         0          42         76395      604694672  177        5.50e-10   5.79e+01   7.68e+04   0.03       < 0.005 0.711 >
2023-02-16 08:46:31 [02/16/23 08:46:31    2.29s]: 141120  0          0          0          76491      604694787  0          0.00e+00   5.61e-04   7.65e+04   0.03       < 0.007 0.780 >
2023-02-16 08:46:33 [02/16/23 08:46:33    1.73s]: 144000  0          0          0          76491      604694871  0          0.00e+00   0.00e+00   7.65e+04   0.03       < 0.000 1.000 >
2023-02-16 08:46:33 [02/16/23 08:46:33    0.00s]: 144004  0          0          0          76491      604694871  0          0.00e+00   0.00e+00   7.65e+04   0.03       < 0.000 1.000 >
2023-02-16 08:46:33  ---  main.cpp:generate tcells took  avg 0.01 s max 0.01 s balance 0.87  --- 
2023-02-16 08:46:33  ---  main.cpp:update circulating tcells took  avg 47.19 s max 51.19 s balance 0.92  --- 
2023-02-16 08:46:33  ---  main.cpp:update tcells took  avg 4.00 s max 4.46 s balance 0.90  --- 
2023-02-16 08:46:33  ---  main.cpp:update epicells took  avg 6.34 s max 6.60 s balance 0.96  --- 
2023-02-16 08:46:33  ---  main.cpp:update concentrations took  avg 17.94 s max 18.84 s balance 0.95  --- 
2023-02-16 08:46:33  ---  main.cpp:compute updates took  avg 119.50 s max 119.52 s balance 1.00  --- 
2023-02-16 08:46:33  ---  main.cpp:dispatch updates took  avg 38.07 s max 41.38 s balance 0.92  --- 
2023-02-16 08:46:33  ---  main.cpp:add new actives took  avg 2.70 s max 2.88 s balance 0.94  --- 
2023-02-16 08:46:33  ---  main.cpp:erase inactive took  avg 11.86 s max 12.32 s balance 0.96  --- 
2023-02-16 08:46:33  ---  main.cpp:sample took  avg 0.00 s max 0.00 s balance -nan  --- 
2023-02-16 08:46:33  ---  main.cpp:sample write took  avg 0.00 s max 0.00 s balance -nan  --- 
2023-02-16 08:46:33  ---  main.cpp:log took  avg 6.21 s max 6.23 s balance 1.00  --- 
2023-02-16 08:46:33 Finished 144005 time steps in 195.2209 s (0.0014 s per step)
2023-02-16 08:46:33  --- Elapsed time for main.cpp:run_sim:  (exiting barrier) 2023-02-16 08:46:33 ...
2023-02-16 08:46:33           ... (min/my/avg/max, bal) (195.22/195.22/195.22/195.22 s, 1.00) barrier(0.00 s) --- 
2023-02-16 08:46:33 Peak memory used across all nodes: 21.91GB
2023-02-16 08:46:33 Finished in 199.12 s at 02/16/23 08:46:33 for SimCov version 0.1.1.8024051-dirty
