2023-02-15 09:11:49 SimCov version SimCov version 0.1.1.8024051-dirty-master built on 20230202_132828
2023-02-15 09:11:49 _________________________
2023-02-15 09:11:49 Compiler definitions:
2023-02-15 09:11:49   _XOPEN_SOURCE=700
2023-02-15 09:11:49   CONFIG_USE_COLORS
2023-02-15 09:11:49   USE_BYTELL
2023-02-15 09:11:49   MAX_VIRIONS=125000
2023-02-15 09:11:49   MIN_VIRIONS=1e-10
2023-02-15 09:11:49   BLOCK_PARTITION
2023-02-15 09:11:49   MIN_BLOCKS_PER_PROC=1
2023-02-15 09:11:49   AVERAGE_SUBSAMPLE
2023-02-15 09:11:49 _________________________
2023-02-15 09:11:49 Options:
2023-02-15 09:11:49   dim =                         15000 15000 1
2023-02-15 09:11:49   whole-lung-dim =              48000 40000 20000
2023-02-15 09:11:49   timesteps =                   144005
2023-02-15 09:11:49   infection-coords =            uniform:1
2023-02-15 09:11:49   initial-infection =           999
2023-02-15 09:11:49   incubation-period =           600
2023-02-15 09:11:49   apoptosis-period =            180
2023-02-15 09:11:49   expressing-period =           900
2023-02-15 09:11:49   infectivity =                 0.01
2023-02-15 09:11:49   infectivity-multiplier =      1.0
2023-02-15 09:11:49   virion-production =           1.1
2023-02-15 09:11:49   virion-production-multiplier = 1.0
2023-02-15 09:11:49   virion-clearance =            0.004
2023-02-15 09:11:49   virion-diffusion =            0.15
2023-02-15 09:11:49   chemokine-production =        1.0
2023-02-15 09:11:49   chemokine-decay =             0.01
2023-02-15 09:11:49   chemokine-diffusion =         1.0
2023-02-15 09:11:49   min-chemokine =               1e-06
2023-02-15 09:11:49   antibody-factor =             1
2023-02-15 09:11:49   antibody-period =             5760
2023-02-15 09:11:49   tcell-generation-rate =       105000
2023-02-15 09:11:49   tcell-initial-delay =         10080
2023-02-15 09:11:49   tcell-vascular-period =       5760
2023-02-15 09:11:49   tcell-tissue-period =         1440
2023-02-15 09:11:49   tcell-binding-period =        10
2023-02-15 09:11:49   max-binding-prob =            1
2023-02-15 09:11:49   tcells-follow-gradient =      false
2023-02-15 09:11:49   seed =                        4
2023-02-15 09:11:49   sample-period =               0
2023-02-15 09:11:49   sample-resolution =           1
2023-02-15 09:11:49   max-block-dim =               10
2023-02-15 09:11:49   output =                      exp_results/per_600_inf_0.01/init_1000/4
2023-02-15 09:11:49 _________________________
2023-02-15 09:11:49 Starting run with 64 processes on 2 nodes at 02/15/23 09:11:49
2023-02-15 09:11:49 Pinned processes, with process 0 (pid 2213305) pinned to core 0
2023-02-15 09:11:49 Using block partitioning
2023-02-15 09:11:49 Initial free memory across all nodes: 152.34GB
2023-02-15 09:11:49 Starting with 75.99GB free on node 0
2023-02-15 09:11:49 Dividing 225000000 grid points into 3515625 squares of size 64 (8^2), with 54932 per process
2023-02-15 09:11:49 Total initial memory required per process is at least 281.63MB with each grid point requiring on average 84 bytes
2023-02-15 09:11:52  --- Elapsed time for tissue.cpp:Tissue:  (exiting barrier) 2023-02-15 09:11:52 ...
2023-02-15 09:11:52           ... (min/my/avg/max, bal) (3.53/3.53/3.53/3.53 s, 1.00) barrier(0.00 s) --- 
2023-02-15 09:11:52 Memory used on node 0 after initialization is  10.90GB
2023-02-15 09:11:52           ... (min/my/avg/max, bal) No-Time barrier(0.00 s) --- 
2023-02-15 09:11:52 Fraction of circulating T cells extravasating is 5.85938e-06
2023-02-15 09:11:52 # datetime                    step    incb       expr       apop       dead       tvas       ttis       chem       virs       chempts    %infct     <%active  lbln>
2023-02-15 09:11:52 [0] <main.cpp:141> WARNING: Time step 0: SUCCESSFUL initial infection at (7500, 7500, 0) after 0 tries
2023-02-15 09:11:52 [02/15/23 09:11:52    0.00s]: 0       1          0          0          0          0          0          0.00e+00   0.00e+00   1.00e+00   0.00       < 0.000 0.016 >
2023-02-15 09:11:54 [02/15/23 09:11:54    1.49s]: 2880    3480       3869       0          2563       0          0          3.35e-05   9.08e+05   3.49e+04   0.00       < 0.015 0.896 >
2023-02-15 09:11:58 [02/15/23 09:11:58    3.81s]: 5760    7616       9898       0          21691      0          0          8.58e-05   2.56e+06   8.23e+04   0.02       < 0.037 0.914 >
2023-02-15 09:12:05 [02/15/23 09:12:05    7.19s]: 8640    11638      15887      0          60290      0          0          1.38e-04   4.22e+06   1.49e+05   0.04       < 0.066 0.939 >
2023-02-15 09:12:16 [02/15/23 09:12:16   11.53s]: 11520   14687      20734      1266       119775     133767702  502        1.94e-04   5.83e+06   2.36e+05   0.07       < 0.105 0.969 >
2023-02-15 09:12:35 [02/15/23 09:12:35   18.34s]: 14400   13959      9845       5132       209671     319072210  2548       2.07e-04   3.73e+06   3.35e+05   0.11       < 0.143 0.961 >
2023-02-15 09:13:01 [02/15/23 09:13:01   25.86s]: 17280   14032      5174       5838       305375     431457067  4409       1.89e-04   2.18e+06   4.43e+05   0.15       < 0.176 0.964 >
2023-02-15 09:13:33 [02/15/23 09:13:33   32.58s]: 20160   14083      3113       6570       406251     499616598  5737       1.71e-04   1.41e+06   5.57e+05   0.19       < 0.202 0.971 >
2023-02-15 09:14:12 [02/15/23 09:14:12   38.51s]: 23040   14004      2201       7244       515647     540953860  6869       1.66e-04   1.14e+06   6.82e+05   0.24       < 0.224 0.954 >
2023-02-15 09:14:56 [02/15/23 09:14:56   43.93s]: 25920   14842      1423       7442       631426     566023133  7977       1.49e-04   7.89e+05   8.12e+05   0.29       < 0.245 0.977 >
2023-02-15 09:15:45 [02/15/23 09:15:45   48.91s]: 28800   15174      1588       7983       755690     581226211  9043       1.55e-04   7.83e+05   9.50e+05   0.35       < 0.265 0.967 >
2023-02-15 09:16:38 [02/15/23 09:16:38   53.13s]: 31680   15737      1463       8653       888095     590445832  9936       1.57e-04   7.66e+05   1.10e+06   0.41       < 0.286 0.969 >
2023-02-15 09:17:38 [02/15/23 09:17:38   59.91s]: 34560   17043      1575       9177       1029320    596036310  10661      1.66e-04   8.11e+05   1.26e+06   0.47       < 0.309 0.985 >
2023-02-15 09:18:42 [02/15/23 09:18:42   64.65s]: 37440   18093      1571       9989       1182310    599425174  11778      1.76e-04   8.21e+05   1.42e+06   0.54       < 0.332 0.972 >
2023-02-15 09:19:53 [02/15/23 09:19:53   70.30s]: 40320   18348      1407       10645      1344300    601479420  12625      1.78e-04   8.04e+05   1.60e+06   0.61       < 0.357 0.976 >
2023-02-15 09:21:09 [02/15/23 09:21:09   75.99s]: 43200   20602      1684       11402      1515494    602723646  13484      2.02e-04   9.31e+05   1.79e+06   0.69       < 0.379 0.975 >
2023-02-15 09:22:31 [02/15/23 09:22:31   82.21s]: 46080   22104      2034       11669      1697201    603477203  14174      2.11e-04   9.74e+05   1.99e+06   0.77       < 0.403 0.947 >
2023-02-15 09:24:00 [02/15/23 09:24:00   88.94s]: 48960   22237      1744       12279      1891140    603933160  14977      2.10e-04   9.64e+05   2.19e+06   0.86       < 0.426 0.978 >
2023-02-15 09:25:36 [02/15/23 09:25:36   95.83s]: 51840   22029      1622       12912      2093354    604208307  15970      2.03e-04   8.82e+05   2.41e+06   0.95       < 0.450 0.980 >
2023-02-15 09:27:16 [02/15/23 09:27:16  100.76s]: 54720   23553      1898       13368      2300798    604373715  16887      2.28e-04   1.04e+06   2.63e+06   1.04       < 0.471 0.968 >
2023-02-15 09:29:02 [02/15/23 09:29:02  105.85s]: 57600   25076      1982       13799      2520857    604472797  17555      2.45e-04   1.14e+06   2.87e+06   1.14       < 0.492 0.979 >
2023-02-15 09:30:54 [02/15/23 09:30:54  111.72s]: 60480   27563      2347       14934      2748540    604532085  17964      2.58e-04   1.19e+06   3.12e+06   1.24       < 0.519 0.976 >
2023-02-15 09:32:52 [02/15/23 09:32:52  117.74s]: 63360   27130      2358       15297      2998380    604566148  19302      2.62e-04   1.24e+06   3.38e+06   1.35       < 0.542 0.972 >
2023-02-15 09:34:56 [02/15/23 09:34:56  124.17s]: 66240   29237      2370       16228      3248094    604585889  19935      2.80e-04   1.25e+06   3.64e+06   1.46       < 0.573 0.980 >
2023-02-15 09:37:09 [02/15/23 09:37:09  133.34s]: 69120   29435      2274       16614      3513564    604596225  20965      2.89e-04   1.31e+06   3.92e+06   1.58       < 0.590 0.969 >
2023-02-15 09:39:28 [02/15/23 09:39:28  138.58s]: 72000   29598      2229       16766      3782950    604601755  21136      2.73e-04   1.20e+06   4.21e+06   1.70       < 0.614 0.977 >
2023-02-15 09:41:51 [02/15/23 09:41:51  143.10s]: 74880   32388      2455       18064      4059501    604603531  22409      3.00e-04   1.34e+06   4.50e+06   1.83       < 0.633 0.983 >
2023-02-15 09:44:21 [02/15/23 09:44:21  149.89s]: 77760   33022      2535       18182      4352381    604603398  23151      3.09e-04   1.38e+06   4.81e+06   1.96       < 0.657 0.975 >
2023-02-15 09:46:57 [02/15/23 09:46:57  156.56s]: 80640   35065      2894       19885      4655951    604601611  24093      3.40e-04   1.51e+06   5.13e+06   2.10       < 0.684 0.980 >
2023-02-15 09:49:40 [02/15/23 09:49:40  162.59s]: 83520   34694      2525       19321      4968622    604599947  24631      3.18e-04   1.40e+06   5.46e+06   2.23       < 0.706 0.982 >
2023-02-15 09:52:34 [02/15/23 09:52:34  174.30s]: 86400   37369      2777       20428      5291245    604597970  25408      3.48e-04   1.51e+06   5.80e+06   2.38       < 0.732 0.978 >
2023-02-15 09:55:30 [02/15/23 09:55:30  175.58s]: 89280   37718      3132       21397      5627236    604594719  26670      3.65e-04   1.75e+06   6.15e+06   2.53       < 0.757 0.982 >
2023-02-15 09:58:33 [02/15/23 09:58:33  183.10s]: 92160   39765      3272       21672      5973710    604591345  27315      3.79e-04   1.81e+06   6.51e+06   2.68       < 0.784 0.980 >
2023-02-15 10:01:45 [02/15/23 10:01:45  191.70s]: 95040   41056      3144       22715      6331375    604588003  28185      3.88e-04   1.70e+06   6.88e+06   2.84       < 0.808 0.980 >
2023-02-15 10:05:03 [02/15/23 10:05:03  198.74s]: 97920   42038      3288       23409      6702202    604584787  29080      4.02e-04   1.82e+06   7.27e+06   3.01       < 0.832 0.984 >
2023-02-15 10:08:30 [02/15/23 10:08:30  206.87s]: 100800  42886      3699       23859      7082091    604581526  29663      4.16e-04   1.95e+06   7.66e+06   3.18       < 0.856 0.983 >
2023-02-15 10:12:04 [02/15/23 10:12:04  214.04s]: 103680  44270      3740       24401      7470975    604578464  30608      4.28e-04   2.04e+06   8.07e+06   3.35       < 0.879 0.985 >
2023-02-15 10:15:45 [02/15/23 10:15:45  220.64s]: 106560  47598      3888       25205      7871360    604575070  31318      4.43e-04   2.02e+06   8.48e+06   3.53       < 0.902 0.981 >
2023-02-15 10:19:31 [02/15/23 10:19:31  226.21s]: 109440  45608      3923       25515      8286772    604571925  32327      4.43e-04   2.10e+06   8.91e+06   3.72       < 0.929 0.983 >
2023-02-15 10:23:23 [02/15/23 10:23:23  232.05s]: 112320  47388      3665       26789      8703671    604568854  32869      4.50e-04   1.98e+06   9.35e+06   3.90       < 0.949 0.981 >
2023-02-15 10:27:21 [02/15/23 10:27:21  237.81s]: 115200  48797      3667       26480      9127679    604566363  33195      4.55e-04   1.97e+06   9.79e+06   4.09       < 0.967 0.975 >
2023-02-15 10:31:25 [02/15/23 10:31:25  243.71s]: 118080  49893      4319       28134      9568867    604562941  34776      4.95e-04   2.40e+06   1.02e+07   4.29       < 0.992 0.978 >
2023-02-15 10:35:37 [02/15/23 10:35:37  251.90s]: 120960  49326      3821       27471      10021341   604559111  35671      4.70e-04   2.14e+06   1.07e+07   4.49       < 1.021 0.987 >
2023-02-15 10:39:54 [02/15/23 10:39:54  257.43s]: 123840  52096      4148       28690      10468946   604556722  35504      4.89e-04   2.24e+06   1.12e+07   4.69       < 1.040 0.989 >
2023-02-15 10:44:16 [02/15/23 10:44:16  262.38s]: 126720  51637      4073       29292      10937964   604553195  36655      4.97e-04   2.29e+06   1.17e+07   4.90       < 1.059 0.984 >
2023-02-15 10:48:51 [02/15/23 10:48:51  275.06s]: 129600  53961      4243       30136      11413053   604549758  37624      5.02e-04   2.22e+06   1.22e+07   5.11       < 1.088 0.988 >
2023-02-15 10:53:37 [02/15/23 10:53:37  285.18s]: 132480  56836      4745       31022      11902410   604546442  38584      5.35e-04   2.42e+06   1.27e+07   5.33       < 1.114 0.981 >
2023-02-15 10:58:24 [02/15/23 10:58:24  286.93s]: 135360  57000      4282       31854      12406710   604543074  39506      5.32e-04   2.39e+06   1.32e+07   5.56       < 1.144 0.980 >
2023-02-15 11:03:21 [02/15/23 11:03:21  297.40s]: 138240  57971      4616       31602      12918291   604539382  40274      5.48e-04   2.42e+06   1.37e+07   5.78       < 1.164 0.983 >
2023-02-15 11:08:23 [02/15/23 11:08:23  301.82s]: 141120  58184      4664       32238      13438955   604535493  41176      5.53e-04   2.61e+06   1.42e+07   6.02       < 1.190 0.980 >
2023-02-15 11:13:31 [02/15/23 11:13:31  308.28s]: 144000  58534      4562       32916      13968454   604532719  41871      5.49e-04   2.44e+06   1.48e+07   6.25       < 1.210 0.987 >
2023-02-15 11:13:31 [02/15/23 11:13:31    0.43s]: 144004  58573      4543       32851      13969220   604532719  41857      5.49e-04   2.44e+06   1.48e+07   6.25       < 1.210 0.987 >
2023-02-15 11:13:31  ---  main.cpp:generate tcells took  avg 0.05 s max 0.08 s balance 0.65  --- 
2023-02-15 11:13:31  ---  main.cpp:update circulating tcells took  avg 54.71 s max 58.15 s balance 0.94  --- 
2023-02-15 11:13:31  ---  main.cpp:update tcells took  avg 502.46 s max 548.01 s balance 0.92  --- 
2023-02-15 11:13:31  ---  main.cpp:update epicells took  avg 166.64 s max 171.59 s balance 0.97  --- 
2023-02-15 11:13:31  ---  main.cpp:update concentrations took  avg 1827.63 s max 1876.71 s balance 0.97  --- 
2023-02-15 11:13:31  ---  main.cpp:compute updates took  avg 4250.61 s max 4250.80 s balance 1.00  --- 
2023-02-15 11:13:31  ---  main.cpp:dispatch updates took  avg 1897.44 s max 2030.73 s balance 0.93  --- 
2023-02-15 11:13:31  ---  main.cpp:add new actives took  avg 86.65 s max 88.59 s balance 0.98  --- 
2023-02-15 11:13:31  ---  main.cpp:erase inactive took  avg 739.22 s max 758.63 s balance 0.97  --- 
2023-02-15 11:13:31  ---  main.cpp:sample took  avg 0.00 s max 0.00 s balance -nan  --- 
2023-02-15 11:13:31  ---  main.cpp:sample write took  avg 0.00 s max 0.00 s balance -nan  --- 
2023-02-15 11:13:31  ---  main.cpp:log took  avg 12.21 s max 12.26 s balance 1.00  --- 
2023-02-15 11:13:31 Finished 144005 time steps in 7299.0143 s (0.0507 s per step)
2023-02-15 11:13:31  --- Elapsed time for main.cpp:run_sim:  (exiting barrier) 2023-02-15 11:13:31 ...
2023-02-15 11:13:31           ... (min/my/avg/max, bal) (7299.01/7299.02/7299.01/7299.02 s, 1.00) barrier(0.00 s) --- 
2023-02-15 11:13:32 Peak memory used across all nodes: 24.04GB
2023-02-15 11:13:32 Finished in 7302.85 s at 02/15/23 11:13:32 for SimCov version 0.1.1.8024051-dirty
