2023-02-16 08:49:51 SimCov version SimCov version 0.1.1.8024051-dirty-master built on 20230216_082905
2023-02-16 08:49:51 _________________________
2023-02-16 08:49:51 Compiler definitions:
2023-02-16 08:49:51   _XOPEN_SOURCE=700
2023-02-16 08:49:51   CONFIG_USE_COLORS
2023-02-16 08:49:51   USE_BYTELL
2023-02-16 08:49:51   MAX_VIRIONS=125000
2023-02-16 08:49:51   MIN_VIRIONS=1e-10
2023-02-16 08:49:51   BLOCK_PARTITION
2023-02-16 08:49:51   MIN_BLOCKS_PER_PROC=1
2023-02-16 08:49:51   AVERAGE_SUBSAMPLE
2023-02-16 08:49:51 _________________________
2023-02-16 08:49:51 Options:
2023-02-16 08:49:51   dim =                         15000 15000 1
2023-02-16 08:49:51   whole-lung-dim =              48000 40000 20000
2023-02-16 08:49:51   timesteps =                   144005
2023-02-16 08:49:51   infection-coords =            uniform:1
2023-02-16 08:49:51   initial-infection =           999
2023-02-16 08:49:51   incubation-period =           5000
2023-02-16 08:49:51   apoptosis-period =            180
2023-02-16 08:49:51   expressing-period =           900
2023-02-16 08:49:51   infectivity =                 0.025
2023-02-16 08:49:51   infectivity-multiplier =      1.0
2023-02-16 08:49:51   virion-production =           1.1
2023-02-16 08:49:51   virion-production-multiplier = 1.0
2023-02-16 08:49:51   virion-clearance =            0.004
2023-02-16 08:49:51   virion-diffusion =            0.15
2023-02-16 08:49:51   chemokine-production =        1.0
2023-02-16 08:49:51   chemokine-decay =             0.01
2023-02-16 08:49:51   chemokine-diffusion =         1.0
2023-02-16 08:49:51   min-chemokine =               1e-06
2023-02-16 08:49:51   antibody-factor =             1
2023-02-16 08:49:51   antibody-period =             5760
2023-02-16 08:49:51   tcell-generation-rate =       105000
2023-02-16 08:49:51   tcell-initial-delay =         10080
2023-02-16 08:49:51   tcell-vascular-period =       5760
2023-02-16 08:49:51   tcell-tissue-period =         1440
2023-02-16 08:49:51   tcell-binding-period =        10
2023-02-16 08:49:51   max-binding-prob =            1
2023-02-16 08:49:51   tcells-follow-gradient =      false
2023-02-16 08:49:51   seed =                        7
2023-02-16 08:49:51   sample-period =               0
2023-02-16 08:49:51   sample-resolution =           1
2023-02-16 08:49:51   max-block-dim =               10
2023-02-16 08:49:51   output =                      exp_results/per_5000_inf_0.025/init_1000/7
2023-02-16 08:49:51 _________________________
2023-02-16 08:49:51 Starting run with 64 processes on 2 nodes at 02/16/23 08:49:51
2023-02-16 08:49:51 Pinned processes, with process 0 (pid 4057210) pinned to core 0
2023-02-16 08:49:51 Using block partitioning
2023-02-16 08:49:51 Initial free memory across all nodes: 151.09GB
2023-02-16 08:49:51 Starting with 74.77GB free on node 0
2023-02-16 08:49:51 Dividing 225000000 grid points into 3515625 squares of size 64 (8^2), with 54932 per process
2023-02-16 08:49:51 Total initial memory required per process is at least 281.63MB with each grid point requiring on average 84 bytes
2023-02-16 08:49:54  --- Elapsed time for tissue.cpp:Tissue:  (exiting barrier) 2023-02-16 08:49:54 ...
2023-02-16 08:49:54           ... (min/my/avg/max, bal) (3.51/3.51/3.51/3.51 s, 1.00) barrier(0.00 s) --- 
2023-02-16 08:49:54 Memory used on node 0 after initialization is  10.90GB
2023-02-16 08:49:54           ... (min/my/avg/max, bal) No-Time barrier(0.00 s) --- 
2023-02-16 08:49:54 Fraction of circulating T cells extravasating is 5.85938e-06
2023-02-16 08:49:54 # datetime                    step    incb       expr       apop       dead       tvas       ttis       chem       virs       chempts    %infct     <%active  lbln>
2023-02-16 08:49:54 [0] <main.cpp:141> WARNING: Time step 0: SUCCESSFUL initial infection at (7500, 7500, 0) after 0 tries
2023-02-16 08:49:54 [02/16/23 08:49:54    0.00s]: 0       1          0          0          0          0          0          0.00e+00   0.00e+00   1.00e+00   0.00       < 0.000 0.016 >
2023-02-16 08:49:55 [02/16/23 08:49:55    0.88s]: 2880    826        0          0          0          0          0          0.00e+00   9.69e-03   8.26e+02   0.00       < 0.007 0.776 >
2023-02-16 08:49:56 [02/16/23 08:49:56    0.97s]: 5760    2549       732        0          3          0          0          9.14e-06   1.58e+05   1.97e+04   0.00       < 0.009 0.800 >
2023-02-16 08:49:58 [02/16/23 08:49:58    2.08s]: 8640    6838       0          0          826        0          0          8.94e-10   1.07e+02   9.60e+03   0.00       < 0.015 0.842 >
2023-02-16 08:50:01 [02/16/23 08:50:01    2.25s]: 11520   5267       2656       282        3298       133768210  84         3.32e-05   8.27e+05   3.67e+04   0.01       < 0.016 0.897 >
2023-02-16 08:50:05 [02/16/23 08:50:05    4.04s]: 14400   2866       0          789        16292      319075199  442        2.67e-07   1.85e+03   3.57e+04   0.01       < 0.024 0.890 >
2023-02-16 08:50:09 [02/16/23 08:50:09    3.92s]: 17280   293        7          33         19977      431465446  109        1.49e-06   1.53e+03   3.17e+04   0.01       < 0.024 0.893 >
2023-02-16 08:50:13 [02/16/23 08:50:13    4.30s]: 20160   34         0          11         21613      499629950  92         0.00e+00   2.10e+00   2.17e+04   0.01       < 0.023 0.860 >
2023-02-16 08:50:16 [02/16/23 08:50:16    3.29s]: 23040   20         0          0          21639      540972457  0          0.00e+00   1.82e-05   2.17e+04   0.01       < 0.006 0.618 >
2023-02-16 08:50:19 [02/16/23 08:50:19    3.19s]: 25920   622        0          318        23462      566046386  612        2.11e-08   1.57e+02   2.95e+04   0.01       < 0.022 0.838 >
2023-02-16 08:50:23 [02/16/23 08:50:23    3.98s]: 28800   14         0          0          24482      581254341  0          0.00e+00   1.52e-03   2.45e+04   0.01       < 0.020 0.832 >
2023-02-16 08:50:26 [02/16/23 08:50:26    2.94s]: 31680   186        0          96         24883      590477969  153        0.00e+00   5.70e+00   2.52e+04   0.01       < 0.011 0.821 >
2023-02-16 08:50:30 [02/16/23 08:50:30    3.32s]: 34560   83         0          71         26145      596072127  192        0.00e+00   5.98e+00   2.63e+04   0.01       < 0.012 0.751 >
2023-02-16 08:50:33 [02/16/23 08:50:33    3.47s]: 37440   171        0          96         26995      599465041  187        5.54e-11   2.18e+01   2.84e+04   0.01       < 0.017 0.814 >
2023-02-16 08:50:36 [02/16/23 08:50:36    3.16s]: 40320   657        0          138        27449      601522864  188        6.69e-08   2.46e+02   3.75e+04   0.01       < 0.013 0.867 >
2023-02-16 08:50:40 [02/16/23 08:50:40    3.72s]: 43200   521        0          230        29443      602770795  439        3.20e-09   8.17e+01   3.83e+04   0.01       < 0.021 0.833 >
2023-02-16 08:50:43 [02/16/23 08:50:43    3.42s]: 46080   22         0          0          30242      603527760  0          0.00e+00   7.91e-04   3.03e+04   0.01       < 0.013 0.851 >
2023-02-16 08:50:47 [02/16/23 08:50:47    3.71s]: 48960   12         0          8          32234      603986647  115        0.00e+00   6.86e-01   3.23e+04   0.01       < 0.018 0.836 >
2023-02-16 08:50:50 [02/16/23 08:50:50    3.01s]: 51840   10         0          0          32245      604265503  0          0.00e+00   4.95e-06   3.23e+04   0.01       < 0.004 0.766 >
2023-02-16 08:50:53 [02/16/23 08:50:53    2.76s]: 54720   544        0          257        33369      604434214  487        2.63e-10   3.32e+01   3.68e+04   0.02       < 0.018 0.849 >
2023-02-16 08:50:56 [02/16/23 08:50:56    3.66s]: 57600   17         0          0          34198      604536975  0          0.00e+00   3.20e-04   3.42e+04   0.02       < 0.016 0.817 >
2023-02-16 08:51:00 [02/16/23 08:51:00    3.08s]: 60480   951        1          225        34810      604598570  622        2.66e-07   4.61e+02   5.33e+04   0.02       < 0.020 0.816 >
2023-02-16 08:51:04 [02/16/23 08:51:04    4.65s]: 63360   14         0          0          36698      604636227  0          0.00e+00   3.12e-02   3.67e+04   0.02       < 0.025 0.806 >
2023-02-16 08:51:07 [02/16/23 08:51:07    3.08s]: 66240   130        0          76         36967      604659305  196        1.13e-10   1.54e+01   3.88e+04   0.02       < 0.005 0.723 >
2023-02-16 08:51:11 [02/16/23 08:51:11    3.99s]: 69120   55         0          45         39353      604672885  162        0.00e+00   1.18e+00   3.95e+04   0.02       < 0.023 0.828 >
2023-02-16 08:51:15 [02/16/23 08:51:15    3.34s]: 72000   203        0          5          39441      604681531  22         2.18e-07   1.88e+02   4.43e+04   0.02       < 0.009 0.653 >
2023-02-16 08:51:18 [02/16/23 08:51:18    3.84s]: 74880   1128       0          312        41589      604685990  653        2.39e-07   3.69e+02   6.13e+04   0.02       < 0.030 0.861 >
2023-02-16 08:51:24 [02/16/23 08:51:24    5.12s]: 77760   25         0          0          43556      604689444  0          0.00e+00   5.22e-03   4.36e+04   0.02       < 0.025 0.863 >
2023-02-16 08:51:27 [02/16/23 08:51:27    3.96s]: 80640   975        2          290        44932      604691060  544        4.76e-07   6.23e+02   6.95e+04   0.02       < 0.024 0.879 >
2023-02-16 08:51:33 [02/16/23 08:51:33    5.64s]: 83520   36         0          8          48217      604692071  39         0.00e+00   2.52e-01   4.83e+04   0.02       < 0.034 0.872 >
2023-02-16 08:51:37 [02/16/23 08:51:37    4.13s]: 86400   286        2          28         48570      604693015  114        6.95e-07   4.76e+02   6.44e+04   0.02       < 0.016 0.851 >
2023-02-16 08:51:42 [02/16/23 08:51:42    5.11s]: 89280   27         0          19         50988      604693287  90         0.00e+00   7.81e-01   5.10e+04   0.02       < 0.031 0.866 >
2023-02-16 08:51:46 [02/16/23 08:51:46    3.72s]: 92160   17         0          0          51019      604693976  0          0.00e+00   5.66e-06   5.10e+04   0.02       < 0.003 0.607 >
2023-02-16 08:51:50 [02/16/23 08:51:50    3.78s]: 95040   491        0          212        53883      604693688  519        1.39e-09   4.33e+01   6.03e+04   0.02       < 0.026 0.847 >
2023-02-16 08:51:54 [02/16/23 08:51:54    4.16s]: 97920   14         0          0          54665      604694214  0          0.00e+00   4.17e-04   5.47e+04   0.02       < 0.017 0.828 >
2023-02-16 08:51:57 [02/16/23 08:51:57    3.29s]: 100800  866        0          266        55666      604694004  495        6.06e-09   8.50e+01   7.01e+04   0.03       < 0.023 0.840 >
2023-02-16 08:52:02 [02/16/23 08:52:02    4.49s]: 103680  26         0          0          56945      604694359  0          0.00e+00   8.20e-04   5.70e+04   0.03       < 0.020 0.820 >
2023-02-16 08:52:05 [02/16/23 08:52:05    3.67s]: 106560  548        3          175        58545      604694061  469        6.13e-07   5.14e+02   7.35e+04   0.03       < 0.023 0.881 >
2023-02-16 08:52:10 [02/16/23 08:52:10    4.87s]: 109440  25         0          1          60523      604694223  2          0.00e+00   9.01e-02   6.05e+04   0.03       < 0.028 0.891 >
2023-02-16 08:52:14 [02/16/23 08:52:14    3.31s]: 112320  1457       4          137        60635      604694224  329        1.15e-06   1.21e+03   9.74e+04   0.03       < 0.020 0.781 >
2023-02-16 08:52:19 [02/16/23 08:52:19    5.71s]: 115200  55         0          3          64701      604693983  7          0.00e+00   1.33e-01   6.48e+04   0.03       < 0.037 0.885 >
2023-02-16 08:52:23 [02/16/23 08:52:23    3.96s]: 118080  830        4          112        64822      604694261  148        1.18e-06   2.78e+03   7.98e+04   0.03       < 0.008 0.810 >
2023-02-16 08:52:28 [02/16/23 08:52:28    5.02s]: 120960  73         0          74         70151      604693742  247        0.00e+00   2.23e+00   7.03e+04   0.03       < 0.037 0.860 >
2023-02-16 08:52:33 [02/16/23 08:52:33    4.66s]: 123840  21         0          0          70285      604694230  0          0.00e+00   1.78e-05   7.03e+04   0.03       < 0.009 0.733 >
2023-02-16 08:52:37 [02/16/23 08:52:37    4.00s]: 126720  844        0          322        72882      604693739  623        2.49e-07   3.20e+02   8.28e+04   0.03       < 0.035 0.866 >
2023-02-16 08:52:42 [02/16/23 08:52:42    5.42s]: 129600  51         0          0          74287      604694158  0          0.00e+00   4.39e-03   7.43e+04   0.03       < 0.025 0.795 >
2023-02-16 08:52:47 [02/16/23 08:52:47    4.36s]: 132480  1545       1          424        76189      604693680  741        3.10e-07   4.95e+02   9.81e+04   0.03       < 0.031 0.868 >
2023-02-16 08:52:52 [02/16/23 08:52:52    5.61s]: 135360  36         0          0          78545      604694015  0          0.00e+00   2.84e-02   7.86e+04   0.03       < 0.032 0.869 >
2023-02-16 08:52:57 [02/16/23 08:52:57    4.13s]: 138240  792        1          308        79868      604693767  629        2.72e-07   3.27e+02   9.23e+04   0.04       < 0.021 0.722 >
2023-02-16 08:53:02 [02/16/23 08:53:02    5.66s]: 141120  322        0          135        82594      604693772  242        5.19e-11   1.83e+01   8.40e+04   0.04       < 0.038 0.889 >
2023-02-16 08:53:06 [02/16/23 08:53:06    4.02s]: 144000  387        0          27         83096      604694187  88         1.71e-07   1.53e+02   9.09e+04   0.04       < 0.012 0.756 >
2023-02-16 08:53:06 [02/16/23 08:53:06    0.00s]: 144004  388        0          26         83097      604694187  88         1.74e-07   1.55e+02   9.09e+04   0.04       < 0.012 0.756 >
2023-02-16 08:53:06  ---  main.cpp:generate tcells took  avg 0.01 s max 0.01 s balance 0.86  --- 
2023-02-16 08:53:06  ---  main.cpp:update circulating tcells took  avg 46.83 s max 50.54 s balance 0.93  --- 
2023-02-16 08:53:06  ---  main.cpp:update tcells took  avg 3.94 s max 4.39 s balance 0.90  --- 
2023-02-16 08:53:06  ---  main.cpp:update epicells took  avg 6.27 s max 6.65 s balance 0.94  --- 
2023-02-16 08:53:06  ---  main.cpp:update concentrations took  avg 17.27 s max 18.59 s balance 0.93  --- 
2023-02-16 08:53:06  ---  main.cpp:compute updates took  avg 117.75 s max 117.77 s balance 1.00  --- 
2023-02-16 08:53:06  ---  main.cpp:dispatch updates took  avg 36.98 s max 40.65 s balance 0.91  --- 
2023-02-16 08:53:06  ---  main.cpp:add new actives took  avg 2.49 s max 2.90 s balance 0.86  --- 
2023-02-16 08:53:06  ---  main.cpp:erase inactive took  avg 11.42 s max 11.97 s balance 0.95  --- 
2023-02-16 08:53:06  ---  main.cpp:sample took  avg 0.00 s max 0.00 s balance -nan  --- 
2023-02-16 08:53:06  ---  main.cpp:sample write took  avg 0.00 s max 0.00 s balance -nan  --- 
2023-02-16 08:53:06  ---  main.cpp:log took  avg 6.11 s max 6.13 s balance 1.00  --- 
2023-02-16 08:53:06 Finished 144005 time steps in 191.8696 s (0.0013 s per step)
2023-02-16 08:53:06  --- Elapsed time for main.cpp:run_sim:  (exiting barrier) 2023-02-16 08:53:06 ...
2023-02-16 08:53:06           ... (min/my/avg/max, bal) (191.87/191.87/191.87/191.87 s, 1.00) barrier(0.00 s) --- 
2023-02-16 08:53:06 Peak memory used across all nodes: 21.90GB
2023-02-16 08:53:06 Finished in 195.64 s at 02/16/23 08:53:06 for SimCov version 0.1.1.8024051-dirty
