2023-02-15 01:02:41 SimCov version SimCov version 0.1.1.8024051-dirty-master built on 20230202_132828
2023-02-15 01:02:41 _________________________
2023-02-15 01:02:41 Compiler definitions:
2023-02-15 01:02:41   _XOPEN_SOURCE=700
2023-02-15 01:02:41   CONFIG_USE_COLORS
2023-02-15 01:02:41   USE_BYTELL
2023-02-15 01:02:41   MAX_VIRIONS=125000
2023-02-15 01:02:41   MIN_VIRIONS=1e-10
2023-02-15 01:02:41   BLOCK_PARTITION
2023-02-15 01:02:41   MIN_BLOCKS_PER_PROC=1
2023-02-15 01:02:41   AVERAGE_SUBSAMPLE
2023-02-15 01:02:41 _________________________
2023-02-15 01:02:41 Options:
2023-02-15 01:02:41   dim =                         15000 15000 1
2023-02-15 01:02:41   whole-lung-dim =              48000 40000 20000
2023-02-15 01:02:41   timesteps =                   144005
2023-02-15 01:02:41   infection-coords =            uniform:1
2023-02-15 01:02:41   initial-infection =           999
2023-02-15 01:02:41   incubation-period =           600
2023-02-15 01:02:41   apoptosis-period =            180
2023-02-15 01:02:41   expressing-period =           900
2023-02-15 01:02:41   infectivity =                 0.01
2023-02-15 01:02:41   infectivity-multiplier =      1.0
2023-02-15 01:02:41   virion-production =           1.1
2023-02-15 01:02:41   virion-production-multiplier = 1.0
2023-02-15 01:02:41   virion-clearance =            0.004
2023-02-15 01:02:41   virion-diffusion =            0.15
2023-02-15 01:02:41   chemokine-production =        1.0
2023-02-15 01:02:41   chemokine-decay =             0.01
2023-02-15 01:02:41   chemokine-diffusion =         1.0
2023-02-15 01:02:41   min-chemokine =               1e-06
2023-02-15 01:02:41   antibody-factor =             1
2023-02-15 01:02:41   antibody-period =             5760
2023-02-15 01:02:41   tcell-generation-rate =       105000
2023-02-15 01:02:41   tcell-initial-delay =         10080
2023-02-15 01:02:41   tcell-vascular-period =       5760
2023-02-15 01:02:41   tcell-tissue-period =         1440
2023-02-15 01:02:41   tcell-binding-period =        10
2023-02-15 01:02:41   max-binding-prob =            1
2023-02-15 01:02:41   tcells-follow-gradient =      false
2023-02-15 01:02:41   seed =                        5
2023-02-15 01:02:41   sample-period =               0
2023-02-15 01:02:41   sample-resolution =           1
2023-02-15 01:02:41   max-block-dim =               10
2023-02-15 01:02:41   output =                      exp_results/per_600_inf_0.01/init_999/5
2023-02-15 01:02:41 _________________________
2023-02-15 01:02:41 Starting run with 64 processes on 2 nodes at 02/15/23 01:02:41
2023-02-15 01:02:41 Pinned processes, with process 0 (pid 2199321) pinned to core 0
2023-02-15 01:02:41 Using block partitioning
2023-02-15 01:02:41 Initial free memory across all nodes: 152.45GB
2023-02-15 01:02:41 Starting with 76.07GB free on node 0
2023-02-15 01:02:41 Dividing 225000000 grid points into 3515625 squares of size 64 (8^2), with 54932 per process
2023-02-15 01:02:41 Total initial memory required per process is at least 281.63MB with each grid point requiring on average 84 bytes
2023-02-15 01:02:44  --- Elapsed time for tissue.cpp:Tissue:  (exiting barrier) 2023-02-15 01:02:44 ...
2023-02-15 01:02:44           ... (min/my/avg/max, bal) (3.49/3.49/3.49/3.49 s, 1.00) barrier(0.00 s) --- 
2023-02-15 01:02:44 Memory used on node 0 after initialization is  10.91GB
2023-02-15 01:02:44           ... (min/my/avg/max, bal) No-Time barrier(0.00 s) --- 
2023-02-15 01:02:44 Fraction of circulating T cells extravasating is 5.85938e-06
2023-02-15 01:02:44 # datetime                    step    incb       expr       apop       dead       tvas       ttis       chem       virs       chempts    %infct     <%active  lbln>
2023-02-15 01:02:44 [0] <main.cpp:141> WARNING: Time step 0: SUCCESSFUL initial infection at (7500, 7500, 0) after 0 tries
2023-02-15 01:02:44 [02/15/23 01:02:44    0.00s]: 0       1          0          0          0          0          0          0.00e+00   0.00e+00   1.00e+00   0.00       < 0.000 0.016 >
2023-02-15 01:02:46 [02/15/23 01:02:46    1.63s]: 2880    3414       3909       0          2493       0          0          3.30e-05   9.05e+05   3.49e+04   0.00       < 0.016 0.852 >
2023-02-15 01:02:50 [02/15/23 01:02:50    3.78s]: 5760    7853       9873       0          21425      0          0          8.60e-05   2.56e+06   8.24e+04   0.02       < 0.037 0.914 >
2023-02-15 01:02:57 [02/15/23 01:02:57    7.01s]: 8640    11695      15855      0          60033      0          0          1.38e-04   4.18e+06   1.49e+05   0.04       < 0.066 0.935 >
2023-02-15 01:03:08 [02/15/23 01:03:08   11.58s]: 11520   14990      20282      1223       119677     133767846  514        1.92e-04   5.74e+06   2.36e+05   0.07       < 0.105 0.960 >
2023-02-15 01:03:27 [02/15/23 01:03:27   18.37s]: 14400   14160      10308      4798       208406     319072318  2446       2.04e-04   3.67e+06   3.34e+05   0.11       < 0.143 0.967 >
2023-02-15 01:03:52 [02/15/23 01:03:52   25.61s]: 17280   13620      5684       6138       303321     431457658  4286       1.95e-04   2.44e+06   4.41e+05   0.15       < 0.176 0.957 >
2023-02-15 01:04:25 [02/15/23 01:04:25   32.39s]: 20160   14303      3332       6433       404585     499616996  5703       1.72e-04   1.46e+06   5.56e+05   0.19       < 0.202 0.964 >
2023-02-15 01:05:03 [02/15/23 01:05:03   38.57s]: 23040   14291      2082       7207       514873     540954058  7015       1.63e-04   1.14e+06   6.80e+05   0.24       < 0.225 0.975 >
2023-02-15 01:05:47 [02/15/23 01:05:47   43.85s]: 25920   15289      1973       7682       632326     566023694  7994       1.67e-04   1.01e+06   8.14e+05   0.29       < 0.247 0.969 >
2023-02-15 01:06:36 [02/15/23 01:06:36   48.92s]: 28800   14540      1368       8029       757767     581226908  8867       1.49e-04   7.70e+05   9.52e+05   0.35       < 0.267 0.970 >
2023-02-15 01:07:29 [02/15/23 01:07:29   53.32s]: 31680   15375      1372       8675       889584     590446414  9911       1.52e-04   7.67e+05   1.10e+06   0.41       < 0.288 0.971 >
2023-02-15 01:08:29 [02/15/23 01:08:29   59.77s]: 34560   17194      1638       9273       1031625    596036664  10914      1.67e-04   8.32e+05   1.26e+06   0.47       < 0.310 0.972 >
2023-02-15 01:09:34 [02/15/23 01:09:34   65.21s]: 37440   17690      1462       9719       1185603    599425160  11685      1.74e-04   7.84e+05   1.43e+06   0.54       < 0.334 0.972 >
2023-02-15 01:10:44 [02/15/23 01:10:44   70.25s]: 40320   18700      1792       10470      1347385    601479505  12501      1.82e-04   9.34e+05   1.60e+06   0.61       < 0.358 0.968 >
2023-02-15 01:12:01 [02/15/23 01:12:01   76.19s]: 43200   19154      1460       11005      1520153    602723797  13532      1.80e-04   8.25e+05   1.79e+06   0.69       < 0.379 0.981 >
2023-02-15 01:13:23 [02/15/23 01:13:23   82.49s]: 46080   21104      1724       11838      1698535    603477276  14129      2.02e-04   8.82e+05   1.99e+06   0.77       < 0.403 0.974 >
2023-02-15 01:14:51 [02/15/23 01:14:51   88.16s]: 48960   21401      1574       12280      1891182    603932855  15234      2.01e-04   8.91e+05   2.19e+06   0.86       < 0.425 0.979 >
2023-02-15 01:16:27 [02/15/23 01:16:27   95.21s]: 51840   22363      1593       12681      2089462    604207893  15925      2.08e-04   8.88e+05   2.41e+06   0.94       < 0.447 0.968 >
2023-02-15 01:18:07 [02/15/23 01:18:07  100.61s]: 54720   24475      2099       13701      2297808    604374314  16470      2.32e-04   1.11e+06   2.63e+06   1.04       < 0.469 0.981 >
2023-02-15 01:19:53 [02/15/23 01:19:53  106.19s]: 57600   25795      1934       14250      2521482    604473641  17369      2.49e-04   1.13e+06   2.87e+06   1.14       < 0.496 0.986 >
2023-02-15 01:21:46 [02/15/23 01:21:46  112.43s]: 60480   26625      2220       14882      2751012    604532207  18267      2.59e-04   1.16e+06   3.12e+06   1.24       < 0.521 0.972 >
2023-02-15 01:23:43 [02/15/23 01:23:43  117.65s]: 63360   27433      2245       15511      2994600    604567141  18834      2.65e-04   1.21e+06   3.38e+06   1.35       < 0.543 0.977 >
2023-02-15 01:25:47 [02/15/23 01:25:47  123.18s]: 66240   28173      1872       15891      3246663    604586569  19767      2.62e-04   1.12e+06   3.64e+06   1.46       < 0.567 0.981 >
2023-02-15 01:27:58 [02/15/23 01:27:58  131.74s]: 69120   31009      2620       17043      3508756    604596967  20903      2.95e-04   1.37e+06   3.92e+06   1.58       < 0.592 0.981 >
2023-02-15 01:30:18 [02/15/23 01:30:18  139.85s]: 72000   32214      2559       17693      3785983    604602118  21440      3.08e-04   1.35e+06   4.21e+06   1.71       < 0.622 0.980 >
2023-02-15 01:32:50 [02/15/23 01:32:50  151.49s]: 74880   31679      2463       18006      4074337    604603534  22354      3.05e-04   1.40e+06   4.51e+06   1.83       < 0.641 0.979 >
2023-02-15 01:35:20 [02/15/23 01:35:20  149.98s]: 77760   33255      2494       19095      4365904    604603121  23229      3.09e-04   1.33e+06   4.82e+06   1.96       < 0.662 0.985 >
2023-02-15 01:38:03 [02/15/23 01:38:03  163.08s]: 80640   35413      2808       19155      4668099    604602672  23451      3.34e-04   1.47e+06   5.14e+06   2.10       < 0.683 0.972 >
2023-02-15 01:40:45 [02/15/23 01:40:45  162.09s]: 83520   36928      3449       20476      4985294    604600233  24803      3.69e-04   1.76e+06   5.47e+06   2.24       < 0.709 0.985 >
2023-02-15 01:43:34 [02/15/23 01:43:34  169.24s]: 86400   38089      3146       20963      5315480    604597537  25413      3.67e-04   1.65e+06   5.82e+06   2.39       < 0.737 0.981 >
2023-02-15 01:46:29 [02/15/23 01:46:29  175.21s]: 89280   38750      3117       21256      5654555    604594785  26219      3.76e-04   1.67e+06   6.17e+06   2.54       < 0.760 0.978 >
2023-02-15 01:49:33 [02/15/23 01:49:33  183.67s]: 92160   40369      3505       21850      6004335    604591604  27369      3.81e-04   1.80e+06   6.54e+06   2.70       < 0.783 0.985 >
2023-02-15 01:52:45 [02/15/23 01:52:45  192.14s]: 95040   40886      3376       22691      6364280    604588563  28056      3.98e-04   1.76e+06   6.91e+06   2.86       < 0.805 0.984 >
2023-02-15 01:56:03 [02/15/23 01:56:03  197.67s]: 97920   40793      3264       23222      6732519    604585565  28523      3.85e-04   1.79e+06   7.29e+06   3.02       < 0.828 0.983 >
2023-02-15 01:59:27 [02/15/23 01:59:27  204.28s]: 100800  41147      3273       23236      7103119    604582379  29450      3.91e-04   1.81e+06   7.68e+06   3.19       < 0.847 0.988 >
2023-02-15 02:02:59 [02/15/23 02:02:59  211.53s]: 103680  45260      3764       25050      7486730    604579594  30405      4.29e-04   2.00e+06   8.09e+06   3.36       < 0.872 0.980 >
2023-02-15 02:06:37 [02/15/23 02:06:37  218.79s]: 106560  45283      3558       25299      7884961    604576086  31300      4.38e-04   2.00e+06   8.50e+06   3.54       < 0.900 0.985 >
2023-02-15 02:10:23 [02/15/23 02:10:23  226.17s]: 109440  44579      3361       25277      8293719    604572084  32199      4.22e-04   1.95e+06   8.92e+06   3.72       < 0.926 0.988 >
2023-02-15 02:14:15 [02/15/23 02:14:15  231.08s]: 112320  46216      3547       26936      8710063    604568977  33098      4.50e-04   2.01e+06   9.36e+06   3.91       < 0.950 0.979 >
2023-02-15 02:18:12 [02/15/23 02:18:12  237.34s]: 115200  49733      3861       27453      9138412    604565591  33740      4.69e-04   2.06e+06   9.80e+06   4.10       < 0.973 0.984 >
2023-02-15 02:22:18 [02/15/23 02:22:18  245.96s]: 118080  48741      3590       27711      9584149    604561461  35147      4.57e-04   2.00e+06   1.03e+07   4.30       < 0.998 0.981 >
2023-02-15 02:26:30 [02/15/23 02:26:30  252.25s]: 120960  51063      4050       28360      10033012   604558602  35297      4.87e-04   2.21e+06   1.07e+07   4.50       < 1.028 0.989 >
2023-02-15 02:30:48 [02/15/23 02:30:48  257.58s]: 123840  53246      4532       29335      10499621   604554918  36637      5.16e-04   2.37e+06   1.12e+07   4.71       < 1.043 0.984 >
2023-02-15 02:35:11 [02/15/23 02:35:11  263.28s]: 126720  52088      4312       29315      10975677   604551946  37045      5.01e-04   2.38e+06   1.17e+07   4.92       < 1.073 0.986 >
2023-02-15 02:39:42 [02/15/23 02:39:42  271.05s]: 129600  54806      4238       30656      11455669   604549022  38040      5.36e-04   2.34e+06   1.22e+07   5.13       < 1.094 0.989 >
2023-02-15 02:44:19 [02/15/23 02:44:19  276.83s]: 132480  56820      4749       31513      11949810   604546255  38334      5.45e-04   2.58e+06   1.27e+07   5.35       < 1.115 0.988 >
2023-02-15 02:49:09 [02/15/23 02:49:09  289.74s]: 135360  54725      4401       31663      12456928   604542552  39761      5.34e-04   2.51e+06   1.32e+07   5.58       < 1.141 0.989 >
2023-02-15 02:54:10 [02/15/23 02:54:10  301.76s]: 138240  57733      4761       32008      12963751   604539787  40108      5.55e-04   2.53e+06   1.37e+07   5.80       < 1.167 0.985 >
2023-02-15 02:59:13 [02/15/23 02:59:13  302.46s]: 141120  60192      5195       33432      13484713   604536261  41320      5.74e-04   2.68e+06   1.43e+07   6.04       < 1.187 0.986 >
2023-02-15 03:04:21 [02/15/23 03:04:21  307.73s]: 144000  60219      4666       34106      14022903   604532308  42308      5.82e-04   2.56e+06   1.48e+07   6.28       < 1.216 0.990 >
2023-02-15 03:04:21 [02/15/23 03:04:21    0.44s]: 144004  60215      4663       34145      14023628   604532307  42303      5.82e-04   2.56e+06   1.48e+07   6.28       < 1.216 0.990 >
2023-02-15 03:04:21  ---  main.cpp:generate tcells took  avg 0.05 s max 0.07 s balance 0.71  --- 
2023-02-15 03:04:21  ---  main.cpp:update circulating tcells took  avg 54.69 s max 58.42 s balance 0.94  --- 
2023-02-15 03:04:21  ---  main.cpp:update tcells took  avg 501.41 s max 550.38 s balance 0.91  --- 
2023-02-15 03:04:21  ---  main.cpp:update epicells took  avg 166.95 s max 171.22 s balance 0.98  --- 
2023-02-15 03:04:21  ---  main.cpp:update concentrations took  avg 1833.04 s max 1892.36 s balance 0.97  --- 
2023-02-15 03:04:21  ---  main.cpp:compute updates took  avg 4249.48 s max 4249.55 s balance 1.00  --- 
2023-02-15 03:04:21  ---  main.cpp:dispatch updates took  avg 1902.24 s max 2049.75 s balance 0.93  --- 
2023-02-15 03:04:21  ---  main.cpp:add new actives took  avg 86.41 s max 89.31 s balance 0.97  --- 
2023-02-15 03:04:21  ---  main.cpp:erase inactive took  avg 740.71 s max 760.27 s balance 0.97  --- 
2023-02-15 03:04:21  ---  main.cpp:sample took  avg 0.00 s max 0.00 s balance -nan  --- 
2023-02-15 03:04:21  ---  main.cpp:sample write took  avg 0.00 s max 0.00 s balance -nan  --- 
2023-02-15 03:04:21  ---  main.cpp:log took  avg 12.35 s max 12.47 s balance 0.99  --- 
2023-02-15 03:04:21 Finished 144005 time steps in 7296.8279 s (0.0507 s per step)
2023-02-15 03:04:21  --- Elapsed time for main.cpp:run_sim:  (exiting barrier) 2023-02-15 03:04:21 ...
2023-02-15 03:04:21           ... (min/my/avg/max, bal) (7296.83/7296.83/7296.83/7296.83 s, 1.00) barrier(0.00 s) --- 
2023-02-15 03:04:21 Peak memory used across all nodes: 24.09GB
2023-02-15 03:04:21 Finished in 7300.77 s at 02/15/23 03:04:21 for SimCov version 0.1.1.8024051-dirty
