2023-02-16 19:39:16 SimCov version SimCov version 0.1.1.8024051-dirty-master built on 20230216_082905
2023-02-16 19:39:16 _________________________
2023-02-16 19:39:16 Compiler definitions:
2023-02-16 19:39:16   _XOPEN_SOURCE=700
2023-02-16 19:39:16   CONFIG_USE_COLORS
2023-02-16 19:39:16   USE_BYTELL
2023-02-16 19:39:16   MAX_VIRIONS=125000
2023-02-16 19:39:16   MIN_VIRIONS=1e-10
2023-02-16 19:39:16   BLOCK_PARTITION
2023-02-16 19:39:16   MIN_BLOCKS_PER_PROC=1
2023-02-16 19:39:16   AVERAGE_SUBSAMPLE
2023-02-16 19:39:16 _________________________
2023-02-16 19:39:16 Options:
2023-02-16 19:39:16   dim =                         15000 15000 1
2023-02-16 19:39:16   whole-lung-dim =              48000 40000 20000
2023-02-16 19:39:16   timesteps =                   144005
2023-02-16 19:39:16   infection-coords =            uniform:1
2023-02-16 19:39:16   initial-infection =           999
2023-02-16 19:39:16   incubation-period =           1200
2023-02-16 19:39:16   apoptosis-period =            180
2023-02-16 19:39:16   expressing-period =           900
2023-02-16 19:39:16   infectivity =                 0.1
2023-02-16 19:39:16   infectivity-multiplier =      1.0
2023-02-16 19:39:16   virion-production =           1.1
2023-02-16 19:39:16   virion-production-multiplier = 1.0
2023-02-16 19:39:16   virion-clearance =            0.004
2023-02-16 19:39:16   virion-diffusion =            0.15
2023-02-16 19:39:16   chemokine-production =        1.0
2023-02-16 19:39:16   chemokine-decay =             0.01
2023-02-16 19:39:16   chemokine-diffusion =         1.0
2023-02-16 19:39:16   min-chemokine =               1e-06
2023-02-16 19:39:16   antibody-factor =             1
2023-02-16 19:39:16   antibody-period =             5760
2023-02-16 19:39:16   tcell-generation-rate =       105000
2023-02-16 19:39:16   tcell-initial-delay =         10080
2023-02-16 19:39:16   tcell-vascular-period =       5760
2023-02-16 19:39:16   tcell-tissue-period =         1440
2023-02-16 19:39:16   tcell-binding-period =        10
2023-02-16 19:39:16   max-binding-prob =            1
2023-02-16 19:39:16   tcells-follow-gradient =      false
2023-02-16 19:39:16   seed =                        8
2023-02-16 19:39:16   sample-period =               0
2023-02-16 19:39:16   sample-resolution =           1
2023-02-16 19:39:16   max-block-dim =               10
2023-02-16 19:39:16   output =                      exp_results/per_1200_inf_0.1/init_1001/8
2023-02-16 19:39:16 _________________________
2023-02-16 19:39:16 Starting run with 64 processes on 2 nodes at 02/16/23 19:39:16
2023-02-16 19:39:16 Pinned processes, with process 0 (pid 3871992) pinned to core 0
2023-02-16 19:39:16 Using block partitioning
2023-02-16 19:39:16 Initial free memory across all nodes: 151.83GB
2023-02-16 19:39:16 Starting with 76.19GB free on node 0
2023-02-16 19:39:16 Dividing 225000000 grid points into 3515625 squares of size 64 (8^2), with 54932 per process
2023-02-16 19:39:16 Total initial memory required per process is at least 281.63MB with each grid point requiring on average 84 bytes
2023-02-16 19:39:19  --- Elapsed time for tissue.cpp:Tissue:  (exiting barrier) 2023-02-16 19:39:19 ...
2023-02-16 19:39:19           ... (min/my/avg/max, bal) (3.54/3.54/3.54/3.54 s, 1.00) barrier(0.00 s) --- 
2023-02-16 19:39:19 Memory used on node 0 after initialization is  10.90GB
2023-02-16 19:39:19           ... (min/my/avg/max, bal) No-Time barrier(0.00 s) --- 
2023-02-16 19:39:19 Fraction of circulating T cells extravasating is 5.85938e-06
2023-02-16 19:39:19 # datetime                    step    incb       expr       apop       dead       tvas       ttis       chem       virs       chempts    %infct     <%active  lbln>
2023-02-16 19:39:19 [0] <main.cpp:141> WARNING: Time step 0: SUCCESSFUL initial infection at (7500, 7500, 0) after 0 tries
2023-02-16 19:39:19 [02/16/23 19:39:19    0.00s]: 0       1          0          0          0          0          0          0.00e+00   0.00e+00   1.00e+00   0.00       < 0.000 0.016 >
2023-02-16 19:39:21 [02/16/23 19:39:21    1.27s]: 2880    5176       1638       0          1125       0          0          1.72e-05   2.77e+05   2.70e+04   0.00       < 0.012 0.823 >
2023-02-16 19:39:24 [02/16/23 19:39:24    3.01s]: 5760    9419       6642       0          11736      0          0          6.20e-05   1.75e+06   6.09e+04   0.01       < 0.027 0.896 >
2023-02-16 19:39:29 [02/16/23 19:39:29    5.37s]: 8640    16046      9534       0          36021      0          0          9.92e-05   2.61e+06   1.08e+05   0.03       < 0.048 0.943 >
2023-02-16 19:39:38 [02/16/23 19:39:38    8.57s]: 11520   19244      13092      1064       74067      133767766  377        1.40e-04   3.64e+06   1.67e+05   0.05       < 0.074 0.941 >
2023-02-16 19:39:51 [02/16/23 19:39:51   12.98s]: 14400   15400      3744       3802       138639     319073078  1900       1.28e-04   1.61e+06   2.32e+05   0.07       < 0.102 0.971 >
2023-02-16 19:40:09 [02/16/23 19:40:09   18.01s]: 17280   11387      588        3901       203159     431459403  3175       6.82e-05   3.90e+05   3.00e+05   0.10       < 0.125 0.981 >
2023-02-16 19:40:30 [02/16/23 19:40:30   21.52s]: 20160   7873       84         3347       261761     499621045  3981       2.08e-05   6.40e+04   3.58e+05   0.12       < 0.136 0.964 >
2023-02-16 19:40:53 [02/16/23 19:40:53   22.59s]: 23040   3243       15         1838       305907     540961501  3611       4.12e-06   8.64e+03   3.70e+05   0.14       < 0.136 0.951 >
2023-02-16 19:41:12 [02/16/23 19:41:12   19.47s]: 25920   3169       1          804        325609     566037290  1478       1.26e-06   2.10e+03   3.71e+05   0.15       < 0.120 0.930 >
2023-02-16 19:41:29 [02/16/23 19:41:29   17.05s]: 28800   4468       13         1882       350991     581244819  2819       7.75e-06   3.14e+04   4.26e+05   0.16       < 0.107 0.955 >
2023-02-16 19:41:47 [02/16/23 19:41:47   17.36s]: 31680   1991       52         1121       376152     590468627  2250       5.81e-06   2.30e+04   4.29e+05   0.17       < 0.114 0.941 >
2023-02-16 19:42:02 [02/16/23 19:42:02   15.74s]: 34560   4518       14         1223       390325     596064168  1623       2.85e-06   3.79e+03   4.58e+05   0.18       < 0.098 0.885 >
2023-02-16 19:42:19 [02/16/23 19:42:19   16.42s]: 37440   5161       57         2129       421892     599455755  3153       1.01e-05   3.25e+04   5.12e+05   0.19       < 0.106 0.935 >
2023-02-16 19:42:38 [02/16/23 19:42:38   19.17s]: 40320   2226       5          1104       453109     601513290  2238       2.46e-06   7.12e+03   5.03e+05   0.20       < 0.126 0.938 >
2023-02-16 19:42:57 [02/16/23 19:42:57   19.56s]: 43200   7200       42         2666       479674     602761291  2801       1.09e-05   6.60e+04   5.70e+05   0.22       < 0.130 0.917 >
2023-02-16 19:43:21 [02/16/23 19:43:21   23.14s]: 46080   3895       53         2185       523471     603515899  3803       5.24e-06   1.75e+04   5.98e+05   0.24       < 0.150 0.937 >
2023-02-16 19:43:45 [02/16/23 19:43:45   24.11s]: 48960   5392       75         2183       552498     603974829  3526       8.23e-06   2.16e+04   6.34e+05   0.25       < 0.157 0.960 >
2023-02-16 19:44:12 [02/16/23 19:44:12   27.57s]: 51840   6283       18         2934       597041     604251426  4077       7.20e-06   2.02e+04   7.05e+05   0.27       < 0.177 0.941 >
2023-02-16 19:44:41 [02/16/23 19:44:41   28.33s]: 54720   2375       64         1380       631870     604420616  3001       4.99e-06   1.75e+04   6.75e+05   0.28       < 0.172 0.960 >
2023-02-16 19:45:06 [02/16/23 19:45:06   25.06s]: 57600   5316       235        2439       657100     604523863  3258       1.61e-05   8.24e+04   7.40e+05   0.30       < 0.160 0.949 >
2023-02-16 19:45:31 [02/16/23 19:45:31   25.19s]: 60480   2940       21         1338       693242     604586250  3031       4.23e-06   8.37e+03   7.48e+05   0.31       < 0.152 0.942 >
2023-02-16 19:45:58 [02/16/23 19:45:58   26.81s]: 63360   4955       293        2448       721197     604624420  3438       2.28e-05   1.26e+05   8.18e+05   0.32       < 0.152 0.936 >
2023-02-16 19:46:22 [02/16/23 19:46:22   24.55s]: 66240   3416       29         1788       758674     604646798  3272       4.90e-06   2.41e+04   8.23e+05   0.34       < 0.154 0.939 >
2023-02-16 19:46:47 [02/16/23 19:46:47   24.30s]: 69120   7944       47         2621       783095     604661002  3001       5.92e-06   1.50e+04   9.01e+05   0.35       < 0.158 0.938 >
2023-02-16 19:47:16 [02/16/23 19:47:16   29.47s]: 72000   6364       56         3313       838003     604666817  5093       1.14e-05   5.46e+04   9.59e+05   0.38       < 0.186 0.942 >
2023-02-16 19:47:50 [02/16/23 19:47:50   33.78s]: 74880   4574       9          1930       877458     604671216  3977       4.35e-06   1.95e+04   9.54e+05   0.39       < 0.214 0.958 >
2023-02-16 19:48:24 [02/16/23 19:48:24   34.55s]: 77760   9509       144        3221       910019     604674535  4194       1.26e-05   4.57e+04   1.05e+06   0.41       < 0.206 0.947 >
2023-02-16 19:49:03 [02/16/23 19:49:03   38.55s]: 80640   4919       54         2756       973161     604673618  5619       8.41e-06   3.15e+04   1.08e+06   0.44       < 0.229 0.947 >
2023-02-16 19:49:44 [02/16/23 19:49:44   41.54s]: 83520   7517       248        2688       1008746    604675632  4240       2.10e-05   8.81e+04   1.13e+06   0.45       < 0.252 0.959 >
2023-02-16 19:50:31 [02/16/23 19:50:31   46.29s]: 86400   8334       57         4372       1072653    604673218  6838       1.47e-05   7.33e+04   1.24e+06   0.48       < 0.267 0.961 >
2023-02-16 19:51:20 [02/16/23 19:51:20   49.35s]: 89280   5670       14         1932       1120284    604674269  3993       4.55e-06   1.23e+04   1.23e+06   0.50       < 0.275 0.952 >
2023-02-16 19:52:10 [02/16/23 19:52:10   49.59s]: 92160   10053      185        4611       1175135    604673239  6277       2.15e-05   8.95e+04   1.35e+06   0.53       < 0.268 0.958 >
2023-02-16 19:53:04 [02/16/23 19:53:04   54.36s]: 95040   7978       159        3684       1244226    604670863  6744       2.11e-05   9.61e+04   1.40e+06   0.56       < 0.305 0.974 >
2023-02-16 19:54:01 [02/16/23 19:54:01   57.31s]: 97920   10184      54         4106       1300955    604671063  6179       1.26e-05   3.81e+04   1.45e+06   0.58       < 0.311 0.955 >
2023-02-16 19:55:01 [02/16/23 19:55:01   59.66s]: 100800  9202       89         4122       1371184    604669328  6812       1.45e-05   5.50e+04   1.53e+06   0.62       < 0.327 0.948 >
2023-02-16 19:56:02 [02/16/23 19:56:02   60.87s]: 103680  5672       80         2778       1428654    604670214  5368       7.18e-06   1.68e+04   1.54e+06   0.64       < 0.324 0.963 >
2023-02-16 19:56:59 [02/16/23 19:56:59   56.86s]: 106560  8761       105        4121       1481565    604670729  6166       1.75e-05   7.86e+04   1.62e+06   0.66       < 0.293 0.945 >
2023-02-16 19:57:54 [02/16/23 19:57:54   55.50s]: 109440  11164      259        5053       1547251    604669983  7144       1.80e-05   8.03e+04   1.73e+06   0.69       < 0.301 0.967 >
2023-02-16 19:58:54 [02/16/23 19:58:54   59.59s]: 112320  9246       75         4166       1619430    604668945  6652       9.78e-06   3.87e+04   1.79e+06   0.73       < 0.323 0.964 >
2023-02-16 19:59:57 [02/16/23 19:59:57   62.81s]: 115200  12859      224        5624       1692986    604667128  8443       2.98e-05   9.95e+04   1.93e+06   0.76       < 0.339 0.964 >
2023-02-16 20:01:07 [02/16/23 20:01:07   70.56s]: 118080  11020      147        4743       1777028    604664595  8213       1.48e-05   4.88e+04   1.97e+06   0.80       < 0.383 0.972 >
2023-02-16 20:02:22 [02/16/23 20:02:22   75.12s]: 120960  12019      199        5267       1852952    604664248  7968       2.62e-05   9.21e+04   2.04e+06   0.83       < 0.408 0.964 >
2023-02-16 20:03:43 [02/16/23 20:03:43   80.87s]: 123840  13173      92         5728       1942005    604661613  9315       1.81e-05   7.34e+04   2.14e+06   0.87       < 0.427 0.968 >
2023-02-16 20:05:13 [02/16/23 20:05:13   90.25s]: 126720  14522      303        6392       2036183    604658536  11035      3.03e-05   1.09e+05   2.30e+06   0.91       < 0.466 0.967 >
2023-02-16 20:06:52 [02/16/23 20:06:52   98.68s]: 129600  13439      127        5657       2141124    604656466  10013      2.08e-05   8.27e+04   2.37e+06   0.96       < 0.505 0.973 >
2023-02-16 20:08:34 [02/16/23 20:08:34  101.45s]: 132480  20747      281        8273       2239178    604654409  11950      3.72e-05   1.37e+05   2.58e+06   1.01       < 0.510 0.970 >
2023-02-16 20:10:30 [02/16/23 20:10:30  116.19s]: 135360  13752      158        6644       2373691    604649782  11856      2.71e-05   9.52e+04   2.63e+06   1.06       < 0.571 0.977 >
2023-02-16 20:12:33 [02/16/23 20:12:33  123.22s]: 138240  17038      539        7640       2482246    604649901  11553      3.51e-05   1.59e+05   2.76e+06   1.11       < 0.551 0.976 >
2023-02-16 20:14:35 [02/16/23 20:14:35  121.96s]: 141120  15477      236        7547       2611030    604647127  13184      2.44e-05   9.33e+04   2.89e+06   1.17       < 0.577 0.969 >
2023-02-16 20:16:42 [02/16/23 20:16:42  126.95s]: 144000  18745      217        6725       2713647    604648444  11153      2.78e-05   1.27e+05   3.01e+06   1.22       < 0.583 0.975 >
2023-02-16 20:16:42 [02/16/23 20:16:42    0.17s]: 144004  18752      214        6728       2713809    604648442  11154      2.78e-05   1.27e+05   3.01e+06   1.22       < 0.583 0.974 >
2023-02-16 20:16:42  ---  main.cpp:generate tcells took  avg 0.04 s max 0.05 s balance 0.78  --- 
2023-02-16 20:16:42  ---  main.cpp:update circulating tcells took  avg 53.59 s max 57.68 s balance 0.93  --- 
2023-02-16 20:16:42  ---  main.cpp:update tcells took  avg 112.15 s max 123.33 s balance 0.91  --- 
2023-02-16 20:16:42  ---  main.cpp:update epicells took  avg 72.37 s max 73.90 s balance 0.98  --- 
2023-02-16 20:16:42  ---  main.cpp:update concentrations took  avg 478.53 s max 495.25 s balance 0.97  --- 
2023-02-16 20:16:42  ---  main.cpp:compute updates took  avg 1299.52 s max 1299.55 s balance 1.00  --- 
2023-02-16 20:16:42  ---  main.cpp:dispatch updates took  avg 542.09 s max 585.78 s balance 0.93  --- 
2023-02-16 20:16:42  ---  main.cpp:add new actives took  avg 31.45 s max 32.30 s balance 0.97  --- 
2023-02-16 20:16:42  ---  main.cpp:erase inactive took  avg 251.25 s max 257.63 s balance 0.98  --- 
2023-02-16 20:16:42  ---  main.cpp:sample took  avg 0.00 s max 0.00 s balance -nan  --- 
2023-02-16 20:16:42  ---  main.cpp:sample write took  avg 0.00 s max 0.00 s balance -nan  --- 
2023-02-16 20:16:42  ---  main.cpp:log took  avg 10.79 s max 10.88 s balance 0.99  --- 
2023-02-16 20:16:42 Finished 144005 time steps in 2242.6610 s (0.0156 s per step)
2023-02-16 20:16:42  --- Elapsed time for main.cpp:run_sim:  (exiting barrier) 2023-02-16 20:16:42 ...
2023-02-16 20:16:42           ... (min/my/avg/max, bal) (2242.66/2242.66/2242.66/2242.66 s, 1.00) barrier(0.00 s) --- 
2023-02-16 20:16:42 Peak memory used across all nodes: 22.55GB
2023-02-16 20:16:42 Finished in 2246.72 s at 02/16/23 20:16:42 for SimCov version 0.1.1.8024051-dirty
