2023-02-16 17:54:22 SimCov version SimCov version 0.1.1.8024051-dirty-master built on 20230216_082905
2023-02-16 17:54:22 _________________________
2023-02-16 17:54:22 Compiler definitions:
2023-02-16 17:54:22   _XOPEN_SOURCE=700
2023-02-16 17:54:22   CONFIG_USE_COLORS
2023-02-16 17:54:22   USE_BYTELL
2023-02-16 17:54:22   MAX_VIRIONS=125000
2023-02-16 17:54:22   MIN_VIRIONS=1e-10
2023-02-16 17:54:22   BLOCK_PARTITION
2023-02-16 17:54:22   MIN_BLOCKS_PER_PROC=1
2023-02-16 17:54:22   AVERAGE_SUBSAMPLE
2023-02-16 17:54:22 _________________________
2023-02-16 17:54:22 Options:
2023-02-16 17:54:22   dim =                         15000 15000 1
2023-02-16 17:54:22   whole-lung-dim =              48000 40000 20000
2023-02-16 17:54:22   timesteps =                   144005
2023-02-16 17:54:22   infection-coords =            uniform:1
2023-02-16 17:54:22   initial-infection =           999
2023-02-16 17:54:22   incubation-period =           1200
2023-02-16 17:54:22   apoptosis-period =            180
2023-02-16 17:54:22   expressing-period =           900
2023-02-16 17:54:22   infectivity =                 0.1
2023-02-16 17:54:22   infectivity-multiplier =      1.0
2023-02-16 17:54:22   virion-production =           1.1
2023-02-16 17:54:22   virion-production-multiplier = 1.0
2023-02-16 17:54:22   virion-clearance =            0.004
2023-02-16 17:54:22   virion-diffusion =            0.15
2023-02-16 17:54:22   chemokine-production =        1.0
2023-02-16 17:54:22   chemokine-decay =             0.01
2023-02-16 17:54:22   chemokine-diffusion =         1.0
2023-02-16 17:54:22   min-chemokine =               1e-06
2023-02-16 17:54:22   antibody-factor =             1
2023-02-16 17:54:22   antibody-period =             5760
2023-02-16 17:54:22   tcell-generation-rate =       105000
2023-02-16 17:54:22   tcell-initial-delay =         10080
2023-02-16 17:54:22   tcell-vascular-period =       5760
2023-02-16 17:54:22   tcell-tissue-period =         1440
2023-02-16 17:54:22   tcell-binding-period =        10
2023-02-16 17:54:22   max-binding-prob =            1
2023-02-16 17:54:22   tcells-follow-gradient =      false
2023-02-16 17:54:22   seed =                        10
2023-02-16 17:54:22   sample-period =               0
2023-02-16 17:54:22   sample-resolution =           1
2023-02-16 17:54:22   max-block-dim =               10
2023-02-16 17:54:22   output =                      exp_results/per_1200_inf_0.1/init_1000/10
2023-02-16 17:54:22 _________________________
2023-02-16 17:54:22 Starting run with 64 processes on 2 nodes at 02/16/23 17:54:22
2023-02-16 17:54:22 Pinned processes, with process 0 (pid 3870517) pinned to core 0
2023-02-16 17:54:22 Using block partitioning
2023-02-16 17:54:22 Initial free memory across all nodes: 151.85GB
2023-02-16 17:54:22 Starting with 76.20GB free on node 0
2023-02-16 17:54:22 Dividing 225000000 grid points into 3515625 squares of size 64 (8^2), with 54932 per process
2023-02-16 17:54:22 Total initial memory required per process is at least 281.63MB with each grid point requiring on average 84 bytes
2023-02-16 17:54:25  --- Elapsed time for tissue.cpp:Tissue:  (exiting barrier) 2023-02-16 17:54:25 ...
2023-02-16 17:54:25           ... (min/my/avg/max, bal) (3.50/3.50/3.50/3.50 s, 1.00) barrier(0.00 s) --- 
2023-02-16 17:54:25 Memory used on node 0 after initialization is  10.90GB
2023-02-16 17:54:25           ... (min/my/avg/max, bal) No-Time barrier(0.00 s) --- 
2023-02-16 17:54:25 Fraction of circulating T cells extravasating is 5.85938e-06
2023-02-16 17:54:25 # datetime                    step    incb       expr       apop       dead       tvas       ttis       chem       virs       chempts    %infct     <%active  lbln>
2023-02-16 17:54:25 [0] <main.cpp:141> WARNING: Time step 0: SUCCESSFUL initial infection at (7500, 7500, 0) after 0 tries
2023-02-16 17:54:25 [02/16/23 17:54:25    0.00s]: 0       1          0          0          0          0          0          0.00e+00   0.00e+00   1.00e+00   0.00       < 0.000 0.016 >
2023-02-16 17:54:27 [02/16/23 17:54:27    1.28s]: 2880    5219       1606       0          1105       0          0          1.70e-05   2.66e+05   2.70e+04   0.00       < 0.012 0.823 >
2023-02-16 17:54:30 [02/16/23 17:54:30    3.05s]: 5760    9636       6615       0          11785      0          0          6.27e-05   1.77e+06   6.12e+04   0.01       < 0.027 0.891 >
2023-02-16 17:54:35 [02/16/23 17:54:35    5.31s]: 8640    16171      9282       0          36196      0          0          9.59e-05   2.45e+06   1.08e+05   0.03       < 0.048 0.941 >
2023-02-16 17:54:44 [02/16/23 17:54:44    8.67s]: 11520   19761      13503      980        73730      133767927  387        1.41e-04   3.79e+06   1.68e+05   0.05       < 0.075 0.943 >
2023-02-16 17:54:57 [02/16/23 17:54:57   13.08s]: 14400   15084      4232       3679       138582     319073071  1922       1.26e-04   1.63e+06   2.33e+05   0.07       < 0.102 0.972 >
2023-02-16 17:55:15 [02/16/23 17:55:15   18.25s]: 17280   12140      581        3875       202246     431459421  3121       6.63e-05   3.47e+05   2.99e+05   0.10       < 0.125 0.965 >
2023-02-16 17:55:37 [02/16/23 17:55:37   21.86s]: 20160   8647       135        3558       262441     499620787  3917       2.64e-05   8.06e+04   3.63e+05   0.12       < 0.138 0.969 >
2023-02-16 17:56:00 [02/16/23 17:56:00   23.27s]: 23040   3887       36         2047       310797     540960937  3684       7.25e-06   1.29e+04   3.85e+05   0.14       < 0.140 0.946 >
2023-02-16 17:56:21 [02/16/23 17:56:21   20.84s]: 25920   3069       64         1388       334663     566036325  2268       4.08e-06   8.35e+03   3.93e+05   0.15       < 0.127 0.937 >
2023-02-16 17:56:40 [02/16/23 17:56:40   19.27s]: 28800   4391       4          1861       361387     581244438  2489       1.94e-06   5.56e+03   4.31e+05   0.16       < 0.121 0.925 >
2023-02-16 17:57:00 [02/16/23 17:57:00   19.80s]: 31680   5930       68         2534       394967     590467206  3571       1.21e-05   4.31e+04   4.99e+05   0.18       < 0.131 0.937 >
2023-02-16 17:57:22 [02/16/23 17:57:22   21.46s]: 34560   2082       34         1134       426716     596061185  2531       5.13e-06   1.93e+04   4.84e+05   0.19       < 0.135 0.945 >
2023-02-16 17:57:41 [02/16/23 17:57:41   19.55s]: 37440   4041       155        1971       447312     599455175  2434       1.37e-05   5.97e+04   5.17e+05   0.20       < 0.127 0.931 >
2023-02-16 17:58:04 [02/16/23 17:58:04   22.66s]: 40320   5458       59         2675       487261     601511246  3747       1.27e-05   5.10e+04   5.82e+05   0.22       < 0.148 0.930 >
2023-02-16 17:58:29 [02/16/23 17:58:29   25.40s]: 43200   2923       4          1530       521732     602758856  2623       3.35e-06   1.55e+04   5.70e+05   0.23       < 0.163 0.944 >
2023-02-16 17:58:54 [02/16/23 17:58:54   24.56s]: 46080   8118       190        2982       551065     603515508  3582       2.35e-05   1.40e+05   6.67e+05   0.25       < 0.158 0.943 >
2023-02-16 17:59:22 [02/16/23 17:59:22   28.45s]: 48960   4418       56         2305       600739     603972745  4423       9.21e-06   4.34e+04   6.89e+05   0.27       < 0.184 0.943 >
2023-02-16 17:59:52 [02/16/23 17:59:52   29.50s]: 51840   6657       49         2422       630721     604251245  3691       6.42e-06   2.27e+04   7.34e+05   0.28       < 0.184 0.935 >
2023-02-16 18:00:23 [02/16/23 18:00:23   31.37s]: 54720   5767       46         2551       674489     604419109  4381       8.65e-06   1.84e+04   7.78e+05   0.30       < 0.198 0.949 >
2023-02-16 18:00:58 [02/16/23 18:00:58   35.36s]: 57600   6342       116        3486       723536     604519702  5275       1.45e-05   5.07e+04   8.39e+05   0.33       < 0.214 0.963 >
2023-02-16 18:01:37 [02/16/23 18:01:37   38.55s]: 60480   6572       104        2623       769170     604581834  4349       1.42e-05   6.85e+04   8.69e+05   0.35       < 0.230 0.945 >
2023-02-16 18:02:18 [02/16/23 18:02:18   40.93s]: 63360   10039      102        4144       819614     604617636  6050       1.50e-05   8.64e+04   9.77e+05   0.37       < 0.242 0.972 >
2023-02-16 18:03:04 [02/16/23 18:03:04   45.68s]: 66240   7017       111        3183       879301     604639226  5311       1.13e-05   6.17e+04   1.01e+06   0.40       < 0.265 0.961 >
2023-02-16 18:03:49 [02/16/23 18:03:49   45.66s]: 69120   6195       81         2905       928940     604652679  5132       1.39e-05   6.31e+04   1.05e+06   0.42       < 0.253 0.972 >
2023-02-16 18:04:35 [02/16/23 18:04:35   45.34s]: 72000   8326       92         3191       976375     604661260  4930       1.30e-05   7.17e+04   1.09e+06   0.44       < 0.257 0.956 >
2023-02-16 18:05:22 [02/16/23 18:05:22   47.05s]: 74880   8753       87         4053       1032407    604665468  5862       1.47e-05   6.00e+04   1.15e+06   0.46       < 0.260 0.945 >
2023-02-16 18:06:11 [02/16/23 18:06:11   48.98s]: 77760   7133       56         2851       1086785    604667925  5572       1.06e-05   4.58e+04   1.21e+06   0.49       < 0.274 0.942 >
2023-02-16 18:06:58 [02/16/23 18:06:58   47.87s]: 80640   5578       60         1982       1126691    604671272  4425       9.86e-06   4.28e+04   1.22e+06   0.50       < 0.249 0.945 >
2023-02-16 18:07:40 [02/16/23 18:07:40   41.15s]: 83520   4928       136        2480       1164060    604674185  3884       1.14e-05   6.28e+04   1.26e+06   0.52       < 0.222 0.949 >
2023-02-16 18:08:19 [02/16/23 18:08:19   38.97s]: 86400   5207       142        2477       1202307    604675687  4262       1.18e-05   4.86e+04   1.29e+06   0.54       < 0.208 0.934 >
2023-02-16 18:08:58 [02/16/23 18:08:58   39.58s]: 89280   7510       99         3254       1249035    604675544  5112       1.34e-05   5.92e+04   1.38e+06   0.56       < 0.221 0.948 >
2023-02-16 18:09:38 [02/16/23 18:09:38   39.91s]: 92160   5211       74         2423       1294967    604676277  4260       9.60e-06   2.93e+04   1.39e+06   0.58       < 0.222 0.963 >
2023-02-16 18:10:19 [02/16/23 18:10:19   41.14s]: 95040   11329      86         4444       1341746    604675296  6178       1.52e-05   5.97e+04   1.50e+06   0.60       < 0.230 0.941 >
2023-02-16 18:11:06 [02/16/23 18:11:06   46.46s]: 97920   8136       126        3369       1403386    604674220  5685       1.27e-05   3.18e+04   1.54e+06   0.63       < 0.261 0.976 >
2023-02-16 18:11:55 [02/16/23 18:11:55   49.77s]: 100800  5888       129        3023       1461778    604673129  5681       1.18e-05   3.56e+04   1.58e+06   0.65       < 0.269 0.965 >
2023-02-16 18:12:42 [02/16/23 18:12:42   46.84s]: 103680  5583       115        2283       1503744    604674640  4049       9.66e-06   4.29e+04   1.60e+06   0.67       < 0.251 0.970 >
2023-02-16 18:13:30 [02/16/23 18:13:30   47.31s]: 106560  9799       184        4575       1561846    604672928  6922       2.41e-05   1.39e+05   1.72e+06   0.70       < 0.268 0.948 >
2023-02-16 18:14:24 [02/16/23 18:14:24   54.38s]: 109440  9531       180        4275       1629702    604671656  6306       1.67e-05   5.19e+04   1.78e+06   0.73       < 0.299 0.937 >
2023-02-16 18:15:22 [02/16/23 18:15:22   58.37s]: 112320  13265      103        5196       1697202    604669842  7356       1.74e-05   4.40e+04   1.89e+06   0.76       < 0.319 0.957 >
2023-02-16 18:16:27 [02/16/23 18:16:27   65.00s]: 115200  10444      97         4315       1778002    604667438  7425       1.82e-05   7.15e+04   1.98e+06   0.80       < 0.354 0.969 >
2023-02-16 18:17:32 [02/16/23 18:17:32   64.71s]: 118080  8910       65         3921       1845657    604667936  6322       1.21e-05   4.49e+04   2.01e+06   0.83       < 0.334 0.965 >
2023-02-16 18:18:35 [02/16/23 18:18:35   63.15s]: 120960  10376      188        4426       1915914    604667463  7097       2.37e-05   9.75e+04   2.08e+06   0.86       < 0.347 0.972 >
2023-02-16 18:19:44 [02/16/23 18:19:44   68.61s]: 123840  8045       49         4600       1993944    604665423  7912       9.34e-06   2.87e+04   2.14e+06   0.89       < 0.358 0.973 >
2023-02-16 18:20:47 [02/16/23 18:20:47   63.72s]: 126720  10433      125        3687       2048843    604667819  5867       1.71e-05   6.19e+04   2.22e+06   0.92       < 0.336 0.948 >
2023-02-16 18:21:50 [02/16/23 18:21:50   62.91s]: 129600  8738       79         4104       2119270    604667372  6960       1.17e-05   3.36e+04   2.27e+06   0.95       < 0.327 0.974 >
2023-02-16 18:22:52 [02/16/23 18:22:52   61.38s]: 132480  9110       122        4067       2179726    604667973  6708       1.53e-05   7.90e+04   2.32e+06   0.97       < 0.330 0.968 >
2023-02-16 18:23:58 [02/16/23 18:23:58   66.18s]: 135360  10763      14         4677       2251007    604666138  7893       9.46e-06   2.98e+04   2.43e+06   1.01       < 0.360 0.951 >
2023-02-16 18:25:06 [02/16/23 18:25:06   68.12s]: 138240  9630       253        4200       2315801    604666300  7183       2.47e-05   1.10e+05   2.49e+06   1.04       < 0.359 0.950 >
2023-02-16 18:26:14 [02/16/23 18:26:14   68.38s]: 141120  10726      118        4663       2387328    604665618  7765       1.23e-05   4.44e+04   2.57e+06   1.07       < 0.364 0.975 >
2023-02-16 18:27:27 [02/16/23 18:27:27   72.41s]: 144000  13823      204        5268       2460491    604664835  8013       2.49e-05   7.51e+04   2.69e+06   1.10       < 0.403 0.951 >
2023-02-16 18:27:27 [02/16/23 18:27:27    0.11s]: 144004  13806      208        5282       2460614    604664838  8018       2.50e-05   7.55e+04   2.69e+06   1.10       < 0.403 0.950 >
2023-02-16 18:27:27  ---  main.cpp:generate tcells took  avg 0.04 s max 0.05 s balance 0.77  --- 
2023-02-16 18:27:27  ---  main.cpp:update circulating tcells took  avg 54.00 s max 57.44 s balance 0.94  --- 
2023-02-16 18:27:27  ---  main.cpp:update tcells took  avg 101.29 s max 111.40 s balance 0.91  --- 
2023-02-16 18:27:27  ---  main.cpp:update epicells took  avg 66.27 s max 71.15 s balance 0.93  --- 
2023-02-16 18:27:27  ---  main.cpp:update concentrations took  avg 413.90 s max 430.73 s balance 0.96  --- 
2023-02-16 18:27:27  ---  main.cpp:compute updates took  avg 1148.71 s max 1148.77 s balance 1.00  --- 
2023-02-16 18:27:27  ---  main.cpp:dispatch updates took  avg 476.02 s max 511.35 s balance 0.93  --- 
2023-02-16 18:27:27  ---  main.cpp:add new actives took  avg 27.14 s max 27.73 s balance 0.98  --- 
2023-02-16 18:27:27  ---  main.cpp:erase inactive took  avg 225.46 s max 229.38 s balance 0.98  --- 
2023-02-16 18:27:27  ---  main.cpp:sample took  avg 0.00 s max 0.00 s balance -nan  --- 
2023-02-16 18:27:27  ---  main.cpp:sample write took  avg 0.00 s max 0.00 s balance -nan  --- 
2023-02-16 18:27:27  ---  main.cpp:log took  avg 10.56 s max 10.64 s balance 0.99  --- 
2023-02-16 18:27:27 Finished 144005 time steps in 1981.6000 s (0.0138 s per step)
2023-02-16 18:27:27  --- Elapsed time for main.cpp:run_sim:  (exiting barrier) 2023-02-16 18:27:27 ...
2023-02-16 18:27:27           ... (min/my/avg/max, bal) (1981.60/1981.60/1981.60/1981.60 s, 1.00) barrier(0.00 s) --- 
2023-02-16 18:27:27 Peak memory used across all nodes: 22.40GB
2023-02-16 18:27:27 Finished in 1985.64 s at 02/16/23 18:27:27 for SimCov version 0.1.1.8024051-dirty
