2023-02-16 08:36:43 SimCov version SimCov version 0.1.1.8024051-dirty-master built on 20230216_082905
2023-02-16 08:36:43 _________________________
2023-02-16 08:36:43 Compiler definitions:
2023-02-16 08:36:43   _XOPEN_SOURCE=700
2023-02-16 08:36:43   CONFIG_USE_COLORS
2023-02-16 08:36:43   USE_BYTELL
2023-02-16 08:36:43   MAX_VIRIONS=125000
2023-02-16 08:36:43   MIN_VIRIONS=1e-10
2023-02-16 08:36:43   BLOCK_PARTITION
2023-02-16 08:36:43   MIN_BLOCKS_PER_PROC=1
2023-02-16 08:36:43   AVERAGE_SUBSAMPLE
2023-02-16 08:36:43 _________________________
2023-02-16 08:36:43 Options:
2023-02-16 08:36:43   dim =                         15000 15000 1
2023-02-16 08:36:43   whole-lung-dim =              48000 40000 20000
2023-02-16 08:36:43   timesteps =                   144005
2023-02-16 08:36:43   infection-coords =            uniform:1
2023-02-16 08:36:43   initial-infection =           999
2023-02-16 08:36:43   incubation-period =           5000
2023-02-16 08:36:43   apoptosis-period =            180
2023-02-16 08:36:43   expressing-period =           900
2023-02-16 08:36:43   infectivity =                 0.025
2023-02-16 08:36:43   infectivity-multiplier =      1.0
2023-02-16 08:36:43   virion-production =           1.1
2023-02-16 08:36:43   virion-production-multiplier = 1.0
2023-02-16 08:36:43   virion-clearance =            0.004
2023-02-16 08:36:43   virion-diffusion =            0.15
2023-02-16 08:36:43   chemokine-production =        1.0
2023-02-16 08:36:43   chemokine-decay =             0.01
2023-02-16 08:36:43   chemokine-diffusion =         1.0
2023-02-16 08:36:43   min-chemokine =               1e-06
2023-02-16 08:36:43   antibody-factor =             1
2023-02-16 08:36:43   antibody-period =             5760
2023-02-16 08:36:43   tcell-generation-rate =       105000
2023-02-16 08:36:43   tcell-initial-delay =         10080
2023-02-16 08:36:43   tcell-vascular-period =       5760
2023-02-16 08:36:43   tcell-tissue-period =         1440
2023-02-16 08:36:43   tcell-binding-period =        10
2023-02-16 08:36:43   max-binding-prob =            1
2023-02-16 08:36:43   tcells-follow-gradient =      false
2023-02-16 08:36:43   seed =                        8
2023-02-16 08:36:43   sample-period =               0
2023-02-16 08:36:43   sample-resolution =           1
2023-02-16 08:36:43   max-block-dim =               10
2023-02-16 08:36:43   output =                      exp_results/per_5000_inf_0.025/init_999/8
2023-02-16 08:36:43 _________________________
2023-02-16 08:36:43 Starting run with 64 processes on 2 nodes at 02/16/23 08:36:43
2023-02-16 08:36:43 Pinned processes, with process 0 (pid 4055430) pinned to core 0
2023-02-16 08:36:43 Using block partitioning
2023-02-16 08:36:43 Initial free memory across all nodes: 151.07GB
2023-02-16 08:36:43 Starting with 74.75GB free on node 0
2023-02-16 08:36:43 Dividing 225000000 grid points into 3515625 squares of size 64 (8^2), with 54932 per process
2023-02-16 08:36:43 Total initial memory required per process is at least 281.63MB with each grid point requiring on average 84 bytes
2023-02-16 08:36:46  --- Elapsed time for tissue.cpp:Tissue:  (exiting barrier) 2023-02-16 08:36:46 ...
2023-02-16 08:36:46           ... (min/my/avg/max, bal) (3.49/3.49/3.49/3.49 s, 1.00) barrier(0.00 s) --- 
2023-02-16 08:36:46 Memory used on node 0 after initialization is  10.90GB
2023-02-16 08:36:46           ... (min/my/avg/max, bal) No-Time barrier(0.00 s) --- 
2023-02-16 08:36:46 Fraction of circulating T cells extravasating is 5.85938e-06
2023-02-16 08:36:46 # datetime                    step    incb       expr       apop       dead       tvas       ttis       chem       virs       chempts    %infct     <%active  lbln>
2023-02-16 08:36:46 [0] <main.cpp:141> WARNING: Time step 0: SUCCESSFUL initial infection at (7500, 7500, 0) after 0 tries
2023-02-16 08:36:46 [02/16/23 08:36:46    0.00s]: 0       1          0          0          0          0          0          0.00e+00   0.00e+00   1.00e+00   0.00       < 0.000 0.016 >
2023-02-16 08:36:47 [02/16/23 08:36:47    0.88s]: 2880    817        0          0          0          0          0          0.00e+00   9.69e-03   8.17e+02   0.00       < 0.007 0.776 >
2023-02-16 08:36:48 [02/16/23 08:36:48    0.98s]: 5760    2537       715        0          2          0          0          9.42e-06   1.53e+05   1.93e+04   0.00       < 0.009 0.786 >
2023-02-16 08:36:50 [02/16/23 08:36:50    2.07s]: 8640    6770       0          0          817        0          0          1.24e-10   8.62e+01   7.70e+03   0.00       < 0.014 0.851 >
2023-02-16 08:36:53 [02/16/23 08:36:53    2.22s]: 11520   4718       2448       293        3371       133768306  92         3.07e-05   7.63e+05   3.52e+04   0.00       < 0.016 0.867 >
2023-02-16 08:36:57 [02/16/23 08:36:57    3.87s]: 14400   2617       1          644        16012      319075403  407        3.70e-07   2.21e+03   3.49e+04   0.01       < 0.024 0.906 >
2023-02-16 08:37:00 [02/16/23 08:37:00    3.86s]: 17280   97         2          8          19361      431465454  122        7.41e-07   8.04e+02   3.05e+04   0.01       < 0.023 0.892 >
2023-02-16 08:37:05 [02/16/23 08:37:05    4.28s]: 20160   18         0          11         20318      499630274  116        0.00e+00   7.10e-01   2.03e+04   0.01       < 0.023 0.887 >
2023-02-16 08:37:08 [02/16/23 08:37:08    3.16s]: 23040   16         0          0          20332      540972855  0          0.00e+00   5.09e-06   2.03e+04   0.01       < 0.005 0.710 >
2023-02-16 08:37:11 [02/16/23 08:37:11    3.35s]: 25920   306        0          232        22692      566046465  661        0.00e+00   2.16e+01   2.32e+04   0.01       < 0.026 0.869 >
2023-02-16 08:37:15 [02/16/23 08:37:15    4.28s]: 28800   20         0          0          23245      581254623  0          0.00e+00   2.07e-04   2.33e+04   0.01       < 0.020 0.876 >
2023-02-16 08:37:18 [02/16/23 08:37:18    2.89s]: 31680   1737       3          294        23844      590477869  541        8.24e-07   1.19e+03   5.44e+04   0.01       < 0.025 0.855 >
2023-02-16 08:37:23 [02/16/23 08:37:23    5.12s]: 34560   23         0          0          27051      596071822  0          0.00e+00   3.35e-02   2.71e+04   0.01       < 0.030 0.890 >
2023-02-16 08:37:27 [02/16/23 08:37:27    3.34s]: 37440   190        0          58         27178      599464867  153        2.05e-09   5.52e+01   3.35e+04   0.01       < 0.005 0.684 >
2023-02-16 08:37:31 [02/16/23 08:37:31    4.30s]: 40320   27         0          9          29205      601522533  132        0.00e+00   8.40e-01   2.92e+04   0.01       < 0.028 0.910 >
2023-02-16 08:37:35 [02/16/23 08:37:35    3.63s]: 43200   275        1          12         29226      602770607  37         2.26e-07   2.34e+02   3.64e+04   0.01       < 0.008 0.652 >
2023-02-16 08:37:39 [02/16/23 08:37:39    3.82s]: 46080   1008       0          431        31579      603527028  674        2.88e-08   1.59e+02   4.37e+04   0.01       < 0.030 0.894 >
2023-02-16 08:37:43 [02/16/23 08:37:43    4.75s]: 48960   23         0          0          33166      603986511  0          0.00e+00   1.53e-03   3.32e+04   0.01       < 0.021 0.790 >
2023-02-16 08:37:47 [02/16/23 08:37:47    3.37s]: 51840   1521       3          156        34376      604264801  339        9.14e-07   1.06e+03   5.50e+04   0.02       < 0.022 0.896 >
2023-02-16 08:37:52 [02/16/23 08:37:52    5.20s]: 54720   17         0          2          37849      604433868  67         0.00e+00   4.49e-01   3.79e+04   0.02       < 0.030 0.862 >
2023-02-16 08:37:56 [02/16/23 08:37:56    3.81s]: 57600   688        0          198        38324      604536564  333        6.73e-08   3.43e+02   5.21e+04   0.02       < 0.014 0.739 >
2023-02-16 08:38:00 [02/16/23 08:38:00    4.36s]: 60480   363        0          197        40604      604598478  401        1.79e-09   4.30e+01   4.71e+04   0.02       < 0.029 0.884 >
2023-02-16 08:38:04 [02/16/23 08:38:04    4.06s]: 63360   15         0          0          41228      604636277  0          0.00e+00   4.15e-04   4.12e+04   0.02       < 0.014 0.749 >
2023-02-16 08:38:07 [02/16/23 08:38:07    3.14s]: 66240   917        3          271        42792      604658847  461        4.01e-07   5.71e+02   5.83e+04   0.02       < 0.020 0.798 >
2023-02-16 08:38:11 [02/16/23 08:38:11    4.24s]: 69120   14         0          0          44661      604673099  3          0.00e+00   4.94e-02   4.47e+04   0.02       < 0.020 0.862 >
2023-02-16 08:38:14 [02/16/23 08:38:14    2.86s]: 72000   328        1          134        45032      604681482  228        1.38e-07   1.07e+02   4.85e+04   0.02       < 0.008 0.802 >
2023-02-16 08:38:18 [02/16/23 08:38:18    3.96s]: 74880   524        0          227        47153      604686413  348        5.26e-10   3.85e+01   5.38e+04   0.02       < 0.024 0.821 >
2023-02-16 08:38:22 [02/16/23 08:38:22    4.08s]: 77760   167        0          96         48276      604689609  221        8.90e-10   4.30e+01   5.30e+04   0.02       < 0.016 0.757 >
2023-02-16 08:38:26 [02/16/23 08:38:26    3.17s]: 80640   594        1          158        48927      604691487  314        2.31e-07   3.06e+02   6.18e+04   0.02       < 0.017 0.808 >
2023-02-16 08:38:29 [02/16/23 08:38:29    3.38s]: 83520   103        0          2          49900      604692700  22         2.21e-07   1.98e+02   5.44e+04   0.02       < 0.017 0.834 >
2023-02-16 08:38:32 [02/16/23 08:38:32    3.19s]: 86400   9          0          10         50324      604693465  122        0.00e+00   8.04e-01   5.03e+04   0.02       < 0.012 0.811 >
2023-02-16 08:38:35 [02/16/23 08:38:35    2.89s]: 89280   2          0          0          50403      604693979  43         0.00e+00   1.23e-01   5.04e+04   0.02       < 0.009 0.768 >
2023-02-16 08:38:38 [02/16/23 08:38:38    2.71s]: 92160   80         0          46         50938      604694165  197        9.91e-09   6.76e+01   5.68e+04   0.02       < 0.011 0.742 >
2023-02-16 08:38:41 [02/16/23 08:38:41    2.84s]: 95040   2          0          0          51089      604694439  0          0.00e+00   6.53e-04   5.11e+04   0.02       < 0.010 0.768 >
2023-02-16 08:38:43 [02/16/23 08:38:43    2.02s]: 97920   255        0          67         51138      604694545  109        4.16e-10   1.57e+01   5.47e+04   0.02       < 0.004 0.648 >
2023-02-16 08:38:45 [02/16/23 08:38:45    2.23s]: 100800  1          0          0          51497      604694727  0          0.00e+00   1.51e-04   5.15e+04   0.02       < 0.005 0.727 >
2023-02-16 08:38:46 [02/16/23 08:38:46    1.64s]: 103680  1          0          0          51497      604694844  0          0.00e+00   0.00e+00   5.15e+04   0.02       < 0.000 0.016 >
2023-02-16 08:38:49 [02/16/23 08:38:49    2.24s]: 106560  6          0          0          52016      604694806  0          0.00e+00   2.26e-02   5.20e+04   0.02       < 0.006 0.810 >
2023-02-16 08:38:51 [02/16/23 08:38:51    1.95s]: 109440  6          0          0          52016      604694886  0          0.00e+00   0.00e+00   5.20e+04   0.02       < 0.000 0.094 >
2023-02-16 08:38:53 [02/16/23 08:38:53    2.08s]: 112320  2          0          0          52193      604694863  0          0.00e+00   8.01e-03   5.22e+04   0.02       < 0.006 0.775 >
2023-02-16 08:38:55 [02/16/23 08:38:55    1.87s]: 115200  2          0          0          52193      604694919  0          0.00e+00   0.00e+00   5.22e+04   0.02       < 0.000 0.031 >
2023-02-16 08:38:57 [02/16/23 08:38:57    2.04s]: 118080  1          0          0          52255      604694873  6          0.00e+00   3.90e-02   5.23e+04   0.02       < 0.006 0.796 >
2023-02-16 08:38:59 [02/16/23 08:38:59    1.96s]: 120960  2          0          0          52255      604694926  0          0.00e+00   0.00e+00   5.23e+04   0.02       < 0.000 0.016 >
2023-02-16 08:39:01 [02/16/23 08:39:01    1.95s]: 123840  193        0          108        52680      604694768  200        2.38e-11   1.14e+01   5.35e+04   0.02       < 0.006 0.766 >
2023-02-16 08:39:03 [02/16/23 08:39:03    2.36s]: 126720  7          0          0          53004      604694867  0          0.00e+00   1.09e-04   5.30e+04   0.02       < 0.005 0.740 >
2023-02-16 08:39:05 [02/16/23 08:39:05    2.01s]: 129600  568        0          129        53261      604694778  170        3.34e-08   1.16e+02   6.09e+04   0.02       < 0.006 0.752 >
2023-02-16 08:39:07 [02/16/23 08:39:07    2.38s]: 132480  6          0          0          54087      604694816  0          0.00e+00   1.12e-03   5.41e+04   0.02       < 0.007 0.778 >
2023-02-16 08:39:10 [02/16/23 08:39:10    2.27s]: 135360  17         0          24         54365      604694752  136        0.00e+00   3.54e+00   5.44e+04   0.02       < 0.006 0.819 >
2023-02-16 08:39:12 [02/16/23 08:39:12    2.25s]: 138240  6          0          0          54407      604694844  0          0.00e+00   3.34e-05   5.44e+04   0.02       < 0.005 0.622 >
2023-02-16 08:39:14 [02/16/23 08:39:14    1.79s]: 141120  400        1          50         54454      604694785  109        2.32e-07   2.97e+02   6.37e+04   0.02       < 0.005 0.708 >
2023-02-16 08:39:16 [02/16/23 08:39:16    2.49s]: 144000  1          0          0          55186      604694764  0          0.00e+00   1.54e-02   5.52e+04   0.02       < 0.008 0.828 >
2023-02-16 08:39:16 [02/16/23 08:39:16    0.00s]: 144004  1          0          0          55186      604694764  0          0.00e+00   1.51e-02   5.52e+04   0.02       < 0.008 0.828 >
2023-02-16 08:39:16  ---  main.cpp:generate tcells took  avg 0.01 s max 0.01 s balance 0.87  --- 
2023-02-16 08:39:16  ---  main.cpp:update circulating tcells took  avg 46.56 s max 50.57 s balance 0.92  --- 
2023-02-16 08:39:16  ---  main.cpp:update tcells took  avg 2.49 s max 2.83 s balance 0.88  --- 
2023-02-16 08:39:16  ---  main.cpp:update epicells took  avg 4.01 s max 4.45 s balance 0.90  --- 
2023-02-16 08:39:16  ---  main.cpp:update concentrations took  avg 11.26 s max 11.98 s balance 0.94  --- 
2023-02-16 08:39:16  ---  main.cpp:compute updates took  avg 94.90 s max 94.91 s balance 1.00  --- 
2023-02-16 08:39:16  ---  main.cpp:dispatch updates took  avg 25.47 s max 28.27 s balance 0.90  --- 
2023-02-16 08:39:16  ---  main.cpp:add new actives took  avg 2.00 s max 2.14 s balance 0.94  --- 
2023-02-16 08:39:16  ---  main.cpp:erase inactive took  avg 7.48 s max 7.77 s balance 0.96  --- 
2023-02-16 08:39:16  ---  main.cpp:sample took  avg 0.00 s max 0.00 s balance -nan  --- 
2023-02-16 08:39:16  ---  main.cpp:sample write took  avg 0.00 s max 0.00 s balance -nan  --- 
2023-02-16 08:39:16  ---  main.cpp:log took  avg 5.93 s max 5.96 s balance 1.00  --- 
2023-02-16 08:39:16 Finished 144005 time steps in 149.5760 s (0.0010 s per step)
2023-02-16 08:39:16  --- Elapsed time for main.cpp:run_sim:  (exiting barrier) 2023-02-16 08:39:16 ...
2023-02-16 08:39:16           ... (min/my/avg/max, bal) (149.58/149.58/149.58/149.58 s, 1.00) barrier(0.00 s) --- 
2023-02-16 08:39:17 Peak memory used across all nodes: 21.88GB
2023-02-16 08:39:17 Finished in 153.64 s at 02/16/23 08:39:17 for SimCov version 0.1.1.8024051-dirty
