2023-02-16 18:27:55 SimCov version SimCov version 0.1.1.8024051-dirty-master built on 20230216_082905
2023-02-16 18:27:55 _________________________
2023-02-16 18:27:55 Compiler definitions:
2023-02-16 18:27:55   _XOPEN_SOURCE=700
2023-02-16 18:27:55   CONFIG_USE_COLORS
2023-02-16 18:27:55   USE_BYTELL
2023-02-16 18:27:55   MAX_VIRIONS=125000
2023-02-16 18:27:55   MIN_VIRIONS=1e-10
2023-02-16 18:27:55   BLOCK_PARTITION
2023-02-16 18:27:55   MIN_BLOCKS_PER_PROC=1
2023-02-16 18:27:55   AVERAGE_SUBSAMPLE
2023-02-16 18:27:55 _________________________
2023-02-16 18:27:55 Options:
2023-02-16 18:27:55   dim =                         15000 15000 1
2023-02-16 18:27:55   whole-lung-dim =              48000 40000 20000
2023-02-16 18:27:55   timesteps =                   144005
2023-02-16 18:27:55   infection-coords =            uniform:1
2023-02-16 18:27:55   initial-infection =           999
2023-02-16 18:27:55   incubation-period =           1200
2023-02-16 18:27:55   apoptosis-period =            180
2023-02-16 18:27:55   expressing-period =           900
2023-02-16 18:27:55   infectivity =                 0.1
2023-02-16 18:27:55   infectivity-multiplier =      1.0
2023-02-16 18:27:55   virion-production =           1.1
2023-02-16 18:27:55   virion-production-multiplier = 1.0
2023-02-16 18:27:55   virion-clearance =            0.004
2023-02-16 18:27:55   virion-diffusion =            0.15
2023-02-16 18:27:55   chemokine-production =        1.0
2023-02-16 18:27:55   chemokine-decay =             0.01
2023-02-16 18:27:55   chemokine-diffusion =         1.0
2023-02-16 18:27:55   min-chemokine =               1e-06
2023-02-16 18:27:55   antibody-factor =             1
2023-02-16 18:27:55   antibody-period =             5760
2023-02-16 18:27:55   tcell-generation-rate =       105000
2023-02-16 18:27:55   tcell-initial-delay =         10080
2023-02-16 18:27:55   tcell-vascular-period =       5760
2023-02-16 18:27:55   tcell-tissue-period =         1440
2023-02-16 18:27:55   tcell-binding-period =        10
2023-02-16 18:27:55   max-binding-prob =            1
2023-02-16 18:27:55   tcells-follow-gradient =      false
2023-02-16 18:27:55   seed =                        6
2023-02-16 18:27:55   sample-period =               0
2023-02-16 18:27:55   sample-resolution =           1
2023-02-16 18:27:55   max-block-dim =               10
2023-02-16 18:27:55   output =                      exp_results/per_1200_inf_0.1/init_1001/6
2023-02-16 18:27:55 _________________________
2023-02-16 18:27:55 Starting run with 64 processes on 2 nodes at 02/16/23 18:27:55
2023-02-16 18:27:55 Pinned processes, with process 0 (pid 3871006) pinned to core 0
2023-02-16 18:27:55 Using block partitioning
2023-02-16 18:27:55 Initial free memory across all nodes: 151.83GB
2023-02-16 18:27:55 Starting with 76.20GB free on node 0
2023-02-16 18:27:55 Dividing 225000000 grid points into 3515625 squares of size 64 (8^2), with 54932 per process
2023-02-16 18:27:55 Total initial memory required per process is at least 281.63MB with each grid point requiring on average 84 bytes
2023-02-16 18:27:58  --- Elapsed time for tissue.cpp:Tissue:  (exiting barrier) 2023-02-16 18:27:58 ...
2023-02-16 18:27:58           ... (min/my/avg/max, bal) (3.50/3.50/3.50/3.50 s, 1.00) barrier(0.00 s) --- 
2023-02-16 18:27:58 Memory used on node 0 after initialization is  10.90GB
2023-02-16 18:27:58           ... (min/my/avg/max, bal) No-Time barrier(0.00 s) --- 
2023-02-16 18:27:58 Fraction of circulating T cells extravasating is 5.85938e-06
2023-02-16 18:27:58 # datetime                    step    incb       expr       apop       dead       tvas       ttis       chem       virs       chempts    %infct     <%active  lbln>
2023-02-16 18:27:58 [0] <main.cpp:141> WARNING: Time step 0: SUCCESSFUL initial infection at (7500, 7500, 0) after 0 tries
2023-02-16 18:27:58 [02/16/23 18:27:58    0.00s]: 0       1          0          0          0          0          0          0.00e+00   0.00e+00   1.00e+00   0.00       < 0.000 0.016 >
2023-02-16 18:28:00 [02/16/23 18:28:00    1.29s]: 2880    5384       1638       0          1126       0          0          1.75e-05   2.74e+05   2.76e+04   0.00       < 0.012 0.843 >
2023-02-16 18:28:03 [02/16/23 18:28:03    3.12s]: 5760    9565       7274       0          11865      0          0          6.65e-05   1.92e+06   6.23e+04   0.01       < 0.028 0.898 >
2023-02-16 18:28:08 [02/16/23 18:28:08    5.34s]: 8640    15897      9273       0          37055      0          0          9.48e-05   2.44e+06   1.09e+05   0.03       < 0.048 0.947 >
2023-02-16 18:28:17 [02/16/23 18:28:17    8.63s]: 11520   19509      13371      1143       74793      133768189  376        1.43e-04   3.81e+06   1.69e+05   0.05       < 0.075 0.938 >
2023-02-16 18:28:30 [02/16/23 18:28:30   13.06s]: 14400   15342      4740       3543       139606     319073314  1926       1.32e-04   1.77e+06   2.34e+05   0.07       < 0.103 0.974 >
2023-02-16 18:28:48 [02/16/23 18:28:48   17.87s]: 17280   11927      678        3858       204165     431459713  3201       7.10e-05   3.98e+05   3.02e+05   0.10       < 0.126 0.972 >
2023-02-16 18:29:09 [02/16/23 18:29:09   21.40s]: 20160   8097       112        3304       263982     499620927  3920       2.16e-05   7.40e+04   3.62e+05   0.12       < 0.138 0.968 >
2023-02-16 18:29:32 [02/16/23 18:29:32   23.01s]: 23040   5051       18         2278       309796     540960918  3829       8.10e-06   1.97e+04   3.94e+05   0.14       < 0.139 0.947 >
2023-02-16 18:29:53 [02/16/23 18:29:53   20.70s]: 25920   3912       12         1079       335020     566036092  2096       4.37e-06   9.46e+03   3.86e+05   0.15       < 0.130 0.911 >
2023-02-16 18:30:11 [02/16/23 18:30:11   18.33s]: 28800   2703       22         1493       359399     581244402  2269       6.50e-06   1.94e+04   4.08e+05   0.16       < 0.109 0.929 >
2023-02-16 18:30:28 [02/16/23 18:30:28   16.73s]: 31680   4782       40         1766       378705     590468945  2108       7.48e-06   2.17e+04   4.50e+05   0.17       < 0.109 0.950 >
2023-02-16 18:30:47 [02/16/23 18:30:47   18.97s]: 34560   3712       212        1607       408578     596062036  2901       6.05e-06   5.02e+04   4.71e+05   0.18       < 0.128 0.923 >
2023-02-16 18:31:08 [02/16/23 18:31:08   21.34s]: 37440   5045       16         2249       439381     599454362  3279       2.85e-06   6.81e+03   5.19e+05   0.20       < 0.136 0.924 >
2023-02-16 18:31:30 [02/16/23 18:31:30   21.85s]: 40320   2963       37         1256       467206     601512356  2367       6.40e-06   2.66e+04   5.37e+05   0.21       < 0.148 0.942 >
2023-02-16 18:31:53 [02/16/23 18:31:53   23.08s]: 43200   3932       44         1836       495338     602759803  3252       8.88e-06   3.58e+04   5.82e+05   0.22       < 0.141 0.950 >
2023-02-16 18:32:15 [02/16/23 18:32:15   22.31s]: 46080   2016       24         1078       520934     603517504  1958       5.54e-06   1.30e+04   5.67e+05   0.23       < 0.146 0.946 >
2023-02-16 18:32:37 [02/16/23 18:32:37   22.04s]: 48960   5733       98         2573       548515     603975917  3731       1.38e-05   6.90e+04   6.52e+05   0.25       < 0.140 0.935 >
2023-02-16 18:33:04 [02/16/23 18:33:04   26.13s]: 51840   3186       15         1414       585763     604253152  3282       3.08e-06   6.10e+03   6.46e+05   0.26       < 0.177 0.953 >
2023-02-16 18:33:33 [02/16/23 18:33:33   29.10s]: 54720   8391       100        3415       619414     604420963  4514       9.97e-06   3.22e+04   7.37e+05   0.28       < 0.184 0.949 >
2023-02-16 18:34:07 [02/16/23 18:34:07   34.05s]: 57600   6662       183        2757       671527     604521313  4563       1.24e-05   4.41e+04   7.78e+05   0.30       < 0.219 0.945 >
2023-02-16 18:34:45 [02/16/23 18:34:45   38.43s]: 60480   5718       71         2761       719892     604581984  5112       1.40e-05   5.69e+04   8.27e+05   0.32       < 0.224 0.954 >
2023-02-16 18:35:24 [02/16/23 18:35:24   38.41s]: 63360   6743       40         2712       761746     604619569  4333       7.74e-06   1.81e+04   8.69e+05   0.34       < 0.230 0.959 >
2023-02-16 18:36:03 [02/16/23 18:36:03   39.80s]: 66240   7852       56         3085       811251     604641116  5082       1.23e-05   3.86e+04   9.52e+05   0.37       < 0.235 0.963 >
2023-02-16 18:36:49 [02/16/23 18:36:49   45.16s]: 69120   6214       44         3046       865311     604652946  5862       8.81e-06   3.37e+04   9.74e+05   0.39       < 0.270 0.969 >
2023-02-16 18:37:37 [02/16/23 18:37:37   48.93s]: 72000   7448       189        3296       912451     604660775  5809       1.50e-05   6.65e+04   1.05e+06   0.41       < 0.279 0.961 >
2023-02-16 18:38:29 [02/16/23 18:38:29   51.51s]: 74880   8995       136        3384       968917     604665215  5655       1.19e-05   3.46e+04   1.12e+06   0.44       < 0.283 0.942 >
2023-02-16 18:39:20 [02/16/23 18:39:20   50.95s]: 77760   7286       34         3456       1028180    604668048  5959       8.63e-06   2.03e+04   1.17e+06   0.46       < 0.284 0.960 >
2023-02-16 18:40:11 [02/16/23 18:40:11   50.63s]: 80640   7517       22         2819       1078759    604670261  4788       5.96e-06   1.18e+04   1.21e+06   0.48       < 0.274 0.956 >
2023-02-16 18:40:57 [02/16/23 18:40:57   46.63s]: 83520   5373       23         2439       1124478    604672515  4464       7.65e-06   1.57e+04   1.23e+06   0.50       < 0.241 0.970 >
2023-02-16 18:41:39 [02/16/23 18:41:39   42.25s]: 86400   5789       27         2562       1168429    604674281  4284       7.88e-06   2.70e+04   1.27e+06   0.52       < 0.229 0.957 >
2023-02-16 18:42:21 [02/16/23 18:42:21   41.80s]: 89280   6810       96         2978       1211331    604674248  5510       1.29e-05   6.43e+04   1.33e+06   0.54       < 0.234 0.933 >
2023-02-16 18:43:06 [02/16/23 18:43:06   45.00s]: 92160   8179       74         2874       1255475    604675096  4582       1.17e-05   3.22e+04   1.39e+06   0.56       < 0.256 0.970 >
2023-02-16 18:43:54 [02/16/23 18:43:54   47.65s]: 95040   8030       23         3595       1312577    604673660  5991       7.66e-06   1.34e+04   1.46e+06   0.59       < 0.257 0.943 >
2023-02-16 18:44:43 [02/16/23 18:44:43   49.45s]: 97920   4491       157        2234       1361708    604673134  4959       1.27e-05   5.44e+04   1.45e+06   0.61       < 0.268 0.948 >
2023-02-16 18:45:36 [02/16/23 18:45:36   52.43s]: 100800  10637      246        4375       1405760    604673804  5598       2.25e-05   9.71e+04   1.57e+06   0.63       < 0.264 0.957 >
2023-02-16 18:46:28 [02/16/23 18:46:28   52.45s]: 103680  7909       78         3927       1479569    604671674  6820       1.47e-05   4.85e+04   1.64e+06   0.66       < 0.283 0.955 >
2023-02-16 18:47:21 [02/16/23 18:47:21   52.80s]: 106560  8772       222        2939       1528761    604672418  5027       1.81e-05   7.79e+04   1.66e+06   0.68       < 0.293 0.965 >
2023-02-16 18:48:15 [02/16/23 18:48:15   53.85s]: 109440  9507       163        4516       1595988    604671494  6885       1.66e-05   6.47e+04   1.75e+06   0.72       < 0.284 0.943 >
2023-02-16 18:49:12 [02/16/23 18:49:12   56.94s]: 112320  9604       49         3876       1667597    604669833  6692       9.26e-06   2.02e+04   1.85e+06   0.75       < 0.319 0.946 >
2023-02-16 18:50:13 [02/16/23 18:50:13   60.90s]: 115200  9407       81         3644       1733168    604669370  6390       1.39e-05   4.24e+04   1.90e+06   0.78       < 0.328 0.967 >
2023-02-16 18:51:15 [02/16/23 18:51:15   62.10s]: 118080  9376       44         4272       1801829    604668340  6958       1.56e-05   7.07e+04   1.95e+06   0.81       < 0.338 0.963 >
2023-02-16 18:52:21 [02/16/23 18:52:21   66.31s]: 120960  12416      166        5471       1881403    604666032  8189       2.45e-05   1.25e+05   2.07e+06   0.84       < 0.367 0.973 >
2023-02-16 18:53:32 [02/16/23 18:53:32   70.56s]: 123840  8936       63         3859       1954786    604665145  7745       1.31e-05   4.57e+04   2.10e+06   0.87       < 0.373 0.964 >
2023-02-16 18:54:49 [02/16/23 18:54:49   76.82s]: 126720  14279      93         5900       2028645    604664603  8145       1.71e-05   6.66e+04   2.25e+06   0.91       < 0.391 0.971 >
2023-02-16 18:56:06 [02/16/23 18:56:06   77.17s]: 129600  10506      162        5160       2120267    604662228  8686       1.96e-05   7.69e+04   2.30e+06   0.95       < 0.405 0.964 >
2023-02-16 18:57:21 [02/16/23 18:57:21   75.42s]: 132480  10867      146        4503       2187942    604663351  7409       1.65e-05   6.32e+04   2.36e+06   0.98       < 0.386 0.961 >
2023-02-16 18:58:35 [02/16/23 18:58:35   73.61s]: 135360  10026      89         4919       2267274    604663213  8198       1.58e-05   4.32e+04   2.46e+06   1.01       < 0.390 0.960 >
2023-02-16 18:59:50 [02/16/23 18:59:50   75.16s]: 138240  13612      300        4492       2330958    604665164  6722       2.71e-05   9.70e+04   2.56e+06   1.04       < 0.386 0.974 >
2023-02-16 19:01:09 [02/16/23 19:01:09   79.55s]: 141120  13424      136        6658       2441955    604660193  11064      2.19e-05   7.55e+04   2.67e+06   1.09       < 0.427 0.974 >
2023-02-16 19:02:38 [02/16/23 19:02:38   88.60s]: 144000  14424      219        5410       2536665    604659790  8440       2.43e-05   1.05e+05   2.75e+06   1.14       < 0.466 0.959 >
2023-02-16 19:02:38 [02/16/23 19:02:38    0.13s]: 144004  14433      222        5422       2536778    604659789  8438       2.43e-05   1.05e+05   2.75e+06   1.14       < 0.466 0.959 >
2023-02-16 19:02:38  ---  main.cpp:generate tcells took  avg 0.04 s max 0.05 s balance 0.77  --- 
2023-02-16 19:02:38  ---  main.cpp:update circulating tcells took  avg 53.78 s max 56.90 s balance 0.95  --- 
2023-02-16 19:02:38  ---  main.cpp:update tcells took  avg 105.96 s max 115.86 s balance 0.91  --- 
2023-02-16 19:02:38  ---  main.cpp:update epicells took  avg 68.50 s max 70.48 s balance 0.97  --- 
2023-02-16 19:02:38  ---  main.cpp:update concentrations took  avg 435.16 s max 449.41 s balance 0.97  --- 
2023-02-16 19:02:38  ---  main.cpp:compute updates took  avg 1206.24 s max 1206.30 s balance 1.00  --- 
2023-02-16 19:02:38  ---  main.cpp:dispatch updates took  avg 496.37 s max 534.79 s balance 0.93  --- 
2023-02-16 19:02:38  ---  main.cpp:add new actives took  avg 28.17 s max 29.75 s balance 0.95  --- 
2023-02-16 19:02:38  ---  main.cpp:erase inactive took  avg 236.51 s max 241.95 s balance 0.98  --- 
2023-02-16 19:02:38  ---  main.cpp:sample took  avg 0.00 s max 0.00 s balance -nan  --- 
2023-02-16 19:02:38  ---  main.cpp:sample write took  avg 0.00 s max 0.00 s balance -nan  --- 
2023-02-16 19:02:38  ---  main.cpp:log took  avg 11.00 s max 11.07 s balance 0.99  --- 
2023-02-16 19:02:38 Finished 144005 time steps in 2079.7696 s (0.0144 s per step)
2023-02-16 19:02:38  --- Elapsed time for main.cpp:run_sim:  (exiting barrier) 2023-02-16 19:02:38 ...
2023-02-16 19:02:38           ... (min/my/avg/max, bal) (2079.77/2079.77/2079.77/2079.77 s, 1.00) barrier(0.00 s) --- 
2023-02-16 19:02:39 Peak memory used across all nodes: 22.46GB
2023-02-16 19:02:39 Finished in 2083.66 s at 02/16/23 19:02:39 for SimCov version 0.1.1.8024051-dirty
