2023-02-18 15:32:45 SimCov version SimCov version 0.1.1.8024051-dirty-master built on 20230216_082905
2023-02-18 15:32:45 _________________________
2023-02-18 15:32:45 Compiler definitions:
2023-02-18 15:32:45   _XOPEN_SOURCE=700
2023-02-18 15:32:45   CONFIG_USE_COLORS
2023-02-18 15:32:45   USE_BYTELL
2023-02-18 15:32:45   MAX_VIRIONS=125000
2023-02-18 15:32:45   MIN_VIRIONS=1e-10
2023-02-18 15:32:45   BLOCK_PARTITION
2023-02-18 15:32:45   MIN_BLOCKS_PER_PROC=1
2023-02-18 15:32:45   AVERAGE_SUBSAMPLE
2023-02-18 15:32:45 _________________________
2023-02-18 15:32:45 Options:
2023-02-18 15:32:45   dim =                         15000 15000 1
2023-02-18 15:32:45   whole-lung-dim =              48000 40000 20000
2023-02-18 15:32:45   timesteps =                   144005
2023-02-18 15:32:45   infection-coords =            uniform:1
2023-02-18 15:32:45   initial-infection =           999
2023-02-18 15:32:45   incubation-period =           1200
2023-02-18 15:32:45   apoptosis-period =            180
2023-02-18 15:32:45   expressing-period =           900
2023-02-18 15:32:45   infectivity =                 0.1
2023-02-18 15:32:45   infectivity-multiplier =      1.0
2023-02-18 15:32:45   virion-production =           1.1
2023-02-18 15:32:45   virion-production-multiplier = 1.0
2023-02-18 15:32:45   virion-clearance =            0.004
2023-02-18 15:32:45   virion-diffusion =            0.15
2023-02-18 15:32:45   chemokine-production =        1.0
2023-02-18 15:32:45   chemokine-decay =             0.01
2023-02-18 15:32:45   chemokine-diffusion =         1.0
2023-02-18 15:32:45   min-chemokine =               1e-06
2023-02-18 15:32:45   antibody-factor =             1
2023-02-18 15:32:45   antibody-period =             5760
2023-02-18 15:32:45   tcell-generation-rate =       105000
2023-02-18 15:32:45   tcell-initial-delay =         10080
2023-02-18 15:32:45   tcell-vascular-period =       5760
2023-02-18 15:32:45   tcell-tissue-period =         1440
2023-02-18 15:32:45   tcell-binding-period =        10
2023-02-18 15:32:45   max-binding-prob =            1
2023-02-18 15:32:45   tcells-follow-gradient =      false
2023-02-18 15:32:45   seed =                        1
2023-02-18 15:32:45   sample-period =               0
2023-02-18 15:32:45   sample-resolution =           1
2023-02-18 15:32:45   max-block-dim =               10
2023-02-18 15:32:45   output =                      exp_results/per_1200_inf_0.1/init_1000/1
2023-02-18 15:32:45 _________________________
2023-02-18 15:32:45 Starting run with 64 processes on 2 nodes at 02/18/23 15:32:45
2023-02-18 15:32:45 Pinned processes, with process 0 (pid 25129) pinned to core 0
2023-02-18 15:32:45 Using block partitioning
2023-02-18 15:32:45 Initial free memory across all nodes: 151.55GB
2023-02-18 15:32:45 Starting with 76.87GB free on node 0
2023-02-18 15:32:45 Dividing 225000000 grid points into 3515625 squares of size 64 (8^2), with 54932 per process
2023-02-18 15:32:45 Total initial memory required per process is at least 281.63MB with each grid point requiring on average 84 bytes
2023-02-18 15:32:48  --- Elapsed time for tissue.cpp:Tissue:  (exiting barrier) 2023-02-18 15:32:48 ...
2023-02-18 15:32:48           ... (min/my/avg/max, bal) (3.52/3.52/3.52/3.52 s, 1.00) barrier(0.00 s) --- 
2023-02-18 15:32:48 Memory used on node 0 after initialization is  10.90GB
2023-02-18 15:32:48           ... (min/my/avg/max, bal) No-Time barrier(0.00 s) --- 
2023-02-18 15:32:48 Fraction of circulating T cells extravasating is 5.85938e-06
2023-02-18 15:32:48 # datetime                    step    incb       expr       apop       dead       tvas       ttis       chem       virs       chempts    %infct     <%active  lbln>
2023-02-18 15:32:48 [0] <main.cpp:141> WARNING: Time step 0: SUCCESSFUL initial infection at (7500, 7500, 0) after 0 tries
2023-02-18 15:32:48 [02/18/23 15:32:48    0.00s]: 0       1          0          0          0          0          0          0.00e+00   0.00e+00   1.00e+00   0.00       < 0.000 0.016 >
2023-02-18 15:32:50 [02/18/23 15:32:50    1.29s]: 2880    5287       1658       0          1135       0          0          1.75e-05   2.74e+05   2.73e+04   0.00       < 0.012 0.832 >
2023-02-18 15:32:53 [02/18/23 15:32:53    3.12s]: 5760    9619       6980       0          11950      0          0          6.48e-05   1.85e+06   6.21e+04   0.01       < 0.028 0.898 >
2023-02-18 15:32:58 [02/18/23 15:32:58    5.43s]: 8640    16048      9525       0          36536      0          0          9.72e-05   2.52e+06   1.09e+05   0.03       < 0.048 0.937 >
2023-02-18 15:33:07 [02/18/23 15:33:07    8.77s]: 11520   19169      12876      1290       74985      133767912  371        1.40e-04   3.67e+06   1.68e+05   0.05       < 0.075 0.949 >
2023-02-18 15:33:20 [02/18/23 15:33:20   13.23s]: 14400   15744      4319       3418       138937     319073001  1888       1.35e-04   1.71e+06   2.33e+05   0.07       < 0.103 0.973 >
2023-02-18 15:33:38 [02/18/23 15:33:38   18.08s]: 17280   11698      479        3923       203999     431459522  3286       6.46e-05   3.16e+05   3.01e+05   0.10       < 0.126 0.969 >
2023-02-18 15:34:00 [02/18/23 15:34:00   21.44s]: 20160   7694       136        3227       261629     499621021  3819       2.40e-05   5.71e+04   3.58e+05   0.12       < 0.136 0.961 >
2023-02-18 15:34:22 [02/18/23 15:34:22   22.70s]: 23040   5014       14         2283       306626     540961316  3693       7.47e-06   1.61e+04   3.93e+05   0.14       < 0.136 0.957 >
2023-02-18 15:34:43 [02/18/23 15:34:43   20.71s]: 25920   2555       5          1015       332694     566036288  2021       1.65e-06   2.65e+03   3.84e+05   0.15       < 0.126 0.962 >
2023-02-18 15:35:02 [02/18/23 15:35:02   19.31s]: 28800   4293       11         1522       351440     581245362  1979       3.73e-06   9.98e+03   4.23e+05   0.16       < 0.105 0.953 >
2023-02-18 15:35:21 [02/18/23 15:35:21   18.03s]: 31680   3570       55         2097       382258     590468519  2883       8.62e-06   2.77e+04   4.52e+05   0.17       < 0.118 0.920 >
2023-02-18 15:35:41 [02/18/23 15:35:41   20.03s]: 34560   4101       38         2024       411756     596061914  2942       8.65e-06   3.41e+04   4.86e+05   0.19       < 0.126 0.953 >
2023-02-18 15:36:01 [02/18/23 15:36:01   20.35s]: 37440   4119       34         1523       439115     599454837  2411       3.63e-06   1.21e+04   5.05e+05   0.20       < 0.128 0.936 >
2023-02-18 15:36:22 [02/18/23 15:36:22   21.47s]: 40320   5506       141        2275       469397     601512091  3075       1.02e-05   7.24e+04   5.62e+05   0.21       < 0.137 0.934 >
2023-02-18 15:36:46 [02/18/23 15:36:46   23.78s]: 43200   3607       17         1579       502888     602759442  3313       5.41e-06   2.20e+04   5.76e+05   0.23       < 0.153 0.940 >
2023-02-18 15:37:12 [02/18/23 15:37:12   26.05s]: 46080   6920       155        2975       537597     603515462  3922       1.06e-05   6.09e+04   6.31e+05   0.24       < 0.169 0.955 >
2023-02-18 15:37:41 [02/18/23 15:37:41   29.22s]: 48960   8579       171        4025       588463     603972345  5022       1.62e-05   6.12e+04   7.21e+05   0.27       < 0.185 0.961 >
2023-02-18 15:38:14 [02/18/23 15:38:14   32.69s]: 51840   4937       19         1901       635575     604249779  3799       5.67e-06   1.32e+04   7.18e+05   0.29       < 0.197 0.968 >
2023-02-18 15:38:46 [02/18/23 15:38:46   31.59s]: 54720   6904       91         2613       669574     604419023  4214       1.20e-05   4.56e+04   7.79e+05   0.30       < 0.194 0.952 >
2023-02-18 15:39:20 [02/18/23 15:39:20   34.01s]: 57600   4875       76         2747       716049     604520599  4705       7.11e-06   2.17e+04   7.96e+05   0.32       < 0.207 0.944 >
2023-02-18 15:39:55 [02/18/23 15:39:55   35.23s]: 60480   4490       98         2157       750792     604583381  3693       8.56e-06   5.40e+04   8.35e+05   0.34       < 0.203 0.955 >
2023-02-18 15:40:27 [02/18/23 15:40:27   32.31s]: 63360   4748       11         2155       784213     604621452  3527       3.05e-06   9.45e+03   8.60e+05   0.35       < 0.175 0.942 >
2023-02-18 15:40:56 [02/18/23 15:40:56   28.38s]: 66240   5874       74         2513       817151     604645454  3499       9.30e-06   3.38e+04   9.20e+05   0.37       < 0.177 0.962 >
2023-02-18 15:41:29 [02/18/23 15:41:29   32.98s]: 69120   5778       96         2275       858043     604658656  3937       1.33e-05   5.46e+04   9.60e+05   0.38       < 0.192 0.948 >
2023-02-18 15:42:03 [02/18/23 15:42:03   34.12s]: 72000   5024       56         2391       898218     604666375  4496       6.67e-06   3.28e+04   9.83e+05   0.40       < 0.198 0.963 >
2023-02-18 15:42:35 [02/18/23 15:42:35   32.28s]: 74880   5632       62         1941       928820     604672021  3685       6.20e-06   1.73e+04   1.02e+06   0.42       < 0.193 0.958 >
2023-02-18 15:43:07 [02/18/23 15:43:07   32.36s]: 77760   5356       17         2175       965850     604675134  3853       6.03e-06   1.12e+04   1.06e+06   0.43       < 0.180 0.938 >
2023-02-18 15:43:37 [02/18/23 15:43:37   29.83s]: 80640   2921       67         1766       999895     604677453  3358       8.08e-06   4.09e+04   1.07e+06   0.45       < 0.171 0.916 >
2023-02-18 15:44:06 [02/18/23 15:44:06   28.96s]: 83520   7984       153        3308       1032348    604678637  4150       1.64e-05   5.04e+04   1.16e+06   0.46       < 0.167 0.946 >
2023-02-18 15:44:39 [02/18/23 15:44:39   33.12s]: 86400   5075       14         2152       1082526    604677603  4324       3.65e-06   9.68e+03   1.17e+06   0.48       < 0.197 0.959 >
2023-02-18 15:45:13 [02/18/23 15:45:13   33.31s]: 89280   5185       97         2035       1113002    604679060  3579       9.78e-06   2.93e+04   1.21e+06   0.50       < 0.193 0.963 >
2023-02-18 15:45:48 [02/18/23 15:45:48   35.51s]: 92160   5615       144        3131       1156782    604677920  4836       1.39e-05   5.91e+04   1.25e+06   0.52       < 0.217 0.948 >
2023-02-18 15:46:28 [02/18/23 15:46:28   40.21s]: 95040   5808       54         2450       1201654    604677115  4730       1.09e-05   3.57e+04   1.28e+06   0.54       < 0.233 0.937 >
2023-02-18 15:47:11 [02/18/23 15:47:11   42.32s]: 97920   4906       139        2593       1244665    604676565  4891       1.26e-05   4.19e+04   1.33e+06   0.56       < 0.228 0.949 >
2023-02-18 15:47:53 [02/18/23 15:47:53   42.52s]: 100800  7799       115        3694       1292126    604675447  5562       1.06e-05   4.05e+04   1.42e+06   0.58       < 0.247 0.960 >
2023-02-18 15:48:36 [02/18/23 15:48:36   43.13s]: 103680  4299       46         1626       1335708    604676816  3220       7.22e-06   2.86e+04   1.41e+06   0.60       < 0.232 0.959 >
2023-02-18 15:49:14 [02/18/23 15:49:14   37.65s]: 106560  8794       213        4095       1376439    604676577  5727       2.04e-05   9.07e+04   1.51e+06   0.62       < 0.214 0.951 >
2023-02-18 15:49:57 [02/18/23 15:49:57   42.80s]: 109440  5528       202        3119       1431470    604675141  5450       9.70e-06   5.10e+04   1.53e+06   0.64       < 0.248 0.950 >
2023-02-18 15:50:40 [02/18/23 15:50:40   43.61s]: 112320  10606      192        3062       1471137    604675844  4632       1.39e-05   6.21e+04   1.61e+06   0.66       < 0.243 0.965 >
2023-02-18 15:51:28 [02/18/23 15:51:28   47.54s]: 115200  7200       79         3579       1541470    604673402  6196       1.08e-05   4.09e+04   1.68e+06   0.69       < 0.271 0.967 >
2023-02-18 15:52:16 [02/18/23 15:52:16   47.69s]: 118080  6838       74         2473       1583591    604675009  4101       1.19e-05   4.62e+04   1.71e+06   0.71       < 0.255 0.950 >
2023-02-18 15:53:00 [02/18/23 15:53:00   44.68s]: 120960  6070       43         3146       1639738    604674104  5647       1.11e-05   5.59e+04   1.76e+06   0.73       < 0.230 0.960 >
2023-02-18 15:53:43 [02/18/23 15:53:43   43.19s]: 123840  7666       133        2798       1680776    604675292  4383       1.60e-05   7.20e+04   1.80e+06   0.75       < 0.244 0.958 >
2023-02-18 15:54:30 [02/18/23 15:54:30   46.96s]: 126720  7130       104        3037       1731522    604674409  5307       9.95e-06   4.09e+04   1.86e+06   0.77       < 0.258 0.969 >
2023-02-18 15:55:22 [02/18/23 15:55:22   51.26s]: 129600  11199      258        4850       1792886    604672349  6984       2.41e-05   9.66e+04   1.96e+06   0.80       < 0.287 0.974 >
2023-02-18 15:56:21 [02/18/23 15:56:21   59.18s]: 132480  9881       470        4558       1866790    604669834  7304       2.90e-05   1.73e+05   2.04e+06   0.84       < 0.321 0.973 >
2023-02-18 15:57:27 [02/18/23 15:57:27   66.62s]: 135360  12491      68         4876       1939609    604668801  7310       1.53e-05   4.99e+04   2.12e+06   0.87       < 0.324 0.959 >
2023-02-18 15:58:32 [02/18/23 15:58:32   64.25s]: 138240  11712      88         4749       2013466    604667501  7342       1.85e-05   5.72e+04   2.20e+06   0.90       < 0.348 0.964 >
2023-02-18 15:59:42 [02/18/23 15:59:42   70.67s]: 141120  10704      7          4856       2095168    604664809  9018       7.28e-06   2.14e+04   2.29e+06   0.94       < 0.370 0.966 >
2023-02-18 16:00:54 [02/18/23 16:00:54   71.62s]: 144000  10815      149        3816       2159035    604666080  6677       1.39e-05   4.89e+04   2.36e+06   0.97       < 0.385 0.960 >
2023-02-18 16:00:54 [02/18/23 16:00:54    0.10s]: 144004  10836      146        3820       2159123    604666076  6680       1.39e-05   4.91e+04   2.36e+06   0.97       < 0.385 0.961 >
2023-02-18 16:00:54  ---  main.cpp:generate tcells took  avg 0.03 s max 0.05 s balance 0.66  --- 
2023-02-18 16:00:54  ---  main.cpp:update circulating tcells took  avg 53.93 s max 57.43 s balance 0.94  --- 
2023-02-18 16:00:54  ---  main.cpp:update tcells took  avg 86.59 s max 95.67 s balance 0.91  --- 
2023-02-18 16:00:54  ---  main.cpp:update epicells took  avg 58.18 s max 60.10 s balance 0.97  --- 
2023-02-18 16:00:54  ---  main.cpp:update concentrations took  avg 339.27 s max 349.04 s balance 0.97  --- 
2023-02-18 16:00:54  ---  main.cpp:compute updates took  avg 971.13 s max 971.17 s balance 1.00  --- 
2023-02-18 16:00:54  ---  main.cpp:dispatch updates took  avg 405.75 s max 438.65 s balance 0.92  --- 
2023-02-18 16:00:54  ---  main.cpp:add new actives took  avg 25.35 s max 27.21 s balance 0.93  --- 
2023-02-18 16:00:54  ---  main.cpp:erase inactive took  avg 187.63 s max 192.12 s balance 0.98  --- 
2023-02-18 16:00:54  ---  main.cpp:sample took  avg 0.00 s max 0.00 s balance -nan  --- 
2023-02-18 16:00:54  ---  main.cpp:sample write took  avg 0.00 s max 0.00 s balance -nan  --- 
2023-02-18 16:00:54  ---  main.cpp:log took  avg 10.59 s max 10.67 s balance 0.99  --- 
2023-02-18 16:00:54 Finished 144005 time steps in 1685.7165 s (0.0117 s per step)
2023-02-18 16:00:54  --- Elapsed time for main.cpp:run_sim:  (exiting barrier) 2023-02-18 16:00:54 ...
2023-02-18 16:00:54           ... (min/my/avg/max, bal) (1685.72/1685.72/1685.72/1685.72 s, 1.00) barrier(0.00 s) --- 
2023-02-18 16:00:54 Peak memory used across all nodes: 22.89GB
2023-02-18 16:00:54 Finished in 1689.67 s at 02/18/23 16:00:54 for SimCov version 0.1.1.8024051-dirty
