2023-02-14 03:10:40 SimCov version SimCov version 0.1.1.9cc77ef-dirty-branching_airways_3min_model built on 20230204_191356
2023-02-14 03:10:40 _________________________
2023-02-14 03:10:40 Compiler definitions:
2023-02-14 03:10:40   _XOPEN_SOURCE=700
2023-02-14 03:10:40   CONFIG_USE_COLORS
2023-02-14 03:10:40   USE_BYTELL
2023-02-14 03:10:40   MAX_VIRIONS=125000
2023-02-14 03:10:40   MIN_VIRIONS=1e-10
2023-02-14 03:10:40   BLOCK_PARTITION
2023-02-14 03:10:40   MIN_BLOCKS_PER_PROC=1
2023-02-14 03:10:40   AVERAGE_SUBSAMPLE
2023-02-14 03:10:40 _________________________
2023-02-14 03:10:40 Options:
2023-02-14 03:10:40   dim =                         15000 15000 1
2023-02-14 03:10:40   whole-lung-dim =              48000 40000 20000
2023-02-14 03:10:40   timesteps =                   216005
2023-02-14 03:10:40   infection-coords =            uniform:1
2023-02-14 03:10:40   initial-infection =           1000
2023-02-14 03:10:40   incubation-period =           1200
2023-02-14 03:10:40   apoptosis-period =            180
2023-02-14 03:10:40   expressing-period =           900
2023-02-14 03:10:40   infectivity =                 0.1
2023-02-14 03:10:40   infectivity-multiplier =      1.0
2023-02-14 03:10:40   virion-production =           1.1
2023-02-14 03:10:40   virion-production-multiplier = 1.0
2023-02-14 03:10:40   virion-clearance =            0.004
2023-02-14 03:10:40   virion-diffusion =            0.15
2023-02-14 03:10:40   chemokine-production =        1.0
2023-02-14 03:10:40   chemokine-decay =             0.01
2023-02-14 03:10:40   chemokine-diffusion =         1.0
2023-02-14 03:10:40   min-chemokine =               1e-06
2023-02-14 03:10:40   antibody-factor =             1
2023-02-14 03:10:40   antibody-period =             5760
2023-02-14 03:10:40   tcell-generation-rate =       105000
2023-02-14 03:10:40   tcell-initial-delay =         10080
2023-02-14 03:10:40   tcell-vascular-period =       5760
2023-02-14 03:10:40   tcell-tissue-period =         1440
2023-02-14 03:10:40   tcell-binding-period =        10
2023-02-14 03:10:40   max-binding-prob =            1
2023-02-14 03:10:40   tcells-follow-gradient =      false
2023-02-14 03:10:40   seed =                        1
2023-02-14 03:10:40   sample-period =               0
2023-02-14 03:10:40   sample-resolution =           1
2023-02-14 03:10:40   max-block-dim =               10
2023-02-14 03:10:40   output =                      exp_results/per_1200_inf_0.1/init_1000/1
2023-02-14 03:10:40 _________________________
2023-02-14 03:10:40 Starting run with 64 processes on 2 nodes at 02/14/23 03:10:40
2023-02-14 03:10:40 Pinned processes, with process 0 (pid 3795825) pinned to core 0
2023-02-14 03:10:40 Using block partitioning
2023-02-14 03:10:40 Initial free memory across all nodes: 152.23GB
2023-02-14 03:10:40 Starting with 76.26GB free on node 0
2023-02-14 03:10:40 Dividing 225000000 grid points into 3515625 squares of size 64 (8^2), with 54932 per process
2023-02-14 03:10:40 Total initial memory required per process is at least 308.46MB with each grid point requiring on average 92 bytes
2023-02-14 03:10:43  --- Elapsed time for tissue.cpp:Tissue:  (exiting barrier) 2023-02-14 03:10:43 ...
2023-02-14 03:10:43           ... (min/my/avg/max, bal) (3.47/3.47/3.47/3.47 s, 1.00) barrier(0.00 s) --- 
2023-02-14 03:10:43 Memory used on node 0 after initialization is  11.74GB
2023-02-14 03:10:43           ... (min/my/avg/max, bal) No-Time barrier(0.00 s) --- 
2023-02-14 03:10:43 Fraction of circulating T cells extravasating is 5.85938e-06
2023-02-14 03:10:43 # datetime                    step    incb       expr       apop       dead       tvas       ttis       inflcell   inflallvirs%infct     <%active  lbln>
2023-02-14 03:10:43 [0] <main.cpp:145> WARNING: Time step 0: SUCCESSFUL initial infection at (7500, 7500, 0) after 0 tries
2023-02-14 03:10:43 [02/14/23 03:10:43    0.00s]: 0       1          0          0          0          0          0          0          0          0.00e+00   0.0000004444< 0.000 0.016 >
2023-02-14 03:10:46 [02/14/23 03:10:46    2.50s]: 4320    8135       3155       0          5379       0          0          43596      43596      9.52e+05   0.0074084444< 0.019 0.824 >
2023-02-14 03:10:53 [02/14/23 03:10:53    6.88s]: 8640    15524      9833       0          35619      0          0          107319     107319     2.55e+06   0.0271004444< 0.048 0.942 >
2023-02-14 03:11:07 [02/14/23 03:11:07   14.53s]: 12960   17095      8774       3097       105102     237943574  1146       199945     199945     3.02e+06   0.0595857778< 0.089 0.953 >
2023-02-14 03:11:33 [02/14/23 03:11:33   25.37s]: 17280   12717      915        3916       200729     431459558  3064       299503     299503     4.37e+05   0.0970120000< 0.125 0.974 >
2023-02-14 03:12:06 [02/14/23 03:12:06   33.74s]: 21600   6916       27         3169       289903     522861360  4140       391003     391003     3.28e+04   0.1333400000< 0.141 0.965 >
2023-02-14 03:12:38 [02/14/23 03:12:38   31.74s]: 25920   2450       7          813        329722     566036923  1514       431634     431634     3.26e+03   0.1479964444< 0.126 0.946 >
2023-02-14 03:13:08 [02/14/23 03:13:08   29.53s]: 30240   4589       102        2390       380152     586428755  3445       514275     514275     2.80e+04   0.1721035556< 0.133 0.952 >
2023-02-14 03:13:43 [02/14/23 03:13:43   35.62s]: 34560   4370       2          2082       436609     596059323  3671       592952     592952     7.51e+03   0.1969168889< 0.155 0.961 >
2023-02-14 03:14:20 [02/14/23 03:14:20   36.22s]: 38880   5744       64         2293       480143     600609713  3388       665650     665650     4.68e+04   0.2169973333< 0.153 0.961 >
2023-02-14 03:15:00 [02/14/23 03:15:00   40.33s]: 43200   4708       113        2053       542594     602757344  3412       747449     747449     3.02e+04   0.2442080000< 0.170 0.964 >
2023-02-14 03:15:41 [02/14/23 03:15:41   41.53s]: 47520   6134       34         2355       602393     603771989  3775       826221     826221     3.04e+04   0.2715182222< 0.176 0.957 >
2023-02-14 03:16:24 [02/14/23 03:16:24   42.83s]: 51840   5350       64         2357       659828     604250593  4309       897457     897457     4.60e+04   0.2967106667< 0.178 0.944 >
2023-02-14 03:17:11 [02/14/23 03:17:11   47.07s]: 56160   5186       9          2237       717237     604476613  4006       973836     973836     2.10e+04   0.3220751111< 0.199 0.941 >
2023-02-14 03:17:59 [02/14/23 03:17:59   47.77s]: 60480   6935       83         3234       771253     604582965  4950       1051941    1051941    5.07e+04   0.3473355556< 0.192 0.940 >
2023-02-14 03:18:52 [02/14/23 03:18:52   52.75s]: 64800   7231       313        3557       838635     604632552  4840       1154173    1154173    8.58e+04   0.3776604444< 0.214 0.958 >
2023-02-14 03:19:50 [02/14/23 03:19:50   57.72s]: 69120   5711       51         2631       911271     604655236  4989       1253430    1253430    2.66e+04   0.4087395556< 0.223 0.937 >
2023-02-14 03:20:49 [02/14/23 03:20:49   59.92s]: 73440   6188       178        2929       974098     604665936  5301       1337009    1337009    7.68e+04   0.4370635556< 0.230 0.949 >
2023-02-14 03:21:52 [02/14/23 03:21:52   62.35s]: 77760   8985       32         3289       1047105    604671015  4594       1430838    1430838    3.51e+04   0.4708493333< 0.243 0.947 >
2023-02-14 03:22:58 [02/14/23 03:22:58   66.22s]: 82080   4881       27         2648       1128327    604672519  4921       1502316    1502316    2.66e+04   0.5048368889< 0.256 0.958 >
2023-02-14 03:24:06 [02/14/23 03:24:06   67.57s]: 86400   9511       216        4359       1199417    604673000  6407       1616431    1616431    7.29e+04   0.5393346667< 0.252 0.957 >
2023-02-14 03:25:22 [02/14/23 03:25:22   76.40s]: 90720   8480       175        3346       1279440    604673118  4693       1714683    1714683    7.10e+04   0.5739737778< 0.283 0.944 >
2023-02-14 03:26:44 [02/14/23 03:26:44   82.34s]: 95040   6762       76         2961       1368184    604671643  5600       1823577    1823577    1.96e+04   0.6124368889< 0.296 0.960 >
2023-02-14 03:28:00 [02/14/23 03:28:00   76.07s]: 99360   10566      94         3968       1443228    604672529  5833       1932715    1932715    4.12e+04   0.6479360000< 0.266 0.961 >
2023-02-14 03:29:27 [02/14/23 03:29:27   86.64s]: 103680  5541       17         2632       1551429    604669422  6167       2044813    2044813    1.61e+04   0.6931640000< 0.309 0.972 >
2023-02-14 03:30:50 [02/14/23 03:30:50   83.23s]: 108000  13060      183        5071       1623329    604671190  6669       2159783    2159783    7.03e+04   0.7296191111< 0.287 0.949 >
2023-02-14 03:32:18 [02/14/23 03:32:18   87.31s]: 112320  8450       22         2832       1725782    604670474  5447       2281043    2281043    1.49e+04   0.7720382222< 0.313 0.955 >
2023-02-14 03:33:51 [02/14/23 03:33:51   93.12s]: 116640  11016      55         4749       1834023    604667323  8104       2422370    2422370    4.81e+04   0.8221524444< 0.340 0.960 >
2023-02-14 03:35:34 [02/14/23 03:35:34  102.96s]: 120960  9183       104        3520       1931781    604666979  6684       2540024    2540024    5.55e+04   0.8642613333< 0.360 0.963 >
2023-02-14 03:37:24 [02/14/23 03:37:24  110.15s]: 125280  12590      72         5704       2048261    604664333  8834       2694057    2694057    6.77e+04   0.9185008889< 0.406 0.966 >
2023-02-14 03:39:23 [02/14/23 03:39:23  118.86s]: 129600  11969      247        5352       2161227    604664211  8124       2834781    2834781    6.51e+04   0.9683533333< 0.409 0.965 >
2023-02-14 03:41:25 [02/14/23 03:41:25  121.98s]: 133920  13024      80         5459       2292317    604661967  8301       3004783    3004783    5.77e+04   1.0270577778< 0.425 0.964 >
2023-02-14 03:43:33 [02/14/23 03:43:33  128.52s]: 138240  14162      212        5750       2422103    604659670  9690       3167440    3167440    8.54e+04   1.0854342222< 0.445 0.975 >
2023-02-14 03:45:53 [02/14/23 03:45:53  139.72s]: 142560  15899      166        7276       2582941    604656046  11257      3364047    3364047    8.80e+04   1.1583475556< 0.477 0.967 >
2023-02-14 03:48:20 [02/14/23 03:48:20  147.29s]: 146880  7977       103        4236       2720887    604656411  8747       3509301    3509301    5.64e+04   1.2147568889< 0.494 0.963 >
2023-02-14 03:50:48 [02/14/23 03:50:48  148.12s]: 151200  19128      439        9204       2869210    604653920  13514      3716929    3716929    1.78e+05   1.2879915556< 0.501 0.954 >
2023-02-14 03:53:36 [02/14/23 03:53:36  167.26s]: 155520  17644      150        6345       3019143    604653526  10418      3877692    3877692    9.85e+04   1.3525697778< 0.524 0.973 >
2023-02-14 03:56:18 [02/14/23 03:56:18  162.41s]: 159840  14846      206        5960       3177216    604652505  10806      4057497    4057497    1.37e+05   1.4214346667< 0.513 0.976 >
2023-02-14 03:59:04 [02/14/23 03:59:04  166.15s]: 164160  15853      313        6613       3328417    604652941  10373      4247414    4247414    9.97e+04   1.4894204444< 0.519 0.980 >
2023-02-14 04:01:56 [02/14/23 04:01:56  171.55s]: 168480  16619      137        6894       3504263    604650394  12260      4461361    4461361    1.04e+05   1.5679613333< 0.542 0.977 >
2023-02-14 04:04:51 [02/14/23 04:04:51  174.88s]: 172800  13000      139        6177       3660926    604650424  11227      4654684    4654684    6.66e+04   1.6356631111< 0.542 0.975 >
2023-02-14 04:07:48 [02/14/23 04:07:48  177.37s]: 177120  18940      241        6607       3809283    604652315  9440       4855610    4855610    7.34e+04   1.7044760000< 0.530 0.969 >
2023-02-14 04:10:48 [02/14/23 04:10:48  179.79s]: 181440  12785      377        6414       4006922    604647490  12761      5085361    5085361    1.17e+05   1.7895546667< 0.590 0.968 >
2023-02-14 04:13:52 [02/14/23 04:13:52  184.59s]: 185760  20041      278        8276       4157593    604649260  12114      5303254    5303254    1.34e+05   1.8605280000< 0.567 0.966 >
2023-02-14 04:17:04 [02/14/23 04:17:04  191.69s]: 190080  16448      135        6653       4352175    604646055  12366      5532834    5532834    9.10e+04   1.9446271111< 0.611 0.976 >
2023-02-14 04:20:30 [02/14/23 04:20:30  205.78s]: 194400  21219      449        8952       4558206    604642045  15074      5813796    5813796    1.56e+05   2.0394782222< 0.660 0.971 >
2023-02-14 04:24:15 [02/14/23 04:24:15  224.86s]: 198720  22697      504        9387       4768604    604638790  15088      6069891    6069891    2.16e+05   2.1338631111< 0.713 0.965 >
2023-02-14 04:28:09 [02/14/23 04:28:09  233.87s]: 203040  19702      315        9509       4999739    604635644  16125      6347656    6347656    1.55e+05   2.2352288889< 0.725 0.978 >
2023-02-14 04:32:00 [02/14/23 04:32:00  231.90s]: 207360  23019      240        9245       5203709    604636595  14850      6602309    6602309    9.64e+04   2.3272057778< 0.720 0.974 >
2023-02-14 04:36:00 [02/14/23 04:36:00  239.97s]: 211680  19137      396        7858       5415987    604635910  14799      6826278    6826278    1.59e+05   2.4192791111< 0.746 0.970 >
2023-02-14 04:40:07 [02/14/23 04:40:07  246.63s]: 216000  23794      395        11206      5649838    604632190  18463      7127922    7127922    1.60e+05   2.5267702222< 0.781 0.974 >
2023-02-14 04:40:07 [02/14/23 04:40:07    0.24s]: 216004  23762      404        11171      5650109    604632203  18462      7128126    7128126    1.61e+05   2.5268648889< 0.781 0.974 >
2023-02-14 04:40:07  ---  main.cpp:generate tcells took  avg 0.06 s max 0.08 s balance 0.76  --- 
2023-02-14 04:40:07  ---  main.cpp:update circulating tcells took  avg 84.29 s max 88.34 s balance 0.95  --- 
2023-02-14 04:40:07  ---  main.cpp:update tcells took  avg 253.32 s max 284.18 s balance 0.89  --- 
2023-02-14 04:40:07  ---  main.cpp:update epicells took  avg 158.36 s max 161.61 s balance 0.98  --- 
2023-02-14 04:40:07  ---  main.cpp:update concentrations took  avg 1201.76 s max 1243.96 s balance 0.97  --- 
2023-02-14 04:40:07  ---  main.cpp:compute updates took  avg 3059.68 s max 3059.73 s balance 1.00  --- 
2023-02-14 04:40:07  ---  main.cpp:dispatch updates took  avg 1302.75 s max 1442.84 s balance 0.90  --- 
2023-02-14 04:40:07  ---  main.cpp:add new actives took  avg 68.96 s max 70.62 s balance 0.98  --- 
2023-02-14 04:40:07  ---  main.cpp:erase inactive took  avg 604.73 s max 670.99 s balance 0.90  --- 
2023-02-14 04:40:07  ---  main.cpp:sample took  avg 0.00 s max 0.00 s balance -nan  --- 
2023-02-14 04:40:07  ---  main.cpp:sample write took  avg 0.00 s max 0.00 s balance -nan  --- 
2023-02-14 04:40:07  ---  main.cpp:log took  avg 17.38 s max 17.52 s balance 0.99  --- 
2023-02-14 04:40:07 Finished 216005 time steps in 5363.8447 s (0.0248 s per step)
2023-02-14 04:40:07  --- Elapsed time for main.cpp:run_sim:  (exiting barrier) 2023-02-14 04:40:07 ...
2023-02-14 04:40:07           ... (min/my/avg/max, bal) (5363.84/5363.85/5363.85/5363.85 s, 1.00) barrier(0.00 s) --- 
2023-02-14 04:40:07 Peak memory used across all nodes: 24.67GB
2023-02-14 04:40:07 Finished in 5367.60 s at 02/14/23 04:40:07 for SimCov version 0.1.1.9cc77ef-dirty
