2023-02-14 01:50:20 SimCov version SimCov version 0.1.1.9cc77ef-dirty-branching_airways_3min_model built on 20230204_191356
2023-02-14 01:50:20 _________________________
2023-02-14 01:50:20 Compiler definitions:
2023-02-14 01:50:20   _XOPEN_SOURCE=700
2023-02-14 01:50:20   CONFIG_USE_COLORS
2023-02-14 01:50:20   USE_BYTELL
2023-02-14 01:50:20   MAX_VIRIONS=125000
2023-02-14 01:50:20   MIN_VIRIONS=1e-10
2023-02-14 01:50:20   BLOCK_PARTITION
2023-02-14 01:50:20   MIN_BLOCKS_PER_PROC=1
2023-02-14 01:50:20   AVERAGE_SUBSAMPLE
2023-02-14 01:50:20 _________________________
2023-02-14 01:50:20 Options:
2023-02-14 01:50:20   dim =                         15000 15000 1
2023-02-14 01:50:20   whole-lung-dim =              48000 40000 20000
2023-02-14 01:50:20   timesteps =                   216005
2023-02-14 01:50:20   infection-coords =            uniform:1
2023-02-14 01:50:20   initial-infection =           999
2023-02-14 01:50:20   incubation-period =           1200
2023-02-14 01:50:20   apoptosis-period =            180
2023-02-14 01:50:20   expressing-period =           900
2023-02-14 01:50:20   infectivity =                 0.1
2023-02-14 01:50:20   infectivity-multiplier =      1.0
2023-02-14 01:50:20   virion-production =           1.1
2023-02-14 01:50:20   virion-production-multiplier = 1.0
2023-02-14 01:50:20   virion-clearance =            0.004
2023-02-14 01:50:20   virion-diffusion =            0.15
2023-02-14 01:50:20   chemokine-production =        1.0
2023-02-14 01:50:20   chemokine-decay =             0.01
2023-02-14 01:50:20   chemokine-diffusion =         1.0
2023-02-14 01:50:20   min-chemokine =               1e-06
2023-02-14 01:50:20   antibody-factor =             1
2023-02-14 01:50:20   antibody-period =             5760
2023-02-14 01:50:20   tcell-generation-rate =       105000
2023-02-14 01:50:20   tcell-initial-delay =         10080
2023-02-14 01:50:20   tcell-vascular-period =       5760
2023-02-14 01:50:20   tcell-tissue-period =         1440
2023-02-14 01:50:20   tcell-binding-period =        10
2023-02-14 01:50:20   max-binding-prob =            1
2023-02-14 01:50:20   tcells-follow-gradient =      false
2023-02-14 01:50:20   seed =                        5
2023-02-14 01:50:20   sample-period =               0
2023-02-14 01:50:20   sample-resolution =           1
2023-02-14 01:50:20   max-block-dim =               10
2023-02-14 01:50:20   output =                      exp_results/per_1200_inf_0.1/init_999/5
2023-02-14 01:50:20 _________________________
2023-02-14 01:50:20 Starting run with 64 processes on 2 nodes at 02/14/23 01:50:20
2023-02-14 01:50:20 Pinned processes, with process 0 (pid 3793384) pinned to core 0
2023-02-14 01:50:20 Using block partitioning
2023-02-14 01:50:20 Initial free memory across all nodes: 152.24GB
2023-02-14 01:50:20 Starting with 76.27GB free on node 0
2023-02-14 01:50:20 Dividing 225000000 grid points into 3515625 squares of size 64 (8^2), with 54932 per process
2023-02-14 01:50:20 Total initial memory required per process is at least 308.46MB with each grid point requiring on average 92 bytes
2023-02-14 01:50:23  --- Elapsed time for tissue.cpp:Tissue:  (exiting barrier) 2023-02-14 01:50:23 ...
2023-02-14 01:50:23           ... (min/my/avg/max, bal) (3.42/3.42/3.42/3.42 s, 1.00) barrier(0.00 s) --- 
2023-02-14 01:50:23 Memory used on node 0 after initialization is  11.74GB
2023-02-14 01:50:23           ... (min/my/avg/max, bal) No-Time barrier(0.00 s) --- 
2023-02-14 01:50:23 Fraction of circulating T cells extravasating is 5.85938e-06
2023-02-14 01:50:23 # datetime                    step    incb       expr       apop       dead       tvas       ttis       inflcell   inflallvirs%infct     <%active  lbln>
2023-02-14 01:50:23 [0] <main.cpp:145> WARNING: Time step 0: SUCCESSFUL initial infection at (7500, 7500, 0) after 0 tries
2023-02-14 01:50:23 [02/14/23 01:50:23    0.00s]: 0       1          0          0          0          0          0          0          0          0.00e+00   0.0000004444< 0.000 0.016 >
2023-02-14 01:50:26 [02/14/23 01:50:26    2.50s]: 4320    8312       3184       0          5456       0          0          44102      44102      9.79e+05   0.0075342222< 0.020 0.837 >
2023-02-14 01:50:33 [02/14/23 01:50:33    6.94s]: 8640    15921      9345       0          36600      0          0          108213     108213     2.50e+06   0.0274960000< 0.048 0.943 >
2023-02-14 01:50:47 [02/14/23 01:50:47   14.19s]: 12960   17116      8199       2808       106019     237943612  1154       199416     199416     2.77e+06   0.0596186667< 0.089 0.952 >
2023-02-14 01:51:12 [02/14/23 01:51:12   24.99s]: 17280   12273      580        3788       202324     431459323  3214       299818     299818     3.39e+05   0.0973177778< 0.125 0.976 >
2023-02-14 01:51:46 [02/14/23 01:51:46   33.76s]: 21600   6880       72         3160       289359     522861297  4025       390019     390019     6.48e+04   0.1330982222< 0.140 0.959 >
2023-02-14 01:52:20 [02/14/23 01:52:20   34.70s]: 25920   2030       7          995        335997     566035911  2088       437148     437148     3.96e+03   0.1506795556< 0.128 0.940 >
2023-02-14 01:52:48 [02/14/23 01:52:48   27.52s]: 30240   5352       227        2347       377200     586429276  3261       513436     513436     1.08e+05   0.1711671111< 0.121 0.915 >
2023-02-14 01:53:21 [02/14/23 01:53:21   32.88s]: 34560   2345       42         1488       428300     596060979  2895       575993     575993     1.43e+04   0.1920777778< 0.140 0.928 >
2023-02-14 01:53:54 [02/14/23 01:53:54   33.12s]: 38880   7815       47         3033       474011     600609782  4066       663237     663237     6.62e+04   0.2155137778< 0.152 0.962 >
2023-02-14 01:54:33 [02/14/23 01:54:33   39.05s]: 43200   5003       13         1676       526051     602758520  2548       731314     731314     2.33e+04   0.2367746667< 0.162 0.945 >
2023-02-14 01:55:13 [02/14/23 01:55:13   39.59s]: 47520   5935       76         2645       583173     603772314  3981       821203     821203     6.00e+04   0.2630351111< 0.177 0.942 >
2023-02-14 01:55:59 [02/14/23 01:55:59   46.05s]: 51840   5610       27         2654       646964     604249913  4382       911544     911544     1.25e+04   0.2912244444< 0.198 0.967 >
2023-02-14 01:56:51 [02/14/23 01:56:51   52.19s]: 56160   5577       115        2537       707054     604475630  4552       994524     994524     3.76e+04   0.3179035556< 0.214 0.968 >
2023-02-14 01:57:48 [02/14/23 01:57:48   56.93s]: 60480   7192       185        3025       775624     604580703  5289       1094550    1094550    6.88e+04   0.3493448889< 0.222 0.961 >
2023-02-14 01:58:49 [02/14/23 01:58:49   61.22s]: 64800   7333       158        3047       846843     604630388  5093       1186856    1186856    6.34e+04   0.3810582222< 0.235 0.964 >
2023-02-14 01:59:51 [02/14/23 01:59:51   61.67s]: 69120   5404       27         2595       917653     604654162  4626       1272136    1272136    1.40e+04   0.4114128889< 0.236 0.945 >
2023-02-14 02:00:52 [02/14/23 02:00:52   61.56s]: 73440   7064       102        3041       982900     604665474  4621       1369345    1369345    2.91e+04   0.4413808889< 0.228 0.948 >
2023-02-14 02:01:55 [02/14/23 02:01:55   62.34s]: 77760   8067       176        3618       1065099    604669702  5949       1478596    1478596    9.71e+04   0.4786488889< 0.243 0.962 >
2023-02-14 02:03:01 [02/14/23 02:03:01   65.99s]: 82080   6006       170        3114       1139880    604672254  5201       1576839    1576839    5.56e+04   0.5107422222< 0.243 0.957 >
2023-02-14 02:04:09 [02/14/23 02:04:09   67.95s]: 86400   10712      197        4779       1216260    604672581  6357       1698207    1698207    1.45e+05   0.5475324444< 0.268 0.954 >
2023-02-14 02:05:35 [02/14/23 02:05:35   86.59s]: 90720   7542       106        3726       1321580    604669880  6453       1815037    1815037    4.01e+04   0.5924240000< 0.316 0.958 >
2023-02-14 02:07:01 [02/14/23 02:07:01   86.04s]: 95040   9460       166        3938       1399275    604670977  6044       1911025    1911025    5.06e+04   0.6279284444< 0.283 0.956 >
2023-02-14 02:08:25 [02/14/23 02:08:25   83.95s]: 99360   6340       99         2860       1474908    604672138  5186       2002153    2002153    2.42e+04   0.6596475556< 0.294 0.971 >
2023-02-14 02:09:49 [02/14/23 02:09:49   83.58s]: 103680  9292       52         4046       1555597    604671834  6021       2115693    2115693    4.60e+04   0.6973275556< 0.297 0.963 >
2023-02-14 02:11:17 [02/14/23 02:11:17   87.80s]: 108000  11253      112        4498       1643741    604670708  6529       2228384    2228384    6.95e+04   0.7376017778< 0.320 0.961 >
2023-02-14 02:12:51 [02/14/23 02:12:51   94.50s]: 112320  10686      85         4695       1754628    604668441  7276       2365580    2365580    3.67e+04   0.7867084444< 0.323 0.971 >
2023-02-14 02:14:23 [02/14/23 02:14:23   92.42s]: 116640  12955      116        4657       1854168    604668217  7129       2499261    2499261    8.41e+04   0.8319537778< 0.327 0.954 >
2023-02-14 02:16:05 [02/14/23 02:16:05  101.59s]: 120960  9447       155        4058       1971728    604666328  6495       2635093    2635093    3.13e+04   0.8823946667< 0.369 0.973 >
2023-02-14 02:17:54 [02/14/23 02:17:54  108.61s]: 125280  12483      58         6043       2111892    604661863  9834       2811462    2811462    4.97e+04   0.9468782222< 0.392 0.968 >
2023-02-14 02:19:46 [02/14/23 02:19:46  112.34s]: 129600  12489      48         4070       2209634    604664763  6865       2913954    2913954    3.75e+04   0.9894404444< 0.376 0.971 >
2023-02-14 02:21:49 [02/14/23 02:21:49  122.70s]: 133920  9429       49         4727       2357019    604660386  8803       3079260    3079260    3.85e+04   1.0538773333< 0.440 0.967 >
2023-02-14 02:24:03 [02/14/23 02:24:03  134.09s]: 138240  13282      87         6467       2491393    604657781  10390      3259728    3259728    6.79e+04   1.1161017778< 0.458 0.966 >
2023-02-14 02:26:16 [02/14/23 02:26:16  133.15s]: 142560  9953       246        4601       2599311    604660542  7880       3366492    3366492    8.14e+04   1.1618271111< 0.434 0.972 >
2023-02-14 02:28:23 [02/14/23 02:28:23  127.31s]: 146880  11801      156        5412       2730284    604659949  9153       3543358    3543358    1.03e+05   1.2211791111< 0.425 0.972 >
2023-02-14 02:30:23 [02/14/23 02:30:23  119.73s]: 151200  11915      113        4393       2833528    604662953  7456       3666936    3666936    6.86e+04   1.2666440000< 0.385 0.969 >
2023-02-14 02:32:16 [02/14/23 02:32:16  113.45s]: 155520  12471      95         5955       2958147    604662203  9028       3820791    3820791    6.66e+04   1.3229635556< 0.380 0.955 >
2023-02-14 02:34:14 [02/14/23 02:34:14  117.19s]: 159840  11345      81         4607       3076716    604662978  7438       3969934    3969934    3.00e+04   1.3745551111< 0.386 0.961 >
2023-02-14 02:36:12 [02/14/23 02:36:12  118.61s]: 164160  12588      282        5996       3208291    604661079  9455       4149089    4149089    1.47e+05   1.4342920000< 0.414 0.972 >
2023-02-14 02:38:19 [02/14/23 02:38:19  126.59s]: 168480  10918      59         4733       3341125    604660765  8344       4300412    4300412    4.52e+04   1.4919266667< 0.411 0.968 >
2023-02-14 02:40:30 [02/14/23 02:40:30  131.15s]: 172800  17694      353        7168       3481129    604657517  11215      4493970    4493970    1.43e+05   1.5583751111< 0.464 0.967 >
2023-02-14 02:43:02 [02/14/23 02:43:02  152.34s]: 177120  15591      176        6084       3634745    604654931  10118      4688524    4688524    1.03e+05   1.6251537778< 0.517 0.971 >
2023-02-14 02:45:48 [02/14/23 02:45:48  166.01s]: 181440  12532      87         6373       3808790    604650834  11821      4903125    4903125    7.38e+04   1.7012364444< 0.550 0.976 >
2023-02-14 02:48:39 [02/14/23 02:48:39  170.20s]: 185760  15237      246        6864       3954817    604650934  11384      5086293    5086293    9.79e+04   1.7676284444< 0.534 0.974 >
2023-02-14 02:51:29 [02/14/23 02:51:29  170.39s]: 190080  14688      158        6400       4113670    604651056  10810      5289812    5289812    8.50e+04   1.8377404444< 0.537 0.965 >
2023-02-14 02:54:23 [02/14/23 02:54:23  173.86s]: 194400  15983      127        7100       4281590    604649801  11624      5507195    5507195    8.69e+04   1.9132444444< 0.556 0.967 >
2023-02-14 02:57:27 [02/14/23 02:57:27  184.01s]: 198720  13399      106        6055       4462985    604647827  11411      5731888    5731888    5.28e+04   1.9922422222< 0.584 0.976 >
2023-02-14 03:00:30 [02/14/23 03:00:30  183.45s]: 203040  20815      281        8405       4624253    604648114  12712      5945394    5945394    1.35e+05   2.0683351111< 0.568 0.973 >
2023-02-14 03:03:38 [02/14/23 03:03:38  188.14s]: 207360  17060      84         6309       4800593    604647993  10701      6159427    6159427    4.23e+04   2.1440204444< 0.605 0.970 >
2023-02-14 03:06:49 [02/14/23 03:06:49  191.10s]: 211680  20931      221        9701       4992301    604644546  14888      6397421    6397421    1.14e+05   2.2325128889< 0.615 0.975 >
2023-02-14 03:10:13 [02/14/23 03:10:13  203.05s]: 216000  20909      238        8233       5180316    604643977  13409      6613208    6613208    1.29e+05   2.3154204444< 0.640 0.963 >
2023-02-14 03:10:13 [02/14/23 03:10:13    0.19s]: 216004  20932      237        8240       5180493    604643984  13429      6613456    6613456    1.29e+05   2.3155120000< 0.640 0.963 >
2023-02-14 03:10:13  ---  main.cpp:generate tcells took  avg 0.06 s max 0.08 s balance 0.76  --- 
2023-02-14 03:10:13  ---  main.cpp:update circulating tcells took  avg 83.56 s max 89.06 s balance 0.94  --- 
2023-02-14 03:10:13  ---  main.cpp:update tcells took  avg 229.29 s max 249.49 s balance 0.92  --- 
2023-02-14 03:10:13  ---  main.cpp:update epicells took  avg 145.05 s max 147.56 s balance 0.98  --- 
2023-02-14 03:10:13  ---  main.cpp:update concentrations took  avg 1042.33 s max 1106.30 s balance 0.94  --- 
2023-02-14 03:10:13  ---  main.cpp:compute updates took  avg 2723.15 s max 2723.22 s balance 1.00  --- 
2023-02-14 03:10:13  ---  main.cpp:dispatch updates took  avg 1166.64 s max 1280.33 s balance 0.91  --- 
2023-02-14 03:10:13  ---  main.cpp:add new actives took  avg 68.47 s max 69.88 s balance 0.98  --- 
2023-02-14 03:10:13  ---  main.cpp:erase inactive took  avg 549.72 s max 596.60 s balance 0.92  --- 
2023-02-14 03:10:13  ---  main.cpp:sample took  avg 0.00 s max 0.00 s balance -nan  --- 
2023-02-14 03:10:13  ---  main.cpp:sample write took  avg 0.00 s max 0.00 s balance -nan  --- 
2023-02-14 03:10:13  ---  main.cpp:log took  avg 16.80 s max 16.92 s balance 0.99  --- 
2023-02-14 03:10:13 Finished 216005 time steps in 4789.3556 s (0.0222 s per step)
2023-02-14 03:10:13  --- Elapsed time for main.cpp:run_sim:  (exiting barrier) 2023-02-14 03:10:13 ...
2023-02-14 03:10:13           ... (min/my/avg/max, bal) (4789.36/4789.36/4789.36/4789.36 s, 1.00) barrier(0.00 s) --- 
2023-02-14 03:10:13 Peak memory used across all nodes: 24.61GB
2023-02-14 03:10:13 Finished in 4792.89 s at 02/14/23 03:10:13 for SimCov version 0.1.1.9cc77ef-dirty
