2023-02-18 14:58:13 SimCov version SimCov version 0.1.1.8024051-dirty-master built on 20230216_082905
2023-02-18 14:58:13 _________________________
2023-02-18 14:58:13 Compiler definitions:
2023-02-18 14:58:13   _XOPEN_SOURCE=700
2023-02-18 14:58:13   CONFIG_USE_COLORS
2023-02-18 14:58:13   USE_BYTELL
2023-02-18 14:58:13   MAX_VIRIONS=125000
2023-02-18 14:58:13   MIN_VIRIONS=1e-10
2023-02-18 14:58:13   BLOCK_PARTITION
2023-02-18 14:58:13   MIN_BLOCKS_PER_PROC=1
2023-02-18 14:58:13   AVERAGE_SUBSAMPLE
2023-02-18 14:58:13 _________________________
2023-02-18 14:58:13 Options:
2023-02-18 14:58:13   dim =                         15000 15000 1
2023-02-18 14:58:13   whole-lung-dim =              48000 40000 20000
2023-02-18 14:58:13   timesteps =                   144005
2023-02-18 14:58:13   infection-coords =            uniform:1
2023-02-18 14:58:13   initial-infection =           999
2023-02-18 14:58:13   incubation-period =           1200
2023-02-18 14:58:13   apoptosis-period =            180
2023-02-18 14:58:13   expressing-period =           900
2023-02-18 14:58:13   infectivity =                 0.1
2023-02-18 14:58:13   infectivity-multiplier =      1.0
2023-02-18 14:58:13   virion-production =           1.1
2023-02-18 14:58:13   virion-production-multiplier = 1.0
2023-02-18 14:58:13   virion-clearance =            0.004
2023-02-18 14:58:13   virion-diffusion =            0.15
2023-02-18 14:58:13   chemokine-production =        1.0
2023-02-18 14:58:13   chemokine-decay =             0.01
2023-02-18 14:58:13   chemokine-diffusion =         1.0
2023-02-18 14:58:13   min-chemokine =               1e-06
2023-02-18 14:58:13   antibody-factor =             1
2023-02-18 14:58:13   antibody-period =             5760
2023-02-18 14:58:13   tcell-generation-rate =       105000
2023-02-18 14:58:13   tcell-initial-delay =         10080
2023-02-18 14:58:13   tcell-vascular-period =       5760
2023-02-18 14:58:13   tcell-tissue-period =         1440
2023-02-18 14:58:13   tcell-binding-period =        10
2023-02-18 14:58:13   max-binding-prob =            1
2023-02-18 14:58:13   tcells-follow-gradient =      false
2023-02-18 14:58:13   seed =                        5
2023-02-18 14:58:13   sample-period =               0
2023-02-18 14:58:13   sample-resolution =           1
2023-02-18 14:58:13   max-block-dim =               10
2023-02-18 14:58:13   output =                      exp_results/per_1200_inf_0.1/init_999/5
2023-02-18 14:58:13 _________________________
2023-02-18 14:58:13 Starting run with 64 processes on 2 nodes at 02/18/23 14:58:13
2023-02-18 14:58:13 Pinned processes, with process 0 (pid 24637) pinned to core 0
2023-02-18 14:58:13 Using block partitioning
2023-02-18 14:58:13 Initial free memory across all nodes: 151.55GB
2023-02-18 14:58:13 Starting with 76.87GB free on node 0
2023-02-18 14:58:13 Dividing 225000000 grid points into 3515625 squares of size 64 (8^2), with 54932 per process
2023-02-18 14:58:13 Total initial memory required per process is at least 281.63MB with each grid point requiring on average 84 bytes
2023-02-18 14:58:16  --- Elapsed time for tissue.cpp:Tissue:  (exiting barrier) 2023-02-18 14:58:16 ...
2023-02-18 14:58:16           ... (min/my/avg/max, bal) (3.61/3.61/3.61/3.61 s, 1.00) barrier(0.00 s) --- 
2023-02-18 14:58:16 Memory used on node 0 after initialization is  10.89GB
2023-02-18 14:58:16           ... (min/my/avg/max, bal) No-Time barrier(0.00 s) --- 
2023-02-18 14:58:16 Fraction of circulating T cells extravasating is 5.85938e-06
2023-02-18 14:58:16 # datetime                    step    incb       expr       apop       dead       tvas       ttis       chem       virs       chempts    %infct     <%active  lbln>
2023-02-18 14:58:16 [0] <main.cpp:141> WARNING: Time step 0: SUCCESSFUL initial infection at (7500, 7500, 0) after 0 tries
2023-02-18 14:58:16 [02/18/23 14:58:16    0.00s]: 0       1          0          0          0          0          0          0.00e+00   0.00e+00   1.00e+00   0.00       < 0.000 0.016 >
2023-02-18 14:58:17 [02/18/23 14:58:17    1.30s]: 2880    5208       1729       0          1112       0          0          1.80e-05   2.89e+05   2.74e+04   0.00       < 0.012 0.802 >
2023-02-18 14:58:21 [02/18/23 14:58:21    3.15s]: 5760    9575       7057       0          12011      0          0          6.59e-05   1.87e+06   6.22e+04   0.01       < 0.028 0.887 >
2023-02-18 14:58:26 [02/18/23 14:58:26    5.51s]: 8640    16738      9117       0          37287      0          0          9.67e-05   2.44e+06   1.10e+05   0.03       < 0.049 0.935 >
2023-02-18 14:58:35 [02/18/23 14:58:35    8.95s]: 11520   19503      13683      1091       75418      133767951  371        1.43e-04   3.77e+06   1.70e+05   0.05       < 0.076 0.931 >
2023-02-18 14:58:49 [02/18/23 14:58:49   13.49s]: 14400   15019      4053       3871       141829     319072952  1938       1.31e-04   1.65e+06   2.37e+05   0.07       < 0.104 0.970 >
2023-02-18 14:59:07 [02/18/23 14:59:07   18.49s]: 17280   12711      859        3942       204976     431459429  3200       7.35e-05   4.09e+05   3.05e+05   0.10       < 0.127 0.973 >
2023-02-18 14:59:29 [02/18/23 14:59:29   21.77s]: 20160   8202       152        3511       265993     499620916  3926       2.40e-05   7.73e+04   3.64e+05   0.12       < 0.139 0.958 >
2023-02-18 14:59:52 [02/18/23 14:59:52   22.91s]: 23040   3625       22         1648       309129     540961590  3379       5.33e-06   9.66e+03   3.77e+05   0.14       < 0.139 0.951 >
2023-02-18 15:00:13 [02/18/23 15:00:13   21.10s]: 25920   4340       20         1516       332827     566036567  2581       5.22e-06   2.49e+04   4.04e+05   0.15       < 0.128 0.937 >
2023-02-18 15:00:32 [02/18/23 15:00:32   19.47s]: 28800   3219       29         1480       360077     581244676  2514       8.96e-06   1.70e+04   4.26e+05   0.16       < 0.119 0.937 >
2023-02-18 15:00:50 [02/18/23 15:00:50   17.86s]: 31680   2632       3          1011       381150     590469120  1879       1.43e-06   2.58e+03   4.22e+05   0.17       < 0.113 0.951 >
2023-02-18 15:01:07 [02/18/23 15:01:07   17.21s]: 34560   4485       42         1875       402353     596063453  2513       9.80e-06   3.45e+04   4.88e+05   0.18       < 0.106 0.909 >
2023-02-18 15:01:26 [02/18/23 15:01:26   18.41s]: 37440   2281       8          1046       427530     599456362  2041       3.04e-06   5.10e+03   4.66e+05   0.19       < 0.123 0.943 >
2023-02-18 15:01:45 [02/18/23 15:01:45   19.45s]: 40320   4622       12         2074       450881     601513427  3028       6.95e-06   2.69e+04   5.37e+05   0.20       < 0.128 0.957 >
2023-02-18 15:02:07 [02/18/23 15:02:07   21.88s]: 43200   3905       7          1578       480500     602760907  2405       3.14e-06   1.59e+04   5.40e+05   0.22       < 0.141 0.948 >
2023-02-18 15:02:30 [02/18/23 15:02:30   22.47s]: 46080   4457       46         2269       508559     603517309  3187       5.12e-06   2.31e+04   5.87e+05   0.23       < 0.138 0.927 >
2023-02-18 15:02:51 [02/18/23 15:02:51   21.07s]: 48960   3909       30         907        531392     603977512  1848       5.33e-06   1.89e+04   5.93e+05   0.24       < 0.135 0.943 >
2023-02-18 15:03:14 [02/18/23 15:03:14   23.12s]: 51840   4956       122        2614       565127     604254076  4351       1.42e-05   6.20e+04   6.61e+05   0.25       < 0.154 0.957 >
2023-02-18 15:03:42 [02/18/23 15:03:42   28.16s]: 54720   3404       9          1554       600607     604421861  3098       2.35e-06   6.99e+03   6.69e+05   0.27       < 0.179 0.938 >
2023-02-18 15:04:11 [02/18/23 15:04:11   28.86s]: 57600   6462       62         3070       634350     604523429  4018       1.15e-05   5.23e+04   7.46e+05   0.29       < 0.179 0.949 >
2023-02-18 15:04:42 [02/18/23 15:04:42   31.33s]: 60480   4380       49         1804       676059     604584164  3906       6.39e-06   2.47e+04   7.61e+05   0.30       < 0.196 0.943 >
2023-02-18 15:05:16 [02/18/23 15:05:16   33.74s]: 63360   9459       119        3938       717488     604620979  5024       1.83e-05   5.83e+04   8.61e+05   0.32       < 0.213 0.938 >
2023-02-18 15:05:55 [02/18/23 15:05:55   39.58s]: 66240   5476       48         2759       776476     604641828  4741       8.79e-06   3.95e+04   8.76e+05   0.35       < 0.228 0.966 >
2023-02-18 15:06:38 [02/18/23 15:06:38   42.90s]: 69120   10210      140        4499       828794     604653953  6178       1.68e-05   8.49e+04   9.94e+05   0.37       < 0.251 0.961 >
2023-02-18 15:07:26 [02/18/23 15:07:26   47.55s]: 72000   4912       37         2587       889942     604661222  5098       6.32e-06   1.83e+04   9.88e+05   0.40       < 0.265 0.954 >
2023-02-18 15:08:11 [02/18/23 15:08:11   44.98s]: 74880   10093      255        3420       928571     604667888  4422       2.28e-05   9.89e+04   1.06e+06   0.42       < 0.250 0.943 >
2023-02-18 15:09:01 [02/18/23 15:09:01   49.73s]: 77760   6675       30         4354       1005206    604666931  7964       9.22e-06   3.98e+04   1.14e+06   0.45       < 0.275 0.964 >
2023-02-18 15:09:52 [02/18/23 15:09:52   51.24s]: 80640   7314       29         1565       1039408    604671902  2755       8.64e-06   1.57e+04   1.15e+06   0.47       < 0.285 0.955 >
2023-02-18 15:10:43 [02/18/23 15:10:43   51.23s]: 83520   6730       158        4049       1101876    604670740  7228       2.24e-05   8.77e+04   1.23e+06   0.49       < 0.268 0.963 >
2023-02-18 15:11:35 [02/18/23 15:11:35   51.63s]: 86400   4569       61         1770       1148195    604672751  3809       5.60e-06   1.42e+04   1.23e+06   0.51       < 0.275 0.967 >
2023-02-18 15:12:27 [02/18/23 15:12:27   51.83s]: 89280   12921      159        5885       1210598    604671247  7384       1.93e-05   9.63e+04   1.41e+06   0.55       < 0.272 0.955 >
2023-02-18 15:13:22 [02/18/23 15:13:22   55.62s]: 92160   3885       39         2168       1277397    604670558  5403       6.03e-06   1.40e+04   1.36e+06   0.57       < 0.297 0.968 >
2023-02-18 15:14:14 [02/18/23 15:14:14   52.05s]: 95040   12158      185        4075       1316401    604672792  5317       2.52e-05   9.00e+04   1.48e+06   0.59       < 0.272 0.958 >
2023-02-18 15:15:10 [02/18/23 15:15:10   55.88s]: 97920   8647       82         4139       1394241    604669520  7654       1.24e-05   4.08e+04   1.54e+06   0.63       < 0.302 0.957 >
2023-02-18 15:16:08 [02/18/23 15:16:08   58.00s]: 100800  4011       8          2224       1446455    604670988  4861       4.75e-06   9.75e+03   1.53e+06   0.65       < 0.298 0.965 >
2023-02-18 15:16:58 [02/18/23 15:16:58   49.70s]: 103680  7061       121        3217       1480623    604673804  4439       1.29e-05   3.85e+04   1.60e+06   0.66       < 0.253 0.942 >
2023-02-18 15:17:45 [02/18/23 15:17:45   47.41s]: 106560  8813       26         3776       1539159    604672867  6094       1.02e-05   4.34e+04   1.67e+06   0.69       < 0.253 0.964 >
2023-02-18 15:18:36 [02/18/23 15:18:36   51.24s]: 109440  6669       115        2946       1589311    604672869  5205       1.32e-05   5.98e+04   1.71e+06   0.71       < 0.281 0.961 >
2023-02-18 15:19:31 [02/18/23 15:19:31   54.33s]: 112320  7911       132        3821       1648938    604672112  6272       1.33e-05   6.17e+04   1.78e+06   0.74       < 0.294 0.950 >
2023-02-18 15:20:28 [02/18/23 15:20:28   57.51s]: 115200  10959      348        4842       1707944    604671176  6584       2.44e-05   1.17e+05   1.87e+06   0.77       < 0.307 0.957 >
2023-02-18 15:21:27 [02/18/23 15:21:27   58.82s]: 118080  7190       15         3353       1775200    604670458  5961       9.96e-06   4.05e+04   1.92e+06   0.79       < 0.301 0.948 >
2023-02-18 15:22:24 [02/18/23 15:22:24   56.60s]: 120960  9895       151        4627       1829604    604670547  6964       2.09e-05   8.39e+04   2.02e+06   0.82       < 0.301 0.941 >
2023-02-18 15:23:26 [02/18/23 15:23:26   62.31s]: 123840  8196       72         3237       1895552    604669526  5965       1.11e-05   3.58e+04   2.04e+06   0.85       < 0.343 0.957 >
2023-02-18 15:24:34 [02/18/23 15:24:34   67.84s]: 126720  13302      246        5989       1969933    604667114  8338       2.97e-05   1.32e+05   2.17e+06   0.88       < 0.359 0.975 >
2023-02-18 15:25:46 [02/18/23 15:25:46   71.98s]: 129600  10568      52         4711       2053159    604665609  7554       1.19e-05   3.53e+04   2.25e+06   0.92       < 0.374 0.964 >
2023-02-18 15:26:56 [02/18/23 15:26:56   70.27s]: 132480  11227      76         4544       2128534    604665176  7453       1.46e-05   5.38e+04   2.31e+06   0.95       < 0.357 0.953 >
2023-02-18 15:28:09 [02/18/23 15:28:09   73.09s]: 135360  12223      133        6182       2214794    604662854  9880       2.60e-05   9.21e+04   2.47e+06   0.99       < 0.383 0.951 >
2023-02-18 15:29:29 [02/18/23 15:29:29   79.89s]: 138240  8379       52         3913       2297080    604662745  6868       8.51e-06   3.08e+04   2.45e+06   1.03       < 0.415 0.966 >
2023-02-18 15:30:52 [02/18/23 15:30:52   83.16s]: 141120  12662      285        5517       2368026    604662417  9089       2.13e-05   1.24e+05   2.58e+06   1.06       < 0.396 0.953 >
2023-02-18 15:32:18 [02/18/23 15:32:18   85.49s]: 144000  15841      202        6651       2463673    604659517  10678      2.56e-05   8.25e+04   2.72e+06   1.11       < 0.449 0.968 >
2023-02-18 15:32:18 [02/18/23 15:32:18    0.13s]: 144004  15800      204        6663       2463820    604659513  10691      2.57e-05   8.29e+04   2.72e+06   1.11       < 0.449 0.969 >
2023-02-18 15:32:18  ---  main.cpp:generate tcells took  avg 0.04 s max 0.05 s balance 0.80  --- 
2023-02-18 15:32:18  ---  main.cpp:update circulating tcells took  avg 54.53 s max 58.10 s balance 0.94  --- 
2023-02-18 15:32:18  ---  main.cpp:update tcells took  avg 102.68 s max 112.81 s balance 0.91  --- 
2023-02-18 15:32:18  ---  main.cpp:update epicells took  avg 67.66 s max 69.60 s balance 0.97  --- 
2023-02-18 15:32:18  ---  main.cpp:update concentrations took  avg 423.87 s max 437.61 s balance 0.97  --- 
2023-02-18 15:32:18  ---  main.cpp:compute updates took  avg 1178.85 s max 1178.89 s balance 1.00  --- 
2023-02-18 15:32:18  ---  main.cpp:dispatch updates took  avg 495.33 s max 533.25 s balance 0.93  --- 
2023-02-18 15:32:18  ---  main.cpp:add new actives took  avg 28.34 s max 29.35 s balance 0.97  --- 
2023-02-18 15:32:18  ---  main.cpp:erase inactive took  avg 230.05 s max 235.37 s balance 0.98  --- 
2023-02-18 15:32:18  ---  main.cpp:sample took  avg 0.00 s max 0.00 s balance -nan  --- 
2023-02-18 15:32:18  ---  main.cpp:sample write took  avg 0.00 s max 0.00 s balance -nan  --- 
2023-02-18 15:32:18  ---  main.cpp:log took  avg 10.56 s max 10.63 s balance 0.99  --- 
2023-02-18 15:32:18 Finished 144005 time steps in 2041.7266 s (0.0142 s per step)
2023-02-18 15:32:18  --- Elapsed time for main.cpp:run_sim:  (exiting barrier) 2023-02-18 15:32:18 ...
2023-02-18 15:32:18           ... (min/my/avg/max, bal) (2041.73/2041.73/2041.73/2041.73 s, 1.00) barrier(0.00 s) --- 
2023-02-18 15:32:18 Peak memory used across all nodes: 22.45GB
2023-02-18 15:32:18 Finished in 2045.70 s at 02/18/23 15:32:18 for SimCov version 0.1.1.8024051-dirty
