2023-02-14 11:45:40 SimCov version SimCov version 0.1.1.9cc77ef-dirty-branching_airways_3min_model built on 20230204_191356
2023-02-14 11:45:40 _________________________
2023-02-14 11:45:40 Compiler definitions:
2023-02-14 11:45:40   _XOPEN_SOURCE=700
2023-02-14 11:45:40   CONFIG_USE_COLORS
2023-02-14 11:45:40   USE_BYTELL
2023-02-14 11:45:40   MAX_VIRIONS=125000
2023-02-14 11:45:40   MIN_VIRIONS=1e-10
2023-02-14 11:45:40   BLOCK_PARTITION
2023-02-14 11:45:40   MIN_BLOCKS_PER_PROC=1
2023-02-14 11:45:40   AVERAGE_SUBSAMPLE
2023-02-14 11:45:40 _________________________
2023-02-14 11:45:40 Options:
2023-02-14 11:45:40   dim =                         15000 15000 1
2023-02-14 11:45:40   whole-lung-dim =              48000 40000 20000
2023-02-14 11:45:40   timesteps =                   216005
2023-02-14 11:45:40   infection-coords =            uniform:1
2023-02-14 11:45:40   initial-infection =           1001
2023-02-14 11:45:40   incubation-period =           1200
2023-02-14 11:45:40   apoptosis-period =            180
2023-02-14 11:45:40   expressing-period =           900
2023-02-14 11:45:40   infectivity =                 0.1
2023-02-14 11:45:40   infectivity-multiplier =      1.0
2023-02-14 11:45:40   virion-production =           1.1
2023-02-14 11:45:40   virion-production-multiplier = 1.0
2023-02-14 11:45:40   virion-clearance =            0.004
2023-02-14 11:45:40   virion-diffusion =            0.15
2023-02-14 11:45:40   chemokine-production =        1.0
2023-02-14 11:45:40   chemokine-decay =             0.01
2023-02-14 11:45:40   chemokine-diffusion =         1.0
2023-02-14 11:45:40   min-chemokine =               1e-06
2023-02-14 11:45:40   antibody-factor =             1
2023-02-14 11:45:40   antibody-period =             5760
2023-02-14 11:45:40   tcell-generation-rate =       105000
2023-02-14 11:45:40   tcell-initial-delay =         10080
2023-02-14 11:45:40   tcell-vascular-period =       5760
2023-02-14 11:45:40   tcell-tissue-period =         1440
2023-02-14 11:45:40   tcell-binding-period =        10
2023-02-14 11:45:40   max-binding-prob =            1
2023-02-14 11:45:40   tcells-follow-gradient =      false
2023-02-14 11:45:40   seed =                        2
2023-02-14 11:45:40   sample-period =               0
2023-02-14 11:45:40   sample-resolution =           1
2023-02-14 11:45:40   max-block-dim =               10
2023-02-14 11:45:40   output =                      exp_results/per_1200_inf_0.1/init_1001/2
2023-02-14 11:45:40 _________________________
2023-02-14 11:45:40 Starting run with 64 processes on 2 nodes at 02/14/23 11:45:40
2023-02-14 11:45:40 Pinned processes, with process 0 (pid 3811133) pinned to core 0
2023-02-14 11:45:40 Using block partitioning
2023-02-14 11:45:40 Initial free memory across all nodes: 152.22GB
2023-02-14 11:45:40 Starting with 76.29GB free on node 0
2023-02-14 11:45:40 Dividing 225000000 grid points into 3515625 squares of size 64 (8^2), with 54932 per process
2023-02-14 11:45:40 Total initial memory required per process is at least 308.46MB with each grid point requiring on average 92 bytes
2023-02-14 11:45:44  --- Elapsed time for tissue.cpp:Tissue:  (exiting barrier) 2023-02-14 11:45:44 ...
2023-02-14 11:45:44           ... (min/my/avg/max, bal) (3.51/3.51/3.51/3.51 s, 1.00) barrier(0.00 s) --- 
2023-02-14 11:45:44 Memory used on node 0 after initialization is  11.75GB
2023-02-14 11:45:44           ... (min/my/avg/max, bal) No-Time barrier(0.00 s) --- 
2023-02-14 11:45:44 Fraction of circulating T cells extravasating is 5.85938e-06
2023-02-14 11:45:44 # datetime                    step    incb       expr       apop       dead       tvas       ttis       inflcell   inflallvirs%infct     <%active  lbln>
2023-02-14 11:45:44 [0] <main.cpp:145> WARNING: Time step 0: SUCCESSFUL initial infection at (7500, 7500, 0) after 0 tries
2023-02-14 11:45:44 [02/14/23 11:45:44    0.00s]: 0       1          0          0          0          0          0          0          0          0.00e+00   0.0000004444< 0.000 0.016 >
2023-02-14 11:45:46 [02/14/23 11:45:46    2.53s]: 4320    8501       3226       0          5541       0          0          44595      44595      9.80e+05   0.0076746667< 0.020 0.843 >
2023-02-14 11:45:53 [02/14/23 11:45:53    7.01s]: 8640    16007      9945       0          36882      0          0          109722     109722     2.55e+06   0.0279262222< 0.049 0.932 >
2023-02-14 11:46:08 [02/14/23 11:46:08   14.55s]: 12960   16988      9363       2762       106739     237943775  1157       201813     201813     2.97e+06   0.0603786667< 0.090 0.949 >
2023-02-14 11:46:33 [02/14/23 11:46:33   25.14s]: 17280   11500      566        4032       205097     431459368  3211       302730     302730     3.54e+05   0.0983088889< 0.126 0.969 >
2023-02-14 11:47:06 [02/14/23 11:47:06   32.69s]: 21600   6319       89         2619       286777     522861386  3789       386368     386368     4.13e+04   0.1314684444< 0.138 0.948 >
2023-02-14 11:47:37 [02/14/23 11:47:37   31.12s]: 25920   1886       30         1126       331824     566036252  1969       436265     436265     1.22e+04   0.1488293333< 0.120 0.942 >
2023-02-14 11:48:02 [02/14/23 11:48:02   25.23s]: 30240   4126       48         1791       363099     586430178  2396       495579     495579     3.59e+04   0.1640284444< 0.109 0.944 >
2023-02-14 11:48:30 [02/14/23 11:48:30   27.46s]: 34560   3548       24         1155       400253     596063082  2023       552585     552585     1.00e+04   0.1799911111< 0.116 0.926 >
2023-02-14 11:48:56 [02/14/23 11:48:56   26.43s]: 38880   2768       25         1208       436936     600613060  2048       602889     602889     2.41e+04   0.1959720000< 0.115 0.915 >
2023-02-14 11:49:22 [02/14/23 11:49:22   26.22s]: 43200   5495       36         2075       471112     602761942  2496       663819     663819     1.10e+04   0.2127635556< 0.114 0.920 >
2023-02-14 11:49:57 [02/14/23 11:49:57   34.28s]: 47520   4046       63         2057       535118     603773515  4029       735663     735663     4.55e+04   0.2405706667< 0.160 0.954 >
2023-02-14 11:50:41 [02/14/23 11:50:41   44.54s]: 51840   8279       92         3017       585103     604251806  4343       818370     818370     5.03e+04   0.2651071111< 0.179 0.926 >
2023-02-14 11:51:30 [02/14/23 11:51:30   48.74s]: 56160   4936       125        2638       658413     604476154  4504       898782     898782     8.04e+04   0.2960497778< 0.197 0.942 >
2023-02-14 11:52:21 [02/14/23 11:52:21   51.25s]: 60480   6404       4          2574       713700     604583804  3779       974950     974950     2.58e+04   0.3211920000< 0.195 0.940 >
2023-02-14 11:53:14 [02/14/23 11:53:14   52.66s]: 64800   5914       116        3071       780859     604632576  5338       1063518    1063518    8.20e+04   0.3510933333< 0.216 0.958 >
2023-02-14 11:54:09 [02/14/23 11:54:09   55.61s]: 69120   5795       60         2748       837932     604656853  3924       1130071    1130071    3.01e+04   0.3762377778< 0.209 0.958 >
2023-02-14 11:55:10 [02/14/23 11:55:10   60.76s]: 73440   9136       59         3339       914326     604665552  5557       1233203    1233203    7.11e+04   0.4119377778< 0.252 0.953 >
2023-02-14 11:56:22 [02/14/23 11:56:22   72.16s]: 77760   8856       345        4108       999058     604668903  6136       1351128    1351128    1.19e+05   0.4499408889< 0.272 0.963 >
2023-02-14 11:57:41 [02/14/23 11:57:41   78.85s]: 82080   8770       162        3521       1089305    604670167  5872       1456754    1456754    8.73e+04   0.4896702222< 0.294 0.963 >
2023-02-14 11:59:08 [02/14/23 11:59:08   86.95s]: 86400   8488       65         3709       1186991    604669081  6809       1585277    1585277    2.62e+04   0.5330013333< 0.309 0.962 >
2023-02-14 12:00:33 [02/14/23 12:00:33   85.18s]: 90720   10091      297        4353       1272455    604669930  6515       1706624    1706624    1.06e+05   0.5720871111< 0.296 0.975 >
2023-02-14 12:02:00 [02/14/23 12:02:00   86.95s]: 95040   11067      77         4891       1379111    604668233  7332       1836748    1836748    6.89e+04   0.6200648889< 0.318 0.980 >
2023-02-14 12:03:32 [02/14/23 12:03:32   92.09s]: 99360   14474      172        4670       1474926    604668792  6368       1951237    1951237    8.14e+04   0.6641075556< 0.325 0.963 >
2023-02-14 12:05:08 [02/14/23 12:05:08   96.17s]: 103680  5354       5          3179       1607837    604666070  6973       2076331    2076331    1.88e+04   0.7183888889< 0.330 0.953 >
2023-02-14 12:06:36 [02/14/23 12:06:36   87.27s]: 108000  9602       92         4439       1681263    604668870  6857       2179831    2179831    5.40e+04   0.7535093333< 0.311 0.963 >
2023-02-14 12:08:02 [02/14/23 12:08:02   86.74s]: 112320  5479       137        2456       1767440    604670625  5044       2267408    2267408    4.99e+04   0.7891164444< 0.290 0.944 >
2023-02-14 12:09:18 [02/14/23 12:09:18   75.94s]: 116640  8680       120        3293       1838681    604672658  5377       2371024    2371024    4.47e+04   0.8225662222< 0.256 0.959 >
2023-02-14 12:10:40 [02/14/23 12:10:40   81.64s]: 120960  6225       31         2881       1929593    604671621  5223       2495811    2495811    3.16e+04   0.8616577778< 0.296 0.967 >
2023-02-14 12:11:54 [02/14/23 12:11:54   74.10s]: 125280  9503       34         3814       2001695    604672862  5976       2613575    2613575    4.25e+04   0.8955760000< 0.255 0.945 >
2023-02-14 12:13:10 [02/14/23 12:13:10   75.53s]: 129600  9585       71         3505       2082427    604673138  5339       2717501    2717501    3.55e+04   0.9313724444< 0.281 0.954 >
2023-02-14 12:14:33 [02/14/23 12:14:33   83.45s]: 133920  8588       83         3246       2172849    604671875  5214       2829631    2829631    2.35e+04   0.9710071111< 0.299 0.949 >
2023-02-14 12:15:56 [02/14/23 12:15:56   82.78s]: 138240  9093       113        3597       2257983    604671273  6139       2928607    2928607    7.37e+04   1.0092382222< 0.296 0.956 >
2023-02-14 12:17:27 [02/14/23 12:17:27   91.19s]: 142560  7958       135        4027       2363318    604668847  7364       3073236    3073236    4.43e+04   1.0557502222< 0.328 0.948 >
2023-02-14 12:19:06 [02/14/23 12:19:06   99.20s]: 146880  12187      112        6131       2473116    604665787  9265       3232571    3232571    7.12e+04   1.1073537778< 0.363 0.963 >
2023-02-14 12:20:54 [02/14/23 12:20:54  107.39s]: 151200  14477      180        4786       2571419    604666796  7015       3369662    3369662    7.14e+04   1.1514942222< 0.365 0.962 >
2023-02-14 12:22:46 [02/14/23 12:22:46  112.39s]: 155520  9001       108        4445       2704227    604663519  8283       3526215    3526215    3.95e+04   1.2079026667< 0.385 0.957 >
2023-02-14 12:24:31 [02/14/23 12:24:31  104.93s]: 159840  11973      161        4586       2796809    604665824  7286       3656430    3656430    1.21e+05   1.2504573333< 0.347 0.955 >
2023-02-14 12:26:13 [02/14/23 12:26:13  101.64s]: 164160  9070       206        4106       2908520    604665554  7069       3788138    3788138    7.26e+04   1.2986231111< 0.358 0.963 >
2023-02-14 12:27:58 [02/14/23 12:27:58  104.96s]: 168480  7934       86         3700       3017734    604665524  6725       3928606    3928606    4.12e+04   1.3464240000< 0.365 0.965 >
2023-02-14 12:29:42 [02/14/23 12:29:42  104.78s]: 172800  13531      190        5743       3130129    604664592  8547       4082524    4082524    1.23e+05   1.3998191111< 0.382 0.951 >
2023-02-14 12:31:42 [02/14/23 12:31:42  119.34s]: 177120  12772      70         5016       3253840    604662692  8141       4228811    4228811    5.62e+04   1.4540880000< 0.431 0.971 >
2023-02-14 12:33:56 [02/14/23 12:33:56  134.44s]: 181440  13812      60         5416       3394075    604659808  8919       4407264    4407264    5.10e+04   1.5170502222< 0.473 0.967 >
2023-02-14 12:36:21 [02/14/23 12:36:21  144.38s]: 185760  9598       121        4765       3542496    604656432  10120      4570253    4570253    4.16e+04   1.5808800000< 0.482 0.969 >
2023-02-14 12:38:41 [02/14/23 12:38:41  140.27s]: 190080  13453      220        5824       3670348    604656749  10087      4753740    4753740    9.95e+04   1.6399311111< 0.459 0.969 >
2023-02-14 12:41:01 [02/14/23 12:41:01  140.42s]: 194400  14484      295        5844       3812904    604656894  9883       4926754    4926754    1.65e+05   1.7037897778< 0.479 0.967 >
2023-02-14 12:43:30 [02/14/23 12:43:30  148.97s]: 198720  14141      105        6196       3967574    604655094  10014      5125572    5125572    7.14e+04   1.7724515556< 0.502 0.974 >
2023-02-14 12:46:06 [02/14/23 12:46:06  156.10s]: 203040  15252      120        6181       4121956    604653563  10319      5310751    5310751    4.48e+04   1.8415595556< 0.526 0.967 >
2023-02-14 12:48:45 [02/14/23 12:48:45  159.01s]: 207360  18618      230        7280       4275707    604652351  11924      5498412    5498412    1.60e+05   1.9119266667< 0.526 0.975 >
2023-02-14 12:51:41 [02/14/23 12:51:41  175.73s]: 211680  17829      187        7701       4446302    604649682  12790      5703307    5703307    1.32e+05   1.9875640000< 0.562 0.970 >
2023-02-14 12:54:50 [02/14/23 12:54:50  189.25s]: 216000  12696      190        5314       4618604    604649129  10303      5899002    5899002    6.78e+04   2.0608017778< 0.593 0.958 >
2023-02-14 12:54:50 [02/14/23 12:54:50    0.17s]: 216004  12740      188        5304       4618720    604649135  10315      5899184    5899184    6.83e+04   2.0608675556< 0.593 0.958 >
2023-02-14 12:54:50  ---  main.cpp:generate tcells took  avg 0.06 s max 0.08 s balance 0.77  --- 
2023-02-14 12:54:50  ---  main.cpp:update circulating tcells took  avg 84.30 s max 90.31 s balance 0.93  --- 
2023-02-14 12:54:50  ---  main.cpp:update tcells took  avg 201.12 s max 225.04 s balance 0.89  --- 
2023-02-14 12:54:50  ---  main.cpp:update epicells took  avg 129.14 s max 132.54 s balance 0.97  --- 
2023-02-14 12:54:50  ---  main.cpp:update concentrations took  avg 885.07 s max 908.65 s balance 0.97  --- 
2023-02-14 12:54:50  ---  main.cpp:compute updates took  avg 2361.49 s max 2361.59 s balance 1.00  --- 
2023-02-14 12:54:50  ---  main.cpp:dispatch updates took  avg 1013.87 s max 1101.55 s balance 0.92  --- 
2023-02-14 12:54:50  ---  main.cpp:add new actives took  avg 55.18 s max 60.55 s balance 0.91  --- 
2023-02-14 12:54:50  ---  main.cpp:erase inactive took  avg 471.64 s max 510.47 s balance 0.92  --- 
2023-02-14 12:54:50  ---  main.cpp:sample took  avg 0.00 s max 0.00 s balance -nan  --- 
2023-02-14 12:54:50  ---  main.cpp:sample write took  avg 0.00 s max 0.00 s balance -nan  --- 
2023-02-14 12:54:50  ---  main.cpp:log took  avg 16.33 s max 16.42 s balance 0.99  --- 
2023-02-14 12:54:50 Finished 216005 time steps in 4146.6038 s (0.0192 s per step)
2023-02-14 12:54:50  --- Elapsed time for main.cpp:run_sim:  (exiting barrier) 2023-02-14 12:54:50 ...
2023-02-14 12:54:50           ... (min/my/avg/max, bal) (4146.60/4146.60/4146.60/4146.60 s, 1.00) barrier(0.00 s) --- 
2023-02-14 12:54:50 Peak memory used across all nodes: 24.52GB
2023-02-14 12:54:50 Finished in 4150.21 s at 02/14/23 12:54:50 for SimCov version 0.1.1.9cc77ef-dirty
