2023-02-18 18:56:30 SimCov version SimCov version 0.1.1.8024051-dirty-master built on 20230216_082905
2023-02-18 18:56:30 _________________________
2023-02-18 18:56:30 Compiler definitions:
2023-02-18 18:56:30   _XOPEN_SOURCE=700
2023-02-18 18:56:30   CONFIG_USE_COLORS
2023-02-18 18:56:30   USE_BYTELL
2023-02-18 18:56:30   MAX_VIRIONS=125000
2023-02-18 18:56:30   MIN_VIRIONS=1e-10
2023-02-18 18:56:30   BLOCK_PARTITION
2023-02-18 18:56:30   MIN_BLOCKS_PER_PROC=1
2023-02-18 18:56:30   AVERAGE_SUBSAMPLE
2023-02-18 18:56:30 _________________________
2023-02-18 18:56:30 Options:
2023-02-18 18:56:30   dim =                         15000 15000 1
2023-02-18 18:56:30   whole-lung-dim =              48000 40000 20000
2023-02-18 18:56:30   timesteps =                   144005
2023-02-18 18:56:30   infection-coords =            uniform:1
2023-02-18 18:56:30   initial-infection =           999
2023-02-18 18:56:30   incubation-period =           1200
2023-02-18 18:56:30   apoptosis-period =            180
2023-02-18 18:56:30   expressing-period =           900
2023-02-18 18:56:30   infectivity =                 0.1
2023-02-18 18:56:30   infectivity-multiplier =      1.0
2023-02-18 18:56:30   virion-production =           1.1
2023-02-18 18:56:30   virion-production-multiplier = 1.0
2023-02-18 18:56:30   virion-clearance =            0.004
2023-02-18 18:56:30   virion-diffusion =            0.15
2023-02-18 18:56:30   chemokine-production =        1.0
2023-02-18 18:56:30   chemokine-decay =             0.01
2023-02-18 18:56:30   chemokine-diffusion =         1.0
2023-02-18 18:56:30   min-chemokine =               1e-06
2023-02-18 18:56:30   antibody-factor =             1
2023-02-18 18:56:30   antibody-period =             5760
2023-02-18 18:56:30   tcell-generation-rate =       105000
2023-02-18 18:56:30   tcell-initial-delay =         10080
2023-02-18 18:56:30   tcell-vascular-period =       5760
2023-02-18 18:56:30   tcell-tissue-period =         1440
2023-02-18 18:56:30   tcell-binding-period =        10
2023-02-18 18:56:30   max-binding-prob =            1
2023-02-18 18:56:30   tcells-follow-gradient =      false
2023-02-18 18:56:30   seed =                        2
2023-02-18 18:56:30   sample-period =               0
2023-02-18 18:56:30   sample-resolution =           1
2023-02-18 18:56:30   max-block-dim =               10
2023-02-18 18:56:30   output =                      exp_results/per_1200_inf_0.1/init_1001/2
2023-02-18 18:56:30 _________________________
2023-02-18 18:56:30 Starting run with 64 processes on 2 nodes at 02/18/23 18:56:30
2023-02-18 18:56:30 Pinned processes, with process 0 (pid 28042) pinned to core 0
2023-02-18 18:56:30 Using block partitioning
2023-02-18 18:56:30 Initial free memory across all nodes: 151.53GB
2023-02-18 18:56:30 Starting with 76.85GB free on node 0
2023-02-18 18:56:30 Dividing 225000000 grid points into 3515625 squares of size 64 (8^2), with 54932 per process
2023-02-18 18:56:30 Total initial memory required per process is at least 281.63MB with each grid point requiring on average 84 bytes
2023-02-18 18:56:34  --- Elapsed time for tissue.cpp:Tissue:  (exiting barrier) 2023-02-18 18:56:34 ...
2023-02-18 18:56:34           ... (min/my/avg/max, bal) (3.60/3.60/3.60/3.60 s, 1.00) barrier(0.00 s) --- 
2023-02-18 18:56:34 Memory used on node 0 after initialization is  10.91GB
2023-02-18 18:56:34           ... (min/my/avg/max, bal) No-Time barrier(0.00 s) --- 
2023-02-18 18:56:34 Fraction of circulating T cells extravasating is 5.85938e-06
2023-02-18 18:56:34 # datetime                    step    incb       expr       apop       dead       tvas       ttis       chem       virs       chempts    %infct     <%active  lbln>
2023-02-18 18:56:34 [0] <main.cpp:141> WARNING: Time step 0: SUCCESSFUL initial infection at (7500, 7500, 0) after 0 tries
2023-02-18 18:56:34 [02/18/23 18:56:34    0.00s]: 0       1          0          0          0          0          0          0.00e+00   0.00e+00   1.00e+00   0.00       < 0.000 0.016 >
2023-02-18 18:56:35 [02/18/23 18:56:35    1.30s]: 2880    5234       1710       0          1095       0          0          1.75e-05   2.77e+05   2.74e+04   0.00       < 0.012 0.836 >
2023-02-18 18:56:38 [02/18/23 18:56:38    3.14s]: 5760    10073      6702       0          12074      0          0          6.33e-05   1.81e+06   6.27e+04   0.01       < 0.028 0.901 >
2023-02-18 18:56:46 [02/18/23 18:56:46    7.57s]: 8640    16053      9735       0          36781      0          0          9.91e-05   2.55e+06   1.09e+05   0.03       < 0.049 0.924 >
2023-02-18 18:56:56 [02/18/23 18:56:56    9.61s]: 11520   19507      13583      1117       74943      133767949  417        1.42e-04   3.84e+06   1.70e+05   0.05       < 0.075 0.941 >
2023-02-18 18:57:09 [02/18/23 18:57:09   13.55s]: 14400   15684      4485       3510       140188     319073156  1961       1.32e-04   1.70e+06   2.36e+05   0.07       < 0.104 0.964 >
2023-02-18 18:57:27 [02/18/23 18:57:27   18.38s]: 17280   11608      653        4045       205606     431459465  3251       6.61e-05   3.71e+05   3.04e+05   0.10       < 0.127 0.969 >
2023-02-18 18:57:49 [02/18/23 18:57:49   21.58s]: 20160   6292       43         2957       262879     499620930  3842       1.41e-05   3.84e+04   3.49e+05   0.12       < 0.136 0.964 >
2023-02-18 18:58:11 [02/18/23 18:58:11   21.53s]: 23040   3824       48         1643       296794     540962628  2624       6.29e-06   1.86e+04   3.67e+05   0.13       < 0.131 0.945 >
2023-02-18 18:58:31 [02/18/23 18:58:31   19.94s]: 25920   3553       36         1674       323886     566036582  2648       5.75e-06   1.60e+04   3.97e+05   0.15       < 0.118 0.910 >
2023-02-18 18:58:49 [02/18/23 18:58:49   18.78s]: 28800   3716       75         1420       348577     581244735  2356       9.84e-06   2.50e+04   4.22e+05   0.16       < 0.120 0.932 >
2023-02-18 18:59:09 [02/18/23 18:59:09   19.84s]: 31680   4346       13         1841       378190     590468350  2701       4.29e-06   1.31e+04   4.51e+05   0.17       < 0.124 0.937 >
2023-02-18 18:59:30 [02/18/23 18:59:30   20.89s]: 34560   4268       87         2252       412045     596061894  3196       8.87e-06   3.13e+04   4.85e+05   0.19       < 0.132 0.923 >
2023-02-18 18:59:52 [02/18/23 18:59:52   21.89s]: 37440   2327       8          1153       440144     599454360  2584       1.98e-06   4.12e+03   4.94e+05   0.20       < 0.138 0.947 >
2023-02-18 19:00:14 [02/18/23 19:00:14   22.02s]: 40320   7101       48         2492       464762     601512243  3135       8.71e-06   3.51e+04   5.62e+05   0.21       < 0.141 0.936 >
2023-02-18 19:00:38 [02/18/23 19:00:38   24.53s]: 43200   3859       53         1800       505088     602758922  3452       7.21e-06   2.33e+04   5.78e+05   0.23       < 0.155 0.944 >
2023-02-18 19:01:02 [02/18/23 19:01:02   23.10s]: 46080   5104       71         1835       529853     603517090  2646       7.27e-06   2.65e+04   6.19e+05   0.24       < 0.141 0.960 >
2023-02-18 19:01:27 [02/18/23 19:01:27   24.94s]: 48960   5291       20         2573       570428     603974239  3866       8.26e-06   2.99e+04   6.64e+05   0.26       < 0.159 0.952 >
2023-02-18 19:01:54 [02/18/23 19:01:54   27.07s]: 51840   4650       9          1633       603247     604252537  3238       3.15e-06   5.51e+03   6.75e+05   0.27       < 0.167 0.937 >
2023-02-18 19:02:21 [02/18/23 19:02:21   26.97s]: 54720   5393       423        2553       636733     604421205  3666       2.18e-05   1.19e+05   7.36e+05   0.29       < 0.168 0.949 >
2023-02-18 19:02:48 [02/18/23 19:02:48   27.29s]: 57600   1985       5          1128       671773     604523785  2868       1.39e-06   2.45e+03   7.17e+05   0.30       < 0.167 0.968 >
2023-02-18 19:03:13 [02/18/23 19:03:13   25.28s]: 60480   6676       97         2705       695834     604586524  3296       1.03e-05   4.38e+04   8.02e+05   0.31       < 0.157 0.950 >
2023-02-18 19:03:41 [02/18/23 19:03:41   27.62s]: 63360   4431       56         2285       738728     604622974  3700       6.71e-06   1.59e+04   8.28e+05   0.33       < 0.174 0.951 >
2023-02-18 19:04:11 [02/18/23 19:04:11   30.64s]: 66240   9020       102        3448       779745     604645207  4138       1.65e-05   8.00e+04   9.12e+05   0.35       < 0.195 0.947 >
2023-02-18 19:04:47 [02/18/23 19:04:47   35.19s]: 69120   8685       190        3428       834764     604656818  5553       2.10e-05   8.10e+04   9.92e+05   0.38       < 0.216 0.968 >
2023-02-18 19:05:32 [02/18/23 19:05:32   45.77s]: 72000   5610       27         3102       896924     604662621  5541       5.29e-06   1.55e+04   1.01e+06   0.40       < 0.253 0.970 >
2023-02-18 19:06:15 [02/18/23 19:06:15   42.64s]: 74880   9010       175        3122       936583     604668400  4607       1.22e-05   3.71e+04   1.06e+06   0.42       < 0.247 0.970 >
2023-02-18 19:07:08 [02/18/23 19:07:08   53.19s]: 77760   11200      133        5537       1014869    604667125  8084       1.85e-05   9.09e+04   1.20e+06   0.46       < 0.281 0.965 >
2023-02-18 19:08:05 [02/18/23 19:08:05   57.31s]: 80640   8865       71         3529       1081477    604667986  6392       1.31e-05   4.49e+04   1.23e+06   0.49       < 0.321 0.968 >
2023-02-18 19:09:06 [02/18/23 19:09:06   60.32s]: 83520   6384       89         3368       1141044    604668079  6318       9.08e-06   1.80e+04   1.27e+06   0.51       < 0.319 0.940 >
2023-02-18 19:10:04 [02/18/23 19:10:04   58.23s]: 86400   11311      172        4125       1193982    604669741  5681       1.70e-05   7.47e+04   1.37e+06   0.54       < 0.310 0.934 >
2023-02-18 19:11:06 [02/18/23 19:11:06   61.96s]: 89280   11075      249        5411       1276408    604667351  8171       2.30e-05   1.09e+05   1.45e+06   0.57       < 0.326 0.973 >
2023-02-18 19:12:14 [02/18/23 19:12:14   68.20s]: 92160   6799       66         3197       1342457    604667448  6176       9.11e-06   4.19e+04   1.46e+06   0.60       < 0.336 0.955 >
2023-02-18 19:13:18 [02/18/23 19:13:18   63.53s]: 95040   10587      113        3890       1400188    604667861  6936       1.46e-05   5.32e+04   1.58e+06   0.63       < 0.331 0.975 >
2023-02-18 19:14:19 [02/18/23 19:14:19   61.55s]: 97920   7229       47         3456       1466013    604668459  6500       9.90e-06   2.25e+04   1.60e+06   0.66       < 0.330 0.956 >
2023-02-18 19:15:18 [02/18/23 19:15:18   59.05s]: 100800  9249       150        3216       1515959    604670210  5397       1.66e-05   7.54e+04   1.66e+06   0.68       < 0.306 0.975 >
2023-02-18 19:16:18 [02/18/23 19:16:18   59.75s]: 103680  13049      264        5463       1590200    604668023  7972       2.42e-05   1.21e+05   1.80e+06   0.72       < 0.319 0.958 >
2023-02-18 19:17:24 [02/18/23 19:17:24   66.31s]: 106560  8664       84         3671       1666353    604666712  7044       1.41e-05   3.68e+04   1.83e+06   0.75       < 0.352 0.973 >
2023-02-18 19:18:34 [02/18/23 19:18:34   69.46s]: 109440  10677      193        4767       1736211    604665725  7645       2.19e-05   1.03e+05   1.91e+06   0.78       < 0.366 0.949 >
2023-02-18 19:19:43 [02/18/23 19:19:43   68.68s]: 112320  9256       224        3923       1804030    604666076  6634       1.21e-05   5.58e+04   1.96e+06   0.81       < 0.359 0.966 >
2023-02-18 19:20:49 [02/18/23 19:20:49   66.42s]: 115200  11961      291        5346       1878017    604666237  7790       2.22e-05   1.22e+05   2.11e+06   0.84       < 0.342 0.969 >
2023-02-18 19:21:57 [02/18/23 19:21:57   68.34s]: 118080  7991       62         3543       1954452    604665622  6851       1.07e-05   2.88e+04   2.11e+06   0.87       < 0.361 0.962 >
2023-02-18 19:23:05 [02/18/23 19:23:05   67.72s]: 120960  11659      107        4847       2019592    604666524  7052       2.01e-05   1.00e+05   2.19e+06   0.90       < 0.352 0.970 >
2023-02-18 19:24:14 [02/18/23 19:24:14   68.80s]: 123840  11770      144        5497       2100944    604664809  8228       2.07e-05   8.83e+04   2.29e+06   0.94       < 0.362 0.973 >
2023-02-18 19:25:26 [02/18/23 19:25:26   72.44s]: 126720  9550       74         4200       2176428    604664544  7499       1.26e-05   5.48e+04   2.33e+06   0.97       < 0.379 0.952 >
2023-02-18 19:26:35 [02/18/23 19:26:35   68.51s]: 129600  10698      117        3722       2236246    604666294  6451       1.87e-05   7.00e+04   2.44e+06   1.00       < 0.355 0.962 >
2023-02-18 19:27:44 [02/18/23 19:27:44   69.15s]: 132480  11959      297        5272       2310528    604664780  8733       2.82e-05   1.45e+05   2.51e+06   1.03       < 0.376 0.942 >
2023-02-18 19:29:01 [02/18/23 19:29:01   76.71s]: 135360  9808       47         4449       2393837    604663668  7419       1.36e-05   5.39e+04   2.58e+06   1.07       < 0.404 0.958 >
2023-02-18 19:30:17 [02/18/23 19:30:17   76.07s]: 138240  13388      303        5818       2473243    604662770  9051       2.80e-05   1.37e+05   2.69e+06   1.11       < 0.387 0.971 >
2023-02-18 19:31:38 [02/18/23 19:31:38   80.87s]: 141120  11436      129        5674       2568010    604660691  9287       2.28e-05   9.12e+04   2.79e+06   1.15       < 0.436 0.959 >
2023-02-18 19:33:01 [02/18/23 19:33:01   83.39s]: 144000  14703      79         5071       2644570    604661506  8166       1.81e-05   5.75e+04   2.86e+06   1.18       < 0.424 0.974 >
2023-02-18 19:33:01 [02/18/23 19:33:01    0.14s]: 144004  14725      82         5093       2644675    604661490  8174       1.81e-05   5.73e+04   2.86e+06   1.18       < 0.424 0.974 >
2023-02-18 19:33:01  ---  main.cpp:generate tcells took  avg 0.04 s max 0.05 s balance 0.75  --- 
2023-02-18 19:33:01  ---  main.cpp:update circulating tcells took  avg 54.26 s max 56.81 s balance 0.96  --- 
2023-02-18 19:33:01  ---  main.cpp:update tcells took  avg 110.84 s max 121.37 s balance 0.91  --- 
2023-02-18 19:33:01  ---  main.cpp:update epicells took  avg 71.91 s max 73.86 s balance 0.97  --- 
2023-02-18 19:33:01  ---  main.cpp:update concentrations took  avg 457.71 s max 469.99 s balance 0.97  --- 
2023-02-18 19:33:01  ---  main.cpp:compute updates took  avg 1265.77 s max 1265.82 s balance 1.00  --- 
2023-02-18 19:33:01  ---  main.cpp:dispatch updates took  avg 529.55 s max 572.55 s balance 0.92  --- 
2023-02-18 19:33:01  ---  main.cpp:add new actives took  avg 28.05 s max 28.56 s balance 0.98  --- 
2023-02-18 19:33:01  ---  main.cpp:erase inactive took  avg 246.47 s max 250.65 s balance 0.98  --- 
2023-02-18 19:33:01  ---  main.cpp:sample took  avg 0.00 s max 0.00 s balance -nan  --- 
2023-02-18 19:33:01  ---  main.cpp:sample write took  avg 0.00 s max 0.00 s balance -nan  --- 
2023-02-18 19:33:01  ---  main.cpp:log took  avg 12.77 s max 12.85 s balance 0.99  --- 
2023-02-18 19:33:01 Finished 144005 time steps in 2187.1296 s (0.0152 s per step)
2023-02-18 19:33:01  --- Elapsed time for main.cpp:run_sim:  (exiting barrier) 2023-02-18 19:33:01 ...
2023-02-18 19:33:01           ... (min/my/avg/max, bal) (2187.13/2187.13/2187.13/2187.13 s, 1.00) barrier(0.00 s) --- 
2023-02-18 19:33:01 Peak memory used across all nodes: 22.50GB
2023-02-18 19:33:01 Finished in 2191.20 s at 02/18/23 19:33:01 for SimCov version 0.1.1.8024051-dirty
