2023-02-16 13:08:40 SimCov version SimCov version 0.1.1.8024051-dirty-master built on 20230216_082905
2023-02-16 13:08:40 _________________________
2023-02-16 13:08:40 Compiler definitions:
2023-02-16 13:08:40   _XOPEN_SOURCE=700
2023-02-16 13:08:40   CONFIG_USE_COLORS
2023-02-16 13:08:40   USE_BYTELL
2023-02-16 13:08:40   MAX_VIRIONS=125000
2023-02-16 13:08:40   MIN_VIRIONS=1e-10
2023-02-16 13:08:40   BLOCK_PARTITION
2023-02-16 13:08:40   MIN_BLOCKS_PER_PROC=1
2023-02-16 13:08:40   AVERAGE_SUBSAMPLE
2023-02-16 13:08:40 _________________________
2023-02-16 13:08:40 Options:
2023-02-16 13:08:40   dim =                         15000 15000 1
2023-02-16 13:08:40   whole-lung-dim =              48000 40000 20000
2023-02-16 13:08:40   timesteps =                   144005
2023-02-16 13:08:40   infection-coords =            uniform:1
2023-02-16 13:08:40   initial-infection =           999
2023-02-16 13:08:40   incubation-period =           1200
2023-02-16 13:08:40   apoptosis-period =            180
2023-02-16 13:08:40   expressing-period =           900
2023-02-16 13:08:40   infectivity =                 0.1
2023-02-16 13:08:40   infectivity-multiplier =      1.0
2023-02-16 13:08:40   virion-production =           1.1
2023-02-16 13:08:40   virion-production-multiplier = 1.0
2023-02-16 13:08:40   virion-clearance =            0.004
2023-02-16 13:08:40   virion-diffusion =            0.15
2023-02-16 13:08:40   chemokine-production =        1.0
2023-02-16 13:08:40   chemokine-decay =             0.01
2023-02-16 13:08:40   chemokine-diffusion =         1.0
2023-02-16 13:08:40   min-chemokine =               1e-06
2023-02-16 13:08:40   antibody-factor =             1
2023-02-16 13:08:40   antibody-period =             5760
2023-02-16 13:08:40   tcell-generation-rate =       105000
2023-02-16 13:08:40   tcell-initial-delay =         10080
2023-02-16 13:08:40   tcell-vascular-period =       5760
2023-02-16 13:08:40   tcell-tissue-period =         1440
2023-02-16 13:08:40   tcell-binding-period =        10
2023-02-16 13:08:40   max-binding-prob =            1
2023-02-16 13:08:40   tcells-follow-gradient =      false
2023-02-16 13:08:40   seed =                        8
2023-02-16 13:08:40   sample-period =               0
2023-02-16 13:08:40   sample-resolution =           1
2023-02-16 13:08:40   max-block-dim =               10
2023-02-16 13:08:40   output =                      exp_results/per_1200_inf_0.1/init_999/8
2023-02-16 13:08:40 _________________________
2023-02-16 13:08:40 Starting run with 64 processes on 2 nodes at 02/16/23 13:08:40
2023-02-16 13:08:40 Pinned processes, with process 0 (pid 4081957) pinned to core 0
2023-02-16 13:08:40 Using block partitioning
2023-02-16 13:08:40 Initial free memory across all nodes: 151.02GB
2023-02-16 13:08:40 Starting with 74.72GB free on node 0
2023-02-16 13:08:40 Dividing 225000000 grid points into 3515625 squares of size 64 (8^2), with 54932 per process
2023-02-16 13:08:40 Total initial memory required per process is at least 281.63MB with each grid point requiring on average 84 bytes
2023-02-16 13:08:44  --- Elapsed time for tissue.cpp:Tissue:  (exiting barrier) 2023-02-16 13:08:44 ...
2023-02-16 13:08:44           ... (min/my/avg/max, bal) (3.49/3.49/3.49/3.49 s, 1.00) barrier(0.00 s) --- 
2023-02-16 13:08:44 Memory used on node 0 after initialization is  10.91GB
2023-02-16 13:08:44           ... (min/my/avg/max, bal) No-Time barrier(0.00 s) --- 
2023-02-16 13:08:44 Fraction of circulating T cells extravasating is 5.85938e-06
2023-02-16 13:08:44 # datetime                    step    incb       expr       apop       dead       tvas       ttis       chem       virs       chempts    %infct     <%active  lbln>
2023-02-16 13:08:44 [0] <main.cpp:141> WARNING: Time step 0: SUCCESSFUL initial infection at (7500, 7500, 0) after 0 tries
2023-02-16 13:08:44 [02/16/23 13:08:44    0.00s]: 0       1          0          0          0          0          0          0.00e+00   0.00e+00   1.00e+00   0.00       < 0.000 0.016 >
2023-02-16 13:08:45 [02/16/23 13:08:45    1.29s]: 2880    5003       1581       0          1132       0          0          1.64e-05   2.69e+05   2.61e+04   0.00       < 0.012 0.798 >
2023-02-16 13:08:48 [02/16/23 13:08:48    3.15s]: 5760    9617       6986       0          11690      0          0          6.45e-05   1.85e+06   6.18e+04   0.01       < 0.027 0.895 >
2023-02-16 13:08:53 [02/16/23 13:08:53    5.37s]: 8640    16673      9404       0          36594      0          0          9.84e-05   2.49e+06   1.10e+05   0.03       < 0.049 0.938 >
2023-02-16 13:09:02 [02/16/23 13:09:02    8.78s]: 11520   19473      13538      1087       74924      133767872  379        1.43e-04   3.73e+06   1.69e+05   0.05       < 0.075 0.946 >
2023-02-16 13:09:15 [02/16/23 13:09:15   13.21s]: 14400   15602      4378       3648       139910     319073073  1920       1.28e-04   1.71e+06   2.35e+05   0.07       < 0.103 0.970 >
2023-02-16 13:09:33 [02/16/23 13:09:33   17.99s]: 17280   11596      535        3665       204995     431459299  3185       6.17e-05   3.23e+05   3.01e+05   0.10       < 0.125 0.973 >
2023-02-16 13:09:55 [02/16/23 13:09:55   21.38s]: 20160   8898       178        3690       264176     499621096  3917       3.04e-05   1.05e+05   3.64e+05   0.12       < 0.139 0.963 >
2023-02-16 13:10:18 [02/16/23 13:10:18   23.03s]: 23040   4228       18         1993       310835     540961167  3653       5.81e-06   1.46e+04   3.79e+05   0.14       < 0.138 0.954 >
2023-02-16 13:10:38 [02/16/23 13:10:38   20.42s]: 25920   2706       8          1072       332665     566036848  1875       1.67e-06   1.81e+03   3.61e+05   0.15       < 0.126 0.915 >
2023-02-16 13:10:57 [02/16/23 13:10:57   18.28s]: 28800   5712       19         1977       356803     581244571  2892       7.05e-06   3.66e+04   4.43e+05   0.16       < 0.113 0.921 >
2023-02-16 13:11:16 [02/16/23 13:11:16   19.58s]: 31680   3086       10         1398       386933     590467755  2498       6.59e-06   2.19e+04   4.55e+05   0.17       < 0.125 0.931 >
2023-02-16 13:11:35 [02/16/23 13:11:35   19.00s]: 34560   3784       53         1505       408622     596062550  2215       8.15e-06   4.50e+04   4.64e+05   0.18       < 0.117 0.926 >
2023-02-16 13:11:53 [02/16/23 13:11:53   17.73s]: 37440   3637       76         1610       431236     599455729  2311       5.38e-06   1.61e+04   4.96e+05   0.19       < 0.113 0.961 >
2023-02-16 13:12:12 [02/16/23 13:12:12   19.11s]: 40320   4215       16         1605       459235     601512749  2913       5.68e-06   2.55e+04   5.24e+05   0.21       < 0.124 0.953 >
2023-02-16 13:12:33 [02/16/23 13:12:33   20.76s]: 43200   4514       151        1748       483903     602760806  2737       1.05e-05   4.67e+04   5.63e+05   0.22       < 0.137 0.965 >
2023-02-16 13:12:55 [02/16/23 13:12:55   22.66s]: 46080   4634       34         1961       517296     603516711  3457       7.21e-06   2.44e+04   5.96e+05   0.23       < 0.142 0.962 >
2023-02-16 13:13:20 [02/16/23 13:13:20   24.17s]: 48960   6026       193        2440       546107     603975751  3497       1.44e-05   4.14e+04   6.31e+05   0.25       < 0.158 0.963 >
2023-02-16 13:13:47 [02/16/23 13:13:47   27.99s]: 51840   6632       62         2677       588236     604252169  4174       1.02e-05   4.85e+04   7.02e+05   0.27       < 0.180 0.950 >
2023-02-16 13:14:17 [02/16/23 13:14:17   29.69s]: 54720   6219       14         2318       628056     604420642  3783       6.49e-06   1.75e+04   7.35e+05   0.28       < 0.186 0.936 >
2023-02-16 13:14:48 [02/16/23 13:14:48   30.64s]: 57600   5203       104        2073       666054     604522274  4212       1.01e-05   2.60e+04   7.62e+05   0.30       < 0.196 0.950 >
2023-02-16 13:15:21 [02/16/23 13:15:21   33.12s]: 60480   6769       119        2807       705311     604583465  4402       1.46e-05   5.37e+04   8.18e+05   0.32       < 0.204 0.958 >
2023-02-16 13:15:57 [02/16/23 13:15:57   36.38s]: 63360   5800       16         2481       751638     604619934  4453       5.14e-06   1.50e+04   8.48e+05   0.34       < 0.213 0.935 >
2023-02-16 13:16:33 [02/16/23 13:16:33   35.99s]: 66240   6151       105        2444       784983     604643357  4085       1.09e-05   3.03e+04   8.96e+05   0.35       < 0.213 0.931 >
2023-02-16 13:17:13 [02/16/23 13:17:13   39.27s]: 69120   6838       124        2845       829703     604655349  4815       1.53e-05   7.71e+04   9.48e+05   0.37       < 0.235 0.957 >
2023-02-16 13:17:54 [02/16/23 13:17:54   41.36s]: 72000   3979       118        2139       873802     604663571  4683       1.24e-05   3.28e+04   9.46e+05   0.39       < 0.240 0.952 >
2023-02-16 13:18:35 [02/16/23 13:18:35   41.01s]: 74880   8080       148        3295       910001     604669042  4329       1.44e-05   5.48e+04   1.03e+06   0.41       < 0.242 0.949 >
2023-02-16 13:19:18 [02/16/23 13:19:18   42.92s]: 77760   6998       64         3820       970051     604670581  5605       1.18e-05   3.26e+04   1.11e+06   0.44       < 0.247 0.956 >
2023-02-16 13:20:00 [02/16/23 13:20:00   42.36s]: 80640   7830       34         2556       1013725    604673375  4176       9.02e-06   2.07e+04   1.12e+06   0.46       < 0.240 0.958 >
2023-02-16 13:20:45 [02/16/23 13:20:45   44.41s]: 83520   6218       121        3370       1071635    604672584  6152       1.26e-05   3.09e+04   1.19e+06   0.48       < 0.260 0.952 >
2023-02-16 13:21:31 [02/16/23 13:21:31   46.29s]: 86400   7015       252        3098       1117969    604673969  4251       1.74e-05   8.88e+04   1.24e+06   0.50       < 0.263 0.970 >
2023-02-16 13:22:17 [02/16/23 13:22:17   45.78s]: 89280   7314       27         3522       1175626    604673457  5878       7.61e-06   3.19e+04   1.31e+06   0.53       < 0.243 0.951 >
2023-02-16 13:23:01 [02/16/23 13:23:01   44.67s]: 92160   8958       97         3470       1221666    604673996  5327       1.07e-05   5.14e+04   1.35e+06   0.55       < 0.263 0.949 >
2023-02-16 13:23:53 [02/16/23 13:23:53   51.51s]: 95040   9887       231        4464       1285458    604671944  6826       1.69e-05   6.65e+04   1.47e+06   0.58       < 0.293 0.965 >
2023-02-16 13:24:51 [02/16/23 13:24:51   57.93s]: 97920   9825       186        3762       1355758    604670690  6395       1.54e-05   4.15e+04   1.52e+06   0.61       < 0.313 0.958 >
2023-02-16 13:25:54 [02/16/23 13:25:54   62.95s]: 100800  11653      157        5490       1433938    604667797  8350       2.29e-05   8.83e+04   1.65e+06   0.64       < 0.345 0.974 >
2023-02-16 13:27:04 [02/16/23 13:27:04   70.26s]: 103680  14194      25         4559       1511010    604666421  6979       8.85e-06   2.04e+04   1.72e+06   0.68       < 0.379 0.979 >
2023-02-16 13:28:21 [02/16/23 13:28:21   77.32s]: 106560  14205      151        6604       1609528    604662376  10095      2.72e-05   8.60e+04   1.85e+06   0.72       < 0.414 0.967 >
2023-02-16 13:29:49 [02/16/23 13:29:49   88.00s]: 109440  13553      304        5727       1705887    604659817  9652       3.16e-05   1.26e+05   1.92e+06   0.77       < 0.460 0.964 >
2023-02-16 13:31:20 [02/16/23 13:31:20   90.41s]: 112320  9762       29         5135       1794355    604659036  8835       8.38e-06   2.22e+04   1.98e+06   0.80       < 0.443 0.956 >
2023-02-16 13:32:43 [02/16/23 13:32:43   83.70s]: 115200  10625      86         4684       1865887    604660497  8521       1.93e-05   4.70e+04   2.05e+06   0.84       < 0.425 0.977 >
2023-02-16 13:34:07 [02/16/23 13:34:07   83.96s]: 118080  11443      96         4815       1940509    604661213  7675       1.48e-05   6.94e+04   2.12e+06   0.87       < 0.426 0.970 >
2023-02-16 13:35:28 [02/16/23 13:35:28   81.04s]: 120960  11655      126        4579       2012320    604662031  7380       1.39e-05   6.46e+04   2.20e+06   0.90       < 0.407 0.964 >
2023-02-16 13:36:46 [02/16/23 13:36:46   77.58s]: 123840  9569       83         4671       2090499    604662883  7833       1.48e-05   5.48e+04   2.28e+06   0.94       < 0.374 0.966 >
2023-02-16 13:37:54 [02/16/23 13:37:54   67.96s]: 126720  6868       20         2306       2145429    604666308  4762       5.46e-06   1.05e+04   2.24e+06   0.96       < 0.341 0.951 >
2023-02-16 13:39:01 [02/16/23 13:39:01   67.48s]: 129600  13529      111        6512       2221929    604664085  9944       2.27e-05   8.93e+04   2.44e+06   1.00       < 0.343 0.958 >
2023-02-16 13:40:14 [02/16/23 13:40:14   72.70s]: 132480  10375      190        4257       2298306    604664266  7326       1.66e-05   4.90e+04   2.47e+06   1.03       < 0.383 0.961 >
2023-02-16 13:41:31 [02/16/23 13:41:31   76.61s]: 135360  11356      56         4710       2378586    604663237  8306       1.01e-05   3.63e+04   2.55e+06   1.06       < 0.384 0.973 >
2023-02-16 13:42:47 [02/16/23 13:42:47   76.56s]: 138240  12835      532        5723       2455762    604662958  8299       3.91e-05   2.14e+05   2.68e+06   1.10       < 0.399 0.964 >
2023-02-16 13:44:11 [02/16/23 13:44:11   83.66s]: 141120  9919       160        4920       2549892    604660023  9891       1.61e-05   7.20e+04   2.73e+06   1.14       < 0.433 0.977 >
2023-02-16 13:45:37 [02/16/23 13:45:37   86.46s]: 144000  15609      277        5847       2625249    604659764  9387       3.00e-05   1.32e+05   2.89e+06   1.18       < 0.454 0.972 >
2023-02-16 13:45:38 [02/16/23 13:45:38    0.13s]: 144004  15663      278        5840       2625378    604659751  9394       3.00e-05   1.32e+05   2.89e+06   1.18       < 0.454 0.972 >
2023-02-16 13:45:38  ---  main.cpp:generate tcells took  avg 0.04 s max 0.05 s balance 0.76  --- 
2023-02-16 13:45:38  ---  main.cpp:update circulating tcells took  avg 53.48 s max 57.13 s balance 0.94  --- 
2023-02-16 13:45:38  ---  main.cpp:update tcells took  avg 110.73 s max 122.29 s balance 0.91  --- 
2023-02-16 13:45:38  ---  main.cpp:update epicells took  avg 72.18 s max 74.97 s balance 0.96  --- 
2023-02-16 13:45:38  ---  main.cpp:update concentrations took  avg 467.71 s max 481.18 s balance 0.97  --- 
2023-02-16 13:45:38  ---  main.cpp:compute updates took  avg 1273.67 s max 1273.71 s balance 1.00  --- 
2023-02-16 13:45:38  ---  main.cpp:dispatch updates took  avg 537.75 s max 574.52 s balance 0.94  --- 
2023-02-16 13:45:38  ---  main.cpp:add new actives took  avg 35.55 s max 36.53 s balance 0.97  --- 
2023-02-16 13:45:38  ---  main.cpp:erase inactive took  avg 254.86 s max 260.81 s balance 0.98  --- 
2023-02-16 13:45:38  ---  main.cpp:sample took  avg 0.00 s max 0.00 s balance -nan  --- 
2023-02-16 13:45:38  ---  main.cpp:sample write took  avg 0.00 s max 0.00 s balance -nan  --- 
2023-02-16 13:45:38  ---  main.cpp:log took  avg 10.86 s max 10.91 s balance 1.00  --- 
2023-02-16 13:45:38 Finished 144005 time steps in 2213.9715 s (0.0154 s per step)
2023-02-16 13:45:38  --- Elapsed time for main.cpp:run_sim:  (exiting barrier) 2023-02-16 13:45:38 ...
2023-02-16 13:45:38           ... (min/my/avg/max, bal) (2213.97/2213.97/2213.97/2213.97 s, 1.00) barrier(0.00 s) --- 
2023-02-16 13:45:38 Peak memory used across all nodes: 22.42GB
2023-02-16 13:45:38 Finished in 2217.75 s at 02/16/23 13:45:38 for SimCov version 0.1.1.8024051-dirty
