2023-02-16 08:53:32 SimCov version SimCov version 0.1.1.8024051-dirty-master built on 20230216_082905
2023-02-16 08:53:32 _________________________
2023-02-16 08:53:32 Compiler definitions:
2023-02-16 08:53:32   _XOPEN_SOURCE=700
2023-02-16 08:53:32   CONFIG_USE_COLORS
2023-02-16 08:53:32   USE_BYTELL
2023-02-16 08:53:32   MAX_VIRIONS=125000
2023-02-16 08:53:32   MIN_VIRIONS=1e-10
2023-02-16 08:53:32   BLOCK_PARTITION
2023-02-16 08:53:32   MIN_BLOCKS_PER_PROC=1
2023-02-16 08:53:32   AVERAGE_SUBSAMPLE
2023-02-16 08:53:32 _________________________
2023-02-16 08:53:32 Options:
2023-02-16 08:53:32   dim =                         15000 15000 1
2023-02-16 08:53:32   whole-lung-dim =              48000 40000 20000
2023-02-16 08:53:32   timesteps =                   144005
2023-02-16 08:53:32   infection-coords =            uniform:1
2023-02-16 08:53:32   initial-infection =           999
2023-02-16 08:53:32   incubation-period =           5000
2023-02-16 08:53:32   apoptosis-period =            180
2023-02-16 08:53:32   expressing-period =           900
2023-02-16 08:53:32   infectivity =                 0.025
2023-02-16 08:53:32   infectivity-multiplier =      1.0
2023-02-16 08:53:32   virion-production =           1.1
2023-02-16 08:53:32   virion-production-multiplier = 1.0
2023-02-16 08:53:32   virion-clearance =            0.004
2023-02-16 08:53:32   virion-diffusion =            0.15
2023-02-16 08:53:32   chemokine-production =        1.0
2023-02-16 08:53:32   chemokine-decay =             0.01
2023-02-16 08:53:32   chemokine-diffusion =         1.0
2023-02-16 08:53:32   min-chemokine =               1e-06
2023-02-16 08:53:32   antibody-factor =             1
2023-02-16 08:53:32   antibody-period =             5760
2023-02-16 08:53:32   tcell-generation-rate =       105000
2023-02-16 08:53:32   tcell-initial-delay =         10080
2023-02-16 08:53:32   tcell-vascular-period =       5760
2023-02-16 08:53:32   tcell-tissue-period =         1440
2023-02-16 08:53:32   tcell-binding-period =        10
2023-02-16 08:53:32   max-binding-prob =            1
2023-02-16 08:53:32   tcells-follow-gradient =      false
2023-02-16 08:53:32   seed =                        8
2023-02-16 08:53:32   sample-period =               0
2023-02-16 08:53:32   sample-resolution =           1
2023-02-16 08:53:32   max-block-dim =               10
2023-02-16 08:53:32   output =                      exp_results/per_5000_inf_0.025/init_1000/8
2023-02-16 08:53:32 _________________________
2023-02-16 08:53:32 Starting run with 64 processes on 2 nodes at 02/16/23 08:53:32
2023-02-16 08:53:32 Pinned processes, with process 0 (pid 4057657) pinned to core 0
2023-02-16 08:53:32 Using block partitioning
2023-02-16 08:53:32 Initial free memory across all nodes: 151.09GB
2023-02-16 08:53:32 Starting with 74.77GB free on node 0
2023-02-16 08:53:32 Dividing 225000000 grid points into 3515625 squares of size 64 (8^2), with 54932 per process
2023-02-16 08:53:32 Total initial memory required per process is at least 281.63MB with each grid point requiring on average 84 bytes
2023-02-16 08:53:36  --- Elapsed time for tissue.cpp:Tissue:  (exiting barrier) 2023-02-16 08:53:36 ...
2023-02-16 08:53:36           ... (min/my/avg/max, bal) (3.50/3.50/3.50/3.50 s, 1.00) barrier(0.00 s) --- 
2023-02-16 08:53:36 Memory used on node 0 after initialization is  10.90GB
2023-02-16 08:53:36           ... (min/my/avg/max, bal) No-Time barrier(0.00 s) --- 
2023-02-16 08:53:36 Fraction of circulating T cells extravasating is 5.85938e-06
2023-02-16 08:53:36 # datetime                    step    incb       expr       apop       dead       tvas       ttis       chem       virs       chempts    %infct     <%active  lbln>
2023-02-16 08:53:36 [0] <main.cpp:141> WARNING: Time step 0: SUCCESSFUL initial infection at (7500, 7500, 0) after 0 tries
2023-02-16 08:53:36 [02/16/23 08:53:36    0.00s]: 0       1          0          0          0          0          0          0.00e+00   0.00e+00   1.00e+00   0.00       < 0.000 0.016 >
2023-02-16 08:53:36 [02/16/23 08:53:36    0.86s]: 2880    807        0          0          0          0          0          0.00e+00   9.69e-03   8.07e+02   0.00       < 0.007 0.776 >
2023-02-16 08:53:37 [02/16/23 08:53:37    0.98s]: 5760    2556       720        0          2          0          0          9.43e-06   1.55e+05   1.93e+04   0.00       < 0.009 0.787 >
2023-02-16 08:53:39 [02/16/23 08:53:39    2.03s]: 8640    6545       0          0          807        0          0          7.93e-11   6.42e+01   7.37e+03   0.00       < 0.014 0.875 >
2023-02-16 08:53:42 [02/16/23 08:53:42    2.17s]: 11520   5147       2453       313        3239       133768252  88         3.22e-05   7.90e+05   3.62e+04   0.00       < 0.016 0.887 >
2023-02-16 08:53:46 [02/16/23 08:53:46    3.95s]: 14400   2920       1          710        15496      319075310  441        6.42e-07   2.76e+03   3.73e+04   0.01       < 0.024 0.912 >
2023-02-16 08:53:49 [02/16/23 08:53:49    3.76s]: 17280   11         0          0          19276      431465471  0          0.00e+00   4.40e-02   1.93e+04   0.01       < 0.023 0.904 >
2023-02-16 08:53:53 [02/16/23 08:53:53    3.91s]: 20160   282        2          73         19694      499630120  170        3.55e-07   2.86e+02   2.59e+04   0.01       < 0.013 0.798 >
2023-02-16 08:53:57 [02/16/23 08:53:57    3.88s]: 23040   26         0          5          21226      540972341  57         0.00e+00   3.23e-01   2.13e+04   0.01       < 0.022 0.898 >
2023-02-16 08:54:00 [02/16/23 08:54:00    3.33s]: 25920   753        0          163        21651      566046511  270        9.76e-09   1.70e+02   3.29e+04   0.01       < 0.011 0.755 >
2023-02-16 08:54:05 [02/16/23 08:54:05    4.25s]: 28800   802        0          416        24595      581253905  584        1.25e-09   8.11e+01   3.46e+04   0.01       < 0.028 0.862 >
2023-02-16 08:54:09 [02/16/23 08:54:09    4.46s]: 31680   223        1          92         26107      590477625  205        5.44e-08   7.30e+01   2.95e+04   0.01       < 0.022 0.838 >
2023-02-16 08:54:13 [02/16/23 08:54:13    4.15s]: 34560   907        4          88         27629      596071642  209        8.33e-07   8.02e+02   4.02e+04   0.01       < 0.027 0.862 >
2023-02-16 08:54:18 [02/16/23 08:54:18    4.65s]: 37440   446        1          20         30324      599464528  82         3.41e-07   3.76e+02   3.84e+04   0.01       < 0.022 0.813 >
2023-02-16 08:54:22 [02/16/23 08:54:22    4.25s]: 40320   734        0          191        31643      601522210  368        2.26e-07   2.97e+02   4.55e+04   0.01       < 0.022 0.784 >
2023-02-16 08:54:27 [02/16/23 08:54:27    4.73s]: 43200   62         0          44         33776      602770496  150        0.00e+00   2.09e+00   3.39e+04   0.02       < 0.025 0.852 >
2023-02-16 08:54:30 [02/16/23 08:54:30    3.36s]: 46080   242        1          52         33999      603527710  156        2.14e-07   2.05e+02   4.28e+04   0.02       < 0.012 0.741 >
2023-02-16 08:54:34 [02/16/23 08:54:34    4.08s]: 48960   213        0          108        35803      603986605  283        5.06e-09   4.88e+01   3.93e+04   0.02       < 0.025 0.821 >
2023-02-16 08:54:38 [02/16/23 08:54:38    4.01s]: 51840   295        0          44         36172      604265397  84         2.17e-08   9.15e+01   4.17e+04   0.02       < 0.016 0.800 >
2023-02-16 08:54:42 [02/16/23 08:54:42    3.47s]: 54720   376        0          198        37958      604433965  314        4.01e-10   4.08e+01   4.23e+04   0.02       < 0.016 0.797 >
2023-02-16 08:54:46 [02/16/23 08:54:46    4.58s]: 57600   315        1          9          39570      604536633  139        2.27e-07   2.40e+02   4.64e+04   0.02       < 0.026 0.870 >
2023-02-16 08:54:50 [02/16/23 08:54:50    3.84s]: 60480   340        3          29         40318      604598490  79         3.49e-07   2.69e+02   4.91e+04   0.02       < 0.017 0.825 >
2023-02-16 08:54:55 [02/16/23 08:54:55    4.44s]: 63360   35         0          0          43031      604636177  9          0.00e+00   1.85e-01   4.31e+04   0.02       < 0.023 0.851 >
2023-02-16 08:54:59 [02/16/23 08:54:59    4.37s]: 66240   294        5          128        44769      604658855  296        6.72e-07   7.27e+02   5.27e+04   0.02       < 0.019 0.851 >
2023-02-16 08:55:04 [02/16/23 08:55:04    5.24s]: 69120   29         0          2          46530      604672520  59         0.00e+00   3.52e-01   4.66e+04   0.02       < 0.027 0.900 >
2023-02-16 08:55:08 [02/16/23 08:55:08    3.93s]: 72000   842        0          223        47048      604681013  452        2.30e-07   4.41e+02   6.45e+04   0.02       < 0.019 0.829 >
2023-02-16 08:55:13 [02/16/23 08:55:13    4.74s]: 74880   876        0          158        48782      604686123  321        2.76e-07   5.30e+02   6.04e+04   0.02       < 0.032 0.859 >
2023-02-16 08:55:17 [02/16/23 08:55:17    4.24s]: 77760   570        3          22         50244      604689527  80         8.02e-07   6.99e+02   6.38e+04   0.02       < 0.025 0.872 >
2023-02-16 08:55:22 [02/16/23 08:55:22    5.16s]: 80640   409        0          41         53116      604691055  138        5.34e-08   1.75e+02   6.52e+04   0.02       < 0.034 0.839 >
2023-02-16 08:55:27 [02/16/23 08:55:27    4.98s]: 83520   21         0          0          53956      604692462  0          0.00e+00   2.24e-02   5.40e+04   0.02       < 0.016 0.800 >
2023-02-16 08:55:32 [02/16/23 08:55:32    4.20s]: 86400   794        0          282        56145      604692744  562        1.95e-08   1.86e+02   6.48e+04   0.03       < 0.026 0.847 >
2023-02-16 08:55:36 [02/16/23 08:55:36    4.87s]: 89280   77         1          35         57884      604693437  118        1.06e-07   5.19e+01   5.90e+04   0.03       < 0.026 0.880 >
2023-02-16 08:55:41 [02/16/23 08:55:41    4.70s]: 92160   627        0          196        59496      604693408  497        2.19e-07   2.90e+02   7.37e+04   0.03       < 0.029 0.827 >
2023-02-16 08:55:46 [02/16/23 08:55:46    5.07s]: 95040   386        0          176        61041      604693701  254        1.62e-09   5.86e+01   6.38e+04   0.03       < 0.029 0.903 >
2023-02-16 08:55:50 [02/16/23 08:55:50    4.21s]: 97920   395        0          103        62518      604693869  287        2.27e-07   2.59e+02   7.03e+04   0.03       < 0.024 0.846 >
2023-02-16 08:55:56 [02/16/23 08:55:56    5.37s]: 100800  154        1          4          64778      604693892  69         2.09e-07   1.64e+02   6.97e+04   0.03       < 0.033 0.843 >
2023-02-16 08:56:01 [02/16/23 08:56:01    4.87s]: 103680  142        0          104        66085      604693878  358        0.00e+00   1.17e+01   6.63e+04   0.03       < 0.021 0.820 >
2023-02-16 08:56:06 [02/16/23 08:56:06    5.02s]: 106560  239        0          93         67439      604693950  264        3.48e-09   4.81e+01   7.19e+04   0.03       < 0.030 0.840 >
2023-02-16 08:56:10 [02/16/23 08:56:10    4.46s]: 109440  20         1          7          68770      604694158  95         1.49e-08   5.27e+00   6.89e+04   0.03       < 0.018 0.818 >
2023-02-16 08:56:15 [02/16/23 08:56:15    4.54s]: 112320  208        0          69         70627      604694058  249        1.44e-07   1.87e+02   7.65e+04   0.03       < 0.027 0.870 >
2023-02-16 08:56:19 [02/16/23 08:56:19    3.83s]: 115200  22         0          0          71092      604694412  0          0.00e+00   1.81e-03   7.11e+04   0.03       < 0.012 0.842 >
2023-02-16 08:56:22 [02/16/23 08:56:22    3.23s]: 118080  1320       0          203        72050      604694213  367        2.95e-07   4.38e+02   8.97e+04   0.03       < 0.021 0.836 >
2023-02-16 08:56:27 [02/16/23 08:56:27    5.10s]: 120960  89         0          5          74921      604694204  82         0.00e+00   4.21e-01   7.50e+04   0.03       < 0.029 0.789 >
2023-02-16 08:56:31 [02/16/23 08:56:31    4.47s]: 123840  521        0          254        76538      604693879  533        4.47e-07   6.13e+02   8.72e+04   0.03       < 0.022 0.840 >
2023-02-16 08:56:36 [02/16/23 08:56:36    4.71s]: 126720  28         0          5          78774      604694020  38         0.00e+00   1.94e-01   7.88e+04   0.04       < 0.028 0.888 >
2023-02-16 08:56:39 [02/16/23 08:56:39    3.21s]: 129600  569        2          49         78833      604694254  137        5.66e-07   6.05e+02   9.20e+04   0.04       < 0.009 0.773 >
2023-02-16 08:56:44 [02/16/23 08:56:44    4.96s]: 132480  43         0          26         82322      604693944  158        0.00e+00   1.74e+00   8.24e+04   0.04       < 0.035 0.876 >
2023-02-16 08:56:49 [02/16/23 08:56:49    4.34s]: 135360  136        0          38         82415      604694200  163        2.26e-07   2.37e+02   9.05e+04   0.04       < 0.014 0.839 >
2023-02-16 08:56:53 [02/16/23 08:56:53    4.23s]: 138240  627        0          60         84356      604694031  239        5.27e-07   6.03e+02   9.48e+04   0.04       < 0.032 0.884 >
2023-02-16 08:56:57 [02/16/23 08:56:57    4.42s]: 141120  299        2          15         85550      604694253  26         5.22e-07   5.19e+02   9.25e+04   0.04       < 0.020 0.755 >
2023-02-16 08:57:03 [02/16/23 08:57:03    5.45s]: 144000  390        0          147        89114      604693653  487        5.05e-09   1.88e+02   9.67e+04   0.04       < 0.034 0.906 >
2023-02-16 08:57:03 [02/16/23 08:57:03    0.01s]: 144004  391        0          143        89119      604693650  486        4.85e-09   1.85e+02   9.67e+04   0.04       < 0.034 0.908 >
2023-02-16 08:57:03  ---  main.cpp:generate tcells took  avg 0.01 s max 0.01 s balance 0.75  --- 
2023-02-16 08:57:03  ---  main.cpp:update circulating tcells took  avg 47.38 s max 51.13 s balance 0.93  --- 
2023-02-16 08:57:03  ---  main.cpp:update tcells took  avg 4.40 s max 4.95 s balance 0.89  --- 
2023-02-16 08:57:03  ---  main.cpp:update epicells took  avg 6.96 s max 7.24 s balance 0.96  --- 
2023-02-16 08:57:03  ---  main.cpp:update concentrations took  avg 19.48 s max 20.35 s balance 0.96  --- 
2023-02-16 08:57:03  ---  main.cpp:compute updates took  avg 126.10 s max 126.11 s balance 1.00  --- 
2023-02-16 08:57:03  ---  main.cpp:dispatch updates took  avg 41.07 s max 44.21 s balance 0.93  --- 
2023-02-16 08:57:03  ---  main.cpp:add new actives took  avg 3.00 s max 3.14 s balance 0.96  --- 
2023-02-16 08:57:03  ---  main.cpp:erase inactive took  avg 12.97 s max 13.40 s balance 0.97  --- 
2023-02-16 08:57:03  ---  main.cpp:sample took  avg 0.00 s max 0.00 s balance -nan  --- 
2023-02-16 08:57:03  ---  main.cpp:sample write took  avg 0.00 s max 0.00 s balance -nan  --- 
2023-02-16 08:57:03  ---  main.cpp:log took  avg 6.20 s max 6.22 s balance 1.00  --- 
2023-02-16 08:57:03 Finished 144005 time steps in 207.1024 s (0.0014 s per step)
2023-02-16 08:57:03  --- Elapsed time for main.cpp:run_sim:  (exiting barrier) 2023-02-16 08:57:03 ...
2023-02-16 08:57:03           ... (min/my/avg/max, bal) (207.10/207.10/207.10/207.10 s, 1.00) barrier(0.00 s) --- 
2023-02-16 08:57:03 Peak memory used across all nodes: 21.90GB
2023-02-16 08:57:03 Finished in 211.12 s at 02/16/23 08:57:03 for SimCov version 0.1.1.8024051-dirty
