2023-02-14 00:09:53 SimCov version SimCov version 0.1.1.9cc77ef-dirty-branching_airways_3min_model built on 20230204_191356
2023-02-14 00:09:53 _________________________
2023-02-14 00:09:53 Compiler definitions:
2023-02-14 00:09:53   _XOPEN_SOURCE=700
2023-02-14 00:09:53   CONFIG_USE_COLORS
2023-02-14 00:09:53   USE_BYTELL
2023-02-14 00:09:53   MAX_VIRIONS=125000
2023-02-14 00:09:53   MIN_VIRIONS=1e-10
2023-02-14 00:09:53   BLOCK_PARTITION
2023-02-14 00:09:53   MIN_BLOCKS_PER_PROC=1
2023-02-14 00:09:53   AVERAGE_SUBSAMPLE
2023-02-14 00:09:53 _________________________
2023-02-14 00:09:53 Options:
2023-02-14 00:09:53   dim =                         15000 15000 1
2023-02-14 00:09:53   whole-lung-dim =              48000 40000 20000
2023-02-14 00:09:53   timesteps =                   216005
2023-02-14 00:09:53   infection-coords =            uniform:1
2023-02-14 00:09:53   initial-infection =           999
2023-02-14 00:09:53   incubation-period =           1200
2023-02-14 00:09:53   apoptosis-period =            180
2023-02-14 00:09:53   expressing-period =           900
2023-02-14 00:09:53   infectivity =                 0.1
2023-02-14 00:09:53   infectivity-multiplier =      1.0
2023-02-14 00:09:53   virion-production =           1.1
2023-02-14 00:09:53   virion-production-multiplier = 1.0
2023-02-14 00:09:53   virion-clearance =            0.004
2023-02-14 00:09:53   virion-diffusion =            0.15
2023-02-14 00:09:53   chemokine-production =        1.0
2023-02-14 00:09:53   chemokine-decay =             0.01
2023-02-14 00:09:53   chemokine-diffusion =         1.0
2023-02-14 00:09:53   min-chemokine =               1e-06
2023-02-14 00:09:53   antibody-factor =             1
2023-02-14 00:09:53   antibody-period =             5760
2023-02-14 00:09:53   tcell-generation-rate =       105000
2023-02-14 00:09:53   tcell-initial-delay =         10080
2023-02-14 00:09:53   tcell-vascular-period =       5760
2023-02-14 00:09:53   tcell-tissue-period =         1440
2023-02-14 00:09:53   tcell-binding-period =        10
2023-02-14 00:09:53   max-binding-prob =            1
2023-02-14 00:09:53   tcells-follow-gradient =      false
2023-02-14 00:09:53   seed =                        4
2023-02-14 00:09:53   sample-period =               0
2023-02-14 00:09:53   sample-resolution =           1
2023-02-14 00:09:53   max-block-dim =               10
2023-02-14 00:09:53   output =                      exp_results/per_1200_inf_0.1/init_999/4
2023-02-14 00:09:53 _________________________
2023-02-14 00:09:53 Starting run with 64 processes on 2 nodes at 02/14/23 00:09:53
2023-02-14 00:09:53 Pinned processes, with process 0 (pid 3790466) pinned to core 0
2023-02-14 00:09:53 Using block partitioning
2023-02-14 00:09:53 Initial free memory across all nodes: 152.32GB
2023-02-14 00:09:53 Starting with 76.35GB free on node 0
2023-02-14 00:09:53 Dividing 225000000 grid points into 3515625 squares of size 64 (8^2), with 54932 per process
2023-02-14 00:09:53 Total initial memory required per process is at least 308.46MB with each grid point requiring on average 92 bytes
2023-02-14 00:09:57  --- Elapsed time for tissue.cpp:Tissue:  (exiting barrier) 2023-02-14 00:09:57 ...
2023-02-14 00:09:57           ... (min/my/avg/max, bal) (3.40/3.40/3.40/3.40 s, 1.00) barrier(0.00 s) --- 
2023-02-14 00:09:57 Memory used on node 0 after initialization is  11.75GB
2023-02-14 00:09:57           ... (min/my/avg/max, bal) No-Time barrier(0.00 s) --- 
2023-02-14 00:09:57 Fraction of circulating T cells extravasating is 5.85938e-06
2023-02-14 00:09:57 # datetime                    step    incb       expr       apop       dead       tvas       ttis       inflcell   inflallvirs%infct     <%active  lbln>
2023-02-14 00:09:57 [0] <main.cpp:145> WARNING: Time step 0: SUCCESSFUL initial infection at (7500, 7500, 0) after 0 tries
2023-02-14 00:09:57 [02/14/23 00:09:57    0.00s]: 0       1          0          0          0          0          0          0          0          0.00e+00   0.0000004444< 0.000 0.016 >
2023-02-14 00:09:59 [02/14/23 00:09:59    2.59s]: 4320    8388       3412       0          5419       0          0          44685      44685      1.03e+06   0.0076528889< 0.020 0.846 >
2023-02-14 00:10:06 [02/14/23 00:10:06    6.95s]: 8640    16260      9421       0          37045      0          0          109664     109664     2.54e+06   0.0278782222< 0.049 0.943 >
2023-02-14 00:10:20 [02/14/23 00:10:20   14.05s]: 12960   17366      8668       3012       106742     237943574  1177       201758     201758     2.96e+06   0.0603502222< 0.090 0.961 >
2023-02-14 00:10:45 [02/14/23 00:10:45   24.44s]: 17280   11896      526        4073       204206     431459368  3186       301766     301766     3.15e+05   0.0980893333< 0.126 0.970 >
2023-02-14 00:11:17 [02/14/23 00:11:17   32.15s]: 21600   6068       38         2601       286580     522861636  3812       384105     384105     2.53e+04   0.1312386667< 0.138 0.971 >
2023-02-14 00:11:46 [02/14/23 00:11:46   29.59s]: 25920   3615       18         1002       322848     566037421  1718       433183     433183     3.53e+03   0.1455480000< 0.120 0.942 >
2023-02-14 00:12:14 [02/14/23 00:12:14   27.96s]: 30240   6209       17         1868       368352     586429366  2950       509276     509276     1.09e+04   0.1673093333< 0.122 0.937 >
2023-02-14 00:12:46 [02/14/23 00:12:46   31.95s]: 34560   5838       12         2463       419237     596060678  3309       582357     582357     2.27e+04   0.1900222222< 0.143 0.944 >
2023-02-14 00:13:25 [02/14/23 00:13:25   38.43s]: 38880   3099       19         1763       476013     600609041  3785       647854     647854     2.14e+04   0.2137306667< 0.168 0.942 >
2023-02-14 00:14:03 [02/14/23 00:14:03   38.75s]: 43200   5970       145        2182       511904     602759036  2958       719612     719612     8.74e+04   0.2312004444< 0.153 0.948 >
2023-02-14 00:14:43 [02/14/23 00:14:43   39.05s]: 47520   4283       73         1927       569272     603772848  3287       795117     795117     2.61e+04   0.2558022222< 0.170 0.946 >
2023-02-14 00:15:27 [02/14/23 00:15:27   44.02s]: 51840   7602       105        3595       632329     604250093  5101       895855     895855     6.06e+04   0.2860582222< 0.199 0.951 >
2023-02-14 00:16:23 [02/14/23 00:16:23   56.83s]: 56160   4368       174        2622       706871     604474689  4487       972414     972414     4.64e+04   0.3173488889< 0.225 0.960 >
2023-02-14 00:17:22 [02/14/23 00:17:22   58.59s]: 60480   8584       21         3637       774317     604580594  5449       1089448    1089448    3.25e+04   0.3495817778< 0.232 0.941 >
2023-02-14 00:18:24 [02/14/23 00:18:24   62.15s]: 64800   8852       137        3114       848221     604631022  4323       1179036    1179036    4.48e+04   0.3823662222< 0.245 0.948 >
2023-02-14 00:19:44 [02/14/23 00:19:44   79.40s]: 69120   6223       87         3578       961501     604648945  7602       1322320    1322320    2.87e+04   0.4317284444< 0.309 0.948 >
2023-02-14 00:21:14 [02/14/23 00:21:14   90.36s]: 73440   11184      345        5379       1054804    604658975  7755       1456164    1456164    1.60e+05   0.4763164444< 0.324 0.962 >
2023-02-14 00:22:47 [02/14/23 00:22:47   93.00s]: 77760   7879       21         3590       1161840    604663431  6418       1567781    1567781    3.54e+04   0.5214800000< 0.319 0.972 >
2023-02-14 00:24:18 [02/14/23 00:24:18   91.26s]: 82080   12066      128        5081       1255178    604665455  7870       1702079    1702079    6.83e+04   0.5655346667< 0.332 0.972 >
2023-02-14 00:26:05 [02/14/23 00:26:05  107.12s]: 86400   8826       138        4193       1377437    604663854  7871       1829644    1829644    4.87e+04   0.6180417778< 0.390 0.971 >
2023-02-14 00:27:56 [02/14/23 00:27:56  110.28s]: 90720   12825      100        5288       1489087    604663362  8231       1966375    1966375    8.48e+04   0.6699111111< 0.390 0.952 >
2023-02-14 00:29:50 [02/14/23 00:29:50  114.13s]: 95040   13200      124        5276       1606137    604662475  8620       2091108    2091108    6.91e+04   0.7221053333< 0.406 0.979 >
2023-02-14 00:31:53 [02/14/23 00:31:53  123.32s]: 99360   12730      64         5050       1733532    604661106  8981       2232227    2232227    3.74e+04   0.7783893333< 0.426 0.960 >
2023-02-14 00:34:05 [02/14/23 00:34:05  132.13s]: 103680  13357      97         6556       1878073    604658519  10165      2402368    2402368    6.21e+04   0.8435924444< 0.442 0.961 >
2023-02-14 00:36:12 [02/14/23 00:36:12  126.73s]: 108000  11776      266        5194       1991316    604660979  8032       2537581    2537581    1.16e+05   0.8926897778< 0.416 0.955 >
2023-02-14 00:38:15 [02/14/23 00:38:15  123.10s]: 112320  11474      92         4489       2106673    604662056  7364       2669135    2669135    3.81e+04   0.9434346667< 0.417 0.962 >
2023-02-14 00:40:16 [02/14/23 00:40:16  120.99s]: 116640  12480      141        4795       2219235    604662304  8425       2813331    2813331    7.45e+04   0.9940671111< 0.409 0.964 >
2023-02-14 00:42:22 [02/14/23 00:42:22  126.31s]: 120960  11844      82         5075       2347072    604660978  8095       2971369    2971369    5.16e+04   1.0506991111< 0.434 0.962 >
2023-02-14 00:44:27 [02/14/23 00:44:27  124.44s]: 125280  7968       215        4266       2464979    604661490  7622       3109173    3109173    9.75e+04   1.1010791111< 0.416 0.976 >
2023-02-14 00:46:29 [02/14/23 00:46:29  122.78s]: 129600  15695      175        6401       2586463    604660494  10023      3283847    3283847    1.23e+05   1.1594373333< 0.426 0.965 >
2023-02-14 00:48:42 [02/14/23 00:48:42  132.74s]: 133920  11607      54         4895       2724539    604658992  8600       3451690    3451690    6.04e+04   1.2182644444< 0.443 0.955 >
2023-02-14 00:50:54 [02/14/23 00:50:54  132.29s]: 138240  11619      185        5899       2857051    604658539  9864       3625741    3625741    7.05e+04   1.2776684444< 0.432 0.967 >
2023-02-14 00:53:11 [02/14/23 00:53:11  136.86s]: 142560  14662      134        6401       2995619    604657694  10053      3808813    3808813    6.50e+04   1.3408071111< 0.444 0.963 >
2023-02-14 00:55:30 [02/14/23 00:55:30  138.85s]: 146880  15571      70         6078       3130713    604657333  9308       4001254    4001254    5.19e+04   1.4010808889< 0.474 0.964 >
2023-02-14 00:58:08 [02/14/23 00:58:08  157.47s]: 151200  16187      55         6542       3294305    604653229  11275      4219698    4219698    5.42e+04   1.4742617778< 0.523 0.963 >
2023-02-14 01:00:46 [02/14/23 01:00:46  158.44s]: 155520  15270      85         5894       3451267    604653075  10466      4414831    4414831    4.25e+04   1.5433404444< 0.511 0.969 >
2023-02-14 01:03:30 [02/14/23 01:03:30  163.45s]: 159840  16692      198        6790       3606964    604651478  11889      4605486    4605486    1.16e+05   1.6136195556< 0.538 0.952 >
2023-02-14 01:06:31 [02/14/23 01:06:31  181.77s]: 164160  14992      153        6992       3783349    604648777  11590      4811502    4811502    4.88e+04   1.6913271111< 0.583 0.974 >
2023-02-14 01:09:42 [02/14/23 01:09:42  190.62s]: 168480  14640      174        5861       3956351    604647844  11231      5013110    5013110    1.05e+05   1.7675671111< 0.596 0.974 >
2023-02-14 01:12:46 [02/14/23 01:12:46  184.41s]: 172800  18764      444        9093       4133990    604646670  14153      5212929    5212929    1.89e+05   1.8499071111< 0.563 0.971 >
2023-02-14 01:15:58 [02/14/23 01:15:58  191.22s]: 177120  16430      105        6777       4313421    604646629  11707      5425027    5425027    8.42e+04   1.9274368889< 0.578 0.953 >
2023-02-14 01:19:06 [02/14/23 01:19:06  188.75s]: 181440  21807      223        9308       4490419    604645372  14088      5683442    5683442    1.48e+05   2.0096697778< 0.595 0.977 >
2023-02-14 01:22:28 [02/14/23 01:22:28  202.05s]: 185760  17276      257        7346       4678296    604644484  12265      5913217    5913217    1.03e+05   2.0903000000< 0.639 0.977 >
2023-02-14 01:25:58 [02/14/23 01:25:58  209.56s]: 190080  19260      372        9219       4886508    604640880  14722      6170980    6170980    1.61e+05   2.1846040000< 0.656 0.978 >
2023-02-14 01:29:41 [02/14/23 01:29:41  223.52s]: 194400  25717      166        9774       5090656    604639205  15008      6430001    6430001    1.25e+05   2.2783613333< 0.704 0.973 >
2023-02-14 01:33:43 [02/14/23 01:33:43  241.39s]: 198720  17438      340        8299       5321200    604636340  14584      6673676    6673676    1.49e+05   2.3765675556< 0.745 0.977 >
2023-02-14 01:37:42 [02/14/23 01:37:42  239.28s]: 203040  22253      336        9513       5522775    604636615  14865      6912691    6912691    1.96e+05   2.4688342222< 0.727 0.974 >
2023-02-14 01:41:43 [02/14/23 01:41:43  241.31s]: 207360  18182      346        7459       5736640    604635784  14800      7142674    7142674    1.73e+05   2.5611675556< 0.733 0.981 >
2023-02-14 01:45:45 [02/14/23 01:45:45  241.32s]: 211680  21344      212        10496      5958035    604634358  17015      7429034    7429034    1.34e+05   2.6622608889< 0.730 0.977 >
2023-02-14 01:49:53 [02/14/23 01:49:53  247.87s]: 216000  20482      162        8187       6169269    604635264  14165      7669415    7669415    8.29e+04   2.7547111111< 0.737 0.974 >
2023-02-14 01:49:53 [02/14/23 01:49:53    0.22s]: 216004  20497      160        8190       6169455    604635263  14168      7669626    7669626    8.28e+04   2.7548008889< 0.737 0.974 >
2023-02-14 01:49:53  ---  main.cpp:generate tcells took  avg 0.07 s max 0.10 s balance 0.69  --- 
2023-02-14 01:49:53  ---  main.cpp:update circulating tcells took  avg 83.85 s max 88.88 s balance 0.94  --- 
2023-02-14 01:49:53  ---  main.cpp:update tcells took  avg 280.65 s max 307.18 s balance 0.91  --- 
2023-02-14 01:49:53  ---  main.cpp:update epicells took  avg 174.04 s max 178.42 s balance 0.98  --- 
2023-02-14 01:49:53  ---  main.cpp:update concentrations took  avg 1344.38 s max 1408.72 s balance 0.95  --- 
2023-02-14 01:49:53  ---  main.cpp:compute updates took  avg 3428.40 s max 3428.50 s balance 1.00  --- 
2023-02-14 01:49:53  ---  main.cpp:dispatch updates took  avg 1443.62 s max 1590.83 s balance 0.91  --- 
2023-02-14 01:49:53  ---  main.cpp:add new actives took  avg 79.10 s max 81.17 s balance 0.97  --- 
2023-02-14 01:49:53  ---  main.cpp:erase inactive took  avg 690.05 s max 755.59 s balance 0.91  --- 
2023-02-14 01:49:53  ---  main.cpp:sample took  avg 0.00 s max 0.00 s balance -nan  --- 
2023-02-14 01:49:53  ---  main.cpp:sample write took  avg 0.00 s max 0.00 s balance -nan  --- 
2023-02-14 01:49:53  ---  main.cpp:log took  avg 17.18 s max 17.30 s balance 0.99  --- 
2023-02-14 01:49:53 Finished 216005 time steps in 5996.2611 s (0.0278 s per step)
2023-02-14 01:49:53  --- Elapsed time for main.cpp:run_sim:  (exiting barrier) 2023-02-14 01:49:53 ...
2023-02-14 01:49:53           ... (min/my/avg/max, bal) (5996.26/5996.26/5996.26/5996.26 s, 1.00) barrier(0.00 s) --- 
2023-02-14 01:49:53 Peak memory used across all nodes: 24.72GB
2023-02-14 01:49:53 Finished in 5999.80 s at 02/14/23 01:49:53 for SimCov version 0.1.1.9cc77ef-dirty
