2023-02-18 14:19:56 SimCov version SimCov version 0.1.1.8024051-dirty-master built on 20230216_082905
2023-02-18 14:19:56 _________________________
2023-02-18 14:19:56 Compiler definitions:
2023-02-18 14:19:56   _XOPEN_SOURCE=700
2023-02-18 14:19:56   CONFIG_USE_COLORS
2023-02-18 14:19:56   USE_BYTELL
2023-02-18 14:19:56   MAX_VIRIONS=125000
2023-02-18 14:19:56   MIN_VIRIONS=1e-10
2023-02-18 14:19:56   BLOCK_PARTITION
2023-02-18 14:19:56   MIN_BLOCKS_PER_PROC=1
2023-02-18 14:19:56   AVERAGE_SUBSAMPLE
2023-02-18 14:19:56 _________________________
2023-02-18 14:19:56 Options:
2023-02-18 14:19:56   dim =                         15000 15000 1
2023-02-18 14:19:56   whole-lung-dim =              48000 40000 20000
2023-02-18 14:19:56   timesteps =                   144005
2023-02-18 14:19:56   infection-coords =            uniform:1
2023-02-18 14:19:56   initial-infection =           999
2023-02-18 14:19:56   incubation-period =           1200
2023-02-18 14:19:56   apoptosis-period =            180
2023-02-18 14:19:56   expressing-period =           900
2023-02-18 14:19:56   infectivity =                 0.1
2023-02-18 14:19:56   infectivity-multiplier =      1.0
2023-02-18 14:19:56   virion-production =           1.1
2023-02-18 14:19:56   virion-production-multiplier = 1.0
2023-02-18 14:19:56   virion-clearance =            0.004
2023-02-18 14:19:56   virion-diffusion =            0.15
2023-02-18 14:19:56   chemokine-production =        1.0
2023-02-18 14:19:56   chemokine-decay =             0.01
2023-02-18 14:19:56   chemokine-diffusion =         1.0
2023-02-18 14:19:56   min-chemokine =               1e-06
2023-02-18 14:19:56   antibody-factor =             1
2023-02-18 14:19:56   antibody-period =             5760
2023-02-18 14:19:56   tcell-generation-rate =       105000
2023-02-18 14:19:56   tcell-initial-delay =         10080
2023-02-18 14:19:56   tcell-vascular-period =       5760
2023-02-18 14:19:56   tcell-tissue-period =         1440
2023-02-18 14:19:56   tcell-binding-period =        10
2023-02-18 14:19:56   max-binding-prob =            1
2023-02-18 14:19:56   tcells-follow-gradient =      false
2023-02-18 14:19:56   seed =                        4
2023-02-18 14:19:56   sample-period =               0
2023-02-18 14:19:56   sample-resolution =           1
2023-02-18 14:19:56   max-block-dim =               10
2023-02-18 14:19:56   output =                      exp_results/per_1200_inf_0.1/init_999/4
2023-02-18 14:19:56 _________________________
2023-02-18 14:19:56 Starting run with 64 processes on 2 nodes at 02/18/23 14:19:56
2023-02-18 14:19:56 Pinned processes, with process 0 (pid 24147) pinned to core 0
2023-02-18 14:19:56 Using block partitioning
2023-02-18 14:19:56 Initial free memory across all nodes: 151.62GB
2023-02-18 14:19:56 Starting with 76.88GB free on node 0
2023-02-18 14:19:56 Dividing 225000000 grid points into 3515625 squares of size 64 (8^2), with 54932 per process
2023-02-18 14:19:56 Total initial memory required per process is at least 281.63MB with each grid point requiring on average 84 bytes
2023-02-18 14:19:59  --- Elapsed time for tissue.cpp:Tissue:  (exiting barrier) 2023-02-18 14:19:59 ...
2023-02-18 14:19:59           ... (min/my/avg/max, bal) (3.46/3.46/3.46/3.46 s, 1.00) barrier(0.00 s) --- 
2023-02-18 14:19:59 Memory used on node 0 after initialization is  10.90GB
2023-02-18 14:19:59           ... (min/my/avg/max, bal) No-Time barrier(0.00 s) --- 
2023-02-18 14:19:59 Fraction of circulating T cells extravasating is 5.85938e-06
2023-02-18 14:19:59 # datetime                    step    incb       expr       apop       dead       tvas       ttis       chem       virs       chempts    %infct     <%active  lbln>
2023-02-18 14:19:59 [0] <main.cpp:141> WARNING: Time step 0: SUCCESSFUL initial infection at (7500, 7500, 0) after 0 tries
2023-02-18 14:19:59 [02/18/23 14:19:59    0.02s]: 0       1          0          0          0          0          0          0.00e+00   0.00e+00   1.00e+00   0.00       < 0.000 0.016 >
2023-02-18 14:20:01 [02/18/23 14:20:01    1.51s]: 2880    5088       1625       0          1147       0          0          1.66e-05   2.73e+05   2.65e+04   0.00       < 0.012 0.808 >
2023-02-18 14:20:04 [02/18/23 14:20:04    3.09s]: 5760    9520       6924       0          11954      0          0          6.45e-05   1.87e+06   6.19e+04   0.01       < 0.027 0.904 >
2023-02-18 14:20:09 [02/18/23 14:20:09    5.38s]: 8640    16201      9427       0          36477      0          0          9.70e-05   2.49e+06   1.09e+05   0.03       < 0.048 0.923 >
2023-02-18 14:20:18 [02/18/23 14:20:18    8.85s]: 11520   19317      12964      1213       74993      133767974  378        1.38e-04   3.69e+06   1.68e+05   0.05       < 0.075 0.941 >
2023-02-18 14:20:32 [02/18/23 14:20:32   13.24s]: 14400   15489      4394       3778       139187     319073127  1933       1.30e-04   1.68e+06   2.34e+05   0.07       < 0.103 0.975 >
2023-02-18 14:20:50 [02/18/23 14:20:50   18.26s]: 17280   12170      474        3800       203793     431459344  3209       6.32e-05   3.03e+05   3.02e+05   0.10       < 0.126 0.969 >
2023-02-18 14:21:12 [02/18/23 14:21:12   21.89s]: 20160   8998       202        3600       263618     499620823  3954       2.69e-05   1.00e+05   3.64e+05   0.12       < 0.138 0.958 >
2023-02-18 14:21:35 [02/18/23 14:21:35   23.04s]: 23040   3782       16         1922       309663     540961362  3265       6.73e-06   1.65e+04   3.71e+05   0.14       < 0.138 0.954 >
2023-02-18 14:21:55 [02/18/23 14:21:55   20.36s]: 25920   3797       30         1326       332139     566036864  1859       5.70e-06   1.94e+04   3.88e+05   0.15       < 0.123 0.947 >
2023-02-18 14:22:13 [02/18/23 14:22:13   18.31s]: 28800   4230       117        2019       360168     581244064  3115       9.26e-06   6.87e+04   4.50e+05   0.16       < 0.110 0.947 >
2023-02-18 14:22:32 [02/18/23 14:22:32   18.42s]: 31680   2526       97         1121       383211     590468486  1613       5.58e-06   1.68e+04   4.30e+05   0.17       < 0.122 0.930 >
2023-02-18 14:22:54 [02/18/23 14:22:54   21.76s]: 34560   7445       85         3772       427931     596060348  4527       1.30e-05   6.28e+04   5.36e+05   0.20       < 0.140 0.926 >
2023-02-18 14:23:19 [02/18/23 14:23:19   25.90s]: 37440   5676       8          1733       469286     599452010  3586       4.95e-06   1.20e+04   5.65e+05   0.21       < 0.166 0.944 >
2023-02-18 14:23:47 [02/18/23 14:23:47   27.23s]: 40320   7791       90         2823       506777     601509552  4096       1.81e-05   6.15e+04   6.30e+05   0.23       < 0.175 0.941 >
2023-02-18 14:24:17 [02/18/23 14:24:17   30.36s]: 43200   4679       16         2333       560243     602755610  4539       7.05e-06   1.89e+04   6.52e+05   0.25       < 0.184 0.953 >
2023-02-18 14:24:48 [02/18/23 14:24:48   30.52s]: 46080   3678       92         1792       592759     603513387  3055       8.05e-06   5.53e+04   6.48e+05   0.27       < 0.191 0.964 >
2023-02-18 14:25:16 [02/18/23 14:25:16   28.04s]: 48960   6516       57         2909       623558     603973098  3701       8.23e-06   1.79e+04   7.14e+05   0.28       < 0.164 0.951 >
2023-02-18 14:25:44 [02/18/23 14:25:44   28.79s]: 51840   5033       107        2226       668894     604250888  3809       1.27e-05   5.93e+04   7.49e+05   0.30       < 0.180 0.954 >
2023-02-18 14:26:16 [02/18/23 14:26:16   31.28s]: 54720   8520       59         3568       709103     604418783  4813       1.11e-05   5.29e+04   8.42e+05   0.32       < 0.193 0.956 >
2023-02-18 14:26:51 [02/18/23 14:26:51   35.75s]: 57600   5766       83         2636       760683     604520027  4469       9.08e-06   3.18e+04   8.69e+05   0.34       < 0.217 0.954 >
2023-02-18 14:27:31 [02/18/23 14:27:31   39.73s]: 60480   6985       330        3603       811754     604580420  5348       1.90e-05   1.13e+05   9.18e+05   0.37       < 0.232 0.943 >
2023-02-18 14:28:14 [02/18/23 14:28:14   42.43s]: 63360   8610       46         2954       855434     604617576  4881       1.13e-05   3.16e+04   9.92e+05   0.39       < 0.247 0.967 >
2023-02-18 14:28:59 [02/18/23 14:28:59   45.89s]: 66240   8010       130        3631       913844     604638944  5955       1.51e-05   5.37e+04   1.06e+06   0.41       < 0.264 0.958 >
2023-02-18 14:29:49 [02/18/23 14:29:49   49.07s]: 69120   5986       76         3064       971301     604651389  6047       7.74e-06   2.33e+04   1.08e+06   0.44       < 0.276 0.970 >
2023-02-18 14:30:38 [02/18/23 14:30:38   49.55s]: 72000   11677      181        4080       1014986    604660853  5373       1.48e-05   6.44e+04   1.18e+06   0.46       < 0.273 0.942 >
2023-02-18 14:31:30 [02/18/23 14:31:30   52.35s]: 74880   6022       26         3094       1083194    604663906  6532       9.30e-06   2.84e+04   1.21e+06   0.49       < 0.278 0.971 >
2023-02-18 14:32:20 [02/18/23 14:32:20   50.00s]: 77760   7653       258        2809       1121865    604669123  4026       1.49e-05   8.37e+04   1.25e+06   0.50       < 0.265 0.965 >
2023-02-18 14:33:06 [02/18/23 14:33:06   45.76s]: 80640   7198       33         3236       1175403    604671027  5530       1.22e-05   4.99e+04   1.28e+06   0.53       < 0.239 0.968 >
2023-02-18 14:33:49 [02/18/23 14:33:49   43.12s]: 83520   5627       144        2847       1218076    604673351  4474       1.02e-05   3.35e+04   1.31e+06   0.55       < 0.226 0.951 >
2023-02-18 14:34:33 [02/18/23 14:34:33   43.18s]: 86400   6987       308        3617       1266149    604673774  5243       1.61e-05   7.60e+04   1.38e+06   0.57       < 0.235 0.942 >
2023-02-18 14:35:20 [02/18/23 14:35:20   47.34s]: 89280   9008       72         3797       1322786    604673201  5469       1.20e-05   4.41e+04   1.47e+06   0.59       < 0.261 0.947 >
2023-02-18 14:36:10 [02/18/23 14:36:10   50.00s]: 92160   8428       100        3470       1378569    604673026  5472       1.42e-05   6.08e+04   1.53e+06   0.62       < 0.264 0.965 >
2023-02-18 14:37:03 [02/18/23 14:37:03   52.72s]: 95040   6999       118        4036       1441472    604671845  6321       1.47e-05   5.08e+04   1.58e+06   0.65       < 0.283 0.948 >
2023-02-18 14:37:57 [02/18/23 14:37:57   54.01s]: 97920   6318       175        3182       1496807    604672298  4996       1.50e-05   5.24e+04   1.62e+06   0.67       < 0.283 0.965 >
2023-02-18 14:38:51 [02/18/23 14:38:51   54.76s]: 100800  8746       69         3784       1554528    604670978  6641       1.40e-05   6.37e+04   1.71e+06   0.70       < 0.300 0.952 >
2023-02-18 14:39:50 [02/18/23 14:39:50   58.73s]: 103680  13895      291        5712       1616926    604670264  7402       2.60e-05   1.21e+05   1.83e+06   0.73       < 0.323 0.958 >
2023-02-18 14:40:55 [02/18/23 14:40:55   65.23s]: 106560  11897      158        4822       1707563    604667120  8074       1.43e-05   4.61e+04   1.92e+06   0.77       < 0.349 0.979 >
2023-02-18 14:42:04 [02/18/23 14:42:04   68.23s]: 109440  10538      313        5099       1785313    604666318  7602       2.69e-05   7.89e+04   1.97e+06   0.80       < 0.360 0.977 >
2023-02-18 14:43:15 [02/18/23 14:43:15   71.63s]: 112320  13040      99         5778       1867599    604664116  8840       1.90e-05   1.00e+05   2.06e+06   0.84       < 0.373 0.976 >
2023-02-18 14:44:31 [02/18/23 14:44:31   75.46s]: 115200  9340       87         3840       1942123    604663360  7794       1.62e-05   5.00e+04   2.10e+06   0.87       < 0.403 0.948 >
2023-02-18 14:45:48 [02/18/23 14:45:48   77.63s]: 118080  15311      376        5474       2009716    604664021  7783       3.00e-05   1.35e+05   2.22e+06   0.90       < 0.403 0.970 >
2023-02-18 14:47:13 [02/18/23 14:47:13   85.11s]: 120960  16128      115        6685       2116227    604659713  11160      2.10e-05   5.38e+04   2.35e+06   0.95       < 0.442 0.971 >
2023-02-18 14:48:44 [02/18/23 14:48:44   91.02s]: 123840  6815       22         3086       2202391    604660588  6852       7.81e-06   1.94e+04   2.33e+06   0.98       < 0.453 0.979 >
2023-02-18 14:50:03 [02/18/23 14:50:03   78.17s]: 126720  10350      264        4288       2258881    604663380  7028       2.31e-05   7.92e+04   2.44e+06   1.01       < 0.373 0.971 >
2023-02-18 14:51:17 [02/18/23 14:51:17   74.57s]: 129600  10793      55         4624       2338220    604663184  7973       1.62e-05   7.00e+04   2.52e+06   1.05       < 0.377 0.954 >
2023-02-18 14:52:35 [02/18/23 14:52:35   77.40s]: 132480  10416      33         4038       2406072    604663908  7329       1.11e-05   3.33e+04   2.57e+06   1.08       < 0.379 0.963 >
2023-02-18 14:53:49 [02/18/23 14:53:49   74.96s]: 135360  14948      384        6070       2482101    604663918  8387       2.92e-05   1.37e+05   2.70e+06   1.11       < 0.377 0.963 >
2023-02-18 14:55:07 [02/18/23 14:55:07   77.05s]: 138240  11650      240        4958       2574291    604661901  9019       2.06e-05   9.28e+04   2.77e+06   1.15       < 0.396 0.966 >
2023-02-18 14:56:26 [02/18/23 14:56:26   79.68s]: 141120  9076       108        3638       2646237    604663501  7070       1.62e-05   4.99e+04   2.82e+06   1.18       < 0.405 0.963 >
2023-02-18 14:57:44 [02/18/23 14:57:44   77.96s]: 144000  11293      129        5089       2720082    604663336  8450       2.19e-05   6.40e+04   2.92e+06   1.22       < 0.374 0.964 >
2023-02-18 14:57:44 [02/18/23 14:57:44    0.10s]: 144004  11285      127        5092       2720203    604663325  8461       2.20e-05   6.41e+04   2.92e+06   1.22       < 0.374 0.964 >
2023-02-18 14:57:44  ---  main.cpp:generate tcells took  avg 0.04 s max 0.05 s balance 0.77  --- 
2023-02-18 14:57:44  ---  main.cpp:update circulating tcells took  avg 54.70 s max 57.79 s balance 0.95  --- 
2023-02-18 14:57:44  ---  main.cpp:update tcells took  avg 114.21 s max 125.57 s balance 0.91  --- 
2023-02-18 14:57:44  ---  main.cpp:update epicells took  avg 73.52 s max 76.15 s balance 0.97  --- 
2023-02-18 14:57:44  ---  main.cpp:update concentrations took  avg 474.54 s max 490.47 s balance 0.97  --- 
2023-02-18 14:57:44  ---  main.cpp:compute updates took  avg 1306.04 s max 1306.10 s balance 1.00  --- 
2023-02-18 14:57:44  ---  main.cpp:dispatch updates took  avg 549.18 s max 590.29 s balance 0.93  --- 
2023-02-18 14:57:44  ---  main.cpp:add new actives took  avg 33.70 s max 34.61 s balance 0.97  --- 
2023-02-18 14:57:44  ---  main.cpp:erase inactive took  avg 259.46 s max 264.86 s balance 0.98  --- 
2023-02-18 14:57:44  ---  main.cpp:sample took  avg 0.00 s max 0.00 s balance -nan  --- 
2023-02-18 14:57:44  ---  main.cpp:sample write took  avg 0.00 s max 0.00 s balance -nan  --- 
2023-02-18 14:57:44  ---  main.cpp:log took  avg 11.36 s max 11.44 s balance 0.99  --- 
2023-02-18 14:57:44 Finished 144005 time steps in 2264.8553 s (0.0157 s per step)
2023-02-18 14:57:44  --- Elapsed time for main.cpp:run_sim:  (exiting barrier) 2023-02-18 14:57:44 ...
2023-02-18 14:57:44           ... (min/my/avg/max, bal) (2264.85/2264.86/2264.85/2264.86 s, 1.00) barrier(0.00 s) --- 
2023-02-18 14:57:45 Peak memory used across all nodes: 22.47GB
2023-02-18 14:57:45 Finished in 2268.75 s at 02/18/23 14:57:45 for SimCov version 0.1.1.8024051-dirty
