2023-02-16 16:42:57 SimCov version SimCov version 0.1.1.8024051-dirty-master built on 20230216_082905
2023-02-16 16:42:57 _________________________
2023-02-16 16:42:57 Compiler definitions:
2023-02-16 16:42:57   _XOPEN_SOURCE=700
2023-02-16 16:42:57   CONFIG_USE_COLORS
2023-02-16 16:42:57   USE_BYTELL
2023-02-16 16:42:57   MAX_VIRIONS=125000
2023-02-16 16:42:57   MIN_VIRIONS=1e-10
2023-02-16 16:42:57   BLOCK_PARTITION
2023-02-16 16:42:57   MIN_BLOCKS_PER_PROC=1
2023-02-16 16:42:57   AVERAGE_SUBSAMPLE
2023-02-16 16:42:57 _________________________
2023-02-16 16:42:57 Options:
2023-02-16 16:42:57   dim =                         15000 15000 1
2023-02-16 16:42:57   whole-lung-dim =              48000 40000 20000
2023-02-16 16:42:57   timesteps =                   144005
2023-02-16 16:42:57   infection-coords =            uniform:1
2023-02-16 16:42:57   initial-infection =           999
2023-02-16 16:42:57   incubation-period =           1200
2023-02-16 16:42:57   apoptosis-period =            180
2023-02-16 16:42:57   expressing-period =           900
2023-02-16 16:42:57   infectivity =                 0.1
2023-02-16 16:42:57   infectivity-multiplier =      1.0
2023-02-16 16:42:57   virion-production =           1.1
2023-02-16 16:42:57   virion-production-multiplier = 1.0
2023-02-16 16:42:57   virion-clearance =            0.004
2023-02-16 16:42:57   virion-diffusion =            0.15
2023-02-16 16:42:57   chemokine-production =        1.0
2023-02-16 16:42:57   chemokine-decay =             0.01
2023-02-16 16:42:57   chemokine-diffusion =         1.0
2023-02-16 16:42:57   min-chemokine =               1e-06
2023-02-16 16:42:57   antibody-factor =             1
2023-02-16 16:42:57   antibody-period =             5760
2023-02-16 16:42:57   tcell-generation-rate =       105000
2023-02-16 16:42:57   tcell-initial-delay =         10080
2023-02-16 16:42:57   tcell-vascular-period =       5760
2023-02-16 16:42:57   tcell-tissue-period =         1440
2023-02-16 16:42:57   tcell-binding-period =        10
2023-02-16 16:42:57   max-binding-prob =            1
2023-02-16 16:42:57   tcells-follow-gradient =      false
2023-02-16 16:42:57   seed =                        8
2023-02-16 16:42:57   sample-period =               0
2023-02-16 16:42:57   sample-resolution =           1
2023-02-16 16:42:57   max-block-dim =               10
2023-02-16 16:42:57   output =                      exp_results/per_1200_inf_0.1/init_1000/8
2023-02-16 16:42:57 _________________________
2023-02-16 16:42:57 Starting run with 64 processes on 2 nodes at 02/16/23 16:42:57
2023-02-16 16:42:57 Pinned processes, with process 0 (pid 3869535) pinned to core 0
2023-02-16 16:42:57 Using block partitioning
2023-02-16 16:42:57 Initial free memory across all nodes: 151.85GB
2023-02-16 16:42:57 Starting with 76.21GB free on node 0
2023-02-16 16:42:57 Dividing 225000000 grid points into 3515625 squares of size 64 (8^2), with 54932 per process
2023-02-16 16:42:57 Total initial memory required per process is at least 281.63MB with each grid point requiring on average 84 bytes
2023-02-16 16:43:01  --- Elapsed time for tissue.cpp:Tissue:  (exiting barrier) 2023-02-16 16:43:01 ...
2023-02-16 16:43:01           ... (min/my/avg/max, bal) (3.44/3.44/3.44/3.44 s, 1.00) barrier(0.00 s) --- 
2023-02-16 16:43:01 Memory used on node 0 after initialization is  10.90GB
2023-02-16 16:43:01           ... (min/my/avg/max, bal) No-Time barrier(0.00 s) --- 
2023-02-16 16:43:01 Fraction of circulating T cells extravasating is 5.85938e-06
2023-02-16 16:43:01 # datetime                    step    incb       expr       apop       dead       tvas       ttis       chem       virs       chempts    %infct     <%active  lbln>
2023-02-16 16:43:01 [0] <main.cpp:141> WARNING: Time step 0: SUCCESSFUL initial infection at (7500, 7500, 0) after 0 tries
2023-02-16 16:43:01 [02/16/23 16:43:01    0.00s]: 0       1          0          0          0          0          0          0.00e+00   0.00e+00   1.00e+00   0.00       < 0.000 0.016 >
2023-02-16 16:43:02 [02/16/23 16:43:02    1.35s]: 2880    5185       1718       0          1129       0          0          1.79e-05   2.85e+05   2.74e+04   0.00       < 0.012 0.836 >
2023-02-16 16:43:05 [02/16/23 16:43:05    3.03s]: 5760    9382       6696       0          11882      0          0          6.23e-05   1.77e+06   6.13e+04   0.01       < 0.027 0.889 >
2023-02-16 16:43:10 [02/16/23 16:43:10    5.30s]: 8640    16349      9414       0          36521      0          0          9.86e-05   2.58e+06   1.09e+05   0.03       < 0.049 0.945 >
2023-02-16 16:43:19 [02/16/23 16:43:19    8.62s]: 11520   18970      13195      1133       74637      133767906  388        1.39e-04   3.64e+06   1.67e+05   0.05       < 0.074 0.950 >
2023-02-16 16:43:32 [02/16/23 16:43:32   13.16s]: 14400   16081      4584       3412       138817     319073159  1922       1.29e-04   1.71e+06   2.34e+05   0.07       < 0.103 0.975 >
2023-02-16 16:43:50 [02/16/23 16:43:50   18.17s]: 17280   12095      659        3764       204031     431459547  3252       6.64e-05   3.73e+05   3.02e+05   0.10       < 0.126 0.973 >
2023-02-16 16:44:12 [02/16/23 16:44:12   21.82s]: 20160   8386       157        3392       263401     499620883  4020       2.54e-05   8.92e+04   3.62e+05   0.12       < 0.138 0.957 >
2023-02-16 16:44:35 [02/16/23 16:44:35   22.71s]: 23040   3598       12         1715       307233     540961664  3077       3.64e-06   7.05e+03   3.73e+05   0.14       < 0.138 0.970 >
2023-02-16 16:44:55 [02/16/23 16:44:55   20.05s]: 25920   4497       75         1727       331814     566036824  2265       6.55e-06   2.64e+04   3.89e+05   0.15       < 0.124 0.917 >
2023-02-16 16:45:17 [02/16/23 16:45:17   22.40s]: 28800   5016       151        2088       363774     581244106  3049       1.08e-05   3.97e+04   4.38e+05   0.16       < 0.121 0.946 >
2023-02-16 16:45:38 [02/16/23 16:45:38   20.28s]: 31680   4677       65         1983       393502     590467827  2818       8.60e-06   4.14e+04   4.72e+05   0.18       < 0.128 0.938 >
2023-02-16 16:45:58 [02/16/23 16:45:58   20.52s]: 34560   7096       17         2561       423053     596061198  3354       4.83e-06   1.12e+04   5.15e+05   0.19       < 0.131 0.931 >
2023-02-16 16:46:22 [02/16/23 16:46:22   23.58s]: 37440   4073       43         2129       463807     599452763  3723       6.88e-06   2.37e+04   5.60e+05   0.21       < 0.149 0.908 >
2023-02-16 16:46:45 [02/16/23 16:46:45   23.14s]: 40320   4162       63         1578       491339     601511441  2305       8.29e-06   2.58e+04   5.52e+05   0.22       < 0.148 0.938 >
2023-02-16 16:47:09 [02/16/23 16:47:09   24.32s]: 43200   5704       142        2686       523769     602758599  3716       1.47e-05   5.29e+04   6.17e+05   0.24       < 0.162 0.920 >
2023-02-16 16:47:39 [02/16/23 16:47:39   29.71s]: 46080   5568       112        2768       571764     603513162  4848       1.15e-05   4.42e+04   6.72e+05   0.26       < 0.187 0.951 >
2023-02-16 16:48:08 [02/16/23 16:48:08   29.06s]: 48960   4261       82         1643       604052     603973228  2706       1.04e-05   3.61e+04   6.79e+05   0.27       < 0.178 0.963 >
2023-02-16 16:48:37 [02/16/23 16:48:37   28.83s]: 51840   9935       112        3700       645312     604250420  4595       1.71e-05   9.26e+04   7.78e+05   0.29       < 0.180 0.932 >
2023-02-16 16:49:09 [02/16/23 16:49:09   31.91s]: 54720   4666       92         2317       700853     604418082  4400       8.55e-06   3.41e+04   7.90e+05   0.31       < 0.201 0.954 >
2023-02-16 16:49:42 [02/16/23 16:49:42   33.08s]: 57600   10218      185        4208       740822     604519909  5242       1.60e-05   5.81e+04   8.99e+05   0.34       < 0.204 0.955 >
2023-02-16 16:50:21 [02/16/23 16:50:21   39.36s]: 60480   5970       17         3140       806503     604579568  5646       6.64e-06   1.41e+04   9.15e+05   0.36       < 0.235 0.948 >
2023-02-16 16:51:00 [02/16/23 16:51:00   38.57s]: 63360   7692       72         2590       841829     604619216  3877       9.52e-06   2.72e+04   9.65e+05   0.38       < 0.229 0.962 >
2023-02-16 16:51:39 [02/16/23 16:51:39   39.71s]: 66240   5943       18         3090       894606     604640762  5138       7.48e-06   2.84e+04   9.97e+05   0.40       < 0.229 0.952 >
2023-02-16 16:52:20 [02/16/23 16:52:20   41.07s]: 69120   6589       56         3130       942603     604654257  5033       1.07e-05   3.53e+04   1.05e+06   0.42       < 0.245 0.948 >
2023-02-16 16:53:00 [02/16/23 16:53:00   39.99s]: 72000   6061       67         3028       988310     604662673  5024       1.61e-05   5.43e+04   1.10e+06   0.44       < 0.228 0.957 >
2023-02-16 16:53:42 [02/16/23 16:53:42   41.74s]: 74880   6094       13         2799       1037939    604667468  4672       6.09e-06   2.12e+04   1.14e+06   0.47       < 0.243 0.950 >
2023-02-16 16:54:21 [02/16/23 16:54:21   38.66s]: 77760   5327       92         2358       1077058    604671677  4292       9.91e-06   3.11e+04   1.18e+06   0.48       < 0.216 0.958 >
2023-02-16 16:54:58 [02/16/23 16:54:58   37.63s]: 80640   7310       38         3069       1122460    604673463  4645       7.91e-06   1.92e+04   1.24e+06   0.50       < 0.220 0.962 >
2023-02-16 16:55:38 [02/16/23 16:55:38   40.03s]: 83520   8382       25         3241       1172878    604674228  5064       1.18e-05   5.44e+04   1.32e+06   0.53       < 0.237 0.953 >
2023-02-16 16:56:19 [02/16/23 16:56:19   40.80s]: 86400   5938       57         2783       1224803    604674549  5113       1.27e-05   3.20e+04   1.36e+06   0.55       < 0.231 0.938 >
2023-02-16 16:57:00 [02/16/23 16:57:00   40.43s]: 89280   5143       172        2023       1267363    604675408  4268       1.09e-05   5.91e+04   1.38e+06   0.57       < 0.233 0.932 >
2023-02-16 16:57:40 [02/16/23 16:57:40   40.76s]: 92160   8080       22         3664       1317988    604675220  5208       9.39e-06   3.83e+04   1.45e+06   0.59       < 0.234 0.960 >
2023-02-16 16:58:22 [02/16/23 16:58:22   41.69s]: 95040   10642      154        4216       1373226    604674629  5609       2.02e-05   7.19e+04   1.54e+06   0.62       < 0.248 0.954 >
2023-02-16 16:59:11 [02/16/23 16:59:11   49.22s]: 97920   8267       157        4006       1446301    604671772  7089       1.52e-05   5.02e+04   1.60e+06   0.65       < 0.277 0.976 >
2023-02-16 17:00:05 [02/16/23 17:00:05   53.94s]: 100800  8081       115        3073       1498945    604671987  5365       1.31e-05   4.36e+04   1.63e+06   0.67       < 0.298 0.951 >
2023-02-16 17:01:03 [02/16/23 17:01:03   57.34s]: 103680  11476      99         5254       1567707    604669840  7951       2.03e-05   8.40e+04   1.76e+06   0.70       < 0.315 0.965 >
2023-02-16 17:02:04 [02/16/23 17:02:04   61.53s]: 106560  6790       47         2740       1634294    604669146  5737       8.37e-06   3.27e+04   1.76e+06   0.73       < 0.330 0.975 >
2023-02-16 17:03:01 [02/16/23 17:03:01   56.57s]: 109440  8363       181        3830       1685477    604670527  6109       1.61e-05   5.76e+04   1.83e+06   0.75       < 0.295 0.955 >
2023-02-16 17:03:58 [02/16/23 17:03:58   57.50s]: 112320  10162      64         4525       1755906    604669405  6745       1.14e-05   3.94e+04   1.92e+06   0.79       < 0.319 0.965 >
2023-02-16 17:05:02 [02/16/23 17:05:02   64.10s]: 115200  10766      147        4883       1830944    604667753  7492       2.49e-05   1.14e+05   2.01e+06   0.82       < 0.354 0.959 >
2023-02-16 17:06:11 [02/16/23 17:06:11   68.21s]: 118080  10055      61         4700       1906941    604666189  7897       9.88e-06   3.36e+04   2.07e+06   0.85       < 0.361 0.958 >
2023-02-16 17:07:22 [02/16/23 17:07:22   71.82s]: 120960  9842       158        4182       1972509    604666776  6728       1.81e-05   5.90e+04   2.14e+06   0.88       < 0.357 0.969 >
2023-02-16 17:08:30 [02/16/23 17:08:30   67.95s]: 123840  14182      109        5599       2052167    604665180  8743       2.30e-05   9.28e+04   2.28e+06   0.92       < 0.368 0.965 >
2023-02-16 17:09:43 [02/16/23 17:09:43   72.34s]: 126720  8605       393        4390       2132602    604664564  7496       2.96e-05   1.30e+05   2.28e+06   0.95       < 0.396 0.974 >
2023-02-16 17:10:58 [02/16/23 17:10:58   75.12s]: 129600  12880      148        5478       2209707    604663065  9122       2.33e-05   1.18e+05   2.39e+06   0.99       < 0.400 0.977 >
2023-02-16 17:12:20 [02/16/23 17:12:20   82.22s]: 132480  8337       219        4376       2290110    604662723  7761       1.57e-05   5.79e+04   2.47e+06   1.02       < 0.406 0.969 >
2023-02-16 17:13:35 [02/16/23 17:13:35   75.06s]: 135360  9978       166        4245       2356978    604663652  7433       2.07e-05   9.66e+04   2.52e+06   1.05       < 0.382 0.966 >
2023-02-16 17:14:47 [02/16/23 17:14:47   72.36s]: 138240  16263      231        6121       2430963    604664411  7812       2.25e-05   9.35e+04   2.68e+06   1.09       < 0.383 0.961 >
2023-02-16 17:16:06 [02/16/23 17:16:06   79.08s]: 141120  9237       55         4881       2528376    604661306  9748       1.61e-05   4.52e+04   2.72e+06   1.13       < 0.414 0.959 >
2023-02-16 17:17:28 [02/16/23 17:17:28   81.22s]: 144000  12349      225        4938       2598729    604662415  7701       2.10e-05   9.48e+04   2.80e+06   1.16       < 0.422 0.949 >
2023-02-16 17:17:28 [02/16/23 17:17:28    0.12s]: 144004  12341      226        4960       2598839    604662426  7701       2.10e-05   9.49e+04   2.80e+06   1.16       < 0.422 0.949 >
2023-02-16 17:17:28  ---  main.cpp:generate tcells took  avg 0.04 s max 0.05 s balance 0.73  --- 
2023-02-16 17:17:28  ---  main.cpp:update circulating tcells took  avg 54.04 s max 56.59 s balance 0.95  --- 
2023-02-16 17:17:28  ---  main.cpp:update tcells took  avg 105.61 s max 116.64 s balance 0.91  --- 
2023-02-16 17:17:28  ---  main.cpp:update epicells took  avg 68.68 s max 70.62 s balance 0.97  --- 
2023-02-16 17:17:28  ---  main.cpp:update concentrations took  avg 433.27 s max 450.42 s balance 0.96  --- 
2023-02-16 17:17:28  ---  main.cpp:compute updates took  avg 1201.76 s max 1201.86 s balance 1.00  --- 
2023-02-16 17:17:28  ---  main.cpp:dispatch updates took  avg 494.12 s max 526.34 s balance 0.94  --- 
2023-02-16 17:17:28  ---  main.cpp:add new actives took  avg 28.68 s max 30.73 s balance 0.93  --- 
2023-02-16 17:17:28  ---  main.cpp:erase inactive took  avg 234.93 s max 241.34 s balance 0.97  --- 
2023-02-16 17:17:28  ---  main.cpp:sample took  avg 0.00 s max 0.00 s balance -nan  --- 
2023-02-16 17:17:28  ---  main.cpp:sample write took  avg 0.00 s max 0.00 s balance -nan  --- 
2023-02-16 17:17:28  ---  main.cpp:log took  avg 11.06 s max 11.15 s balance 0.99  --- 
2023-02-16 17:17:28 Finished 144005 time steps in 2067.1711 s (0.0144 s per step)
2023-02-16 17:17:28  --- Elapsed time for main.cpp:run_sim:  (exiting barrier) 2023-02-16 17:17:28 ...
2023-02-16 17:17:28           ... (min/my/avg/max, bal) (2067.17/2067.17/2067.17/2067.17 s, 1.00) barrier(0.00 s) --- 
2023-02-16 17:17:28 Peak memory used across all nodes: 22.45GB
2023-02-16 17:17:28 Finished in 2071.16 s at 02/16/23 17:17:28 for SimCov version 0.1.1.8024051-dirty
