2023-02-14 16:00:09 SimCov version SimCov version 0.1.1.8024051-dirty-master built on 20230202_132828
2023-02-14 16:00:09 _________________________
2023-02-14 16:00:09 Compiler definitions:
2023-02-14 16:00:09   _XOPEN_SOURCE=700
2023-02-14 16:00:09   CONFIG_USE_COLORS
2023-02-14 16:00:09   USE_BYTELL
2023-02-14 16:00:09   MAX_VIRIONS=125000
2023-02-14 16:00:09   MIN_VIRIONS=1e-10
2023-02-14 16:00:09   BLOCK_PARTITION
2023-02-14 16:00:09   MIN_BLOCKS_PER_PROC=1
2023-02-14 16:00:09   AVERAGE_SUBSAMPLE
2023-02-14 16:00:09 _________________________
2023-02-14 16:00:09 Options:
2023-02-14 16:00:09   dim =                         15000 15000 1
2023-02-14 16:00:09   whole-lung-dim =              48000 40000 20000
2023-02-14 16:00:09   timesteps =                   144005
2023-02-14 16:00:09   infection-coords =            uniform:1
2023-02-14 16:00:09   initial-infection =           999
2023-02-14 16:00:09   incubation-period =           600
2023-02-14 16:00:09   apoptosis-period =            180
2023-02-14 16:00:09   expressing-period =           900
2023-02-14 16:00:09   infectivity =                 0.01
2023-02-14 16:00:09   infectivity-multiplier =      1.0
2023-02-14 16:00:09   virion-production =           1.1
2023-02-14 16:00:09   virion-production-multiplier = 1.0
2023-02-14 16:00:09   virion-clearance =            0.004
2023-02-14 16:00:09   virion-diffusion =            0.15
2023-02-14 16:00:09   chemokine-production =        1.0
2023-02-14 16:00:09   chemokine-decay =             0.01
2023-02-14 16:00:09   chemokine-diffusion =         1.0
2023-02-14 16:00:09   min-chemokine =               1e-06
2023-02-14 16:00:09   antibody-factor =             1
2023-02-14 16:00:09   antibody-period =             5760
2023-02-14 16:00:09   tcell-generation-rate =       105000
2023-02-14 16:00:09   tcell-initial-delay =         10080
2023-02-14 16:00:09   tcell-vascular-period =       5760
2023-02-14 16:00:09   tcell-tissue-period =         1440
2023-02-14 16:00:09   tcell-binding-period =        10
2023-02-14 16:00:09   max-binding-prob =            1
2023-02-14 16:00:09   tcells-follow-gradient =      false
2023-02-14 16:00:09   seed =                        1
2023-02-14 16:00:09   sample-period =               0
2023-02-14 16:00:09   sample-resolution =           1
2023-02-14 16:00:09   max-block-dim =               10
2023-02-14 16:00:09   output =                      exp_results/per_600_inf_0.01/init_999/1
2023-02-14 16:00:09 _________________________
2023-02-14 16:00:09 Starting run with 64 processes on 2 nodes at 02/14/23 16:00:09
2023-02-14 16:00:09 Pinned processes, with process 0 (pid 3819070) pinned to core 0
2023-02-14 16:00:09 Using block partitioning
2023-02-14 16:00:09 Initial free memory across all nodes: 152.15GB
2023-02-14 16:00:09 Starting with 76.23GB free on node 0
2023-02-14 16:00:09 Dividing 225000000 grid points into 3515625 squares of size 64 (8^2), with 54932 per process
2023-02-14 16:00:09 Total initial memory required per process is at least 281.63MB with each grid point requiring on average 84 bytes
2023-02-14 16:00:13  --- Elapsed time for tissue.cpp:Tissue:  (exiting barrier) 2023-02-14 16:00:13 ...
2023-02-14 16:00:13           ... (min/my/avg/max, bal) (3.48/3.48/3.48/3.48 s, 1.00) barrier(0.00 s) --- 
2023-02-14 16:00:13 Memory used on node 0 after initialization is  10.89GB
2023-02-14 16:00:13           ... (min/my/avg/max, bal) No-Time barrier(0.00 s) --- 
2023-02-14 16:00:13 Fraction of circulating T cells extravasating is 5.85938e-06
2023-02-14 16:00:13 # datetime                    step    incb       expr       apop       dead       tvas       ttis       chem       virs       chempts    %infct     <%active  lbln>
2023-02-14 16:00:13 [0] <main.cpp:141> WARNING: Time step 0: SUCCESSFUL initial infection at (7500, 7500, 0) after 0 tries
2023-02-14 16:00:13 [02/14/23 16:00:13    0.00s]: 0       1          0          0          0          0          0          0.00e+00   0.00e+00   1.00e+00   0.00       < 0.000 0.016 >
2023-02-14 16:00:14 [02/14/23 16:00:14    1.50s]: 2880    3380       3801       0          2624       0          0          3.23e-05   8.97e+05   3.49e+04   0.00       < 0.016 0.861 >
2023-02-14 16:00:18 [02/14/23 16:00:18    3.76s]: 5760    7697       9989       0          21321      0          0          8.58e-05   2.57e+06   8.20e+04   0.02       < 0.036 0.910 >
2023-02-14 16:00:25 [02/14/23 16:00:25    6.98s]: 8640    11506      16016      0          60049      0          0          1.38e-04   4.22e+06   1.49e+05   0.04       < 0.066 0.952 >
2023-02-14 16:00:36 [02/14/23 16:00:36   11.38s]: 11520   14959      20414      1378       119861     133767884  500        1.92e-04   5.83e+06   2.36e+05   0.07       < 0.105 0.978 >
2023-02-14 16:00:55 [02/14/23 16:00:55   18.26s]: 14400   14234      10371      4917       209125     319072500  2569       2.07e-04   3.77e+06   3.35e+05   0.11       < 0.143 0.974 >
2023-02-14 16:01:20 [02/14/23 16:01:20   25.77s]: 17280   14015      5008       5808       304620     431457420  4341       1.85e-04   2.08e+06   4.42e+05   0.15       < 0.176 0.959 >
2023-02-14 16:01:52 [02/14/23 16:01:52   31.98s]: 20160   14231      3192       6702       405872     499617066  5749       1.74e-04   1.51e+06   5.57e+05   0.19       < 0.202 0.968 >
2023-02-14 16:02:31 [02/14/23 16:02:31   38.35s]: 23040   14546      2383       6825       515088     540954321  6847       1.67e-04   1.12e+06   6.81e+05   0.24       < 0.225 0.960 >
2023-02-14 16:03:14 [02/14/23 16:03:14   43.65s]: 25920   14169      1608       7609       633249     566023643  8221       1.51e-04   8.27e+05   8.13e+05   0.29       < 0.246 0.972 >
2023-02-14 16:04:03 [02/14/23 16:04:03   48.71s]: 28800   15693      1653       8065       756271     581227000  8921       1.58e-04   8.47e+05   9.53e+05   0.35       < 0.268 0.964 >
2023-02-14 16:04:56 [02/14/23 16:04:56   53.25s]: 31680   16465      1517       8532       891318     590445981  9888       1.63e-04   7.99e+05   1.10e+06   0.41       < 0.288 0.972 >
2023-02-14 16:05:56 [02/14/23 16:05:56   59.93s]: 34560   17216      1638       9478       1035560    596036022  10704      1.69e-04   8.72e+05   1.26e+06   0.47       < 0.313 0.968 >
2023-02-14 16:07:01 [02/14/23 16:07:01   65.11s]: 37440   18755      1725       9979       1189018    599425065  11727      1.82e-04   9.04e+05   1.43e+06   0.54       < 0.335 0.974 >
2023-02-14 16:08:12 [02/14/23 16:08:12   70.44s]: 40320   19457      1571       10474      1353043    601479415  12318      1.84e-04   8.65e+05   1.61e+06   0.62       < 0.359 0.964 >
2023-02-14 16:09:28 [02/14/23 16:09:28   76.21s]: 43200   19982      1555       10817      1529065    602723544  13677      1.86e-04   8.02e+05   1.80e+06   0.69       < 0.381 0.976 >
2023-02-14 16:10:50 [02/14/23 16:10:50   82.29s]: 46080   20506      1666       11815      1711230    603477040  14448      1.99e-04   9.33e+05   2.00e+06   0.78       < 0.404 0.967 >
2023-02-14 16:12:18 [02/14/23 16:12:18   87.73s]: 48960   22429      1977       12421      1900425    603932776  14993      2.20e-04   1.02e+06   2.20e+06   0.86       < 0.426 0.983 >
2023-02-14 16:13:53 [02/14/23 16:13:53   94.89s]: 51840   23575      1986       13159      2105330    604207910  15915      2.30e-04   1.05e+06   2.42e+06   0.95       < 0.448 0.975 >
2023-02-14 16:15:34 [02/14/23 16:15:34  101.08s]: 54720   23938      1991       13217      2318162    604373683  16682      2.28e-04   1.08e+06   2.65e+06   1.05       < 0.474 0.965 >
2023-02-14 16:17:25 [02/14/23 16:17:25  110.49s]: 57600   26056      2219       14258      2539297    604473250  17438      2.48e-04   1.18e+06   2.89e+06   1.15       < 0.497 0.974 >
2023-02-14 16:19:17 [02/14/23 16:19:17  112.07s]: 60480   26814      2091       14401      2773999    604532204  18268      2.56e-04   1.17e+06   3.14e+06   1.25       < 0.520 0.973 >
2023-02-14 16:21:14 [02/14/23 16:21:14  117.10s]: 63360   27148      2325       15852      3016623    604566779  19238      2.72e-04   1.29e+06   3.40e+06   1.36       < 0.545 0.976 >
2023-02-14 16:23:21 [02/14/23 16:23:21  127.65s]: 66240   29211      2798       16064      3268921    604586211  19863      2.83e-04   1.33e+06   3.67e+06   1.47       < 0.570 0.980 >
2023-02-14 16:25:33 [02/14/23 16:25:33  131.51s]: 69120   30046      2241       16581      3531334    604596798  20566      2.84e-04   1.25e+06   3.94e+06   1.59       < 0.591 0.974 >
2023-02-14 16:27:56 [02/14/23 16:27:56  142.66s]: 72000   32270      2564       17604      3805962    604601599  21414      3.02e-04   1.39e+06   4.23e+06   1.71       < 0.615 0.980 >
2023-02-14 16:30:19 [02/14/23 16:30:19  143.66s]: 74880   32298      2754       18216      4091736    604603430  22240      3.12e-04   1.46e+06   4.53e+06   1.84       < 0.642 0.984 >
2023-02-14 16:32:50 [02/14/23 16:32:50  150.74s]: 77760   33892      2785       18532      4386430    604602912  23408      3.25e-04   1.50e+06   4.84e+06   1.97       < 0.664 0.977 >
2023-02-14 16:35:26 [02/14/23 16:35:26  156.18s]: 80640   35510      2901       19322      4690965    604601750  23770      3.41e-04   1.56e+06   5.16e+06   2.11       < 0.689 0.980 >
2023-02-14 16:38:08 [02/14/23 16:38:08  162.09s]: 83520   36255      2846       20250      5006063    604599134  24999      3.51e-04   1.53e+06   5.50e+06   2.25       < 0.711 0.966 >
2023-02-14 16:40:56 [02/14/23 16:40:56  167.84s]: 86400   36843      2685       20536      5331703    604597096  25398      3.45e-04   1.51e+06   5.84e+06   2.40       < 0.733 0.982 >
2023-02-14 16:43:51 [02/14/23 16:43:51  174.65s]: 89280   37943      2744       21306      5665859    604594200  26662      3.47e-04   1.52e+06   6.19e+06   2.55       < 0.760 0.984 >
2023-02-14 16:46:56 [02/14/23 16:46:56  185.76s]: 92160   38529      2984       21752      6014569    604590641  27632      3.65e-04   1.61e+06   6.55e+06   2.70       < 0.790 0.980 >
2023-02-14 16:50:09 [02/14/23 16:50:09  192.89s]: 95040   39872      3260       22852      6370736    604587444  28443      3.77e-04   1.77e+06   6.92e+06   2.86       < 0.816 0.981 >
2023-02-14 16:53:29 [02/14/23 16:53:29  200.05s]: 97920   41668      3405       23393      6736500    604584610  28606      4.01e-04   1.85e+06   7.31e+06   3.02       < 0.830 0.987 >
2023-02-14 16:56:55 [02/14/23 16:56:55  205.84s]: 100800  43643      3620       23883      7119044    604580849  29910      4.31e-04   1.98e+06   7.70e+06   3.20       < 0.855 0.979 >
2023-02-14 17:00:30 [02/14/23 17:00:30  214.50s]: 103680  44503      3845       24797      7509925    604578105  30282      4.32e-04   2.00e+06   8.11e+06   3.37       < 0.883 0.984 >
2023-02-14 17:04:10 [02/14/23 17:04:10  219.87s]: 106560  43972      3401       24717      7909018    604575010  31437      4.15e-04   1.99e+06   8.52e+06   3.55       < 0.903 0.990 >
2023-02-14 17:07:54 [02/14/23 17:07:54  224.45s]: 109440  46219      3953       26078      8314267    604571840  32489      4.44e-04   2.02e+06   8.94e+06   3.73       < 0.921 0.980 >
2023-02-14 17:11:44 [02/14/23 17:11:44  230.12s]: 112320  47267      3442       26309      8730302    604568897  32669      4.37e-04   1.88e+06   9.37e+06   3.91       < 0.946 0.985 >
2023-02-14 17:15:42 [02/14/23 17:15:42  237.33s]: 115200  48541      4102       27277      9159764    604565908  33630      4.76e-04   2.19e+06   9.82e+06   4.11       < 0.969 0.984 >
2023-02-14 17:19:46 [02/14/23 17:19:46  244.02s]: 118080  49028      3546       27559      9596685    604562561  34390      4.69e-04   2.04e+06   1.03e+07   4.30       < 0.993 0.980 >
2023-02-14 17:23:56 [02/14/23 17:23:56  250.75s]: 120960  51372      4311       28444      10042482   604559517  35374      4.99e-04   2.30e+06   1.07e+07   4.50       < 1.014 0.986 >
2023-02-14 17:28:13 [02/14/23 17:28:13  256.50s]: 123840  52152      4266       29029      10503806   604556226  36189      5.01e-04   2.22e+06   1.12e+07   4.71       < 1.038 0.982 >
2023-02-14 17:32:35 [02/14/23 17:32:35  262.48s]: 126720  53245      4263       29520      10972714   604552637  36721      5.06e-04   2.27e+06   1.17e+07   4.92       < 1.062 0.975 >
2023-02-14 17:37:02 [02/14/23 17:37:02  267.20s]: 129600  53410      4223       29603      11450138   604549610  37452      4.95e-04   2.21e+06   1.22e+07   5.13       < 1.087 0.990 >
2023-02-14 17:41:37 [02/14/23 17:41:37  274.22s]: 132480  54812      4581       30697      11940598   604546462  38511      5.30e-04   2.37e+06   1.27e+07   5.35       < 1.108 0.988 >
2023-02-14 17:46:18 [02/14/23 17:46:18  281.68s]: 135360  56321      4447       31000      12439407   604542883  39730      5.24e-04   2.39e+06   1.32e+07   5.57       < 1.135 0.987 >
2023-02-14 17:51:13 [02/14/23 17:51:13  294.16s]: 138240  56937      4744       31752      12944201   604540419  39781      5.43e-04   2.45e+06   1.37e+07   5.79       < 1.161 0.983 >
2023-02-14 17:56:15 [02/14/23 17:56:15  302.46s]: 141120  57305      4390       32674      13460192   604536834  41518      5.39e-04   2.36e+06   1.43e+07   6.02       < 1.180 0.977 >
2023-02-14 18:01:21 [02/14/23 18:01:21  305.53s]: 144000  59310      4897       33839      13987186   604533415  41973      5.69e-04   2.58e+06   1.48e+07   6.26       < 1.206 0.983 >
2023-02-14 18:01:21 [02/14/23 18:01:21    0.43s]: 144004  59258      4889       33913      13987925   604533425  41961      5.69e-04   2.58e+06   1.48e+07   6.26       < 1.206 0.983 >
2023-02-14 18:01:21  ---  main.cpp:generate tcells took  avg 0.05 s max 0.07 s balance 0.76  --- 
2023-02-14 18:01:21  ---  main.cpp:update circulating tcells took  avg 54.07 s max 57.63 s balance 0.94  --- 
2023-02-14 18:01:21  ---  main.cpp:update tcells took  avg 498.65 s max 542.43 s balance 0.92  --- 
2023-02-14 18:01:21  ---  main.cpp:update epicells took  avg 166.23 s max 168.57 s balance 0.99  --- 
2023-02-14 18:01:21  ---  main.cpp:update concentrations took  avg 1827.88 s max 1869.46 s balance 0.98  --- 
2023-02-14 18:01:21  ---  main.cpp:compute updates took  avg 4234.47 s max 4234.66 s balance 1.00  --- 
2023-02-14 18:01:21  ---  main.cpp:dispatch updates took  avg 1881.47 s max 2030.35 s balance 0.93  --- 
2023-02-14 18:01:21  ---  main.cpp:add new actives took  avg 86.64 s max 88.70 s balance 0.98  --- 
2023-02-14 18:01:21  ---  main.cpp:erase inactive took  avg 738.04 s max 761.75 s balance 0.97  --- 
2023-02-14 18:01:21  ---  main.cpp:sample took  avg 0.00 s max 0.00 s balance -nan  --- 
2023-02-14 18:01:21  ---  main.cpp:sample write took  avg 0.00 s max 0.00 s balance -nan  --- 
2023-02-14 18:01:21  ---  main.cpp:log took  avg 11.89 s max 12.07 s balance 0.99  --- 
2023-02-14 18:01:21 Finished 144005 time steps in 7268.1882 s (0.0505 s per step)
2023-02-14 18:01:21  --- Elapsed time for main.cpp:run_sim:  (exiting barrier) 2023-02-14 18:01:21 ...
2023-02-14 18:01:21           ... (min/my/avg/max, bal) (7268.19/7268.19/7268.19/7268.19 s, 1.00) barrier(0.00 s) --- 
2023-02-14 18:01:21 Peak memory used across all nodes: 24.06GB
2023-02-14 18:01:21 Finished in 7272.16 s at 02/14/23 18:01:21 for SimCov version 0.1.1.8024051-dirty
