2023-02-15 03:04:50 SimCov version SimCov version 0.1.1.8024051-dirty-master built on 20230202_132828
2023-02-15 03:04:50 _________________________
2023-02-15 03:04:50 Compiler definitions:
2023-02-15 03:04:50   _XOPEN_SOURCE=700
2023-02-15 03:04:50   CONFIG_USE_COLORS
2023-02-15 03:04:50   USE_BYTELL
2023-02-15 03:04:50   MAX_VIRIONS=125000
2023-02-15 03:04:50   MIN_VIRIONS=1e-10
2023-02-15 03:04:50   BLOCK_PARTITION
2023-02-15 03:04:50   MIN_BLOCKS_PER_PROC=1
2023-02-15 03:04:50   AVERAGE_SUBSAMPLE
2023-02-15 03:04:50 _________________________
2023-02-15 03:04:50 Options:
2023-02-15 03:04:50   dim =                         15000 15000 1
2023-02-15 03:04:50   whole-lung-dim =              48000 40000 20000
2023-02-15 03:04:50   timesteps =                   144005
2023-02-15 03:04:50   infection-coords =            uniform:1
2023-02-15 03:04:50   initial-infection =           999
2023-02-15 03:04:50   incubation-period =           600
2023-02-15 03:04:50   apoptosis-period =            180
2023-02-15 03:04:50   expressing-period =           900
2023-02-15 03:04:50   infectivity =                 0.01
2023-02-15 03:04:50   infectivity-multiplier =      1.0
2023-02-15 03:04:50   virion-production =           1.1
2023-02-15 03:04:50   virion-production-multiplier = 1.0
2023-02-15 03:04:50   virion-clearance =            0.004
2023-02-15 03:04:50   virion-diffusion =            0.15
2023-02-15 03:04:50   chemokine-production =        1.0
2023-02-15 03:04:50   chemokine-decay =             0.01
2023-02-15 03:04:50   chemokine-diffusion =         1.0
2023-02-15 03:04:50   min-chemokine =               1e-06
2023-02-15 03:04:50   antibody-factor =             1
2023-02-15 03:04:50   antibody-period =             5760
2023-02-15 03:04:50   tcell-generation-rate =       105000
2023-02-15 03:04:50   tcell-initial-delay =         10080
2023-02-15 03:04:50   tcell-vascular-period =       5760
2023-02-15 03:04:50   tcell-tissue-period =         1440
2023-02-15 03:04:50   tcell-binding-period =        10
2023-02-15 03:04:50   max-binding-prob =            1
2023-02-15 03:04:50   tcells-follow-gradient =      false
2023-02-15 03:04:50   seed =                        1
2023-02-15 03:04:50   sample-period =               0
2023-02-15 03:04:50   sample-resolution =           1
2023-02-15 03:04:50   max-block-dim =               10
2023-02-15 03:04:50   output =                      exp_results/per_600_inf_0.01/init_1000/1
2023-02-15 03:04:50 _________________________
2023-02-15 03:04:50 Starting run with 64 processes on 2 nodes at 02/15/23 03:04:50
2023-02-15 03:04:50 Pinned processes, with process 0 (pid 2202816) pinned to core 0
2023-02-15 03:04:50 Using block partitioning
2023-02-15 03:04:50 Initial free memory across all nodes: 152.37GB
2023-02-15 03:04:50 Starting with 76.00GB free on node 0
2023-02-15 03:04:50 Dividing 225000000 grid points into 3515625 squares of size 64 (8^2), with 54932 per process
2023-02-15 03:04:50 Total initial memory required per process is at least 281.63MB with each grid point requiring on average 84 bytes
2023-02-15 03:04:54  --- Elapsed time for tissue.cpp:Tissue:  (exiting barrier) 2023-02-15 03:04:54 ...
2023-02-15 03:04:54           ... (min/my/avg/max, bal) (3.63/3.63/3.63/3.63 s, 1.00) barrier(0.00 s) --- 
2023-02-15 03:04:54 Memory used on node 0 after initialization is  10.90GB
2023-02-15 03:04:54           ... (min/my/avg/max, bal) No-Time barrier(0.00 s) --- 
2023-02-15 03:04:54 Fraction of circulating T cells extravasating is 5.85938e-06
2023-02-15 03:04:54 # datetime                    step    incb       expr       apop       dead       tvas       ttis       chem       virs       chempts    %infct     <%active  lbln>
2023-02-15 03:04:54 [0] <main.cpp:141> WARNING: Time step 0: SUCCESSFUL initial infection at (7500, 7500, 0) after 0 tries
2023-02-15 03:04:54 [02/15/23 03:04:54    0.00s]: 0       1          0          0          0          0          0          0.00e+00   0.00e+00   1.00e+00   0.00       < 0.000 0.016 >
2023-02-15 03:04:55 [02/15/23 03:04:55    1.60s]: 2880    3393       3952       0          2524       0          0          3.30e-05   9.06e+05   3.50e+04   0.00       < 0.016 0.882 >
2023-02-15 03:04:59 [02/15/23 03:04:59    3.78s]: 5760    7733       9777       0          21378      0          0          8.52e-05   2.54e+06   8.18e+04   0.02       < 0.036 0.907 >
2023-02-15 03:05:07 [02/15/23 03:05:07    8.36s]: 8640    11912      16239      0          59985      0          0          1.40e-04   4.27e+06   1.49e+05   0.04       < 0.066 0.944 >
2023-02-15 03:05:19 [02/15/23 03:05:19   11.63s]: 11520   15095      20194      1345       120481     133767777  496        1.92e-04   5.76e+06   2.37e+05   0.07       < 0.105 0.970 >
2023-02-15 03:05:38 [02/15/23 03:05:38   18.44s]: 14400   14842      11400      4671       208266     319072212  2459       2.12e-04   3.96e+06   3.36e+05   0.11       < 0.144 0.968 >
2023-02-15 03:06:04 [02/15/23 03:06:04   26.05s]: 17280   14200      5355       6154       305376     431457288  4313       1.92e-04   2.29e+06   4.44e+05   0.15       < 0.177 0.954 >
2023-02-15 03:06:36 [02/15/23 03:06:36   32.55s]: 20160   14101      2751       6437       408314     499616906  5704       1.69e-04   1.34e+06   5.59e+05   0.19       < 0.203 0.972 >
2023-02-15 03:07:15 [02/15/23 03:07:15   38.87s]: 23040   14051      2255       7240       517849     540954137  6978       1.60e-04   1.08e+06   6.84e+05   0.24       < 0.225 0.958 >
2023-02-15 03:07:59 [02/15/23 03:07:59   44.09s]: 25920   14788      1869       7625       634719     566023482  8155       1.60e-04   9.47e+05   8.16e+05   0.29       < 0.246 0.975 >
2023-02-15 03:08:48 [02/15/23 03:08:48   49.21s]: 28800   16124      1932       8430       758861     581226603  9196       1.69e-04   9.51e+05   9.56e+05   0.35       < 0.267 0.968 >
2023-02-15 03:09:43 [02/15/23 03:09:43   54.29s]: 31680   16121      1707       8832       894657     590445682  10025      1.65e-04   8.61e+05   1.11e+06   0.41       < 0.289 0.969 >
2023-02-15 03:10:43 [02/15/23 03:10:43   60.34s]: 34560   15764      1249       8906       1035653    596036118  10671      1.49e-04   6.98e+05   1.26e+06   0.47       < 0.310 0.984 >
2023-02-15 03:11:48 [02/15/23 03:11:48   64.74s]: 37440   17453      1310       9975       1184618    599425336  11533      1.65e-04   7.40e+05   1.43e+06   0.54       < 0.331 0.971 >
2023-02-15 03:12:57 [02/15/23 03:12:57   69.71s]: 40320   18617      1406       10529      1348146    601479494  12610      1.79e-04   7.78e+05   1.60e+06   0.61       < 0.354 0.974 >
2023-02-15 03:14:13 [02/15/23 03:14:13   75.93s]: 43200   18588      1619       10744      1517703    602723987  13615      1.81e-04   8.56e+05   1.79e+06   0.69       < 0.379 0.976 >
2023-02-15 03:15:35 [02/15/23 03:15:35   82.08s]: 46080   20724      1604       11463      1696630    603477595  14143      1.95e-04   8.89e+05   1.98e+06   0.77       < 0.401 0.975 >
2023-02-15 03:17:04 [02/15/23 03:17:04   88.17s]: 48960   22827      1846       12771      1890563    603933192  15048      2.26e-04   1.08e+06   2.20e+06   0.86       < 0.427 0.974 >
2023-02-15 03:18:40 [02/15/23 03:18:40   96.47s]: 51840   23868      2108       12978      2095434    604208095  15777      2.33e-04   1.11e+06   2.42e+06   0.95       < 0.454 0.964 >
2023-02-15 03:20:23 [02/15/23 03:20:23  102.61s]: 54720   24179      1966       13517      2309916    604373472  16909      2.34e-04   1.12e+06   2.65e+06   1.04       < 0.477 0.972 >
2023-02-15 03:22:10 [02/15/23 03:22:10  107.47s]: 57600   25601      1999       14148      2531821    604472383  17601      2.42e-04   1.10e+06   2.88e+06   1.14       < 0.498 0.976 >
2023-02-15 03:24:04 [02/15/23 03:24:04  113.53s]: 60480   26624      2207       14381      2762866    604531460  18181      2.56e-04   1.09e+06   3.13e+06   1.25       < 0.521 0.977 >
2023-02-15 03:26:03 [02/15/23 03:26:03  118.97s]: 63360   26622      1953       15035      3005179    604565729  19372      2.56e-04   1.11e+06   3.39e+06   1.36       < 0.548 0.970 >
2023-02-15 03:28:07 [02/15/23 03:28:07  123.89s]: 66240   29159      2566       16238      3258012    604585350  20026      2.77e-04   1.26e+06   3.66e+06   1.47       < 0.568 0.985 >
2023-02-15 03:30:20 [02/15/23 03:30:20  133.43s]: 69120   30732      2602       17254      3526653    604595689  20897      3.03e-04   1.39e+06   3.94e+06   1.59       < 0.600 0.974 >
2023-02-15 03:32:41 [02/15/23 03:32:41  140.95s]: 72000   31915      2551       17268      3805864    604600753  21534      3.05e-04   1.35e+06   4.23e+06   1.71       < 0.625 0.979 >
2023-02-15 03:35:07 [02/15/23 03:35:07  145.86s]: 74880   32772      2670       18417      4092413    604603024  22491      3.13e-04   1.34e+06   4.54e+06   1.84       < 0.644 0.980 >
2023-02-15 03:37:38 [02/15/23 03:37:38  151.69s]: 77760   33444      2763       18338      4387863    604602574  23364      3.18e-04   1.44e+06   4.85e+06   1.97       < 0.666 0.975 >
2023-02-15 03:40:16 [02/15/23 03:40:16  157.41s]: 80640   34858      2748       19655      4693917    604601366  24034      3.28e-04   1.46e+06   5.17e+06   2.11       < 0.688 0.985 >
2023-02-15 03:42:59 [02/15/23 03:42:59  162.81s]: 83520   35705      2932       20017      5005367    604599256  24791      3.44e-04   1.50e+06   5.49e+06   2.25       < 0.712 0.980 >
2023-02-15 03:45:47 [02/15/23 03:45:47  168.78s]: 86400   36623      2673       20521      5329493    604596752  25592      3.44e-04   1.45e+06   5.84e+06   2.40       < 0.732 0.978 >
2023-02-15 03:48:42 [02/15/23 03:48:42  174.33s]: 89280   37530      3194       20626      5663408    604594410  26154      3.61e-04   1.74e+06   6.18e+06   2.54       < 0.755 0.985 >
2023-02-15 03:51:51 [02/15/23 03:51:51  189.48s]: 92160   39556      3173       21785      6008458    604591609  27068      3.78e-04   1.72e+06   6.55e+06   2.70       < 0.783 0.986 >
2023-02-15 03:55:03 [02/15/23 03:55:03  191.81s]: 95040   41392      3442       22818      6369289    604588308  28129      3.98e-04   1.81e+06   6.92e+06   2.86       < 0.809 0.980 >
2023-02-15 03:58:22 [02/15/23 03:58:22  198.69s]: 97920   41111      3392       23015      6739666    604584450  29358      3.90e-04   1.81e+06   7.30e+06   3.03       < 0.837 0.986 >
2023-02-15 04:01:50 [02/15/23 04:01:50  207.94s]: 100800  44590      3638       24229      7115641    604581628  29795      4.25e-04   1.92e+06   7.70e+06   3.19       < 0.864 0.982 >
2023-02-15 04:05:26 [02/15/23 04:05:26  216.68s]: 103680  43878      3327       24273      7509215    604577651  30794      4.19e-04   1.89e+06   8.11e+06   3.37       < 0.882 0.985 >
2023-02-15 04:09:06 [02/15/23 04:09:06  219.86s]: 106560  46209      3803       25424      7910151    604574888  31596      4.46e-04   2.04e+06   8.52e+06   3.55       < 0.905 0.982 >
2023-02-15 04:12:52 [02/15/23 04:12:52  225.58s]: 109440  45440      3414       25388      8323166    604571429  32424      4.40e-04   2.04e+06   8.95e+06   3.73       < 0.928 0.988 >
2023-02-15 04:16:43 [02/15/23 04:16:43  231.63s]: 112320  45764      3628       25879      8736341    604568521  32925      4.39e-04   1.91e+06   9.38e+06   3.92       < 0.952 0.990 >
2023-02-15 04:20:39 [02/15/23 04:20:39  235.74s]: 115200  48918      3750       27004      9156181    604566276  33233      4.58e-04   2.00e+06   9.81e+06   4.10       < 0.965 0.988 >
2023-02-15 04:24:42 [02/15/23 04:24:42  243.18s]: 118080  49559      3953       27327      9596911    604562807  34843      4.82e-04   2.21e+06   1.03e+07   4.30       < 0.992 0.987 >
2023-02-15 04:28:53 [02/15/23 04:28:53  251.08s]: 120960  51477      3803       28615      10042278   604559124  35688      4.74e-04   2.23e+06   1.07e+07   4.50       < 1.022 0.986 >
2023-02-15 04:33:11 [02/15/23 04:33:11  257.69s]: 123840  52886      4530       29963      10506014   604555890  36685      5.18e-04   2.40e+06   1.12e+07   4.71       < 1.045 0.985 >
2023-02-15 04:37:41 [02/15/23 04:37:41  270.31s]: 126720  53909      4505       30270      10980129   604552166  37319      5.18e-04   2.40e+06   1.17e+07   4.92       < 1.078 0.983 >
2023-02-15 04:42:20 [02/15/23 04:42:20  278.31s]: 129600  53271      3942       29687      11462890   604549129  37825      4.94e-04   2.13e+06   1.22e+07   5.13       < 1.099 0.986 >
2023-02-15 04:47:00 [02/15/23 04:47:00  280.72s]: 132480  55731      4111       31345      11957775   604545792  39107      5.32e-04   2.33e+06   1.27e+07   5.36       < 1.120 0.985 >
2023-02-15 04:51:49 [02/15/23 04:51:49  288.31s]: 135360  58043      4726       31691      12465216   604542779  39385      5.54e-04   2.53e+06   1.32e+07   5.58       < 1.147 0.979 >
2023-02-15 04:56:50 [02/15/23 04:56:50  300.98s]: 138240  58407      4677       32568      12983386   604539285  40445      5.68e-04   2.57e+06   1.38e+07   5.81       < 1.172 0.988 >
2023-02-15 05:01:52 [02/15/23 05:01:52  302.21s]: 141120  56181      4184       32231      13507013   604535961  41464      5.36e-04   2.34e+06   1.43e+07   6.04       < 1.189 0.990 >
2023-02-15 05:06:59 [02/15/23 05:06:59  307.19s]: 144000  56881      4171       32618      14029757   604533172  41593      5.33e-04   2.34e+06   1.48e+07   6.28       < 1.206 0.981 >
2023-02-15 05:07:00 [02/15/23 05:07:00    0.43s]: 144004  56888      4180       32630      14030451   604533179  41595      5.33e-04   2.34e+06   1.48e+07   6.28       < 1.206 0.981 >
2023-02-15 05:07:00  ---  main.cpp:generate tcells took  avg 0.05 s max 0.07 s balance 0.71  --- 
2023-02-15 05:07:00  ---  main.cpp:update circulating tcells took  avg 54.75 s max 57.82 s balance 0.95  --- 
2023-02-15 05:07:00  ---  main.cpp:update tcells took  avg 504.73 s max 553.05 s balance 0.91  --- 
2023-02-15 05:07:00  ---  main.cpp:update epicells took  avg 167.46 s max 171.60 s balance 0.98  --- 
2023-02-15 05:07:00  ---  main.cpp:update concentrations took  avg 1847.87 s max 1899.36 s balance 0.97  --- 
2023-02-15 05:07:00  ---  main.cpp:compute updates took  avg 4266.77 s max 4266.98 s balance 1.00  --- 
2023-02-15 05:07:00  ---  main.cpp:dispatch updates took  avg 1906.63 s max 2049.52 s balance 0.93  --- 
2023-02-15 05:07:00  ---  main.cpp:add new actives took  avg 87.01 s max 89.91 s balance 0.97  --- 
2023-02-15 05:07:00  ---  main.cpp:erase inactive took  avg 743.04 s max 758.35 s balance 0.98  --- 
2023-02-15 05:07:00  ---  main.cpp:sample took  avg 0.00 s max 0.00 s balance -nan  --- 
2023-02-15 05:07:00  ---  main.cpp:sample write took  avg 0.00 s max 0.00 s balance -nan  --- 
2023-02-15 05:07:00  ---  main.cpp:log took  avg 16.50 s max 16.56 s balance 1.00  --- 
2023-02-15 05:07:00 Finished 144005 time steps in 7325.8670 s (0.0509 s per step)
2023-02-15 05:07:00  --- Elapsed time for main.cpp:run_sim:  (exiting barrier) 2023-02-15 05:07:00 ...
2023-02-15 05:07:00           ... (min/my/avg/max, bal) (7325.87/7325.87/7325.87/7325.87 s, 1.00) barrier(0.00 s) --- 
2023-02-15 05:07:00 Peak memory used across all nodes: 24.05GB
2023-02-15 05:07:00 Finished in 7329.90 s at 02/15/23 05:07:00 for SimCov version 0.1.1.8024051-dirty
