2023-02-18 21:57:32 SimCov version SimCov version 0.1.1.8024051-dirty-master built on 20230216_082905
2023-02-18 21:57:32 _________________________
2023-02-18 21:57:32 Compiler definitions:
2023-02-18 21:57:32   _XOPEN_SOURCE=700
2023-02-18 21:57:32   CONFIG_USE_COLORS
2023-02-18 21:57:32   USE_BYTELL
2023-02-18 21:57:32   MAX_VIRIONS=125000
2023-02-18 21:57:32   MIN_VIRIONS=1e-10
2023-02-18 21:57:32   BLOCK_PARTITION
2023-02-18 21:57:32   MIN_BLOCKS_PER_PROC=1
2023-02-18 21:57:32   AVERAGE_SUBSAMPLE
2023-02-18 21:57:32 _________________________
2023-02-18 21:57:32 Options:
2023-02-18 21:57:32   dim =                         15000 15000 1
2023-02-18 21:57:32   whole-lung-dim =              48000 40000 20000
2023-02-18 21:57:32   timesteps =                   144005
2023-02-18 21:57:32   infection-coords =            uniform:1
2023-02-18 21:57:32   initial-infection =           999
2023-02-18 21:57:32   incubation-period =           5000
2023-02-18 21:57:32   apoptosis-period =            180
2023-02-18 21:57:32   expressing-period =           900
2023-02-18 21:57:32   infectivity =                 0.025
2023-02-18 21:57:32   infectivity-multiplier =      1.0
2023-02-18 21:57:32   virion-production =           1.1
2023-02-18 21:57:32   virion-production-multiplier = 1.0
2023-02-18 21:57:32   virion-clearance =            0.004
2023-02-18 21:57:32   virion-diffusion =            0.15
2023-02-18 21:57:32   chemokine-production =        1.0
2023-02-18 21:57:32   chemokine-decay =             0.01
2023-02-18 21:57:32   chemokine-diffusion =         1.0
2023-02-18 21:57:32   min-chemokine =               1e-06
2023-02-18 21:57:32   antibody-factor =             1
2023-02-18 21:57:32   antibody-period =             5760
2023-02-18 21:57:32   tcell-generation-rate =       105000
2023-02-18 21:57:32   tcell-initial-delay =         10080
2023-02-18 21:57:32   tcell-vascular-period =       5760
2023-02-18 21:57:32   tcell-tissue-period =         1440
2023-02-18 21:57:32   tcell-binding-period =        10
2023-02-18 21:57:32   max-binding-prob =            1
2023-02-18 21:57:32   tcells-follow-gradient =      false
2023-02-18 21:57:32   seed =                        4
2023-02-18 21:57:32   sample-period =               0
2023-02-18 21:57:32   sample-resolution =           1
2023-02-18 21:57:32   max-block-dim =               10
2023-02-18 21:57:32   output =                      exp_results/per_5000_inf_0.025/init_1000/4
2023-02-18 21:57:32 _________________________
2023-02-18 21:57:32 Starting run with 64 processes on 2 nodes at 02/18/23 21:57:32
2023-02-18 21:57:32 Pinned processes, with process 0 (pid 33023) pinned to core 0
2023-02-18 21:57:32 Using block partitioning
2023-02-18 21:57:32 Initial free memory across all nodes: 151.46GB
2023-02-18 21:57:32 Starting with 76.83GB free on node 0
2023-02-18 21:57:32 Dividing 225000000 grid points into 3515625 squares of size 64 (8^2), with 54932 per process
2023-02-18 21:57:32 Total initial memory required per process is at least 281.63MB with each grid point requiring on average 84 bytes
2023-02-18 21:57:36  --- Elapsed time for tissue.cpp:Tissue:  (exiting barrier) 2023-02-18 21:57:36 ...
2023-02-18 21:57:36           ... (min/my/avg/max, bal) (3.47/3.47/3.47/3.47 s, 1.00) barrier(0.00 s) --- 
2023-02-18 21:57:36 Memory used on node 0 after initialization is  10.90GB
2023-02-18 21:57:36           ... (min/my/avg/max, bal) No-Time barrier(0.00 s) --- 
2023-02-18 21:57:36 Fraction of circulating T cells extravasating is 5.85938e-06
2023-02-18 21:57:36 # datetime                    step    incb       expr       apop       dead       tvas       ttis       chem       virs       chempts    %infct     <%active  lbln>
2023-02-18 21:57:36 [0] <main.cpp:141> WARNING: Time step 0: SUCCESSFUL initial infection at (7500, 7500, 0) after 0 tries
2023-02-18 21:57:36 [02/18/23 21:57:36    0.00s]: 0       1          0          0          0          0          0          0.00e+00   0.00e+00   1.00e+00   0.00       < 0.000 0.016 >
2023-02-18 21:57:37 [02/18/23 21:57:37    0.96s]: 2880    845        0          0          0          0          0          0.00e+00   9.69e-03   8.45e+02   0.00       < 0.007 0.776 >
2023-02-18 21:57:38 [02/18/23 21:57:38    0.98s]: 5760    2428       731        0          1          0          0          8.79e-06   1.58e+05   1.92e+04   0.00       < 0.009 0.783 >
2023-02-18 21:57:40 [02/18/23 21:57:40    2.06s]: 8640    6642       0          0          845        0          0          4.92e-10   1.03e+02   9.52e+03   0.00       < 0.014 0.878 >
2023-02-18 21:57:42 [02/18/23 21:57:42    2.18s]: 11520   5025       2699       163        2927       133768204  73         3.13e-05   7.85e+05   3.55e+04   0.00       < 0.016 0.878 >
2023-02-18 21:57:46 [02/18/23 21:57:46    3.81s]: 14400   3190       0          827        15218      319075087  403        2.23e-07   3.17e+03   3.75e+04   0.01       < 0.023 0.921 >
2023-02-18 21:57:50 [02/18/23 21:57:50    3.87s]: 17280   97         17         18         19360      431465119  129        1.73e-06   4.47e+03   2.95e+04   0.01       < 0.024 0.893 >
2023-02-18 21:57:54 [02/18/23 21:57:54    4.20s]: 20160   14         0          8          20386      499629897  68         0.00e+00   9.63e-01   2.04e+04   0.01       < 0.023 0.896 >
2023-02-18 21:57:57 [02/18/23 21:57:57    3.20s]: 23040   13         0          0          20398      540972580  0          0.00e+00   7.35e-06   2.04e+04   0.01       < 0.005 0.622 >
2023-02-18 21:58:00 [02/18/23 21:58:00    3.14s]: 25920   672        0          83         21825      566046580  297        2.59e-07   3.79e+02   3.03e+04   0.01       < 0.019 0.875 >
2023-02-18 21:58:04 [02/18/23 21:58:04    3.73s]: 28800   12         0          0          22899      581254574  0          0.00e+00   5.08e-03   2.29e+04   0.01       < 0.015 0.777 >
2023-02-18 21:58:07 [02/18/23 21:58:07    2.76s]: 31680   473        1          36         23252      590478015  87         2.39e-07   2.74e+02   3.17e+04   0.01       < 0.012 0.741 >
2023-02-18 21:58:10 [02/18/23 21:58:10    3.60s]: 34560   19         0          0          24662      596072582  0          0.00e+00   2.29e-02   2.47e+04   0.01       < 0.015 0.809 >
2023-02-18 21:58:13 [02/18/23 21:58:13    3.03s]: 37440   320        1          81         25076      599465326  246        2.39e-07   3.11e+02   3.68e+04   0.01       < 0.013 0.797 >
2023-02-18 21:58:17 [02/18/23 21:58:17    3.66s]: 40320   6          0          1          25999      601522774  3          0.00e+00   4.00e-02   2.60e+04   0.01       < 0.017 0.906 >
2023-02-18 21:58:20 [02/18/23 21:58:20    2.85s]: 43200   4          0          4          26195      602770707  77         0.00e+00   3.44e-01   2.62e+04   0.01       < 0.006 0.803 >
2023-02-18 21:58:23 [02/18/23 21:58:23    3.30s]: 46080   452        0          124        27162      603527689  291        9.40e-09   7.79e+01   3.21e+04   0.01       < 0.017 0.825 >
2023-02-18 21:58:27 [02/18/23 21:58:27    3.50s]: 48960   78         0          58         28040      603986926  121        0.00e+00   3.10e+00   2.82e+04   0.01       < 0.016 0.853 >
2023-02-18 21:58:30 [02/18/23 21:58:30    2.79s]: 51840   260        1          56         28416      604265212  149        2.12e-07   1.73e+02   3.37e+04   0.01       < 0.012 0.782 >
2023-02-18 21:58:33 [02/18/23 21:58:33    3.47s]: 54720   209        0          53         29485      604434108  103        3.15e-10   1.70e+01   3.35e+04   0.01       < 0.019 0.896 >
2023-02-18 21:58:36 [02/18/23 21:58:36    3.39s]: 57600   301        7          82         30017      604536485  223        9.70e-07   1.46e+03   4.25e+04   0.01       < 0.014 0.834 >
2023-02-18 21:58:41 [02/18/23 21:58:41    4.22s]: 60480   37         1          18         33272      604598432  131        6.42e-08   2.73e+01   3.41e+04   0.01       < 0.022 0.819 >
2023-02-18 21:58:45 [02/18/23 21:58:45    4.08s]: 63360   22         0          8          34520      604636279  18         0.00e+00   1.11e-01   3.46e+04   0.02       < 0.014 0.816 >
2023-02-18 21:58:48 [02/18/23 21:58:48    3.66s]: 66240   360        0          212        36177      604658931  481        1.94e-09   4.69e+01   4.28e+04   0.02       < 0.020 0.868 >
2023-02-18 21:58:53 [02/18/23 21:58:53    4.57s]: 69120   473        0          229        38249      604672719  366        1.75e-10   2.78e+01   4.11e+04   0.02       < 0.027 0.810 >
2023-02-18 21:58:57 [02/18/23 21:58:57    3.66s]: 72000   301        1          62         39166      604681373  126        3.85e-07   2.98e+02   4.46e+04   0.02       < 0.019 0.788 >
2023-02-18 21:59:01 [02/18/23 21:59:01    4.50s]: 74880   1004       2          141        40815      604686204  292        8.41e-07   9.60e+02   5.60e+04   0.02       < 0.031 0.876 >
2023-02-18 21:59:06 [02/18/23 21:59:06    4.56s]: 77760   344        3          32         42793      604689359  94         5.55e-07   7.51e+02   5.30e+04   0.02       < 0.023 0.884 >
2023-02-18 21:59:10 [02/18/23 21:59:10    4.69s]: 80640   705        1          139        44800      604691114  272        2.18e-07   2.06e+02   5.41e+04   0.02       < 0.027 0.857 >
2023-02-18 21:59:16 [02/18/23 21:59:16    5.40s]: 83520   107        0          50         47164      604692230  219        0.00e+00   3.66e+00   4.73e+04   0.02       < 0.025 0.855 >
2023-02-18 21:59:21 [02/18/23 21:59:21    5.32s]: 86400   291        0          202        49993      604692618  540        0.00e+00   1.38e+01   5.05e+04   0.02       < 0.033 0.903 >
2023-02-18 21:59:27 [02/18/23 21:59:27    5.42s]: 89280   705        0          92         51538      604693244  205        5.40e-08   1.68e+02   5.94e+04   0.02       < 0.034 0.892 >
2023-02-18 21:59:31 [02/18/23 21:59:31    4.87s]: 92160   936        0          247        53620      604693285  567        4.96e-08   2.00e+02   6.57e+04   0.02       < 0.029 0.874 >
2023-02-18 21:59:36 [02/18/23 21:59:36    4.87s]: 95040   270        0          117        55359      604693568  338        2.19e-09   7.40e+01   6.08e+04   0.02       < 0.030 0.891 >
2023-02-18 21:59:40 [02/18/23 21:59:40    4.18s]: 97920   650        1          45         56034      604693898  219        2.50e-07   3.21e+02   7.06e+04   0.03       < 0.026 0.895 >
2023-02-18 21:59:44 [02/18/23 21:59:44    4.02s]: 100800  392        0          16         57306      604694120  78         2.44e-07   3.39e+02   6.92e+04   0.03       < 0.023 0.894 >
2023-02-18 21:59:49 [02/18/23 21:59:49    4.40s]: 103680  695        1          120        58915      604693938  242        2.36e-07   6.12e+02   7.27e+04   0.03       < 0.024 0.879 >
2023-02-18 21:59:54 [02/18/23 21:59:54    4.85s]: 106560  103        0          63         61546      604693982  118        0.00e+00   1.27e+00   6.17e+04   0.03       < 0.023 0.871 >
2023-02-18 21:59:58 [02/18/23 21:59:58    4.35s]: 109440  624        0          250        62635      604693911  526        1.78e-10   3.26e+01   6.52e+04   0.03       < 0.023 0.828 >
2023-02-18 22:00:03 [02/18/23 22:00:03    5.20s]: 112320  195        0          136        64793      604693899  357        0.00e+00   7.38e+00   6.51e+04   0.03       < 0.034 0.905 >
2023-02-18 22:00:08 [02/18/23 22:00:08    4.29s]: 115200  657        1          187        66191      604694006  339        1.86e-07   3.79e+02   7.97e+04   0.03       < 0.023 0.853 >
2023-02-18 22:00:12 [02/18/23 22:00:12    4.87s]: 118080  597        1          69         69241      604693936  174        6.30e-07   6.91e+02   8.50e+04   0.03       < 0.037 0.880 >
2023-02-18 22:00:18 [02/18/23 22:00:18    5.25s]: 120960  1032       12         121        70573      604693907  288        1.65e-06   2.86e+03   9.61e+04   0.03       < 0.032 0.863 >
2023-02-18 22:00:24 [02/18/23 22:00:24    5.97s]: 123840  240        2          4          73692      604693824  32         3.94e-07   2.96e+02   8.07e+04   0.03       < 0.035 0.895 >
2023-02-18 22:00:29 [02/18/23 22:00:29    5.61s]: 126720  332        4          40         75375      604693820  166        7.82e-07   6.09e+02   8.90e+04   0.03       < 0.028 0.835 >
2023-02-18 22:00:35 [02/18/23 22:00:35    5.56s]: 129600  379        0          193        78064      604693757  228        0.00e+00   8.15e+00   7.86e+04   0.03       < 0.028 0.892 >
2023-02-18 22:00:40 [02/18/23 22:00:40    5.05s]: 132480  768        0          284        79860      604693785  434        2.09e-08   1.95e+02   8.73e+04   0.04       < 0.025 0.832 >
2023-02-18 22:00:46 [02/18/23 22:00:46    5.67s]: 135360  131        0          100        82691      604693708  346        0.00e+00   5.99e+00   8.29e+04   0.04       < 0.036 0.909 >
2023-02-18 22:00:50 [02/18/23 22:00:50    4.87s]: 138240  135        1          8          83485      604694051  65         1.90e-07   1.55e+02   8.59e+04   0.04       < 0.021 0.830 >
2023-02-18 22:00:55 [02/18/23 22:00:55    4.86s]: 141120  666        0          291        85889      604693683  580        2.65e-08   1.52e+02   9.61e+04   0.04       < 0.033 0.814 >
2023-02-18 22:01:01 [02/18/23 22:01:01    5.45s]: 144000  458        0          186        87554      604693902  272        2.81e-10   3.05e+01   9.16e+04   0.04       < 0.027 0.797 >
2023-02-18 22:01:01 [02/18/23 22:01:01    0.01s]: 144004  456        0          184        87558      604693901  272        2.67e-10   3.00e+01   9.15e+04   0.04       < 0.027 0.798 >
2023-02-18 22:01:01  ---  main.cpp:generate tcells took  avg 0.01 s max 0.01 s balance 0.89  --- 
2023-02-18 22:01:01  ---  main.cpp:update circulating tcells took  avg 47.08 s max 49.93 s balance 0.94  --- 
2023-02-18 22:01:01  ---  main.cpp:update tcells took  avg 4.36 s max 4.90 s balance 0.89  --- 
2023-02-18 22:01:01  ---  main.cpp:update epicells took  avg 6.97 s max 7.24 s balance 0.96  --- 
2023-02-18 22:01:01  ---  main.cpp:update concentrations took  avg 19.43 s max 20.26 s balance 0.96  --- 
2023-02-18 22:01:01  ---  main.cpp:compute updates took  avg 124.43 s max 124.44 s balance 1.00  --- 
2023-02-18 22:01:01  ---  main.cpp:dispatch updates took  avg 41.09 s max 44.44 s balance 0.92  --- 
2023-02-18 22:01:01  ---  main.cpp:add new actives took  avg 2.79 s max 3.17 s balance 0.88  --- 
2023-02-18 22:01:01  ---  main.cpp:erase inactive took  avg 12.82 s max 13.27 s balance 0.97  --- 
2023-02-18 22:01:01  ---  main.cpp:sample took  avg 0.00 s max 0.00 s balance -nan  --- 
2023-02-18 22:01:01  ---  main.cpp:sample write took  avg 0.00 s max 0.00 s balance -nan  --- 
2023-02-18 22:01:01  ---  main.cpp:log took  avg 6.38 s max 6.42 s balance 0.99  --- 
2023-02-18 22:01:01 Finished 144005 time steps in 204.7772 s (0.0014 s per step)
2023-02-18 22:01:01  --- Elapsed time for main.cpp:run_sim:  (exiting barrier) 2023-02-18 22:01:01 ...
2023-02-18 22:01:01           ... (min/my/avg/max, bal) (204.78/204.78/204.78/204.78 s, 1.00) barrier(0.00 s) --- 
2023-02-18 22:01:01 Peak memory used across all nodes: 21.89GB
2023-02-18 22:01:01 Finished in 208.61 s at 02/18/23 22:01:01 for SimCov version 0.1.1.8024051-dirty
