2023-02-13 19:25:48 SimCov version SimCov version 0.1.1.9cc77ef-dirty-branching_airways_3min_model built on 20230204_191356
2023-02-13 19:25:48 _________________________
2023-02-13 19:25:48 Compiler definitions:
2023-02-13 19:25:48   _XOPEN_SOURCE=700
2023-02-13 19:25:48   CONFIG_USE_COLORS
2023-02-13 19:25:48   USE_BYTELL
2023-02-13 19:25:48   MAX_VIRIONS=125000
2023-02-13 19:25:48   MIN_VIRIONS=1e-10
2023-02-13 19:25:48   BLOCK_PARTITION
2023-02-13 19:25:48   MIN_BLOCKS_PER_PROC=1
2023-02-13 19:25:48   AVERAGE_SUBSAMPLE
2023-02-13 19:25:48 _________________________
2023-02-13 19:25:48 Options:
2023-02-13 19:25:48   dim =                         15000 15000 1
2023-02-13 19:25:48   whole-lung-dim =              48000 40000 20000
2023-02-13 19:25:48   timesteps =                   216005
2023-02-13 19:25:48   infection-coords =            uniform:1
2023-02-13 19:25:48   initial-infection =           1000
2023-02-13 19:25:48   incubation-period =           5000
2023-02-13 19:25:48   apoptosis-period =            180
2023-02-13 19:25:48   expressing-period =           900
2023-02-13 19:25:48   infectivity =                 0.025
2023-02-13 19:25:48   infectivity-multiplier =      1.0
2023-02-13 19:25:48   virion-production =           1.1
2023-02-13 19:25:48   virion-production-multiplier = 1.0
2023-02-13 19:25:48   virion-clearance =            0.004
2023-02-13 19:25:48   virion-diffusion =            0.15
2023-02-13 19:25:48   chemokine-production =        1.0
2023-02-13 19:25:48   chemokine-decay =             0.01
2023-02-13 19:25:48   chemokine-diffusion =         1.0
2023-02-13 19:25:48   min-chemokine =               1e-06
2023-02-13 19:25:48   antibody-factor =             1
2023-02-13 19:25:48   antibody-period =             5760
2023-02-13 19:25:48   tcell-generation-rate =       105000
2023-02-13 19:25:48   tcell-initial-delay =         10080
2023-02-13 19:25:48   tcell-vascular-period =       5760
2023-02-13 19:25:48   tcell-tissue-period =         1440
2023-02-13 19:25:48   tcell-binding-period =        10
2023-02-13 19:25:48   max-binding-prob =            1
2023-02-13 19:25:48   tcells-follow-gradient =      false
2023-02-13 19:25:48   seed =                        4
2023-02-13 19:25:48   sample-period =               0
2023-02-13 19:25:48   sample-resolution =           1
2023-02-13 19:25:48   max-block-dim =               10
2023-02-13 19:25:48   output =                      exp_results/per_5000_inf_0.025/init_1000/4
2023-02-13 19:25:48 _________________________
2023-02-13 19:25:48 Starting run with 64 processes on 2 nodes at 02/13/23 19:25:48
2023-02-13 19:25:48 Pinned processes, with process 0 (pid 3527106) pinned to core 0
2023-02-13 19:25:48 Using block partitioning
2023-02-13 19:25:48 Initial free memory across all nodes: 152.13GB
2023-02-13 19:25:48 Starting with 76.30GB free on node 0
2023-02-13 19:25:48 Dividing 225000000 grid points into 3515625 squares of size 64 (8^2), with 54932 per process
2023-02-13 19:25:48 Total initial memory required per process is at least 308.46MB with each grid point requiring on average 92 bytes
2023-02-13 19:25:51  --- Elapsed time for tissue.cpp:Tissue:  (exiting barrier) 2023-02-13 19:25:51 ...
2023-02-13 19:25:51           ... (min/my/avg/max, bal) (3.43/3.43/3.43/3.43 s, 1.00) barrier(0.00 s) --- 
2023-02-13 19:25:51 Memory used on node 0 after initialization is  11.74GB
2023-02-13 19:25:51           ... (min/my/avg/max, bal) No-Time barrier(0.00 s) --- 
2023-02-13 19:25:51 Fraction of circulating T cells extravasating is 5.85938e-06
2023-02-13 19:25:51 # datetime                    step    incb       expr       apop       dead       tvas       ttis       inflcell   inflallvirs%infct     <%active  lbln>
2023-02-13 19:25:51 [0] <main.cpp:145> WARNING: Time step 0: SUCCESSFUL initial infection at (7500, 7500, 0) after 0 tries
2023-02-13 19:25:51 [02/13/23 19:25:51    0.00s]: 0       1          0          0          0          0          0          0          0          0.00e+00   0.0000004444< 0.000 0.016 >
2023-02-13 19:25:52 [02/13/23 19:25:52    1.31s]: 4320    835        0          0          0          0          0          0          0          2.93e-05   0.0003711111< 0.004 0.602 >
2023-02-13 19:25:55 [02/13/23 19:25:55    2.50s]: 8640    6866       0          0          835        0          0          25464      25464      1.11e+02   0.0034226667< 0.014 0.882 >
2023-02-13 19:25:59 [02/13/23 19:25:59    3.81s]: 12960   6771       277        704        9406       237944564  320        44197      44197      1.76e+05   0.0076257778< 0.020 0.838 >
2023-02-13 19:26:05 [02/13/23 19:26:05    5.91s]: 17280   204        4          60         19399      431464754  214        44897      44897      1.27e+03   0.0087408889< 0.023 0.918 >
2023-02-13 19:26:10 [02/13/23 19:26:10    5.62s]: 21600   221        0          105        20746      522871627  181        48659      48659      1.01e+01   0.0093653333< 0.019 0.842 >
2023-02-13 19:26:14 [02/13/23 19:26:14    4.10s]: 25920   641        0          166        21700      566046526  326        53782      53782      1.66e+02   0.0100031111< 0.016 0.757 >
2023-02-13 19:26:19 [02/13/23 19:26:19    5.01s]: 30240   98         6          3          22841      586439910  21         54047      54047      8.91e+02   0.0101991111< 0.010 0.750 >
2023-02-13 19:26:24 [02/13/23 19:26:24    4.61s]: 34560   7          0          0          24482      596072139  0          57580      57580      5.92e-03   0.0108840000< 0.014 0.841 >
2023-02-13 19:26:28 [02/13/23 19:26:28    3.78s]: 38880   789        0          118        25486      600621800  205        62549      62549      4.29e+02   0.0117302222< 0.015 0.817 >
2023-02-13 19:26:32 [02/13/23 19:26:32    4.44s]: 43200   59         1          4          26739      602770928  20         62634      62634      1.93e+02   0.0119124444< 0.008 0.667 >
2023-02-13 19:26:37 [02/13/23 19:26:37    4.50s]: 47520   2          0          0          27555      603786081  0          64255      64255      3.02e-04   0.0122475556< 0.012 0.843 >
2023-02-13 19:26:40 [02/13/23 19:26:40    2.99s]: 51840   261        0          113        28116      604265427  229        67178      67178      8.43e+01   0.0126622222< 0.006 0.803 >
2023-02-13 19:26:43 [02/13/23 19:26:43    3.23s]: 56160   4          0          0          28572      604491986  0          67178      67178      1.79e-06   0.0127004444< 0.002 0.500 >
2023-02-13 19:26:46 [02/13/23 19:26:46    3.55s]: 60480   40         0          27         30488      604598617  76         71577      71577      4.41e-01   0.0135800000< 0.012 0.825 >
2023-02-13 19:26:50 [02/13/23 19:26:50    3.42s]: 64800   607        5          60         30585      604649729  114        73518      73518      1.66e+03   0.0138920000< 0.007 0.779 >
2023-02-13 19:26:54 [02/13/23 19:26:54    4.42s]: 69120   5          0          0          32295      604673328  0          73656      73656      2.53e-04   0.0143555556< 0.011 0.833 >
2023-02-13 19:26:58 [02/13/23 19:26:58    3.73s]: 73440   58         0          36         33032      604684440  164        75471      75471      2.24e+00   0.0147226667< 0.013 0.788 >
2023-02-13 19:27:02 [02/13/23 19:27:02    3.59s]: 77760   390        2          19         33127      604689909  57         77132      77132      3.18e+02   0.0149057778< 0.005 0.611 >
2023-02-13 19:27:06 [02/13/23 19:27:06    4.36s]: 82080   12         0          0          34623      604692384  0          79510      79510      4.26e-04   0.0153933333< 0.011 0.795 >
2023-02-13 19:27:10 [02/13/23 19:27:10    4.01s]: 86400   44         0          44         35544      604693457  175        81035      81035      6.92e+00   0.0158364444< 0.014 0.830 >
2023-02-13 19:27:13 [02/13/23 19:27:13    3.56s]: 90720   5          0          0          35640      604694254  0          81035      81035      0.00e+00   0.0158422222< 0.000 0.078 >
2023-02-13 19:27:18 [02/13/23 19:27:18    4.16s]: 95040   13         0          0          37183      604694401  0          85604      85604      3.66e-02   0.0165315556< 0.014 0.805 >
2023-02-13 19:27:21 [02/13/23 19:27:21    3.69s]: 99360   345        0          153        37889      604694465  293        86763      86763      1.35e+01   0.0170608889< 0.012 0.831 >
2023-02-13 19:27:25 [02/13/23 19:27:25    4.02s]: 103680  313        1          38         38421      604694611  129        87067      87067      1.45e+03   0.0172324444< 0.006 0.772 >
2023-02-13 19:27:30 [02/13/23 19:27:30    4.67s]: 108000  12         0          0          40558      604694522  3          92087      92087      5.45e-02   0.0180311111< 0.015 0.876 >
2023-02-13 19:27:34 [02/13/23 19:27:34    3.96s]: 112320  263        2          8          41219      604694564  106        93064      93064      5.31e+02   0.0184408889< 0.015 0.808 >
2023-02-13 19:27:39 [02/13/23 19:27:39    5.26s]: 116640  328        0          64         42897      604694433  186        97280      97280      1.57e+02   0.0192395556< 0.014 0.866 >
2023-02-13 19:27:44 [02/13/23 19:27:44    4.56s]: 120960  220        0          118        44922      604694411  275        104670     104670     4.74e+00   0.0201155556< 0.015 0.808 >
2023-02-13 19:27:48 [02/13/23 19:27:48    4.69s]: 125280  322        0          33         46156      604694489  95         109543     109543     8.45e+02   0.0206715556< 0.014 0.842 >
2023-02-13 19:27:54 [02/13/23 19:27:54    5.56s]: 129600  334        0          139        48749      604694211  325        115874     115874     1.00e+02   0.0218764444< 0.021 0.829 >
2023-02-13 19:28:00 [02/13/23 19:28:00    5.61s]: 133920  541        0          197        51048      604694143  391        121380     121380     3.01e+01   0.0230160000< 0.020 0.873 >
2023-02-13 19:28:05 [02/13/23 19:28:05    5.68s]: 138240  99         1          49         52637      604694267  161        122388     122388     2.01e+02   0.0234604444< 0.016 0.785 >
2023-02-13 19:28:11 [02/13/23 19:28:11    5.45s]: 142560  20         0          0          53841      604694463  0          125936     125936     7.25e-03   0.0239382222< 0.011 0.806 >
2023-02-13 19:28:18 [02/13/23 19:28:18    6.92s]: 146880  124        0          110        58288      604693852  358        136717     136717     6.00e+00   0.0260097778< 0.036 0.849 >
2023-02-13 19:28:24 [02/13/23 19:28:24    6.42s]: 151200  318        0          125        60119      604694021  347        140750     140750     1.29e+01   0.0269164444< 0.014 0.804 >
2023-02-13 19:28:31 [02/13/23 19:28:31    7.32s]: 155520  45         3          0          63092      604694202  3          148682     148682     1.99e+02   0.0280622222< 0.023 0.896 >
2023-02-13 19:28:38 [02/13/23 19:28:38    7.00s]: 159840  421        0          159        65921      604693774  478        155529     155529     7.12e+01   0.0295560000< 0.035 0.885 >
2023-02-13 19:28:45 [02/13/23 19:28:45    6.91s]: 164160  1841       1          433        68423      604693653  736        167062     167062     1.12e+03   0.0314213333< 0.027 0.899 >
2023-02-13 19:28:55 [02/13/23 19:28:55    9.31s]: 168480  29         0          0          73576      604693789  0          171613     171613     1.27e-02   0.0327133333< 0.031 0.861 >
2023-02-13 19:29:02 [02/13/23 19:29:02    6.94s]: 172800  2795       2          416        75888      604693520  600        185882     185882     1.28e+03   0.0351560000< 0.042 0.902 >
2023-02-13 19:29:10 [02/13/23 19:29:10    8.05s]: 177120  910        3          180        80641      604693693  407        191468     191468     6.39e+02   0.0363262222< 0.033 0.857 >
2023-02-13 19:29:18 [02/13/23 19:29:18    8.69s]: 181440  59         0          18         85763      604693640  123        200496     200496     1.33e+00   0.0381511111< 0.035 0.828 >
2023-02-13 19:29:25 [02/13/23 19:29:25    6.81s]: 185760  498        0          175        89060      604693597  485        210575     210575     1.35e+02   0.0398813333< 0.035 0.911 >
2023-02-13 19:29:33 [02/13/23 19:29:33    7.63s]: 190080  663        0          162        90819      604693955  320        212694     212694     8.70e+02   0.0407306667< 0.019 0.847 >
2023-02-13 19:29:41 [02/13/23 19:29:41    7.94s]: 194400  79         0          64         95038      604693861  154        218581     218581     4.08e+00   0.0423026667< 0.033 0.850 >
2023-02-13 19:29:46 [02/13/23 19:29:46    5.64s]: 198720  1528       3          241        96593      604693854  535        230034     230034     9.01e+02   0.0437177778< 0.029 0.865 >
2023-02-13 19:29:55 [02/13/23 19:29:55    8.27s]: 203040  409        0          117        100463     604693964  234        233421     233421     1.04e+02   0.0448840000< 0.028 0.840 >
2023-02-13 19:30:02 [02/13/23 19:30:02    7.57s]: 207360  16         0          8          104240     604693874  58         236670     236670     4.28e-01   0.0463395556< 0.028 0.919 >
2023-02-13 19:30:07 [02/13/23 19:30:07    5.09s]: 211680  316        2          57         105188     604694204  142        240116     240116     2.98e+02   0.0469168889< 0.016 0.775 >
2023-02-13 19:30:13 [02/13/23 19:30:13    6.20s]: 216000  27         1          16         107001     604694247  149        241286     241286     1.43e+02   0.0475755556< 0.020 0.786 >
2023-02-13 19:30:13 [02/13/23 19:30:13    0.01s]: 216004  27         1          16         107002     604694247  148        241286     241286     1.45e+02   0.0475760000< 0.020 0.782 >
2023-02-13 19:30:13  ---  main.cpp:generate tcells took  avg 0.02 s max 0.02 s balance 0.85  --- 
2023-02-13 19:30:13  ---  main.cpp:update circulating tcells took  avg 72.42 s max 78.29 s balance 0.92  --- 
2023-02-13 19:30:13  ---  main.cpp:update tcells took  avg 5.26 s max 5.82 s balance 0.90  --- 
2023-02-13 19:30:13  ---  main.cpp:update epicells took  avg 8.14 s max 8.39 s balance 0.97  --- 
2023-02-13 19:30:13  ---  main.cpp:update concentrations took  avg 22.17 s max 22.99 s balance 0.96  --- 
2023-02-13 19:30:13  ---  main.cpp:compute updates took  avg 164.56 s max 164.57 s balance 1.00  --- 
2023-02-13 19:30:13  ---  main.cpp:dispatch updates took  avg 48.60 s max 52.77 s balance 0.92  --- 
2023-02-13 19:30:13  ---  main.cpp:add new actives took  avg 2.81 s max 3.43 s balance 0.82  --- 
2023-02-13 19:30:13  ---  main.cpp:erase inactive took  avg 14.78 s max 15.38 s balance 0.96  --- 
2023-02-13 19:30:13  ---  main.cpp:sample took  avg 0.00 s max 0.00 s balance -nan  --- 
2023-02-13 19:30:13  ---  main.cpp:sample write took  avg 0.00 s max 0.00 s balance -nan  --- 
2023-02-13 19:30:13  ---  main.cpp:log took  avg 8.73 s max 8.79 s balance 0.99  --- 
2023-02-13 19:30:13 Finished 216005 time steps in 262.4390 s (0.0012 s per step)
2023-02-13 19:30:13  --- Elapsed time for main.cpp:run_sim:  (exiting barrier) 2023-02-13 19:30:13 ...
2023-02-13 19:30:13           ... (min/my/avg/max, bal) (262.44/262.44/262.44/262.44 s, 1.00) barrier(0.00 s) --- 
2023-02-13 19:30:14 Peak memory used across all nodes: 23.58GB
2023-02-13 19:30:14 Finished in 266.16 s at 02/13/23 19:30:14 for SimCov version 0.1.1.9cc77ef-dirty
