2023-02-16 08:33:22 SimCov version SimCov version 0.1.1.8024051-dirty-master built on 20230216_082905
2023-02-16 08:33:22 _________________________
2023-02-16 08:33:22 Compiler definitions:
2023-02-16 08:33:22   _XOPEN_SOURCE=700
2023-02-16 08:33:22   CONFIG_USE_COLORS
2023-02-16 08:33:22   USE_BYTELL
2023-02-16 08:33:22   MAX_VIRIONS=125000
2023-02-16 08:33:22   MIN_VIRIONS=1e-10
2023-02-16 08:33:22   BLOCK_PARTITION
2023-02-16 08:33:22   MIN_BLOCKS_PER_PROC=1
2023-02-16 08:33:22   AVERAGE_SUBSAMPLE
2023-02-16 08:33:22 _________________________
2023-02-16 08:33:22 Options:
2023-02-16 08:33:22   dim =                         15000 15000 1
2023-02-16 08:33:22   whole-lung-dim =              48000 40000 20000
2023-02-16 08:33:22   timesteps =                   144005
2023-02-16 08:33:22   infection-coords =            uniform:1
2023-02-16 08:33:22   initial-infection =           999
2023-02-16 08:33:22   incubation-period =           5000
2023-02-16 08:33:22   apoptosis-period =            180
2023-02-16 08:33:22   expressing-period =           900
2023-02-16 08:33:22   infectivity =                 0.025
2023-02-16 08:33:22   infectivity-multiplier =      1.0
2023-02-16 08:33:22   virion-production =           1.1
2023-02-16 08:33:22   virion-production-multiplier = 1.0
2023-02-16 08:33:22   virion-clearance =            0.004
2023-02-16 08:33:22   virion-diffusion =            0.15
2023-02-16 08:33:22   chemokine-production =        1.0
2023-02-16 08:33:22   chemokine-decay =             0.01
2023-02-16 08:33:22   chemokine-diffusion =         1.0
2023-02-16 08:33:22   min-chemokine =               1e-06
2023-02-16 08:33:22   antibody-factor =             1
2023-02-16 08:33:22   antibody-period =             5760
2023-02-16 08:33:22   tcell-generation-rate =       105000
2023-02-16 08:33:22   tcell-initial-delay =         10080
2023-02-16 08:33:22   tcell-vascular-period =       5760
2023-02-16 08:33:22   tcell-tissue-period =         1440
2023-02-16 08:33:22   tcell-binding-period =        10
2023-02-16 08:33:22   max-binding-prob =            1
2023-02-16 08:33:22   tcells-follow-gradient =      false
2023-02-16 08:33:22   seed =                        7
2023-02-16 08:33:22   sample-period =               0
2023-02-16 08:33:22   sample-resolution =           1
2023-02-16 08:33:22   max-block-dim =               10
2023-02-16 08:33:22   output =                      exp_results/per_5000_inf_0.025/init_999/7
2023-02-16 08:33:22 _________________________
2023-02-16 08:33:22 Starting run with 64 processes on 2 nodes at 02/16/23 08:33:22
2023-02-16 08:33:22 Pinned processes, with process 0 (pid 4054975) pinned to core 0
2023-02-16 08:33:22 Using block partitioning
2023-02-16 08:33:22 Initial free memory across all nodes: 151.08GB
2023-02-16 08:33:22 Starting with 74.75GB free on node 0
2023-02-16 08:33:22 Dividing 225000000 grid points into 3515625 squares of size 64 (8^2), with 54932 per process
2023-02-16 08:33:22 Total initial memory required per process is at least 281.63MB with each grid point requiring on average 84 bytes
2023-02-16 08:33:25  --- Elapsed time for tissue.cpp:Tissue:  (exiting barrier) 2023-02-16 08:33:25 ...
2023-02-16 08:33:25           ... (min/my/avg/max, bal) (3.45/3.45/3.46/3.46 s, 1.00) barrier(0.00 s) --- 
2023-02-16 08:33:25 Memory used on node 0 after initialization is  10.90GB
2023-02-16 08:33:25           ... (min/my/avg/max, bal) No-Time barrier(0.00 s) --- 
2023-02-16 08:33:25 Fraction of circulating T cells extravasating is 5.85938e-06
2023-02-16 08:33:25 # datetime                    step    incb       expr       apop       dead       tvas       ttis       chem       virs       chempts    %infct     <%active  lbln>
2023-02-16 08:33:25 [0] <main.cpp:141> WARNING: Time step 0: SUCCESSFUL initial infection at (7500, 7500, 0) after 0 tries
2023-02-16 08:33:25 [02/16/23 08:33:25    0.00s]: 0       1          0          0          0          0          0          0.00e+00   0.00e+00   1.00e+00   0.00       < 0.000 0.016 >
2023-02-16 08:33:26 [02/16/23 08:33:26    0.86s]: 2880    800        0          0          0          0          0          0.00e+00   9.69e-03   8.00e+02   0.00       < 0.007 0.776 >
2023-02-16 08:33:27 [02/16/23 08:33:27    0.96s]: 5760    2381       694        0          2          0          0          8.40e-06   1.53e+05   1.90e+04   0.00       < 0.008 0.773 >
2023-02-16 08:33:29 [02/16/23 08:33:29    2.00s]: 8640    6541       0          0          800        0          0          0.00e+00   5.72e+01   7.34e+03   0.00       < 0.014 0.870 >
2023-02-16 08:33:31 [02/16/23 08:33:31    2.12s]: 11520   5009       2638       164        2796       133768028  60         3.04e-05   7.69e+05   3.51e+04   0.00       < 0.016 0.869 >
2023-02-16 08:33:35 [02/16/23 08:33:35    3.79s]: 14400   3124       1          808        15123      319075266  436        4.82e-07   2.92e+03   3.69e+04   0.01       < 0.023 0.910 >
2023-02-16 08:33:39 [02/16/23 08:33:39    3.74s]: 17280   42         1          18         19234      431465433  110        9.35e-07   1.03e+03   2.97e+04   0.01       < 0.023 0.915 >
2023-02-16 08:33:42 [02/16/23 08:33:42    3.59s]: 20160   160        1          5          19462      499630369  35         2.25e-07   2.25e+02   2.44e+04   0.01       < 0.020 0.865 >
2023-02-16 08:33:45 [02/16/23 08:33:45    3.06s]: 23040   21         0          0          19836      540972574  0          0.00e+00   5.54e-03   1.99e+04   0.01       < 0.007 0.800 >
2023-02-16 08:33:49 [02/16/23 08:33:49    3.28s]: 25920   297        1          147        21554      566046421  411        3.60e-07   3.12e+02   2.90e+04   0.01       < 0.021 0.804 >
2023-02-16 08:33:53 [02/16/23 08:33:53    4.16s]: 28800   26         0          0          22527      581254161  2          0.00e+00   2.89e-02   2.26e+04   0.01       < 0.020 0.840 >
2023-02-16 08:33:56 [02/16/23 08:33:56    3.22s]: 31680   631        0          109        22859      590477721  158        5.86e-08   1.60e+02   2.99e+04   0.01       < 0.012 0.889 >
2023-02-16 08:34:00 [02/16/23 08:34:00    3.60s]: 34560   212        0          144        24778      596071699  287        0.00e+00   1.94e+01   2.51e+04   0.01       < 0.017 0.811 >
2023-02-16 08:34:03 [02/16/23 08:34:03    3.38s]: 37440   29         0          23         25225      599464739  182        2.23e-10   1.89e+01   2.74e+04   0.01       < 0.013 0.810 >
2023-02-16 08:34:06 [02/16/23 08:34:06    2.63s]: 40320   956        1          86         25352      601522660  181        9.61e-07   1.22e+03   3.83e+04   0.01       < 0.014 0.762 >
2023-02-16 08:34:09 [02/16/23 08:34:09    3.01s]: 43200   59         1          0          27051      602770868  4          1.73e-07   1.08e+02   3.00e+04   0.01       < 0.013 0.822 >
2023-02-16 08:34:12 [02/16/23 08:34:12    3.07s]: 46080   248        3          25         27740      603527912  75         4.70e-07   5.02e+02   3.53e+04   0.01       < 0.011 0.781 >
2023-02-16 08:34:15 [02/16/23 08:34:15    3.28s]: 48960   7          0          0          28736      603986913  0          0.00e+00   4.44e-02   2.87e+04   0.01       < 0.011 0.843 >
2023-02-16 08:34:18 [02/16/23 08:34:18    2.88s]: 51840   12         0          0          29276      604265323  4          0.00e+00   5.20e-02   2.93e+04   0.01       < 0.006 0.809 >
2023-02-16 08:34:21 [02/16/23 08:34:21    2.74s]: 54720   734        0          215        29959      604433959  413        4.67e-08   1.64e+02   3.89e+04   0.01       < 0.011 0.882 >
2023-02-16 08:34:24 [02/16/23 08:34:24    3.70s]: 57600   187        0          96         32143      604536269  235        0.00e+00   1.36e+01   3.24e+04   0.01       < 0.020 0.895 >
2023-02-16 08:34:27 [02/16/23 08:34:27    3.10s]: 60480   526        0          78         32496      604598638  161        2.47e-07   4.24e+02   4.61e+04   0.01       < 0.016 0.814 >
2023-02-16 08:34:31 [02/16/23 08:34:31    3.32s]: 63360   958        1          129        33549      604636163  179        2.91e-07   5.40e+02   4.61e+04   0.02       < 0.020 0.910 >
2023-02-16 08:34:34 [02/16/23 08:34:34    3.54s]: 66240   340        1          31         35172      604659315  90         2.18e-07   2.06e+02   4.35e+04   0.02       < 0.016 0.811 >
2023-02-16 08:34:38 [02/16/23 08:34:38    3.77s]: 69120   27         0          0          36765      604673297  3          0.00e+00   5.65e-02   3.68e+04   0.02       < 0.015 0.857 >
2023-02-16 08:34:41 [02/16/23 08:34:41    3.17s]: 72000   22         0          13         37559      604681699  74         0.00e+00   5.91e-01   3.76e+04   0.02       < 0.007 0.807 >
2023-02-16 08:34:45 [02/16/23 08:34:45    3.51s]: 74880   373        0          187        39120      604686408  414        2.97e-09   5.31e+01   4.52e+04   0.02       < 0.020 0.815 >
2023-02-16 08:34:48 [02/16/23 08:34:48    3.81s]: 77760   145        0          79         39997      604689598  130        0.00e+00   4.14e+00   4.02e+04   0.02       < 0.019 0.826 >
2023-02-16 08:34:52 [02/16/23 08:34:52    3.02s]: 80640   1049       1          148        40365      604691428  310        4.30e-07   7.14e+02   6.36e+04   0.02       < 0.019 0.746 >
2023-02-16 08:34:56 [02/16/23 08:34:56    4.12s]: 83520   322        0          54         42231      604692486  178        1.87e-07   3.09e+02   4.94e+04   0.02       < 0.025 0.906 >
2023-02-16 08:34:59 [02/16/23 08:34:59    3.35s]: 86400   13         0          0          42696      604693424  0          0.00e+00   2.99e-03   4.27e+04   0.02       < 0.008 0.811 >
2023-02-16 08:35:03 [02/16/23 08:35:03    3.96s]: 89280   46         0          56         44897      604693533  251        0.00e+00   3.25e+00   4.50e+04   0.02       < 0.021 0.822 >
2023-02-16 08:35:07 [02/16/23 08:35:07    4.22s]: 92160   36         0          7          45500      604693943  76         2.21e-07   2.01e+02   5.14e+04   0.02       < 0.017 0.731 >
2023-02-16 08:35:11 [02/16/23 08:35:11    3.83s]: 95040   273        0          69         46368      604693971  273        3.00e-08   1.49e+02   5.50e+04   0.02       < 0.023 0.867 >
2023-02-16 08:35:15 [02/16/23 08:35:15    3.75s]: 97920   22         0          0          46819      604694350  0          0.00e+00   1.44e-03   4.68e+04   0.02       < 0.013 0.822 >
2023-02-16 08:35:18 [02/16/23 08:35:18    3.20s]: 100800  241        0          172        48531      604694065  477        2.76e-09   1.18e+02   5.57e+04   0.02       < 0.015 0.828 >
2023-02-16 08:35:22 [02/16/23 08:35:22    4.09s]: 103680  17         0          5          49797      604694228  86         0.00e+00   4.01e-01   4.98e+04   0.02       < 0.023 0.863 >
2023-02-16 08:35:25 [02/16/23 08:35:25    2.90s]: 106560  188        2          15         49813      604694451  69         5.42e-07   5.33e+02   5.82e+04   0.02       < 0.010 0.694 >
2023-02-16 08:35:29 [02/16/23 08:35:29    4.09s]: 109440  35         0          31         51313      604694141  169        2.65e-11   1.08e+01   5.17e+04   0.02       < 0.023 0.862 >
2023-02-16 08:35:32 [02/16/23 08:35:32    3.43s]: 112320  10         0          0          51385      604694451  0          0.00e+00   1.03e-04   5.14e+04   0.02       < 0.005 0.625 >
2023-02-16 08:35:35 [02/16/23 08:35:35    2.75s]: 115200  754        2          259        52554      604694183  489        2.60e-07   3.21e+02   6.93e+04   0.02       < 0.019 0.781 >
2023-02-16 08:35:40 [02/16/23 08:35:40    4.56s]: 118080  50         0          0          54491      604694333  0          0.00e+00   2.52e-02   5.45e+04   0.02       < 0.025 0.872 >
2023-02-16 08:35:43 [02/16/23 08:35:43    3.49s]: 120960  850        3          76         54743      604694263  340        1.15e-06   3.50e+03   7.49e+04   0.02       < 0.018 0.841 >
2023-02-16 08:35:48 [02/16/23 08:35:48    4.58s]: 123840  13         0          1          57260      604694212  40         0.00e+00   2.13e-01   5.73e+04   0.03       < 0.025 0.898 >
2023-02-16 08:35:51 [02/16/23 08:35:51    3.16s]: 126720  401        2          37         57291      604694415  107        4.71e-07   5.07e+02   6.78e+04   0.03       < 0.009 0.709 >
2023-02-16 08:35:56 [02/16/23 08:35:56    4.52s]: 129600  173        0          133        60503      604693883  366        0.00e+00   1.18e+01   6.08e+04   0.03       < 0.028 0.855 >
2023-02-16 08:35:59 [02/16/23 08:35:59    3.95s]: 132480  13         0          0          60821      604694329  0          0.00e+00   1.12e-04   6.08e+04   0.03       < 0.011 0.786 >
2023-02-16 08:36:03 [02/16/23 08:36:03    3.34s]: 135360  593        0          114        62510      604694162  271        5.72e-07   6.09e+02   6.98e+04   0.03       < 0.019 0.823 >
2023-02-16 08:36:07 [02/16/23 08:36:07    4.55s]: 138240  18         0          1          64416      604694224  40         0.00e+00   2.24e-01   6.44e+04   0.03       < 0.021 0.879 >
2023-02-16 08:36:11 [02/16/23 08:36:11    3.39s]: 141120  296        1          96         64787      604694260  294        2.21e-07   2.12e+02   6.94e+04   0.03       < 0.018 0.820 >
2023-02-16 08:36:15 [02/16/23 08:36:15    4.30s]: 144000  199        0          92         65833      604694280  160        0.00e+00   3.68e+00   6.61e+04   0.03       < 0.022 0.814 >
2023-02-16 08:36:15 [02/16/23 08:36:15    0.01s]: 144004  193        0          96         65835      604694282  160        0.00e+00   3.62e+00   6.61e+04   0.03       < 0.022 0.813 >
2023-02-16 08:36:15  ---  main.cpp:generate tcells took  avg 0.01 s max 0.01 s balance 0.81  --- 
2023-02-16 08:36:15  ---  main.cpp:update circulating tcells took  avg 46.54 s max 50.18 s balance 0.93  --- 
2023-02-16 08:36:15  ---  main.cpp:update tcells took  avg 3.24 s max 3.67 s balance 0.88  --- 
2023-02-16 08:36:15  ---  main.cpp:update epicells took  avg 5.07 s max 5.40 s balance 0.94  --- 
2023-02-16 08:36:15  ---  main.cpp:update concentrations took  avg 14.31 s max 15.04 s balance 0.95  --- 
2023-02-16 08:36:15  ---  main.cpp:compute updates took  avg 105.74 s max 105.76 s balance 1.00  --- 
2023-02-16 08:36:15  ---  main.cpp:dispatch updates took  avg 31.45 s max 34.20 s balance 0.92  --- 
2023-02-16 08:36:15  ---  main.cpp:add new actives took  avg 2.11 s max 2.52 s balance 0.84  --- 
2023-02-16 08:36:15  ---  main.cpp:erase inactive took  avg 9.38 s max 9.86 s balance 0.95  --- 
2023-02-16 08:36:15  ---  main.cpp:sample took  avg 0.00 s max 0.00 s balance -nan  --- 
2023-02-16 08:36:15  ---  main.cpp:sample write took  avg 0.00 s max 0.00 s balance -nan  --- 
2023-02-16 08:36:15  ---  main.cpp:log took  avg 6.07 s max 6.09 s balance 1.00  --- 
2023-02-16 08:36:15 Finished 144005 time steps in 169.8531 s (0.0012 s per step)
2023-02-16 08:36:15  --- Elapsed time for main.cpp:run_sim:  (exiting barrier) 2023-02-16 08:36:15 ...
2023-02-16 08:36:15           ... (min/my/avg/max, bal) (169.85/169.85/169.85/169.85 s, 1.00) barrier(0.00 s) --- 
2023-02-16 08:36:15 Peak memory used across all nodes: 21.88GB
2023-02-16 08:36:15 Finished in 173.65 s at 02/16/23 08:36:15 for SimCov version 0.1.1.8024051-dirty
