2023-02-16 08:30:10 SimCov version SimCov version 0.1.1.8024051-dirty-master built on 20230216_082905
2023-02-16 08:30:10 _________________________
2023-02-16 08:30:10 Compiler definitions:
2023-02-16 08:30:10   _XOPEN_SOURCE=700
2023-02-16 08:30:10   CONFIG_USE_COLORS
2023-02-16 08:30:10   USE_BYTELL
2023-02-16 08:30:10   MAX_VIRIONS=125000
2023-02-16 08:30:10   MIN_VIRIONS=1e-10
2023-02-16 08:30:10   BLOCK_PARTITION
2023-02-16 08:30:10   MIN_BLOCKS_PER_PROC=1
2023-02-16 08:30:10   AVERAGE_SUBSAMPLE
2023-02-16 08:30:10 _________________________
2023-02-16 08:30:10 Options:
2023-02-16 08:30:10   dim =                         15000 15000 1
2023-02-16 08:30:10   whole-lung-dim =              48000 40000 20000
2023-02-16 08:30:10   timesteps =                   144005
2023-02-16 08:30:10   infection-coords =            uniform:1
2023-02-16 08:30:10   initial-infection =           999
2023-02-16 08:30:10   incubation-period =           5000
2023-02-16 08:30:10   apoptosis-period =            180
2023-02-16 08:30:10   expressing-period =           900
2023-02-16 08:30:10   infectivity =                 0.025
2023-02-16 08:30:10   infectivity-multiplier =      1.0
2023-02-16 08:30:10   virion-production =           1.1
2023-02-16 08:30:10   virion-production-multiplier = 1.0
2023-02-16 08:30:10   virion-clearance =            0.004
2023-02-16 08:30:10   virion-diffusion =            0.15
2023-02-16 08:30:10   chemokine-production =        1.0
2023-02-16 08:30:10   chemokine-decay =             0.01
2023-02-16 08:30:10   chemokine-diffusion =         1.0
2023-02-16 08:30:10   min-chemokine =               1e-06
2023-02-16 08:30:10   antibody-factor =             1
2023-02-16 08:30:10   antibody-period =             5760
2023-02-16 08:30:10   tcell-generation-rate =       105000
2023-02-16 08:30:10   tcell-initial-delay =         10080
2023-02-16 08:30:10   tcell-vascular-period =       5760
2023-02-16 08:30:10   tcell-tissue-period =         1440
2023-02-16 08:30:10   tcell-binding-period =        10
2023-02-16 08:30:10   max-binding-prob =            1
2023-02-16 08:30:10   tcells-follow-gradient =      false
2023-02-16 08:30:10   seed =                        6
2023-02-16 08:30:10   sample-period =               0
2023-02-16 08:30:10   sample-resolution =           1
2023-02-16 08:30:10   max-block-dim =               10
2023-02-16 08:30:10   output =                      exp_results/per_5000_inf_0.025/init_999/6
2023-02-16 08:30:10 _________________________
2023-02-16 08:30:10 Starting run with 64 processes on 2 nodes at 02/16/23 08:30:10
2023-02-16 08:30:10 Pinned processes, with process 0 (pid 4054522) pinned to core 0
2023-02-16 08:30:10 Using block partitioning
2023-02-16 08:30:10 Initial free memory across all nodes: 151.07GB
2023-02-16 08:30:10 Starting with 74.75GB free on node 0
2023-02-16 08:30:10 Dividing 225000000 grid points into 3515625 squares of size 64 (8^2), with 54932 per process
2023-02-16 08:30:10 Total initial memory required per process is at least 281.63MB with each grid point requiring on average 84 bytes
2023-02-16 08:30:13  --- Elapsed time for tissue.cpp:Tissue:  (exiting barrier) 2023-02-16 08:30:13 ...
2023-02-16 08:30:13           ... (min/my/avg/max, bal) (3.41/3.41/3.41/3.41 s, 1.00) barrier(0.00 s) --- 
2023-02-16 08:30:13 Memory used on node 0 after initialization is  10.90GB
2023-02-16 08:30:13           ... (min/my/avg/max, bal) No-Time barrier(0.00 s) --- 
2023-02-16 08:30:13 Fraction of circulating T cells extravasating is 5.85938e-06
2023-02-16 08:30:13 # datetime                    step    incb       expr       apop       dead       tvas       ttis       chem       virs       chempts    %infct     <%active  lbln>
2023-02-16 08:30:13 [0] <main.cpp:141> WARNING: Time step 0: SUCCESSFUL initial infection at (7500, 7500, 0) after 0 tries
2023-02-16 08:30:13 [02/16/23 08:30:13    0.00s]: 0       1          0          0          0          0          0          0.00e+00   0.00e+00   1.00e+00   0.00       < 0.000 0.016 >
2023-02-16 08:30:14 [02/16/23 08:30:14    0.86s]: 2880    801        0          0          0          0          0          0.00e+00   9.69e-03   8.01e+02   0.00       < 0.007 0.776 >
2023-02-16 08:30:15 [02/16/23 08:30:15    0.95s]: 5760    2453       702        0          2          0          0          8.93e-06   1.52e+05   1.90e+04   0.00       < 0.008 0.771 >
2023-02-16 08:30:17 [02/16/23 08:30:17    2.00s]: 8640    6523       0          0          801        0          0          5.61e-11   7.59e+01   7.33e+03   0.00       < 0.014 0.873 >
2023-02-16 08:30:19 [02/16/23 08:30:19    2.09s]: 11520   5202       2728       216        2933       133768160  81         3.11e-05   8.09e+05   3.61e+04   0.00       < 0.016 0.886 >
2023-02-16 08:30:23 [02/16/23 08:30:23    3.77s]: 14400   3346       0          816        15095      319075172  416        1.37e-07   2.40e+03   3.75e+04   0.01       < 0.024 0.915 >
2023-02-16 08:30:27 [02/16/23 08:30:27    3.73s]: 17280   226        18         60         19331      431464955  145        2.26e-06   4.63e+03   3.38e+04   0.01       < 0.023 0.916 >
2023-02-16 08:30:30 [02/16/23 08:30:30    3.86s]: 20160   12         0          0          20585      499629912  1          0.00e+00   3.23e-01   2.06e+04   0.01       < 0.021 0.901 >
2023-02-16 08:30:34 [02/16/23 08:30:34    3.35s]: 23040   16         0          1          21100      540972437  3          0.00e+00   3.50e-02   2.11e+04   0.01       < 0.008 0.778 >
2023-02-16 08:30:37 [02/16/23 08:30:37    3.24s]: 25920   536        0          289        22763      566046518  550        2.99e-07   4.42e+02   3.42e+04   0.01       < 0.022 0.796 >
2023-02-16 08:30:41 [02/16/23 08:30:41    4.46s]: 28800   14         0          2          24215      581254644  34         0.00e+00   1.81e-01   2.42e+04   0.01       < 0.024 0.849 >
2023-02-16 08:30:45 [02/16/23 08:30:45    3.18s]: 31680   66         0          51         24847      590477995  190        0.00e+00   1.16e+01   2.50e+04   0.01       < 0.008 0.780 >
2023-02-16 08:30:48 [02/16/23 08:30:48    3.22s]: 34560   203        0          168        26112      596072055  325        0.00e+00   6.72e+00   2.65e+04   0.01       < 0.020 0.872 >
2023-02-16 08:30:51 [02/16/23 08:30:51    3.37s]: 37440   627        0          95         26590      599464898  135        1.62e-07   2.77e+02   3.55e+04   0.01       < 0.017 0.788 >
2023-02-16 08:30:55 [02/16/23 08:30:55    3.47s]: 40320   779        2          107        27917      601522572  200        6.68e-07   6.76e+02   3.94e+04   0.01       < 0.022 0.875 >
2023-02-16 08:30:59 [02/16/23 08:30:59    3.81s]: 43200   145        0          2          30035      602770590  26         4.42e-08   9.83e+01   3.56e+04   0.01       < 0.017 0.783 >
2023-02-16 08:31:02 [02/16/23 08:31:02    3.85s]: 46080   941        1          286        31476      603527109  439        2.51e-07   4.09e+02   5.03e+04   0.01       < 0.020 0.837 >
2023-02-16 08:31:07 [02/16/23 08:31:07    4.30s]: 48960   21         0          0          33402      603986431  0          0.00e+00   9.09e-03   3.34e+04   0.01       < 0.020 0.834 >
2023-02-16 08:31:10 [02/16/23 08:31:10    3.19s]: 51840   221        0          17         33717      604265209  90         3.75e-08   1.03e+02   3.95e+04   0.02       < 0.010 0.756 >
2023-02-16 08:31:14 [02/16/23 08:31:14    4.28s]: 54720   17         0          24         36417      604434081  80         0.00e+00   5.46e-01   3.65e+04   0.02       < 0.022 0.874 >
2023-02-16 08:31:17 [02/16/23 08:31:17    3.32s]: 57600   257        1          73         36559      604536602  132        1.14e-07   1.44e+02   4.31e+04   0.02       < 0.008 0.754 >
2023-02-16 08:31:21 [02/16/23 08:31:21    3.31s]: 60480   70         0          39         37440      604598535  100        0.00e+00   8.28e-01   3.75e+04   0.02       < 0.018 0.843 >
2023-02-16 08:31:24 [02/16/23 08:31:24    2.88s]: 63360   10         0          0          37540      604636479  0          0.00e+00   6.98e-06   3.76e+04   0.02       < 0.003 0.615 >
2023-02-16 08:31:27 [02/16/23 08:31:27    3.23s]: 66240   274        0          149        39079      604659156  407        7.73e-10   4.37e+01   4.60e+04   0.02       < 0.020 0.845 >
2023-02-16 08:31:31 [02/16/23 08:31:31    3.64s]: 69120   13         0          0          39561      604673402  0          0.00e+00   4.22e-04   3.96e+04   0.02       < 0.011 0.768 >
2023-02-16 08:31:34 [02/16/23 08:31:34    3.32s]: 72000   468        0          86         40108      604681543  312        2.27e-07   2.49e+02   4.78e+04   0.02       < 0.018 0.784 >
2023-02-16 08:31:42 [02/16/23 08:31:42    8.38s]: 74880   11         0          0          41611      604686742  0          0.00e+00   4.07e-02   4.16e+04   0.02       < 0.017 0.838 >
2023-02-16 08:31:45 [02/16/23 08:31:45    2.73s]: 77760   344        0          112        41791      604689876  244        2.20e-07   3.55e+02   5.24e+04   0.02       < 0.009 0.716 >
2023-02-16 08:31:49 [02/16/23 08:31:49    3.73s]: 80640   11         0          7          42960      604691580  55         0.00e+00   2.63e-01   4.30e+04   0.02       < 0.020 0.856 >
2023-02-16 08:31:51 [02/16/23 08:31:51    2.76s]: 83520   10         0          0          42968      604692931  0          0.00e+00   1.72e-06   4.30e+04   0.02       < 0.002 0.486 >
2023-02-16 08:31:55 [02/16/23 08:31:55    3.21s]: 86400   152        0          137        44787      604693260  359        0.00e+00   8.68e+00   4.51e+04   0.02       < 0.020 0.842 >
2023-02-16 08:31:58 [02/16/23 08:31:58    3.49s]: 89280   11         0          0          45082      604693951  0          0.00e+00   8.19e-05   4.51e+04   0.02       < 0.011 0.745 >
2023-02-16 08:32:00 [02/16/23 08:32:00    2.34s]: 92160   1472       1          264        45598      604694037  357        7.47e-07   9.27e+02   6.52e+04   0.02       < 0.017 0.760 >
2023-02-16 08:32:05 [02/16/23 08:32:05    4.41s]: 95040   12         0          1          48232      604694154  0          0.00e+00   4.35e-02   4.82e+04   0.02       < 0.022 0.890 >
2023-02-16 08:32:08 [02/16/23 08:32:08    3.18s]: 97920   18         0          16         48387      604694343  117        0.00e+00   2.35e+00   4.84e+04   0.02       < 0.006 0.804 >
2023-02-16 08:32:11 [02/16/23 08:32:11    2.74s]: 100800  31         0          17         49003      604694488  52         0.00e+00   2.85e-01   4.91e+04   0.02       < 0.010 0.708 >
2023-02-16 08:32:13 [02/16/23 08:32:13    2.23s]: 103680  17         2          0          49032      604694699  0          2.14e-07   1.62e+02   5.12e+04   0.02       < 0.002 0.503 >
2023-02-16 08:32:16 [02/16/23 08:32:16    2.99s]: 106560  6          0          2          50159      604694541  19         0.00e+00   2.22e-01   5.02e+04   0.02       < 0.014 0.846 >
2023-02-16 08:32:19 [02/16/23 08:32:19    2.63s]: 109440  5          0          0          50162      604694706  0          0.00e+00   9.64e-07   5.02e+04   0.02       < 0.001 0.577 >
2023-02-16 08:32:21 [02/16/23 08:32:21    2.36s]: 112320  275        0          154        50870      604694495  373        7.55e-11   2.28e+01   5.26e+04   0.02       < 0.012 0.684 >
2023-02-16 08:32:24 [02/16/23 08:32:24    3.16s]: 115200  9          0          0          51315      604694687  0          0.00e+00   2.19e-04   5.13e+04   0.02       < 0.012 0.718 >
2023-02-16 08:32:27 [02/16/23 08:32:27    2.36s]: 118080  24         1          17         51563      604694702  102        2.18e-07   1.90e+02   5.42e+04   0.02       < 0.009 0.748 >
2023-02-16 08:32:30 [02/16/23 08:32:30    3.35s]: 120960  10         0          2          52529      604694616  37         0.00e+00   1.43e-01   5.25e+04   0.02       < 0.013 0.798 >
2023-02-16 08:32:33 [02/16/23 08:32:33    2.64s]: 123840  295        0          83         52715      604694633  150        1.24e-11   1.09e+01   5.34e+04   0.02       < 0.007 0.762 >
2023-02-16 08:32:36 [02/16/23 08:32:36    3.41s]: 126720  71         0          51         54202      604694504  190        0.00e+00   2.05e+00   5.43e+04   0.02       < 0.018 0.838 >
2023-02-16 08:32:39 [02/16/23 08:32:39    3.39s]: 129600  215        0          111        54891      604694422  260        4.18e-09   1.30e+02   6.22e+04   0.02       < 0.013 0.866 >
2023-02-16 08:32:42 [02/16/23 08:32:42    3.16s]: 132480  427        0          156        55673      604694293  372        2.40e-08   1.32e+02   6.65e+04   0.03       < 0.018 0.805 >
2023-02-16 08:32:46 [02/16/23 08:32:46    3.30s]: 135360  174        2          3          56388      604694507  17         3.84e-07   2.74e+02   6.06e+04   0.03       < 0.015 0.849 >
2023-02-16 08:32:49 [02/16/23 08:32:49    2.89s]: 138240  12         0          1          57295      604694521  15         0.00e+00   1.11e-01   5.73e+04   0.03       < 0.007 0.814 >
2023-02-16 08:32:52 [02/16/23 08:32:52    3.64s]: 141120  60         0          33         59477      604694391  77         0.00e+00   5.22e-01   5.96e+04   0.03       < 0.016 0.812 >
2023-02-16 08:32:56 [02/16/23 08:32:56    3.39s]: 144000  81         0          30         59982      604694511  106        2.09e-07   1.65e+02   6.46e+04   0.03       < 0.011 0.778 >
2023-02-16 08:32:56 [02/16/23 08:32:56    0.00s]: 144004  80         0          30         59983      604694511  108        2.10e-07   1.66e+02   6.46e+04   0.03       < 0.011 0.779 >
2023-02-16 08:32:56  ---  main.cpp:generate tcells took  avg 0.01 s max 0.01 s balance 0.84  --- 
2023-02-16 08:32:56  ---  main.cpp:update circulating tcells took  avg 47.13 s max 50.18 s balance 0.94  --- 
2023-02-16 08:32:56  ---  main.cpp:update tcells took  avg 2.79 s max 3.36 s balance 0.83  --- 
2023-02-16 08:32:56  ---  main.cpp:update epicells took  avg 4.43 s max 4.64 s balance 0.95  --- 
2023-02-16 08:32:56  ---  main.cpp:update concentrations took  avg 12.24 s max 13.84 s balance 0.88  --- 
2023-02-16 08:32:56  ---  main.cpp:compute updates took  avg 102.04 s max 102.17 s balance 1.00  --- 
2023-02-16 08:32:56  ---  main.cpp:dispatch updates took  avg 28.16 s max 31.07 s balance 0.91  --- 
2023-02-16 08:32:56  ---  main.cpp:add new actives took  avg 2.05 s max 2.29 s balance 0.90  --- 
2023-02-16 08:32:56  ---  main.cpp:erase inactive took  avg 8.24 s max 8.72 s balance 0.95  --- 
2023-02-16 08:32:56  ---  main.cpp:sample took  avg 0.00 s max 0.00 s balance -nan  --- 
2023-02-16 08:32:56  ---  main.cpp:sample write took  avg 0.00 s max 0.00 s balance -nan  --- 
2023-02-16 08:32:56  ---  main.cpp:log took  avg 6.18 s max 6.22 s balance 0.99  --- 
2023-02-16 08:32:56 Finished 144005 time steps in 162.5597 s (0.0011 s per step)
2023-02-16 08:32:56  --- Elapsed time for main.cpp:run_sim:  (exiting barrier) 2023-02-16 08:32:56 ...
2023-02-16 08:32:56           ... (min/my/avg/max, bal) (162.56/162.56/162.56/162.56 s, 1.00) barrier(0.00 s) --- 
2023-02-16 08:32:56 Peak memory used across all nodes: 21.86GB
2023-02-16 08:32:56 Finished in 166.14 s at 02/16/23 08:32:56 for SimCov version 0.1.1.8024051-dirty
