2023-02-18 19:33:28 SimCov version SimCov version 0.1.1.8024051-dirty-master built on 20230216_082905
2023-02-18 19:33:28 _________________________
2023-02-18 19:33:28 Compiler definitions:
2023-02-18 19:33:28   _XOPEN_SOURCE=700
2023-02-18 19:33:28   CONFIG_USE_COLORS
2023-02-18 19:33:28   USE_BYTELL
2023-02-18 19:33:28   MAX_VIRIONS=125000
2023-02-18 19:33:28   MIN_VIRIONS=1e-10
2023-02-18 19:33:28   BLOCK_PARTITION
2023-02-18 19:33:28   MIN_BLOCKS_PER_PROC=1
2023-02-18 19:33:28   AVERAGE_SUBSAMPLE
2023-02-18 19:33:28 _________________________
2023-02-18 19:33:28 Options:
2023-02-18 19:33:28   dim =                         15000 15000 1
2023-02-18 19:33:28   whole-lung-dim =              48000 40000 20000
2023-02-18 19:33:28   timesteps =                   144005
2023-02-18 19:33:28   infection-coords =            uniform:1
2023-02-18 19:33:28   initial-infection =           999
2023-02-18 19:33:28   incubation-period =           1200
2023-02-18 19:33:28   apoptosis-period =            180
2023-02-18 19:33:28   expressing-period =           900
2023-02-18 19:33:28   infectivity =                 0.1
2023-02-18 19:33:28   infectivity-multiplier =      1.0
2023-02-18 19:33:28   virion-production =           1.1
2023-02-18 19:33:28   virion-production-multiplier = 1.0
2023-02-18 19:33:28   virion-clearance =            0.004
2023-02-18 19:33:28   virion-diffusion =            0.15
2023-02-18 19:33:28   chemokine-production =        1.0
2023-02-18 19:33:28   chemokine-decay =             0.01
2023-02-18 19:33:28   chemokine-diffusion =         1.0
2023-02-18 19:33:28   min-chemokine =               1e-06
2023-02-18 19:33:28   antibody-factor =             1
2023-02-18 19:33:28   antibody-period =             5760
2023-02-18 19:33:28   tcell-generation-rate =       105000
2023-02-18 19:33:28   tcell-initial-delay =         10080
2023-02-18 19:33:28   tcell-vascular-period =       5760
2023-02-18 19:33:28   tcell-tissue-period =         1440
2023-02-18 19:33:28   tcell-binding-period =        10
2023-02-18 19:33:28   max-binding-prob =            1
2023-02-18 19:33:28   tcells-follow-gradient =      false
2023-02-18 19:33:28   seed =                        3
2023-02-18 19:33:28   sample-period =               0
2023-02-18 19:33:28   sample-resolution =           1
2023-02-18 19:33:28   max-block-dim =               10
2023-02-18 19:33:28   output =                      exp_results/per_1200_inf_0.1/init_1001/3
2023-02-18 19:33:28 _________________________
2023-02-18 19:33:28 Starting run with 64 processes on 2 nodes at 02/18/23 19:33:28
2023-02-18 19:33:28 Pinned processes, with process 0 (pid 28541) pinned to core 0
2023-02-18 19:33:28 Using block partitioning
2023-02-18 19:33:28 Initial free memory across all nodes: 151.53GB
2023-02-18 19:33:28 Starting with 76.85GB free on node 0
2023-02-18 19:33:28 Dividing 225000000 grid points into 3515625 squares of size 64 (8^2), with 54932 per process
2023-02-18 19:33:28 Total initial memory required per process is at least 281.63MB with each grid point requiring on average 84 bytes
2023-02-18 19:33:32  --- Elapsed time for tissue.cpp:Tissue:  (exiting barrier) 2023-02-18 19:33:32 ...
2023-02-18 19:33:32           ... (min/my/avg/max, bal) (3.48/3.48/3.48/3.48 s, 1.00) barrier(0.00 s) --- 
2023-02-18 19:33:32 Memory used on node 0 after initialization is  10.89GB
2023-02-18 19:33:32           ... (min/my/avg/max, bal) No-Time barrier(0.00 s) --- 
2023-02-18 19:33:32 Fraction of circulating T cells extravasating is 5.85938e-06
2023-02-18 19:33:32 # datetime                    step    incb       expr       apop       dead       tvas       ttis       chem       virs       chempts    %infct     <%active  lbln>
2023-02-18 19:33:32 [0] <main.cpp:141> WARNING: Time step 0: SUCCESSFUL initial infection at (7500, 7500, 0) after 0 tries
2023-02-18 19:33:32 [02/18/23 19:33:32    0.00s]: 0       1          0          0          0          0          0          0.00e+00   0.00e+00   1.00e+00   0.00       < 0.000 0.016 >
2023-02-18 19:33:33 [02/18/23 19:33:33    1.30s]: 2880    5365       1597       0          1096       0          0          1.73e-05   2.66e+05   2.75e+04   0.00       < 0.012 0.836 >
2023-02-18 19:33:36 [02/18/23 19:33:36    3.11s]: 5760    9809       6817       0          11943      0          0          6.42e-05   1.82e+06   6.22e+04   0.01       < 0.028 0.900 >
2023-02-18 19:33:41 [02/18/23 19:33:41    5.45s]: 8640    16129      9616       0          36695      0          0          9.83e-05   2.52e+06   1.09e+05   0.03       < 0.049 0.935 >
2023-02-18 19:33:50 [02/18/23 19:33:50    8.77s]: 11520   19505      13134      1237       75475      133767972  388        1.41e-04   3.73e+06   1.70e+05   0.05       < 0.075 0.955 >
2023-02-18 19:34:04 [02/18/23 19:34:04   13.44s]: 14400   15938      4230       3620       139940     319073365  1899       1.32e-04   1.68e+06   2.36e+05   0.07       < 0.103 0.962 >
2023-02-18 19:34:22 [02/18/23 19:34:22   18.47s]: 17280   12834      695        4028       204499     431459825  3290       7.09e-05   3.62e+05   3.04e+05   0.10       < 0.126 0.970 >
2023-02-18 19:34:44 [02/18/23 19:34:44   21.92s]: 20160   8222       81         3475       265651     499621043  4031       2.25e-05   7.13e+04   3.63e+05   0.12       < 0.139 0.967 >
2023-02-18 19:35:07 [02/18/23 19:35:07   22.71s]: 23040   3909       29         1830       307711     540961702  2968       6.34e-06   1.75e+04   3.79e+05   0.14       < 0.138 0.959 >
2023-02-18 19:35:28 [02/18/23 19:35:28   21.23s]: 25920   3494       125        1776       336517     566036262  2896       1.28e-05   5.31e+04   4.02e+05   0.15       < 0.129 0.946 >
2023-02-18 19:35:48 [02/18/23 19:35:48   19.82s]: 28800   4181       86         1654       362252     581244268  2588       7.25e-06   4.87e+04   4.35e+05   0.16       < 0.123 0.923 >
2023-02-18 19:36:09 [02/18/23 19:36:09   20.84s]: 31680   4509       153        2218       395886     590467249  3308       8.72e-06   3.81e+04   4.78e+05   0.18       < 0.132 0.962 >
2023-02-18 19:36:30 [02/18/23 19:36:30   21.17s]: 34560   2923       17         1670       424788     596061265  2831       3.47e-06   7.34e+03   4.80e+05   0.19       < 0.132 0.935 >
2023-02-18 19:36:50 [02/18/23 19:36:50   20.29s]: 37440   4467       54         1786       448512     599454334  2684       6.42e-06   2.61e+04   5.19e+05   0.20       < 0.127 0.950 >
2023-02-18 19:37:12 [02/18/23 19:37:12   21.98s]: 40320   6129       65         2542       480705     601511525  3440       1.03e-05   3.47e+04   5.74e+05   0.22       < 0.144 0.942 >
2023-02-18 19:37:38 [02/18/23 19:37:38   25.49s]: 43200   3365       111        1822       520432     602758373  3507       7.23e-06   2.51e+04   5.89e+05   0.23       < 0.162 0.944 >
2023-02-18 19:38:04 [02/18/23 19:38:04   25.90s]: 46080   5956       14         2143       546950     603515761  3186       5.60e-06   1.46e+04   6.54e+05   0.25       < 0.161 0.939 >
2023-02-18 19:38:30 [02/18/23 19:38:30   26.61s]: 48960   2972       43         1333       580907     603974140  3191       7.25e-06   1.57e+04   6.44e+05   0.26       < 0.163 0.940 >
2023-02-18 19:38:57 [02/18/23 19:38:57   27.33s]: 51840   5988       117        2540       613792     604252098  4042       1.87e-05   8.49e+04   7.09e+05   0.28       < 0.172 0.951 >
2023-02-18 19:39:27 [02/18/23 19:39:27   29.43s]: 54720   4806       74         2256       654932     604420105  3731       6.72e-06   2.65e+04   7.37e+05   0.29       < 0.182 0.935 >
2023-02-18 19:39:57 [02/18/23 19:39:57   30.58s]: 57600   5428       103        2521       694530     604522246  4077       8.51e-06   4.88e+04   7.89e+05   0.31       < 0.191 0.953 >
2023-02-18 19:40:31 [02/18/23 19:40:31   33.08s]: 60480   7126       116        2990       737178     604583473  4510       1.35e-05   4.90e+04   8.60e+05   0.33       < 0.203 0.928 >
2023-02-18 19:41:07 [02/18/23 19:41:07   36.73s]: 63360   4600       21         2190       786245     604619874  4308       7.35e-06   3.10e+04   8.65e+05   0.35       < 0.217 0.970 >
2023-02-18 19:41:46 [02/18/23 19:41:46   38.80s]: 66240   9156       188        3909       828073     604642316  4987       1.60e-05   8.09e+04   9.62e+05   0.37       < 0.233 0.942 >
2023-02-18 19:42:33 [02/18/23 19:42:33   46.95s]: 69120   7584       32         3807       897094     604652813  6252       1.09e-05   3.36e+04   1.02e+06   0.40       < 0.268 0.955 >
2023-02-18 19:43:22 [02/18/23 19:43:22   49.25s]: 72000   9907       144        4149       950459     604660452  5807       1.91e-05   9.63e+04   1.10e+06   0.43       < 0.269 0.972 >
2023-02-18 19:44:12 [02/18/23 19:44:12   50.03s]: 74880   5811       79         2768       1008140    604664996  5297       9.21e-06   5.21e+04   1.10e+06   0.45       < 0.266 0.946 >
2023-02-18 19:45:00 [02/18/23 19:45:00   48.16s]: 77760   9481       39         3925       1052680    604669126  5489       9.35e-06   2.60e+04   1.19e+06   0.47       < 0.265 0.971 >
2023-02-18 19:45:55 [02/18/23 19:45:55   54.58s]: 80640   8587       72         4707       1128349    604667620  7439       1.14e-05   3.67e+04   1.29e+06   0.51       < 0.300 0.947 >
2023-02-18 19:46:53 [02/18/23 19:46:53   57.50s]: 83520   7161       118        3067       1183936    604669428  4905       9.69e-06   3.69e+04   1.32e+06   0.53       < 0.306 0.969 >
2023-02-18 19:47:49 [02/18/23 19:47:49   56.73s]: 86400   12922      152        4911       1244458    604669358  7032       2.07e-05   6.26e+04   1.45e+06   0.56       < 0.300 0.931 >
2023-02-18 19:48:53 [02/18/23 19:48:53   63.37s]: 89280   6975       112        3935       1326764    604667027  7794       1.85e-05   5.11e+04   1.47e+06   0.59       < 0.336 0.939 >
2023-02-18 19:49:56 [02/18/23 19:49:56   63.80s]: 92160   10529      375        4856       1387150    604667751  7151       3.35e-05   1.84e+05   1.56e+06   0.62       < 0.343 0.949 >
2023-02-18 19:50:59 [02/18/23 19:50:59   62.93s]: 95040   10884      256        4742       1456224    604667625  6990       1.92e-05   7.89e+04   1.63e+06   0.65       < 0.326 0.969 >
2023-02-18 19:52:06 [02/18/23 19:52:06   66.83s]: 97920   11356      92         5379       1541724    604665363  8146       2.27e-05   1.13e+05   1.73e+06   0.69       < 0.363 0.958 >
2023-02-18 19:53:22 [02/18/23 19:53:22   75.35s]: 100800  10461      93         4822       1618907    604664205  8207       1.18e-05   4.05e+04   1.78e+06   0.73       < 0.378 0.964 >
2023-02-18 19:54:34 [02/18/23 19:54:34   72.74s]: 103680  12207      102        5114       1688406    604664277  7884       1.72e-05   7.04e+04   1.88e+06   0.76       < 0.385 0.977 >
2023-02-18 19:55:47 [02/18/23 19:55:47   72.50s]: 106560  8518       54         3723       1762775    604664592  7266       1.07e-05   3.11e+04   1.91e+06   0.79       < 0.369 0.944 >
2023-02-18 19:57:01 [02/18/23 19:57:01   74.33s]: 109440  11835      89         4375       1824098    604665556  6926       2.33e-05   1.05e+05   2.03e+06   0.82       < 0.374 0.944 >
2023-02-18 19:58:15 [02/18/23 19:58:15   73.50s]: 112320  12204      118        5520       1909407    604663834  8877       2.19e-05   8.51e+04   2.11e+06   0.86       < 0.378 0.963 >
2023-02-18 19:59:31 [02/18/23 19:59:31   76.85s]: 115200  9820       117        4656       1992272    604663221  8344       1.40e-05   3.17e+04   2.18e+06   0.89       < 0.399 0.941 >
2023-02-18 20:00:50 [02/18/23 20:00:50   78.57s]: 118080  12282      102        5563       2070843    604662256  8775       1.95e-05   9.04e+04   2.28e+06   0.93       < 0.404 0.967 >
2023-02-18 20:02:12 [02/18/23 20:02:12   82.41s]: 120960  12491      120        4921       2154692    604661475  8271       1.68e-05   6.59e+04   2.40e+06   0.97       < 0.429 0.968 >
2023-02-18 20:03:41 [02/18/23 20:03:41   88.27s]: 123840  15879      137        6539       2248743    604658793  10360      2.17e-05   7.80e+04   2.50e+06   1.01       < 0.451 0.964 >
2023-02-18 20:05:20 [02/18/23 20:05:20   99.22s]: 126720  15531      230        7375       2363528    604655218  11415      2.66e-05   9.11e+04   2.61e+06   1.06       < 0.503 0.962 >
2023-02-18 20:07:09 [02/18/23 20:07:09  109.46s]: 129600  16847      123        7455       2484834    604651637  12088      2.21e-05   7.11e+04   2.73e+06   1.12       < 0.544 0.976 >
2023-02-18 20:09:04 [02/18/23 20:09:04  114.51s]: 132480  14439      75         6344       2592436    604651126  11127      1.98e-05   7.88e+04   2.83e+06   1.16       < 0.557 0.977 >
2023-02-18 20:10:59 [02/18/23 20:10:59  114.69s]: 135360  17568      641        7149       2692102    604651288  10728      4.31e-05   2.11e+05   2.94e+06   1.21       < 0.558 0.972 >
2023-02-18 20:12:55 [02/18/23 20:12:55  116.87s]: 138240  15363      277        7303       2812727    604649251  12538      3.22e-05   1.51e+05   3.08e+06   1.26       < 0.550 0.970 >
2023-02-18 20:14:48 [02/18/23 20:14:48  112.93s]: 141120  13361      131        5679       2907042    604652165  9056       1.60e-05   6.24e+04   3.12e+06   1.30       < 0.542 0.964 >
2023-02-18 20:16:35 [02/18/23 20:16:35  106.74s]: 144000  13720      309        6823       3005257    604652565  10935      2.89e-05   1.15e+05   3.25e+06   1.34       < 0.491 0.969 >
2023-02-18 20:16:35 [02/18/23 20:16:35    0.14s]: 144004  13698      308        6805       3005409    604652564  10944      2.89e-05   1.16e+05   3.25e+06   1.34       < 0.491 0.969 >
2023-02-18 20:16:35  ---  main.cpp:generate tcells took  avg 0.04 s max 0.05 s balance 0.70  --- 
2023-02-18 20:16:35  ---  main.cpp:update circulating tcells took  avg 54.46 s max 57.27 s balance 0.95  --- 
2023-02-18 20:16:35  ---  main.cpp:update tcells took  avg 129.11 s max 143.22 s balance 0.90  --- 
2023-02-18 20:16:35  ---  main.cpp:update epicells took  avg 82.11 s max 85.98 s balance 0.95  --- 
2023-02-18 20:16:35  ---  main.cpp:update concentrations took  avg 558.76 s max 590.19 s balance 0.95  --- 
2023-02-18 20:16:35  ---  main.cpp:compute updates took  avg 1495.07 s max 1495.13 s balance 1.00  --- 
2023-02-18 20:16:35  ---  main.cpp:dispatch updates took  avg 629.06 s max 671.35 s balance 0.94  --- 
2023-02-18 20:16:35  ---  main.cpp:add new actives took  avg 35.40 s max 36.38 s balance 0.97  --- 
2023-02-18 20:16:35  ---  main.cpp:erase inactive took  avg 293.79 s max 299.72 s balance 0.98  --- 
2023-02-18 20:16:35  ---  main.cpp:sample took  avg 0.00 s max 0.00 s balance -nan  --- 
2023-02-18 20:16:35  ---  main.cpp:sample write took  avg 0.00 s max 0.00 s balance -nan  --- 
2023-02-18 20:16:35  ---  main.cpp:log took  avg 10.78 s max 10.85 s balance 0.99  --- 
2023-02-18 20:16:35 Finished 144005 time steps in 2583.6778 s (0.0179 s per step)
2023-02-18 20:16:35  --- Elapsed time for main.cpp:run_sim:  (exiting barrier) 2023-02-18 20:16:35 ...
2023-02-18 20:16:35           ... (min/my/avg/max, bal) (2583.68/2583.68/2583.68/2583.68 s, 1.00) barrier(0.00 s) --- 
2023-02-18 20:16:36 Peak memory used across all nodes: 22.60GB
2023-02-18 20:16:36 Finished in 2587.46 s at 02/18/23 20:16:36 for SimCov version 0.1.1.8024051-dirty
