2023-02-14 12:55:16 SimCov version SimCov version 0.1.1.9cc77ef-dirty-branching_airways_3min_model built on 20230204_191356
2023-02-14 12:55:16 _________________________
2023-02-14 12:55:16 Compiler definitions:
2023-02-14 12:55:16   _XOPEN_SOURCE=700
2023-02-14 12:55:16   CONFIG_USE_COLORS
2023-02-14 12:55:16   USE_BYTELL
2023-02-14 12:55:16   MAX_VIRIONS=125000
2023-02-14 12:55:16   MIN_VIRIONS=1e-10
2023-02-14 12:55:16   BLOCK_PARTITION
2023-02-14 12:55:16   MIN_BLOCKS_PER_PROC=1
2023-02-14 12:55:16   AVERAGE_SUBSAMPLE
2023-02-14 12:55:16 _________________________
2023-02-14 12:55:16 Options:
2023-02-14 12:55:16   dim =                         15000 15000 1
2023-02-14 12:55:16   whole-lung-dim =              48000 40000 20000
2023-02-14 12:55:16   timesteps =                   216005
2023-02-14 12:55:16   infection-coords =            uniform:1
2023-02-14 12:55:16   initial-infection =           1001
2023-02-14 12:55:16   incubation-period =           1200
2023-02-14 12:55:16   apoptosis-period =            180
2023-02-14 12:55:16   expressing-period =           900
2023-02-14 12:55:16   infectivity =                 0.1
2023-02-14 12:55:16   infectivity-multiplier =      1.0
2023-02-14 12:55:16   virion-production =           1.1
2023-02-14 12:55:16   virion-production-multiplier = 1.0
2023-02-14 12:55:16   virion-clearance =            0.004
2023-02-14 12:55:16   virion-diffusion =            0.15
2023-02-14 12:55:16   chemokine-production =        1.0
2023-02-14 12:55:16   chemokine-decay =             0.01
2023-02-14 12:55:16   chemokine-diffusion =         1.0
2023-02-14 12:55:16   min-chemokine =               1e-06
2023-02-14 12:55:16   antibody-factor =             1
2023-02-14 12:55:16   antibody-period =             5760
2023-02-14 12:55:16   tcell-generation-rate =       105000
2023-02-14 12:55:16   tcell-initial-delay =         10080
2023-02-14 12:55:16   tcell-vascular-period =       5760
2023-02-14 12:55:16   tcell-tissue-period =         1440
2023-02-14 12:55:16   tcell-binding-period =        10
2023-02-14 12:55:16   max-binding-prob =            1
2023-02-14 12:55:16   tcells-follow-gradient =      false
2023-02-14 12:55:16   seed =                        3
2023-02-14 12:55:16   sample-period =               0
2023-02-14 12:55:16   sample-resolution =           1
2023-02-14 12:55:16   max-block-dim =               10
2023-02-14 12:55:16   output =                      exp_results/per_1200_inf_0.1/init_1001/3
2023-02-14 12:55:16 _________________________
2023-02-14 12:55:16 Starting run with 64 processes on 2 nodes at 02/14/23 12:55:16
2023-02-14 12:55:16 Pinned processes, with process 0 (pid 3813251) pinned to core 0
2023-02-14 12:55:16 Using block partitioning
2023-02-14 12:55:16 Initial free memory across all nodes: 152.22GB
2023-02-14 12:55:16 Starting with 76.29GB free on node 0
2023-02-14 12:55:16 Dividing 225000000 grid points into 3515625 squares of size 64 (8^2), with 54932 per process
2023-02-14 12:55:16 Total initial memory required per process is at least 308.46MB with each grid point requiring on average 92 bytes
2023-02-14 12:55:20  --- Elapsed time for tissue.cpp:Tissue:  (exiting barrier) 2023-02-14 12:55:20 ...
2023-02-14 12:55:20           ... (min/my/avg/max, bal) (3.46/3.46/3.46/3.46 s, 1.00) barrier(0.00 s) --- 
2023-02-14 12:55:20 Memory used on node 0 after initialization is  11.75GB
2023-02-14 12:55:20           ... (min/my/avg/max, bal) No-Time barrier(0.00 s) --- 
2023-02-14 12:55:20 Fraction of circulating T cells extravasating is 5.85938e-06
2023-02-14 12:55:20 # datetime                    step    incb       expr       apop       dead       tvas       ttis       inflcell   inflallvirs%infct     <%active  lbln>
2023-02-14 12:55:20 [0] <main.cpp:145> WARNING: Time step 0: SUCCESSFUL initial infection at (7500, 7500, 0) after 0 tries
2023-02-14 12:55:20 [02/14/23 12:55:20    0.00s]: 0       1          0          0          0          0          0          0          0          0.00e+00   0.0000004444< 0.000 0.016 >
2023-02-14 12:55:22 [02/14/23 12:55:22    2.52s]: 4320    8306       3355       0          5463       0          0          44475      44475      1.02e+06   0.0076106667< 0.020 0.835 >
2023-02-14 12:55:29 [02/14/23 12:55:29    6.95s]: 8640    16644      9157       0          36544      0          0          109286     109286     2.49e+06   0.0277088889< 0.049 0.937 >
2023-02-14 12:55:43 [02/14/23 12:55:43   14.28s]: 12960   17900      9192       2916       105922     237943524  1156       201872     201872     2.95e+06   0.0604133333< 0.090 0.958 >
2023-02-14 12:56:08 [02/14/23 12:56:08   25.00s]: 17280   11535      423        3897       205173     431459242  3164       301166     301166     3.11e+05   0.0982346667< 0.125 0.975 >
2023-02-14 12:56:41 [02/14/23 12:56:41   32.98s]: 21600   6006       26         2814       291709     522861147  4121       390361     390361     2.59e+04   0.1335800000< 0.140 0.978 >
2023-02-14 12:57:13 [02/14/23 12:57:13   31.71s]: 25920   1829       5          969        334864     566036187  2000       437156     437156     3.32e+03   0.1500742222< 0.124 0.937 >
2023-02-14 12:57:39 [02/14/23 12:57:39   25.93s]: 30240   5142       41         2436       374921     586429495  3285       507924     507924     4.24e+04   0.1700177778< 0.115 0.925 >
2023-02-14 12:58:09 [02/14/23 12:58:09   30.19s]: 34560   2839       8          1205       420088     596061842  2172       566538     566538     1.76e+04   0.1885066667< 0.126 0.927 >
2023-02-14 12:58:38 [02/14/23 12:58:38   28.64s]: 38880   4447       11         2061       460145     600611262  3034       638910     638910     1.28e+04   0.2074062222< 0.124 0.959 >
2023-02-14 12:59:10 [02/14/23 12:59:10   32.45s]: 43200   4604       47         2055       508406     602759246  3352       712822     712822     3.33e+04   0.2289386667< 0.146 0.941 >
2023-02-14 12:59:47 [02/14/23 12:59:47   36.78s]: 47520   4365       41         2190       562590     603773220  3567       792361     792361     1.89e+04   0.2529715556< 0.162 0.932 >
2023-02-14 13:00:28 [02/14/23 13:00:28   41.36s]: 51840   4590       7          2391       617272     604251895  4003       872817     872817     8.79e+03   0.2774488889< 0.180 0.940 >
2023-02-14 13:01:18 [02/14/23 13:01:18   49.55s]: 56160   8807       51         3598       680987     604476483  4794       974679     974679     2.48e+04   0.3081968889< 0.217 0.961 >
2023-02-14 13:02:28 [02/14/23 13:02:28   69.63s]: 60480   7051       65         3669       783944     604577863  6677       1105712    1105712    3.30e+04   0.3532128889< 0.288 0.973 >
2023-02-14 13:03:46 [02/14/23 13:03:46   78.76s]: 64800   5757       135        2271       854321     604629801  3935       1197061    1197061    5.10e+04   0.3833262222< 0.262 0.940 >
2023-02-14 13:05:03 [02/14/23 13:05:03   76.09s]: 69120   9709       108        4722       962223     604649109  8069       1332026    1332026    8.02e+04   0.4341164444< 0.289 0.969 >
2023-02-14 13:06:24 [02/14/23 13:06:24   81.15s]: 73440   7985       22         2971       1038239    604662701  4815       1413983    1413983    2.07e+04   0.4663186667< 0.268 0.936 >
2023-02-14 13:07:41 [02/14/23 13:07:41   77.38s]: 77760   8482       53         3561       1121074    604666928  6519       1519286    1519286    4.65e+04   0.5036311111< 0.285 0.943 >
2023-02-14 13:08:59 [02/14/23 13:08:59   78.28s]: 82080   10111      106        3841       1190447    604671144  5215       1610270    1610270    4.50e+04   0.5353355556< 0.272 0.978 >
2023-02-14 13:10:22 [02/14/23 13:10:22   82.24s]: 86400   7790       177        3277       1292765    604670156  6140       1727941    1727941    6.20e+04   0.5795595556< 0.305 0.961 >
2023-02-14 13:11:55 [02/14/23 13:11:55   93.82s]: 90720   9298       138        4487       1392202    604667945  7670       1847694    1847694    5.07e+04   0.6249444444< 0.330 0.967 >
2023-02-14 13:13:31 [02/14/23 13:13:31   96.09s]: 95040   9331       107        3906       1487861    604668167  6863       1972804    1972804    4.08e+04   0.6672022222< 0.341 0.963 >
2023-02-14 13:15:13 [02/14/23 13:15:13  101.52s]: 99360   9703       53         5053       1606307    604665684  8303       2112373    2112373    6.32e+04   0.7204960000< 0.359 0.978 >
2023-02-14 13:16:56 [02/14/23 13:16:56  103.22s]: 103680  8572       40         3137       1689729    604668637  5276       2213745    2213745    2.73e+04   0.7562124444< 0.322 0.961 >
2023-02-14 13:18:28 [02/14/23 13:18:28   91.58s]: 108000  6475       90         3545       1796072    604667279  6888       2341575    2341575    5.73e+04   0.8027475556< 0.329 0.968 >
2023-02-14 13:19:56 [02/14/23 13:19:56   88.39s]: 112320  9881       301        4476       1876323    604669668  6479       2459443    2459443    1.30e+05   0.8404360000< 0.296 0.948 >
2023-02-14 13:21:25 [02/14/23 13:21:25   88.94s]: 116640  9870       75         3314       1976736    604669511  5540       2587033    2587033    3.35e+04   0.8844422222< 0.320 0.963 >
2023-02-14 13:23:04 [02/14/23 13:23:04   98.44s]: 120960  8339       38         3216       2077081    604669109  5759       2713329    2713329    1.76e+04   0.9282995556< 0.326 0.967 >
2023-02-14 13:24:42 [02/14/23 13:24:42   98.40s]: 125280  9944       140        5265       2190885    604665457  9358       2862624    2862624    7.04e+04   0.9805484444< 0.365 0.977 >
2023-02-14 13:26:27 [02/14/23 13:26:27  104.72s]: 129600  14469      286        6163       2285533    604666854  7652       2975609    2975609    1.19e+05   1.0250893333< 0.362 0.971 >
2023-02-14 13:28:22 [02/14/23 13:28:22  114.85s]: 133920  8334       64         3846       2427134    604662889  7328       3108490    3108490    2.46e+04   1.0841680000< 0.409 0.971 >
2023-02-14 13:30:18 [02/14/23 13:30:18  116.88s]: 138240  13514      68         6176       2548801    604660495  10629      3265108    3265108    6.11e+04   1.1415817778< 0.403 0.963 >
2023-02-14 13:32:21 [02/14/23 13:32:21  122.23s]: 142560  12286      295        4805       2654946    604662961  7297       3401871    3401871    8.27e+04   1.1877031111< 0.405 0.936 >
2023-02-14 13:34:20 [02/14/23 13:34:20  119.35s]: 146880  7349       73         3653       2786452    604661492  7651       3554867    3554867    4.93e+04   1.2433453333< 0.413 0.960 >
2023-02-14 13:36:16 [02/14/23 13:36:16  115.90s]: 151200  14160      85         6505       2902540    604661535  9802       3716798    3716798    1.13e+05   1.2992400000< 0.382 0.962 >
2023-02-14 13:38:17 [02/14/23 13:38:17  120.89s]: 155520  15456      169        6208       3023475    604661521  8871       3885927    3885927    1.12e+05   1.3534702222< 0.428 0.961 >
2023-02-14 13:40:38 [02/14/23 13:40:38  140.87s]: 159840  10448      52         4865       3177567    604657590  9205       4062423    4062423    2.18e+04   1.4190808889< 0.478 0.966 >
2023-02-14 13:43:01 [02/14/23 13:43:01  143.04s]: 164160  16123      130        6652       3312884    604656433  10417      4256748    4256748    9.95e+04   1.4825728889< 0.482 0.970 >
2023-02-14 13:45:26 [02/14/23 13:45:26  145.02s]: 168480  14756      200        6116       3455444    604656099  10436      4440781    4440781    9.26e+04   1.5451182222< 0.480 0.970 >
2023-02-14 13:47:53 [02/14/23 13:47:53  147.66s]: 172800  15503      204        7207       3614334    604654059  11416      4638963    4638963    8.94e+04   1.6165546667< 0.500 0.969 >
2023-02-14 13:50:27 [02/14/23 13:50:27  153.22s]: 177120  15206      154        5635       3765734    604653980  10163      4823164    4823164    9.42e+04   1.6829906667< 0.505 0.980 >
2023-02-14 13:53:04 [02/14/23 13:53:04  157.16s]: 181440  15927      433        7265       3929454    604652712  11273      5030713    5030713    1.38e+05   1.7569240000< 0.526 0.969 >
2023-02-14 13:55:59 [02/14/23 13:55:59  175.36s]: 185760  16593      239        7556       4113520    604648875  12625      5274779    5274779    1.07e+05   1.8390702222< 0.590 0.976 >
2023-02-14 13:59:14 [02/14/23 13:59:14  195.34s]: 190080  17670      201        6946       4293051    604647380  11271      5489015    5489015    9.82e+04   1.9190524444< 0.605 0.968 >
2023-02-14 14:02:27 [02/14/23 14:02:27  192.41s]: 194400  18761      346        8284       4486583    604644476  13342      5743873    5743873    1.49e+05   2.0062106667< 0.613 0.974 >
2023-02-14 14:05:53 [02/14/23 14:05:53  206.10s]: 198720  20289      212        7761       4681021    604642650  13138      5980944    5980944    1.24e+05   2.0930146667< 0.663 0.968 >
2023-02-14 14:09:28 [02/14/23 14:09:28  214.88s]: 203040  16166      231        7591       4892163    604640381  13567      6230713    6230713    8.29e+04   2.1849560000< 0.665 0.974 >
2023-02-14 14:13:03 [02/14/23 14:13:03  215.07s]: 207360  20195      172        9575       5097480    604638577  15502      6484220    6484220    1.19e+05   2.2788542222< 0.673 0.980 >
2023-02-14 14:16:36 [02/14/23 14:16:36  212.78s]: 211680  23185      482        9763       5276652    604641292  13900      6693153    6693153    1.46e+05   2.3600364444< 0.659 0.974 >
2023-02-14 14:20:20 [02/14/23 14:20:20  224.47s]: 216000  16519      215        7256       5509460    604637539  14272      6932329    6932329    1.09e+05   2.4593111111< 0.715 0.975 >
2023-02-14 14:20:20 [02/14/23 14:20:20    0.21s]: 216004  16528      209        7279       5509610    604637523  14265      6932509    6932509    1.09e+05   2.4593893333< 0.715 0.975 >
2023-02-14 14:20:20  ---  main.cpp:generate tcells took  avg 0.06 s max 0.09 s balance 0.74  --- 
2023-02-14 14:20:20  ---  main.cpp:update circulating tcells took  avg 83.90 s max 88.15 s balance 0.95  --- 
2023-02-14 14:20:20  ---  main.cpp:update tcells took  avg 243.63 s max 268.14 s balance 0.91  --- 
2023-02-14 14:20:20  ---  main.cpp:update epicells took  avg 152.62 s max 155.77 s balance 0.98  --- 
2023-02-14 14:20:20  ---  main.cpp:update concentrations took  avg 1124.13 s max 1160.60 s balance 0.97  --- 
2023-02-14 14:20:20  ---  main.cpp:compute updates took  avg 2909.92 s max 2910.10 s balance 1.00  --- 
2023-02-14 14:20:20  ---  main.cpp:dispatch updates took  avg 1244.07 s max 1347.87 s balance 0.92  --- 
2023-02-14 14:20:20  ---  main.cpp:add new actives took  avg 67.08 s max 69.19 s balance 0.97  --- 
2023-02-14 14:20:20  ---  main.cpp:erase inactive took  avg 590.23 s max 640.42 s balance 0.92  --- 
2023-02-14 14:20:20  ---  main.cpp:sample took  avg 0.00 s max 0.00 s balance -nan  --- 
2023-02-14 14:20:20  ---  main.cpp:sample write took  avg 0.00 s max 0.00 s balance -nan  --- 
2023-02-14 14:20:20  ---  main.cpp:log took  avg 17.47 s max 17.69 s balance 0.99  --- 
2023-02-14 14:20:20 Finished 216005 time steps in 5100.6551 s (0.0236 s per step)
2023-02-14 14:20:20  --- Elapsed time for main.cpp:run_sim:  (exiting barrier) 2023-02-14 14:20:20 ...
2023-02-14 14:20:20           ... (min/my/avg/max, bal) (5100.66/5100.66/5100.66/5100.66 s, 1.00) barrier(0.00 s) --- 
2023-02-14 14:20:21 Peak memory used across all nodes: 24.65GB
2023-02-14 14:20:21 Finished in 5104.57 s at 02/14/23 14:20:21 for SimCov version 0.1.1.9cc77ef-dirty
