2023-02-16 08:47:00 SimCov version SimCov version 0.1.1.8024051-dirty-master built on 20230216_082905
2023-02-16 08:47:00 _________________________
2023-02-16 08:47:00 Compiler definitions:
2023-02-16 08:47:00   _XOPEN_SOURCE=700
2023-02-16 08:47:00   CONFIG_USE_COLORS
2023-02-16 08:47:00   USE_BYTELL
2023-02-16 08:47:00   MAX_VIRIONS=125000
2023-02-16 08:47:00   MIN_VIRIONS=1e-10
2023-02-16 08:47:00   BLOCK_PARTITION
2023-02-16 08:47:00   MIN_BLOCKS_PER_PROC=1
2023-02-16 08:47:00   AVERAGE_SUBSAMPLE
2023-02-16 08:47:00 _________________________
2023-02-16 08:47:00 Options:
2023-02-16 08:47:00   dim =                         15000 15000 1
2023-02-16 08:47:00   whole-lung-dim =              48000 40000 20000
2023-02-16 08:47:00   timesteps =                   144005
2023-02-16 08:47:00   infection-coords =            uniform:1
2023-02-16 08:47:00   initial-infection =           999
2023-02-16 08:47:00   incubation-period =           5000
2023-02-16 08:47:00   apoptosis-period =            180
2023-02-16 08:47:00   expressing-period =           900
2023-02-16 08:47:00   infectivity =                 0.025
2023-02-16 08:47:00   infectivity-multiplier =      1.0
2023-02-16 08:47:00   virion-production =           1.1
2023-02-16 08:47:00   virion-production-multiplier = 1.0
2023-02-16 08:47:00   virion-clearance =            0.004
2023-02-16 08:47:00   virion-diffusion =            0.15
2023-02-16 08:47:00   chemokine-production =        1.0
2023-02-16 08:47:00   chemokine-decay =             0.01
2023-02-16 08:47:00   chemokine-diffusion =         1.0
2023-02-16 08:47:00   min-chemokine =               1e-06
2023-02-16 08:47:00   antibody-factor =             1
2023-02-16 08:47:00   antibody-period =             5760
2023-02-16 08:47:00   tcell-generation-rate =       105000
2023-02-16 08:47:00   tcell-initial-delay =         10080
2023-02-16 08:47:00   tcell-vascular-period =       5760
2023-02-16 08:47:00   tcell-tissue-period =         1440
2023-02-16 08:47:00   tcell-binding-period =        10
2023-02-16 08:47:00   max-binding-prob =            1
2023-02-16 08:47:00   tcells-follow-gradient =      false
2023-02-16 08:47:00   seed =                        6
2023-02-16 08:47:00   sample-period =               0
2023-02-16 08:47:00   sample-resolution =           1
2023-02-16 08:47:00   max-block-dim =               10
2023-02-16 08:47:00   output =                      exp_results/per_5000_inf_0.025/init_1000/6
2023-02-16 08:47:00 _________________________
2023-02-16 08:47:00 Starting run with 64 processes on 2 nodes at 02/16/23 08:47:00
2023-02-16 08:47:00 Pinned processes, with process 0 (pid 4056769) pinned to core 0
2023-02-16 08:47:00 Using block partitioning
2023-02-16 08:47:00 Initial free memory across all nodes: 151.09GB
2023-02-16 08:47:00 Starting with 74.76GB free on node 0
2023-02-16 08:47:00 Dividing 225000000 grid points into 3515625 squares of size 64 (8^2), with 54932 per process
2023-02-16 08:47:00 Total initial memory required per process is at least 281.63MB with each grid point requiring on average 84 bytes
2023-02-16 08:47:04  --- Elapsed time for tissue.cpp:Tissue:  (exiting barrier) 2023-02-16 08:47:04 ...
2023-02-16 08:47:04           ... (min/my/avg/max, bal) (3.47/3.47/3.47/3.47 s, 1.00) barrier(0.00 s) --- 
2023-02-16 08:47:04 Memory used on node 0 after initialization is  10.91GB
2023-02-16 08:47:04           ... (min/my/avg/max, bal) No-Time barrier(0.00 s) --- 
2023-02-16 08:47:04 Fraction of circulating T cells extravasating is 5.85938e-06
2023-02-16 08:47:04 # datetime                    step    incb       expr       apop       dead       tvas       ttis       chem       virs       chempts    %infct     <%active  lbln>
2023-02-16 08:47:04 [0] <main.cpp:141> WARNING: Time step 0: SUCCESSFUL initial infection at (7500, 7500, 0) after 0 tries
2023-02-16 08:47:04 [02/16/23 08:47:04    0.00s]: 0       1          0          0          0          0          0          0.00e+00   0.00e+00   1.00e+00   0.00       < 0.000 0.016 >
2023-02-16 08:47:05 [02/16/23 08:47:05    0.88s]: 2880    809        0          0          0          0          0          0.00e+00   9.69e-03   8.09e+02   0.00       < 0.007 0.776 >
2023-02-16 08:47:06 [02/16/23 08:47:06    0.97s]: 5760    2497       708        0          2          0          0          8.93e-06   1.54e+05   1.94e+04   0.00       < 0.009 0.789 >
2023-02-16 08:47:08 [02/16/23 08:47:08    2.06s]: 8640    6706       0          0          809        0          0          2.15e-07   4.44e+02   1.30e+04   0.00       < 0.015 0.848 >
2023-02-16 08:47:10 [02/16/23 08:47:10    2.27s]: 11520   5003       2642       283        3228       133768104  81         3.19e-05   8.00e+05   3.61e+04   0.00       < 0.016 0.874 >
2023-02-16 08:47:14 [02/16/23 08:47:14    3.91s]: 14400   2662       1          685        15870      319075155  426        3.03e-07   1.79e+03   3.56e+04   0.01       < 0.024 0.895 >
2023-02-16 08:47:18 [02/16/23 08:47:18    3.78s]: 17280   76         3          14         19311      431465134  61         9.54e-07   9.33e+02   2.82e+04   0.01       < 0.023 0.899 >
2023-02-16 08:47:22 [02/16/23 08:47:22    3.86s]: 20160   6          0          4          20050      499629729  52         0.00e+00   8.06e-01   2.01e+04   0.01       < 0.019 0.856 >
2023-02-16 08:47:24 [02/16/23 08:47:24    2.74s]: 23040   7          0          0          20054      540972581  0          0.00e+00   6.70e-06   2.01e+04   0.01       < 0.003 0.586 >
2023-02-16 08:47:27 [02/16/23 08:47:27    2.71s]: 25920   463        0          137        20935      566046540  303        4.51e-09   7.41e+01   2.81e+04   0.01       < 0.017 0.837 >
2023-02-16 08:47:30 [02/16/23 08:47:30    3.25s]: 28800   50         0          0          21579      581254518  0          0.00e+00   7.17e-04   2.16e+04   0.01       < 0.010 0.721 >
2023-02-16 08:47:33 [02/16/23 08:47:33    2.74s]: 31680   220        3          7          22514      590478263  58         4.29e-07   2.88e+02   2.79e+04   0.01       < 0.011 0.771 >
2023-02-16 08:47:36 [02/16/23 08:47:36    3.45s]: 34560   43         0          9          24589      596072239  19         0.00e+00   2.40e-01   2.46e+04   0.01       < 0.013 0.782 >
2023-02-16 08:47:40 [02/16/23 08:47:40    3.26s]: 37440   105        0          24         25379      599465218  166        3.99e-08   2.47e+02   3.10e+04   0.01       < 0.012 0.751 >
2023-02-16 08:47:43 [02/16/23 08:47:43    2.99s]: 40320   10         0          0          25648      601522969  0          0.00e+00   2.39e-03   2.57e+04   0.01       < 0.011 0.795 >
2023-02-16 08:47:45 [02/16/23 08:47:45    2.16s]: 43200   968        2          79         25725      602771113  151        7.57e-07   8.08e+02   4.12e+04   0.01       < 0.009 0.732 >
2023-02-16 08:47:48 [02/16/23 08:47:48    3.33s]: 46080   26         0          0          27794      603528077  0          0.00e+00   2.86e-02   2.78e+04   0.01       < 0.015 0.784 >
2023-02-16 08:47:51 [02/16/23 08:47:51    2.86s]: 48960   135        1          29         27940      603986844  206        4.03e-07   3.60e+02   3.37e+04   0.01       < 0.010 0.800 >
2023-02-16 08:47:54 [02/16/23 08:47:54    3.20s]: 51840   5          0          0          28551      604265344  0          0.00e+00   1.80e-02   2.86e+04   0.01       < 0.013 0.790 >
2023-02-16 08:47:57 [02/16/23 08:47:57    2.26s]: 54720   310        1          27         28559      604434340  49         4.03e-07   3.53e+02   3.54e+04   0.01       < 0.004 0.621 >
2023-02-16 08:48:00 [02/16/23 08:48:00    3.46s]: 57600   101        0          71         30522      604536396  228        0.00e+00   6.99e+00   3.07e+04   0.01       < 0.019 0.866 >
2023-02-16 08:48:03 [02/16/23 08:48:03    3.26s]: 60480   8          0          0          30694      604598705  0          0.00e+00   6.65e-05   3.07e+04   0.01       < 0.006 0.717 >
2023-02-16 08:48:06 [02/16/23 08:48:06    2.83s]: 63360   130        0          22         31705      604636262  168        7.84e-09   6.02e+01   3.69e+04   0.01       < 0.013 0.800 >
2023-02-16 08:48:09 [02/16/23 08:48:09    3.02s]: 66240   5          0          0          31908      604659245  0          0.00e+00   5.81e-04   3.19e+04   0.01       < 0.008 0.809 >
2023-02-16 08:48:11 [02/16/23 08:48:11    2.21s]: 69120   379        0          109        32145      604673225  236        2.98e-08   1.57e+02   4.04e+04   0.01       < 0.007 0.770 >
2023-02-16 08:48:15 [02/16/23 08:48:15    3.50s]: 72000   5          0          0          33570      604681706  14         0.00e+00   7.68e-02   3.36e+04   0.01       < 0.016 0.821 >
2023-02-16 08:48:17 [02/16/23 08:48:17    2.44s]: 74880   44         1          0          33571      604687053  1          1.60e-07   9.41e+01   3.63e+04   0.01       < 0.002 0.510 >
2023-02-16 08:48:20 [02/16/23 08:48:20    2.55s]: 77760   34         0          0          34473      604689976  0          0.00e+00   2.32e-02   3.45e+04   0.02       < 0.009 0.729 >
2023-02-16 08:48:22 [02/16/23 08:48:22    2.28s]: 80640   323        3          27         34481      604691866  73         1.32e-06   1.39e+03   4.60e+04   0.02       < 0.007 0.758 >
2023-02-16 08:48:25 [02/16/23 08:48:25    2.97s]: 83520   10         0          2          36114      604692789  17         0.00e+00   1.56e-01   3.61e+04   0.02       < 0.012 0.911 >
2023-02-16 08:48:27 [02/16/23 08:48:27    2.38s]: 86400   12         0          0          36116      604693627  0          0.00e+00   6.63e-07   3.61e+04   0.02       < 0.001 0.609 >
2023-02-16 08:48:30 [02/16/23 08:48:30    2.70s]: 89280   348        0          221        38618      604693738  366        0.00e+00   1.40e+01   3.92e+04   0.02       < 0.015 0.817 >
2023-02-16 08:48:33 [02/16/23 08:48:33    3.06s]: 92160   18         0          0          39192      604694223  0          0.00e+00   1.35e-04   3.92e+04   0.02       < 0.011 0.854 >
2023-02-16 08:48:36 [02/16/23 08:48:36    2.80s]: 95040   615        0          161        40131      604694136  366        1.35e-07   2.25e+02   4.87e+04   0.02       < 0.015 0.822 >
2023-02-16 08:48:39 [02/16/23 08:48:39    3.39s]: 97920   6          0          0          41149      604694436  0          0.00e+00   2.18e-03   4.12e+04   0.02       < 0.015 0.800 >
2023-02-16 08:48:42 [02/16/23 08:48:42    2.42s]: 100800  31         0          37         41341      604694513  161        0.00e+00   6.06e+00   4.14e+04   0.02       < 0.005 0.740 >
2023-02-16 08:48:45 [02/16/23 08:48:45    2.96s]: 103680  12         0          12         41963      604694549  78         0.00e+00   3.94e-01   4.20e+04   0.02       < 0.011 0.785 >
2023-02-16 08:48:47 [02/16/23 08:48:47    2.27s]: 106560  59         0          5          41982      604694695  18         2.19e-07   1.93e+02   4.30e+04   0.02       < 0.005 0.688 >
2023-02-16 08:48:50 [02/16/23 08:48:50    2.99s]: 109440  142        0          62         42896      604694479  195        1.72e-10   1.71e+01   4.54e+04   0.02       < 0.014 0.788 >
2023-02-16 08:48:53 [02/16/23 08:48:53    2.85s]: 112320  8          0          0          43115      604694676  0          0.00e+00   1.64e-04   4.31e+04   0.02       < 0.006 0.770 >
2023-02-16 08:48:55 [02/16/23 08:48:55    2.22s]: 115200  268        1          74         43518      604694611  224        2.27e-07   2.43e+02   5.04e+04   0.02       < 0.011 0.707 >
2023-02-16 08:48:58 [02/16/23 08:48:58    3.09s]: 118080  7          0          0          44152      604694650  0          0.00e+00   1.45e-02   4.42e+04   0.02       < 0.012 0.785 >
2023-02-16 08:49:00 [02/16/23 08:49:00    2.10s]: 120960  173        1          1          44152      604694763  16         2.18e-07   1.88e+02   4.93e+04   0.02       < 0.003 0.572 >
2023-02-16 08:49:03 [02/16/23 08:49:03    3.17s]: 123840  5          0          7          45620      604694560  59         0.00e+00   2.08e-01   4.56e+04   0.02       < 0.015 0.860 >
2023-02-16 08:49:06 [02/16/23 08:49:06    2.66s]: 126720  3          0          0          45629      604694712  0          0.00e+00   7.70e-07   4.56e+04   0.02       < 0.001 0.659 >
2023-02-16 08:49:09 [02/16/23 08:49:09    2.46s]: 129600  246        0          99         46264      604694603  148        4.90e-09   5.83e+01   5.30e+04   0.02       < 0.011 0.808 >
2023-02-16 08:49:11 [02/16/23 08:49:11    2.76s]: 132480  65         1          9          46658      604694684  52         4.02e-07   3.45e+02   5.17e+04   0.02       < 0.010 0.745 >
2023-02-16 08:49:14 [02/16/23 08:49:14    2.59s]: 135360  120        0          6          47071      604694685  16         2.06e-07   1.57e+02   5.14e+04   0.02       < 0.009 0.756 >
2023-02-16 08:49:17 [02/16/23 08:49:17    2.94s]: 138240  14         0          0          48274      604694641  0          0.00e+00   2.99e-02   4.83e+04   0.02       < 0.009 0.746 >
2023-02-16 08:49:20 [02/16/23 08:49:20    2.91s]: 141120  248        1          89         49555      604694549  174        3.14e-07   2.59e+02   5.55e+04   0.02       < 0.012 0.838 >
2023-02-16 08:49:23 [02/16/23 08:49:23    3.23s]: 144000  44         0          0          50522      604694618  0          0.00e+00   2.35e-02   5.06e+04   0.02       < 0.013 0.749 >
2023-02-16 08:49:23 [02/16/23 08:49:23    0.00s]: 144004  44         0          0          50522      604694618  0          0.00e+00   2.31e-02   5.06e+04   0.02       < 0.013 0.756 >
2023-02-16 08:49:23  ---  main.cpp:generate tcells took  avg 0.01 s max 0.01 s balance 0.92  --- 
2023-02-16 08:49:23  ---  main.cpp:update circulating tcells took  avg 47.02 s max 49.60 s balance 0.95  --- 
2023-02-16 08:49:23  ---  main.cpp:update tcells took  avg 2.08 s max 2.32 s balance 0.90  --- 
2023-02-16 08:49:23  ---  main.cpp:update epicells took  avg 3.44 s max 3.73 s balance 0.92  --- 
2023-02-16 08:49:23  ---  main.cpp:update concentrations took  avg 9.20 s max 9.73 s balance 0.95  --- 
2023-02-16 08:49:23  ---  main.cpp:compute updates took  avg 89.08 s max 89.09 s balance 1.00  --- 
2023-02-16 08:49:23  ---  main.cpp:dispatch updates took  avg 23.08 s max 25.39 s balance 0.91  --- 
2023-02-16 08:49:23  ---  main.cpp:add new actives took  avg 1.33 s max 1.98 s balance 0.67  --- 
2023-02-16 08:49:23  ---  main.cpp:erase inactive took  avg 6.37 s max 6.72 s balance 0.95  --- 
2023-02-16 08:49:23  ---  main.cpp:sample took  avg 0.00 s max 0.00 s balance -nan  --- 
2023-02-16 08:49:23  ---  main.cpp:sample write took  avg 0.00 s max 0.00 s balance -nan  --- 
2023-02-16 08:49:23  ---  main.cpp:log took  avg 5.98 s max 6.01 s balance 1.00  --- 
2023-02-16 08:49:23 Finished 144005 time steps in 139.1629 s (0.0010 s per step)
2023-02-16 08:49:23  --- Elapsed time for main.cpp:run_sim:  (exiting barrier) 2023-02-16 08:49:23 ...
2023-02-16 08:49:23           ... (min/my/avg/max, bal) (139.16/139.16/139.16/139.16 s, 1.00) barrier(0.00 s) --- 
2023-02-16 08:49:23 Peak memory used across all nodes: 21.86GB
2023-02-16 08:49:23 Finished in 143.09 s at 02/16/23 08:49:23 for SimCov version 0.1.1.8024051-dirty
