2023-02-18 21:44:06 SimCov version SimCov version 0.1.1.8024051-dirty-master built on 20230216_082905
2023-02-18 21:44:06 _________________________
2023-02-18 21:44:06 Compiler definitions:
2023-02-18 21:44:06   _XOPEN_SOURCE=700
2023-02-18 21:44:06   CONFIG_USE_COLORS
2023-02-18 21:44:06   USE_BYTELL
2023-02-18 21:44:06   MAX_VIRIONS=125000
2023-02-18 21:44:06   MIN_VIRIONS=1e-10
2023-02-18 21:44:06   BLOCK_PARTITION
2023-02-18 21:44:06   MIN_BLOCKS_PER_PROC=1
2023-02-18 21:44:06   AVERAGE_SUBSAMPLE
2023-02-18 21:44:06 _________________________
2023-02-18 21:44:06 Options:
2023-02-18 21:44:06   dim =                         15000 15000 1
2023-02-18 21:44:06   whole-lung-dim =              48000 40000 20000
2023-02-18 21:44:06   timesteps =                   144005
2023-02-18 21:44:06   infection-coords =            uniform:1
2023-02-18 21:44:06   initial-infection =           999
2023-02-18 21:44:06   incubation-period =           5000
2023-02-18 21:44:06   apoptosis-period =            180
2023-02-18 21:44:06   expressing-period =           900
2023-02-18 21:44:06   infectivity =                 0.025
2023-02-18 21:44:06   infectivity-multiplier =      1.0
2023-02-18 21:44:06   virion-production =           1.1
2023-02-18 21:44:06   virion-production-multiplier = 1.0
2023-02-18 21:44:06   virion-clearance =            0.004
2023-02-18 21:44:06   virion-diffusion =            0.15
2023-02-18 21:44:06   chemokine-production =        1.0
2023-02-18 21:44:06   chemokine-decay =             0.01
2023-02-18 21:44:06   chemokine-diffusion =         1.0
2023-02-18 21:44:06   min-chemokine =               1e-06
2023-02-18 21:44:06   antibody-factor =             1
2023-02-18 21:44:06   antibody-period =             5760
2023-02-18 21:44:06   tcell-generation-rate =       105000
2023-02-18 21:44:06   tcell-initial-delay =         10080
2023-02-18 21:44:06   tcell-vascular-period =       5760
2023-02-18 21:44:06   tcell-tissue-period =         1440
2023-02-18 21:44:06   tcell-binding-period =        10
2023-02-18 21:44:06   max-binding-prob =            1
2023-02-18 21:44:06   tcells-follow-gradient =      false
2023-02-18 21:44:06   seed =                        5
2023-02-18 21:44:06   sample-period =               0
2023-02-18 21:44:06   sample-resolution =           1
2023-02-18 21:44:06   max-block-dim =               10
2023-02-18 21:44:06   output =                      exp_results/per_5000_inf_0.025/init_999/5
2023-02-18 21:44:06 _________________________
2023-02-18 21:44:06 Starting run with 64 processes on 2 nodes at 02/18/23 21:44:06
2023-02-18 21:44:06 Pinned processes, with process 0 (pid 31542) pinned to core 0
2023-02-18 21:44:06 Using block partitioning
2023-02-18 21:44:06 Initial free memory across all nodes: 151.47GB
2023-02-18 21:44:06 Starting with 76.83GB free on node 0
2023-02-18 21:44:06 Dividing 225000000 grid points into 3515625 squares of size 64 (8^2), with 54932 per process
2023-02-18 21:44:06 Total initial memory required per process is at least 281.63MB with each grid point requiring on average 84 bytes
2023-02-18 21:44:10  --- Elapsed time for tissue.cpp:Tissue:  (exiting barrier) 2023-02-18 21:44:10 ...
2023-02-18 21:44:10           ... (min/my/avg/max, bal) (3.48/3.48/3.48/3.48 s, 1.00) barrier(0.00 s) --- 
2023-02-18 21:44:10 Memory used on node 0 after initialization is  10.90GB
2023-02-18 21:44:10           ... (min/my/avg/max, bal) No-Time barrier(0.00 s) --- 
2023-02-18 21:44:10 Fraction of circulating T cells extravasating is 5.85938e-06
2023-02-18 21:44:10 # datetime                    step    incb       expr       apop       dead       tvas       ttis       chem       virs       chempts    %infct     <%active  lbln>
2023-02-18 21:44:10 [0] <main.cpp:141> WARNING: Time step 0: SUCCESSFUL initial infection at (7500, 7500, 0) after 0 tries
2023-02-18 21:44:10 [02/18/23 21:44:10    0.00s]: 0       1          0          0          0          0          0          0.00e+00   0.00e+00   1.00e+00   0.00       < 0.000 0.016 >
2023-02-18 21:44:11 [02/18/23 21:44:11    0.87s]: 2880    825        0          0          0          0          0          0.00e+00   9.69e-03   8.25e+02   0.00       < 0.007 0.776 >
2023-02-18 21:44:12 [02/18/23 21:44:12    1.01s]: 5760    2535       696        0          1          0          0          9.23e-06   1.51e+05   1.95e+04   0.00       < 0.009 0.793 >
2023-02-18 21:44:14 [02/18/23 21:44:14    2.10s]: 8640    6755       0          0          825        0          0          1.47e-09   1.12e+02   1.10e+04   0.00       < 0.014 0.881 >
2023-02-18 21:44:16 [02/18/23 21:44:16    2.21s]: 11520   5467       2677       134        2900       133768326  70         3.10e-05   7.91e+05   3.63e+04   0.00       < 0.016 0.885 >
2023-02-18 21:44:20 [02/18/23 21:44:20    3.84s]: 14400   3044       0          722        15673      319075366  438        7.22e-07   4.37e+03   3.99e+04   0.01       < 0.024 0.916 >
2023-02-18 21:44:24 [02/18/23 21:44:24    3.81s]: 17280   57         0          0          19686      431465407  0          0.00e+00   4.63e-02   1.97e+04   0.01       < 0.024 0.911 >
2023-02-18 21:44:28 [02/18/23 21:44:28    3.81s]: 20160   441        1          38         20403      499630264  236        3.22e-07   4.14e+02   2.74e+04   0.01       < 0.022 0.898 >
2023-02-18 21:44:31 [02/18/23 21:44:31    3.65s]: 23040   29         0          0          21239      540972693  0          0.00e+00   9.69e-03   2.13e+04   0.01       < 0.014 0.787 >
2023-02-18 21:44:34 [02/18/23 21:44:34    3.00s]: 25920   822        0          283        22450      566046446  506        2.70e-07   4.67e+02   3.47e+04   0.01       < 0.018 0.841 >
2023-02-18 21:44:38 [02/18/23 21:44:38    3.90s]: 28800   34         0          0          23815      581254606  0          0.00e+00   4.53e-03   2.38e+04   0.01       < 0.020 0.807 >
2023-02-18 21:44:41 [02/18/23 21:44:41    3.07s]: 31680   1149       0          202        24214      590477743  448        3.96e-07   6.99e+02   4.13e+04   0.01       < 0.017 0.807 >
2023-02-18 21:44:45 [02/18/23 21:44:45    4.08s]: 34560   9          0          0          25960      596071868  0          0.00e+00   8.91e-03   2.60e+04   0.01       < 0.021 0.798 >
2023-02-18 21:44:48 [02/18/23 21:44:48    2.63s]: 37440   125        0          27         25986      599464875  107        7.24e-10   2.32e+01   2.98e+04   0.01       < 0.004 0.607 >
2023-02-18 21:44:51 [02/18/23 21:44:51    3.41s]: 40320   18         0          4          27052      601522667  55         0.00e+00   3.12e-01   2.71e+04   0.01       < 0.019 0.867 >
2023-02-18 21:44:54 [02/18/23 21:44:54    2.79s]: 43200   50         1          7          27059      602770602  35         4.44e-07   5.98e+02   3.22e+04   0.01       < 0.004 0.593 >
2023-02-18 21:45:00 [02/18/23 21:45:00    5.56s]: 46080   14         0          9          28352      603527760  75         0.00e+00   4.48e-01   2.84e+04   0.01       < 0.020 0.900 >
2023-02-18 21:45:03 [02/18/23 21:45:03    3.03s]: 48960   10         0          0          28366      603987139  0          0.00e+00   2.95e-06   2.84e+04   0.01       < 0.002 0.477 >
2023-02-18 21:45:05 [02/18/23 21:45:05    2.75s]: 51840   663        0          264        29361      604265064  501        6.58e-09   9.11e+01   4.13e+04   0.01       < 0.017 0.813 >
2023-02-18 21:45:09 [02/18/23 21:45:09    3.76s]: 54720   15         0          0          30397      604434009  0          0.00e+00   8.81e-04   3.04e+04   0.01       < 0.016 0.832 >
2023-02-18 21:45:12 [02/18/23 21:45:12    2.45s]: 57600   241        0          84         30584      604536641  184        3.36e-10   5.56e+01   3.43e+04   0.01       < 0.006 0.790 >
2023-02-18 21:45:15 [02/18/23 21:45:15    3.36s]: 60480   11         0          7          32449      604598887  85         0.00e+00   5.40e-01   3.25e+04   0.01       < 0.017 0.842 >
2023-02-18 21:45:18 [02/18/23 21:45:18    2.64s]: 63360   12         0          0          32457      604636526  0          0.00e+00   4.23e-06   3.25e+04   0.01       < 0.003 0.575 >
2023-02-18 21:45:21 [02/18/23 21:45:21    3.31s]: 66240   1072       0          273        34687      604659161  409        3.48e-09   6.94e+01   4.40e+04   0.02       < 0.021 0.830 >
2023-02-18 21:45:25 [02/18/23 21:45:25    3.90s]: 69120   55         0          0          36113      604673171  0          0.00e+00   6.71e-04   3.62e+04   0.02       < 0.016 0.746 >
2023-02-18 21:45:28 [02/18/23 21:45:28    3.50s]: 72000   1068       1          443        37933      604680919  803        3.82e-07   7.78e+02   6.08e+04   0.02       < 0.024 0.850 >
2023-02-18 21:45:33 [02/18/23 21:45:33    4.70s]: 74880   19         0          0          39865      604686457  0          0.00e+00   1.15e-02   3.99e+04   0.02       < 0.026 0.845 >
2023-02-18 21:45:36 [02/18/23 21:45:36    2.99s]: 77760   1144       3          88         39916      604689613  212        1.32e-06   1.42e+03   6.18e+04   0.02       < 0.014 0.773 >
2023-02-18 21:45:41 [02/18/23 21:45:41    4.99s]: 80640   47         0          38         43476      604691117  138        0.00e+00   7.75e-01   4.36e+04   0.02       < 0.032 0.842 >
2023-02-18 21:45:45 [02/18/23 21:45:45    3.99s]: 83520   28         0          0          43535      604692656  0          0.00e+00   5.52e-06   4.36e+04   0.02       < 0.004 0.706 >
2023-02-18 21:45:49 [02/18/23 21:45:49    4.35s]: 86400   982        0          344        46404      604692782  647        8.87e-09   1.38e+02   6.28e+04   0.02       < 0.034 0.880 >
2023-02-18 21:45:54 [02/18/23 21:45:54    4.99s]: 89280   16         0          0          47873      604693571  0          0.00e+00   1.33e-03   4.79e+04   0.02       < 0.021 0.825 >
2023-02-18 21:45:58 [02/18/23 21:45:58    3.52s]: 92160   821        1          169        48741      604693597  500        5.73e-07   6.73e+02   6.65e+04   0.02       < 0.023 0.768 >
2023-02-18 21:46:03 [02/18/23 21:46:03    5.09s]: 95040   12         0          1          50548      604693948  0          0.00e+00   2.66e-02   5.06e+04   0.02       < 0.029 0.854 >
2023-02-18 21:46:06 [02/18/23 21:46:06    3.05s]: 97920   328        2          57         50649      604694168  182        3.34e-07   3.08e+02   6.30e+04   0.02       < 0.008 0.751 >
2023-02-18 21:46:11 [02/18/23 21:46:11    4.58s]: 100800  26         0          24         53513      604693996  151        0.00e+00   1.03e+00   5.36e+04   0.02       < 0.030 0.862 >
2023-02-18 21:46:14 [02/18/23 21:46:14    3.72s]: 103680  18         1          0          53546      604694397  3          1.87e-07   1.26e+02   5.63e+04   0.02       < 0.006 0.635 >
2023-02-18 21:46:19 [02/18/23 21:46:19    4.64s]: 106560  402        0          174        57244      604693811  382        8.02e-10   2.99e+01   6.21e+04   0.03       < 0.032 0.854 >
2023-02-18 21:46:23 [02/18/23 21:46:23    4.49s]: 109440  17         0          0          57868      604694272  0          0.00e+00   2.87e-04   5.79e+04   0.03       < 0.014 0.807 >
2023-02-18 21:46:27 [02/18/23 21:46:27    3.78s]: 112320  604        0          263        59877      604693893  534        9.42e-09   9.14e+01   6.84e+04   0.03       < 0.026 0.872 >
2023-02-18 21:46:32 [02/18/23 21:46:32    4.32s]: 115200  39         0          0          60841      604694295  0          0.00e+00   8.82e-04   6.09e+04   0.03       < 0.019 0.802 >
2023-02-18 21:46:35 [02/18/23 21:46:35    3.34s]: 118080  1276       1          306        61854      604693980  631        4.76e-07   6.23e+02   8.01e+04   0.03       < 0.026 0.878 >
2023-02-18 21:46:40 [02/18/23 21:46:40    5.16s]: 120960  28         0          0          64030      604694159  0          0.00e+00   1.81e-02   6.41e+04   0.03       < 0.030 0.878 >
2023-02-18 21:46:44 [02/18/23 21:46:44    3.88s]: 123840  186        0          116        64659      604694143  295        0.00e+00   9.42e+00   6.50e+04   0.03       < 0.018 0.804 >
2023-02-18 21:46:48 [02/18/23 21:46:48    3.93s]: 126720  31         0          39         65306      604694329  154        0.00e+00   5.61e+00   6.54e+04   0.03       < 0.017 0.822 >
2023-02-18 21:46:51 [02/18/23 21:46:51    2.94s]: 129600  404        1          64         65664      604694424  216        4.18e-07   3.72e+02   7.75e+04   0.03       < 0.016 0.827 >
2023-02-18 21:46:54 [02/18/23 21:46:54    3.63s]: 132480  21         0          0          66737      604694521  0          0.00e+00   8.03e-03   6.68e+04   0.03       < 0.018 0.821 >
2023-02-18 21:46:57 [02/18/23 21:46:57    2.54s]: 135360  609        4          37         66757      604694622  109        7.83e-07   7.32e+02   8.32e+04   0.03       < 0.010 0.759 >
2023-02-18 21:47:01 [02/18/23 21:47:01    4.07s]: 138240  13         0          1          69145      604694395  9          0.00e+00   1.11e-01   6.92e+04   0.03       < 0.022 0.892 >
2023-02-18 21:47:04 [02/18/23 21:47:04    3.08s]: 141120  13         0          0          69146      604694616  0          0.00e+00   2.78e-07   6.92e+04   0.03       < 0.001 0.307 >
2023-02-18 21:47:08 [02/18/23 21:47:08    3.49s]: 144000  397        0          357        72230      604693920  780        6.88e-11   4.19e+01   7.37e+04   0.03       < 0.026 0.864 >
2023-02-18 21:47:08 [02/18/23 21:47:08    0.01s]: 144004  392        0          356        72236      604693922  779        6.29e-11   4.13e+01   7.36e+04   0.03       < 0.026 0.864 >
2023-02-18 21:47:08  ---  main.cpp:generate tcells took  avg 0.01 s max 0.01 s balance 0.79  --- 
2023-02-18 21:47:08  ---  main.cpp:update circulating tcells took  avg 47.46 s max 51.07 s balance 0.93  --- 
2023-02-18 21:47:08  ---  main.cpp:update tcells took  avg 3.39 s max 3.95 s balance 0.86  --- 
2023-02-18 21:47:08  ---  main.cpp:update epicells took  avg 5.42 s max 5.90 s balance 0.92  --- 
2023-02-18 21:47:08  ---  main.cpp:update concentrations took  avg 14.99 s max 15.89 s balance 0.94  --- 
2023-02-18 21:47:08  ---  main.cpp:compute updates took  avg 110.24 s max 110.50 s balance 1.00  --- 
2023-02-18 21:47:08  ---  main.cpp:dispatch updates took  avg 32.83 s max 35.68 s balance 0.92  --- 
2023-02-18 21:47:08  ---  main.cpp:add new actives took  avg 2.24 s max 2.66 s balance 0.84  --- 
2023-02-18 21:47:08  ---  main.cpp:erase inactive took  avg 9.92 s max 10.25 s balance 0.97  --- 
2023-02-18 21:47:08  ---  main.cpp:sample took  avg 0.00 s max 0.00 s balance -nan  --- 
2023-02-18 21:47:08  ---  main.cpp:sample write took  avg 0.00 s max 0.00 s balance -nan  --- 
2023-02-18 21:47:08  ---  main.cpp:log took  avg 6.10 s max 6.14 s balance 0.99  --- 
2023-02-18 21:47:08 Finished 144005 time steps in 177.6954 s (0.0012 s per step)
2023-02-18 21:47:08  --- Elapsed time for main.cpp:run_sim:  (exiting barrier) 2023-02-18 21:47:08 ...
2023-02-18 21:47:08           ... (min/my/avg/max, bal) (177.70/177.70/177.70/177.70 s, 1.00) barrier(0.00 s) --- 
2023-02-18 21:47:08 Peak memory used across all nodes: 21.88GB
2023-02-18 21:47:08 Finished in 181.63 s at 02/18/23 21:47:08 for SimCov version 0.1.1.8024051-dirty
