2023-02-13 19:06:48 SimCov version SimCov version 0.1.1.9cc77ef-dirty-branching_airways_3min_model built on 20230204_191356
2023-02-13 19:06:48 _________________________
2023-02-13 19:06:48 Compiler definitions:
2023-02-13 19:06:48   _XOPEN_SOURCE=700
2023-02-13 19:06:48   CONFIG_USE_COLORS
2023-02-13 19:06:48   USE_BYTELL
2023-02-13 19:06:48   MAX_VIRIONS=125000
2023-02-13 19:06:48   MIN_VIRIONS=1e-10
2023-02-13 19:06:48   BLOCK_PARTITION
2023-02-13 19:06:48   MIN_BLOCKS_PER_PROC=1
2023-02-13 19:06:48   AVERAGE_SUBSAMPLE
2023-02-13 19:06:48 _________________________
2023-02-13 19:06:48 Options:
2023-02-13 19:06:48   dim =                         15000 15000 1
2023-02-13 19:06:48   whole-lung-dim =              48000 40000 20000
2023-02-13 19:06:48   timesteps =                   216005
2023-02-13 19:06:48   infection-coords =            uniform:1
2023-02-13 19:06:48   initial-infection =           999
2023-02-13 19:06:48   incubation-period =           5000
2023-02-13 19:06:48   apoptosis-period =            180
2023-02-13 19:06:48   expressing-period =           900
2023-02-13 19:06:48   infectivity =                 0.025
2023-02-13 19:06:48   infectivity-multiplier =      1.0
2023-02-13 19:06:48   virion-production =           1.1
2023-02-13 19:06:48   virion-production-multiplier = 1.0
2023-02-13 19:06:48   virion-clearance =            0.004
2023-02-13 19:06:48   virion-diffusion =            0.15
2023-02-13 19:06:48   chemokine-production =        1.0
2023-02-13 19:06:48   chemokine-decay =             0.01
2023-02-13 19:06:48   chemokine-diffusion =         1.0
2023-02-13 19:06:48   min-chemokine =               1e-06
2023-02-13 19:06:48   antibody-factor =             1
2023-02-13 19:06:48   antibody-period =             5760
2023-02-13 19:06:48   tcell-generation-rate =       105000
2023-02-13 19:06:48   tcell-initial-delay =         10080
2023-02-13 19:06:48   tcell-vascular-period =       5760
2023-02-13 19:06:48   tcell-tissue-period =         1440
2023-02-13 19:06:48   tcell-binding-period =        10
2023-02-13 19:06:48   max-binding-prob =            1
2023-02-13 19:06:48   tcells-follow-gradient =      false
2023-02-13 19:06:48   seed =                        5
2023-02-13 19:06:48   sample-period =               0
2023-02-13 19:06:48   sample-resolution =           1
2023-02-13 19:06:48   max-block-dim =               10
2023-02-13 19:06:48   output =                      exp_results/per_5000_inf_0.025/init_999/5
2023-02-13 19:06:48 _________________________
2023-02-13 19:06:48 Starting run with 64 processes on 2 nodes at 02/13/23 19:06:48
2023-02-13 19:06:48 Pinned processes, with process 0 (pid 3893838) pinned to core 0
2023-02-13 19:06:48 Using block partitioning
2023-02-13 19:06:48 Initial free memory across all nodes: 150.60GB
2023-02-13 19:06:48 Starting with 75.58GB free on node 0
2023-02-13 19:06:48 Dividing 225000000 grid points into 3515625 squares of size 64 (8^2), with 54932 per process
2023-02-13 19:06:48 Total initial memory required per process is at least 308.46MB with each grid point requiring on average 92 bytes
2023-02-13 19:06:51  --- Elapsed time for tissue.cpp:Tissue:  (exiting barrier) 2023-02-13 19:06:51 ...
2023-02-13 19:06:51           ... (min/my/avg/max, bal) (3.49/3.49/3.50/3.50 s, 1.00) barrier(0.00 s) --- 
2023-02-13 19:06:51 Memory used on node 0 after initialization is  11.74GB
2023-02-13 19:06:51           ... (min/my/avg/max, bal) No-Time barrier(0.00 s) --- 
2023-02-13 19:06:51 Fraction of circulating T cells extravasating is 5.85938e-06
2023-02-13 19:06:51 # datetime                    step    incb       expr       apop       dead       tvas       ttis       inflcell   inflallvirs%infct     <%active  lbln>
2023-02-13 19:06:51 [0] <main.cpp:145> WARNING: Time step 0: SUCCESSFUL initial infection at (7500, 7500, 0) after 0 tries
2023-02-13 19:06:51 [02/13/23 19:06:51    0.00s]: 0       1          0          0          0          0          0          0          0          0.00e+00   0.0000004444< 0.000 0.016 >
2023-02-13 19:06:53 [02/13/23 19:06:53    1.34s]: 4320    802        0          0          0          0          0          0          0          2.93e-05   0.0003564444< 0.004 0.602 >
2023-02-13 19:06:55 [02/13/23 19:06:55    2.53s]: 8640    6830       0          0          802        0          0          25400      25400      1.05e+02   0.0033920000< 0.014 0.856 >
2023-02-13 19:06:59 [02/13/23 19:06:59    3.93s]: 12960   7513       392        698        8845       237944519  289        44569      44569      2.21e+05   0.0077546667< 0.020 0.850 >
2023-02-13 19:07:05 [02/13/23 19:07:05    6.17s]: 17280   58         0          0          20127      431465216  0          45189      45189      1.28e-01   0.0089711111< 0.024 0.880 >
2023-02-13 19:07:11 [02/13/23 19:07:11    5.37s]: 21600   722        1          16         21527      522872029  133        52048      52048      4.93e+02   0.0098960000< 0.023 0.874 >
2023-02-13 19:07:16 [02/13/23 19:07:16    5.25s]: 25920   372        0          41         22802      566047097  84         53773      53773      2.44e+02   0.0103177778< 0.012 0.670 >
2023-02-13 19:07:22 [02/13/23 19:07:22    5.67s]: 30240   12         0          6          24337      586440184  74         55813      55813      4.23e-01   0.0108244444< 0.018 0.802 >
2023-02-13 19:07:27 [02/13/23 19:07:27    5.21s]: 34560   205        0          46         26643      596071907  121        64150      64150      1.43e+02   0.0119528889< 0.024 0.847 >
2023-02-13 19:07:33 [02/13/23 19:07:33    6.18s]: 38880   1023       1          275        28357      600621384  529        71524      71524      7.83e+02   0.0131804444< 0.022 0.863 >
2023-02-13 19:07:40 [02/13/23 19:07:40    7.04s]: 43200   293        0          188        32398      602770281  259        76774      76774      2.55e+01   0.0146128889< 0.023 0.857 >
2023-02-13 19:07:47 [02/13/23 19:07:47    6.60s]: 47520   269        1          59         34902      603785499  177        81741      81741      3.10e+02   0.0156582222< 0.023 0.887 >
2023-02-13 19:07:53 [02/13/23 19:07:53    6.33s]: 51840   1264       1          238        36590      604264943  313        87117      87117      5.69e+02   0.0169302222< 0.025 0.873 >
2023-02-13 19:08:00 [02/13/23 19:08:00    6.97s]: 56160   29         0          21         39393      604491140  146        88194      88194      1.93e+00   0.0175302222< 0.023 0.885 >
2023-02-13 19:08:07 [02/13/23 19:08:07    6.64s]: 60480   481        1          97         42148      604598304  284        98397      98397      2.74e+02   0.0189897778< 0.030 0.855 >
2023-02-13 19:08:14 [02/13/23 19:08:14    7.36s]: 64800   339        1          122        44353      604648656  275        101683     101683     2.41e+02   0.0199177778< 0.023 0.862 >
2023-02-13 19:08:21 [02/13/23 19:08:21    7.21s]: 69120   107        1          58         47308      604672614  199        104710     104710     3.65e+01   0.0210995556< 0.027 0.839 >
2023-02-13 19:08:27 [02/13/23 19:08:27    5.66s]: 73440   27         1          2          48205      604684215  63         106304     106304     6.97e+01   0.0214377778< 0.011 0.801 >
2023-02-13 19:08:32 [02/13/23 19:08:32    5.65s]: 77760   17         0          9          50313      604689476  82         107187     107187     7.81e-01   0.0223728889< 0.019 0.847 >
2023-02-13 19:08:37 [02/13/23 19:08:37    5.02s]: 82080   119        1          15         51581      604692161  74         108905     108905     1.68e+02   0.0229848889< 0.016 0.776 >
2023-02-13 19:08:43 [02/13/23 19:08:43    5.87s]: 86400   227        0          9          52825      604693417  25         111597     111597     3.49e+02   0.0235826667< 0.018 0.842 >
2023-02-13 19:08:48 [02/13/23 19:08:48    4.56s]: 90720   181        0          91         54233      604693944  217        114556     114556     4.32e+00   0.0242244444< 0.014 0.813 >
2023-02-13 19:08:52 [02/13/23 19:08:52    4.06s]: 95040   376        2          81         54781      604694304  220        116426     116426     7.14e+02   0.0245511111< 0.010 0.823 >
2023-02-13 19:08:57 [02/13/23 19:08:57    4.61s]: 99360   3          0          0          56207      604694449  0          117044     117044     4.22e-03   0.0249822222< 0.008 0.765 >
2023-02-13 19:09:00 [02/13/23 19:09:00    3.80s]: 103680  196        0          79         57365      604694462  156        120482     120482     4.66e+01   0.0256177778< 0.012 0.786 >
2023-02-13 19:09:04 [02/13/23 19:09:04    4.12s]: 108000  670        1          77         57767      604694604  130        125485     125485     2.86e+02   0.0260066667< 0.007 0.683 >
2023-02-13 19:09:09 [02/13/23 19:09:09    4.58s]: 112320  10         0          1          59783      604694593  28         125588     125588     1.72e-01   0.0265751111< 0.013 0.808 >
2023-02-13 19:09:13 [02/13/23 19:09:13    4.13s]: 116640  28         0          27         60493      604694498  250        125869     125869     3.96e+00   0.0269102222< 0.013 0.783 >
2023-02-13 19:09:17 [02/13/23 19:09:17    3.66s]: 120960  3          0          0          60551      604694769  0          125869     125869     0.00e+00   0.0269128889< 0.000 0.047 >
2023-02-13 19:09:20 [02/13/23 19:09:20    3.25s]: 125280  6          0          0          61464      604694790  0          128953     128953     3.43e-03   0.0273200000< 0.007 0.767 >
2023-02-13 19:09:23 [02/13/23 19:09:23    2.92s]: 129600  89         0          47         61657      604694814  91         130323     130323     9.15e-01   0.0274635556< 0.005 0.710 >
2023-02-13 19:09:26 [02/13/23 19:09:26    3.03s]: 133920  420        5          47         61789      604694833  78         132838     132838     2.86e+03   0.0276715556< 0.005 0.730 >
2023-02-13 19:09:30 [02/13/23 19:09:30    3.64s]: 138240  4          0          0          63009      604694817  0          133475     133475     2.58e-04   0.0280057778< 0.007 0.773 >
2023-02-13 19:09:33 [02/13/23 19:09:33    3.20s]: 142560  4          0          0          63272      604694812  0          134329     134329     1.11e-02   0.0281226667< 0.006 0.845 >
2023-02-13 19:09:36 [02/13/23 19:09:36    2.92s]: 146880  342        0          65         63364      604694782  138        136183     136183     1.01e+02   0.0283426667< 0.004 0.598 >
2023-02-13 19:09:39 [02/13/23 19:09:39    3.31s]: 151200  8          0          0          63864      604694877  0          136183     136183     2.30e-06   0.0283875556< 0.002 0.532 >
2023-02-13 19:09:42 [02/13/23 19:09:42    3.32s]: 155520  6          0          3          65332      604694781  8          141051     141051     9.26e-02   0.0290404444< 0.009 0.741 >
2023-02-13 19:09:46 [02/13/23 19:09:46    3.24s]: 159840  480        0          86         65432      604694750  162        142754     142754     2.78e+02   0.0293324444< 0.006 0.683 >
2023-02-13 19:09:50 [02/13/23 19:09:50    3.95s]: 164160  9          0          0          66597      604694782  0          143423     143423     2.62e-05   0.0296026667< 0.006 0.842 >
2023-02-13 19:09:53 [02/13/23 19:09:53    3.65s]: 168480  0          0          0          67031      604694743  0          144034     144034     2.47e-03   0.0297915556< 0.010 0.815 >
2023-02-13 19:09:56 [02/13/23 19:09:56    2.61s]: 172800  0          0          0          67031      604694883  0          144034     144034     0.00e+00   0.0297915556< 0.000 1.000 >
2023-02-13 19:09:58 [02/13/23 19:09:58    2.13s]: 177120  0          0          0          67031      604694940  0          144034     144034     0.00e+00   0.0297915556< 0.000 1.000 >
2023-02-13 19:10:00 [02/13/23 19:10:00    2.13s]: 181440  0          0          0          67031      604694975  0          144034     144034     0.00e+00   0.0297915556< 0.000 1.000 >
2023-02-13 19:10:02 [02/13/23 19:10:02    2.28s]: 185760  0          0          0          67031      604694989  0          144034     144034     0.00e+00   0.0297915556< 0.000 1.000 >
2023-02-13 19:10:05 [02/13/23 19:10:05    2.12s]: 190080  0          0          0          67031      604694996  0          144034     144034     0.00e+00   0.0297915556< 0.000 1.000 >
2023-02-13 19:10:07 [02/13/23 19:10:07    2.12s]: 194400  0          0          0          67031      604695000  0          144034     144034     0.00e+00   0.0297915556< 0.000 1.000 >
2023-02-13 19:10:09 [02/13/23 19:10:09    2.13s]: 198720  0          0          0          67031      604695000  0          144034     144034     0.00e+00   0.0297915556< 0.000 1.000 >
2023-02-13 19:10:11 [02/13/23 19:10:11    2.14s]: 203040  0          0          0          67031      604695000  0          144034     144034     0.00e+00   0.0297915556< 0.000 1.000 >
2023-02-13 19:10:13 [02/13/23 19:10:13    2.30s]: 207360  0          0          0          67031      604695000  0          144034     144034     0.00e+00   0.0297915556< 0.000 1.000 >
2023-02-13 19:10:15 [02/13/23 19:10:15    2.14s]: 211680  0          0          0          67031      604695000  0          144034     144034     0.00e+00   0.0297915556< 0.000 1.000 >
2023-02-13 19:10:18 [02/13/23 19:10:18    2.14s]: 216000  0          0          0          67031      604695000  0          144034     144034     0.00e+00   0.0297915556< 0.000 1.000 >
2023-02-13 19:10:18 [02/13/23 19:10:18    0.00s]: 216004  0          0          0          67031      604695000  0          144034     144034     0.00e+00   0.0297915556< 0.000 1.000 >
2023-02-13 19:10:18  ---  main.cpp:generate tcells took  avg 0.02 s max 0.02 s balance 0.77  --- 
2023-02-13 19:10:18  ---  main.cpp:update circulating tcells took  avg 72.84 s max 80.53 s balance 0.90  --- 
2023-02-13 19:10:18  ---  main.cpp:update tcells took  avg 3.04 s max 3.38 s balance 0.90  --- 
2023-02-13 19:10:18  ---  main.cpp:update epicells took  avg 5.05 s max 5.22 s balance 0.97  --- 
2023-02-13 19:10:18  ---  main.cpp:update concentrations took  avg 14.00 s max 14.42 s balance 0.97  --- 
2023-02-13 19:10:18  ---  main.cpp:compute updates took  avg 135.56 s max 135.58 s balance 1.00  --- 
2023-02-13 19:10:18  ---  main.cpp:dispatch updates took  avg 31.93 s max 34.48 s balance 0.93  --- 
2023-02-13 19:10:18  ---  main.cpp:add new actives took  avg 2.61 s max 2.79 s balance 0.93  --- 
2023-02-13 19:10:18  ---  main.cpp:erase inactive took  avg 9.51 s max 9.74 s balance 0.98  --- 
2023-02-13 19:10:18  ---  main.cpp:sample took  avg 0.00 s max 0.00 s balance -nan  --- 
2023-02-13 19:10:18  ---  main.cpp:sample write took  avg 0.00 s max 0.00 s balance -nan  --- 
2023-02-13 19:10:18  ---  main.cpp:log took  avg 8.41 s max 8.47 s balance 0.99  --- 
2023-02-13 19:10:18 Finished 216005 time steps in 206.1830 s (0.0010 s per step)
2023-02-13 19:10:18  --- Elapsed time for main.cpp:run_sim:  (exiting barrier) 2023-02-13 19:10:18 ...
2023-02-13 19:10:18           ... (min/my/avg/max, bal) (206.18/206.18/206.18/206.18 s, 1.00) barrier(0.00 s) --- 
2023-02-13 19:10:18 Peak memory used across all nodes: 23.55GB
2023-02-13 19:10:18 Finished in 210.16 s at 02/13/23 19:10:18 for SimCov version 0.1.1.9cc77ef-dirty
