2023-02-16 08:57:31 SimCov version SimCov version 0.1.1.8024051-dirty-master built on 20230216_082905
2023-02-16 08:57:31 _________________________
2023-02-16 08:57:31 Compiler definitions:
2023-02-16 08:57:31   _XOPEN_SOURCE=700
2023-02-16 08:57:31   CONFIG_USE_COLORS
2023-02-16 08:57:31   USE_BYTELL
2023-02-16 08:57:31   MAX_VIRIONS=125000
2023-02-16 08:57:31   MIN_VIRIONS=1e-10
2023-02-16 08:57:31   BLOCK_PARTITION
2023-02-16 08:57:31   MIN_BLOCKS_PER_PROC=1
2023-02-16 08:57:31   AVERAGE_SUBSAMPLE
2023-02-16 08:57:31 _________________________
2023-02-16 08:57:31 Options:
2023-02-16 08:57:31   dim =                         15000 15000 1
2023-02-16 08:57:31   whole-lung-dim =              48000 40000 20000
2023-02-16 08:57:31   timesteps =                   144005
2023-02-16 08:57:31   infection-coords =            uniform:1
2023-02-16 08:57:31   initial-infection =           999
2023-02-16 08:57:31   incubation-period =           5000
2023-02-16 08:57:31   apoptosis-period =            180
2023-02-16 08:57:31   expressing-period =           900
2023-02-16 08:57:31   infectivity =                 0.025
2023-02-16 08:57:31   infectivity-multiplier =      1.0
2023-02-16 08:57:31   virion-production =           1.1
2023-02-16 08:57:31   virion-production-multiplier = 1.0
2023-02-16 08:57:31   virion-clearance =            0.004
2023-02-16 08:57:31   virion-diffusion =            0.15
2023-02-16 08:57:31   chemokine-production =        1.0
2023-02-16 08:57:31   chemokine-decay =             0.01
2023-02-16 08:57:31   chemokine-diffusion =         1.0
2023-02-16 08:57:31   min-chemokine =               1e-06
2023-02-16 08:57:31   antibody-factor =             1
2023-02-16 08:57:31   antibody-period =             5760
2023-02-16 08:57:31   tcell-generation-rate =       105000
2023-02-16 08:57:31   tcell-initial-delay =         10080
2023-02-16 08:57:31   tcell-vascular-period =       5760
2023-02-16 08:57:31   tcell-tissue-period =         1440
2023-02-16 08:57:31   tcell-binding-period =        10
2023-02-16 08:57:31   max-binding-prob =            1
2023-02-16 08:57:31   tcells-follow-gradient =      false
2023-02-16 08:57:31   seed =                        9
2023-02-16 08:57:31   sample-period =               0
2023-02-16 08:57:31   sample-resolution =           1
2023-02-16 08:57:31   max-block-dim =               10
2023-02-16 08:57:31   output =                      exp_results/per_5000_inf_0.025/init_1000/9
2023-02-16 08:57:31 _________________________
2023-02-16 08:57:31 Starting run with 64 processes on 2 nodes at 02/16/23 08:57:31
2023-02-16 08:57:31 Pinned processes, with process 0 (pid 4058122) pinned to core 0
2023-02-16 08:57:31 Using block partitioning
2023-02-16 08:57:31 Initial free memory across all nodes: 151.12GB
2023-02-16 08:57:31 Starting with 74.80GB free on node 0
2023-02-16 08:57:31 Dividing 225000000 grid points into 3515625 squares of size 64 (8^2), with 54932 per process
2023-02-16 08:57:31 Total initial memory required per process is at least 281.63MB with each grid point requiring on average 84 bytes
2023-02-16 08:57:34  --- Elapsed time for tissue.cpp:Tissue:  (exiting barrier) 2023-02-16 08:57:34 ...
2023-02-16 08:57:34           ... (min/my/avg/max, bal) (3.52/3.52/3.52/3.52 s, 1.00) barrier(0.00 s) --- 
2023-02-16 08:57:34 Memory used on node 0 after initialization is  10.91GB
2023-02-16 08:57:34           ... (min/my/avg/max, bal) No-Time barrier(0.00 s) --- 
2023-02-16 08:57:34 Fraction of circulating T cells extravasating is 5.85938e-06
2023-02-16 08:57:34 # datetime                    step    incb       expr       apop       dead       tvas       ttis       chem       virs       chempts    %infct     <%active  lbln>
2023-02-16 08:57:34 [0] <main.cpp:141> WARNING: Time step 0: SUCCESSFUL initial infection at (7500, 7500, 0) after 0 tries
2023-02-16 08:57:34 [02/16/23 08:57:34    0.00s]: 0       1          0          0          0          0          0          0.00e+00   0.00e+00   1.00e+00   0.00       < 0.000 0.016 >
2023-02-16 08:57:35 [02/16/23 08:57:35    1.00s]: 2880    821        0          0          0          0          0          0.00e+00   9.69e-03   8.21e+02   0.00       < 0.007 0.776 >
2023-02-16 08:57:36 [02/16/23 08:57:36    0.97s]: 5760    2524       714        0          1          0          0          9.30e-06   1.56e+05   1.92e+04   0.00       < 0.009 0.780 >
2023-02-16 08:57:38 [02/16/23 08:57:38    2.03s]: 8640    6796       0          0          821        0          0          0.00e+00   5.51e+01   7.62e+03   0.00       < 0.015 0.886 >
2023-02-16 08:57:41 [02/16/23 08:57:41    2.19s]: 11520   5054       2758       226        2964       133768326  83         3.14e-05   8.20e+05   3.59e+04   0.00       < 0.016 0.869 >
2023-02-16 08:57:44 [02/16/23 08:57:44    3.89s]: 14400   3126       2          744        15743      319075339  438        1.32e-06   4.11e+03   3.81e+04   0.01       < 0.024 0.912 >
2023-02-16 08:57:48 [02/16/23 08:57:48    3.86s]: 17280   25         0          0          19825      431465570  0          0.00e+00   5.76e-02   1.98e+04   0.01       < 0.024 0.920 >
2023-02-16 08:57:52 [02/16/23 08:57:52    3.33s]: 20160   398        1          64         20210      499630321  211        5.96e-07   7.00e+02   3.05e+04   0.01       < 0.013 0.857 >
2023-02-16 08:57:56 [02/16/23 08:57:56    4.16s]: 23040   41         0          23         22472      540972539  52         0.00e+00   4.17e-01   2.25e+04   0.01       < 0.024 0.859 >
2023-02-16 08:57:59 [02/16/23 08:57:59    3.28s]: 25920   257        0          24         22540      566046834  124        1.49e-07   1.75e+02   3.06e+04   0.01       < 0.009 0.701 >
2023-02-16 08:58:03 [02/16/23 08:58:03    4.33s]: 28800   16         0          10         24478      581254237  84         0.00e+00   1.43e+00   2.45e+04   0.01       < 0.024 0.840 >
2023-02-16 08:58:07 [02/16/23 08:58:07    3.15s]: 31680   17         1          0          24495      590478055  0          9.61e-08   4.43e+01   2.52e+04   0.01       < 0.005 0.576 >
2023-02-16 08:58:10 [02/16/23 08:58:10    3.53s]: 34560   828        0          249        26605      596071443  560        2.61e-07   4.07e+02   3.73e+04   0.01       < 0.025 0.844 >
2023-02-16 08:58:15 [02/16/23 08:58:15    4.49s]: 37440   32         0          0          27925      599464410  0          0.00e+00   3.94e-03   2.80e+04   0.01       < 0.022 0.833 >
2023-02-16 08:58:18 [02/16/23 08:58:18    3.66s]: 40320   86         0          73         29205      601522233  232        0.00e+00   2.33e+01   2.94e+04   0.01       < 0.014 0.807 >
2023-02-16 08:58:22 [02/16/23 08:58:22    3.52s]: 43200   24         0          25         29988      602770150  102        0.00e+00   1.01e+00   3.00e+04   0.01       < 0.014 0.790 >
2023-02-16 08:58:24 [02/16/23 08:58:24    2.61s]: 46080   959        3          87         30093      603527441  178        6.82e-07   7.66e+02   4.45e+04   0.01       < 0.012 0.766 >
2023-02-16 08:58:28 [02/16/23 08:58:28    3.23s]: 48960   357        0          85         31913      603986668  152        2.46e-08   9.08e+01   3.84e+04   0.01       < 0.018 0.821 >
2023-02-16 08:58:31 [02/16/23 08:58:31    3.19s]: 51840   323        3          6          32448      604265125  53         6.97e-07   5.33e+02   4.20e+04   0.01       < 0.013 0.812 >
2023-02-16 08:58:34 [02/16/23 08:58:34    3.14s]: 54720   46         0          3          34134      604433896  43         1.64e-07   9.85e+01   3.57e+04   0.02       < 0.012 0.760 >
2023-02-16 08:58:37 [02/16/23 08:58:37    3.31s]: 57600   6          0          0          34548      604536464  28         0.00e+00   1.54e-01   3.46e+04   0.02       < 0.010 0.789 >
2023-02-16 08:58:40 [02/16/23 08:58:40    2.95s]: 60480   55         0          54         35540      604598746  187        0.00e+00   1.55e+00   3.56e+04   0.02       < 0.011 0.749 >
2023-02-16 08:58:43 [02/16/23 08:58:43    2.78s]: 63360   618        0          86         35765      604636508  144        2.25e-07   3.97e+02   4.25e+04   0.02       < 0.010 0.791 >
2023-02-16 08:58:46 [02/16/23 08:58:46    3.06s]: 66240   761        0          122        37078      604659393  225        1.22e-07   2.34e+02   4.80e+04   0.02       < 0.017 0.831 >
2023-02-16 08:58:49 [02/16/23 08:58:49    3.27s]: 69120   140        2          17         38268      604673217  59         2.99e-07   3.14e+02   4.38e+04   0.02       < 0.015 0.792 >
2023-02-16 08:58:52 [02/16/23 08:58:52    3.19s]: 72000   714        1          81         39118      604681386  209        5.98e-07   6.59e+02   5.48e+04   0.02       < 0.018 0.793 >
2023-02-16 08:58:56 [02/16/23 08:58:56    3.73s]: 74880   17         0          0          40741      604686515  0          0.00e+00   1.13e-02   4.08e+04   0.02       < 0.014 0.783 >
2023-02-16 08:58:59 [02/16/23 08:58:59    2.80s]: 77760   89         1          1          40971      604689673  6          1.84e-07   1.21e+02   4.43e+04   0.02       < 0.008 0.835 >
2023-02-16 08:59:03 [02/16/23 08:59:03    3.69s]: 80640   23         1          5          42476      604691391  67         1.61e-07   9.51e+01   4.47e+04   0.02       < 0.017 0.829 >
2023-02-16 08:59:06 [02/16/23 08:59:06    3.37s]: 83520   10         0          0          42730      604692743  0          0.00e+00   5.98e-03   4.27e+04   0.02       < 0.008 0.725 >
2023-02-16 08:59:09 [02/16/23 08:59:09    3.01s]: 86400   139        0          121        44025      604693313  286        0.00e+00   7.95e+00   4.43e+04   0.02       < 0.013 0.809 >
2023-02-16 08:59:13 [02/16/23 08:59:13    3.70s]: 89280   9          0          2          44567      604693834  45         0.00e+00   2.29e-01   4.46e+04   0.02       < 0.015 0.776 >
2023-02-16 08:59:15 [02/16/23 08:59:15    2.55s]: 92160   495        1          60         44624      604694086  208        3.86e-07   4.80e+02   5.94e+04   0.02       < 0.010 0.703 >
2023-02-16 08:59:19 [02/16/23 08:59:19    3.33s]: 95040   175        0          72         45888      604694175  87         0.00e+00   3.50e+00   4.61e+04   0.02       < 0.018 0.845 >
2023-02-16 08:59:21 [02/16/23 08:59:21    2.80s]: 97920   8          0          0          46133      604694474  0          0.00e+00   3.29e-05   4.61e+04   0.02       < 0.004 0.592 >
2023-02-16 08:59:24 [02/16/23 08:59:24    2.91s]: 100800  243        0          140        47155      604694246  390        1.90e-10   2.29e+01   5.04e+04   0.02       < 0.018 0.876 >
2023-02-16 08:59:28 [02/16/23 08:59:28    3.38s]: 103680  37         0          0          47555      604694558  0          0.00e+00   2.19e-04   4.76e+04   0.02       < 0.012 0.800 >
2023-02-16 08:59:31 [02/16/23 08:59:31    3.13s]: 106560  39         0          43         48525      604694393  168        0.00e+00   9.13e+00   4.86e+04   0.02       < 0.014 0.812 >
2023-02-16 08:59:35 [02/16/23 08:59:35    3.91s]: 109440  18         0          9          50172      604694411  56         0.00e+00   3.49e-01   5.02e+04   0.02       < 0.016 0.798 >
2023-02-16 08:59:38 [02/16/23 08:59:38    2.86s]: 112320  460        0          95         50371      604694478  189        3.82e-09   4.59e+01   5.78e+04   0.02       < 0.010 0.688 >
2023-02-16 08:59:41 [02/16/23 08:59:41    3.45s]: 115200  81         0          59         51619      604694480  117        0.00e+00   7.91e-01   5.18e+04   0.02       < 0.018 0.854 >
2023-02-16 08:59:44 [02/16/23 08:59:44    3.03s]: 118080  384        0          139        52092      604694498  206        7.01e-10   1.04e+02   5.69e+04   0.02       < 0.009 0.817 >
2023-02-16 08:59:47 [02/16/23 08:59:47    3.26s]: 120960  24         0          16         53250      604694549  70         0.00e+00   4.00e-01   5.33e+04   0.02       < 0.018 0.849 >
2023-02-16 08:59:50 [02/16/23 08:59:50    3.06s]: 123840  19         0          17         53357      604694590  178        5.79e-12   9.00e+00   5.34e+04   0.02       < 0.008 0.734 >
2023-02-16 08:59:54 [02/16/23 08:59:54    3.24s]: 126720  827        0          364        54896      604694274  456        1.08e-09   5.92e+01   5.98e+04   0.02       < 0.019 0.866 >
2023-02-16 08:59:57 [02/16/23 08:59:57    3.33s]: 129600  9          0          0          56145      604694568  0          0.00e+00   5.72e-04   5.62e+04   0.02       < 0.013 0.814 >
2023-02-16 08:59:59 [02/16/23 08:59:59    2.33s]: 132480  996        0          196        56368      604694507  260        1.70e-07   2.80e+02   7.32e+04   0.03       < 0.012 0.726 >
2023-02-16 09:00:03 [02/16/23 09:00:03    3.68s]: 135360  21         0          0          57981      604694551  0          0.00e+00   2.23e-02   5.80e+04   0.03       < 0.017 0.849 >
2023-02-16 09:00:06 [02/16/23 09:00:06    2.80s]: 138240  606        0          109        58206      604694546  210        1.45e-07   2.78e+02   6.91e+04   0.03       < 0.010 0.736 >
2023-02-16 09:00:09 [02/16/23 09:00:09    3.03s]: 141120  48         0          0          59235      604694640  0          0.00e+00   2.69e-03   5.93e+04   0.03       < 0.013 0.800 >
2023-02-16 09:00:11 [02/16/23 09:00:11    2.62s]: 144000  1445       1          222        59576      604694509  295        5.98e-07   9.84e+02   7.87e+04   0.03       < 0.012 0.737 >
2023-02-16 09:00:11 [02/16/23 09:00:11    0.01s]: 144004  1444       1          220        59584      604694509  299        5.83e-07   9.73e+02   7.87e+04   0.03       < 0.012 0.737 >
2023-02-16 09:00:11  ---  main.cpp:generate tcells took  avg 0.01 s max 0.01 s balance 0.87  --- 
2023-02-16 09:00:11  ---  main.cpp:update circulating tcells took  avg 46.32 s max 49.62 s balance 0.93  --- 
2023-02-16 09:00:11  ---  main.cpp:update tcells took  avg 2.64 s max 2.97 s balance 0.89  --- 
2023-02-16 09:00:11  ---  main.cpp:update epicells took  avg 4.37 s max 4.59 s balance 0.95  --- 
2023-02-16 09:00:11  ---  main.cpp:update concentrations took  avg 11.96 s max 12.48 s balance 0.96  --- 
2023-02-16 09:00:11  ---  main.cpp:compute updates took  avg 98.34 s max 98.36 s balance 1.00  --- 
2023-02-16 09:00:11  ---  main.cpp:dispatch updates took  avg 27.82 s max 30.49 s balance 0.91  --- 
2023-02-16 09:00:11  ---  main.cpp:add new actives took  avg 2.06 s max 2.29 s balance 0.90  --- 
2023-02-16 09:00:11  ---  main.cpp:erase inactive took  avg 8.19 s max 8.57 s balance 0.96  --- 
2023-02-16 09:00:11  ---  main.cpp:sample took  avg 0.00 s max 0.00 s balance -nan  --- 
2023-02-16 09:00:11  ---  main.cpp:sample write took  avg 0.00 s max 0.00 s balance -nan  --- 
2023-02-16 09:00:11  ---  main.cpp:log took  avg 6.00 s max 6.03 s balance 1.00  --- 
2023-02-16 09:00:11 Finished 144005 time steps in 157.0870 s (0.0011 s per step)
2023-02-16 09:00:11  --- Elapsed time for main.cpp:run_sim:  (exiting barrier) 2023-02-16 09:00:11 ...
2023-02-16 09:00:11           ... (min/my/avg/max, bal) (157.09/157.09/157.09/157.09 s, 1.00) barrier(0.00 s) --- 
2023-02-16 09:00:12 Peak memory used across all nodes: 21.90GB
2023-02-16 09:00:12 Finished in 161.16 s at 02/16/23 09:00:12 for SimCov version 0.1.1.8024051-dirty
