2023-02-16 14:19:57 SimCov version SimCov version 0.1.1.8024051-dirty-master built on 20230216_082905
2023-02-16 14:19:57 _________________________
2023-02-16 14:19:57 Compiler definitions:
2023-02-16 14:19:57   _XOPEN_SOURCE=700
2023-02-16 14:19:57   CONFIG_USE_COLORS
2023-02-16 14:19:57   USE_BYTELL
2023-02-16 14:19:57   MAX_VIRIONS=125000
2023-02-16 14:19:57   MIN_VIRIONS=1e-10
2023-02-16 14:19:57   BLOCK_PARTITION
2023-02-16 14:19:57   MIN_BLOCKS_PER_PROC=1
2023-02-16 14:19:57   AVERAGE_SUBSAMPLE
2023-02-16 14:19:57 _________________________
2023-02-16 14:19:57 Options:
2023-02-16 14:19:57   dim =                         15000 15000 1
2023-02-16 14:19:57   whole-lung-dim =              48000 40000 20000
2023-02-16 14:19:57   timesteps =                   144005
2023-02-16 14:19:57   infection-coords =            uniform:1
2023-02-16 14:19:57   initial-infection =           999
2023-02-16 14:19:57   incubation-period =           1200
2023-02-16 14:19:57   apoptosis-period =            180
2023-02-16 14:19:57   expressing-period =           900
2023-02-16 14:19:57   infectivity =                 0.1
2023-02-16 14:19:57   infectivity-multiplier =      1.0
2023-02-16 14:19:57   virion-production =           1.1
2023-02-16 14:19:57   virion-production-multiplier = 1.0
2023-02-16 14:19:57   virion-clearance =            0.004
2023-02-16 14:19:57   virion-diffusion =            0.15
2023-02-16 14:19:57   chemokine-production =        1.0
2023-02-16 14:19:57   chemokine-decay =             0.01
2023-02-16 14:19:57   chemokine-diffusion =         1.0
2023-02-16 14:19:57   min-chemokine =               1e-06
2023-02-16 14:19:57   antibody-factor =             1
2023-02-16 14:19:57   antibody-period =             5760
2023-02-16 14:19:57   tcell-generation-rate =       105000
2023-02-16 14:19:57   tcell-initial-delay =         10080
2023-02-16 14:19:57   tcell-vascular-period =       5760
2023-02-16 14:19:57   tcell-tissue-period =         1440
2023-02-16 14:19:57   tcell-binding-period =        10
2023-02-16 14:19:57   max-binding-prob =            1
2023-02-16 14:19:57   tcells-follow-gradient =      false
2023-02-16 14:19:57   seed =                        9
2023-02-16 14:19:57   sample-period =               0
2023-02-16 14:19:57   sample-resolution =           1
2023-02-16 14:19:57   max-block-dim =               10
2023-02-16 14:19:57   output =                      exp_results/per_1200_inf_0.1/init_999/9
2023-02-16 14:19:57 _________________________
2023-02-16 14:19:57 Starting run with 64 processes on 2 nodes at 02/16/23 14:19:57
2023-02-16 14:19:57 Pinned processes, with process 0 (pid 3867543) pinned to core 0
2023-02-16 14:19:57 Using block partitioning
2023-02-16 14:19:57 Initial free memory across all nodes: 151.87GB
2023-02-16 14:19:57 Starting with 76.21GB free on node 0
2023-02-16 14:19:57 Dividing 225000000 grid points into 3515625 squares of size 64 (8^2), with 54932 per process
2023-02-16 14:19:57 Total initial memory required per process is at least 281.63MB with each grid point requiring on average 84 bytes
2023-02-16 14:20:00  --- Elapsed time for tissue.cpp:Tissue:  (exiting barrier) 2023-02-16 14:20:00 ...
2023-02-16 14:20:00           ... (min/my/avg/max, bal) (3.43/3.43/3.43/3.43 s, 1.00) barrier(0.00 s) --- 
2023-02-16 14:20:00 Memory used on node 0 after initialization is  10.90GB
2023-02-16 14:20:00           ... (min/my/avg/max, bal) No-Time barrier(0.00 s) --- 
2023-02-16 14:20:00 Fraction of circulating T cells extravasating is 5.85938e-06
2023-02-16 14:20:00 # datetime                    step    incb       expr       apop       dead       tvas       ttis       chem       virs       chempts    %infct     <%active  lbln>
2023-02-16 14:20:00 [0] <main.cpp:141> WARNING: Time step 0: SUCCESSFUL initial infection at (7500, 7500, 0) after 0 tries
2023-02-16 14:20:00 [02/16/23 14:20:00    0.00s]: 0       1          0          0          0          0          0          0.00e+00   0.00e+00   1.00e+00   0.00       < 0.000 0.016 >
2023-02-16 14:20:02 [02/16/23 14:20:02    1.34s]: 2880    5132       1675       0          1137       0          0          1.74e-05   2.81e+05   2.71e+04   0.00       < 0.012 0.826 >
2023-02-16 14:20:05 [02/16/23 14:20:05    3.05s]: 5760    9705       6642       0          12044      0          0          6.31e-05   1.80e+06   6.21e+04   0.01       < 0.028 0.898 >
2023-02-16 14:20:10 [02/16/23 14:20:10    5.26s]: 8640    15643      9817       0          36299      0          0          9.88e-05   2.57e+06   1.08e+05   0.03       < 0.048 0.938 >
2023-02-16 14:20:19 [02/16/23 14:20:19    8.54s]: 11520   19148      12802      1182       74542      133767952  369        1.39e-04   3.64e+06   1.68e+05   0.05       < 0.074 0.943 >
2023-02-16 14:20:32 [02/16/23 14:20:32   13.07s]: 14400   15094      4181       3827       138359     319073172  1939       1.30e-04   1.71e+06   2.32e+05   0.07       < 0.102 0.969 >
2023-02-16 14:20:50 [02/16/23 14:20:50   17.87s]: 17280   11597      534        3800       202108     431459752  3140       6.13e-05   3.20e+05   2.99e+05   0.10       < 0.124 0.963 >
2023-02-16 14:21:11 [02/16/23 14:21:11   21.46s]: 20160   9361       130        3635       261308     499621086  3876       2.80e-05   8.09e+04   3.63e+05   0.12       < 0.138 0.958 >
2023-02-16 14:21:34 [02/16/23 14:21:34   22.86s]: 23040   3153       22         1851       308434     540961119  3557       5.71e-06   1.21e+04   3.76e+05   0.14       < 0.138 0.953 >
2023-02-16 14:21:55 [02/16/23 14:21:55   20.91s]: 25920   2877       57         1359       333322     566036060  2352       6.89e-06   3.23e+04   3.79e+05   0.15       < 0.127 0.945 >
2023-02-16 14:22:13 [02/16/23 14:22:13   18.25s]: 28800   5669       197        2430       355073     581244426  2832       1.33e-05   5.55e+04   4.38e+05   0.16       < 0.113 0.929 >
2023-02-16 14:22:33 [02/16/23 14:22:33   19.73s]: 31680   3281       43         1741       391963     590466956  2979       4.32e-06   1.70e+04   4.62e+05   0.18       < 0.128 0.931 >
2023-02-16 14:22:52 [02/16/23 14:22:52   18.85s]: 34560   4305       58         1411       411567     596062427  1959       4.52e-06   1.38e+04   4.84e+05   0.19       < 0.121 0.962 >
2023-02-16 14:23:11 [02/16/23 14:23:11   19.84s]: 37440   5656       53         2280       443229     599454349  3290       8.19e-06   2.27e+04   5.36e+05   0.20       < 0.128 0.915 >
2023-02-16 14:23:35 [02/16/23 14:23:35   23.16s]: 40320   4417       23         1956       480146     601511219  3373       6.21e-06   2.02e+04   5.60e+05   0.22       < 0.154 0.942 >
2023-02-16 14:23:58 [02/16/23 14:23:58   23.42s]: 43200   5455       31         1985       506516     602759649  2799       4.07e-06   1.41e+04   5.82e+05   0.23       < 0.154 0.949 >
2023-02-16 14:24:24 [02/16/23 14:24:24   25.64s]: 46080   5382       192        2683       547855     603515155  4362       1.25e-05   4.98e+04   6.52e+05   0.25       < 0.169 0.957 >
2023-02-16 14:24:51 [02/16/23 14:24:51   27.73s]: 48960   4175       65         1633       583747     603973871  3180       4.92e-06   2.25e+04   6.52e+05   0.26       < 0.175 0.954 >
2023-02-16 14:25:19 [02/16/23 14:25:19   27.18s]: 51840   5072       57         2372       614742     604252417  3781       9.36e-06   2.47e+04   7.11e+05   0.28       < 0.169 0.920 >
2023-02-16 14:25:45 [02/16/23 14:25:45   26.30s]: 54720   7510       9          3033       649210     604421353  3380       4.27e-06   1.63e+04   7.60e+05   0.29       < 0.163 0.951 >
2023-02-16 14:26:15 [02/16/23 14:26:15   30.05s]: 57600   6951       25         2721       697840     604521778  4945       9.59e-06   2.83e+04   8.14e+05   0.31       < 0.193 0.932 >
2023-02-16 14:26:48 [02/16/23 14:26:48   32.83s]: 60480   7605       196        2865       738717     604583683  4341       1.40e-05   4.56e+04   8.74e+05   0.33       < 0.204 0.954 >
2023-02-16 14:27:25 [02/16/23 14:27:25   37.02s]: 63360   3774       10         1896       792419     604619530  4548       6.05e-06   1.52e+04   8.73e+05   0.35       < 0.225 0.965 >
2023-02-16 14:28:04 [02/16/23 14:28:04   39.10s]: 66240   8982       205        3815       831292     604641917  5448       2.31e-05   1.21e+05   9.71e+05   0.38       < 0.236 0.932 >
2023-02-16 14:28:49 [02/16/23 14:28:49   44.66s]: 69120   6012       150        3125       888305     604654117  5156       1.15e-05   3.89e+04   9.90e+05   0.40       < 0.261 0.964 >
2023-02-16 14:29:35 [02/16/23 14:29:35   46.34s]: 72000   8612       49         3566       940818     604661462  5435       1.23e-05   5.06e+04   1.08e+06   0.42       < 0.261 0.954 >
2023-02-16 14:30:21 [02/16/23 14:30:21   46.38s]: 74880   8070       184        2921       993301     604666226  5297       1.44e-05   5.15e+04   1.11e+06   0.45       < 0.257 0.954 >
2023-02-16 14:31:08 [02/16/23 14:31:08   46.95s]: 77760   11457      124        4661       1054394    604668029  6576       1.50e-05   6.41e+04   1.24e+06   0.48       < 0.268 0.934 >
2023-02-16 14:32:01 [02/16/23 14:32:01   52.97s]: 80640   7466       87         3423       1124879    604668176  6235       1.04e-05   2.99e+04   1.27e+06   0.50       < 0.283 0.952 >
2023-02-16 14:32:55 [02/16/23 14:32:55   53.72s]: 83520   7961       75         3619       1180166    604669086  6286       1.01e-05   3.87e+04   1.33e+06   0.53       < 0.293 0.965 >
2023-02-16 14:33:49 [02/16/23 14:33:49   54.47s]: 86400   9040       238        4198       1238398    604669989  5925       2.25e-05   1.11e+05   1.39e+06   0.56       < 0.300 0.972 >
2023-02-16 14:34:46 [02/16/23 14:34:46   56.60s]: 89280   6458       126        3418       1302264    604669607  6027       1.28e-05   4.99e+04   1.43e+06   0.58       < 0.305 0.957 >
2023-02-16 14:35:44 [02/16/23 14:35:44   58.23s]: 92160   10433      49         4607       1363468    604669578  6306       9.16e-06   3.72e+04   1.51e+06   0.61       < 0.312 0.956 >
2023-02-16 14:36:45 [02/16/23 14:36:45   60.53s]: 95040   12082      152        5121       1435628    604668335  7319       2.24e-05   8.94e+04   1.62e+06   0.65       < 0.333 0.976 >
2023-02-16 14:37:49 [02/16/23 14:37:49   64.63s]: 97920   7263       125        3367       1507949    604667306  7432       1.44e-05   4.02e+04   1.63e+06   0.67       < 0.339 0.969 >
2023-02-16 14:38:52 [02/16/23 14:38:52   62.17s]: 100800  10924      369        4547       1559339    604669203  6013       2.75e-05   1.13e+05   1.74e+06   0.70       < 0.335 0.944 >
2023-02-16 14:39:56 [02/16/23 14:39:56   64.81s]: 103680  9283       28         4136       1635309    604666499  8042       9.73e-06   3.51e+04   1.79e+06   0.73       < 0.336 0.951 >
2023-02-16 14:41:04 [02/16/23 14:41:04   67.23s]: 106560  12853      93         4854       1696149    604666723  7269       1.61e-05   4.92e+04   1.90e+06   0.76       < 0.365 0.940 >
2023-02-16 14:42:14 [02/16/23 14:42:14   70.03s]: 109440  8395       175        4247       1771205    604665763  7868       2.41e-05   8.29e+04   1.94e+06   0.79       < 0.370 0.956 >
2023-02-16 14:43:24 [02/16/23 14:43:24   70.67s]: 112320  11885      101        4718       1836570    604665599  7091       1.24e-05   3.49e+04   2.00e+06   0.82       < 0.374 0.977 >
2023-02-16 14:44:37 [02/16/23 14:44:37   72.38s]: 115200  12264      150        5296       1919492    604663797  8972       1.80e-05   6.49e+04   2.12e+06   0.86       < 0.376 0.974 >
2023-02-16 14:45:49 [02/16/23 14:45:49   72.68s]: 118080  9611       257        3841       1995275    604664323  7244       2.07e-05   8.75e+04   2.17e+06   0.89       < 0.392 0.961 >
2023-02-16 14:47:00 [02/16/23 14:47:00   70.30s]: 120960  9735       179        4343       2065758    604665212  7368       1.50e-05   7.39e+04   2.23e+06   0.92       < 0.363 0.967 >
2023-02-16 14:48:09 [02/16/23 14:48:09   69.14s]: 123840  10277      154        4390       2137833    604665337  6962       1.71e-05   8.73e+04   2.29e+06   0.96       < 0.372 0.970 >
2023-02-16 14:49:21 [02/16/23 14:49:21   72.05s]: 126720  12664      111        5128       2212518    604664351  8264       2.27e-05   8.53e+04   2.42e+06   0.99       < 0.384 0.963 >
2023-02-16 14:50:37 [02/16/23 14:50:37   75.95s]: 129600  10199      153        4467       2290913    604663354  8164       1.70e-05   6.43e+04   2.47e+06   1.02       < 0.404 0.957 >
2023-02-16 14:51:54 [02/16/23 14:51:54   77.47s]: 132480  14481      177        5624       2362514    604663640  7958       2.31e-05   6.94e+04   2.58e+06   1.06       < 0.404 0.974 >
2023-02-16 14:53:20 [02/16/23 14:53:20   85.61s]: 135360  11286      183        5809       2469368    604658679  10887      2.19e-05   8.91e+04   2.68e+06   1.11       < 0.452 0.973 >
2023-02-16 14:54:48 [02/16/23 14:54:48   88.32s]: 138240  13839      406        4625       2539944    604661067  7595       2.65e-05   1.44e+05   2.73e+06   1.14       < 0.451 0.958 >
2023-02-16 14:56:16 [02/16/23 14:56:16   88.04s]: 141120  13434      321        6489       2642466    604658333  10727      3.06e-05   1.17e+05   2.88e+06   1.18       < 0.446 0.977 >
2023-02-16 14:57:49 [02/16/23 14:57:49   92.34s]: 144000  11513      157        5947       2738942    604656695  10528      1.78e-05   5.20e+04   2.94e+06   1.23       < 0.470 0.966 >
2023-02-16 14:57:49 [02/16/23 14:57:49    0.13s]: 144004  11455      160        5943       2739081    604656684  10534      1.80e-05   5.23e+04   2.94e+06   1.23       < 0.470 0.965 >
2023-02-16 14:57:49  ---  main.cpp:generate tcells took  avg 0.04 s max 0.05 s balance 0.76  --- 
2023-02-16 14:57:49  ---  main.cpp:update circulating tcells took  avg 53.96 s max 57.07 s balance 0.95  --- 
2023-02-16 14:57:49  ---  main.cpp:update tcells took  avg 114.55 s max 125.99 s balance 0.91  --- 
2023-02-16 14:57:49  ---  main.cpp:update epicells took  avg 73.84 s max 75.75 s balance 0.97  --- 
2023-02-16 14:57:49  ---  main.cpp:update concentrations took  avg 480.30 s max 501.59 s balance 0.96  --- 
2023-02-16 14:57:49  ---  main.cpp:compute updates took  avg 1313.55 s max 1313.58 s balance 1.00  --- 
2023-02-16 14:57:49  ---  main.cpp:dispatch updates took  avg 549.44 s max 593.28 s balance 0.93  --- 
2023-02-16 14:57:49  ---  main.cpp:add new actives took  avg 31.01 s max 33.09 s balance 0.94  --- 
2023-02-16 14:57:49  ---  main.cpp:erase inactive took  avg 259.13 s max 265.54 s balance 0.98  --- 
2023-02-16 14:57:49  ---  main.cpp:sample took  avg 0.00 s max 0.00 s balance -nan  --- 
2023-02-16 14:57:49  ---  main.cpp:sample write took  avg 0.00 s max 0.00 s balance -nan  --- 
2023-02-16 14:57:49  ---  main.cpp:log took  avg 10.71 s max 10.78 s balance 0.99  --- 
2023-02-16 14:57:49 Finished 144005 time steps in 2268.2509 s (0.0158 s per step)
2023-02-16 14:57:49  --- Elapsed time for main.cpp:run_sim:  (exiting barrier) 2023-02-16 14:57:49 ...
2023-02-16 14:57:49           ... (min/my/avg/max, bal) (2268.25/2268.25/2268.25/2268.25 s, 1.00) barrier(0.00 s) --- 
2023-02-16 14:57:49 Peak memory used across all nodes: 22.48GB
2023-02-16 14:57:49 Finished in 2272.19 s at 02/16/23 14:57:49 for SimCov version 0.1.1.8024051-dirty
