2023-02-14 06:05:45 SimCov version SimCov version 0.1.1.9cc77ef-dirty-branching_airways_3min_model built on 20230204_191356
2023-02-14 06:05:45 _________________________
2023-02-14 06:05:45 Compiler definitions:
2023-02-14 06:05:45   _XOPEN_SOURCE=700
2023-02-14 06:05:45   CONFIG_USE_COLORS
2023-02-14 06:05:45   USE_BYTELL
2023-02-14 06:05:45   MAX_VIRIONS=125000
2023-02-14 06:05:45   MIN_VIRIONS=1e-10
2023-02-14 06:05:45   BLOCK_PARTITION
2023-02-14 06:05:45   MIN_BLOCKS_PER_PROC=1
2023-02-14 06:05:45   AVERAGE_SUBSAMPLE
2023-02-14 06:05:45 _________________________
2023-02-14 06:05:45 Options:
2023-02-14 06:05:45   dim =                         15000 15000 1
2023-02-14 06:05:45   whole-lung-dim =              48000 40000 20000
2023-02-14 06:05:45   timesteps =                   216005
2023-02-14 06:05:45   infection-coords =            uniform:1
2023-02-14 06:05:45   initial-infection =           1000
2023-02-14 06:05:45   incubation-period =           1200
2023-02-14 06:05:45   apoptosis-period =            180
2023-02-14 06:05:45   expressing-period =           900
2023-02-14 06:05:45   infectivity =                 0.1
2023-02-14 06:05:45   infectivity-multiplier =      1.0
2023-02-14 06:05:45   virion-production =           1.1
2023-02-14 06:05:45   virion-production-multiplier = 1.0
2023-02-14 06:05:45   virion-clearance =            0.004
2023-02-14 06:05:45   virion-diffusion =            0.15
2023-02-14 06:05:45   chemokine-production =        1.0
2023-02-14 06:05:45   chemokine-decay =             0.01
2023-02-14 06:05:45   chemokine-diffusion =         1.0
2023-02-14 06:05:45   min-chemokine =               1e-06
2023-02-14 06:05:45   antibody-factor =             1
2023-02-14 06:05:45   antibody-period =             5760
2023-02-14 06:05:45   tcell-generation-rate =       105000
2023-02-14 06:05:45   tcell-initial-delay =         10080
2023-02-14 06:05:45   tcell-vascular-period =       5760
2023-02-14 06:05:45   tcell-tissue-period =         1440
2023-02-14 06:05:45   tcell-binding-period =        10
2023-02-14 06:05:45   max-binding-prob =            1
2023-02-14 06:05:45   tcells-follow-gradient =      false
2023-02-14 06:05:45   seed =                        3
2023-02-14 06:05:45   sample-period =               0
2023-02-14 06:05:45   sample-resolution =           1
2023-02-14 06:05:45   max-block-dim =               10
2023-02-14 06:05:45   output =                      exp_results/per_1200_inf_0.1/init_1000/3
2023-02-14 06:05:45 _________________________
2023-02-14 06:05:45 Starting run with 64 processes on 2 nodes at 02/14/23 06:05:45
2023-02-14 06:05:45 Pinned processes, with process 0 (pid 3801036) pinned to core 0
2023-02-14 06:05:45 Using block partitioning
2023-02-14 06:05:45 Initial free memory across all nodes: 152.27GB
2023-02-14 06:05:45 Starting with 76.31GB free on node 0
2023-02-14 06:05:45 Dividing 225000000 grid points into 3515625 squares of size 64 (8^2), with 54932 per process
2023-02-14 06:05:45 Total initial memory required per process is at least 308.46MB with each grid point requiring on average 92 bytes
2023-02-14 06:05:48  --- Elapsed time for tissue.cpp:Tissue:  (exiting barrier) 2023-02-14 06:05:48 ...
2023-02-14 06:05:48           ... (min/my/avg/max, bal) (3.44/3.44/3.44/3.44 s, 1.00) barrier(0.00 s) --- 
2023-02-14 06:05:48 Memory used on node 0 after initialization is  11.74GB
2023-02-14 06:05:48           ... (min/my/avg/max, bal) No-Time barrier(0.00 s) --- 
2023-02-14 06:05:48 Fraction of circulating T cells extravasating is 5.85938e-06
2023-02-14 06:05:48 # datetime                    step    incb       expr       apop       dead       tvas       ttis       inflcell   inflallvirs%infct     <%active  lbln>
2023-02-14 06:05:48 [0] <main.cpp:145> WARNING: Time step 0: SUCCESSFUL initial infection at (7500, 7500, 0) after 0 tries
2023-02-14 06:05:48 [02/14/23 06:05:48    0.00s]: 0       1          0          0          0          0          0          0          0          0.00e+00   0.0000004444< 0.000 0.016 >
2023-02-14 06:05:51 [02/14/23 06:05:51    2.53s]: 4320    8393       3409       0          5425       0          0          44757      44757      1.03e+06   0.0076564444< 0.020 0.846 >
2023-02-14 06:05:57 [02/14/23 06:05:57    6.99s]: 8640    16315      9534       0          36844      0          0          109509     109509     2.49e+06   0.0278635556< 0.049 0.937 >
2023-02-14 06:06:12 [02/14/23 06:06:12   14.68s]: 12960   17000      8005       3069       108062     237943477  1192       202041     202041     2.67e+06   0.0605048889< 0.090 0.956 >
2023-02-14 06:06:38 [02/14/23 06:06:38   25.41s]: 17280   11584      788        3927       205411     431459298  3290       303192     303192     4.12e+05   0.0985377778< 0.126 0.969 >
2023-02-14 06:07:11 [02/14/23 06:07:11   33.03s]: 21600   5867       64         2945       290126     522861332  4123       389261     389261     2.99e+04   0.1328897778< 0.140 0.976 >
2023-02-14 06:07:42 [02/14/23 06:07:42   31.63s]: 25920   2991       24         910        332972     566036620  1587       441100     441100     1.45e+04   0.1497320000< 0.128 0.931 >
2023-02-14 06:08:10 [02/14/23 06:08:10   27.65s]: 30240   4772       153        2148       375373     586429540  3274       511156     511156     6.61e+04   0.1699760000< 0.124 0.899 >
2023-02-14 06:08:44 [02/14/23 06:08:44   34.18s]: 34560   3516       56         1500       428610     596060447  3193       573518     573518     2.35e+04   0.1927475556< 0.149 0.940 >
2023-02-14 06:09:20 [02/14/23 06:09:20   35.74s]: 38880   6665       73         2707       476417     600609659  3724       641931     641931     4.09e+04   0.2159386667< 0.156 0.959 >
2023-02-14 06:09:58 [02/14/23 06:09:58   38.56s]: 43200   6110       74         2086       531033     602758079  3226       711981     711981     3.71e+04   0.2396902222< 0.167 0.956 >
2023-02-14 06:10:38 [02/14/23 06:10:38   40.11s]: 47520   4531       16         2030       590610     603772154  3695       794053     794053     8.95e+03   0.2654164444< 0.162 0.948 >
2023-02-14 06:11:16 [02/14/23 06:11:16   37.99s]: 51840   5778       49         2337       633922     604252411  3070       855239     855239     3.35e+04   0.2853715556< 0.160 0.935 >
2023-02-14 06:11:58 [02/14/23 06:11:58   41.43s]: 56160   4925       29         2000       692451     604477450  4316       943164     943164     1.81e+04   0.3108466667< 0.187 0.949 >
2023-02-14 06:12:44 [02/14/23 06:12:44   46.58s]: 60480   8356       145        3580       741549     604584350  4622       1020243    1020243    8.54e+04   0.3349466667< 0.194 0.952 >
2023-02-14 06:13:41 [02/14/23 06:13:41   56.14s]: 64800   6067       13         2563       824886     604631614  4798       1120251    1120251    1.30e+04   0.3704573333< 0.226 0.965 >
2023-02-14 06:14:42 [02/14/23 06:14:42   61.36s]: 69120   9028       66         4270       898550     604653607  6207       1222724    1222724    4.42e+04   0.4052951111< 0.242 0.954 >
2023-02-14 06:15:50 [02/14/23 06:15:50   68.41s]: 73440   7674       53         3012       977170     604664694  4817       1317419    1317419    6.04e+04   0.4390706667< 0.263 0.963 >
2023-02-14 06:17:04 [02/14/23 06:17:04   73.19s]: 77760   6766       80         3168       1062517    604668499  5488       1412526    1412526    4.64e+04   0.4766804444< 0.270 0.950 >
2023-02-14 06:18:19 [02/14/23 06:18:19   75.56s]: 82080   6645       101        3231       1140399    604670510  5694       1520934    1520934    4.89e+04   0.5112782222< 0.266 0.965 >
2023-02-14 06:19:32 [02/14/23 06:19:32   72.62s]: 86400   9734       135        4412       1221679    604671643  6595       1649158    1649158    8.96e+04   0.5493155556< 0.266 0.949 >
2023-02-14 06:20:55 [02/14/23 06:20:55   83.09s]: 90720   9621       75         4203       1321816    604670206  6541       1779923    1779923    2.78e+04   0.5936511111< 0.307 0.971 >
2023-02-14 06:22:23 [02/14/23 06:22:23   87.66s]: 95040   10121      17         4613       1421558    604669024  6945       1922339    1922339    3.09e+04   0.6383595556< 0.312 0.962 >
2023-02-14 06:23:57 [02/14/23 06:23:57   94.88s]: 99360   10184      88         4856       1528006    604666872  7647       2055666    2055666    3.18e+04   0.6858373333< 0.343 0.962 >
2023-02-14 06:25:35 [02/14/23 06:25:35   97.95s]: 103680  12537      128        4805       1624027    604667620  6968       2182399    2182399    1.12e+05   0.7295542222< 0.333 0.968 >
2023-02-14 06:27:24 [02/14/23 06:27:24  108.51s]: 108000  9945       181        4820       1761333    604663194  7968       2334717    2334717    8.63e+04   0.7894573333< 0.397 0.953 >
2023-02-14 06:29:21 [02/14/23 06:29:21  116.76s]: 112320  8197       156        4097       1878837    604662518  8348       2462406    2462406    3.01e+04   0.8405720000< 0.403 0.963 >
2023-02-14 06:31:25 [02/14/23 06:31:25  124.10s]: 116640  13479      35         6198       2006314    604660618  10351      2625269    2625269    4.15e+04   0.9004560000< 0.421 0.964 >
2023-02-14 06:33:33 [02/14/23 06:33:33  128.10s]: 120960  12859      145        5003       2119432    604661684  7498       2755883    2755883    3.47e+04   0.9499728889< 0.424 0.977 >
2023-02-14 06:35:41 [02/14/23 06:35:41  128.40s]: 125280  14237      159        6587       2264528    604658352  10900      2913814    2913814    7.26e+04   1.0157826667< 0.450 0.955 >
2023-02-14 06:37:59 [02/14/23 06:37:59  137.35s]: 129600  9217       210        4586       2388270    604659068  8493       3045035    3045035    6.82e+04   1.0676813333< 0.450 0.961 >
2023-02-14 06:40:08 [02/14/23 06:40:08  129.50s]: 133920  12140      92         5562       2509585    604659927  9414       3204325    3204325    4.85e+04   1.1232795556< 0.433 0.945 >
2023-02-14 06:42:15 [02/14/23 06:42:15  126.98s]: 138240  14474      126        5229       2628735    604660471  8725       3350153    3350153    7.99e+04   1.1771395556< 0.426 0.976 >
2023-02-14 06:44:22 [02/14/23 06:44:22  127.46s]: 142560  8855       133        4259       2757807    604659432  8882       3493186    3493186    3.82e+04   1.2315795556< 0.428 0.964 >
2023-02-14 06:46:32 [02/14/23 06:46:32  129.97s]: 146880  15039      104        6309       2879021    604658974  10291      3657180    3657180    9.02e+04   1.2890991111< 0.440 0.953 >
2023-02-14 06:48:50 [02/14/23 06:48:50  137.56s]: 151200  15930      318        6550       3016815    604657723  9770       3844292    3844292    1.32e+05   1.3509391111< 0.485 0.971 >
2023-02-14 06:51:24 [02/14/23 06:51:24  153.58s]: 155520  9063       25         3981       3169373    604656403  7593       3997465    3997465    2.40e+04   1.4144186667< 0.509 0.978 >
2023-02-14 06:53:48 [02/14/23 06:53:48  144.76s]: 159840  15974      333        7490       3317122    604655075  11683      4196909    4196909    1.76e+05   1.4848528889< 0.473 0.977 >
2023-02-14 06:56:13 [02/14/23 06:56:13  144.36s]: 164160  13715      192        5503       3449619    604656895  8470       4358591    4358591    4.31e+04   1.5417906667< 0.476 0.976 >
2023-02-14 06:58:41 [02/14/23 06:58:41  147.99s]: 168480  13824      170        7021       3614809    604653547  11710      4572809    4572809    8.13e+04   1.6159217778< 0.514 0.979 >
2023-02-14 07:01:15 [02/14/23 07:01:15  154.64s]: 172800  17180      245        6981       3749350    604654715  10271      4760966    4760966    1.04e+05   1.6772248889< 0.513 0.975 >
2023-02-14 07:04:10 [02/14/23 07:04:10  175.03s]: 177120  13813      137        6666       3934617    604650527  11563      5002892    5002892    7.20e+04   1.7578813333< 0.573 0.971 >
2023-02-14 07:07:17 [02/14/23 07:07:17  186.42s]: 181440  23001      273        8907       4103331    604648806  12583      5230316    5230316    1.63e+05   1.8380053333< 0.579 0.970 >
2023-02-14 07:10:32 [02/14/23 07:10:32  195.37s]: 185760  17544      338        6420       4294245    604647255  10969      5436448    5436448    1.38e+05   1.9193542222< 0.613 0.969 >
2023-02-14 07:13:52 [02/14/23 07:13:52  199.87s]: 190080  13160      164        6205       4482800    604645539  11647      5655569    5655569    7.41e+04   2.0010351111< 0.607 0.974 >
2023-02-14 07:17:09 [02/14/23 07:17:09  196.81s]: 194400  23763      290        10278      4665645    604644605  14254      5924148    5924148    1.35e+05   2.0888782222< 0.618 0.970 >
2023-02-14 07:20:44 [02/14/23 07:20:44  215.26s]: 198720  17550      344        8073       4876520    604641406  13538      6141683    6141683    1.90e+05   2.1788831111< 0.690 0.978 >
2023-02-14 07:24:31 [02/14/23 07:24:31  226.80s]: 203040  23869      227        10065      5092555    604638130  15988      6404287    6404287    1.91e+05   2.2785404444< 0.728 0.978 >
2023-02-14 07:28:40 [02/14/23 07:28:40  249.38s]: 207360  21718      582        9551       5315642    604636049  15388      6653493    6653493    1.88e+05   2.3766635556< 0.764 0.980 >
2023-02-14 07:32:48 [02/14/23 07:32:48  247.66s]: 211680  19390      498        9316       5554096    604633510  16283      6900499    6900499    1.95e+05   2.4814666667< 0.747 0.973 >
2023-02-14 07:36:43 [02/14/23 07:36:43  234.77s]: 216000  24418      435        9177       5735154    604637836  13329      7119279    7119279    1.92e+05   2.5640817778< 0.695 0.965 >
2023-02-14 07:36:43 [02/14/23 07:36:43    0.21s]: 216004  24388      441        9173       5735364    604637830  13354      7119474    7119474    1.93e+05   2.5641626667< 0.695 0.965 >
2023-02-14 07:36:43  ---  main.cpp:generate tcells took  avg 0.06 s max 0.09 s balance 0.68  --- 
2023-02-14 07:36:43  ---  main.cpp:update circulating tcells took  avg 83.56 s max 87.25 s balance 0.96  --- 
2023-02-14 07:36:43  ---  main.cpp:update tcells took  avg 256.38 s max 278.22 s balance 0.92  --- 
2023-02-14 07:36:43  ---  main.cpp:update epicells took  avg 160.81 s max 163.09 s balance 0.99  --- 
2023-02-14 07:36:43  ---  main.cpp:update concentrations took  avg 1216.84 s max 1272.30 s balance 0.96  --- 
2023-02-14 07:36:43  ---  main.cpp:compute updates took  avg 3120.45 s max 3120.62 s balance 1.00  --- 
2023-02-14 07:36:43  ---  main.cpp:dispatch updates took  avg 1317.29 s max 1449.23 s balance 0.91  --- 
2023-02-14 07:36:43  ---  main.cpp:add new actives took  avg 73.17 s max 75.29 s balance 0.97  --- 
2023-02-14 07:36:43  ---  main.cpp:erase inactive took  avg 624.98 s max 683.63 s balance 0.91  --- 
2023-02-14 07:36:43  ---  main.cpp:sample took  avg 0.00 s max 0.00 s balance -nan  --- 
2023-02-14 07:36:43  ---  main.cpp:sample write took  avg 0.00 s max 0.00 s balance -nan  --- 
2023-02-14 07:36:43  ---  main.cpp:log took  avg 16.96 s max 17.18 s balance 0.99  --- 
2023-02-14 07:36:43 Finished 216005 time steps in 5454.9598 s (0.0253 s per step)
2023-02-14 07:36:43  --- Elapsed time for main.cpp:run_sim:  (exiting barrier) 2023-02-14 07:36:43 ...
2023-02-14 07:36:43           ... (min/my/avg/max, bal) (5454.96/5454.96/5454.96/5454.96 s, 1.00) barrier(0.00 s) --- 
2023-02-14 07:36:43 Peak memory used across all nodes: 24.65GB
2023-02-14 07:36:43 Finished in 5458.65 s at 02/14/23 07:36:43 for SimCov version 0.1.1.9cc77ef-dirty
