2023-02-18 16:34:01 SimCov version SimCov version 0.1.1.8024051-dirty-master built on 20230216_082905
2023-02-18 16:34:01 _________________________
2023-02-18 16:34:01 Compiler definitions:
2023-02-18 16:34:01   _XOPEN_SOURCE=700
2023-02-18 16:34:01   CONFIG_USE_COLORS
2023-02-18 16:34:01   USE_BYTELL
2023-02-18 16:34:01   MAX_VIRIONS=125000
2023-02-18 16:34:01   MIN_VIRIONS=1e-10
2023-02-18 16:34:01   BLOCK_PARTITION
2023-02-18 16:34:01   MIN_BLOCKS_PER_PROC=1
2023-02-18 16:34:01   AVERAGE_SUBSAMPLE
2023-02-18 16:34:01 _________________________
2023-02-18 16:34:01 Options:
2023-02-18 16:34:01   dim =                         15000 15000 1
2023-02-18 16:34:01   whole-lung-dim =              48000 40000 20000
2023-02-18 16:34:01   timesteps =                   144005
2023-02-18 16:34:01   infection-coords =            uniform:1
2023-02-18 16:34:01   initial-infection =           999
2023-02-18 16:34:01   incubation-period =           1200
2023-02-18 16:34:01   apoptosis-period =            180
2023-02-18 16:34:01   expressing-period =           900
2023-02-18 16:34:01   infectivity =                 0.1
2023-02-18 16:34:01   infectivity-multiplier =      1.0
2023-02-18 16:34:01   virion-production =           1.1
2023-02-18 16:34:01   virion-production-multiplier = 1.0
2023-02-18 16:34:01   virion-clearance =            0.004
2023-02-18 16:34:01   virion-diffusion =            0.15
2023-02-18 16:34:01   chemokine-production =        1.0
2023-02-18 16:34:01   chemokine-decay =             0.01
2023-02-18 16:34:01   chemokine-diffusion =         1.0
2023-02-18 16:34:01   min-chemokine =               1e-06
2023-02-18 16:34:01   antibody-factor =             1
2023-02-18 16:34:01   antibody-period =             5760
2023-02-18 16:34:01   tcell-generation-rate =       105000
2023-02-18 16:34:01   tcell-initial-delay =         10080
2023-02-18 16:34:01   tcell-vascular-period =       5760
2023-02-18 16:34:01   tcell-tissue-period =         1440
2023-02-18 16:34:01   tcell-binding-period =        10
2023-02-18 16:34:01   max-binding-prob =            1
2023-02-18 16:34:01   tcells-follow-gradient =      false
2023-02-18 16:34:01   seed =                        3
2023-02-18 16:34:01   sample-period =               0
2023-02-18 16:34:01   sample-resolution =           1
2023-02-18 16:34:01   max-block-dim =               10
2023-02-18 16:34:01   output =                      exp_results/per_1200_inf_0.1/init_1000/3
2023-02-18 16:34:01 _________________________
2023-02-18 16:34:01 Starting run with 64 processes on 2 nodes at 02/18/23 16:34:01
2023-02-18 16:34:01 Pinned processes, with process 0 (pid 26081) pinned to core 0
2023-02-18 16:34:01 Using block partitioning
2023-02-18 16:34:01 Initial free memory across all nodes: 151.55GB
2023-02-18 16:34:01 Starting with 76.87GB free on node 0
2023-02-18 16:34:01 Dividing 225000000 grid points into 3515625 squares of size 64 (8^2), with 54932 per process
2023-02-18 16:34:01 Total initial memory required per process is at least 281.63MB with each grid point requiring on average 84 bytes
2023-02-18 16:34:04  --- Elapsed time for tissue.cpp:Tissue:  (exiting barrier) 2023-02-18 16:34:04 ...
2023-02-18 16:34:04           ... (min/my/avg/max, bal) (3.50/3.50/3.50/3.50 s, 1.00) barrier(0.00 s) --- 
2023-02-18 16:34:04 Memory used on node 0 after initialization is  10.90GB
2023-02-18 16:34:04           ... (min/my/avg/max, bal) No-Time barrier(0.00 s) --- 
2023-02-18 16:34:04 Fraction of circulating T cells extravasating is 5.85938e-06
2023-02-18 16:34:04 # datetime                    step    incb       expr       apop       dead       tvas       ttis       chem       virs       chempts    %infct     <%active  lbln>
2023-02-18 16:34:04 [0] <main.cpp:141> WARNING: Time step 0: SUCCESSFUL initial infection at (7500, 7500, 0) after 0 tries
2023-02-18 16:34:04 [02/18/23 16:34:04    0.00s]: 0       1          0          0          0          0          0          0.00e+00   0.00e+00   1.00e+00   0.00       < 0.000 0.016 >
2023-02-18 16:34:06 [02/18/23 16:34:06    1.34s]: 2880    5329       1657       0          1126       0          0          1.74e-05   2.79e+05   2.74e+04   0.00       < 0.012 0.833 >
2023-02-18 16:34:09 [02/18/23 16:34:09    3.12s]: 5760    9637       6881       0          12194      0          0          6.46e-05   1.85e+06   6.21e+04   0.01       < 0.028 0.892 >
2023-02-18 16:34:14 [02/18/23 16:34:14    5.45s]: 8640    16187      9448       0          37204      0          0          9.81e-05   2.56e+06   1.10e+05   0.03       < 0.049 0.939 >
2023-02-18 16:34:23 [02/18/23 16:34:23    8.83s]: 11520   20105      13388      1035       75635      133767820  387        1.42e-04   3.71e+06   1.70e+05   0.05       < 0.076 0.943 >
2023-02-18 16:34:36 [02/18/23 16:34:36   13.43s]: 14400   15011      4103       3691       142203     319073057  1989       1.29e-04   1.70e+06   2.37e+05   0.07       < 0.104 0.970 >
2023-02-18 16:34:55 [02/18/23 16:34:55   18.43s]: 17280   12539      830        3995       205629     431459346  3085       7.33e-05   4.01e+05   3.05e+05   0.10       < 0.127 0.974 >
2023-02-18 16:35:17 [02/18/23 16:35:17   22.06s]: 20160   8956       161        3491       266302     499620930  3928       2.74e-05   8.08e+04   3.66e+05   0.12       < 0.139 0.969 >
2023-02-18 16:35:40 [02/18/23 16:35:40   23.55s]: 23040   4689       24         2428       313737     540961051  3858       6.59e-06   1.28e+04   3.92e+05   0.14       < 0.140 0.949 >
2023-02-18 16:36:02 [02/18/23 16:36:02   21.48s]: 25920   2985       21         1342       340897     566036068  2467       3.79e-06   8.87e+03   3.98e+05   0.15       < 0.130 0.946 >
2023-02-18 16:36:22 [02/18/23 16:36:22   19.69s]: 28800   5044       32         2140       366969     581243907  2917       6.41e-06   1.56e+04   4.51e+05   0.17       < 0.120 0.902 >
2023-02-18 16:36:42 [02/18/23 16:36:42   20.79s]: 31680   4101       46         1847       402305     590466934  2907       5.10e-06   2.75e+04   4.79e+05   0.18       < 0.130 0.931 >
2023-02-18 16:37:03 [02/18/23 16:37:03   20.92s]: 34560   4191       146        1708       426252     596061927  2159       8.78e-06   2.81e+04   4.85e+05   0.19       < 0.133 0.952 >
2023-02-18 16:37:25 [02/18/23 16:37:25   22.11s]: 37440   5614       95         2928       466032     599452959  4393       1.04e-05   5.50e+04   5.73e+05   0.21       < 0.139 0.956 >
2023-02-18 16:37:50 [02/18/23 16:37:50   24.96s]: 40320   4091       10         1819       501189     601510670  2909       3.61e-06   2.43e+04   5.74e+05   0.23       < 0.161 0.943 >
2023-02-18 16:38:15 [02/18/23 16:38:15   25.07s]: 43200   5984       28         2691       532145     602758591  3758       3.93e-06   1.04e+04   6.33e+05   0.24       < 0.153 0.963 >
2023-02-18 16:38:43 [02/18/23 16:38:43   27.65s]: 46080   6562       37         2571       573598     603514271  3698       6.53e-06   1.66e+04   6.78e+05   0.26       < 0.179 0.958 >
2023-02-18 16:39:15 [02/18/23 16:39:15   31.56s]: 48960   6473       21         2709       620054     603971863  4295       6.30e-06   1.96e+04   7.33e+05   0.28       < 0.195 0.957 >
2023-02-18 16:39:47 [02/18/23 16:39:47   32.26s]: 51840   6360       84         2559       660807     604250393  3880       9.62e-06   5.35e+04   7.61e+05   0.30       < 0.199 0.943 >
2023-02-18 16:40:22 [02/18/23 16:40:22   35.51s]: 54720   7991       18         3441       710373     604417475  5023       1.00e-05   3.90e+04   8.35e+05   0.32       < 0.214 0.960 >
2023-02-18 16:41:00 [02/18/23 16:41:00   37.75s]: 57600   5113       49         2274       757078     604519994  3972       9.27e-06   3.68e+04   8.51e+05   0.34       < 0.217 0.944 >
2023-02-18 16:41:36 [02/18/23 16:41:36   36.14s]: 60480   6082       155        2771       797596     604581989  4572       1.31e-05   6.02e+04   9.13e+05   0.36       < 0.205 0.951 >
2023-02-18 16:42:15 [02/18/23 16:42:15   38.55s]: 63360   6321       45         2604       843089     604619417  4204       1.07e-05   4.14e+04   9.52e+05   0.38       < 0.227 0.953 >
2023-02-18 16:42:54 [02/18/23 16:42:54   39.41s]: 66240   5927       41         2619       886226     604642476  4323       8.38e-06   2.30e+04   9.80e+05   0.40       < 0.222 0.955 >
2023-02-18 16:43:33 [02/18/23 16:43:33   38.34s]: 69120   4530       39         2192       924275     604656403  4335       6.31e-06   2.09e+04   1.00e+06   0.41       < 0.214 0.952 >
2023-02-18 16:44:10 [02/18/23 16:44:10   37.83s]: 72000   7875       74         2759       959013     604665172  4151       1.25e-05   5.67e+04   1.07e+06   0.43       < 0.227 0.928 >
2023-02-18 16:44:52 [02/18/23 16:44:52   41.35s]: 74880   6434       22         2819       1010780    604668690  5296       9.02e-06   2.42e+04   1.13e+06   0.45       < 0.231 0.948 >
2023-02-18 16:45:33 [02/18/23 16:45:33   41.10s]: 77760   5660       57         1942       1049896    604672131  3914       7.24e-06   2.58e+04   1.14e+06   0.47       < 0.237 0.963 >
2023-02-18 16:46:13 [02/18/23 16:46:13   40.36s]: 80640   5102       36         2436       1092270    604673730  4690       8.64e-06   2.66e+04   1.20e+06   0.49       < 0.217 0.926 >
2023-02-18 16:46:51 [02/18/23 16:46:51   37.41s]: 83520   2857       38         1611       1127660    604676065  3616       3.80e-06   1.14e+04   1.18e+06   0.50       < 0.215 0.957 >
2023-02-18 16:47:27 [02/18/23 16:47:27   36.23s]: 86400   7892       240        3299       1160718    604677065  4462       2.10e-05   8.85e+04   1.30e+06   0.52       < 0.211 0.953 >
2023-02-18 16:48:06 [02/18/23 16:48:06   39.08s]: 89280   6397       160        2862       1213070    604676461  4541       9.63e-06   4.01e+04   1.33e+06   0.54       < 0.227 0.965 >
2023-02-18 16:48:45 [02/18/23 16:48:45   39.40s]: 92160   6294       56         2840       1260254    604676276  4671       7.23e-06   1.28e+04   1.35e+06   0.56       < 0.222 0.950 >
2023-02-18 16:49:26 [02/18/23 16:49:26   40.95s]: 95040   12282      189        4876       1315406    604675220  6233       2.38e-05   1.00e+05   1.50e+06   0.59       < 0.248 0.964 >
2023-02-18 16:50:17 [02/18/23 16:50:17   50.82s]: 97920   5521       77         2969       1386114    604672394  6304       8.03e-06   1.56e+04   1.51e+06   0.62       < 0.283 0.959 >
2023-02-18 16:51:07 [02/18/23 16:51:07   50.26s]: 100800  7097       125        2742       1424767    604674364  4366       1.17e-05   3.15e+04   1.54e+06   0.64       < 0.259 0.954 >
2023-02-18 16:51:56 [02/18/23 16:51:56   48.52s]: 103680  7230       75         3491       1481885    604673058  6267       1.22e-05   4.52e+04   1.63e+06   0.66       < 0.258 0.957 >
2023-02-18 16:52:50 [02/18/23 16:52:50   53.98s]: 106560  6670       17         2917       1531157    604673673  4808       5.67e-06   1.90e+04   1.65e+06   0.68       < 0.271 0.961 >
2023-02-18 16:53:39 [02/18/23 16:53:39   49.13s]: 109440  8089       88         2877       1576511    604673937  5184       1.52e-05   7.96e+04   1.71e+06   0.71       < 0.266 0.959 >
2023-02-18 16:54:31 [02/18/23 16:54:31   51.87s]: 112320  8036       87         3813       1636112    604672931  5996       1.70e-05   6.62e+04   1.78e+06   0.73       < 0.280 0.967 >
2023-02-18 16:55:25 [02/18/23 16:55:25   54.38s]: 115200  8436       229        3845       1694553    604671974  6098       1.06e-05   3.43e+04   1.84e+06   0.76       < 0.292 0.965 >
2023-02-18 16:56:24 [02/18/23 16:56:24   58.65s]: 118080  10675      66         4447       1758887    604670472  7379       1.45e-05   3.66e+04   1.97e+06   0.79       < 0.317 0.973 >
2023-02-18 16:57:30 [02/18/23 16:57:30   66.08s]: 120960  8349       76         3498       1826599    604669185  6695       1.74e-05   4.48e+04   2.00e+06   0.82       < 0.337 0.948 >
2023-02-18 16:58:37 [02/18/23 16:58:37   66.59s]: 123840  9247       105        4302       1894022    604667844  6863       1.83e-05   7.71e+04   2.05e+06   0.85       < 0.357 0.978 >
2023-02-18 16:59:48 [02/18/23 16:59:48   71.29s]: 126720  10249      95         4837       1968926    604665567  8273       1.62e-05   7.37e+04   2.16e+06   0.88       < 0.385 0.961 >
2023-02-18 17:01:02 [02/18/23 17:01:02   73.70s]: 129600  10270      218        3612       2031149    604666487  6296       1.84e-05   9.41e+04   2.20e+06   0.91       < 0.386 0.970 >
2023-02-18 17:02:16 [02/18/23 17:02:16   74.76s]: 132480  15299      292        6679       2116755    604663739  9333       3.05e-05   1.48e+05   2.35e+06   0.95       < 0.398 0.959 >
2023-02-18 17:03:40 [02/18/23 17:03:40   83.15s]: 135360  12393      287        5809       2219915    604660454  10009      2.45e-05   8.19e+04   2.44e+06   0.99       < 0.428 0.967 >
2023-02-18 17:05:08 [02/18/23 17:05:08   88.10s]: 138240  13272      123        5663       2305185    604659905  8602       2.34e-05   8.86e+04   2.52e+06   1.03       < 0.454 0.965 >
2023-02-18 17:06:41 [02/18/23 17:06:41   93.05s]: 141120  13749      115        6490       2402470    604657139  11027      2.03e-05   1.03e+05   2.65e+06   1.08       < 0.459 0.973 >
2023-02-18 17:08:14 [02/18/23 17:08:14   93.80s]: 144000  11832      58         4718       2485970    604657701  8771       1.50e-05   4.37e+04   2.68e+06   1.11       < 0.469 0.964 >
2023-02-18 17:08:15 [02/18/23 17:08:15    0.13s]: 144004  11830      59         4707       2486086    604657694  8787       1.49e-05   4.35e+04   2.68e+06   1.11       < 0.469 0.964 >
2023-02-18 17:08:15  ---  main.cpp:generate tcells took  avg 0.04 s max 0.05 s balance 0.73  --- 
2023-02-18 17:08:15  ---  main.cpp:update circulating tcells took  avg 54.58 s max 57.82 s balance 0.94  --- 
2023-02-18 17:08:15  ---  main.cpp:update tcells took  avg 104.73 s max 114.96 s balance 0.91  --- 
2023-02-18 17:08:15  ---  main.cpp:update epicells took  avg 68.35 s max 70.33 s balance 0.97  --- 
2023-02-18 17:08:15  ---  main.cpp:update concentrations took  avg 428.54 s max 450.00 s balance 0.95  --- 
2023-02-18 17:08:15  ---  main.cpp:compute updates took  avg 1186.74 s max 1186.78 s balance 1.00  --- 
2023-02-18 17:08:15  ---  main.cpp:dispatch updates took  avg 494.98 s max 525.90 s balance 0.94  --- 
2023-02-18 17:08:15  ---  main.cpp:add new actives took  avg 30.10 s max 31.05 s balance 0.97  --- 
2023-02-18 17:08:15  ---  main.cpp:erase inactive took  avg 233.92 s max 239.14 s balance 0.98  --- 
2023-02-18 17:08:15  ---  main.cpp:sample took  avg 0.00 s max 0.00 s balance -nan  --- 
2023-02-18 17:08:15  ---  main.cpp:sample write took  avg 0.00 s max 0.00 s balance -nan  --- 
2023-02-18 17:08:15  ---  main.cpp:log took  avg 10.76 s max 10.85 s balance 0.99  --- 
2023-02-18 17:08:15 Finished 144005 time steps in 2050.3723 s (0.0142 s per step)
2023-02-18 17:08:15  --- Elapsed time for main.cpp:run_sim:  (exiting barrier) 2023-02-18 17:08:15 ...
2023-02-18 17:08:15           ... (min/my/avg/max, bal) (2050.37/2050.37/2050.37/2050.37 s, 1.00) barrier(0.00 s) --- 
2023-02-18 17:08:15 Peak memory used across all nodes: 22.46GB
2023-02-18 17:08:15 Finished in 2054.12 s at 02/18/23 17:08:15 for SimCov version 0.1.1.8024051-dirty
