2023-02-18 17:43:50 SimCov version SimCov version 0.1.1.8024051-dirty-master built on 20230216_082905
2023-02-18 17:43:50 _________________________
2023-02-18 17:43:50 Compiler definitions:
2023-02-18 17:43:50   _XOPEN_SOURCE=700
2023-02-18 17:43:50   CONFIG_USE_COLORS
2023-02-18 17:43:50   USE_BYTELL
2023-02-18 17:43:50   MAX_VIRIONS=125000
2023-02-18 17:43:50   MIN_VIRIONS=1e-10
2023-02-18 17:43:50   BLOCK_PARTITION
2023-02-18 17:43:50   MIN_BLOCKS_PER_PROC=1
2023-02-18 17:43:50   AVERAGE_SUBSAMPLE
2023-02-18 17:43:50 _________________________
2023-02-18 17:43:50 Options:
2023-02-18 17:43:50   dim =                         15000 15000 1
2023-02-18 17:43:50   whole-lung-dim =              48000 40000 20000
2023-02-18 17:43:50   timesteps =                   144005
2023-02-18 17:43:50   infection-coords =            uniform:1
2023-02-18 17:43:50   initial-infection =           999
2023-02-18 17:43:50   incubation-period =           1200
2023-02-18 17:43:50   apoptosis-period =            180
2023-02-18 17:43:50   expressing-period =           900
2023-02-18 17:43:50   infectivity =                 0.1
2023-02-18 17:43:50   infectivity-multiplier =      1.0
2023-02-18 17:43:50   virion-production =           1.1
2023-02-18 17:43:50   virion-production-multiplier = 1.0
2023-02-18 17:43:50   virion-clearance =            0.004
2023-02-18 17:43:50   virion-diffusion =            0.15
2023-02-18 17:43:50   chemokine-production =        1.0
2023-02-18 17:43:50   chemokine-decay =             0.01
2023-02-18 17:43:50   chemokine-diffusion =         1.0
2023-02-18 17:43:50   min-chemokine =               1e-06
2023-02-18 17:43:50   antibody-factor =             1
2023-02-18 17:43:50   antibody-period =             5760
2023-02-18 17:43:50   tcell-generation-rate =       105000
2023-02-18 17:43:50   tcell-initial-delay =         10080
2023-02-18 17:43:50   tcell-vascular-period =       5760
2023-02-18 17:43:50   tcell-tissue-period =         1440
2023-02-18 17:43:50   tcell-binding-period =        10
2023-02-18 17:43:50   max-binding-prob =            1
2023-02-18 17:43:50   tcells-follow-gradient =      false
2023-02-18 17:43:50   seed =                        5
2023-02-18 17:43:50   sample-period =               0
2023-02-18 17:43:50   sample-resolution =           1
2023-02-18 17:43:50   max-block-dim =               10
2023-02-18 17:43:50   output =                      exp_results/per_1200_inf_0.1/init_1000/5
2023-02-18 17:43:50 _________________________
2023-02-18 17:43:50 Starting run with 64 processes on 2 nodes at 02/18/23 17:43:50
2023-02-18 17:43:50 Pinned processes, with process 0 (pid 27053) pinned to core 0
2023-02-18 17:43:50 Using block partitioning
2023-02-18 17:43:50 Initial free memory across all nodes: 151.53GB
2023-02-18 17:43:50 Starting with 76.86GB free on node 0
2023-02-18 17:43:50 Dividing 225000000 grid points into 3515625 squares of size 64 (8^2), with 54932 per process
2023-02-18 17:43:50 Total initial memory required per process is at least 281.63MB with each grid point requiring on average 84 bytes
2023-02-18 17:43:54  --- Elapsed time for tissue.cpp:Tissue:  (exiting barrier) 2023-02-18 17:43:54 ...
2023-02-18 17:43:54           ... (min/my/avg/max, bal) (3.50/3.50/3.50/3.50 s, 1.00) barrier(0.00 s) --- 
2023-02-18 17:43:54 Memory used on node 0 after initialization is  10.89GB
2023-02-18 17:43:54           ... (min/my/avg/max, bal) No-Time barrier(0.00 s) --- 
2023-02-18 17:43:54 Fraction of circulating T cells extravasating is 5.85938e-06
2023-02-18 17:43:54 # datetime                    step    incb       expr       apop       dead       tvas       ttis       chem       virs       chempts    %infct     <%active  lbln>
2023-02-18 17:43:54 [0] <main.cpp:141> WARNING: Time step 0: SUCCESSFUL initial infection at (7500, 7500, 0) after 0 tries
2023-02-18 17:43:54 [02/18/23 17:43:54    0.00s]: 0       1          0          0          0          0          0          0.00e+00   0.00e+00   1.00e+00   0.00       < 0.000 0.016 >
2023-02-18 17:43:55 [02/18/23 17:43:55    1.30s]: 2880    5233       1625       0          1094       0          0          1.70e-05   2.71e+05   2.72e+04   0.00       < 0.012 0.831 >
2023-02-18 17:43:58 [02/18/23 17:43:58    3.09s]: 5760    9736       6901       0          11863      0          0          6.48e-05   1.83e+06   6.21e+04   0.01       < 0.028 0.892 >
2023-02-18 17:44:04 [02/18/23 17:44:04    5.52s]: 8640    16237      9459       0          36922      0          0          9.79e-05   2.53e+06   1.10e+05   0.03       < 0.049 0.930 >
2023-02-18 17:44:13 [02/18/23 17:44:13    8.84s]: 11520   19693      13598      974        74861      133767880  368        1.42e-04   3.78e+06   1.69e+05   0.05       < 0.075 0.944 >
2023-02-18 17:44:26 [02/18/23 17:44:26   13.37s]: 14400   15533      4303       3599       139889     319073314  1838       1.30e-04   1.63e+06   2.35e+05   0.07       < 0.103 0.968 >
2023-02-18 17:44:44 [02/18/23 17:44:44   18.54s]: 17280   11617      598        3746       204950     431459523  3166       6.25e-05   3.88e+05   3.02e+05   0.10       < 0.126 0.969 >
2023-02-18 17:45:07 [02/18/23 17:45:07   22.21s]: 20160   9250       134        3635       264749     499620889  4011       2.72e-05   8.02e+04   3.65e+05   0.12       < 0.139 0.958 >
2023-02-18 17:45:30 [02/18/23 17:45:30   23.68s]: 23040   4576       38         2161       314229     540960928  3723       9.82e-06   2.83e+04   3.87e+05   0.14       < 0.140 0.954 >
2023-02-18 17:45:52 [02/18/23 17:45:52   21.89s]: 25920   3118       23         1606       344773     566035640  2563       2.84e-06   5.25e+03   4.00e+05   0.16       < 0.134 0.951 >
2023-02-18 17:46:12 [02/18/23 17:46:12   19.71s]: 28800   6068       86         2473       370695     581243635  2860       1.05e-05   5.07e+04   4.56e+05   0.17       < 0.123 0.935 >
2023-02-18 17:46:32 [02/18/23 17:46:32   20.52s]: 31680   2638       4          1377       403941     590467162  2705       2.61e-06   5.56e+03   4.57e+05   0.18       < 0.130 0.940 >
2023-02-18 17:46:52 [02/18/23 17:46:52   19.92s]: 34560   4743       55         1792       425340     596061716  2840       1.17e-05   3.88e+04   5.09e+05   0.19       < 0.125 0.939 >
2023-02-18 17:47:12 [02/18/23 17:47:12   19.50s]: 37440   2656       26         1296       453874     599454921  2311       5.56e-06   1.15e+04   5.02e+05   0.20       < 0.121 0.927 >
2023-02-18 17:47:31 [02/18/23 17:47:31   19.50s]: 40320   4165       162        2530       484500     601512130  3293       8.52e-06   3.67e+04   5.64e+05   0.22       < 0.121 0.921 >
2023-02-18 17:47:53 [02/18/23 17:47:53   21.33s]: 43200   3667       10         1941       517709     602759898  3016       4.14e-06   1.56e+04   5.83e+05   0.23       < 0.139 0.958 >
2023-02-18 17:48:16 [02/18/23 17:48:16   23.09s]: 46080   5544       117        2372       549384     603516321  2985       1.11e-05   4.40e+04   6.27e+05   0.25       < 0.153 0.961 >
2023-02-18 17:48:43 [02/18/23 17:48:43   27.64s]: 48960   7224       106        3333       597426     603972956  4572       1.86e-05   8.80e+04   7.10e+05   0.27       < 0.182 0.964 >
2023-02-18 17:49:15 [02/18/23 17:49:15   31.29s]: 51840   6713       21         2465       640965     604250513  3720       7.14e-06   2.81e+04   7.44e+05   0.29       < 0.199 0.967 >
2023-02-18 17:49:51 [02/18/23 17:49:51   35.81s]: 54720   7031       133        3485       692196     604416948  5511       1.27e-05   6.40e+04   8.13e+05   0.31       < 0.217 0.966 >
2023-02-18 17:50:31 [02/18/23 17:50:31   40.17s]: 57600   5236       26         3059       746704     604517976  5200       5.89e-06   2.44e+04   8.45e+05   0.34       < 0.232 0.970 >
2023-02-18 17:51:09 [02/18/23 17:51:09   38.00s]: 60480   6526       158        2549       780108     604581292  4080       1.08e-05   4.46e+04   8.82e+05   0.35       < 0.220 0.957 >
2023-02-18 17:51:47 [02/18/23 17:51:47   38.36s]: 63360   6135       17         2316       826114     604619092  4215       5.25e-06   1.10e+04   9.35e+05   0.37       < 0.217 0.951 >
2023-02-18 17:52:22 [02/18/23 17:52:22   35.41s]: 66240   3963       331        1917       862840     604643218  3769       1.71e-05   8.77e+04   9.43e+05   0.39       < 0.202 0.962 >
2023-02-18 17:53:00 [02/18/23 17:53:00   37.96s]: 69120   6521       93         3005       901265     604656678  4403       1.03e-05   4.76e+04   1.01e+06   0.40       < 0.203 0.959 >
2023-02-18 17:53:36 [02/18/23 17:53:36   35.72s]: 72000   5587       43         2372       944196     604665160  4112       5.57e-06   1.37e+04   1.05e+06   0.42       < 0.201 0.952 >
2023-02-18 17:54:12 [02/18/23 17:54:12   35.93s]: 74880   10658      51         3709       988636     604669437  5224       1.23e-05   3.65e+04   1.15e+06   0.45       < 0.220 0.944 >
2023-02-18 17:54:56 [02/18/23 17:54:56   44.16s]: 77760   8544       87         3684       1051983    604670110  5855       1.50e-05   4.05e+04   1.21e+06   0.47       < 0.264 0.928 >
2023-02-18 17:55:46 [02/18/23 17:55:46   50.12s]: 80640   9029       105        3699       1110844    604670817  5818       1.35e-05   4.55e+04   1.26e+06   0.50       < 0.276 0.949 >
2023-02-18 17:56:44 [02/18/23 17:56:44   57.36s]: 83520   10002      76         4283       1180404    604669968  6340       1.73e-05   7.44e+04   1.34e+06   0.53       < 0.296 0.970 >
2023-02-18 17:57:42 [02/18/23 17:57:42   58.20s]: 86400   9636       58         4281       1247755    604668879  6901       1.60e-05   7.38e+04   1.41e+06   0.56       < 0.311 0.962 >
2023-02-18 17:58:41 [02/18/23 17:58:41   59.24s]: 89280   8104       141        3273       1307106    604669431  5769       1.88e-05   9.33e+04   1.45e+06   0.59       < 0.308 0.946 >
2023-02-18 17:59:41 [02/18/23 17:59:41   60.04s]: 92160   7529       174        3891       1369392    604668834  6790       1.42e-05   5.67e+04   1.51e+06   0.61       < 0.313 0.961 >
2023-02-18 18:00:39 [02/18/23 18:00:39   57.89s]: 95040   8276       40         3233       1419695    604670199  5535       7.17e-06   1.83e+04   1.56e+06   0.64       < 0.298 0.959 >
2023-02-18 18:01:36 [02/18/23 18:01:36   56.73s]: 97920   8089       37         3774       1480265    604670284  6215       1.06e-05   3.66e+04   1.64e+06   0.66       < 0.305 0.966 >
2023-02-18 18:02:31 [02/18/23 18:02:31   54.79s]: 100800  6276       47         2502       1531288    604671834  4887       1.15e-05   2.94e+04   1.64e+06   0.68       < 0.277 0.965 >
2023-02-18 18:03:22 [02/18/23 18:03:22   51.71s]: 103680  7325       68         3600       1581743    604671650  6526       1.64e-05   7.24e+04   1.73e+06   0.71       < 0.273 0.949 >
2023-02-18 18:04:14 [02/18/23 18:04:14   52.00s]: 106560  4569       14         2305       1632555    604672971  4374       3.84e-06   7.18e+03   1.72e+06   0.73       < 0.280 0.970 >
2023-02-18 18:05:03 [02/18/23 18:05:03   48.48s]: 109440  7465       100        3273       1672248    604674326  4939       1.37e-05   5.54e+04   1.81e+06   0.75       < 0.241 0.951 >
2023-02-18 18:05:49 [02/18/23 18:05:49   46.62s]: 112320  8182       66         3578       1729165    604673628  5826       1.38e-05   6.08e+04   1.88e+06   0.77       < 0.252 0.949 >
2023-02-18 18:06:38 [02/18/23 18:06:38   48.72s]: 115200  6620       74         2735       1781180    604673640  4997       1.28e-05   4.24e+04   1.90e+06   0.80       < 0.257 0.966 >
2023-02-18 18:07:24 [02/18/23 18:07:24   45.75s]: 118080  8375       67         3017       1824599    604675201  4323       1.09e-05   3.24e+04   1.96e+06   0.82       < 0.232 0.955 >
2023-02-18 18:08:09 [02/18/23 18:08:09   45.20s]: 120960  7691       106        3706       1884686    604674264  5834       1.06e-05   3.57e+04   2.02e+06   0.84       < 0.247 0.961 >
2023-02-18 18:08:58 [02/18/23 18:08:58   49.24s]: 123840  7928       38         3049       1936346    604674012  4709       5.70e-06   1.40e+04   2.05e+06   0.87       < 0.272 0.967 >
2023-02-18 18:09:49 [02/18/23 18:09:49   50.95s]: 126720  8200       246        3643       1990026    604673426  5968       2.71e-05   1.07e+05   2.13e+06   0.89       < 0.267 0.960 >
2023-02-18 18:10:45 [02/18/23 18:10:45   55.25s]: 129600  8028       280        4213       2055517    604671522  6551       2.06e-05   9.61e+04   2.18e+06   0.92       < 0.303 0.971 >
2023-02-18 18:11:42 [02/18/23 18:11:42   57.39s]: 132480  12196      244        5073       2115753    604670268  7547       2.41e-05   9.31e+04   2.32e+06   0.95       < 0.301 0.967 >
2023-02-18 18:12:44 [02/18/23 18:12:44   61.74s]: 135360  8831       94         3935       2193108    604668265  7319       1.43e-05   5.35e+04   2.36e+06   0.98       < 0.333 0.953 >
2023-02-18 18:13:49 [02/18/23 18:13:49   65.18s]: 138240  9209       222        4219       2255579    604668711  6243       1.56e-05   7.47e+04   2.40e+06   1.01       < 0.343 0.961 >
2023-02-18 18:14:54 [02/18/23 18:14:54   65.21s]: 141120  12672      319        5866       2328901    604666624  8498       2.99e-05   1.42e+05   2.52e+06   1.04       < 0.349 0.960 >
2023-02-18 18:16:11 [02/18/23 18:16:11   76.92s]: 144000  13513      193        6255       2423903    604662681  9803       2.21e-05   8.20e+04   2.65e+06   1.09       < 0.415 0.974 >
2023-02-18 18:16:11 [02/18/23 18:16:11    0.12s]: 144004  13493      193        6250       2424044    604662667  9796       2.22e-05   8.21e+04   2.65e+06   1.09       < 0.415 0.974 >
2023-02-18 18:16:11  ---  main.cpp:generate tcells took  avg 0.04 s max 0.05 s balance 0.73  --- 
2023-02-18 18:16:11  ---  main.cpp:update circulating tcells took  avg 54.17 s max 57.48 s balance 0.94  --- 
2023-02-18 18:16:11  ---  main.cpp:update tcells took  avg 99.02 s max 111.19 s balance 0.89  --- 
2023-02-18 18:16:11  ---  main.cpp:update epicells took  avg 64.75 s max 66.28 s balance 0.98  --- 
2023-02-18 18:16:11  ---  main.cpp:update concentrations took  avg 399.03 s max 422.04 s balance 0.95  --- 
2023-02-18 18:16:11  ---  main.cpp:compute updates took  avg 1116.40 s max 1116.43 s balance 1.00  --- 
2023-02-18 18:16:11  ---  main.cpp:dispatch updates took  avg 467.27 s max 502.16 s balance 0.93  --- 
2023-02-18 18:16:11  ---  main.cpp:add new actives took  avg 27.72 s max 28.40 s balance 0.98  --- 
2023-02-18 18:16:11  ---  main.cpp:erase inactive took  avg 219.05 s max 223.24 s balance 0.98  --- 
2023-02-18 18:16:11  ---  main.cpp:sample took  avg 0.00 s max 0.00 s balance -nan  --- 
2023-02-18 18:16:11  ---  main.cpp:sample write took  avg 0.00 s max 0.00 s balance -nan  --- 
2023-02-18 18:16:11  ---  main.cpp:log took  avg 12.37 s max 12.44 s balance 0.99  --- 
2023-02-18 18:16:11 Finished 144005 time steps in 1937.3456 s (0.0135 s per step)
2023-02-18 18:16:11  --- Elapsed time for main.cpp:run_sim:  (exiting barrier) 2023-02-18 18:16:11 ...
2023-02-18 18:16:11           ... (min/my/avg/max, bal) (1937.35/1937.35/1937.35/1937.35 s, 1.00) barrier(0.00 s) --- 
2023-02-18 18:16:11 Peak memory used across all nodes: 22.41GB
2023-02-18 18:16:11 Finished in 1941.14 s at 02/18/23 18:16:11 for SimCov version 0.1.1.8024051-dirty
