2023-02-14 09:04:05 SimCov version SimCov version 0.1.1.9cc77ef-dirty-branching_airways_3min_model built on 20230204_191356
2023-02-14 09:04:05 _________________________
2023-02-14 09:04:05 Compiler definitions:
2023-02-14 09:04:05   _XOPEN_SOURCE=700
2023-02-14 09:04:05   CONFIG_USE_COLORS
2023-02-14 09:04:05   USE_BYTELL
2023-02-14 09:04:05   MAX_VIRIONS=125000
2023-02-14 09:04:05   MIN_VIRIONS=1e-10
2023-02-14 09:04:05   BLOCK_PARTITION
2023-02-14 09:04:05   MIN_BLOCKS_PER_PROC=1
2023-02-14 09:04:05   AVERAGE_SUBSAMPLE
2023-02-14 09:04:05 _________________________
2023-02-14 09:04:05 Options:
2023-02-14 09:04:05   dim =                         15000 15000 1
2023-02-14 09:04:05   whole-lung-dim =              48000 40000 20000
2023-02-14 09:04:05   timesteps =                   216005
2023-02-14 09:04:05   infection-coords =            uniform:1
2023-02-14 09:04:05   initial-infection =           1000
2023-02-14 09:04:05   incubation-period =           1200
2023-02-14 09:04:05   apoptosis-period =            180
2023-02-14 09:04:05   expressing-period =           900
2023-02-14 09:04:05   infectivity =                 0.1
2023-02-14 09:04:05   infectivity-multiplier =      1.0
2023-02-14 09:04:05   virion-production =           1.1
2023-02-14 09:04:05   virion-production-multiplier = 1.0
2023-02-14 09:04:05   virion-clearance =            0.004
2023-02-14 09:04:05   virion-diffusion =            0.15
2023-02-14 09:04:05   chemokine-production =        1.0
2023-02-14 09:04:05   chemokine-decay =             0.01
2023-02-14 09:04:05   chemokine-diffusion =         1.0
2023-02-14 09:04:05   min-chemokine =               1e-06
2023-02-14 09:04:05   antibody-factor =             1
2023-02-14 09:04:05   antibody-period =             5760
2023-02-14 09:04:05   tcell-generation-rate =       105000
2023-02-14 09:04:05   tcell-initial-delay =         10080
2023-02-14 09:04:05   tcell-vascular-period =       5760
2023-02-14 09:04:05   tcell-tissue-period =         1440
2023-02-14 09:04:05   tcell-binding-period =        10
2023-02-14 09:04:05   max-binding-prob =            1
2023-02-14 09:04:05   tcells-follow-gradient =      false
2023-02-14 09:04:05   seed =                        5
2023-02-14 09:04:05   sample-period =               0
2023-02-14 09:04:05   sample-resolution =           1
2023-02-14 09:04:05   max-block-dim =               10
2023-02-14 09:04:05   output =                      exp_results/per_1200_inf_0.1/init_1000/5
2023-02-14 09:04:05 _________________________
2023-02-14 09:04:05 Starting run with 64 processes on 2 nodes at 02/14/23 09:04:05
2023-02-14 09:04:05 Pinned processes, with process 0 (pid 3806301) pinned to core 0
2023-02-14 09:04:05 Using block partitioning
2023-02-14 09:04:05 Initial free memory across all nodes: 152.24GB
2023-02-14 09:04:05 Starting with 76.29GB free on node 0
2023-02-14 09:04:05 Dividing 225000000 grid points into 3515625 squares of size 64 (8^2), with 54932 per process
2023-02-14 09:04:05 Total initial memory required per process is at least 308.46MB with each grid point requiring on average 92 bytes
2023-02-14 09:04:09  --- Elapsed time for tissue.cpp:Tissue:  (exiting barrier) 2023-02-14 09:04:09 ...
2023-02-14 09:04:09           ... (min/my/avg/max, bal) (3.43/3.43/3.43/3.43 s, 1.00) barrier(0.00 s) --- 
2023-02-14 09:04:09 Memory used on node 0 after initialization is  11.73GB
2023-02-14 09:04:09           ... (min/my/avg/max, bal) No-Time barrier(0.00 s) --- 
2023-02-14 09:04:09 Fraction of circulating T cells extravasating is 5.85938e-06
2023-02-14 09:04:09 # datetime                    step    incb       expr       apop       dead       tvas       ttis       inflcell   inflallvirs%infct     <%active  lbln>
2023-02-14 09:04:09 [0] <main.cpp:145> WARNING: Time step 0: SUCCESSFUL initial infection at (7500, 7500, 0) after 0 tries
2023-02-14 09:04:09 [02/14/23 09:04:09    0.00s]: 0       1          0          0          0          0          0          0          0          0.00e+00   0.0000004444< 0.000 0.016 >
2023-02-14 09:04:11 [02/14/23 09:04:11    2.67s]: 4320    8254       3240       0          5453       0          0          44189      44189      9.89e+05   0.0075320000< 0.020 0.835 >
2023-02-14 09:04:18 [02/14/23 09:04:18    6.90s]: 8640    15885      9531       0          36210      0          0          108213     108213     2.50e+06   0.0273893333< 0.048 0.923 >
2023-02-14 09:04:33 [02/14/23 09:04:33   14.30s]: 12960   17203      9085       2737       105420     237943823  1131       200229     200229     2.93e+06   0.0597533333< 0.089 0.955 >
2023-02-14 09:04:58 [02/14/23 09:04:58   25.12s]: 17280   12348      736        3978       203282     431459885  3227       301728     301728     4.04e+05   0.0979306667< 0.126 0.975 >
2023-02-14 09:05:31 [02/14/23 09:05:31   33.31s]: 21600   6367       59         3002       291036     522861422  4067       389392     389392     4.33e+04   0.1335395556< 0.140 0.964 >
2023-02-14 09:06:03 [02/14/23 09:06:03   31.85s]: 25920   2221       6          1189       334663     566036338  2251       440722     440722     4.47e+03   0.1502573333< 0.124 0.946 >
2023-02-14 09:06:29 [02/14/23 09:06:29   26.03s]: 30240   6113       215        2626       371399     586429902  3328       515656     515656     8.59e+04   0.1690457778< 0.117 0.932 >
2023-02-14 09:07:03 [02/14/23 09:07:03   33.55s]: 34560   3759       66         1974       427076     596060204  3265       589104     589104     1.20e+04   0.1923888889< 0.151 0.922 >
2023-02-14 09:07:40 [02/14/23 09:07:40   37.59s]: 38880   4574       17         1827       473472     600609344  3062       654059     654059     1.90e+04   0.2132844444< 0.161 0.957 >
2023-02-14 09:08:18 [02/14/23 09:08:18   37.88s]: 43200   3734       32         1741       520226     602758374  3039       713913     713913     1.45e+04   0.2336591111< 0.163 0.960 >
2023-02-14 09:08:57 [02/14/23 09:08:57   38.83s]: 47520   5834       15         2525       575556     603772815  3846       785812     785812     2.85e+04   0.2595244444< 0.166 0.952 >
2023-02-14 09:09:36 [02/14/23 09:09:36   39.02s]: 51840   6177       19         2782       625713     604252457  3719       850941     850941     1.91e+04   0.2820848889< 0.159 0.947 >
2023-02-14 09:10:18 [02/14/23 09:10:18   42.07s]: 56160   4614       95         1881       684485     604477891  3727       922227     922227     4.47e+04   0.3071444444< 0.176 0.948 >
2023-02-14 09:11:03 [02/14/23 09:11:03   44.78s]: 60480   4180       63         2082       741485     604584334  3724       1007996    1007996    3.36e+04   0.3323600000< 0.180 0.940 >
2023-02-14 09:11:47 [02/14/23 09:11:47   43.99s]: 64800   8609       73         3768       803445     604633815  5288       1110578    1110578    6.97e+04   0.3626200000< 0.186 0.941 >
2023-02-14 09:12:37 [02/14/23 09:12:37   50.54s]: 69120   5892       25         1786       858664     604658751  2952       1180574    1180574    7.35e+03   0.3850520000< 0.203 0.935 >
2023-02-14 09:13:31 [02/14/23 09:13:31   54.12s]: 73440   6113       25         2808       930797     604667641  4685       1270253    1270253    3.19e+04   0.4176635556< 0.224 0.954 >
2023-02-14 09:14:30 [02/14/23 09:14:30   58.97s]: 77760   7740       60         3144       997933     604672255  4922       1376629    1376629    5.25e+04   0.4483897778< 0.223 0.951 >
2023-02-14 09:15:35 [02/14/23 09:15:35   64.35s]: 82080   7756       29         2685       1079011    604673261  4800       1475705    1475705    2.01e+04   0.4842137778< 0.250 0.954 >
2023-02-14 09:16:47 [02/14/23 09:16:47   72.74s]: 86400   7445       13         3488       1165740    604671415  6770       1573469    1573469    4.63e+04   0.5229715556< 0.278 0.961 >
2023-02-14 09:18:08 [02/14/23 09:18:08   80.14s]: 90720   10148      136        3908       1244126    604672009  6245       1677915    1677915    6.46e+04   0.5592524444< 0.288 0.960 >
2023-02-14 09:19:32 [02/14/23 09:19:32   84.52s]: 95040   6829       54         3080       1333848    604671143  5538       1761875    1761875    2.35e+04   0.5972493333< 0.296 0.946 >
2023-02-14 09:20:55 [02/14/23 09:20:55   82.70s]: 99360   7758       198        3815       1421286    604670682  6448       1867921    1867921    7.40e+04   0.6369142222< 0.290 0.947 >
2023-02-14 09:22:16 [02/14/23 09:22:16   81.22s]: 103680  10076      103        3947       1501538    604671418  6195       1979485    1979485    8.24e+04   0.6736284444< 0.280 0.953 >
2023-02-14 09:23:40 [02/14/23 09:23:40   84.05s]: 108000  8918       166        3859       1592423    604670834  5607       2091728    2091728    5.00e+04   0.7134960000< 0.304 0.944 >
2023-02-14 09:25:09 [02/14/23 09:25:09   89.43s]: 112320  8846       65         3715       1694506    604669260  6296       2218909    2218909    3.85e+04   0.7587253333< 0.328 0.957 >
2023-02-14 09:26:48 [02/14/23 09:26:48   99.02s]: 116640  11301      51         5588       1805257    604666557  8799       2358097    2358097    6.25e+04   0.8098653333< 0.358 0.974 >
2023-02-14 09:28:35 [02/14/23 09:28:35  106.14s]: 120960  9181       162        4327       1908798    604666478  6512       2485811    2485811    6.73e+04   0.8544302222< 0.374 0.962 >
2023-02-14 09:30:21 [02/14/23 09:30:21  106.22s]: 125280  9235       34         4426       2024131    604664264  8097       2642577    2642577    2.52e+04   0.9057004444< 0.377 0.960 >
2023-02-14 09:32:08 [02/14/23 09:32:08  107.53s]: 129600  13357      380        5595       2119210    604665401  7897       2785638    2785638    1.46e+05   0.9504631111< 0.367 0.967 >
2023-02-14 09:34:04 [02/14/23 09:34:04  115.34s]: 133920  10537      43         3483       2243491    604664647  5936       2917579    2917579    3.92e+04   1.0033573333< 0.406 0.969 >
2023-02-14 09:36:08 [02/14/23 09:36:08  124.06s]: 138240  14778      67         6795       2397318    604658961  11154      3112843    3112843    6.18e+04   1.0750924444< 0.451 0.960 >
2023-02-14 09:38:29 [02/14/23 09:38:29  141.72s]: 142560  11951      137        5508       2530108    604657568  9651       3249458    3249458    7.01e+04   1.1323128889< 0.462 0.969 >
2023-02-14 09:40:47 [02/14/23 09:40:47  137.21s]: 146880  10839      136        5360       2657756    604658383  8970       3401636    3401636    7.20e+04   1.1884848889< 0.448 0.962 >
2023-02-14 09:42:56 [02/14/23 09:42:56  129.18s]: 151200  12792      215        4985       2778272    604660439  8170       3562633    3562633    8.20e+04   1.2427840000< 0.422 0.958 >
2023-02-14 09:45:07 [02/14/23 09:45:07  130.94s]: 155520  14035      33         6355       2921644    604658237  9472       3732668    3732668    5.85e+04   1.3075853333< 0.448 0.959 >
2023-02-14 09:47:23 [02/14/23 09:47:23  136.36s]: 159840  11568      155        5358       3053803    604658308  9434       3876127    3876127    8.15e+04   1.3648373333< 0.456 0.963 >
2023-02-14 09:49:43 [02/14/23 09:49:43  139.72s]: 164160  8701       56         4773       3181628    604657813  9488       4014859    4014859    4.79e+04   1.4200702222< 0.470 0.969 >
2023-02-14 09:51:56 [02/14/23 09:51:56  133.17s]: 168480  16695      114        6082       3292861    604659736  9377       4161784    4161784    1.30e+05   1.4736675556< 0.435 0.975 >
2023-02-14 09:54:13 [02/14/23 09:54:13  137.25s]: 172800  11947      60         4868       3424229    604659174  8119       4320314    4320314    2.97e+04   1.5293795556< 0.444 0.973 >
2023-02-14 09:56:28 [02/14/23 09:56:28  134.71s]: 177120  12394      87         6112       3569251    604656471  10863      4490905    4490905    7.82e+04   1.5945973333< 0.463 0.966 >
2023-02-14 09:58:53 [02/14/23 09:58:53  144.72s]: 181440  13272      111        5611       3704602    604655931  10401      4655597    4655597    1.03e+05   1.6549315556< 0.486 0.975 >
2023-02-14 10:01:24 [02/14/23 10:01:24  151.58s]: 185760  14658      92         6396       3851004    604654594  11074      4830409    4830409    3.98e+04   1.7209555556< 0.517 0.970 >
2023-02-14 10:04:08 [02/14/23 10:04:08  163.33s]: 190080  15119      177        6719       4009010    604652615  11303      5045077    5045077    1.13e+05   1.7915666667< 0.546 0.978 >
2023-02-14 10:07:03 [02/14/23 10:07:03  175.29s]: 194400  15636      98         7437       4165568    604651258  11619      5244939    5244939    7.66e+04   1.8616617778< 0.549 0.972 >
2023-02-14 10:09:51 [02/14/23 10:09:51  168.03s]: 198720  17813      144        7410       4314414    604651915  10939      5440404    5440404    7.98e+04   1.9287915556< 0.536 0.947 >
2023-02-14 10:12:58 [02/14/23 10:12:58  186.63s]: 203040  15153      142        7459       4501879    604648010  13230      5660957    5660957    9.99e+04   2.0109480000< 0.580 0.963 >
2023-02-14 10:15:57 [02/14/23 10:15:57  179.27s]: 207360  18133      141        7261       4643633    604650225  10548      5850628    5850628    9.63e+04   2.0751857778< 0.566 0.962 >
2023-02-14 10:19:16 [02/14/23 10:19:16  199.65s]: 211680  16171      324        7360       4849512    604644293  13740      6102205    6102205    1.18e+05   2.1659408889< 0.634 0.974 >
2023-02-14 10:22:40 [02/14/23 10:22:40  203.48s]: 216000  18730      284        8283       5028656    604643990  13792      6346139    6346139    1.43e+05   2.2470902222< 0.634 0.968 >
2023-02-14 10:22:40 [02/14/23 10:22:40    0.19s]: 216004  18758      283        8279       5028833    604643970  13793      6346377    6346377    1.43e+05   2.2471791111< 0.634 0.968 >
2023-02-14 10:22:40  ---  main.cpp:generate tcells took  avg 0.06 s max 0.08 s balance 0.78  --- 
2023-02-14 10:22:40  ---  main.cpp:update circulating tcells took  avg 83.95 s max 88.99 s balance 0.94  --- 
2023-02-14 10:22:40  ---  main.cpp:update tcells took  avg 225.73 s max 249.10 s balance 0.91  --- 
2023-02-14 10:22:40  ---  main.cpp:update epicells took  avg 143.00 s max 146.53 s balance 0.98  --- 
2023-02-14 10:22:40  ---  main.cpp:update concentrations took  avg 1024.16 s max 1063.56 s balance 0.96  --- 
2023-02-14 10:22:40  ---  main.cpp:compute updates took  avg 2688.74 s max 2688.83 s balance 1.00  --- 
2023-02-14 10:22:40  ---  main.cpp:dispatch updates took  avg 1135.75 s max 1242.33 s balance 0.91  --- 
2023-02-14 10:22:40  ---  main.cpp:add new actives took  avg 64.63 s max 65.98 s balance 0.98  --- 
2023-02-14 10:22:40  ---  main.cpp:erase inactive took  avg 542.56 s max 589.22 s balance 0.92  --- 
2023-02-14 10:22:40  ---  main.cpp:sample took  avg 0.00 s max 0.00 s balance -nan  --- 
2023-02-14 10:22:40  ---  main.cpp:sample write took  avg 0.00 s max 0.00 s balance -nan  --- 
2023-02-14 10:22:40  ---  main.cpp:log took  avg 16.23 s max 16.35 s balance 0.99  --- 
2023-02-14 10:22:40 Finished 216005 time steps in 4711.3999 s (0.0218 s per step)
2023-02-14 10:22:40  --- Elapsed time for main.cpp:run_sim:  (exiting barrier) 2023-02-14 10:22:40 ...
2023-02-14 10:22:40           ... (min/my/avg/max, bal) (4711.40/4711.40/4711.40/4711.40 s, 1.00) barrier(0.00 s) --- 
2023-02-14 10:22:41 Peak memory used across all nodes: 24.56GB
2023-02-14 10:22:41 Finished in 4715.40 s at 02/14/23 10:22:41 for SimCov version 0.1.1.9cc77ef-dirty
