2023-02-16 17:17:56 SimCov version SimCov version 0.1.1.8024051-dirty-master built on 20230216_082905
2023-02-16 17:17:56 _________________________
2023-02-16 17:17:56 Compiler definitions:
2023-02-16 17:17:56   _XOPEN_SOURCE=700
2023-02-16 17:17:56   CONFIG_USE_COLORS
2023-02-16 17:17:56   USE_BYTELL
2023-02-16 17:17:56   MAX_VIRIONS=125000
2023-02-16 17:17:56   MIN_VIRIONS=1e-10
2023-02-16 17:17:56   BLOCK_PARTITION
2023-02-16 17:17:56   MIN_BLOCKS_PER_PROC=1
2023-02-16 17:17:56   AVERAGE_SUBSAMPLE
2023-02-16 17:17:56 _________________________
2023-02-16 17:17:56 Options:
2023-02-16 17:17:56   dim =                         15000 15000 1
2023-02-16 17:17:56   whole-lung-dim =              48000 40000 20000
2023-02-16 17:17:56   timesteps =                   144005
2023-02-16 17:17:56   infection-coords =            uniform:1
2023-02-16 17:17:56   initial-infection =           999
2023-02-16 17:17:56   incubation-period =           1200
2023-02-16 17:17:56   apoptosis-period =            180
2023-02-16 17:17:56   expressing-period =           900
2023-02-16 17:17:56   infectivity =                 0.1
2023-02-16 17:17:56   infectivity-multiplier =      1.0
2023-02-16 17:17:56   virion-production =           1.1
2023-02-16 17:17:56   virion-production-multiplier = 1.0
2023-02-16 17:17:56   virion-clearance =            0.004
2023-02-16 17:17:56   virion-diffusion =            0.15
2023-02-16 17:17:56   chemokine-production =        1.0
2023-02-16 17:17:56   chemokine-decay =             0.01
2023-02-16 17:17:56   chemokine-diffusion =         1.0
2023-02-16 17:17:56   min-chemokine =               1e-06
2023-02-16 17:17:56   antibody-factor =             1
2023-02-16 17:17:56   antibody-period =             5760
2023-02-16 17:17:56   tcell-generation-rate =       105000
2023-02-16 17:17:56   tcell-initial-delay =         10080
2023-02-16 17:17:56   tcell-vascular-period =       5760
2023-02-16 17:17:56   tcell-tissue-period =         1440
2023-02-16 17:17:56   tcell-binding-period =        10
2023-02-16 17:17:56   max-binding-prob =            1
2023-02-16 17:17:56   tcells-follow-gradient =      false
2023-02-16 17:17:56   seed =                        9
2023-02-16 17:17:56   sample-period =               0
2023-02-16 17:17:56   sample-resolution =           1
2023-02-16 17:17:56   max-block-dim =               10
2023-02-16 17:17:56   output =                      exp_results/per_1200_inf_0.1/init_1000/9
2023-02-16 17:17:56 _________________________
2023-02-16 17:17:56 Starting run with 64 processes on 2 nodes at 02/16/23 17:17:56
2023-02-16 17:17:56 Pinned processes, with process 0 (pid 3870029) pinned to core 0
2023-02-16 17:17:56 Using block partitioning
2023-02-16 17:17:56 Initial free memory across all nodes: 151.84GB
2023-02-16 17:17:56 Starting with 76.20GB free on node 0
2023-02-16 17:17:56 Dividing 225000000 grid points into 3515625 squares of size 64 (8^2), with 54932 per process
2023-02-16 17:17:56 Total initial memory required per process is at least 281.63MB with each grid point requiring on average 84 bytes
2023-02-16 17:17:59  --- Elapsed time for tissue.cpp:Tissue:  (exiting barrier) 2023-02-16 17:17:59 ...
2023-02-16 17:17:59           ... (min/my/avg/max, bal) (3.49/3.49/3.49/3.49 s, 1.00) barrier(0.00 s) --- 
2023-02-16 17:17:59 Memory used on node 0 after initialization is  10.91GB
2023-02-16 17:17:59           ... (min/my/avg/max, bal) No-Time barrier(0.00 s) --- 
2023-02-16 17:17:59 Fraction of circulating T cells extravasating is 5.85938e-06
2023-02-16 17:17:59 # datetime                    step    incb       expr       apop       dead       tvas       ttis       chem       virs       chempts    %infct     <%active  lbln>
2023-02-16 17:17:59 [0] <main.cpp:141> WARNING: Time step 0: SUCCESSFUL initial infection at (7500, 7500, 0) after 0 tries
2023-02-16 17:17:59 [02/16/23 17:17:59    0.00s]: 0       1          0          0          0          0          0          0.00e+00   0.00e+00   1.00e+00   0.00       < 0.000 0.016 >
2023-02-16 17:18:00 [02/16/23 17:18:00    1.30s]: 2880    5125       1678       0          1145       0          0          1.73e-05   2.80e+05   2.72e+04   0.00       < 0.012 0.829 >
2023-02-16 17:18:04 [02/16/23 17:18:04    3.16s]: 5760    9591       6736       0          11934      0          0          6.38e-05   1.78e+06   6.15e+04   0.01       < 0.027 0.898 >
2023-02-16 17:18:09 [02/16/23 17:18:09    5.34s]: 8640    16060      9151       0          36625      0          0          9.58e-05   2.47e+06   1.09e+05   0.03       < 0.048 0.935 >
2023-02-16 17:18:18 [02/16/23 17:18:18    8.73s]: 11520   19468      13796      1009       73542      133767900  350        1.42e-04   3.82e+06   1.68e+05   0.05       < 0.075 0.946 >
2023-02-16 17:18:31 [02/16/23 17:18:31   13.15s]: 14400   15560      4350       3506       138652     319073191  1864       1.33e-04   1.72e+06   2.33e+05   0.07       < 0.103 0.971 >
2023-02-16 17:18:49 [02/16/23 17:18:49   18.19s]: 17280   12359      658        3911       203117     431459455  3222       6.61e-05   3.88e+05   3.01e+05   0.10       < 0.125 0.969 >
2023-02-16 17:19:11 [02/16/23 17:19:11   21.84s]: 20160   7608       71         3498       263849     499620559  4001       1.98e-05   5.37e+04   3.61e+05   0.12       < 0.137 0.963 >
2023-02-16 17:19:34 [02/16/23 17:19:34   22.76s]: 23040   2682       13         1684       305737     540961206  3330       3.19e-06   7.10e+03   3.68e+05   0.14       < 0.136 0.950 >
2023-02-16 17:19:52 [02/16/23 17:19:52   18.82s]: 25920   1686       5          821        321030     566037300  1440       8.51e-07   1.30e+03   3.54e+05   0.14       < 0.114 0.941 >
2023-02-16 17:20:09 [02/16/23 17:20:09   16.36s]: 28800   4447       12         1804       342537     581245244  2579       4.14e-06   1.64e+04   4.21e+05   0.16       < 0.103 0.935 >
2023-02-16 17:20:26 [02/16/23 17:20:26   17.25s]: 31680   3316       19         1362       368417     590468654  2317       4.85e-06   2.86e+04   4.26e+05   0.17       < 0.111 0.921 >
2023-02-16 17:20:44 [02/16/23 17:20:44   17.60s]: 34560   3562       36         1480       391223     596062969  2345       7.15e-06   2.79e+04   4.57e+05   0.18       < 0.115 0.936 >
2023-02-16 17:21:03 [02/16/23 17:21:03   19.23s]: 37440   4182       52         1861       417705     599454960  3116       9.82e-06   3.42e+04   4.96e+05   0.19       < 0.127 0.937 >
2023-02-16 17:21:24 [02/16/23 17:21:24   21.01s]: 40320   3615       54         1681       446092     601512434  2518       5.47e-06   1.86e+04   5.11e+05   0.20       < 0.134 0.941 >
2023-02-16 17:21:44 [02/16/23 17:21:44   20.36s]: 43200   5222       38         1949       472604     602760439  2886       8.03e-06   2.66e+04   5.47e+05   0.21       < 0.133 0.930 >
2023-02-16 17:22:05 [02/16/23 17:22:05   20.80s]: 46080   3051       27         1353       502306     603517506  2606       5.10e-06   1.51e+04   5.67e+05   0.23       < 0.133 0.949 >
2023-02-16 17:22:25 [02/16/23 17:22:25   19.97s]: 48960   2978       11         1319       524995     603977012  2323       2.35e-06   5.14e+03   5.73e+05   0.24       < 0.123 0.939 >
2023-02-16 17:22:45 [02/16/23 17:22:45   20.17s]: 51840   5122       48         2380       551439     604255105  3017       5.97e-06   1.49e+04   6.28e+05   0.25       < 0.131 0.935 >
2023-02-16 17:23:08 [02/16/23 17:23:08   23.18s]: 54720   4392       96         1986       590598     604422562  3398       8.06e-06   4.64e+04   6.66e+05   0.27       < 0.153 0.947 >
2023-02-16 17:23:31 [02/16/23 17:23:31   22.88s]: 57600   5970       345        2560       619672     604525196  3337       1.44e-05   7.48e+04   7.28e+05   0.28       < 0.148 0.939 >
2023-02-16 17:23:59 [02/16/23 17:23:59   28.15s]: 60480   5813       33         3091       671845     604584474  4818       7.48e-06   2.57e+04   7.57e+05   0.30       < 0.185 0.968 >
2023-02-16 17:24:32 [02/16/23 17:24:32   32.43s]: 63360   7947       114        3213       712257     604621016  4541       1.34e-05   5.60e+04   8.57e+05   0.32       < 0.207 0.934 >
2023-02-16 17:25:07 [02/16/23 17:25:07   34.94s]: 66240   4832       26         2132       758789     604643698  4125       7.93e-06   1.45e+04   8.55e+05   0.34       < 0.203 0.950 >
2023-02-16 17:25:41 [02/16/23 17:25:41   34.79s]: 69120   7377       135        3067       798973     604657410  4015       1.40e-05   7.36e+04   9.29e+05   0.36       < 0.209 0.957 >
2023-02-16 17:26:19 [02/16/23 17:26:19   37.16s]: 72000   7697       50         3035       851958     604663737  5122       1.16e-05   5.65e+04   9.76e+05   0.38       < 0.216 0.955 >
2023-02-16 17:26:58 [02/16/23 17:26:58   38.96s]: 74880   6592       187        2929       896479     604668829  4637       1.69e-05   6.72e+04   1.01e+06   0.40       < 0.228 0.965 >
2023-02-16 17:27:36 [02/16/23 17:27:36   38.84s]: 77760   8837       123        3388       944096     604671648  5043       1.06e-05   4.54e+04   1.08e+06   0.43       < 0.229 0.932 >
2023-02-16 17:28:20 [02/16/23 17:28:20   43.70s]: 80640   6419       82         3251       1003790    604671461  5951       1.09e-05   4.67e+04   1.13e+06   0.45       < 0.253 0.963 >
2023-02-16 17:29:06 [02/16/23 17:29:06   45.65s]: 83520   7071       17         2905       1048864    604672756  4539       6.98e-06   1.88e+04   1.16e+06   0.47       < 0.262 0.971 >
2023-02-16 17:29:50 [02/16/23 17:29:50   44.50s]: 86400   9212       28         3599       1099214    604673437  5457       7.42e-06   1.83e+04   1.24e+06   0.49       < 0.242 0.962 >
2023-02-16 17:30:35 [02/16/23 17:30:35   44.84s]: 89280   8516       109        3191       1153498    604673868  5125       1.56e-05   6.30e+04   1.30e+06   0.52       < 0.264 0.958 >
2023-02-16 17:31:23 [02/16/23 17:31:23   48.21s]: 92160   6361       139        2947       1206728    604673060  5950       1.69e-05   5.27e+04   1.35e+06   0.54       < 0.269 0.956 >
2023-02-16 17:32:15 [02/16/23 17:32:15   51.56s]: 95040   10539      113        4634       1263777    604672612  5804       2.03e-05   9.76e+04   1.43e+06   0.57       < 0.289 0.951 >
2023-02-16 17:33:11 [02/16/23 17:33:11   56.06s]: 97920   7133       44         3663       1338462    604670522  6514       7.68e-06   1.89e+04   1.46e+06   0.60       < 0.290 0.959 >
2023-02-16 17:34:06 [02/16/23 17:34:06   55.34s]: 100800  11662      158        4627       1390959    604670758  6416       1.97e-05   7.32e+04   1.57e+06   0.63       < 0.308 0.958 >
2023-02-16 17:35:07 [02/16/23 17:35:07   60.94s]: 103680  10815      189        4312       1468398    604668562  7268       1.91e-05   8.70e+04   1.64e+06   0.66       < 0.327 0.966 >
2023-02-16 17:36:10 [02/16/23 17:36:10   62.29s]: 106560  7033       80         2732       1530921    604669209  5624       1.15e-05   4.17e+04   1.64e+06   0.68       < 0.329 0.973 >
2023-02-16 17:37:09 [02/16/23 17:37:09   59.54s]: 109440  15342      239        6238       1595775    604668122  8200       2.19e-05   8.25e+04   1.80e+06   0.72       < 0.328 0.957 >
2023-02-16 17:38:19 [02/16/23 17:38:19   70.19s]: 112320  9038       49         4402       1690133    604665254  7916       1.16e-05   4.48e+04   1.86e+06   0.76       < 0.379 0.968 >
2023-02-16 17:39:28 [02/16/23 17:39:28   68.85s]: 115200  12039      256        4434       1751919    604666663  6712       2.56e-05   1.18e+05   1.92e+06   0.79       < 0.376 0.954 >
2023-02-16 17:40:41 [02/16/23 17:40:41   72.71s]: 118080  11691      85         5414       1842274    604663739  9296       2.10e-05   7.74e+04   2.04e+06   0.83       < 0.385 0.959 >
2023-02-16 17:41:57 [02/16/23 17:41:57   76.67s]: 120960  9963       218        4892       1921116    604662804  8108       1.98e-05   8.76e+04   2.09e+06   0.86       < 0.401 0.972 >
2023-02-16 17:43:16 [02/16/23 17:43:16   78.34s]: 123840  15253      146        6599       2005410    604661051  9850       2.11e-05   9.30e+04   2.25e+06   0.90       < 0.404 0.968 >
2023-02-16 17:44:38 [02/16/23 17:44:38   81.75s]: 126720  12263      92         4672       2094047    604660617  8259       1.77e-05   6.16e+04   2.29e+06   0.94       < 0.432 0.964 >
2023-02-16 17:46:04 [02/16/23 17:46:04   86.38s]: 129600  16074      183        5495       2175251    604660194  9093       2.36e-05   6.84e+04   2.42e+06   0.98       < 0.453 0.971 >
2023-02-16 17:47:36 [02/16/23 17:47:36   91.78s]: 132480  13602      134        6748       2282243    604656969  11040      1.53e-05   4.44e+04   2.51e+06   1.02       < 0.459 0.965 >
2023-02-16 17:49:08 [02/16/23 17:49:08   92.46s]: 135360  11547      237        6200       2378579    604656916  10166      2.32e-05   9.05e+04   2.58e+06   1.07       < 0.477 0.970 >
2023-02-16 17:50:42 [02/16/23 17:50:42   93.87s]: 138240  14975      242        6375       2463683    604656469  9890       2.73e-05   1.32e+05   2.72e+06   1.10       < 0.483 0.969 >
2023-02-16 17:52:20 [02/16/23 17:52:20   98.21s]: 141120  13422      125        5943       2569136    604655460  10082      2.11e-05   9.88e+04   2.78e+06   1.15       < 0.496 0.973 >
2023-02-16 17:53:55 [02/16/23 17:53:55   94.88s]: 144000  14750      136        6450       2660237    604655279  10659      2.15e-05   6.43e+04   2.91e+06   1.19       < 0.484 0.976 >
2023-02-16 17:53:55 [02/16/23 17:53:55    0.13s]: 144004  14798      137        6403       2660410    604655274  10671      2.14e-05   6.43e+04   2.91e+06   1.19       < 0.484 0.976 >
2023-02-16 17:53:55  ---  main.cpp:generate tcells took  avg 0.04 s max 0.05 s balance 0.73  --- 
2023-02-16 17:53:55  ---  main.cpp:update circulating tcells took  avg 53.70 s max 56.59 s balance 0.95  --- 
2023-02-16 17:53:55  ---  main.cpp:update tcells took  avg 109.49 s max 119.34 s balance 0.92  --- 
2023-02-16 17:53:55  ---  main.cpp:update epicells took  avg 70.79 s max 72.63 s balance 0.97  --- 
2023-02-16 17:53:55  ---  main.cpp:update concentrations took  avg 458.11 s max 469.26 s balance 0.98  --- 
2023-02-16 17:53:55  ---  main.cpp:compute updates took  avg 1246.86 s max 1246.89 s balance 1.00  --- 
2023-02-16 17:53:55  ---  main.cpp:dispatch updates took  avg 522.74 s max 564.86 s balance 0.93  --- 
2023-02-16 17:53:55  ---  main.cpp:add new actives took  avg 31.97 s max 33.61 s balance 0.95  --- 
2023-02-16 17:53:55  ---  main.cpp:erase inactive took  avg 245.18 s max 251.81 s balance 0.97  --- 
2023-02-16 17:53:55  ---  main.cpp:sample took  avg 0.00 s max 0.00 s balance -nan  --- 
2023-02-16 17:53:55  ---  main.cpp:sample write took  avg 0.00 s max 0.00 s balance -nan  --- 
2023-02-16 17:53:55  ---  main.cpp:log took  avg 10.84 s max 10.92 s balance 0.99  --- 
2023-02-16 17:53:55 Finished 144005 time steps in 2156.2053 s (0.0150 s per step)
2023-02-16 17:53:55  --- Elapsed time for main.cpp:run_sim:  (exiting barrier) 2023-02-16 17:53:55 ...
2023-02-16 17:53:55           ... (min/my/avg/max, bal) (2156.20/2156.21/2156.20/2156.21 s, 1.00) barrier(0.00 s) --- 
2023-02-16 17:53:56 Peak memory used across all nodes: 22.47GB
2023-02-16 17:53:56 Finished in 2160.18 s at 02/16/23 17:53:56 for SimCov version 0.1.1.8024051-dirty
