2023-02-18 18:16:37 SimCov version SimCov version 0.1.1.8024051-dirty-master built on 20230216_082905
2023-02-18 18:16:37 _________________________
2023-02-18 18:16:37 Compiler definitions:
2023-02-18 18:16:37   _XOPEN_SOURCE=700
2023-02-18 18:16:37   CONFIG_USE_COLORS
2023-02-18 18:16:37   USE_BYTELL
2023-02-18 18:16:37   MAX_VIRIONS=125000
2023-02-18 18:16:37   MIN_VIRIONS=1e-10
2023-02-18 18:16:37   BLOCK_PARTITION
2023-02-18 18:16:37   MIN_BLOCKS_PER_PROC=1
2023-02-18 18:16:37   AVERAGE_SUBSAMPLE
2023-02-18 18:16:37 _________________________
2023-02-18 18:16:37 Options:
2023-02-18 18:16:37   dim =                         15000 15000 1
2023-02-18 18:16:37   whole-lung-dim =              48000 40000 20000
2023-02-18 18:16:37   timesteps =                   144005
2023-02-18 18:16:37   infection-coords =            uniform:1
2023-02-18 18:16:37   initial-infection =           999
2023-02-18 18:16:37   incubation-period =           1200
2023-02-18 18:16:37   apoptosis-period =            180
2023-02-18 18:16:37   expressing-period =           900
2023-02-18 18:16:37   infectivity =                 0.1
2023-02-18 18:16:37   infectivity-multiplier =      1.0
2023-02-18 18:16:37   virion-production =           1.1
2023-02-18 18:16:37   virion-production-multiplier = 1.0
2023-02-18 18:16:37   virion-clearance =            0.004
2023-02-18 18:16:37   virion-diffusion =            0.15
2023-02-18 18:16:37   chemokine-production =        1.0
2023-02-18 18:16:37   chemokine-decay =             0.01
2023-02-18 18:16:37   chemokine-diffusion =         1.0
2023-02-18 18:16:37   min-chemokine =               1e-06
2023-02-18 18:16:37   antibody-factor =             1
2023-02-18 18:16:37   antibody-period =             5760
2023-02-18 18:16:37   tcell-generation-rate =       105000
2023-02-18 18:16:37   tcell-initial-delay =         10080
2023-02-18 18:16:37   tcell-vascular-period =       5760
2023-02-18 18:16:37   tcell-tissue-period =         1440
2023-02-18 18:16:37   tcell-binding-period =        10
2023-02-18 18:16:37   max-binding-prob =            1
2023-02-18 18:16:37   tcells-follow-gradient =      false
2023-02-18 18:16:37   seed =                        1
2023-02-18 18:16:37   sample-period =               0
2023-02-18 18:16:37   sample-resolution =           1
2023-02-18 18:16:37   max-block-dim =               10
2023-02-18 18:16:37   output =                      exp_results/per_1200_inf_0.1/init_1001/1
2023-02-18 18:16:37 _________________________
2023-02-18 18:16:37 Starting run with 64 processes on 2 nodes at 02/18/23 18:16:37
2023-02-18 18:16:37 Pinned processes, with process 0 (pid 27543) pinned to core 0
2023-02-18 18:16:37 Using block partitioning
2023-02-18 18:16:37 Initial free memory across all nodes: 151.54GB
2023-02-18 18:16:37 Starting with 76.86GB free on node 0
2023-02-18 18:16:37 Dividing 225000000 grid points into 3515625 squares of size 64 (8^2), with 54932 per process
2023-02-18 18:16:37 Total initial memory required per process is at least 281.63MB with each grid point requiring on average 84 bytes
2023-02-18 18:16:41  --- Elapsed time for tissue.cpp:Tissue:  (exiting barrier) 2023-02-18 18:16:41 ...
2023-02-18 18:16:41           ... (min/my/avg/max, bal) (3.50/3.50/3.50/3.50 s, 1.00) barrier(0.00 s) --- 
2023-02-18 18:16:41 Memory used on node 0 after initialization is  10.90GB
2023-02-18 18:16:41           ... (min/my/avg/max, bal) No-Time barrier(0.00 s) --- 
2023-02-18 18:16:41 Fraction of circulating T cells extravasating is 5.85938e-06
2023-02-18 18:16:41 # datetime                    step    incb       expr       apop       dead       tvas       ttis       chem       virs       chempts    %infct     <%active  lbln>
2023-02-18 18:16:41 [0] <main.cpp:141> WARNING: Time step 0: SUCCESSFUL initial infection at (7500, 7500, 0) after 0 tries
2023-02-18 18:16:41 [02/18/23 18:16:41    0.00s]: 0       1          0          0          0          0          0          0.00e+00   0.00e+00   1.00e+00   0.00       < 0.000 0.016 >
2023-02-18 18:16:42 [02/18/23 18:16:42    1.29s]: 2880    5078       1672       0          1137       0          0          1.73e-05   2.70e+05   2.67e+04   0.00       < 0.012 0.816 >
2023-02-18 18:16:45 [02/18/23 18:16:45    3.12s]: 5760    9806       6684       0          12069      0          0          6.34e-05   1.82e+06   6.22e+04   0.01       < 0.028 0.898 >
2023-02-18 18:16:50 [02/18/23 18:16:50    5.40s]: 8640    15889      9507       0          36469      0          0          9.61e-05   2.48e+06   1.09e+05   0.03       < 0.048 0.933 >
2023-02-18 18:16:59 [02/18/23 18:16:59    8.66s]: 11520   19125      13124      1076       74143      133767888  383        1.40e-04   3.70e+06   1.67e+05   0.05       < 0.074 0.943 >
2023-02-18 18:17:12 [02/18/23 18:17:12   13.32s]: 14400   15584      4362       3548       137833     319073144  1958       1.31e-04   1.67e+06   2.32e+05   0.07       < 0.102 0.961 >
2023-02-18 18:17:30 [02/18/23 18:17:30   18.05s]: 17280   12154      685        3749       201621     431459296  3134       6.77e-05   3.72e+05   2.99e+05   0.10       < 0.124 0.973 >
2023-02-18 18:17:52 [02/18/23 18:17:52   21.40s]: 20160   8778       92         3337       261531     499620717  3923       2.43e-05   6.40e+04   3.59e+05   0.12       < 0.137 0.966 >
2023-02-18 18:18:15 [02/18/23 18:18:15   23.30s]: 23040   4816       27         2645       311550     540960551  3936       7.15e-06   2.12e+04   3.90e+05   0.14       < 0.140 0.949 >
2023-02-18 18:18:37 [02/18/23 18:18:37   21.89s]: 25920   4712       27         1947       342445     566035188  2949       8.61e-06   3.31e+04   4.23e+05   0.16       < 0.134 0.952 >
2023-02-18 18:18:58 [02/18/23 18:18:58   21.09s]: 28800   3390       83         1743       371978     581243123  2699       6.73e-06   2.30e+04   4.32e+05   0.17       < 0.129 0.930 >
2023-02-18 18:19:19 [02/18/23 18:19:19   20.69s]: 31680   7439       184        2651       401089     590466689  3188       1.34e-05   5.42e+04   5.03e+05   0.18       < 0.135 0.929 >
2023-02-18 18:19:42 [02/18/23 18:19:42   23.18s]: 34560   4232       28         1856       442768     596059801  3663       8.97e-06   3.25e+04   5.20e+05   0.20       < 0.147 0.957 >
2023-02-18 18:20:06 [02/18/23 18:20:06   24.18s]: 37440   4924       110        2177       473738     599452664  3343       7.39e-06   3.68e+04   5.58e+05   0.21       < 0.155 0.958 >
2023-02-18 18:20:31 [02/18/23 18:20:31   24.85s]: 40320   6037       16         1852       505253     601510146  3160       5.32e-06   1.41e+04   5.95e+05   0.23       < 0.158 0.952 >
2023-02-18 18:20:59 [02/18/23 18:20:59   28.39s]: 43200   5687       128        2857       550302     602756629  4274       7.29e-06   2.57e+04   6.48e+05   0.25       < 0.180 0.957 >
2023-02-18 18:21:30 [02/18/23 18:21:30   30.86s]: 46080   6861       35         3161       594704     603512390  4655       9.27e-06   3.40e+04   7.12e+05   0.27       < 0.195 0.929 >
2023-02-18 18:22:03 [02/18/23 18:22:03   32.82s]: 48960   6087       114        2544       638848     603970916  4005       7.08e-06   2.73e+04   7.39e+05   0.29       < 0.201 0.965 >
2023-02-18 18:22:39 [02/18/23 18:22:39   35.66s]: 51840   8198       73         3457       684131     604247588  5574       1.07e-05   3.64e+04   8.11e+05   0.31       < 0.223 0.976 >
2023-02-18 18:23:21 [02/18/23 18:23:21   42.68s]: 54720   6872       17         2975       735489     604415784  4841       6.82e-06   1.70e+04   8.55e+05   0.33       < 0.252 0.926 >
2023-02-18 18:24:05 [02/18/23 18:24:05   43.41s]: 57600   6256       30         2420       780034     604518148  4484       1.04e-05   3.14e+04   8.88e+05   0.35       < 0.253 0.972 >
2023-02-18 18:24:49 [02/18/23 18:24:49   43.87s]: 60480   4861       41         2826       826932     604579192  5319       5.26e-06   1.05e+04   9.18e+05   0.37       < 0.251 0.969 >
2023-02-18 18:25:31 [02/18/23 18:25:31   41.89s]: 63360   5789       96         2571       863681     604618461  4206       1.11e-05   4.61e+04   9.69e+05   0.39       < 0.236 0.957 >
2023-02-18 18:26:10 [02/18/23 18:26:10   39.01s]: 66240   8422       224        3506       909428     604641319  4717       1.73e-05   7.84e+04   1.04e+06   0.41       < 0.217 0.941 >
2023-02-18 18:26:49 [02/18/23 18:26:49   38.96s]: 69120   4823       33         2241       961805     604654788  4399       6.81e-06   1.34e+04   1.04e+06   0.43       < 0.222 0.940 >
2023-02-18 18:27:27 [02/18/23 18:27:27   38.74s]: 72000   8946       54         3129       1001609    604663305  5026       1.30e-05   3.92e+04   1.14e+06   0.45       < 0.227 0.952 >
2023-02-18 18:28:09 [02/18/23 18:28:09   41.41s]: 74880   5586       23         2431       1057858    604667675  4832       6.83e-06   1.60e+04   1.16e+06   0.47       < 0.240 0.944 >
2023-02-18 18:28:51 [02/18/23 18:28:51   42.26s]: 77760   7718       143        3188       1103630    604670274  5530       1.46e-05   5.29e+04   1.22e+06   0.50       < 0.243 0.962 >
2023-02-18 18:29:36 [02/18/23 18:29:36   45.20s]: 80640   7763       39         3301       1160925    604671331  5312       1.04e-05   4.42e+04   1.28e+06   0.52       < 0.261 0.965 >
2023-02-18 18:30:22 [02/18/23 18:30:22   45.96s]: 83520   8074       85         3374       1212313    604672083  5558       1.36e-05   5.16e+04   1.36e+06   0.54       < 0.258 0.959 >
2023-02-18 18:31:08 [02/18/23 18:31:08   45.78s]: 86400   5235       35         2409       1263999    604672844  4900       5.26e-06   1.37e+04   1.37e+06   0.57       < 0.250 0.960 >
2023-02-18 18:31:50 [02/18/23 18:31:50   42.04s]: 89280   5471       18         2332       1306760    604674343  4554       7.79e-06   3.71e+04   1.40e+06   0.58       < 0.238 0.958 >
2023-02-18 18:32:32 [02/18/23 18:32:32   42.18s]: 92160   9187       133        4269       1352391    604674572  5636       1.51e-05   5.80e+04   1.50e+06   0.61       < 0.248 0.941 >
2023-02-18 18:33:19 [02/18/23 18:33:19   46.74s]: 95040   5995       166        2955       1408770    604673764  5139       1.35e-05   5.25e+04   1.53e+06   0.63       < 0.265 0.964 >
2023-02-18 18:34:05 [02/18/23 18:34:05   46.56s]: 97920   10904      357        3965       1457643    604673507  5876       2.60e-05   1.33e+05   1.61e+06   0.65       < 0.260 0.961 >
2023-02-18 18:35:03 [02/18/23 18:35:03   57.18s]: 100800  12066      97         4828       1532274    604670820  7374       1.80e-05   6.47e+04   1.73e+06   0.69       < 0.296 0.958 >
2023-02-18 18:36:05 [02/18/23 18:36:05   62.87s]: 103680  8369       122        4308       1610835    604668297  7379       1.79e-05   6.18e+04   1.76e+06   0.72       < 0.341 0.965 >
2023-02-18 18:37:12 [02/18/23 18:37:12   66.39s]: 106560  12845      300        5080       1677080    604667479  7538       2.44e-05   1.02e+05   1.86e+06   0.75       < 0.356 0.973 >
2023-02-18 18:38:25 [02/18/23 18:38:25   72.92s]: 109440  11515      168        5393       1766315    604663816  9541       1.88e-05   5.62e+04   1.96e+06   0.79       < 0.386 0.958 >
2023-02-18 18:39:41 [02/18/23 18:39:41   76.30s]: 112320  12734      134        4492       1838932    604664338  7013       1.69e-05   6.24e+04   2.03e+06   0.83       < 0.395 0.969 >
2023-02-18 18:40:59 [02/18/23 18:40:59   77.94s]: 115200  15060      251        6950       1933378    604661578  10346      3.03e-05   1.02e+05   2.19e+06   0.87       < 0.395 0.953 >
2023-02-18 18:42:23 [02/18/23 18:42:23   83.64s]: 118080  9448       87         4378       2032938    604659474  8508       1.43e-05   4.05e+04   2.21e+06   0.91       < 0.420 0.962 >
2023-02-18 18:43:46 [02/18/23 18:43:46   83.75s]: 120960  14346      282        6721       2110105    604659643  9434       3.22e-05   1.27e+05   2.33e+06   0.95       < 0.432 0.963 >
2023-02-18 18:45:18 [02/18/23 18:45:18   91.11s]: 123840  13966      147        6032       2215069    604657004  10568      1.77e-05   9.35e+04   2.44e+06   0.99       < 0.457 0.970 >
2023-02-18 18:46:53 [02/18/23 18:46:53   95.13s]: 126720  14609      370        6428       2309685    604656378  10161      2.24e-05   1.03e+05   2.55e+06   1.04       < 0.482 0.979 >
2023-02-18 18:48:31 [02/18/23 18:48:31   98.61s]: 129600  14124      179        6446       2410825    604655559  9679       2.34e-05   7.78e+04   2.64e+06   1.08       < 0.491 0.953 >
2023-02-18 18:50:09 [02/18/23 18:50:09   97.37s]: 132480  12310      193        5313       2500501    604656149  9367       2.05e-05   8.84e+04   2.72e+06   1.12       < 0.470 0.978 >
2023-02-18 18:51:39 [02/18/23 18:51:39   90.40s]: 135360  13001      32         5030       2585553    604658258  7784       1.42e-05   4.51e+04   2.80e+06   1.16       < 0.447 0.971 >
2023-02-18 18:53:08 [02/18/23 18:53:08   88.79s]: 138240  12578      139        6050       2676926    604657675  9630       2.39e-05   1.41e+05   2.88e+06   1.20       < 0.434 0.975 >
2023-02-18 18:54:35 [02/18/23 18:54:35   87.34s]: 141120  13129      176        5841       2765381    604658279  9172       2.34e-05   8.62e+04   2.96e+06   1.24       < 0.447 0.967 >
2023-02-18 18:56:04 [02/18/23 18:56:04   89.33s]: 144000  14097      284        6263       2856333    604657618  10354      2.65e-05   1.22e+05   3.07e+06   1.28       < 0.451 0.962 >
2023-02-18 18:56:05 [02/18/23 18:56:05    0.13s]: 144004  14084      279        6264       2856469    604657626  10345      2.65e-05   1.22e+05   3.07e+06   1.28       < 0.451 0.962 >
2023-02-18 18:56:05  ---  main.cpp:generate tcells took  avg 0.04 s max 0.05 s balance 0.78  --- 
2023-02-18 18:56:05  ---  main.cpp:update circulating tcells took  avg 54.63 s max 58.05 s balance 0.94  --- 
2023-02-18 18:56:05  ---  main.cpp:update tcells took  avg 121.09 s max 133.17 s balance 0.91  --- 
2023-02-18 18:56:05  ---  main.cpp:update epicells took  avg 77.37 s max 81.33 s balance 0.95  --- 
2023-02-18 18:56:05  ---  main.cpp:update concentrations took  avg 499.25 s max 523.94 s balance 0.95  --- 
2023-02-18 18:56:05  ---  main.cpp:compute updates took  avg 1362.40 s max 1362.46 s balance 1.00  --- 
2023-02-18 18:56:05  ---  main.cpp:dispatch updates took  avg 575.49 s max 623.12 s balance 0.92  --- 
2023-02-18 18:56:05  ---  main.cpp:add new actives took  avg 35.76 s max 36.70 s balance 0.97  --- 
2023-02-18 18:56:05  ---  main.cpp:erase inactive took  avg 273.12 s max 278.19 s balance 0.98  --- 
2023-02-18 18:56:05  ---  main.cpp:sample took  avg 0.00 s max 0.00 s balance -nan  --- 
2023-02-18 18:56:05  ---  main.cpp:sample write took  avg 0.00 s max 0.00 s balance -nan  --- 
2023-02-18 18:56:05  ---  main.cpp:log took  avg 10.71 s max 10.78 s balance 0.99  --- 
2023-02-18 18:56:05 Finished 144005 time steps in 2364.0534 s (0.0164 s per step)
2023-02-18 18:56:05  --- Elapsed time for main.cpp:run_sim:  (exiting barrier) 2023-02-18 18:56:05 ...
2023-02-18 18:56:05           ... (min/my/avg/max, bal) (2364.05/2364.05/2364.05/2364.05 s, 1.00) barrier(0.00 s) --- 
2023-02-18 18:56:05 Peak memory used across all nodes: 22.49GB
2023-02-18 18:56:05 Finished in 2367.78 s at 02/18/23 18:56:05 for SimCov version 0.1.1.8024051-dirty
