2023-02-14 10:23:08 SimCov version SimCov version 0.1.1.9cc77ef-dirty-branching_airways_3min_model built on 20230204_191356
2023-02-14 10:23:08 _________________________
2023-02-14 10:23:08 Compiler definitions:
2023-02-14 10:23:08   _XOPEN_SOURCE=700
2023-02-14 10:23:08   CONFIG_USE_COLORS
2023-02-14 10:23:08   USE_BYTELL
2023-02-14 10:23:08   MAX_VIRIONS=125000
2023-02-14 10:23:08   MIN_VIRIONS=1e-10
2023-02-14 10:23:08   BLOCK_PARTITION
2023-02-14 10:23:08   MIN_BLOCKS_PER_PROC=1
2023-02-14 10:23:08   AVERAGE_SUBSAMPLE
2023-02-14 10:23:08 _________________________
2023-02-14 10:23:08 Options:
2023-02-14 10:23:08   dim =                         15000 15000 1
2023-02-14 10:23:08   whole-lung-dim =              48000 40000 20000
2023-02-14 10:23:08   timesteps =                   216005
2023-02-14 10:23:08   infection-coords =            uniform:1
2023-02-14 10:23:08   initial-infection =           1001
2023-02-14 10:23:08   incubation-period =           1200
2023-02-14 10:23:08   apoptosis-period =            180
2023-02-14 10:23:08   expressing-period =           900
2023-02-14 10:23:08   infectivity =                 0.1
2023-02-14 10:23:08   infectivity-multiplier =      1.0
2023-02-14 10:23:08   virion-production =           1.1
2023-02-14 10:23:08   virion-production-multiplier = 1.0
2023-02-14 10:23:08   virion-clearance =            0.004
2023-02-14 10:23:08   virion-diffusion =            0.15
2023-02-14 10:23:08   chemokine-production =        1.0
2023-02-14 10:23:08   chemokine-decay =             0.01
2023-02-14 10:23:08   chemokine-diffusion =         1.0
2023-02-14 10:23:08   min-chemokine =               1e-06
2023-02-14 10:23:08   antibody-factor =             1
2023-02-14 10:23:08   antibody-period =             5760
2023-02-14 10:23:08   tcell-generation-rate =       105000
2023-02-14 10:23:08   tcell-initial-delay =         10080
2023-02-14 10:23:08   tcell-vascular-period =       5760
2023-02-14 10:23:08   tcell-tissue-period =         1440
2023-02-14 10:23:08   tcell-binding-period =        10
2023-02-14 10:23:08   max-binding-prob =            1
2023-02-14 10:23:08   tcells-follow-gradient =      false
2023-02-14 10:23:08   seed =                        1
2023-02-14 10:23:08   sample-period =               0
2023-02-14 10:23:08   sample-resolution =           1
2023-02-14 10:23:08   max-block-dim =               10
2023-02-14 10:23:08   output =                      exp_results/per_1200_inf_0.1/init_1001/1
2023-02-14 10:23:08 _________________________
2023-02-14 10:23:08 Starting run with 64 processes on 2 nodes at 02/14/23 10:23:08
2023-02-14 10:23:08 Pinned processes, with process 0 (pid 3808666) pinned to core 0
2023-02-14 10:23:08 Using block partitioning
2023-02-14 10:23:08 Initial free memory across all nodes: 152.23GB
2023-02-14 10:23:08 Starting with 76.29GB free on node 0
2023-02-14 10:23:08 Dividing 225000000 grid points into 3515625 squares of size 64 (8^2), with 54932 per process
2023-02-14 10:23:08 Total initial memory required per process is at least 308.46MB with each grid point requiring on average 92 bytes
2023-02-14 10:23:11  --- Elapsed time for tissue.cpp:Tissue:  (exiting barrier) 2023-02-14 10:23:11 ...
2023-02-14 10:23:11           ... (min/my/avg/max, bal) (3.44/3.44/3.44/3.44 s, 1.00) barrier(0.00 s) --- 
2023-02-14 10:23:11 Memory used on node 0 after initialization is  11.74GB
2023-02-14 10:23:11           ... (min/my/avg/max, bal) No-Time barrier(0.00 s) --- 
2023-02-14 10:23:11 Fraction of circulating T cells extravasating is 5.85938e-06
2023-02-14 10:23:11 # datetime                    step    incb       expr       apop       dead       tvas       ttis       inflcell   inflallvirs%infct     <%active  lbln>
2023-02-14 10:23:11 [0] <main.cpp:145> WARNING: Time step 0: SUCCESSFUL initial infection at (7500, 7500, 0) after 0 tries
2023-02-14 10:23:11 [02/14/23 10:23:11    0.01s]: 0       1          0          0          0          0          0          0          0          0.00e+00   0.0000004444< 0.000 0.016 >
2023-02-14 10:23:14 [02/14/23 10:23:14    2.56s]: 4320    8143       3301       0          5525       0          0          44197      44197      9.92e+05   0.0075417778< 0.020 0.841 >
2023-02-14 10:23:21 [02/14/23 10:23:21    6.96s]: 8640    15708      9450       0          36206      0          0          107598     107598     2.47e+06   0.0272728889< 0.048 0.941 >
2023-02-14 10:23:35 [02/14/23 10:23:35   14.54s]: 12960   17779      8895       2865       105173     237943900  1197       200735     200735     3.01e+06   0.0598720000< 0.089 0.952 >
2023-02-14 10:24:01 [02/14/23 10:24:01   25.14s]: 17280   11984      742        3943       203530     431459817  3227       301197     301197     4.09e+05   0.0978662222< 0.126 0.974 >
2023-02-14 10:24:34 [02/14/23 10:24:34   33.42s]: 21600   5919       53         2875       290115     522861246  4163       389803     389803     3.18e+04   0.1328720000< 0.140 0.968 >
2023-02-14 10:25:06 [02/14/23 10:25:06   31.66s]: 25920   3421       2          1248       331682     566037023  1862       441341     441341     6.77e+03   0.1494902222< 0.126 0.954 >
2023-02-14 10:25:29 [02/14/23 10:25:29   23.71s]: 30240   2722       34         942        359444     586431469  1799       483658     483658     1.67e+04   0.1613964444< 0.095 0.938 >
2023-02-14 10:25:53 [02/14/23 10:25:53   23.93s]: 34560   3829       39         1713       391713     596063928  2677       539166     539166     2.98e+04   0.1765751111< 0.108 0.932 >
2023-02-14 10:26:21 [02/14/23 10:26:21   27.54s]: 38880   3889       71         1922       429538     600612878  2734       599924     599924     2.20e+04   0.1935200000< 0.121 0.934 >
2023-02-14 10:26:51 [02/14/23 10:26:51   29.87s]: 43200   3684       45         1487       466873     602761361  2182       656357     656357     7.98e+03   0.2098173333< 0.123 0.941 >
2023-02-14 10:27:22 [02/14/23 10:27:22   31.76s]: 47520   5044       26         2444       521635     603774439  3879       740654     740654     2.97e+04   0.2351773333< 0.145 0.951 >
2023-02-14 10:27:58 [02/14/23 10:27:58   35.25s]: 51840   3697       144        1445       562352     604253999  2252       796912     796912     4.72e+04   0.2522835556< 0.148 0.933 >
2023-02-14 10:28:38 [02/14/23 10:28:38   40.25s]: 56160   4558       32         2214       619970     604478372  4128       881647     881647     1.93e+04   0.2785662222< 0.180 0.953 >
2023-02-14 10:29:21 [02/14/23 10:29:21   43.22s]: 60480   6809       58         2630       671172     604585070  3452       963422     963422     3.56e+04   0.3025195556< 0.175 0.951 >
2023-02-14 10:30:09 [02/14/23 10:30:09   47.99s]: 64800   5084       77         2388       744450     604633188  4414       1060552    1060552    5.91e+04   0.3342217778< 0.209 0.949 >
2023-02-14 10:30:56 [02/14/23 10:30:56   47.33s]: 69120   6653       133        2316       794851     604658487  3468       1142112    1142112    7.88e+04   0.3573124444< 0.178 0.954 >
2023-02-14 10:31:46 [02/14/23 10:31:46   49.56s]: 73440   6300       14         2821       868412     604667564  5148       1240618    1240618    2.09e+04   0.3900208889< 0.211 0.945 >
2023-02-14 10:32:41 [02/14/23 10:32:41   55.22s]: 77760   8597       321        3758       928265     604673077  4939       1340588    1340588    9.50e+04   0.4181960000< 0.209 0.962 >
2023-02-14 10:33:46 [02/14/23 10:33:46   64.75s]: 82080   7566       69         3343       1016752    604672253  5673       1449848    1449848    3.22e+04   0.4567688889< 0.263 0.958 >
2023-02-14 10:35:03 [02/14/23 10:35:03   76.92s]: 86400   7750       64         3642       1105010    604671483  6554       1556221    1556221    6.28e+04   0.4962071111< 0.274 0.959 >
2023-02-14 10:36:22 [02/14/23 10:36:22   78.84s]: 90720   7161       75         3076       1182724    604671831  5934       1641890    1641890    4.74e+04   0.5302382222< 0.283 0.973 >
2023-02-14 10:37:42 [02/14/23 10:37:42   80.73s]: 95040   9724       70         3799       1264879    604671550  6264       1756548    1756548    5.36e+04   0.5682097778< 0.292 0.962 >
2023-02-14 10:39:11 [02/14/23 10:39:11   88.67s]: 99360   7726       69         3580       1357560    604669904  6670       1863653    1863653    4.24e+04   0.6084155556< 0.325 0.959 >
2023-02-14 10:40:48 [02/14/23 10:40:48   96.46s]: 103680  11348      341        5184       1457827    604667493  8504       2000613    2000613    1.51e+05   0.6554222222< 0.350 0.975 >
2023-02-14 10:42:31 [02/14/23 10:42:31  103.11s]: 108000  8020       53         3713       1560148    604667498  6565       2097453    2097453    6.83e+04   0.6986373333< 0.342 0.947 >
2023-02-14 10:44:02 [02/14/23 10:44:02   91.34s]: 112320  9807       138        4474       1646420    604668057  7659       2201840    2201840    5.26e+04   0.7381506667< 0.316 0.947 >
2023-02-14 10:45:36 [02/14/23 10:45:36   93.59s]: 116640  12142      207        4427       1730450    604668852  6525       2308307    2308307    1.15e+05   0.7765448889< 0.340 0.966 >
2023-02-14 10:47:20 [02/14/23 10:47:20  104.33s]: 120960  9286       77         4298       1854857    604665389  8187       2450429    2450429    5.55e+04   0.8304524444< 0.381 0.962 >
2023-02-14 10:49:09 [02/14/23 10:49:09  109.14s]: 125280  13825      252        5899       1963870    604664676  8801       2611223    2611223    1.51e+05   0.8817093333< 0.378 0.946 >
2023-02-14 10:51:05 [02/14/23 10:51:05  115.50s]: 129600  10196      182        4346       2094524    604663092  7924       2771334    2771334    9.36e+04   0.9374435556< 0.407 0.959 >
2023-02-14 10:53:09 [02/14/23 10:53:09  124.33s]: 133920  14785      111        6616       2225749    604659937  10370      2935741    2935741    7.84e+04   0.9987826667< 0.425 0.974 >
2023-02-14 10:55:20 [02/14/23 10:55:20  131.19s]: 138240  14074      191        5587       2352163    604660072  8982       3075453    3075453    1.12e+05   1.0542288889< 0.450 0.957 >
2023-02-14 10:57:44 [02/14/23 10:57:44  143.86s]: 142560  10179      176        4869       2507015    604656881  9170       3251843    3251843    8.11e+04   1.1209951111< 0.499 0.952 >
2023-02-14 11:00:03 [02/14/23 11:00:03  139.39s]: 146880  12773      98         5144       2626600    604658497  8381       3414965    3414965    2.35e+04   1.1753844444< 0.450 0.976 >
2023-02-14 11:02:23 [02/14/23 11:02:23  139.81s]: 151200  13672      223        6434       2784581    604655661  10373      3605022    3605022    5.31e+04   1.2466266667< 0.485 0.967 >
2023-02-14 11:04:57 [02/14/23 11:04:57  154.01s]: 155520  12773      165        5626       2941495    604653581  10535      3794549    3794549    7.36e+04   1.3155817778< 0.510 0.973 >
2023-02-14 11:07:26 [02/14/23 11:07:26  148.94s]: 159840  13692      155        6378       3080889    604654235  10698      3968101    3968101    1.04e+05   1.3782728889< 0.482 0.972 >
2023-02-14 11:09:42 [02/14/23 11:09:42  135.50s]: 164160  15989      232        6913       3206915    604656804  10043      4124507    4124507    1.29e+05   1.4355773333< 0.449 0.975 >
2023-02-14 11:12:03 [02/14/23 11:12:03  141.68s]: 168480  11927      269        4994       3349137    604657338  8273       4285756    4285756    1.35e+05   1.4961453333< 0.476 0.973 >
2023-02-14 11:14:27 [02/14/23 11:14:27  143.48s]: 172800  11534      59         5252       3502265    604655304  10100      4487088    4487088    4.72e+04   1.5640488889< 0.490 0.973 >
2023-02-14 11:16:48 [02/14/23 11:16:48  141.68s]: 177120  12676      69         5036       3620617    604657657  8258       4647070    4647070    4.02e+04   1.6170657778< 0.462 0.956 >
2023-02-14 11:19:11 [02/14/23 11:19:11  142.87s]: 181440  13468      70         5082       3766668    604656268  9267       4854559    4854559    4.56e+04   1.6823502222< 0.486 0.965 >
2023-02-14 11:21:38 [02/14/23 11:21:38  146.51s]: 185760  14402      288        6687       3914093    604655358  11093      5049045    5049045    1.61e+05   1.7490977778< 0.485 0.972 >
2023-02-14 11:24:16 [02/14/23 11:24:16  157.93s]: 190080  18428      540        7698       4072435    604653165  11322      5265882    5265882    2.10e+05   1.8218226667< 0.554 0.980 >
2023-02-14 11:27:29 [02/14/23 11:27:29  192.73s]: 194400  16858      326        8082       4282936    604645195  14534      5516004    5516004    1.25e+05   1.9147564444< 0.639 0.981 >
2023-02-14 11:30:53 [02/14/23 11:30:53  204.99s]: 198720  15401      388        7280       4454750    604645561  12424      5724888    5724888    1.53e+05   1.9901417778< 0.629 0.976 >
2023-02-14 11:34:15 [02/14/23 11:34:15  201.42s]: 203040  21144      263        8030       4631730    604644873  13176      5987268    5987268    7.98e+04   2.0716297778< 0.627 0.976 >
2023-02-14 11:37:41 [02/14/23 11:37:41  206.03s]: 207360  21490      372        8958       4829223    604642715  14197      6230603    6230603    2.30e+05   2.1600191111< 0.666 0.964 >
2023-02-14 11:41:28 [02/14/23 11:41:28  227.51s]: 211680  17274      195        7103       5046952    604638898  13798      6486426    6486426    1.12e+05   2.2540106667< 0.718 0.978 >
2023-02-14 11:45:14 [02/14/23 11:45:14  225.68s]: 216000  19699      140        8572       5242498    604638738  14177      6747932    6747932    1.07e+05   2.3426262222< 0.676 0.972 >
2023-02-14 11:45:14 [02/14/23 11:45:14    0.20s]: 216004  19705      142        8545       5242710    604638750  14175      6748137    6748137    1.06e+05   2.3427120000< 0.675 0.972 >
2023-02-14 11:45:14  ---  main.cpp:generate tcells took  avg 0.06 s max 0.08 s balance 0.78  --- 
2023-02-14 11:45:14  ---  main.cpp:update circulating tcells took  avg 83.50 s max 87.46 s balance 0.95  --- 
2023-02-14 11:45:14  ---  main.cpp:update tcells took  avg 233.53 s max 257.45 s balance 0.91  --- 
2023-02-14 11:45:14  ---  main.cpp:update epicells took  avg 149.12 s max 151.52 s balance 0.98  --- 
2023-02-14 11:45:14  ---  main.cpp:update concentrations took  avg 1072.30 s max 1109.94 s balance 0.97  --- 
2023-02-14 11:45:14  ---  main.cpp:compute updates took  avg 2792.35 s max 2792.41 s balance 1.00  --- 
2023-02-14 11:45:14  ---  main.cpp:dispatch updates took  avg 1194.75 s max 1319.06 s balance 0.91  --- 
2023-02-14 11:45:14  ---  main.cpp:add new actives took  avg 66.08 s max 67.58 s balance 0.98  --- 
2023-02-14 11:45:14  ---  main.cpp:erase inactive took  avg 580.41 s max 621.55 s balance 0.93  --- 
2023-02-14 11:45:14  ---  main.cpp:sample took  avg 0.00 s max 0.00 s balance -nan  --- 
2023-02-14 11:45:14  ---  main.cpp:sample write took  avg 0.00 s max 0.00 s balance -nan  --- 
2023-02-14 11:45:14  ---  main.cpp:log took  avg 16.47 s max 16.60 s balance 0.99  --- 
2023-02-14 11:45:14 Finished 216005 time steps in 4923.0421 s (0.0228 s per step)
2023-02-14 11:45:14  --- Elapsed time for main.cpp:run_sim:  (exiting barrier) 2023-02-14 11:45:14 ...
2023-02-14 11:45:14           ... (min/my/avg/max, bal) (4923.04/4923.04/4923.04/4923.04 s, 1.00) barrier(0.00 s) --- 
2023-02-14 11:45:15 Peak memory used across all nodes: 24.61GB
2023-02-14 11:45:15 Finished in 4926.93 s at 02/14/23 11:45:15 for SimCov version 0.1.1.9cc77ef-dirty
