2023-02-16 22:04:30 SimCov version SimCov version 0.1.1.8024051-dirty-master built on 20230216_082905
2023-02-16 22:04:30 _________________________
2023-02-16 22:04:30 Compiler definitions:
2023-02-16 22:04:30   _XOPEN_SOURCE=700
2023-02-16 22:04:30   CONFIG_USE_COLORS
2023-02-16 22:04:30   USE_BYTELL
2023-02-16 22:04:30   MAX_VIRIONS=125000
2023-02-16 22:04:30   MIN_VIRIONS=1e-10
2023-02-16 22:04:30   BLOCK_PARTITION
2023-02-16 22:04:30   MIN_BLOCKS_PER_PROC=1
2023-02-16 22:04:30   AVERAGE_SUBSAMPLE
2023-02-16 22:04:30 _________________________
2023-02-16 22:04:30 Options:
2023-02-16 22:04:30   dim =                         15000 15000 1
2023-02-16 22:04:30   whole-lung-dim =              48000 40000 20000
2023-02-16 22:04:30   timesteps =                   144005
2023-02-16 22:04:30   infection-coords =            uniform:1
2023-02-16 22:04:30   initial-infection =           999
2023-02-16 22:04:30   incubation-period =           300
2023-02-16 22:04:30   apoptosis-period =            180
2023-02-16 22:04:30   expressing-period =           900
2023-02-16 22:04:30   infectivity =                 0.001
2023-02-16 22:04:30   infectivity-multiplier =      1.0
2023-02-16 22:04:30   virion-production =           1.1
2023-02-16 22:04:30   virion-production-multiplier = 1.0
2023-02-16 22:04:30   virion-clearance =            0.004
2023-02-16 22:04:30   virion-diffusion =            0.15
2023-02-16 22:04:30   chemokine-production =        1.0
2023-02-16 22:04:30   chemokine-decay =             0.01
2023-02-16 22:04:30   chemokine-diffusion =         1.0
2023-02-16 22:04:30   min-chemokine =               1e-06
2023-02-16 22:04:30   antibody-factor =             1
2023-02-16 22:04:30   antibody-period =             5760
2023-02-16 22:04:30   tcell-generation-rate =       105000
2023-02-16 22:04:30   tcell-initial-delay =         10080
2023-02-16 22:04:30   tcell-vascular-period =       5760
2023-02-16 22:04:30   tcell-tissue-period =         1440
2023-02-16 22:04:30   tcell-binding-period =        10
2023-02-16 22:04:30   max-binding-prob =            1
2023-02-16 22:04:30   tcells-follow-gradient =      false
2023-02-16 22:04:30   seed =                        5
2023-02-16 22:04:30   sample-period =               0
2023-02-16 22:04:30   sample-resolution =           1
2023-02-16 22:04:30   max-block-dim =               10
2023-02-16 22:04:30   output =                      exp_results/per_300_inf_0.001/init_999/5
2023-02-16 22:04:30 _________________________
2023-02-16 22:04:30 Starting run with 64 processes on 2 nodes at 02/16/23 22:04:30
2023-02-16 22:04:30 Pinned processes, with process 0 (pid 482330) pinned to core 0
2023-02-16 22:04:30 Using block partitioning
2023-02-16 22:04:30 Initial free memory across all nodes: 152.07GB
2023-02-16 22:04:30 Starting with 75.87GB free on node 0
2023-02-16 22:04:30 Dividing 225000000 grid points into 3515625 squares of size 64 (8^2), with 54932 per process
2023-02-16 22:04:30 Total initial memory required per process is at least 281.63MB with each grid point requiring on average 84 bytes
2023-02-16 22:04:34  --- Elapsed time for tissue.cpp:Tissue:  (exiting barrier) 2023-02-16 22:04:34 ...
2023-02-16 22:04:34           ... (min/my/avg/max, bal) (3.42/3.42/3.42/3.42 s, 1.00) barrier(0.00 s) --- 
2023-02-16 22:04:34 Memory used on node 0 after initialization is  10.90GB
2023-02-16 22:04:34           ... (min/my/avg/max, bal) No-Time barrier(0.00 s) --- 
2023-02-16 22:04:34 Fraction of circulating T cells extravasating is 5.85938e-06
2023-02-16 22:04:34 # datetime                    step    incb       expr       apop       dead       tvas       ttis       chem       virs       chempts    %infct     <%active  lbln>
2023-02-16 22:04:34 [0] <main.cpp:141> WARNING: Time step 0: SUCCESSFUL initial infection at (7500, 7500, 0) after 0 tries
2023-02-16 22:04:34 [02/16/23 22:04:34    0.00s]: 0       1          0          0          0          0          0          0.00e+00   0.00e+00   1.00e+00   0.00       < 0.000 0.016 >
2023-02-16 22:04:35 [02/16/23 22:04:35    1.60s]: 2880    2086       4754       0          3233       0          0          3.93e-05   1.14e+06   3.83e+04   0.00       < 0.017 0.853 >
2023-02-16 22:04:39 [02/16/23 22:04:39    4.13s]: 5760    4538       12165      0          26596      0          0          1.02e-04   3.16e+06   9.29e+04   0.02       < 0.041 0.927 >
2023-02-16 22:04:47 [02/16/23 22:04:47    7.86s]: 8640    6991       19402      0          73175      0          0          1.63e-04   5.14e+06   1.71e+05   0.04       < 0.076 0.941 >
2023-02-16 22:05:00 [02/16/23 22:05:00   13.08s]: 11520   8990       24069      1425       144930     133767720  552        2.23e-04   6.85e+06   2.73e+05   0.08       < 0.121 0.965 >
2023-02-16 22:05:23 [02/16/23 22:05:23   22.91s]: 14400   9168       16073      4896       245144     319071897  2798       2.49e-04   5.36e+06   3.89e+05   0.12       < 0.164 0.958 >
2023-02-16 22:05:53 [02/16/23 22:05:53   29.89s]: 17280   9564       10548      6725       356096     431456300  4808       2.54e-04   4.07e+06   5.16e+05   0.17       < 0.202 0.974 >
2023-02-16 22:06:31 [02/16/23 22:06:31   37.93s]: 20160   10404      8475       7677       475078     499615202  6484       2.58e-04   3.39e+06   6.53e+05   0.22       < 0.232 0.957 >
2023-02-16 22:07:16 [02/16/23 22:07:16   45.24s]: 23040   11058      6833       8362       607291     540951819  7956       2.66e-04   3.05e+06   8.03e+05   0.28       < 0.261 0.980 >
2023-02-16 22:08:08 [02/16/23 22:08:08   51.66s]: 25920   11499      6085       8893       749372     566020354  9339       2.74e-04   2.74e+06   9.62e+05   0.34       < 0.289 0.970 >
2023-02-16 22:09:07 [02/16/23 22:09:07   59.51s]: 28800   12118      6567       9713       901668     581222432  10360      2.93e-04   2.92e+06   1.13e+06   0.41       < 0.316 0.970 >
2023-02-16 22:10:13 [02/16/23 22:10:13   65.58s]: 31680   12951      6083       10603      1067095    590440715  11598      3.04e-04   2.86e+06   1.32e+06   0.49       < 0.344 0.982 >
2023-02-16 22:11:24 [02/16/23 22:11:24   71.55s]: 34560   14491      7060       11478      1245431    596030491  12610      3.38e-04   3.21e+06   1.52e+06   0.57       < 0.373 0.967 >
2023-02-16 22:12:43 [02/16/23 22:12:43   79.01s]: 37440   14843      7035       12500      1438636    599418462  13942      3.57e-04   3.35e+06   1.73e+06   0.65       < 0.402 0.979 >
2023-02-16 22:14:11 [02/16/23 22:14:11   87.47s]: 40320   15968      7046       13015      1645080    601472171  14692      3.74e-04   3.36e+06   1.95e+06   0.75       < 0.433 0.977 >
2023-02-16 22:15:47 [02/16/23 22:15:47   95.79s]: 43200   16992      7896       14130      1864573    602715570  15868      4.07e-04   3.76e+06   2.19e+06   0.85       < 0.462 0.978 >
2023-02-16 22:17:29 [02/16/23 22:17:29  102.65s]: 46080   18177      7974       14864      2097370    603468425  16819      4.28e-04   3.92e+06   2.44e+06   0.95       < 0.492 0.981 >
2023-02-16 22:19:19 [02/16/23 22:19:19  109.86s]: 48960   19240      8682       15574      2344114    603923402  17822      4.53e-04   4.15e+06   2.71e+06   1.06       < 0.521 0.969 >
2023-02-16 22:21:16 [02/16/23 22:21:16  116.83s]: 51840   20142      8756       16295      2602904    604197607  18716      4.71e-04   4.19e+06   2.99e+06   1.18       < 0.551 0.977 >
2023-02-16 22:23:20 [02/16/23 22:23:20  124.43s]: 54720   21290      9513       17047      2874833    604362609  19824      4.95e-04   4.43e+06   3.28e+06   1.30       < 0.580 0.982 >
2023-02-16 22:25:34 [02/16/23 22:25:34  133.97s]: 57600   22019      9730       18227      3160419    604460923  20934      5.21e-04   4.67e+06   3.58e+06   1.43       < 0.609 0.978 >
2023-02-16 22:27:55 [02/16/23 22:27:55  140.88s]: 60480   23394      10469      19312      3460678    604518995  21637      5.52e-04   5.07e+06   3.90e+06   1.56       < 0.639 0.982 >
2023-02-16 22:30:23 [02/16/23 22:30:23  147.87s]: 63360   23607      10543      19638      3775038    604552980  22741      5.60e-04   4.99e+06   4.24e+06   1.70       < 0.669 0.979 >
2023-02-16 22:32:59 [02/16/23 22:32:59  155.42s]: 66240   24779      10933      20750      4101197    604571755  23694      5.89e-04   5.29e+06   4.58e+06   1.85       < 0.698 0.979 >
2023-02-16 22:35:42 [02/16/23 22:35:42  163.13s]: 69120   26519      11627      21228      4441444    604581461  24619      6.20e-04   5.59e+06   4.94e+06   2.00       < 0.728 0.986 >
2023-02-16 22:38:33 [02/16/23 22:38:33  170.88s]: 72000   27547      12503      22516      4798200    604586112  25699      6.57e-04   6.00e+06   5.32e+06   2.16       < 0.760 0.982 >
2023-02-16 22:41:33 [02/16/23 22:41:33  180.34s]: 74880   28573      12998      23420      5168249    604587111  26640      6.69e-04   6.10e+06   5.71e+06   2.33       < 0.792 0.984 >
2023-02-16 22:44:43 [02/16/23 22:44:43  189.74s]: 77760   29808      12724      24143      5551146    604585958  27942      6.93e-04   6.25e+06   6.11e+06   2.50       < 0.821 0.982 >
2023-02-16 22:48:03 [02/16/23 22:48:03  200.15s]: 80640   30476      13156      25163      5947824    604583972  28663      7.24e-04   6.52e+06   6.52e+06   2.67       < 0.850 0.976 >
2023-02-16 22:51:31 [02/16/23 22:51:31  208.33s]: 83520   31401      13756      26005      6358310    604581047  29878      7.36e-04   6.72e+06   6.95e+06   2.86       < 0.880 0.984 >
2023-02-16 22:55:09 [02/16/23 22:55:09  217.74s]: 86400   32598      14388      26712      6781192    604577746  30892      7.67e-04   7.01e+06   7.40e+06   3.05       < 0.909 0.986 >
2023-02-16 22:58:55 [02/16/23 22:58:55  226.47s]: 89280   33867      15562      27537      7219623    604574775  31563      7.95e-04   7.36e+06   7.85e+06   3.24       < 0.939 0.987 >
2023-02-16 23:02:47 [02/16/23 23:02:47  231.50s]: 92160   34408      14448      28414      7671528    604570912  32710      8.04e-04   7.17e+06   8.32e+06   3.44       < 0.969 0.985 >
2023-02-16 23:06:46 [02/16/23 23:06:46  239.41s]: 95040   35543      15421      29885      8134975    604566851  33852      8.41e-04   7.57e+06   8.81e+06   3.65       < 0.999 0.982 >
2023-02-16 23:10:53 [02/16/23 23:10:53  246.87s]: 97920   36767      16894      30748      8611603    604562853  34618      8.71e-04   8.09e+06   9.31e+06   3.86       < 1.026 0.991 >
2023-02-16 23:15:08 [02/16/23 23:15:08  254.51s]: 100800  37264      16965      30707      9105081    604559186  35732      8.76e-04   8.02e+06   9.82e+06   4.08       < 1.058 0.988 >
2023-02-16 23:19:30 [02/16/23 23:19:30  262.62s]: 103680  39118      17279      31828      9608936    604555430  36570      9.20e-04   8.34e+06   1.03e+07   4.31       < 1.088 0.985 >
2023-02-16 23:24:02 [02/16/23 23:24:02  271.43s]: 106560  39993      17047      32590      10129355   604551102  37870      9.24e-04   8.20e+06   1.09e+07   4.54       < 1.118 0.990 >
2023-02-16 23:28:43 [02/16/23 23:28:43  280.88s]: 109440  41051      18042      33338      10661958   604547013  38599      9.54e-04   8.54e+06   1.14e+07   4.78       < 1.149 0.983 >
2023-02-16 23:33:34 [02/16/23 23:33:34  290.95s]: 112320  41886      19596      34473      11207327   604543264  39449      9.93e-04   9.04e+06   1.20e+07   5.02       < 1.177 0.985 >
2023-02-16 23:38:32 [02/16/23 23:38:32  298.46s]: 115200  42764      18622      35243      11769205   604539846  40720      1.01e-03   9.00e+06   1.26e+07   5.27       < 1.207 0.986 >
2023-02-16 23:43:39 [02/16/23 23:43:39  307.08s]: 118080  43925      19948      36785      12341845   604535426  41846      1.04e-03   9.48e+06   1.32e+07   5.53       < 1.238 0.981 >
2023-02-16 23:48:59 [02/16/23 23:48:59  319.41s]: 120960  45020      20310      37251      12930421   604531506  42652      1.06e-03   9.70e+06   1.38e+07   5.79       < 1.268 0.989 >
2023-02-16 23:54:26 [02/16/23 23:54:26  327.58s]: 123840  46747      21409      38007      13531596   604527544  43521      1.10e-03   1.01e+07   1.44e+07   6.06       < 1.298 0.981 >
2023-02-16 23:59:58 [02/16/23 23:59:58  332.27s]: 126720  46825      21596      38859      14151567   604523086  44763      1.11e-03   1.03e+07   1.50e+07   6.34       < 1.329 0.986 >
2023-02-17 00:05:38 [02/17/23 00:05:38  340.08s]: 129600  48780      21880      40566      14782086   604519238  45713      1.15e-03   1.06e+07   1.57e+07   6.62       < 1.363 0.987 >
2023-02-17 00:11:28 [02/17/23 00:11:28  349.29s]: 132480  49030      21110      40253      15429794   604515241  46489      1.15e-03   1.03e+07   1.64e+07   6.91       < 1.390 0.978 >
2023-02-17 00:17:25 [02/17/23 00:17:25  357.12s]: 135360  50430      23082      41663      16087571   604511600  47698      1.19e-03   1.11e+07   1.70e+07   7.20       < 1.421 0.986 >
2023-02-17 00:23:30 [02/17/23 00:23:30  365.02s]: 138240  51291      22116      42338      16765454   604507314  49093      1.21e-03   1.09e+07   1.77e+07   7.50       < 1.452 0.987 >
2023-02-17 00:29:43 [02/17/23 00:29:43  373.05s]: 141120  52404      23194      42654      17447041   604503383  49618      1.23e-03   1.10e+07   1.84e+07   7.81       < 1.481 0.978 >
2023-02-17 00:36:03 [02/17/23 00:36:03  380.04s]: 144000  53262      23798      43647      18146112   604499468  50732      1.25e-03   1.15e+07   1.91e+07   8.12       < 1.507 0.988 >
2023-02-17 00:36:04 [02/17/23 00:36:04    0.53s]: 144004  53205      23827      43695      18147047   604499475  50729      1.25e-03   1.15e+07   1.91e+07   8.12       < 1.507 0.988 >
2023-02-17 00:36:04  ---  main.cpp:generate tcells took  avg 0.05 s max 0.08 s balance 0.67  --- 
2023-02-17 00:36:04  ---  main.cpp:update circulating tcells took  avg 53.83 s max 57.79 s balance 0.93  --- 
2023-02-17 00:36:04  ---  main.cpp:update tcells took  avg 609.64 s max 664.03 s balance 0.92  --- 
2023-02-17 00:36:04  ---  main.cpp:update epicells took  avg 203.90 s max 207.44 s balance 0.98  --- 
2023-02-17 00:36:04  ---  main.cpp:update concentrations took  avg 2397.36 s max 2438.78 s balance 0.98  --- 
2023-02-17 00:36:04  ---  main.cpp:compute updates took  avg 5326.44 s max 5326.59 s balance 1.00  --- 
2023-02-17 00:36:04  ---  main.cpp:dispatch updates took  avg 2346.59 s max 2548.18 s balance 0.92  --- 
2023-02-17 00:36:04  ---  main.cpp:add new actives took  avg 102.45 s max 105.42 s balance 0.97  --- 
2023-02-17 00:36:04  ---  main.cpp:erase inactive took  avg 922.34 s max 950.34 s balance 0.97  --- 
2023-02-17 00:36:04  ---  main.cpp:sample took  avg 0.00 s max 0.00 s balance -nan  --- 
2023-02-17 00:36:04  ---  main.cpp:sample write took  avg 0.00 s max 0.00 s balance -nan  --- 
2023-02-17 00:36:04  ---  main.cpp:log took  avg 13.20 s max 13.35 s balance 0.99  --- 
2023-02-17 00:36:04 Finished 144005 time steps in 9090.0128 s (0.0631 s per step)
2023-02-17 00:36:04  --- Elapsed time for main.cpp:run_sim:  (exiting barrier) 2023-02-17 00:36:04 ...
2023-02-17 00:36:04           ... (min/my/avg/max, bal) (9090.01/9090.01/9090.01/9090.02 s, 1.00) barrier(0.00 s) --- 
2023-02-17 00:36:04 Peak memory used across all nodes: 24.64GB
2023-02-17 00:36:04 Finished in 9093.65 s at 02/17/23 00:36:04 for SimCov version 0.1.1.8024051-dirty
