2023-02-17 13:25:16 SimCov version SimCov version 0.1.1.8024051-dirty-master built on 20230216_082905
2023-02-17 13:25:16 _________________________
2023-02-17 13:25:16 Compiler definitions:
2023-02-17 13:25:16   _XOPEN_SOURCE=700
2023-02-17 13:25:16   CONFIG_USE_COLORS
2023-02-17 13:25:16   USE_BYTELL
2023-02-17 13:25:16   MAX_VIRIONS=125000
2023-02-17 13:25:16   MIN_VIRIONS=1e-10
2023-02-17 13:25:16   BLOCK_PARTITION
2023-02-17 13:25:16   MIN_BLOCKS_PER_PROC=1
2023-02-17 13:25:16   AVERAGE_SUBSAMPLE
2023-02-17 13:25:16 _________________________
2023-02-17 13:25:16 Options:
2023-02-17 13:25:16   dim =                         15000 15000 1
2023-02-17 13:25:16   whole-lung-dim =              48000 40000 20000
2023-02-17 13:25:16   timesteps =                   144005
2023-02-17 13:25:16   infection-coords =            uniform:1
2023-02-17 13:25:16   initial-infection =           999
2023-02-17 13:25:16   incubation-period =           300
2023-02-17 13:25:16   apoptosis-period =            180
2023-02-17 13:25:16   expressing-period =           900
2023-02-17 13:25:16   infectivity =                 0.001
2023-02-17 13:25:16   infectivity-multiplier =      1.0
2023-02-17 13:25:16   virion-production =           1.1
2023-02-17 13:25:16   virion-production-multiplier = 1.0
2023-02-17 13:25:16   virion-clearance =            0.004
2023-02-17 13:25:16   virion-diffusion =            0.15
2023-02-17 13:25:16   chemokine-production =        1.0
2023-02-17 13:25:16   chemokine-decay =             0.01
2023-02-17 13:25:16   chemokine-diffusion =         1.0
2023-02-17 13:25:16   min-chemokine =               1e-06
2023-02-17 13:25:16   antibody-factor =             1
2023-02-17 13:25:16   antibody-period =             5760
2023-02-17 13:25:16   tcell-generation-rate =       105000
2023-02-17 13:25:16   tcell-initial-delay =         10080
2023-02-17 13:25:16   tcell-vascular-period =       5760
2023-02-17 13:25:16   tcell-tissue-period =         1440
2023-02-17 13:25:16   tcell-binding-period =        10
2023-02-17 13:25:16   max-binding-prob =            1
2023-02-17 13:25:16   tcells-follow-gradient =      false
2023-02-17 13:25:16   seed =                        5
2023-02-17 13:25:16   sample-period =               0
2023-02-17 13:25:16   sample-resolution =           1
2023-02-17 13:25:16   max-block-dim =               10
2023-02-17 13:25:16   output =                      exp_results/per_300_inf_0.001/init_1000/5
2023-02-17 13:25:16 _________________________
2023-02-17 13:25:16 Starting run with 64 processes on 2 nodes at 02/17/23 13:25:16
2023-02-17 13:25:16 Pinned processes, with process 0 (pid 3883682) pinned to core 0
2023-02-17 13:25:16 Using block partitioning
2023-02-17 13:25:16 Initial free memory across all nodes: 152.24GB
2023-02-17 13:25:16 Starting with 76.41GB free on node 0
2023-02-17 13:25:16 Dividing 225000000 grid points into 3515625 squares of size 64 (8^2), with 54932 per process
2023-02-17 13:25:16 Total initial memory required per process is at least 281.63MB with each grid point requiring on average 84 bytes
2023-02-17 13:25:20  --- Elapsed time for tissue.cpp:Tissue:  (exiting barrier) 2023-02-17 13:25:20 ...
2023-02-17 13:25:20           ... (min/my/avg/max, bal) (3.45/3.45/3.45/3.45 s, 1.00) barrier(0.00 s) --- 
2023-02-17 13:25:20 Memory used on node 0 after initialization is  10.90GB
2023-02-17 13:25:20           ... (min/my/avg/max, bal) No-Time barrier(0.00 s) --- 
2023-02-17 13:25:20 Fraction of circulating T cells extravasating is 5.85938e-06
2023-02-17 13:25:20 # datetime                    step    incb       expr       apop       dead       tvas       ttis       chem       virs       chempts    %infct     <%active  lbln>
2023-02-17 13:25:20 [0] <main.cpp:141> WARNING: Time step 0: SUCCESSFUL initial infection at (7500, 7500, 0) after 0 tries
2023-02-17 13:25:20 [02/17/23 13:25:20    0.00s]: 0       1          0          0          0          0          0          0.00e+00   0.00e+00   1.00e+00   0.00       < 0.000 0.016 >
2023-02-17 13:25:21 [02/17/23 13:25:21    1.60s]: 2880    2097       4692       0          3195       0          0          3.95e-05   1.13e+06   3.79e+04   0.00       < 0.017 0.853 >
2023-02-17 13:25:25 [02/17/23 13:25:25    4.09s]: 5760    4484       12083      0          26206      0          0          1.00e-04   3.14e+06   9.23e+04   0.02       < 0.041 0.937 >
2023-02-17 13:25:33 [02/17/23 13:25:33    7.84s]: 8640    6992       19308      0          72799      0          0          1.62e-04   5.12e+06   1.70e+05   0.04       < 0.076 0.946 >
2023-02-17 13:25:46 [02/17/23 13:25:46   13.15s]: 11520   8916       24695      1347       144825     133767834  578        2.26e-04   6.98e+06   2.73e+05   0.08       < 0.121 0.962 >
2023-02-17 13:26:08 [02/17/23 13:26:08   21.34s]: 14400   9100       15186      5060       246581     319072150  2821       2.50e-04   5.25e+06   3.90e+05   0.12       < 0.165 0.954 >
2023-02-17 13:26:38 [02/17/23 13:26:38   30.06s]: 17280   9743       10085      6490       357223     431456732  4778       2.51e-04   3.85e+06   5.17e+05   0.17       < 0.202 0.973 >
2023-02-17 13:27:16 [02/17/23 13:27:16   38.49s]: 20160   10125      7973       7741       477320     499615568  6590       2.59e-04   3.39e+06   6.55e+05   0.22       < 0.233 0.965 >
2023-02-17 13:28:02 [02/17/23 13:28:02   45.43s]: 23040   10857      6676       8177       608522     540951795  7972       2.66e-04   3.03e+06   8.04e+05   0.28       < 0.261 0.978 >
2023-02-17 13:28:53 [02/17/23 13:28:53   51.78s]: 25920   11383      5859       9347       749992     566020273  9411       2.72e-04   2.74e+06   9.64e+05   0.35       < 0.289 0.970 >
2023-02-17 13:29:56 [02/17/23 13:29:56   62.25s]: 28800   12357      6437       9942       902758     581222624  10451      2.92e-04   2.91e+06   1.14e+06   0.41       < 0.316 0.975 >
2023-02-17 13:31:02 [02/17/23 13:31:02   66.26s]: 31680   13188      6187       10483      1068562    590440922  11694      3.05e-04   2.80e+06   1.32e+06   0.49       < 0.343 0.973 >
2023-02-17 13:32:14 [02/17/23 13:32:14   72.02s]: 34560   14341      6489       11565      1245862    596030481  12809      3.31e-04   3.06e+06   1.52e+06   0.57       < 0.372 0.968 >
2023-02-17 13:33:33 [02/17/23 13:33:33   79.30s]: 37440   14808      6286       11871      1436905    599418822  13535      3.47e-04   3.03e+06   1.73e+06   0.65       < 0.400 0.975 >
2023-02-17 13:35:01 [02/17/23 13:35:01   87.53s]: 40320   16095      7271       13243      1641684    601472101  14765      3.80e-04   3.47e+06   1.95e+06   0.75       < 0.431 0.971 >
2023-02-17 13:36:37 [02/17/23 13:36:37   96.31s]: 43200   17256      8214       14163      1860275    602715807  15922      4.07e-04   3.79e+06   2.19e+06   0.84       < 0.461 0.973 >
