2023-02-15 05:07:28 SimCov version SimCov version 0.1.1.8024051-dirty-master built on 20230202_132828
2023-02-15 05:07:28 _________________________
2023-02-15 05:07:28 Compiler definitions:
2023-02-15 05:07:28   _XOPEN_SOURCE=700
2023-02-15 05:07:28   CONFIG_USE_COLORS
2023-02-15 05:07:28   USE_BYTELL
2023-02-15 05:07:28   MAX_VIRIONS=125000
2023-02-15 05:07:28   MIN_VIRIONS=1e-10
2023-02-15 05:07:28   BLOCK_PARTITION
2023-02-15 05:07:28   MIN_BLOCKS_PER_PROC=1
2023-02-15 05:07:28   AVERAGE_SUBSAMPLE
2023-02-15 05:07:28 _________________________
2023-02-15 05:07:28 Options:
2023-02-15 05:07:28   dim =                         15000 15000 1
2023-02-15 05:07:28   whole-lung-dim =              48000 40000 20000
2023-02-15 05:07:28   timesteps =                   144005
2023-02-15 05:07:28   infection-coords =            uniform:1
2023-02-15 05:07:28   initial-infection =           999
2023-02-15 05:07:28   incubation-period =           600
2023-02-15 05:07:28   apoptosis-period =            180
2023-02-15 05:07:28   expressing-period =           900
2023-02-15 05:07:28   infectivity =                 0.01
2023-02-15 05:07:28   infectivity-multiplier =      1.0
2023-02-15 05:07:28   virion-production =           1.1
2023-02-15 05:07:28   virion-production-multiplier = 1.0
2023-02-15 05:07:28   virion-clearance =            0.004
2023-02-15 05:07:28   virion-diffusion =            0.15
2023-02-15 05:07:28   chemokine-production =        1.0
2023-02-15 05:07:28   chemokine-decay =             0.01
2023-02-15 05:07:28   chemokine-diffusion =         1.0
2023-02-15 05:07:28   min-chemokine =               1e-06
2023-02-15 05:07:28   antibody-factor =             1
2023-02-15 05:07:28   antibody-period =             5760
2023-02-15 05:07:28   tcell-generation-rate =       105000
2023-02-15 05:07:28   tcell-initial-delay =         10080
2023-02-15 05:07:28   tcell-vascular-period =       5760
2023-02-15 05:07:28   tcell-tissue-period =         1440
2023-02-15 05:07:28   tcell-binding-period =        10
2023-02-15 05:07:28   max-binding-prob =            1
2023-02-15 05:07:28   tcells-follow-gradient =      false
2023-02-15 05:07:28   seed =                        2
2023-02-15 05:07:28   sample-period =               0
2023-02-15 05:07:28   sample-resolution =           1
2023-02-15 05:07:28   max-block-dim =               10
2023-02-15 05:07:28   output =                      exp_results/per_600_inf_0.01/init_1000/2
2023-02-15 05:07:28 _________________________
2023-02-15 05:07:28 Starting run with 64 processes on 2 nodes at 02/15/23 05:07:28
2023-02-15 05:07:28 Pinned processes, with process 0 (pid 2206340) pinned to core 0
2023-02-15 05:07:28 Using block partitioning
2023-02-15 05:07:28 Initial free memory across all nodes: 152.36GB
2023-02-15 05:07:28 Starting with 75.99GB free on node 0
2023-02-15 05:07:28 Dividing 225000000 grid points into 3515625 squares of size 64 (8^2), with 54932 per process
2023-02-15 05:07:28 Total initial memory required per process is at least 281.63MB with each grid point requiring on average 84 bytes
2023-02-15 05:07:32  --- Elapsed time for tissue.cpp:Tissue:  (exiting barrier) 2023-02-15 05:07:32 ...
2023-02-15 05:07:32           ... (min/my/avg/max, bal) (3.55/3.55/3.55/3.55 s, 1.00) barrier(0.00 s) --- 
2023-02-15 05:07:32 Memory used on node 0 after initialization is  10.90GB
2023-02-15 05:07:32           ... (min/my/avg/max, bal) No-Time barrier(0.00 s) --- 
2023-02-15 05:07:32 Fraction of circulating T cells extravasating is 5.85938e-06
2023-02-15 05:07:32 # datetime                    step    incb       expr       apop       dead       tvas       ttis       chem       virs       chempts    %infct     <%active  lbln>
2023-02-15 05:07:32 [0] <main.cpp:141> WARNING: Time step 0: SUCCESSFUL initial infection at (7500, 7500, 0) after 0 tries
2023-02-15 05:07:32 [02/15/23 05:07:32    0.00s]: 0       1          0          0          0          0          0          0.00e+00   0.00e+00   1.00e+00   0.00       < 0.000 0.016 >
2023-02-15 05:07:33 [02/15/23 05:07:33    1.49s]: 2880    3460       3799       0          2475       0          0          3.30e-05   8.88e+05   3.46e+04   0.00       < 0.015 0.876 >
2023-02-15 05:07:37 [02/15/23 05:07:37    3.77s]: 5760    7490       9922       0          21238      0          0          8.47e-05   2.56e+06   8.15e+04   0.02       < 0.036 0.904 >
2023-02-15 05:07:44 [02/15/23 05:07:44    7.06s]: 8640    11866      16174      0          59541      0          0          1.40e-04   4.28e+06   1.49e+05   0.04       < 0.066 0.954 >
2023-02-15 05:07:56 [02/15/23 05:07:56   11.65s]: 11520   15215      20342      1129       119588     133767802  456        1.92e-04   5.76e+06   2.36e+05   0.07       < 0.105 0.972 >
2023-02-15 05:08:15 [02/15/23 05:08:15   18.87s]: 14400   14208      11028      4730       208269     319072608  2439       2.07e-04   3.82e+06   3.35e+05   0.11       < 0.143 0.965 >
2023-02-15 05:08:41 [02/15/23 05:08:41   26.35s]: 17280   13933      5128       5878       304372     431457627  4384       1.90e-04   2.19e+06   4.42e+05   0.15       < 0.176 0.963 >
2023-02-15 05:09:14 [02/15/23 05:09:14   32.88s]: 20160   14622      3432       6531       405391     499617245  5786       1.81e-04   1.54e+06   5.57e+05   0.19       < 0.202 0.973 >
2023-02-15 05:09:53 [02/15/23 05:09:53   38.88s]: 23040   14327      2021       6982       514943     540954513  6904       1.52e-04   9.69e+05   6.81e+05   0.24       < 0.225 0.956 >
2023-02-15 05:10:37 [02/15/23 05:10:37   44.53s]: 25920   14818      1665       7667       631869     566023684  8066       1.56e-04   9.18e+05   8.13e+05   0.29       < 0.246 0.969 >
2023-02-15 05:11:27 [02/15/23 05:11:27   49.21s]: 28800   15453      1652       8431       757201     581226556  9071       1.60e-04   8.31e+05   9.53e+05   0.35       < 0.267 0.965 >
2023-02-15 05:12:21 [02/15/23 05:12:21   54.07s]: 31680   15742      1359       8636       891656     590445634  10004      1.56e-04   7.20e+05   1.10e+06   0.41       < 0.288 0.961 >
2023-02-15 05:13:21 [02/15/23 05:13:21   60.51s]: 34560   17014      1642       9057       1033567    596035963  10862      1.65e-04   8.11e+05   1.26e+06   0.47       < 0.310 0.978 >
2023-02-15 05:14:26 [02/15/23 05:14:26   65.14s]: 37440   17769      1368       9457       1185076    599424950  11558      1.70e-04   7.67e+05   1.43e+06   0.54       < 0.332 0.965 >
2023-02-15 05:15:37 [02/15/23 05:15:37   70.68s]: 40320   19281      1737       10732      1347760    601479265  12596      1.92e-04   9.20e+05   1.61e+06   0.61       < 0.356 0.971 >
2023-02-15 05:16:53 [02/15/23 05:16:53   76.31s]: 43200   20439      1549       10886      1519996    602723934  13375      1.93e-04   8.45e+05   1.79e+06   0.69       < 0.381 0.977 >
2023-02-15 05:18:16 [02/15/23 05:18:16   82.99s]: 46080   20582      1335       11594      1702842    603477175  14479      1.91e-04   8.39e+05   1.99e+06   0.77       < 0.403 0.978 >
2023-02-15 05:19:45 [02/15/23 05:19:45   88.44s]: 48960   21923      1643       11934      1890387    603933247  14717      2.00e-04   8.54e+05   2.19e+06   0.86       < 0.424 0.978 >
2023-02-15 05:21:20 [02/15/23 05:21:20   95.31s]: 51840   22186      1666       12544      2089540    604208687  15676      2.06e-04   8.66e+05   2.41e+06   0.94       < 0.444 0.979 >
2023-02-15 05:23:00 [02/15/23 05:23:00  100.24s]: 54720   23858      1701       13433      2300129    604374018  16697      2.19e-04   9.18e+05   2.63e+06   1.04       < 0.470 0.975 >
2023-02-15 05:24:47 [02/15/23 05:24:47  106.37s]: 57600   25012      1860       13977      2518463    604472839  17463      2.32e-04   1.05e+06   2.87e+06   1.14       < 0.493 0.973 >
2023-02-15 05:26:39 [02/15/23 05:26:39  112.31s]: 60480   25380      1728       14293      2749171    604531624  18216      2.31e-04   9.73e+05   3.11e+06   1.24       < 0.515 0.978 >
2023-02-15 05:28:36 [02/15/23 05:28:36  116.92s]: 63360   27597      1970       15152      2985942    604566290  18883      2.48e-04   1.02e+06   3.36e+06   1.35       < 0.539 0.979 >
2023-02-15 05:30:38 [02/15/23 05:30:38  122.28s]: 66240   29547      2534       16101      3236258    604585960  19857      2.83e-04   1.32e+06   3.63e+06   1.46       < 0.561 0.978 >
2023-02-15 05:32:48 [02/15/23 05:32:48  130.23s]: 69120   30088      2294       16534      3501799    604596047  20785      2.86e-04   1.30e+06   3.91e+06   1.58       < 0.589 0.975 >
2023-02-15 05:35:07 [02/15/23 05:35:07  138.70s]: 72000   31243      2493       17441      3774953    604601913  21469      2.94e-04   1.39e+06   4.20e+06   1.70       < 0.616 0.978 >
2023-02-15 05:37:31 [02/15/23 05:37:31  143.97s]: 74880   31435      2454       18091      4060034    604603741  22264      3.02e-04   1.36e+06   4.50e+06   1.83       < 0.637 0.977 >
2023-02-15 05:40:01 [02/15/23 05:40:01  150.13s]: 77760   34799      2608       19000      4353200    604603378  23123      3.33e-04   1.48e+06   4.81e+06   1.96       < 0.661 0.984 >
2023-02-15 05:42:37 [02/15/23 05:42:37  156.20s]: 80640   34129      2733       19181      4658153    604602081  23991      3.22e-04   1.42e+06   5.13e+06   2.10       < 0.685 0.981 >
2023-02-15 05:45:20 [02/15/23 05:45:20  162.47s]: 83520   35743      2632       19707      4969177    604600272  24667      3.33e-04   1.48e+06   5.46e+06   2.23       < 0.708 0.982 >
2023-02-15 05:48:07 [02/15/23 05:48:07  167.21s]: 86400   36417      2837       20658      5293398    604597385  25601      3.46e-04   1.53e+06   5.80e+06   2.38       < 0.730 0.986 >
2023-02-15 05:51:07 [02/15/23 05:51:07  180.18s]: 89280   36730      3026       20249      5622975    604594477  26288      3.49e-04   1.61e+06   6.14e+06   2.53       < 0.753 0.983 >
2023-02-15 05:54:08 [02/15/23 05:54:08  180.30s]: 92160   38841      2925       21124      5959416    604591728  26939      3.62e-04   1.62e+06   6.50e+06   2.68       < 0.777 0.986 >
2023-02-15 05:57:17 [02/15/23 05:57:17  189.04s]: 95040   39809      3077       22060      6312159    604588395  28342      3.72e-04   1.69e+06   6.87e+06   2.83       < 0.801 0.986 >
2023-02-15 06:00:34 [02/15/23 06:00:34  197.43s]: 97920   42027      3228       23585      6674866    604585313  29023      3.99e-04   1.79e+06   7.25e+06   3.00       < 0.834 0.978 >
2023-02-15 06:04:02 [02/15/23 06:04:02  207.88s]: 100800  42945      3371       23864      7055323    604581426  30075      4.06e-04   1.84e+06   7.64e+06   3.17       < 0.861 0.986 >
2023-02-15 06:07:39 [02/15/23 06:07:39  216.95s]: 103680  44434      3589       24728      7449378    604577315  30961      4.24e-04   1.91e+06   8.05e+06   3.34       < 0.894 0.991 >
2023-02-15 06:11:22 [02/15/23 06:11:22  223.56s]: 106560  44000      3462       24929      7850516    604574055  31564      4.21e-04   1.81e+06   8.46e+06   3.52       < 0.915 0.986 >
2023-02-15 06:15:09 [02/15/23 06:15:09  226.69s]: 109440  45544      3758       25149      8249783    604571219  31812      4.22e-04   1.88e+06   8.88e+06   3.70       < 0.926 0.983 >
2023-02-15 06:18:58 [02/15/23 06:18:58  229.27s]: 112320  48702      4505       27136      8666997    604568913  32900      4.79e-04   2.30e+06   9.31e+06   3.89       < 0.941 0.979 >
2023-02-15 06:22:55 [02/15/23 06:22:55  237.06s]: 115200  48090      3774       26423      9099571    604565005  33884      4.47e-04   2.02e+06   9.76e+06   4.08       < 0.972 0.982 >
2023-02-15 06:27:01 [02/15/23 06:27:01  245.70s]: 118080  50259      4116       27799      9541114    604561743  34451      4.85e-04   2.22e+06   1.02e+07   4.28       < 1.002 0.983 >
2023-02-15 06:31:14 [02/15/23 06:31:14  252.45s]: 120960  51700      4198       28532      9992891    604558438  35664      4.91e-04   2.22e+06   1.07e+07   4.48       < 1.019 0.988 >
2023-02-15 06:35:31 [02/15/23 06:35:31  256.94s]: 123840  50592      4189       28891      10450753   604555251  36242      4.86e-04   2.18e+06   1.11e+07   4.68       < 1.039 0.978 >
2023-02-15 06:39:52 [02/15/23 06:39:52  261.20s]: 126720  52956      4637       29638      10912398   604553481  36357      5.17e-04   2.56e+06   1.16e+07   4.89       < 1.060 0.985 >
2023-02-15 06:44:19 [02/15/23 06:44:19  267.21s]: 129600  57347      4821       31127      11400433   604550282  37707      5.38e-04   2.45e+06   1.21e+07   5.11       < 1.086 0.990 >
2023-02-15 06:48:56 [02/15/23 06:48:56  277.28s]: 132480  55828      4439       30612      11902364   604545866  39074      5.24e-04   2.35e+06   1.26e+07   5.33       < 1.122 0.983 >
2023-02-15 06:53:49 [02/15/23 06:53:49  292.49s]: 135360  57383      5020       31877      12399839   604542988  39205      5.63e-04   2.73e+06   1.32e+07   5.55       < 1.147 0.984 >
2023-02-15 06:58:43 [02/15/23 06:58:43  294.47s]: 138240  56006      4299       31392      12910900   604539925  40311      5.25e-04   2.30e+06   1.37e+07   5.78       < 1.157 0.990 >
2023-02-15 07:03:42 [02/15/23 07:03:42  299.28s]: 141120  58522      4421       32716      13426770   604537401  40622      5.57e-04   2.48e+06   1.42e+07   6.01       < 1.181 0.988 >
2023-02-15 07:08:47 [02/15/23 07:08:47  304.89s]: 144000  60438      5310       33159      13957307   604534297  41717      5.79e-04   2.78e+06   1.48e+07   6.25       < 1.201 0.986 >
2023-02-15 07:08:48 [02/15/23 07:08:48    0.43s]: 144004  60501      5305       33127      13958066   604534291  41749      5.79e-04   2.78e+06   1.48e+07   6.25       < 1.201 0.986 >
2023-02-15 07:08:48  ---  main.cpp:generate tcells took  avg 0.05 s max 0.07 s balance 0.70  --- 
2023-02-15 07:08:48  ---  main.cpp:update circulating tcells took  avg 54.75 s max 57.94 s balance 0.95  --- 
2023-02-15 07:08:48  ---  main.cpp:update tcells took  avg 501.58 s max 546.19 s balance 0.92  --- 
2023-02-15 07:08:48  ---  main.cpp:update epicells took  avg 166.85 s max 170.16 s balance 0.98  --- 
2023-02-15 07:08:48  ---  main.cpp:update concentrations took  avg 1835.49 s max 1930.71 s balance 0.95  --- 
2023-02-15 07:08:48  ---  main.cpp:compute updates took  avg 4230.68 s max 4230.74 s balance 1.00  --- 
2023-02-15 07:08:48  ---  main.cpp:dispatch updates took  avg 1901.58 s max 2052.68 s balance 0.93  --- 
2023-02-15 07:08:48  ---  main.cpp:add new actives took  avg 86.77 s max 88.92 s balance 0.98  --- 
2023-02-15 07:08:48  ---  main.cpp:erase inactive took  avg 739.91 s max 759.61 s balance 0.97  --- 
2023-02-15 07:08:48  ---  main.cpp:sample took  avg 0.00 s max 0.00 s balance -nan  --- 
2023-02-15 07:08:48  ---  main.cpp:sample write took  avg 0.00 s max 0.00 s balance -nan  --- 
2023-02-15 07:08:48  ---  main.cpp:log took  avg 12.35 s max 12.42 s balance 0.99  --- 
2023-02-15 07:08:48 Finished 144005 time steps in 7275.8669 s (0.0505 s per step)
2023-02-15 07:08:48  --- Elapsed time for main.cpp:run_sim:  (exiting barrier) 2023-02-15 07:08:48 ...
2023-02-15 07:08:48           ... (min/my/avg/max, bal) (7275.87/7275.87/7275.87/7275.87 s, 1.00) barrier(0.00 s) --- 
2023-02-15 07:08:48 Peak memory used across all nodes: 24.04GB
2023-02-15 07:08:48 Finished in 7279.87 s at 02/15/23 07:08:48 for SimCov version 0.1.1.8024051-dirty
