2023-02-17 03:09:18 SimCov version SimCov version 0.1.1.8024051-dirty-master built on 20230216_082905
2023-02-17 03:09:18 _________________________
2023-02-17 03:09:18 Compiler definitions:
2023-02-17 03:09:18   _XOPEN_SOURCE=700
2023-02-17 03:09:18   CONFIG_USE_COLORS
2023-02-17 03:09:18   USE_BYTELL
2023-02-17 03:09:18   MAX_VIRIONS=125000
2023-02-17 03:09:18   MIN_VIRIONS=1e-10
2023-02-17 03:09:18   BLOCK_PARTITION
2023-02-17 03:09:18   MIN_BLOCKS_PER_PROC=1
2023-02-17 03:09:18   AVERAGE_SUBSAMPLE
2023-02-17 03:09:18 _________________________
2023-02-17 03:09:18 Options:
2023-02-17 03:09:18   dim =                         15000 15000 1
2023-02-17 03:09:18   whole-lung-dim =              48000 40000 20000
2023-02-17 03:09:18   timesteps =                   144005
2023-02-17 03:09:18   infection-coords =            uniform:1
2023-02-17 03:09:18   initial-infection =           999
2023-02-17 03:09:18   incubation-period =           300
2023-02-17 03:09:18   apoptosis-period =            180
2023-02-17 03:09:18   expressing-period =           900
2023-02-17 03:09:18   infectivity =                 0.001
2023-02-17 03:09:18   infectivity-multiplier =      1.0
2023-02-17 03:09:18   virion-production =           1.1
2023-02-17 03:09:18   virion-production-multiplier = 1.0
2023-02-17 03:09:18   virion-clearance =            0.004
2023-02-17 03:09:18   virion-diffusion =            0.15
2023-02-17 03:09:18   chemokine-production =        1.0
2023-02-17 03:09:18   chemokine-decay =             0.01
2023-02-17 03:09:18   chemokine-diffusion =         1.0
2023-02-17 03:09:18   min-chemokine =               1e-06
2023-02-17 03:09:18   antibody-factor =             1
2023-02-17 03:09:18   antibody-period =             5760
2023-02-17 03:09:18   tcell-generation-rate =       105000
2023-02-17 03:09:18   tcell-initial-delay =         10080
2023-02-17 03:09:18   tcell-vascular-period =       5760
2023-02-17 03:09:18   tcell-tissue-period =         1440
2023-02-17 03:09:18   tcell-binding-period =        10
2023-02-17 03:09:18   max-binding-prob =            1
2023-02-17 03:09:18   tcells-follow-gradient =      false
2023-02-17 03:09:18   seed =                        7
2023-02-17 03:09:18   sample-period =               0
2023-02-17 03:09:18   sample-resolution =           1
2023-02-17 03:09:18   max-block-dim =               10
2023-02-17 03:09:18   output =                      exp_results/per_300_inf_0.001/init_999/7
2023-02-17 03:09:18 _________________________
2023-02-17 03:09:18 Starting run with 64 processes on 2 nodes at 02/17/23 03:09:18
2023-02-17 03:09:18 Pinned processes, with process 0 (pid 3879486) pinned to core 0
2023-02-17 03:09:18 Using block partitioning
2023-02-17 03:09:18 Initial free memory across all nodes: 152.25GB
2023-02-17 03:09:18 Starting with 76.41GB free on node 0
2023-02-17 03:09:18 Dividing 225000000 grid points into 3515625 squares of size 64 (8^2), with 54932 per process
2023-02-17 03:09:18 Total initial memory required per process is at least 281.63MB with each grid point requiring on average 84 bytes
2023-02-17 03:09:21  --- Elapsed time for tissue.cpp:Tissue:  (exiting barrier) 2023-02-17 03:09:21 ...
2023-02-17 03:09:21           ... (min/my/avg/max, bal) (3.54/3.54/3.54/3.54 s, 1.00) barrier(0.00 s) --- 
2023-02-17 03:09:21 Memory used on node 0 after initialization is  10.89GB
2023-02-17 03:09:21           ... (min/my/avg/max, bal) No-Time barrier(0.00 s) --- 
2023-02-17 03:09:21 Fraction of circulating T cells extravasating is 5.85938e-06
2023-02-17 03:09:21 # datetime                    step    incb       expr       apop       dead       tvas       ttis       chem       virs       chempts    %infct     <%active  lbln>
2023-02-17 03:09:21 [0] <main.cpp:141> WARNING: Time step 0: SUCCESSFUL initial infection at (7500, 7500, 0) after 0 tries
2023-02-17 03:09:21 [02/17/23 03:09:21    0.00s]: 0       1          0          0          0          0          0          0.00e+00   0.00e+00   1.00e+00   0.00       < 0.000 0.016 >
2023-02-17 03:09:23 [02/17/23 03:09:23    1.64s]: 2880    2068       4766       0          3286       0          0          3.98e-05   1.15e+06   3.83e+04   0.00       < 0.017 0.854 >
2023-02-17 03:09:27 [02/17/23 03:09:27    4.13s]: 5760    4591       12240      0          26550      0          0          1.02e-04   3.17e+06   9.33e+04   0.02       < 0.041 0.928 >
2023-02-17 03:09:35 [02/17/23 03:09:35    8.06s]: 8640    7047       19734      0          74208      0          0          1.64e-04   5.23e+06   1.73e+05   0.04       < 0.077 0.944 >
2023-02-17 03:09:48 [02/17/23 03:09:48   13.26s]: 11520   8942       24208      1343       146628     133767793  567        2.23e-04   6.90e+06   2.74e+05   0.08       < 0.122 0.969 >
2023-02-17 03:10:10 [02/17/23 03:10:10   21.80s]: 14400   9327       15523      5165       248299     319071698  2877       2.54e-04   5.39e+06   3.93e+05   0.12       < 0.166 0.965 >
2023-02-17 03:10:41 [02/17/23 03:10:41   30.83s]: 17280   9818       10517      6655       359244     431456417  4811       2.57e-04   4.04e+06   5.19e+05   0.17       < 0.203 0.971 >
2023-02-17 03:11:20 [02/17/23 03:11:20   38.64s]: 20160   9848       7366       7871       480665     499614786  6675       2.52e-04   3.27e+06   6.58e+05   0.22       < 0.234 0.960 >
2023-02-17 03:12:05 [02/17/23 03:12:05   45.61s]: 23040   10500      6568       8718       611254     540951357  8012       2.64e-04   3.08e+06   8.07e+05   0.28       < 0.262 0.984 >
2023-02-17 03:12:57 [02/17/23 03:12:57   52.23s]: 25920   11716      7093       9274       753953     566019796  9348       2.86e-04   3.22e+06   9.69e+05   0.35       < 0.290 0.969 >
2023-02-17 03:13:57 [02/17/23 03:13:57   60.03s]: 28800   12647      6773       10216      909731     581222109  10711      3.02e-04   3.10e+06   1.14e+06   0.42       < 0.319 0.976 >
2023-02-17 03:15:05 [02/17/23 03:15:05   67.19s]: 31680   13403      6084       10866      1078735    590440362  11791      3.11e-04   3.00e+06   1.33e+06   0.49       < 0.348 0.962 >
2023-02-17 03:16:18 [02/17/23 03:16:18   73.45s]: 34560   14225      7023       11731      1257985    596029909  12855      3.42e-04   3.30e+06   1.53e+06   0.57       < 0.376 0.981 >
2023-02-17 03:17:38 [02/17/23 03:17:38   80.30s]: 37440   15141      6945       12547      1452927    599418059  13854      3.60e-04   3.29e+06   1.74e+06   0.66       < 0.406 0.967 >
2023-02-17 03:19:07 [02/17/23 03:19:07   88.83s]: 40320   16027      8312       13450      1658016    601471498  14847      3.86e-04   3.76e+06   1.97e+06   0.75       < 0.435 0.971 >
2023-02-17 03:20:44 [02/17/23 03:20:44   97.19s]: 43200   17332      7912       14482      1879202    602715023  16213      4.09e-04   3.86e+06   2.21e+06   0.85       < 0.464 0.984 >
2023-02-17 03:22:28 [02/17/23 03:22:28  103.68s]: 46080   18374      8481       15363      2112926    603467448  17147      4.30e-04   3.97e+06   2.46e+06   0.96       < 0.495 0.969 >
2023-02-17 03:24:19 [02/17/23 03:24:19  111.12s]: 48960   19478      8975       16164      2361630    603922515  18010      4.61e-04   4.39e+06   2.73e+06   1.07       < 0.524 0.973 >
2023-02-17 03:26:17 [02/17/23 03:26:17  117.89s]: 51840   20484      8694       16004      2623028    604196973  18915      4.69e-04   4.09e+06   3.01e+06   1.19       < 0.554 0.980 >
2023-02-17 03:28:23 [02/17/23 03:28:23  125.64s]: 54720   22205      10602      17666      2896200    604362235  19669      5.14e-04   4.91e+06   3.30e+06   1.31       < 0.584 0.973 >
2023-02-17 03:30:39 [02/17/23 03:30:39  136.29s]: 57600   22447      10534      18389      3187289    604460354  20908      5.31e-04   4.96e+06   3.61e+06   1.44       < 0.614 0.981 >
2023-02-17 03:33:02 [02/17/23 03:33:02  143.04s]: 60480   23138      10413      19177      3488155    604518491  21876      5.47e-04   4.93e+06   3.93e+06   1.57       < 0.644 0.977 >
2023-02-17 03:35:32 [02/17/23 03:35:32  150.17s]: 63360   24711      10764      19924      3803647    604551910  23016      5.75e-04   5.21e+06   4.27e+06   1.72       < 0.671 0.979 >
2023-02-17 03:38:09 [02/17/23 03:38:09  157.12s]: 66240   25218      11369      21042      4133096    604570791  24119      5.93e-04   5.39e+06   4.62e+06   1.86       < 0.702 0.986 >
2023-02-17 03:40:55 [02/17/23 03:40:55  165.44s]: 69120   26088      10589      21693      4474953    604580393  25066      6.09e-04   5.29e+06   4.98e+06   2.01       < 0.731 0.973 >
2023-02-17 03:43:47 [02/17/23 03:43:47  172.61s]: 72000   27348      11730      22364      4829239    604584967  25990      6.41e-04   5.68e+06   5.35e+06   2.17       < 0.759 0.978 >
2023-02-17 03:46:51 [02/17/23 03:46:51  183.68s]: 74880   29177      12847      23382      5196635    604586884  26659      6.74e-04   5.99e+06   5.74e+06   2.34       < 0.790 0.981 >
2023-02-17 03:50:03 [02/17/23 03:50:03  191.56s]: 77760   29794      13394      24367      5584235    604585939  27820      7.01e-04   6.38e+06   6.14e+06   2.51       < 0.822 0.975 >
2023-02-17 03:53:24 [02/17/23 03:53:24  201.53s]: 80640   30921      14383      25339      5983428    604584073  28751      7.35e-04   6.83e+06   6.56e+06   2.69       < 0.855 0.986 >
2023-02-17 03:56:54 [02/17/23 03:56:54  210.03s]: 83520   31857      13806      25756      6396447    604581215  29919      7.42e-04   6.71e+06   6.99e+06   2.87       < 0.883 0.977 >
2023-02-17 04:00:32 [02/17/23 04:00:32  217.64s]: 86400   32508      14716      26902      6821047    604577452  30825      7.67e-04   7.02e+06   7.44e+06   3.06       < 0.913 0.984 >
2023-02-17 04:04:17 [02/17/23 04:04:17  225.58s]: 89280   33244      14454      27702      7257486    604574031  31592      7.79e-04   6.91e+06   7.89e+06   3.26       < 0.940 0.986 >
2023-02-17 04:08:10 [02/17/23 04:08:10  232.77s]: 92160   35009      16046      28579      7706693    604570545  32674      8.30e-04   7.67e+06   8.36e+06   3.46       < 0.969 0.980 >
2023-02-17 04:12:16 [02/17/23 04:12:16  245.96s]: 95040   35057      15949      29496      8172403    604566571  33911      8.41e-04   7.72e+06   8.85e+06   3.67       < 0.998 0.983 >
2023-02-17 04:16:28 [02/17/23 04:16:28  252.05s]: 97920   36186      17038      30692      8649742    604562685  34689      8.79e-04   8.25e+06   9.34e+06   3.88       < 1.030 0.980 >
2023-02-17 04:20:45 [02/17/23 04:20:45  256.71s]: 100800  37368      16295      31682      9143209    604559099  35637      8.88e-04   8.06e+06   9.85e+06   4.10       < 1.059 0.987 >
2023-02-17 04:25:09 [02/17/23 04:25:09  264.11s]: 103680  39375      17184      31921      9646652    604555148  36738      9.12e-04   8.11e+06   1.04e+07   4.33       < 1.090 0.986 >
2023-02-17 04:29:42 [02/17/23 04:29:42  273.13s]: 106560  39542      17369      32526      10166008   604551581  37472      9.36e-04   8.34e+06   1.09e+07   4.56       < 1.117 0.986 >
2023-02-17 04:34:24 [02/17/23 04:34:24  281.31s]: 109440  40919      18263      33872      10699221   604547502  38932      9.65e-04   8.76e+06   1.15e+07   4.80       < 1.150 0.984 >
2023-02-17 04:39:17 [02/17/23 04:39:17  293.11s]: 112320  42586      18849      34898      11246566   604543301  39712      9.97e-04   9.03e+06   1.20e+07   5.04       < 1.181 0.981 >
2023-02-17 04:44:19 [02/17/23 04:44:19  302.45s]: 115200  42703      19596      36035      11812201   604539635  40736      1.03e-03   9.57e+06   1.26e+07   5.29       < 1.211 0.985 >
2023-02-17 04:49:33 [02/17/23 04:49:33  313.63s]: 118080  44004      19516      36110      12391518   604535334  41890      1.05e-03   9.58e+06   1.32e+07   5.55       < 1.244 0.985 >
2023-02-17 04:54:51 [02/17/23 04:54:51  317.95s]: 120960  45132      19844      36905      12980762   604531662  42533      1.06e-03   9.56e+06   1.38e+07   5.81       < 1.272 0.988 >
2023-02-17 05:00:17 [02/17/23 05:00:17  325.86s]: 123840  46550      20754      38150      13582926   604527792  43507      1.10e-03   1.01e+07   1.44e+07   6.08       < 1.300 0.983 >
2023-02-17 05:05:50 [02/17/23 05:05:50  333.75s]: 126720  46655      21171      38322      14202062   604523151  44856      1.11e-03   1.00e+07   1.51e+07   6.36       < 1.331 0.983 >
2023-02-17 05:11:32 [02/17/23 05:11:32  341.92s]: 129600  48689      22928      39783      14832066   604519544  45393      1.15e-03   1.07e+07   1.57e+07   6.64       < 1.362 0.980 >
2023-02-17 05:17:23 [02/17/23 05:17:23  350.76s]: 132480  48603      21384      40413      15481631   604515448  46765      1.15e-03   1.04e+07   1.64e+07   6.93       < 1.391 0.986 >
2023-02-17 05:23:22 [02/17/23 05:23:22  359.06s]: 135360  50056      23149      41686      16136854   604511728  47468      1.20e-03   1.11e+07   1.71e+07   7.22       < 1.422 0.979 >
2023-02-17 05:29:34 [02/17/23 05:29:34  371.64s]: 138240  51151      22956      42182      16810518   604507613  48659      1.22e-03   1.11e+07   1.78e+07   7.52       < 1.449 0.987 >
2023-02-17 05:35:55 [02/17/23 05:35:55  380.87s]: 141120  52418      22613      42378      17496730   604503335  49796      1.22e-03   1.10e+07   1.85e+07   7.83       < 1.481 0.988 >
2023-02-17 05:42:19 [02/17/23 05:42:19  384.68s]: 144000  53397      24109      44141      18195447   604499375  50480      1.27e-03   1.17e+07   1.92e+07   8.14       < 1.510 0.983 >
2023-02-17 05:42:20 [02/17/23 05:42:20    0.54s]: 144004  53429      24053      44162      18196420   604499374  50459      1.27e-03   1.17e+07   1.92e+07   8.14       < 1.510 0.983 >
2023-02-17 05:42:20  ---  main.cpp:generate tcells took  avg 0.05 s max 0.07 s balance 0.75  --- 
2023-02-17 05:42:20  ---  main.cpp:update circulating tcells took  avg 54.52 s max 57.97 s balance 0.94  --- 
2023-02-17 05:42:20  ---  main.cpp:update tcells took  avg 617.34 s max 679.69 s balance 0.91  --- 
2023-02-17 05:42:20  ---  main.cpp:update epicells took  avg 204.91 s max 207.41 s balance 0.99  --- 
2023-02-17 05:42:20  ---  main.cpp:update concentrations took  avg 2410.76 s max 2474.34 s balance 0.97  --- 
2023-02-17 05:42:20  ---  main.cpp:compute updates took  avg 5374.09 s max 5374.17 s balance 1.00  --- 
2023-02-17 05:42:20  ---  main.cpp:dispatch updates took  avg 2370.17 s max 2593.81 s balance 0.91  --- 
2023-02-17 05:42:20  ---  main.cpp:add new actives took  avg 103.53 s max 106.54 s balance 0.97  --- 
2023-02-17 05:42:20  ---  main.cpp:erase inactive took  avg 932.97 s max 963.18 s balance 0.97  --- 
2023-02-17 05:42:20  ---  main.cpp:sample took  avg 0.00 s max 0.00 s balance -nan  --- 
2023-02-17 05:42:20  ---  main.cpp:sample write took  avg 0.00 s max 0.00 s balance -nan  --- 
2023-02-17 05:42:20  ---  main.cpp:log took  avg 11.95 s max 12.15 s balance 0.98  --- 
2023-02-17 05:42:20 Finished 144005 time steps in 9178.5030 s (0.0637 s per step)
2023-02-17 05:42:20  --- Elapsed time for main.cpp:run_sim:  (exiting barrier) 2023-02-17 05:42:20 ...
2023-02-17 05:42:20           ... (min/my/avg/max, bal) (9178.50/9178.50/9178.50/9178.50 s, 1.00) barrier(0.00 s) --- 
2023-02-17 05:42:20 Peak memory used across all nodes: 24.58GB
2023-02-17 05:42:20 Finished in 9182.28 s at 02/17/23 05:42:20 for SimCov version 0.1.1.8024051-dirty
