2023-02-18 13:41:09 SimCov version SimCov version 0.1.1.8024051-dirty-master built on 20230216_082905
2023-02-18 13:41:09 _________________________
2023-02-18 13:41:09 Compiler definitions:
2023-02-18 13:41:09   _XOPEN_SOURCE=700
2023-02-18 13:41:09   CONFIG_USE_COLORS
2023-02-18 13:41:09   USE_BYTELL
2023-02-18 13:41:09   MAX_VIRIONS=125000
2023-02-18 13:41:09   MIN_VIRIONS=1e-10
2023-02-18 13:41:09   BLOCK_PARTITION
2023-02-18 13:41:09   MIN_BLOCKS_PER_PROC=1
2023-02-18 13:41:09   AVERAGE_SUBSAMPLE
2023-02-18 13:41:09 _________________________
2023-02-18 13:41:09 Options:
2023-02-18 13:41:09   dim =                         15000 15000 1
2023-02-18 13:41:09   whole-lung-dim =              48000 40000 20000
2023-02-18 13:41:09   timesteps =                   144005
2023-02-18 13:41:09   infection-coords =            uniform:1
2023-02-18 13:41:09   initial-infection =           999
2023-02-18 13:41:09   incubation-period =           1200
2023-02-18 13:41:09   apoptosis-period =            180
2023-02-18 13:41:09   expressing-period =           900
2023-02-18 13:41:09   infectivity =                 0.1
2023-02-18 13:41:09   infectivity-multiplier =      1.0
2023-02-18 13:41:09   virion-production =           1.1
2023-02-18 13:41:09   virion-production-multiplier = 1.0
2023-02-18 13:41:09   virion-clearance =            0.004
2023-02-18 13:41:09   virion-diffusion =            0.15
2023-02-18 13:41:09   chemokine-production =        1.0
2023-02-18 13:41:09   chemokine-decay =             0.01
2023-02-18 13:41:09   chemokine-diffusion =         1.0
2023-02-18 13:41:09   min-chemokine =               1e-06
2023-02-18 13:41:09   antibody-factor =             1
2023-02-18 13:41:09   antibody-period =             5760
2023-02-18 13:41:09   tcell-generation-rate =       105000
2023-02-18 13:41:09   tcell-initial-delay =         10080
2023-02-18 13:41:09   tcell-vascular-period =       5760
2023-02-18 13:41:09   tcell-tissue-period =         1440
2023-02-18 13:41:09   tcell-binding-period =        10
2023-02-18 13:41:09   max-binding-prob =            1
2023-02-18 13:41:09   tcells-follow-gradient =      false
2023-02-18 13:41:09   seed =                        3
2023-02-18 13:41:09   sample-period =               0
2023-02-18 13:41:09   sample-resolution =           1
2023-02-18 13:41:09   max-block-dim =               10
2023-02-18 13:41:09   output =                      exp_results/per_1200_inf_0.1/init_999/3
2023-02-18 13:41:09 _________________________
2023-02-18 13:41:09 Starting run with 64 processes on 2 nodes at 02/18/23 13:41:09
2023-02-18 13:41:09 Pinned processes, with process 0 (pid 23642) pinned to core 0
2023-02-18 13:41:09 Using block partitioning
2023-02-18 13:41:09 Initial free memory across all nodes: 151.52GB
2023-02-18 13:41:09 Starting with 76.88GB free on node 0
2023-02-18 13:41:09 Dividing 225000000 grid points into 3515625 squares of size 64 (8^2), with 54932 per process
2023-02-18 13:41:09 Total initial memory required per process is at least 281.63MB with each grid point requiring on average 84 bytes
2023-02-18 13:41:13  --- Elapsed time for tissue.cpp:Tissue:  (exiting barrier) 2023-02-18 13:41:13 ...
2023-02-18 13:41:13           ... (min/my/avg/max, bal) (3.59/3.59/3.59/3.59 s, 1.00) barrier(0.00 s) --- 
2023-02-18 13:41:13 Memory used on node 0 after initialization is  10.91GB
2023-02-18 13:41:13           ... (min/my/avg/max, bal) No-Time barrier(0.00 s) --- 
2023-02-18 13:41:13 Fraction of circulating T cells extravasating is 5.85938e-06
2023-02-18 13:41:13 # datetime                    step    incb       expr       apop       dead       tvas       ttis       chem       virs       chempts    %infct     <%active  lbln>
2023-02-18 13:41:13 [0] <main.cpp:141> WARNING: Time step 0: SUCCESSFUL initial infection at (7500, 7500, 0) after 0 tries
2023-02-18 13:41:13 [02/18/23 13:41:13    0.00s]: 0       1          0          0          0          0          0          0.00e+00   0.00e+00   1.00e+00   0.00       < 0.000 0.016 >
2023-02-18 13:41:14 [02/18/23 13:41:14    1.27s]: 2880    4918       1698       0          1087       0          0          1.71e-05   2.80e+05   2.63e+04   0.00       < 0.012 0.801 >
2023-02-18 13:41:17 [02/18/23 13:41:17    3.07s]: 5760    9560       6645       0          11602      0          0          6.22e-05   1.77e+06   6.11e+04   0.01       < 0.027 0.886 >
2023-02-18 13:41:23 [02/18/23 13:41:23    5.32s]: 8640    15712      9740       0          35646      0          0          9.75e-05   2.56e+06   1.07e+05   0.03       < 0.048 0.927 >
2023-02-18 13:41:31 [02/18/23 13:41:31    8.62s]: 11520   20043      13169      878        73501      133767897  381        1.40e-04   3.67e+06   1.68e+05   0.05       < 0.074 0.952 >
2023-02-18 13:41:44 [02/18/23 13:41:44   13.18s]: 14400   14795      3799       3799       138751     319073265  2020       1.27e-04   1.54e+06   2.32e+05   0.07       < 0.102 0.955 >
2023-02-18 13:42:03 [02/18/23 13:42:03   18.25s]: 17280   11350      586        3767       202276     431459423  3245       6.28e-05   3.57e+05   2.99e+05   0.10       < 0.125 0.958 >
2023-02-18 13:42:24 [02/18/23 13:42:24   21.49s]: 20160   7996       108        3255       259423     499620875  3829       1.98e-05   6.03e+04   3.56e+05   0.12       < 0.136 0.966 >
2023-02-18 13:42:47 [02/18/23 13:42:47   22.86s]: 23040   4789       19         2337       305742     540961038  3778       5.87e-06   1.43e+04   3.85e+05   0.14       < 0.136 0.947 >
2023-02-18 13:43:08 [02/18/23 13:43:08   20.82s]: 25920   2661       34         1003       329902     566036255  1887       1.97e-06   3.90e+03   3.79e+05   0.15       < 0.129 0.946 >
2023-02-18 13:43:27 [02/18/23 13:43:27   18.72s]: 28800   4668       72         1973       351620     581244327  2710       1.22e-05   4.38e+04   4.41e+05   0.16       < 0.117 0.940 >
2023-02-18 13:43:47 [02/18/23 13:43:47   20.53s]: 31680   3125       43         1690       387792     590466822  3128       6.44e-06   2.23e+04   4.62e+05   0.17       < 0.130 0.929 >
2023-02-18 13:44:08 [02/18/23 13:44:08   20.75s]: 34560   4167       82         1455       408755     596061872  2466       9.01e-06   2.49e+04   4.86e+05   0.18       < 0.134 0.956 >
2023-02-18 13:44:30 [02/18/23 13:44:30   22.39s]: 37440   5107       65         2024       440280     599454096  3044       4.77e-06   1.02e+04   5.18e+05   0.20       < 0.144 0.939 >
2023-02-18 13:44:53 [02/18/23 13:44:53   23.09s]: 40320   4575       85         2295       475023     601511214  3450       1.02e-05   3.66e+04   5.64e+05   0.21       < 0.143 0.945 >
2023-02-18 13:45:18 [02/18/23 13:45:18   24.60s]: 43200   4476       62         1681       507380     602759025  2941       4.81e-06   1.71e+04   5.78e+05   0.23       < 0.156 0.941 >
2023-02-18 13:45:42 [02/18/23 13:45:42   24.05s]: 46080   3757       89         1613       535732     603516343  2846       1.13e-05   3.94e+04   6.12e+05   0.24       < 0.147 0.940 >
2023-02-18 13:46:06 [02/18/23 13:46:06   24.48s]: 48960   5267       92         2278       567768     603974800  3389       8.70e-06   3.67e+04   6.56e+05   0.26       < 0.157 0.931 >
2023-02-18 13:46:33 [02/18/23 13:46:33   26.92s]: 51840   5201       78         1687       600477     604252962  3265       6.53e-06   2.27e+04   6.75e+05   0.27       < 0.166 0.950 >
2023-02-18 13:47:02 [02/18/23 13:47:02   28.60s]: 54720   5506       184        2553       637829     604420643  4252       1.23e-05   6.20e+04   7.36e+05   0.29       < 0.178 0.946 >
2023-02-18 13:47:32 [02/18/23 13:47:32   30.34s]: 57600   4770       21         1923       674395     604522785  3419       4.89e-06   9.35e+03   7.74e+05   0.30       < 0.189 0.942 >
2023-02-18 13:48:03 [02/18/23 13:48:03   30.51s]: 60480   5808       93         2200       709003     604584381  3638       1.13e-05   6.72e+04   8.09e+05   0.32       < 0.185 0.941 >
2023-02-18 13:48:36 [02/18/23 13:48:36   32.74s]: 63360   7912       40         3611       757842     604620420  5011       9.46e-06   3.05e+04   8.83e+05   0.34       < 0.204 0.967 >
2023-02-18 13:49:12 [02/18/23 13:49:12   36.76s]: 66240   5452       64         2133       804562     604642792  4361       1.00e-05   3.34e+04   9.15e+05   0.36       < 0.217 0.952 >
2023-02-18 13:49:51 [02/18/23 13:49:51   38.56s]: 69120   7443       44         3028       848099     604655540  4961       9.73e-06   2.19e+04   9.70e+05   0.38       < 0.225 0.955 >
2023-02-18 13:50:33 [02/18/23 13:50:33   42.43s]: 72000   6815       223        3055       902251     604662866  5122       1.60e-05   5.75e+04   1.02e+06   0.41       < 0.245 0.969 >
2023-02-18 13:51:21 [02/18/23 13:51:21   47.39s]: 74880   10074      130        4626       959258     604665902  6429       1.53e-05   6.09e+04   1.12e+06   0.43       < 0.274 0.962 >
2023-02-18 13:52:17 [02/18/23 13:52:17   56.32s]: 77760   8293       37         3959       1028414    604666263  6689       7.21e-06   2.42e+04   1.20e+06   0.46       < 0.309 0.948 >
2023-02-18 13:53:15 [02/18/23 13:53:15   57.87s]: 80640   7227       56         2452       1076847    604669719  4755       1.15e-05   3.92e+04   1.21e+06   0.48       < 0.284 0.966 >
2023-02-18 13:54:06 [02/18/23 13:54:06   50.94s]: 83520   7435       48         3778       1133721    604670617  5697       1.19e-05   4.02e+04   1.26e+06   0.51       < 0.270 0.957 >
2023-02-18 13:54:58 [02/18/23 13:54:58   52.14s]: 86400   7245       45         3069       1189355    604671435  5309       1.10e-05   4.51e+04   1.31e+06   0.53       < 0.275 0.973 >
2023-02-18 13:55:50 [02/18/23 13:55:50   51.95s]: 89280   8108       75         3579       1241013    604672241  5673       1.27e-05   4.48e+04   1.38e+06   0.56       < 0.279 0.955 >
2023-02-18 13:56:48 [02/18/23 13:56:48   57.91s]: 92160   8177       161        3577       1300536    604671844  5753       1.99e-05   8.91e+04   1.45e+06   0.58       < 0.299 0.972 >
2023-02-18 13:57:46 [02/18/23 13:57:46   58.20s]: 95040   9106       127        3811       1361419    604670836  6317       1.60e-05   7.06e+04   1.51e+06   0.61       < 0.312 0.955 >
2023-02-18 13:58:50 [02/18/23 13:58:50   64.20s]: 97920   10686      73         4480       1432262    604668000  7613       1.46e-05   6.08e+04   1.61e+06   0.64       < 0.350 0.962 >
2023-02-18 13:59:57 [02/18/23 13:59:57   67.17s]: 100800  10582      222        4188       1493926    604667944  6710       1.79e-05   7.75e+04   1.66e+06   0.67       < 0.357 0.963 >
2023-02-18 14:01:04 [02/18/23 14:01:04   66.23s]: 103680  9003       263        4102       1567489    604667522  6878       2.33e-05   1.07e+05   1.70e+06   0.70       < 0.331 0.961 >
2023-02-18 14:02:09 [02/18/23 14:02:09   64.97s]: 106560  10675      194        5185       1636739    604666494  7972       1.88e-05   8.28e+04   1.82e+06   0.73       < 0.350 0.967 >
2023-02-18 14:03:18 [02/18/23 14:03:18   69.91s]: 109440  8313       109        3787       1711209    604666016  6912       1.05e-05   3.15e+04   1.88e+06   0.77       < 0.361 0.955 >
2023-02-18 14:04:28 [02/18/23 14:04:28   69.95s]: 112320  10914      84         4939       1779510    604665425  8032       2.34e-05   7.11e+04   1.99e+06   0.80       < 0.363 0.958 >
2023-02-18 14:05:40 [02/18/23 14:05:40   71.17s]: 115200  8948       165        3825       1854405    604664757  7606       1.84e-05   7.50e+04   2.02e+06   0.83       < 0.373 0.976 >
2023-02-18 14:06:51 [02/18/23 14:06:51   71.40s]: 118080  10694      116        4632       1921952    604665124  7400       1.94e-05   5.79e+04   2.11e+06   0.86       < 0.371 0.960 >
2023-02-18 14:08:07 [02/18/23 14:08:07   75.74s]: 120960  10797      195        4892       2005635    604662907  9390       2.21e-05   8.98e+04   2.21e+06   0.90       < 0.399 0.969 >
2023-02-18 14:09:28 [02/18/23 14:09:28   81.32s]: 123840  11623      209        4796       2078991    604663088  7802       2.00e-05   6.95e+04   2.27e+06   0.93       < 0.419 0.970 >
2023-02-18 14:10:51 [02/18/23 14:10:51   82.91s]: 126720  12789      228        5836       2166497    604660877  9790       2.33e-05   7.93e+04   2.39e+06   0.97       < 0.413 0.954 >
2023-02-18 14:12:14 [02/18/23 14:12:14   83.01s]: 129600  10401      28         3719       2244921    604662047  7176       1.29e-05   4.78e+04   2.40e+06   1.00       < 0.415 0.973 >
2023-02-18 14:13:35 [02/18/23 14:13:35   81.33s]: 132480  14504      301        6435       2319090    604660999  9681       2.44e-05   9.21e+04   2.53e+06   1.04       < 0.415 0.965 >
2023-02-18 14:15:02 [02/18/23 14:15:02   86.90s]: 135360  12067      102        5444       2413480    604659498  9632       1.87e-05   6.29e+04   2.63e+06   1.08       < 0.443 0.971 >
2023-02-18 14:16:30 [02/18/23 14:16:30   87.90s]: 138240  12994      245        4693       2491984    604660305  7764       2.37e-05   1.06e+05   2.71e+06   1.12       < 0.442 0.966 >
2023-02-18 14:17:59 [02/18/23 14:17:59   89.13s]: 141120  10480      123        5203       2583758    604659255  9239       1.91e-05   7.67e+04   2.75e+06   1.16       < 0.440 0.970 >
2023-02-18 14:19:26 [02/18/23 14:19:26   86.71s]: 144000  16776      235        6250       2660715    604660235  8627       2.21e-05   1.09e+05   2.90e+06   1.19       < 0.448 0.975 >
2023-02-18 14:19:26 [02/18/23 14:19:26    0.12s]: 144004  16754      233        6287       2660833    604660232  8629       2.20e-05   1.09e+05   2.90e+06   1.19       < 0.448 0.975 >
2023-02-18 14:19:26  ---  main.cpp:generate tcells took  avg 0.04 s max 0.05 s balance 0.80  --- 
2023-02-18 14:19:26  ---  main.cpp:update circulating tcells took  avg 54.83 s max 57.17 s balance 0.96  --- 
2023-02-18 14:19:26  ---  main.cpp:update tcells took  avg 115.23 s max 126.98 s balance 0.91  --- 
2023-02-18 14:19:26  ---  main.cpp:update epicells took  avg 74.48 s max 76.57 s balance 0.97  --- 
2023-02-18 14:19:26  ---  main.cpp:update concentrations took  avg 484.63 s max 499.63 s balance 0.97  --- 
2023-02-18 14:19:26  ---  main.cpp:compute updates took  avg 1323.58 s max 1323.62 s balance 1.00  --- 
2023-02-18 14:19:26  ---  main.cpp:dispatch updates took  avg 556.53 s max 607.59 s balance 0.92  --- 
2023-02-18 14:19:26  ---  main.cpp:add new actives took  avg 32.83 s max 33.58 s balance 0.98  --- 
2023-02-18 14:19:26  ---  main.cpp:erase inactive took  avg 260.77 s max 265.98 s balance 0.98  --- 
2023-02-18 14:19:26  ---  main.cpp:sample took  avg 0.00 s max 0.00 s balance -nan  --- 
2023-02-18 14:19:26  ---  main.cpp:sample write took  avg 0.00 s max 0.00 s balance -nan  --- 
2023-02-18 14:19:26  ---  main.cpp:log took  avg 11.18 s max 11.25 s balance 0.99  --- 
2023-02-18 14:19:26 Finished 144005 time steps in 2293.1776 s (0.0159 s per step)
2023-02-18 14:19:26  --- Elapsed time for main.cpp:run_sim:  (exiting barrier) 2023-02-18 14:19:26 ...
2023-02-18 14:19:26           ... (min/my/avg/max, bal) (2293.18/2293.18/2293.18/2293.18 s, 1.00) barrier(0.00 s) --- 
2023-02-18 14:19:27 Peak memory used across all nodes: 22.46GB
2023-02-18 14:19:27 Finished in 2297.28 s at 02/18/23 14:19:27 for SimCov version 0.1.1.8024051-dirty
