2023-02-13 22:43:11 SimCov version SimCov version 0.1.1.9cc77ef-dirty-branching_airways_3min_model built on 20230204_191356
2023-02-13 22:43:11 _________________________
2023-02-13 22:43:11 Compiler definitions:
2023-02-13 22:43:11   _XOPEN_SOURCE=700
2023-02-13 22:43:11   CONFIG_USE_COLORS
2023-02-13 22:43:11   USE_BYTELL
2023-02-13 22:43:11   MAX_VIRIONS=125000
2023-02-13 22:43:11   MIN_VIRIONS=1e-10
2023-02-13 22:43:11   BLOCK_PARTITION
2023-02-13 22:43:11   MIN_BLOCKS_PER_PROC=1
2023-02-13 22:43:11   AVERAGE_SUBSAMPLE
2023-02-13 22:43:11 _________________________
2023-02-13 22:43:11 Options:
2023-02-13 22:43:11   dim =                         15000 15000 1
2023-02-13 22:43:11   whole-lung-dim =              48000 40000 20000
2023-02-13 22:43:11   timesteps =                   216005
2023-02-13 22:43:11   infection-coords =            uniform:1
2023-02-13 22:43:11   initial-infection =           999
2023-02-13 22:43:11   incubation-period =           1200
2023-02-13 22:43:11   apoptosis-period =            180
2023-02-13 22:43:11   expressing-period =           900
2023-02-13 22:43:11   infectivity =                 0.1
2023-02-13 22:43:11   infectivity-multiplier =      1.0
2023-02-13 22:43:11   virion-production =           1.1
2023-02-13 22:43:11   virion-production-multiplier = 1.0
2023-02-13 22:43:11   virion-clearance =            0.004
2023-02-13 22:43:11   virion-diffusion =            0.15
2023-02-13 22:43:11   chemokine-production =        1.0
2023-02-13 22:43:11   chemokine-decay =             0.01
2023-02-13 22:43:11   chemokine-diffusion =         1.0
2023-02-13 22:43:11   min-chemokine =               1e-06
2023-02-13 22:43:11   antibody-factor =             1
2023-02-13 22:43:11   antibody-period =             5760
2023-02-13 22:43:11   tcell-generation-rate =       105000
2023-02-13 22:43:11   tcell-initial-delay =         10080
2023-02-13 22:43:11   tcell-vascular-period =       5760
2023-02-13 22:43:11   tcell-tissue-period =         1440
2023-02-13 22:43:11   tcell-binding-period =        10
2023-02-13 22:43:11   max-binding-prob =            1
2023-02-13 22:43:11   tcells-follow-gradient =      false
2023-02-13 22:43:11   seed =                        3
2023-02-13 22:43:11   sample-period =               0
2023-02-13 22:43:11   sample-resolution =           1
2023-02-13 22:43:11   max-block-dim =               10
2023-02-13 22:43:11   output =                      exp_results/per_1200_inf_0.1/init_999/3
2023-02-13 22:43:11 _________________________
2023-02-13 22:43:11 Starting run with 64 processes on 2 nodes at 02/13/23 22:43:11
2023-02-13 22:43:11 Pinned processes, with process 0 (pid 3531254) pinned to core 0
2023-02-13 22:43:11 Using block partitioning
2023-02-13 22:43:11 Initial free memory across all nodes: 152.16GB
2023-02-13 22:43:11 Starting with 76.29GB free on node 0
2023-02-13 22:43:11 Dividing 225000000 grid points into 3515625 squares of size 64 (8^2), with 54932 per process
2023-02-13 22:43:11 Total initial memory required per process is at least 308.46MB with each grid point requiring on average 92 bytes
2023-02-13 22:43:14  --- Elapsed time for tissue.cpp:Tissue:  (exiting barrier) 2023-02-13 22:43:14 ...
2023-02-13 22:43:14           ... (min/my/avg/max, bal) (3.46/3.46/3.46/3.46 s, 1.00) barrier(0.00 s) --- 
2023-02-13 22:43:14 Memory used on node 0 after initialization is  11.74GB
2023-02-13 22:43:14           ... (min/my/avg/max, bal) No-Time barrier(0.00 s) --- 
2023-02-13 22:43:14 Fraction of circulating T cells extravasating is 5.85938e-06
2023-02-13 22:43:14 # datetime                    step    incb       expr       apop       dead       tvas       ttis       inflcell   inflallvirs%infct     <%active  lbln>
2023-02-13 22:43:14 [0] <main.cpp:145> WARNING: Time step 0: SUCCESSFUL initial infection at (7500, 7500, 0) after 0 tries
2023-02-13 22:43:14 [02/13/23 22:43:14    0.00s]: 0       1          0          0          0          0          0          0          0          0.00e+00   0.0000004444< 0.000 0.016 >
2023-02-13 22:43:17 [02/13/23 22:43:17    2.64s]: 4320    8350       3311       0          5460       0          0          44374      44374      1.02e+06   0.0076093333< 0.020 0.836 >
2023-02-13 22:43:24 [02/13/23 22:43:24    6.94s]: 8640    16056      9370       0          36634      0          0          108553     108553     2.47e+06   0.0275822222< 0.048 0.932 >
2023-02-13 22:43:38 [02/13/23 22:43:38   14.27s]: 12960   16764      7948       2918       106941     237943663  1213       200006     200006     2.72e+06   0.0598093333< 0.089 0.955 >
2023-02-13 22:44:03 [02/13/23 22:44:03   25.10s]: 17280   12106      571        3928       203535     431459517  3238       301905     301905     3.66e+05   0.0978400000< 0.126 0.974 >
2023-02-13 22:44:36 [02/13/23 22:44:36   32.53s]: 21600   6581       32         2964       288158     522861432  3975       387276     387276     3.32e+04   0.1323266667< 0.139 0.969 >
2023-02-13 22:45:08 [02/13/23 22:45:08   32.08s]: 25920   3957       33         1833       335708     566035709  2544       448098     448098     2.24e+04   0.1517915556< 0.128 0.940 >
2023-02-13 22:45:38 [02/13/23 22:45:38   30.11s]: 30240   5968       202        2853       387519     586428171  3926       525591     525591     4.66e+04   0.1762408889< 0.132 0.945 >
2023-02-13 22:46:12 [02/13/23 22:46:12   34.22s]: 34560   3863       36         1450       441554     596060021  2674       589437     589437     1.85e+04   0.1986235556< 0.148 0.956 >
2023-02-13 22:46:49 [02/13/23 22:46:49   36.89s]: 38880   5279       66         2493       495006     600608446  3962       666310     666310     5.42e+04   0.2234862222< 0.164 0.937 >
2023-02-13 22:47:29 [02/13/23 22:47:29   40.16s]: 43200   9502       109        3710       557028     602756658  4875       772270     772270     6.18e+04   0.2534884444< 0.173 0.955 >
2023-02-13 22:48:15 [02/13/23 22:48:15   45.98s]: 47520   4693       68         2501       626600     603770272  4006       849719     849719     2.68e+04   0.2817164444< 0.194 0.953 >
2023-02-13 22:49:03 [02/13/23 22:49:03   47.70s]: 51840   7941       64         3370       690786     604248815  4790       934554     934554     4.83e+04   0.3120715556< 0.205 0.960 >
2023-02-13 22:49:59 [02/13/23 22:49:59   56.37s]: 56160   5938       29         2682       764300     604473979  4996       1012445    1012445    2.80e+04   0.3435328889< 0.223 0.951 >
2023-02-13 22:50:58 [02/13/23 22:50:58   58.65s]: 60480   7433       203        2793       823169     604581053  4653       1088678    1088678    6.75e+04   0.3704880000< 0.230 0.955 >
2023-02-13 22:51:59 [02/13/23 22:51:59   60.75s]: 64800   6637       64         2631       892669     604630842  5017       1179664    1179664    2.75e+04   0.4008893333< 0.237 0.944 >
2023-02-13 22:53:03 [02/13/23 22:53:03   63.82s]: 69120   8349       50         3889       968415     604653471  5790       1277094    1277094    6.79e+04   0.4358680000< 0.248 0.966 >
2023-02-13 22:54:14 [02/13/23 22:54:14   71.93s]: 73440   7800       77         3265       1044975    604664140  5133       1372132    1372132    3.61e+04   0.4693853333< 0.268 0.957 >
2023-02-13 22:55:23 [02/13/23 22:55:23   69.05s]: 77760   6090       91         2963       1127496    604669177  5280       1468501    1468501    5.49e+04   0.5051733333< 0.242 0.952 >
2023-02-13 22:56:27 [02/13/23 22:56:27   63.19s]: 82080   8845       79         3718       1196541    604672762  5482       1561640    1561640    7.29e+04   0.5374146667< 0.229 0.950 >
2023-02-13 22:57:32 [02/13/23 22:57:32   65.59s]: 86400   5736       44         2710       1276490    604673604  4652       1653549    1653549    3.59e+04   0.5711022222< 0.248 0.963 >
2023-02-13 22:58:39 [02/13/23 22:58:39   66.67s]: 90720   6192       46         2845       1346959    604674274  5401       1749260    1749260    2.05e+04   0.6026853333< 0.243 0.935 >
2023-02-13 22:59:43 [02/13/23 22:59:43   63.66s]: 95040   8616       311        4074       1412254    604675652  5572       1855226    1855226    1.31e+05   0.6334466667< 0.233 0.936 >
2023-02-13 23:00:57 [02/13/23 23:00:57   74.01s]: 99360   8823       147        3826       1501778    604673614  5581       1981297    1981297    4.94e+04   0.6731440000< 0.275 0.965 >
2023-02-13 23:02:18 [02/13/23 23:02:18   81.76s]: 103680  12687      104        4727       1594532    604671541  6524       2114074    2114074    7.47e+04   0.7164666667< 0.301 0.965 >
2023-02-13 23:03:52 [02/13/23 23:03:52   93.84s]: 108000  6793       48         3255       1708680    604668678  6335       2242147    2242147    1.80e+04   0.7639004444< 0.348 0.972 >
2023-02-13 23:05:37 [02/13/23 23:05:37  104.48s]: 112320  11282      188        5443       1817866    604665503  9206       2405159    2405159    5.88e+04   0.8154573333< 0.348 0.970 >
2023-02-13 23:07:19 [02/13/23 23:07:19  102.29s]: 116640  12146      399        5248       1920597    604666662  7197       2543333    2543333    1.10e+05   0.8615066667< 0.349 0.958 >
2023-02-13 23:09:07 [02/13/23 23:09:07  108.34s]: 120960  9933       36         4093       2053543    604663740  7186       2712155    2712155    3.46e+04   0.9189355556< 0.394 0.979 >
2023-02-13 23:11:06 [02/13/23 23:11:06  118.27s]: 125280  9539       146        5153       2182923    604661115  9134       2876576    2876576    2.66e+04   0.9767826667< 0.404 0.963 >
2023-02-13 23:13:04 [02/13/23 23:13:04  118.72s]: 129600  12676      296        5852       2304351    604661035  9235       3031805    3031805    1.64e+05   1.0325222222< 0.413 0.952 >
2023-02-13 23:15:06 [02/13/23 23:15:06  121.67s]: 133920  10330      118        4420       2421156    604661572  7787       3158136    3158136    5.88e+04   1.0826773333< 0.409 0.977 >
2023-02-13 23:17:03 [02/13/23 23:17:03  116.94s]: 138240  9950       184        4875       2541348    604662120  8518       3290079    3290079    7.93e+04   1.1361586667< 0.389 0.952 >
2023-02-13 23:19:00 [02/13/23 23:19:00  117.50s]: 142560  11630      26         4424       2649157    604663370  7193       3442522    3442522    3.02e+04   1.1845497778< 0.390 0.970 >
2023-02-13 23:20:57 [02/13/23 23:20:57  116.45s]: 146880  10533      177        4948       2773088    604662153  8708       3602915    3602915    7.39e+04   1.2394426667< 0.407 0.970 >
2023-02-13 23:23:01 [02/13/23 23:23:01  124.23s]: 151200  12528      127        5718       2906923    604660250  9774       3782411    3782411    9.86e+04   1.3001315556< 0.437 0.969 >
2023-02-13 23:25:15 [02/13/23 23:25:15  134.19s]: 155520  10045      59         4861       3038584    604659204  9039       3938181    3938181    3.67e+04   1.3571328889< 0.457 0.971 >
2023-02-13 23:27:27 [02/13/23 23:27:27  132.18s]: 159840  16521      262        6651       3167644    604658469  10527      4127355    4127355    1.12e+05   1.4182568889< 0.439 0.965 >
2023-02-13 23:29:46 [02/13/23 23:29:46  138.29s]: 164160  12186      132        5343       3313185    604657608  8789       4293077    4293077    6.29e+04   1.4803760000< 0.480 0.980 >
2023-02-13 23:32:13 [02/13/23 23:32:13  147.45s]: 168480  15133      91         5988       3475066    604654430  10866      4512159    4512159    5.27e+04   1.5539013333< 0.509 0.968 >
2023-02-13 23:34:57 [02/13/23 23:34:57  163.87s]: 172800  15513      221        6542       3640365    604651688  11154      4717301    4717301    1.02e+05   1.6278404444< 0.554 0.978 >
2023-02-13 23:37:59 [02/13/23 23:37:59  181.81s]: 177120  15778      127        7369       3822126    604648208  12869      4945906    4945906    7.40e+04   1.7090666667< 0.591 0.973 >
2023-02-13 23:41:13 [02/13/23 23:41:13  193.90s]: 181440  16659      176        7631       3990039    604646493  12701      5152109    5152109    8.66e+04   1.7842244444< 0.598 0.977 >
2023-02-13 23:44:20 [02/13/23 23:44:20  187.57s]: 185760  16144      362        7289       4162757    604647350  11557      5366067    5366067    1.46e+05   1.8606897778< 0.582 0.980 >
2023-02-13 23:47:33 [02/13/23 23:47:33  192.86s]: 190080  19553      270        8429       4356744    604644492  13158      5586987    5586987    1.20e+05   1.9488871111< 0.630 0.974 >
2023-02-13 23:50:58 [02/13/23 23:50:58  205.17s]: 194400  16876      269        7232       4555666    604642644  13206      5832073    5832073    1.07e+05   2.0355746667< 0.657 0.978 >
2023-02-13 23:54:29 [02/13/23 23:54:29  210.34s]: 198720  21455      391        10388      4764966    604640726  15158      6110783    6110783    2.00e+05   2.1320888889< 0.667 0.972 >
2023-02-13 23:58:08 [02/13/23 23:58:08  219.59s]: 203040  17890      315        7557       4969836    604640273  12471      6355980    6355980    1.32e+05   2.2202657778< 0.684 0.974 >
2023-02-14 00:01:49 [02/14/23 00:01:49  220.80s]: 207360  21346      140        8989       5183720    604637531  15078      6625492    6625492    1.65e+05   2.3174200000< 0.708 0.978 >
2023-02-14 00:05:41 [02/14/23 00:05:41  231.88s]: 211680  19790      332        8669       5401719    604635786  15079      6881035    6881035    1.00e+05   2.4135600000< 0.706 0.984 >
2023-02-14 00:09:24 [02/14/23 00:09:24  223.09s]: 216000  18128      707        7611       5595386    604637680  13388      7127258    7127258    2.02e+05   2.4985920000< 0.677 0.975 >
2023-02-14 00:09:24 [02/14/23 00:09:24    0.20s]: 216004  18149      699        7585       5595587    604637688  13401      7127579    7127579    2.04e+05   2.4986755556< 0.677 0.975 >
2023-02-14 00:09:24  ---  main.cpp:generate tcells took  avg 0.06 s max 0.09 s balance 0.75  --- 
2023-02-14 00:09:24  ---  main.cpp:update circulating tcells took  avg 83.80 s max 88.25 s balance 0.95  --- 
2023-02-14 00:09:24  ---  main.cpp:update tcells took  avg 247.69 s max 269.64 s balance 0.92  --- 
2023-02-14 00:09:24  ---  main.cpp:update epicells took  avg 155.43 s max 159.22 s balance 0.98  --- 
2023-02-14 00:09:24  ---  main.cpp:update concentrations took  avg 1157.80 s max 1198.03 s balance 0.97  --- 
2023-02-14 00:09:24  ---  main.cpp:compute updates took  avg 2955.07 s max 2955.14 s balance 1.00  --- 
2023-02-14 00:09:24  ---  main.cpp:dispatch updates took  avg 1260.20 s max 1369.96 s balance 0.92  --- 
2023-02-14 00:09:24  ---  main.cpp:add new actives took  avg 68.51 s max 71.15 s balance 0.96  --- 
2023-02-14 00:09:24  ---  main.cpp:erase inactive took  avg 598.19 s max 649.09 s balance 0.92  --- 
2023-02-14 00:09:24  ---  main.cpp:sample took  avg 0.00 s max 0.00 s balance -nan  --- 
2023-02-14 00:09:24  ---  main.cpp:sample write took  avg 0.00 s max 0.00 s balance -nan  --- 
2023-02-14 00:09:24  ---  main.cpp:log took  avg 16.72 s max 16.85 s balance 0.99  --- 
2023-02-14 00:09:24 Finished 216005 time steps in 5170.0205 s (0.0239 s per step)
2023-02-14 00:09:24  --- Elapsed time for main.cpp:run_sim:  (exiting barrier) 2023-02-14 00:09:24 ...
2023-02-14 00:09:24           ... (min/my/avg/max, bal) (5170.02/5170.02/5170.02/5170.02 s, 1.00) barrier(0.00 s) --- 
2023-02-14 00:09:25 Peak memory used across all nodes: 24.66GB
2023-02-14 00:09:25 Finished in 5174.09 s at 02/14/23 00:09:25 for SimCov version 0.1.1.9cc77ef-dirty
