2023-02-18 21:37:12 SimCov version SimCov version 0.1.1.8024051-dirty-master built on 20230216_082905
2023-02-18 21:37:12 _________________________
2023-02-18 21:37:12 Compiler definitions:
2023-02-18 21:37:12   _XOPEN_SOURCE=700
2023-02-18 21:37:12   CONFIG_USE_COLORS
2023-02-18 21:37:12   USE_BYTELL
2023-02-18 21:37:12   MAX_VIRIONS=125000
2023-02-18 21:37:12   MIN_VIRIONS=1e-10
2023-02-18 21:37:12   BLOCK_PARTITION
2023-02-18 21:37:12   MIN_BLOCKS_PER_PROC=1
2023-02-18 21:37:12   AVERAGE_SUBSAMPLE
2023-02-18 21:37:12 _________________________
2023-02-18 21:37:12 Options:
2023-02-18 21:37:12   dim =                         15000 15000 1
2023-02-18 21:37:12   whole-lung-dim =              48000 40000 20000
2023-02-18 21:37:12   timesteps =                   144005
2023-02-18 21:37:12   infection-coords =            uniform:1
2023-02-18 21:37:12   initial-infection =           999
2023-02-18 21:37:12   incubation-period =           5000
2023-02-18 21:37:12   apoptosis-period =            180
2023-02-18 21:37:12   expressing-period =           900
2023-02-18 21:37:12   infectivity =                 0.025
2023-02-18 21:37:12   infectivity-multiplier =      1.0
2023-02-18 21:37:12   virion-production =           1.1
2023-02-18 21:37:12   virion-production-multiplier = 1.0
2023-02-18 21:37:12   virion-clearance =            0.004
2023-02-18 21:37:12   virion-diffusion =            0.15
2023-02-18 21:37:12   chemokine-production =        1.0
2023-02-18 21:37:12   chemokine-decay =             0.01
2023-02-18 21:37:12   chemokine-diffusion =         1.0
2023-02-18 21:37:12   min-chemokine =               1e-06
2023-02-18 21:37:12   antibody-factor =             1
2023-02-18 21:37:12   antibody-period =             5760
2023-02-18 21:37:12   tcell-generation-rate =       105000
2023-02-18 21:37:12   tcell-initial-delay =         10080
2023-02-18 21:37:12   tcell-vascular-period =       5760
2023-02-18 21:37:12   tcell-tissue-period =         1440
2023-02-18 21:37:12   tcell-binding-period =        10
2023-02-18 21:37:12   max-binding-prob =            1
2023-02-18 21:37:12   tcells-follow-gradient =      false
2023-02-18 21:37:12   seed =                        3
2023-02-18 21:37:12   sample-period =               0
2023-02-18 21:37:12   sample-resolution =           1
2023-02-18 21:37:12   max-block-dim =               10
2023-02-18 21:37:12   output =                      exp_results/per_5000_inf_0.025/init_999/3
2023-02-18 21:37:12 _________________________
2023-02-18 21:37:12 Starting run with 64 processes on 2 nodes at 02/18/23 21:37:12
2023-02-18 21:37:12 Pinned processes, with process 0 (pid 30804) pinned to core 0
2023-02-18 21:37:12 Using block partitioning
2023-02-18 21:37:12 Initial free memory across all nodes: 151.47GB
2023-02-18 21:37:12 Starting with 76.83GB free on node 0
2023-02-18 21:37:12 Dividing 225000000 grid points into 3515625 squares of size 64 (8^2), with 54932 per process
2023-02-18 21:37:12 Total initial memory required per process is at least 281.63MB with each grid point requiring on average 84 bytes
2023-02-18 21:37:16  --- Elapsed time for tissue.cpp:Tissue:  (exiting barrier) 2023-02-18 21:37:16 ...
2023-02-18 21:37:16           ... (min/my/avg/max, bal) (3.50/3.50/3.50/3.50 s, 1.00) barrier(0.00 s) --- 
2023-02-18 21:37:16 Memory used on node 0 after initialization is  10.90GB
2023-02-18 21:37:16           ... (min/my/avg/max, bal) No-Time barrier(0.00 s) --- 
2023-02-18 21:37:16 Fraction of circulating T cells extravasating is 5.85938e-06
2023-02-18 21:37:16 # datetime                    step    incb       expr       apop       dead       tvas       ttis       chem       virs       chempts    %infct     <%active  lbln>
2023-02-18 21:37:16 [0] <main.cpp:141> WARNING: Time step 0: SUCCESSFUL initial infection at (7500, 7500, 0) after 0 tries
2023-02-18 21:37:16 [02/18/23 21:37:16    0.00s]: 0       1          0          0          0          0          0          0.00e+00   0.00e+00   1.00e+00   0.00       < 0.000 0.016 >
2023-02-18 21:37:17 [02/18/23 21:37:17    0.87s]: 2880    829        0          0          0          0          0          0.00e+00   9.69e-03   8.29e+02   0.00       < 0.007 0.776 >
2023-02-18 21:37:18 [02/18/23 21:37:18    0.97s]: 5760    2445       718        0          2          0          0          9.18e-06   1.54e+05   1.92e+04   0.00       < 0.009 0.781 >
2023-02-18 21:37:20 [02/18/23 21:37:20    2.11s]: 8640    6927       1          0          828        0          0          2.29e-07   3.76e+02   1.42e+04   0.00       < 0.015 0.878 >
2023-02-18 21:37:22 [02/18/23 21:37:22    2.33s]: 11520   5331       2836       199        2978       133768107  73         3.26e-05   8.32e+05   3.62e+04   0.01       < 0.016 0.877 >
2023-02-18 21:37:26 [02/18/23 21:37:26    3.94s]: 14400   3609       1          829        15693      319075474  458        8.48e-07   4.69e+03   4.01e+04   0.01       < 0.024 0.895 >
2023-02-18 21:37:30 [02/18/23 21:37:30    4.05s]: 17280   182        24         9          20224      431465056  164        1.85e-06   4.23e+03   2.84e+04   0.01       < 0.024 0.893 >
2023-02-18 21:37:34 [02/18/23 21:37:34    4.06s]: 20160   458        0          204        21898      499629887  226        3.17e-11   2.33e+01   2.30e+04   0.01       < 0.020 0.850 >
2023-02-18 21:37:37 [02/18/23 21:37:37    3.23s]: 23040   37         0          0          22544      540972284  0          0.00e+00   2.24e-04   2.26e+04   0.01       < 0.011 0.779 >
2023-02-18 21:37:41 [02/18/23 21:37:41    3.13s]: 25920   268        0          125        23662      566046479  446        2.54e-08   1.41e+02   2.90e+04   0.01       < 0.017 0.837 >
2023-02-18 21:37:44 [02/18/23 21:37:44    3.49s]: 28800   5          0          0          24129      581254617  0          0.00e+00   1.37e-03   2.41e+04   0.01       < 0.015 0.825 >
2023-02-18 21:37:46 [02/18/23 21:37:46    2.46s]: 31680   596        0          137        24396      590478273  221        1.16e-07   2.08e+02   3.19e+04   0.01       < 0.010 0.788 >
2023-02-18 21:37:50 [02/18/23 21:37:50    3.53s]: 34560   51         0          28         25944      596072319  102        0.00e+00   1.02e+00   2.60e+04   0.01       < 0.018 0.885 >
2023-02-18 21:37:53 [02/18/23 21:37:53    3.05s]: 37440   264        2          33         26269      599464876  146        6.54e-07   5.24e+02   3.26e+04   0.01       < 0.013 0.789 >
2023-02-18 21:37:56 [02/18/23 21:37:56    3.45s]: 40320   136        0          101        27687      601522419  220        2.89e-12   1.32e+01   2.79e+04   0.01       < 0.017 0.835 >
2023-02-18 21:38:00 [02/18/23 21:38:00    3.10s]: 43200   269        0          56         28086      602770986  98         0.00e+00   5.90e+00   2.84e+04   0.01       < 0.010 0.730 >
2023-02-18 21:38:03 [02/18/23 21:38:03    2.98s]: 46080   385        0          79         28762      603527776  207        2.47e-07   3.64e+02   3.60e+04   0.01       < 0.015 0.768 >
2023-02-18 21:38:06 [02/18/23 21:38:06    3.67s]: 48960   117        0          113        30027      603986893  216        0.00e+00   2.84e+01   3.03e+04   0.01       < 0.018 0.817 >
2023-02-18 21:38:10 [02/18/23 21:38:10    3.41s]: 51840   14         0          8          30568      604265227  116        0.00e+00   1.07e+00   3.06e+04   0.01       < 0.013 0.813 >
2023-02-18 21:38:13 [02/18/23 21:38:13    3.20s]: 54720   218        1          13         31378      604434210  54         2.45e-07   2.18e+02   3.68e+04   0.01       < 0.014 0.858 >
2023-02-18 21:38:16 [02/18/23 21:38:16    3.44s]: 57600   29         0          10         33387      604536636  35         0.00e+00   2.00e-01   3.34e+04   0.01       < 0.012 0.780 >
2023-02-18 21:38:19 [02/18/23 21:38:19    3.15s]: 60480   67         1          39         34204      604598524  163        2.91e-07   3.26e+02   3.97e+04   0.02       < 0.012 0.780 >
2023-02-18 21:38:23 [02/18/23 21:38:23    3.49s]: 63360   11         0          6          35081      604636258  106        0.00e+00   9.59e-01   3.51e+04   0.02       < 0.014 0.851 >
2023-02-18 21:38:26 [02/18/23 21:38:26    2.94s]: 66240   673        0          203        35504      604659131  261        3.65e-08   1.37e+02   4.44e+04   0.02       < 0.011 0.779 >
2023-02-18 21:38:29 [02/18/23 21:38:29    2.86s]: 69120   574        0          47         36621      604672997  100        2.28e-07   2.78e+02   4.50e+04   0.02       < 0.015 0.798 >
2023-02-18 21:38:31 [02/18/23 21:38:31    2.75s]: 72000   50         1          0          37604      604681536  1          1.11e-07   5.42e+01   3.87e+04   0.02       < 0.009 0.753 >
2023-02-18 21:38:35 [02/18/23 21:38:35    3.54s]: 74880   430        0          108        39821      604686377  198        7.69e-08   5.50e+02   4.91e+04   0.02       < 0.019 0.874 >
2023-02-18 21:38:38 [02/18/23 21:38:38    3.39s]: 77760   19         0          0          40588      604689664  0          0.00e+00   5.33e-03   4.06e+04   0.02       < 0.009 0.747 >
2023-02-18 21:38:42 [02/18/23 21:38:42    3.52s]: 80640   407        1          21         41831      604691420  143        2.44e-07   3.03e+02   5.09e+04   0.02       < 0.019 0.850 >
2023-02-18 21:38:45 [02/18/23 21:38:45    3.50s]: 83520   10         0          0          42840      604692729  0          0.00e+00   2.21e-02   4.28e+04   0.02       < 0.010 0.740 >
2023-02-18 21:38:48 [02/18/23 21:38:48    2.65s]: 86400   554        0          94         43389      604693467  173        8.59e-09   6.19e+01   5.13e+04   0.02       < 0.010 0.709 >
2023-02-18 21:38:52 [02/18/23 21:38:52    3.71s]: 89280   145        0          86         45482      604693700  222        0.00e+00   4.12e+00   4.57e+04   0.02       < 0.020 0.858 >
2023-02-18 21:38:55 [02/18/23 21:38:55    3.69s]: 92160   144        0          72         46249      604693904  291        4.41e-13   1.54e+01   4.65e+04   0.02       < 0.018 0.804 >
2023-02-18 21:38:59 [02/18/23 21:38:59    3.11s]: 95040   622        1          77         46562      604694196  155        4.16e-07   5.04e+02   5.90e+04   0.02       < 0.016 0.850 >
2023-02-18 21:39:02 [02/18/23 21:39:02    3.34s]: 97920   689        1          109        47920      604694117  225        2.28e-07   2.76e+02   6.20e+04   0.02       < 0.020 0.855 >
2023-02-18 21:39:06 [02/18/23 21:39:06    3.70s]: 100800  17         0          0          49191      604694343  0          0.00e+00   1.21e-02   4.92e+04   0.02       < 0.014 0.811 >
2023-02-18 21:39:08 [02/18/23 21:39:08    2.84s]: 103680  469        0          110        49934      604694372  220        2.93e-07   3.41e+02   6.40e+04   0.02       < 0.014 0.804 >
2023-02-18 21:39:13 [02/18/23 21:39:13    4.54s]: 106560  21         0          7          52522      604694235  35         0.00e+00   2.38e-01   5.26e+04   0.02       < 0.025 0.844 >
2023-02-18 21:39:17 [02/18/23 21:39:17    3.67s]: 109440  81         0          42         52991      604694334  189        3.46e-08   9.33e+01   5.85e+04   0.02       < 0.012 0.752 >
2023-02-18 21:39:21 [02/18/23 21:39:21    3.94s]: 112320  17         0          1          53864      604694392  1          0.00e+00   4.80e-02   5.39e+04   0.02       < 0.020 0.803 >
2023-02-18 21:39:23 [02/18/23 21:39:23    2.79s]: 115200  399        0          54         53911      604694483  142        1.01e-06   1.31e+03   6.94e+04   0.02       < 0.010 0.748 >
2023-02-18 21:39:27 [02/18/23 21:39:27    3.69s]: 118080  17         0          2          55234      604694450  51         0.00e+00   1.96e-01   5.53e+04   0.02       < 0.021 0.823 >
2023-02-18 21:39:30 [02/18/23 21:39:30    3.08s]: 120960  141        0          36         55287      604694543  135        2.14e-09   5.46e+01   6.08e+04   0.02       < 0.006 0.649 >
2023-02-18 21:39:34 [02/18/23 21:39:34    3.71s]: 123840  367        0          208        57406      604694229  409        4.70e-11   2.27e+01   5.89e+04   0.03       < 0.024 0.900 >
2023-02-18 21:39:38 [02/18/23 21:39:38    3.65s]: 126720  43         1          0          57999      604694532  2          1.39e-07   7.51e+01   6.01e+04   0.03       < 0.015 0.768 >
2023-02-18 21:39:41 [02/18/23 21:39:41    3.58s]: 129600  908        0          245        59315      604694157  476        5.47e-09   1.03e+02   7.62e+04   0.03       < 0.024 0.901 >
2023-02-18 21:39:45 [02/18/23 21:39:45    4.13s]: 132480  198        5          4          60615      604694418  21         6.18e-07   4.34e+02   6.69e+04   0.03       < 0.021 0.906 >
2023-02-18 21:39:49 [02/18/23 21:39:49    3.48s]: 135360  602        2          61         62421      604694283  158        7.37e-07   6.21e+02   7.92e+04   0.03       < 0.020 0.806 >
2023-02-18 21:39:54 [02/18/23 21:39:54    5.20s]: 138240  26         0          0          65251      604694177  2          0.00e+00   6.56e-02   6.53e+04   0.03       < 0.029 0.891 >
2023-02-18 21:40:02 [02/18/23 21:40:02    8.24s]: 141120  229        0          25         65577      604694277  118        3.45e-07   3.53e+02   7.25e+04   0.03       < 0.014 0.803 >
2023-02-18 21:40:07 [02/18/23 21:40:07    4.96s]: 144000  122        0          85         68302      604693953  368        2.07e-11   1.24e+01   6.89e+04   0.03       < 0.027 0.808 >
2023-02-18 21:40:07 [02/18/23 21:40:07    0.01s]: 144004  122        0          85         68302      604693956  365        1.83e-11   1.22e+01   6.88e+04   0.03       < 0.027 0.808 >
2023-02-18 21:40:07  ---  main.cpp:generate tcells took  avg 0.01 s max 0.01 s balance 0.88  --- 
2023-02-18 21:40:07  ---  main.cpp:update circulating tcells took  avg 47.32 s max 50.08 s balance 0.94  --- 
2023-02-18 21:40:07  ---  main.cpp:update tcells took  avg 3.04 s max 3.38 s balance 0.90  --- 
2023-02-18 21:40:07  ---  main.cpp:update epicells took  avg 4.97 s max 5.19 s balance 0.96  --- 
2023-02-18 21:40:07  ---  main.cpp:update concentrations took  avg 13.79 s max 14.32 s balance 0.96  --- 
2023-02-18 21:40:07  ---  main.cpp:compute updates took  avg 106.11 s max 106.48 s balance 1.00  --- 
2023-02-18 21:40:07  ---  main.cpp:dispatch updates took  avg 31.16 s max 34.97 s balance 0.89  --- 
2023-02-18 21:40:07  ---  main.cpp:add new actives took  avg 1.91 s max 2.51 s balance 0.76  --- 
2023-02-18 21:40:07  ---  main.cpp:erase inactive took  avg 9.10 s max 9.48 s balance 0.96  --- 
2023-02-18 21:40:07  ---  main.cpp:sample took  avg 0.00 s max 0.00 s balance -nan  --- 
2023-02-18 21:40:07  ---  main.cpp:sample write took  avg 0.00 s max 0.00 s balance -nan  --- 
2023-02-18 21:40:07  ---  main.cpp:log took  avg 6.09 s max 6.13 s balance 0.99  --- 
2023-02-18 21:40:07 Finished 144005 time steps in 171.2875 s (0.0012 s per step)
2023-02-18 21:40:07  --- Elapsed time for main.cpp:run_sim:  (exiting barrier) 2023-02-18 21:40:07 ...
2023-02-18 21:40:07           ... (min/my/avg/max, bal) (171.29/171.29/171.29/171.29 s, 1.00) barrier(0.00 s) --- 
2023-02-18 21:40:07 Peak memory used across all nodes: 21.88GB
2023-02-18 21:40:07 Finished in 175.13 s at 02/18/23 21:40:07 for SimCov version 0.1.1.8024051-dirty
