2023-02-13 18:59:39 SimCov version SimCov version 0.1.1.9cc77ef-dirty-branching_airways_3min_model built on 20230204_191356
2023-02-13 18:59:39 _________________________
2023-02-13 18:59:39 Compiler definitions:
2023-02-13 18:59:39   _XOPEN_SOURCE=700
2023-02-13 18:59:39   CONFIG_USE_COLORS
2023-02-13 18:59:39   USE_BYTELL
2023-02-13 18:59:39   MAX_VIRIONS=125000
2023-02-13 18:59:39   MIN_VIRIONS=1e-10
2023-02-13 18:59:39   BLOCK_PARTITION
2023-02-13 18:59:39   MIN_BLOCKS_PER_PROC=1
2023-02-13 18:59:39   AVERAGE_SUBSAMPLE
2023-02-13 18:59:39 _________________________
2023-02-13 18:59:39 Options:
2023-02-13 18:59:39   dim =                         15000 15000 1
2023-02-13 18:59:39   whole-lung-dim =              48000 40000 20000
2023-02-13 18:59:39   timesteps =                   216005
2023-02-13 18:59:39   infection-coords =            uniform:1
2023-02-13 18:59:39   initial-infection =           999
2023-02-13 18:59:39   incubation-period =           5000
2023-02-13 18:59:39   apoptosis-period =            180
2023-02-13 18:59:39   expressing-period =           900
2023-02-13 18:59:39   infectivity =                 0.025
2023-02-13 18:59:39   infectivity-multiplier =      1.0
2023-02-13 18:59:39   virion-production =           1.1
2023-02-13 18:59:39   virion-production-multiplier = 1.0
2023-02-13 18:59:39   virion-clearance =            0.004
2023-02-13 18:59:39   virion-diffusion =            0.15
2023-02-13 18:59:39   chemokine-production =        1.0
2023-02-13 18:59:39   chemokine-decay =             0.01
2023-02-13 18:59:39   chemokine-diffusion =         1.0
2023-02-13 18:59:39   min-chemokine =               1e-06
2023-02-13 18:59:39   antibody-factor =             1
2023-02-13 18:59:39   antibody-period =             5760
2023-02-13 18:59:39   tcell-generation-rate =       105000
2023-02-13 18:59:39   tcell-initial-delay =         10080
2023-02-13 18:59:39   tcell-vascular-period =       5760
2023-02-13 18:59:39   tcell-tissue-period =         1440
2023-02-13 18:59:39   tcell-binding-period =        10
2023-02-13 18:59:39   max-binding-prob =            1
2023-02-13 18:59:39   tcells-follow-gradient =      false
2023-02-13 18:59:39   seed =                        3
2023-02-13 18:59:39   sample-period =               0
2023-02-13 18:59:39   sample-resolution =           1
2023-02-13 18:59:39   max-block-dim =               10
2023-02-13 18:59:39   output =                      exp_results/per_5000_inf_0.025/init_999/3
2023-02-13 18:59:39 _________________________
2023-02-13 18:59:39 Starting run with 64 processes on 2 nodes at 02/13/23 18:59:39
2023-02-13 18:59:39 Pinned processes, with process 0 (pid 3892927) pinned to core 0
2023-02-13 18:59:39 Using block partitioning
2023-02-13 18:59:39 Initial free memory across all nodes: 150.59GB
2023-02-13 18:59:39 Starting with 75.57GB free on node 0
2023-02-13 18:59:39 Dividing 225000000 grid points into 3515625 squares of size 64 (8^2), with 54932 per process
2023-02-13 18:59:39 Total initial memory required per process is at least 308.46MB with each grid point requiring on average 92 bytes
2023-02-13 18:59:42  --- Elapsed time for tissue.cpp:Tissue:  (exiting barrier) 2023-02-13 18:59:42 ...
2023-02-13 18:59:42           ... (min/my/avg/max, bal) (3.47/3.47/3.47/3.47 s, 1.00) barrier(0.00 s) --- 
2023-02-13 18:59:42 Memory used on node 0 after initialization is  11.74GB
2023-02-13 18:59:42           ... (min/my/avg/max, bal) No-Time barrier(0.00 s) --- 
2023-02-13 18:59:42 Fraction of circulating T cells extravasating is 5.85938e-06
2023-02-13 18:59:42 # datetime                    step    incb       expr       apop       dead       tvas       ttis       inflcell   inflallvirs%infct     <%active  lbln>
2023-02-13 18:59:42 [0] <main.cpp:145> WARNING: Time step 0: SUCCESSFUL initial infection at (7500, 7500, 0) after 0 tries
2023-02-13 18:59:42 [02/13/23 18:59:42    0.00s]: 0       1          0          0          0          0          0          0          0          0.00e+00   0.0000004444< 0.000 0.016 >
2023-02-13 18:59:43 [02/13/23 18:59:43    1.34s]: 4320    801        0          0          0          0          0          0          0          2.93e-05   0.0003560000< 0.004 0.602 >
2023-02-13 18:59:46 [02/13/23 18:59:46    2.50s]: 8640    6741       0          0          801        0          0          25052      25052      9.20e+01   0.0033520000< 0.014 0.876 >
2023-02-13 18:59:50 [02/13/23 18:59:50    3.85s]: 12960   6648       220        741        9376       237944508  284        43359      43359      1.62e+05   0.0075488889< 0.020 0.835 >
2023-02-13 18:59:56 [02/13/23 18:59:56    5.89s]: 17280   27         0          1          19306      431465303  1          43749      43749      7.91e+01   0.0085928889< 0.024 0.920 >
2023-02-13 19:00:01 [02/13/23 19:00:01    5.07s]: 21600   67         0          38         20167      522872088  119        46596      46596      9.87e-01   0.0090097778< 0.017 0.887 >
2023-02-13 19:00:05 [02/13/23 19:00:05    4.52s]: 25920   210        0          95         21074      566046926  207        49839      49839      3.06e+01   0.0095017778< 0.012 0.756 >
2023-02-13 19:00:10 [02/13/23 19:00:10    4.82s]: 30240   138        0          76         22026      586439753  163        51790      51790      1.80e+01   0.0098844444< 0.012 0.773 >
2023-02-13 19:00:14 [02/13/23 19:00:14    3.63s]: 34560   514        1          61         22308      596072263  99         54839      54839      3.47e+02   0.0101706667< 0.005 0.661 >
2023-02-13 19:00:18 [02/13/23 19:00:18    4.65s]: 38880   19         0          0          24388      600622007  0          58092      58092      2.47e-02   0.0108475556< 0.013 0.794 >
2023-02-13 19:00:23 [02/13/23 19:00:23    4.25s]: 43200   23         0          19         26381      602770732  208        63524      63524      2.03e+00   0.0117435556< 0.016 0.857 >
2023-02-13 19:00:26 [02/13/23 19:00:26    3.86s]: 47520   300        0          26         26442      603785922  58         65709      65709      8.39e+01   0.0118968889< 0.004 0.610 >
2023-02-13 19:00:31 [02/13/23 19:00:31    4.93s]: 51840   13         0          0          28850      604265525  0          71666      71666      1.87e-02   0.0128280000< 0.016 0.828 >
2023-02-13 19:00:36 [02/13/23 19:00:36    4.97s]: 56160   731        0          154        30681      604491436  300        77868      77868      1.00e+02   0.0140293333< 0.021 0.795 >
2023-02-13 19:00:41 [02/13/23 19:00:41    5.03s]: 60480   508        3          36         31724      604599116  99         80257      80257      5.75e+02   0.0143426667< 0.011 0.697 >
2023-02-13 19:00:47 [02/13/23 19:00:47    5.85s]: 64800   20         0          0          34117      604649503  0          83227      83227      4.91e-04   0.0151720000< 0.015 0.801 >
2023-02-13 19:00:52 [02/13/23 19:00:52    5.16s]: 69120   37         0          36         36618      604673179  129        89648      89648      1.45e+00   0.0163071111< 0.022 0.856 >
2023-02-13 19:00:56 [02/13/23 19:00:56    4.09s]: 73440   723        3          41         36705      604684533  144        92744      92744      8.75e+02   0.0166542222< 0.012 0.800 >
2023-02-13 19:01:02 [02/13/23 19:01:02    5.72s]: 77760   12         0          0          38783      604689730  0          94336      94336      2.06e-04   0.0172422222< 0.015 0.856 >
2023-02-13 19:01:07 [02/13/23 19:01:07    4.65s]: 82080   86         0          114        41512      604691857  462        102553     102553     6.10e+00   0.0185386667< 0.024 0.825 >
2023-02-13 19:01:12 [02/13/23 19:01:12    4.95s]: 86400   16         0          0          41715      604693525  0          102553     102553     0.00e+00   0.0185471111< 0.000 0.125 >
2023-02-13 19:01:18 [02/13/23 19:01:18    6.18s]: 90720   11         0          0          46634      604693685  0          111225     111225     5.43e-02   0.0207311111< 0.028 0.841 >
2023-02-13 19:01:23 [02/13/23 19:01:23    4.65s]: 95040   1117       1          190        47423      604693949  399        118569     118569     7.54e+02   0.0216582222< 0.018 0.828 >
2023-02-13 19:01:29 [02/13/23 19:01:29    6.11s]: 99360   37         0          0          50302      604694330  0          121587     121587     8.85e-05   0.0223728889< 0.012 0.764 >
2023-02-13 19:01:34 [02/13/23 19:01:34    5.48s]: 103680  17         0          1          52500      604694255  17         124958     124958     1.74e-01   0.0233413333< 0.022 0.877 >
2023-02-13 19:01:39 [02/13/23 19:01:39    4.50s]: 108000  427        0          44         52695      604694464  75         127093     127093     4.66e+02   0.0236293333< 0.012 0.815 >
2023-02-13 19:01:44 [02/13/23 19:01:44    5.62s]: 112320  31         0          0          54787      604694491  0          131966     131966     3.51e-04   0.0243635556< 0.014 0.791 >
2023-02-13 19:01:49 [02/13/23 19:01:49    4.71s]: 116640  7          0          2          56070      604694396  74         133207     133207     4.83e-01   0.0249240000< 0.014 0.805 >
2023-02-13 19:01:53 [02/13/23 19:01:53    3.77s]: 120960  316        1          165        56781      604694431  299        133264     133264     2.47e+02   0.0254502222< 0.011 0.717 >
2023-02-13 19:01:58 [02/13/23 19:01:58    4.71s]: 125280  8          1          0          57669      604694610  3          134724     134724     8.06e+01   0.0256346667< 0.006 0.713 >
2023-02-13 19:02:02 [02/13/23 19:02:02    4.29s]: 129600  9          0          12         58509      604694527  137        136786     136786     1.31e+00   0.0260133333< 0.013 0.832 >
2023-02-13 19:02:05 [02/13/23 19:02:05    3.10s]: 133920  5          0          0          58529      604694779  0          136786     136786     0.00e+00   0.0260151111< 0.000 0.078 >
2023-02-13 19:02:09 [02/13/23 19:02:09    3.80s]: 138240  10         0          0          60068      604694730  0          142618     142618     6.40e-04   0.0267013333< 0.010 0.838 >
2023-02-13 19:02:12 [02/13/23 19:02:12    3.57s]: 142560  237        0          169        61672      604694545  297        146404     146404     1.60e+01   0.0275902222< 0.012 0.790 >
2023-02-13 19:02:16 [02/13/23 19:02:16    3.75s]: 146880  8          0          0          62098      604694773  0          146404     146404     0.00e+00   0.0276026667< 0.000 0.062 >
2023-02-13 19:02:21 [02/13/23 19:02:21    5.04s]: 151200  8          0          0          64813      604694492  0          156301     156301     2.53e-02   0.0288093333< 0.019 0.792 >
2023-02-13 19:02:25 [02/13/23 19:02:25    4.04s]: 155520  96         0          117        65594      604694521  264        161599     161599     4.72e+00   0.0292475556< 0.011 0.747 >
2023-02-13 19:02:29 [02/13/23 19:02:29    3.65s]: 159840  8          0          0          65812      604694777  0          161599     161599     0.00e+00   0.0292533333< 0.000 0.125 >
2023-02-13 19:02:33 [02/13/23 19:02:33    4.47s]: 164160  10         0          0          67767      604694533  12         168237     168237     8.43e-02   0.0301231111< 0.015 0.858 >
2023-02-13 19:02:37 [02/13/23 19:02:37    3.57s]: 168480  628        0          137        68011      604694589  206        171397     171397     2.31e+02   0.0305671111< 0.006 0.779 >
2023-02-13 19:02:42 [02/13/23 19:02:42    4.69s]: 172800  7          0          0          69734      604694634  0          174012     174012     2.47e-03   0.0309960000< 0.010 0.808 >
2023-02-13 19:02:46 [02/13/23 19:02:46    4.22s]: 177120  21         0          20         71197      604694418  211        177099     177099     2.41e+00   0.0316613333< 0.017 0.793 >
2023-02-13 19:02:50 [02/13/23 19:02:50    3.97s]: 181440  5          0          0          71237      604694736  0          177099     177099     0.00e+00   0.0316631111< 0.000 0.078 >
2023-02-13 19:02:55 [02/13/23 19:02:55    4.93s]: 185760  19         0          0          73234      604694622  0          184685     184685     2.07e-03   0.0325568889< 0.018 0.774 >
2023-02-13 19:02:59 [02/13/23 19:02:59    4.68s]: 190080  491        0          246        74744      604694272  475        190324     190324     7.10e+01   0.0335471111< 0.020 0.848 >
2023-02-13 19:03:05 [02/13/23 19:03:05    5.27s]: 194400  694        1          144        75853      604694455  198        194472     194472     1.66e+02   0.0340853333< 0.008 0.736 >
2023-02-13 19:03:10 [02/13/23 19:03:10    5.45s]: 198720  8          0          0          77573      604694555  0          196355     196355     1.43e-04   0.0344804444< 0.012 0.795 >
2023-02-13 19:03:14 [02/13/23 19:03:14    4.03s]: 203040  391        0          281        79447      604694336  462        201556     201556     1.53e+01   0.0356084444< 0.020 0.860 >
2023-02-13 19:03:19 [02/13/23 19:03:19    5.08s]: 207360  666        1          134        80292      604694408  314        204896     204896     8.75e+02   0.0360413333< 0.011 0.766 >
2023-02-13 19:03:25 [02/13/23 19:03:25    5.63s]: 211680  5          0          0          81562      604694508  0          204971     204971     4.05e-04   0.0362520000< 0.014 0.765 >
2023-02-13 19:03:29 [02/13/23 19:03:29    3.99s]: 216000  202        0          149        83388      604694279  411        210713     210713     1.51e+01   0.0372173333< 0.019 0.870 >
2023-02-13 19:03:29 [02/13/23 19:03:29    0.01s]: 216004  199        0          150        83390      604694281  407        210713     210713     1.48e+01   0.0372173333< 0.019 0.871 >
2023-02-13 19:03:29  ---  main.cpp:generate tcells took  avg 0.02 s max 0.02 s balance 0.91  --- 
2023-02-13 19:03:29  ---  main.cpp:update circulating tcells took  avg 72.38 s max 78.70 s balance 0.92  --- 
2023-02-13 19:03:29  ---  main.cpp:update tcells took  avg 3.87 s max 4.36 s balance 0.89  --- 
2023-02-13 19:03:29  ---  main.cpp:update epicells took  avg 6.13 s max 6.36 s balance 0.96  --- 
2023-02-13 19:03:29  ---  main.cpp:update concentrations took  avg 16.85 s max 17.59 s balance 0.96  --- 
2023-02-13 19:03:29  ---  main.cpp:compute updates took  avg 145.42 s max 145.44 s balance 1.00  --- 
2023-02-13 19:03:29  ---  main.cpp:dispatch updates took  avg 38.18 s max 41.28 s balance 0.92  --- 
2023-02-13 19:03:29  ---  main.cpp:add new actives took  avg 2.54 s max 2.78 s balance 0.92  --- 
2023-02-13 19:03:29  ---  main.cpp:erase inactive took  avg 11.18 s max 11.56 s balance 0.97  --- 
2023-02-13 19:03:29  ---  main.cpp:sample took  avg 0.00 s max 0.00 s balance -nan  --- 
2023-02-13 19:03:29  ---  main.cpp:sample write took  avg 0.00 s max 0.00 s balance -nan  --- 
2023-02-13 19:03:29  ---  main.cpp:log took  avg 8.68 s max 8.72 s balance 0.99  --- 
2023-02-13 19:03:29 Finished 216005 time steps in 226.7095 s (0.0010 s per step)
2023-02-13 19:03:29  --- Elapsed time for main.cpp:run_sim:  (exiting barrier) 2023-02-13 19:03:29 ...
2023-02-13 19:03:29           ... (min/my/avg/max, bal) (226.71/226.71/226.71/226.71 s, 1.00) barrier(0.00 s) --- 
2023-02-13 19:03:29 Peak memory used across all nodes: 23.57GB
2023-02-13 19:03:29 Finished in 230.64 s at 02/13/23 19:03:29 for SimCov version 0.1.1.9cc77ef-dirty
