2023-02-13 11:25:27 SimCov version SimCov version 0.1.1.9cc77ef-dirty-branching_airways_3min_model built on 20230204_191356
2023-02-13 11:25:27 _________________________
2023-02-13 11:25:27 Compiler definitions:
2023-02-13 11:25:27   _XOPEN_SOURCE=700
2023-02-13 11:25:27   CONFIG_USE_COLORS
2023-02-13 11:25:27   USE_BYTELL
2023-02-13 11:25:27   MAX_VIRIONS=125000
2023-02-13 11:25:27   MIN_VIRIONS=1e-10
2023-02-13 11:25:27   BLOCK_PARTITION
2023-02-13 11:25:27   MIN_BLOCKS_PER_PROC=1
2023-02-13 11:25:27   AVERAGE_SUBSAMPLE
2023-02-13 11:25:27 _________________________
2023-02-13 11:25:27 Options:
2023-02-13 11:25:27   dim =                         15000 15000 1
2023-02-13 11:25:27   whole-lung-dim =              48000 40000 20000
2023-02-13 11:25:27   timesteps =                   216005
2023-02-13 11:25:27   infection-coords =            uniform:1
2023-02-13 11:25:27   initial-infection =           999
2023-02-13 11:25:27   incubation-period =           300
2023-02-13 11:25:27   apoptosis-period =            180
2023-02-13 11:25:27   expressing-period =           900
2023-02-13 11:25:27   infectivity =                 0.001
2023-02-13 11:25:27   infectivity-multiplier =      1.0
2023-02-13 11:25:27   virion-production =           1.1
2023-02-13 11:25:27   virion-production-multiplier = 1.0
2023-02-13 11:25:27   virion-clearance =            0.004
2023-02-13 11:25:27   virion-diffusion =            0.15
2023-02-13 11:25:27   chemokine-production =        1.0
2023-02-13 11:25:27   chemokine-decay =             0.01
2023-02-13 11:25:27   chemokine-diffusion =         1.0
2023-02-13 11:25:27   min-chemokine =               1e-06
2023-02-13 11:25:27   antibody-factor =             1
2023-02-13 11:25:27   antibody-period =             5760
2023-02-13 11:25:27   tcell-generation-rate =       105000
2023-02-13 11:25:27   tcell-initial-delay =         10080
2023-02-13 11:25:27   tcell-vascular-period =       5760
2023-02-13 11:25:27   tcell-tissue-period =         1440
2023-02-13 11:25:27   tcell-binding-period =        10
2023-02-13 11:25:27   max-binding-prob =            1
2023-02-13 11:25:27   tcells-follow-gradient =      false
2023-02-13 11:25:27   seed =                        1
2023-02-13 11:25:27   sample-period =               0
2023-02-13 11:25:27   sample-resolution =           1
2023-02-13 11:25:27   max-block-dim =               10
2023-02-13 11:25:27   output =                      exp_results/per_300_inf_0.001/init_999/1
2023-02-13 11:25:27 _________________________
2023-02-13 11:25:27 Starting run with 64 processes on 2 nodes at 02/13/23 11:25:27
2023-02-13 11:25:27 Pinned processes, with process 0 (pid 3518124) pinned to core 0
2023-02-13 11:25:27 Using block partitioning
2023-02-13 11:25:27 Initial free memory across all nodes: 152.50GB
2023-02-13 11:25:27 Starting with 76.55GB free on node 0
2023-02-13 11:25:27 Dividing 225000000 grid points into 3515625 squares of size 64 (8^2), with 54932 per process
2023-02-13 11:25:27 Total initial memory required per process is at least 308.46MB with each grid point requiring on average 92 bytes
2023-02-13 11:25:30  --- Elapsed time for tissue.cpp:Tissue:  (exiting barrier) 2023-02-13 11:25:30 ...
2023-02-13 11:25:30           ... (min/my/avg/max, bal) (3.43/3.43/3.43/3.43 s, 1.00) barrier(0.00 s) --- 
2023-02-13 11:25:30 Memory used on node 0 after initialization is  11.75GB
2023-02-13 11:25:30           ... (min/my/avg/max, bal) No-Time barrier(0.00 s) --- 
2023-02-13 11:25:30 Fraction of circulating T cells extravasating is 5.85938e-06
2023-02-13 11:25:30 # datetime                    step    incb       expr       apop       dead       tvas       ttis       inflcell   inflallvirs%infct     <%active  lbln>
2023-02-13 11:25:30 [0] <main.cpp:145> WARNING: Time step 0: SUCCESSFUL initial infection at (7500, 7500, 0) after 0 tries
2023-02-13 11:25:30 [02/13/23 11:25:30    0.00s]: 0       1          0          0          0          0          0          0          0          0.00e+00   0.0000004444< 0.000 0.016 >
2023-02-13 11:25:34 [02/13/23 11:25:34    3.21s]: 4320    3259       8553       0          12176      0          0          63116      63116      2.15e+06   0.0106613333< 0.028 0.887 >
2023-02-13 11:25:44 [02/13/23 11:25:44    9.98s]: 8640    7070       19532      0          74328      0          0          172816     172816     5.21e+06   0.0448577778< 0.077 0.951 >
2023-02-13 11:26:06 [02/13/23 11:26:06   22.33s]: 12960   8959       19305      3681       196050     237942852  1705       331919     331919     6.10e+06   0.1013311111< 0.144 0.966 >
2023-02-13 11:26:48 [02/13/23 11:26:48   41.87s]: 17280   9983       10549      6467       359084     431456346  4825       519374     519374     4.09e+06   0.1715924444< 0.203 0.976 >
2023-02-13 11:27:49 [02/13/23 11:27:49   61.44s]: 21600   10374      6746       8162       544943     522853844  7386       731610     731610     3.07e+06   0.2534333333< 0.249 0.975 >
2023-02-13 11:29:06 [02/13/23 11:29:06   76.53s]: 25920   11439      6126       9036       750756     566020223  9131       964945     964945     2.74e+06   0.3454920000< 0.288 0.977 >
2023-02-13 11:30:39 [02/13/23 11:30:39   93.15s]: 30240   13083      6292       10359      986479     586404956  11089      1229172    1229172    2.97e+06   0.4516502222< 0.330 0.970 >
2023-02-13 11:32:27 [02/13/23 11:32:27  107.91s]: 34560   14221      6720       11566      1252952    596029745  12917      1523610    1523610    3.19e+06   0.5713151111< 0.376 0.962 >
2023-02-13 11:34:31 [02/13/23 11:34:31  124.36s]: 38880   15607      7041       12758      1544281    600572686  14348      1842914    1842914    3.37e+06   0.7020831111< 0.417 0.976 >
2023-02-13 11:36:53 [02/13/23 11:36:53  142.18s]: 43200   17348      7975       14174      1867058    602715165  15776      2195265    2195265    3.80e+06   0.8473577778< 0.461 0.975 >
2023-02-13 11:39:32 [02/13/23 11:39:32  158.31s]: 47520   19103      8741       15381      2221622    603723834  17369      2579131    2579131    4.03e+06   1.0065986667< 0.507 0.979 >
2023-02-13 11:42:29 [02/13/23 11:42:29  177.33s]: 51840   20632      9048       16412      2608800    604197645  18876      2994248    2994248    4.28e+06   1.1799520000< 0.552 0.976 >
2023-02-13 11:45:42 [02/13/23 11:45:42  192.67s]: 56160   21862      9962       17865      3023230    604417945  20133      3437315    3437315    4.71e+06   1.3657417778< 0.596 0.985 >
2023-02-13 11:49:12 [02/13/23 11:49:12  210.30s]: 60480   23114      10156      19422      3470133    604518769  21770      3913525    3913525    4.98e+06   1.5657000000< 0.641 0.986 >
2023-02-13 11:52:59 [02/13/23 11:52:59  226.77s]: 64800   25045      10533      20305      3950387    604563613  23350      4422418    4422418    5.20e+06   1.7805644444< 0.686 0.987 >
2023-02-13 11:57:03 [02/13/23 11:57:03  244.23s]: 69120   26796      12033      21868      4458603    604582057  24785      4959614    4959614    5.69e+06   2.0085777778< 0.731 0.982 >
2023-02-13 12:01:28 [02/13/23 12:01:28  265.18s]: 73440   27747      12436      22994      5000601    604587164  26047      5529535    5529535    6.15e+06   2.2505680000< 0.777 0.981 >
2023-02-13 12:06:12 [02/13/23 12:06:12  283.76s]: 77760   28912      11780      23909      5571524    604586011  27886      6127641    6127641    5.86e+06   2.5049444444< 0.821 0.983 >
2023-02-13 12:11:19 [02/13/23 12:11:19  307.43s]: 82080   30162      13802      25915      6165859    604582534  29359      6751421    6751421    6.77e+06   2.7714391111< 0.861 0.978 >
2023-02-13 12:16:44 [02/13/23 12:16:44  325.04s]: 86400   32464      14409      26891      6798391    604577716  30900      7413361    7413361    6.93e+06   3.0542911111< 0.910 0.977 >
2023-02-13 12:22:28 [02/13/23 12:22:28  344.07s]: 90720   33782      14593      27596      7458361    604572504  32567      8100133    8100133    7.14e+06   3.3485920000< 0.953 0.984 >
2023-02-13 12:28:30 [02/13/23 12:28:30  361.38s]: 95040   35821      16472      29648      8147485    604567088  33347      8820917    8820917    7.79e+06   3.6575226667< 0.997 0.979 >
2023-02-13 12:34:49 [02/13/23 12:34:49  378.79s]: 99360   37515      16506      30372      8872437    604561024  35522      9574300    9574300    7.79e+06   3.9808133333< 1.045 0.980 >
2023-02-13 12:41:25 [02/13/23 12:41:25  396.51s]: 103680  37409      16447      31811      9624360    604555465  36916      10352245   10352245   8.14e+06   4.3155675556< 1.088 0.983 >
2023-02-13 12:48:18 [02/13/23 12:48:18  413.22s]: 108000  40576      18507      33139      10407890   604549405  38070      11165851   11165851   8.88e+06   4.6667164444< 1.132 0.983 >
2023-02-13 12:55:35 [02/13/23 12:55:35  436.69s]: 112320  41141      18633      35012      11221982   604543304  39839      12008656   12008656   9.10e+06   5.0296746667< 1.178 0.989 >
2023-02-13 13:03:11 [02/13/23 13:03:11  456.35s]: 116640  44298      20258      35792      12067459   604537640  41012      12885789   12885789   9.53e+06   5.4079142222< 1.223 0.990 >
2023-02-13 13:11:08 [02/13/23 13:11:08  476.28s]: 120960  44960      19457      36735      12946799   604531193  42825      13790790   13790790   9.43e+06   5.7990893333< 1.268 0.985 >
2023-02-13 13:19:24 [02/13/23 13:19:24  495.86s]: 125280  45562      20601      38318      13855915   604525208  44528      14729121   14729121   9.94e+06   6.2046204444< 1.312 0.989 >
2023-02-13 13:27:59 [02/13/23 13:27:59  515.33s]: 129600  48219      21412      39906      14793907   604519934  45593      15695731   15695731   1.05e+07   6.6237528889< 1.357 0.989 >
2023-02-13 13:36:55 [02/13/23 13:36:55  535.65s]: 133920  50738      23266      41622      15762482   604514380  46880      16696169   16696169   1.11e+07   7.0569368889< 1.404 0.980 >
2023-02-13 13:46:11 [02/13/23 13:46:11  556.41s]: 138240  51055      22562      41809      16761594   604508126  48430      17722696   17722696   1.09e+07   7.5008977778< 1.448 0.984 >
2023-02-13 13:55:49 [02/13/23 13:55:49  577.87s]: 142560  51725      23395      43192      17797147   604501963  50354      18786392   18786392   1.13e+07   7.9624266667< 1.493 0.984 >
2023-02-13 14:05:43 [02/13/23 14:05:43  594.07s]: 146880  53498      24531      44801      18859778   604495501  51762      19877918   19877918   1.20e+07   8.4367146667< 1.539 0.988 >
2023-02-13 14:15:54 [02/13/23 14:15:54  611.38s]: 151200  55986      26054      46159      19950387   604489802  52761      20998336   20998336   1.24e+07   8.9238160000< 1.584 0.982 >
2023-02-13 14:26:28 [02/13/23 14:26:28  633.57s]: 155520  57958      26080      47369      21077008   604483085  55127      22153830   22153830   1.24e+07   9.4259626667< 1.629 0.983 >
2023-02-13 14:37:21 [02/13/23 14:37:21  652.97s]: 159840  58275      26734      48888      22238800   604477496  56258      23342667   23342667   1.28e+07   9.9434204444< 1.675 0.984 >
2023-02-13 14:48:35 [02/13/23 14:48:35  674.35s]: 164160  60103      26499      50309      23423516   604471543  57681      24556218   24556218   1.32e+07   10.4713013333< 1.718 0.982 >
2023-02-13 15:00:03 [02/13/23 15:00:03  687.69s]: 168480  61568      27495      51394      24635206   604465866  58627      25796498   25796498   1.32e+07   11.0114062222< 1.761 0.988 >
2023-02-13 15:11:54 [02/13/23 15:11:54  711.61s]: 172800  64196      28791      52248      25883520   604460738  60098      27073485   27073485   1.38e+07   11.5683360000< 1.804 0.988 >
2023-02-13 15:23:54 [02/13/23 15:23:54  719.98s]: 177120  64817      28373      53909      27158585   604454314  62135      28376478   28376478   1.38e+07   12.1358595556< 1.849 0.988 >
2023-02-13 15:36:12 [02/13/23 15:36:12  737.61s]: 181440  66258      28851      54689      28466014   604448479  63070      29712047   29712047   1.41e+07   12.7181386667< 1.893 0.991 >
2023-02-13 15:48:50 [02/13/23 15:48:50  758.37s]: 185760  68397      31542      57000      29803900   604442457  65017      31082451   31082451   1.51e+07   13.3159288889< 1.941 0.989 >
2023-02-13 16:01:50 [02/13/23 16:01:50  779.80s]: 190080  70199      31164      56831      31172161   604436531  66558      32477606   32477606   1.47e+07   13.9246026667< 1.985 0.990 >
2023-02-13 16:15:13 [02/13/23 16:15:13  802.91s]: 194400  71336      31449      59644      32569404   604430297  68136      33905261   33905261   1.54e+07   14.5474808889< 2.027 0.988 >
2023-02-13 16:28:58 [02/13/23 16:28:58  825.15s]: 198720  73081      32231      59810      34001375   604424241  69707      35364418   35364418   1.57e+07   15.1851093333< 2.073 0.984 >
2023-02-13 16:43:07 [02/13/23 16:43:07  848.28s]: 203040  74154      32489      60984      35465701   604417803  71128      36857492   36857492   1.59e+07   15.8370346667< 2.121 0.988 >
2023-02-13 16:57:36 [02/13/23 16:57:36  869.48s]: 207360  75690      34579      62585      36956089   604412423  71903      38378342   38378342   1.64e+07   16.5017528889< 2.165 0.988 >
2023-02-13 17:12:22 [02/13/23 17:12:22  886.02s]: 211680  77404      35079      64099      38479744   604406329  73938      39929366   39929366   1.67e+07   17.1805902222< 2.208 0.988 >
2023-02-13 17:27:26 [02/13/23 17:27:26  904.01s]: 216000  78515      34392      64848      40038218   604400230  75962      41513968   41513968   1.68e+07   17.8737653333< 2.255 0.987 >
2023-02-13 17:27:27 [02/13/23 17:27:27    0.85s]: 216004  78635      34369      64862      40039633   604400246  75927      41515426   41515426   1.68e+07   17.8744444444< 2.255 0.987 >
2023-02-13 17:27:27  ---  main.cpp:generate tcells took  avg 0.08 s max 0.12 s balance 0.68  --- 
2023-02-13 17:27:27  ---  main.cpp:update circulating tcells took  avg 84.10 s max 88.10 s balance 0.95  --- 
2023-02-13 17:27:27  ---  main.cpp:update tcells took  avg 1387.90 s max 1523.80 s balance 0.91  --- 
2023-02-13 17:27:27  ---  main.cpp:update epicells took  avg 452.15 s max 457.06 s balance 0.99  --- 
2023-02-13 17:27:27  ---  main.cpp:update concentrations took  avg 5972.75 s max 6120.02 s balance 0.98  --- 
2023-02-13 17:27:27  ---  main.cpp:compute updates took  avg 12527.92 s max 12528.03 s balance 1.00  --- 
2023-02-13 17:27:27  ---  main.cpp:dispatch updates took  avg 5563.51 s max 6074.33 s balance 0.92  --- 
2023-02-13 17:27:27  ---  main.cpp:add new actives took  avg 252.64 s max 261.01 s balance 0.97  --- 
2023-02-13 17:27:27  ---  main.cpp:erase inactive took  avg 2129.89 s max 2512.41 s balance 0.85  --- 
2023-02-13 17:27:27  ---  main.cpp:sample took  avg 0.00 s max 0.00 s balance -nan  --- 
2023-02-13 17:27:27  ---  main.cpp:sample write took  avg 0.00 s max 0.00 s balance -nan  --- 
2023-02-13 17:27:27  ---  main.cpp:log took  avg 19.85 s max 19.96 s balance 0.99  --- 
2023-02-13 17:27:27 Finished 216005 time steps in 21716.5511 s (0.1005 s per step)
2023-02-13 17:27:27  --- Elapsed time for main.cpp:run_sim:  (exiting barrier) 2023-02-13 17:27:27 ...
2023-02-13 17:27:27           ... (min/my/avg/max, bal) (21716.55/21716.55/21716.55/21716.55 s, 1.00) barrier(0.00 s) --- 
2023-02-13 17:27:27 Peak memory used across all nodes: 29.58GB
2023-02-13 17:27:27 Finished in 21720.49 s at 02/13/23 17:27:27 for SimCov version 0.1.1.9cc77ef-dirty
