2023-02-18 12:21:14 SimCov version SimCov version 0.1.1.8024051-dirty-master built on 20230216_082905
2023-02-18 12:21:14 _________________________
2023-02-18 12:21:14 Compiler definitions:
2023-02-18 12:21:14   _XOPEN_SOURCE=700
2023-02-18 12:21:14   CONFIG_USE_COLORS
2023-02-18 12:21:14   USE_BYTELL
2023-02-18 12:21:14   MAX_VIRIONS=125000
2023-02-18 12:21:14   MIN_VIRIONS=1e-10
2023-02-18 12:21:14   BLOCK_PARTITION
2023-02-18 12:21:14   MIN_BLOCKS_PER_PROC=1
2023-02-18 12:21:14   AVERAGE_SUBSAMPLE
2023-02-18 12:21:14 _________________________
2023-02-18 12:21:14 Options:
2023-02-18 12:21:14   dim =                         15000 15000 1
2023-02-18 12:21:14   whole-lung-dim =              48000 40000 20000
2023-02-18 12:21:14   timesteps =                   144005
2023-02-18 12:21:14   infection-coords =            uniform:1
2023-02-18 12:21:14   initial-infection =           999
2023-02-18 12:21:14   incubation-period =           1200
2023-02-18 12:21:14   apoptosis-period =            180
2023-02-18 12:21:14   expressing-period =           900
2023-02-18 12:21:14   infectivity =                 0.1
2023-02-18 12:21:14   infectivity-multiplier =      1.0
2023-02-18 12:21:14   virion-production =           1.1
2023-02-18 12:21:14   virion-production-multiplier = 1.0
2023-02-18 12:21:14   virion-clearance =            0.004
2023-02-18 12:21:14   virion-diffusion =            0.15
2023-02-18 12:21:14   chemokine-production =        1.0
2023-02-18 12:21:14   chemokine-decay =             0.01
2023-02-18 12:21:14   chemokine-diffusion =         1.0
2023-02-18 12:21:14   min-chemokine =               1e-06
2023-02-18 12:21:14   antibody-factor =             1
2023-02-18 12:21:14   antibody-period =             5760
2023-02-18 12:21:14   tcell-generation-rate =       105000
2023-02-18 12:21:14   tcell-initial-delay =         10080
2023-02-18 12:21:14   tcell-vascular-period =       5760
2023-02-18 12:21:14   tcell-tissue-period =         1440
2023-02-18 12:21:14   tcell-binding-period =        10
2023-02-18 12:21:14   max-binding-prob =            1
2023-02-18 12:21:14   tcells-follow-gradient =      false
2023-02-18 12:21:14   seed =                        1
2023-02-18 12:21:14   sample-period =               0
2023-02-18 12:21:14   sample-resolution =           1
2023-02-18 12:21:14   max-block-dim =               10
2023-02-18 12:21:14   output =                      exp_results/per_1200_inf_0.1/init_999/1
2023-02-18 12:21:14 _________________________
2023-02-18 12:21:14 Starting run with 64 processes on 2 nodes at 02/18/23 12:21:14
2023-02-18 12:21:14 Pinned processes, with process 0 (pid 22636) pinned to core 0
2023-02-18 12:21:14 Using block partitioning
2023-02-18 12:21:14 Initial free memory across all nodes: 151.62GB
2023-02-18 12:21:14 Starting with 76.88GB free on node 0
2023-02-18 12:21:14 Dividing 225000000 grid points into 3515625 squares of size 64 (8^2), with 54932 per process
2023-02-18 12:21:14 Total initial memory required per process is at least 281.63MB with each grid point requiring on average 84 bytes
2023-02-18 12:21:18  --- Elapsed time for tissue.cpp:Tissue:  (exiting barrier) 2023-02-18 12:21:18 ...
2023-02-18 12:21:18           ... (min/my/avg/max, bal) (3.41/3.42/3.41/3.42 s, 1.00) barrier(0.00 s) --- 
2023-02-18 12:21:18 Memory used on node 0 after initialization is  10.90GB
2023-02-18 12:21:18           ... (min/my/avg/max, bal) No-Time barrier(0.00 s) --- 
2023-02-18 12:21:18 Fraction of circulating T cells extravasating is 5.85938e-06
2023-02-18 12:21:18 # datetime                    step    incb       expr       apop       dead       tvas       ttis       chem       virs       chempts    %infct     <%active  lbln>
2023-02-18 12:21:18 [0] <main.cpp:141> WARNING: Time step 0: SUCCESSFUL initial infection at (7500, 7500, 0) after 0 tries
2023-02-18 12:21:18 [02/18/23 12:21:18    0.00s]: 0       1          0          0          0          0          0          0.00e+00   0.00e+00   1.00e+00   0.00       < 0.000 0.016 >
2023-02-18 12:21:19 [02/18/23 12:21:19    1.41s]: 2880    5001       1636       0          1118       0          0          1.68e-05   2.71e+05   2.66e+04   0.00       < 0.012 0.813 >
2023-02-18 12:21:22 [02/18/23 12:21:22    3.01s]: 5760    9552       6629       0          11723      0          0          6.32e-05   1.77e+06   6.12e+04   0.01       < 0.027 0.899 >
2023-02-18 12:21:27 [02/18/23 12:21:27    5.28s]: 8640    15745      9435       0          35954      0          0          9.66e-05   2.50e+06   1.08e+05   0.03       < 0.048 0.941 >
2023-02-18 12:21:36 [02/18/23 12:21:36    8.50s]: 11520   19618      13169      1121       73267      133767860  393        1.39e-04   3.71e+06   1.67e+05   0.05       < 0.074 0.935 >
2023-02-18 12:21:49 [02/18/23 12:21:49   12.94s]: 14400   15271      4806       3554       137147     319073156  1903       1.32e-04   1.80e+06   2.32e+05   0.07       < 0.102 0.964 >
2023-02-18 12:22:07 [02/18/23 12:22:07   17.96s]: 17280   12601      625        3732       201283     431459474  3110       6.47e-05   3.33e+05   2.99e+05   0.10       < 0.125 0.965 >
2023-02-18 12:22:28 [02/18/23 12:22:28   21.38s]: 20160   8926       114        3522       261769     499620931  4053       2.63e-05   8.26e+04   3.62e+05   0.12       < 0.138 0.961 >
2023-02-18 12:22:51 [02/18/23 12:22:51   23.22s]: 23040   4466       14         2356       310048     540961194  3850       6.97e-06   1.50e+04   4.00e+05   0.14       < 0.139 0.940 >
2023-02-18 12:23:13 [02/18/23 12:23:13   21.35s]: 25920   1585       6          791        334903     566036386  1968       2.22e-06   3.17e+03   3.70e+05   0.15       < 0.128 0.926 >
2023-02-18 12:23:32 [02/18/23 12:23:32   18.80s]: 28800   6058       88         2641       357154     581244377  3148       6.38e-06   3.55e+04   4.54e+05   0.16       < 0.117 0.943 >
2023-02-18 12:23:51 [02/18/23 12:23:51   19.88s]: 31680   2305       5          1467       391454     590467343  2677       2.76e-06   6.69e+03   4.48e+05   0.18       < 0.126 0.927 >
2023-02-18 12:24:09 [02/18/23 12:24:09   17.95s]: 34560   5628       103        1616       407044     596063230  1809       9.59e-06   5.66e+04   4.84e+05   0.18       < 0.113 0.918 >
2023-02-18 12:24:29 [02/18/23 12:24:29   19.68s]: 37440   5118       45         2556       448787     599454206  3839       7.76e-06   3.27e+04   5.36e+05   0.20       < 0.126 0.935 >
2023-02-18 12:24:51 [02/18/23 12:24:51   21.63s]: 40320   3657       130        1616       477243     601512456  2422       1.19e-05   4.12e+04   5.28e+05   0.21       < 0.143 0.963 >
2023-02-18 12:25:18 [02/18/23 12:25:18   26.84s]: 43200   4766       64         2198       508712     602759611  3482       8.74e-06   2.98e+04   5.80e+05   0.23       < 0.135 0.933 >
2023-02-18 12:25:40 [02/18/23 12:25:40   22.98s]: 46080   3023       44         1639       540377     603516446  2981       3.77e-06   9.24e+03   6.02e+05   0.24       < 0.146 0.952 >
2023-02-18 12:26:05 [02/18/23 12:26:05   24.35s]: 48960   6107       111        2419       567990     603975317  3022       9.95e-06   5.23e+04   6.73e+05   0.26       < 0.154 0.944 >
2023-02-18 12:26:32 [02/18/23 12:26:32   27.29s]: 51840   7584       94         3354       617027     604252226  4385       1.64e-05   8.54e+04   7.30e+05   0.28       < 0.172 0.937 >
2023-02-18 12:27:03 [02/18/23 12:27:03   30.66s]: 54720   4748       129        2041       663517     604419587  3916       6.67e-06   4.09e+04   7.53e+05   0.30       < 0.187 0.952 >
2023-02-18 12:27:32 [02/18/23 12:27:32   29.43s]: 57600   5759       54         2188       698296     604522744  3389       7.46e-06   3.45e+04   8.10e+05   0.31       < 0.175 0.960 >
2023-02-18 12:28:02 [02/18/23 12:28:02   29.82s]: 60480   6357       286        3301       746687     604582975  5151       2.00e-05   9.78e+04   8.60e+05   0.34       < 0.188 0.931 >
2023-02-18 12:28:35 [02/18/23 12:28:35   32.79s]: 63360   5664       290        2687       789926     604620519  4321       1.58e-05   6.44e+04   8.94e+05   0.35       < 0.200 0.949 >
2023-02-18 12:29:09 [02/18/23 12:29:09   34.60s]: 66240   8077       119        3240       837872     604642645  4631       1.39e-05   4.37e+04   9.61e+05   0.38       < 0.208 0.959 >
2023-02-18 12:29:47 [02/18/23 12:29:47   37.58s]: 69120   4784       63         2468       888332     604655765  4485       7.39e-06   2.02e+04   9.82e+05   0.40       < 0.219 0.950 >
2023-02-18 12:30:27 [02/18/23 12:30:27   40.09s]: 72000   5888       50         2773       929866     604664503  4288       8.41e-06   3.43e+04   1.02e+06   0.42       < 0.212 0.934 >
2023-02-18 12:31:05 [02/18/23 12:31:05   37.74s]: 74880   8729       171        3693       975258     604668757  5413       1.76e-05   8.72e+04   1.12e+06   0.44       < 0.221 0.947 >
2023-02-18 12:31:47 [02/18/23 12:31:47   42.01s]: 77760   6686       81         2802       1029335    604671195  4393       9.27e-06   1.73e+04   1.15e+06   0.46       < 0.248 0.965 >
2023-02-18 12:32:33 [02/18/23 12:32:33   45.79s]: 80640   8231       88         3793       1086328    604671293  6071       1.47e-05   5.92e+04   1.22e+06   0.49       < 0.261 0.951 >
2023-02-18 12:33:21 [02/18/23 12:33:21   48.80s]: 83520   8521       222        3545       1143223    604671448  5792       2.01e-05   9.81e+04   1.29e+06   0.51       < 0.278 0.959 >
2023-02-18 12:34:17 [02/18/23 12:34:17   55.48s]: 86400   8836       83         4218       1205971    604670313  7065       1.35e-05   4.86e+04   1.37e+06   0.54       < 0.303 0.964 >
2023-02-18 12:35:17 [02/18/23 12:35:17   59.76s]: 89280   7617       148        3152       1264600    604670724  5585       1.80e-05   7.61e+04   1.42e+06   0.57       < 0.318 0.951 >
2023-02-18 12:36:16 [02/18/23 12:36:16   59.52s]: 92160   9982       57         4625       1330176    604669534  7243       1.35e-05   4.35e+04   1.49e+06   0.60       < 0.307 0.949 >
2023-02-18 12:37:17 [02/18/23 12:37:17   61.26s]: 95040   7203       166        3466       1394834    604668932  6472       1.36e-05   3.97e+04   1.54e+06   0.62       < 0.330 0.954 >
2023-02-18 12:38:22 [02/18/23 12:38:22   64.05s]: 97920   10704      277        4666       1457309    604668403  7501       2.38e-05   9.69e+04   1.64e+06   0.65       < 0.347 0.946 >
2023-02-18 12:39:29 [02/18/23 12:39:29   67.93s]: 100800  13478      344        5764       1538148    604666601  8270       2.74e-05   1.27e+05   1.75e+06   0.69       < 0.362 0.954 >
2023-02-18 12:40:44 [02/18/23 12:40:44   74.18s]: 103680  10336      37         4880       1627856    604664386  8497       1.15e-05   3.79e+04   1.81e+06   0.73       < 0.391 0.964 >
2023-02-18 12:42:01 [02/18/23 12:42:01   76.89s]: 106560  11900      179        5352       1703946    604663386  8441       2.19e-05   7.95e+04   1.93e+06   0.77       < 0.410 0.963 >
2023-02-18 12:43:22 [02/18/23 12:43:22   81.59s]: 109440  11843      137        5033       1788009    604661910  9051       2.14e-05   8.93e+04   1.98e+06   0.80       < 0.415 0.963 >
2023-02-18 12:44:48 [02/18/23 12:44:48   85.75s]: 112320  16135      359        6470       1878410    604660002  9785       3.24e-05   1.61e+05   2.13e+06   0.85       < 0.442 0.974 >
2023-02-18 12:46:18 [02/18/23 12:46:18   90.09s]: 115200  11576      218        5211       1977680    604658661  9515       1.83e-05   6.51e+04   2.16e+06   0.89       < 0.453 0.958 >
2023-02-18 12:47:50 [02/18/23 12:47:50   91.89s]: 118080  14794      117        6256       2062815    604658585  9131       2.69e-05   1.24e+05   2.29e+06   0.93       < 0.471 0.979 >
2023-02-18 12:49:27 [02/18/23 12:49:27   97.01s]: 120960  12625      104        6244       2167418    604655777  11179      1.69e-05   5.75e+04   2.38e+06   0.97       < 0.490 0.974 >
2023-02-18 12:51:07 [02/18/23 12:51:07   99.70s]: 123840  14015      184        5913       2257290    604655607  9834       1.89e-05   7.56e+04   2.47e+06   1.01       < 0.510 0.980 >
2023-02-18 12:52:54 [02/18/23 12:52:54  107.46s]: 126720  14453      157        5953       2355094    604654744  10119      3.03e-05   1.35e+05   2.57e+06   1.06       < 0.511 0.964 >
2023-02-18 12:54:35 [02/18/23 12:54:35  100.70s]: 129600  11652      120        5620       2456507    604653328  11251      2.61e-05   8.65e+04   2.69e+06   1.10       < 0.502 0.975 >
2023-02-18 12:56:15 [02/18/23 12:56:15  100.36s]: 132480  10048      84         4253       2542251    604655467  8366       1.02e-05   3.15e+04   2.70e+06   1.14       < 0.498 0.967 >
2023-02-18 12:58:01 [02/18/23 12:58:01  105.62s]: 135360  19051      261        8944       2646682    604653144  12727      3.03e-05   1.49e+05   2.93e+06   1.19       < 0.511 0.959 >
2023-02-18 12:59:48 [02/18/23 12:59:48  107.38s]: 138240  12070      103        5512       2754071    604653182  9792       1.54e-05   3.77e+04   2.98e+06   1.23       < 0.531 0.967 >
2023-02-18 13:01:34 [02/18/23 13:01:34  105.60s]: 141120  17410      381        6841       2841559    604653751  10713      3.42e-05   1.45e+05   3.09e+06   1.27       < 0.521 0.968 >
2023-02-18 13:03:26 [02/18/23 13:03:26  112.69s]: 144000  14346      156        7003       2962749    604650507  11979      2.42e-05   8.57e+04   3.21e+06   1.33       < 0.553 0.965 >
2023-02-18 13:03:27 [02/18/23 13:03:27    0.16s]: 144004  14302      153        7002       2962906    604650503  11981      2.43e-05   8.56e+04   3.21e+06   1.33       < 0.553 0.965 >
2023-02-18 13:03:27  ---  main.cpp:generate tcells took  avg 0.04 s max 0.05 s balance 0.75  --- 
2023-02-18 13:03:27  ---  main.cpp:update circulating tcells took  avg 54.24 s max 58.47 s balance 0.93  --- 
2023-02-18 13:03:27  ---  main.cpp:update tcells took  avg 126.29 s max 139.40 s balance 0.91  --- 
2023-02-18 13:03:27  ---  main.cpp:update epicells took  avg 80.60 s max 82.99 s balance 0.97  --- 
2023-02-18 13:03:27  ---  main.cpp:update concentrations took  avg 536.67 s max 561.14 s balance 0.96  --- 
2023-02-18 13:03:27  ---  main.cpp:compute updates took  avg 1457.24 s max 1457.30 s balance 1.00  --- 
2023-02-18 13:03:27  ---  main.cpp:dispatch updates took  avg 616.94 s max 660.50 s balance 0.93  --- 
2023-02-18 13:03:27  ---  main.cpp:add new actives took  avg 37.04 s max 38.16 s balance 0.97  --- 
2023-02-18 13:03:27  ---  main.cpp:erase inactive took  avg 287.97 s max 292.83 s balance 0.98  --- 
2023-02-18 13:03:27  ---  main.cpp:sample took  avg 0.00 s max 0.00 s balance -nan  --- 
2023-02-18 13:03:27  ---  main.cpp:sample write took  avg 0.00 s max 0.00 s balance -nan  --- 
2023-02-18 13:03:27  ---  main.cpp:log took  avg 10.68 s max 10.75 s balance 0.99  --- 
2023-02-18 13:03:27 Finished 144005 time steps in 2528.8481 s (0.0176 s per step)
2023-02-18 13:03:27  --- Elapsed time for main.cpp:run_sim:  (exiting barrier) 2023-02-18 13:03:27 ...
2023-02-18 13:03:27           ... (min/my/avg/max, bal) (2528.85/2528.85/2528.85/2528.85 s, 1.00) barrier(0.00 s) --- 
2023-02-18 13:03:27 Peak memory used across all nodes: 22.58GB
2023-02-18 13:03:27 Finished in 2532.80 s at 02/18/23 13:03:27 for SimCov version 0.1.1.8024051-dirty
