2023-02-13 19:59:07 SimCov version SimCov version 0.1.1.9cc77ef-dirty-branching_airways_3min_model built on 20230204_191356
2023-02-13 19:59:07 _________________________
2023-02-13 19:59:07 Compiler definitions:
2023-02-13 19:59:07   _XOPEN_SOURCE=700
2023-02-13 19:59:07   CONFIG_USE_COLORS
2023-02-13 19:59:07   USE_BYTELL
2023-02-13 19:59:07   MAX_VIRIONS=125000
2023-02-13 19:59:07   MIN_VIRIONS=1e-10
2023-02-13 19:59:07   BLOCK_PARTITION
2023-02-13 19:59:07   MIN_BLOCKS_PER_PROC=1
2023-02-13 19:59:07   AVERAGE_SUBSAMPLE
2023-02-13 19:59:07 _________________________
2023-02-13 19:59:07 Options:
2023-02-13 19:59:07   dim =                         15000 15000 1
2023-02-13 19:59:07   whole-lung-dim =              48000 40000 20000
2023-02-13 19:59:07   timesteps =                   216005
2023-02-13 19:59:07   infection-coords =            uniform:1
2023-02-13 19:59:07   initial-infection =           999
2023-02-13 19:59:07   incubation-period =           1200
2023-02-13 19:59:07   apoptosis-period =            180
2023-02-13 19:59:07   expressing-period =           900
2023-02-13 19:59:07   infectivity =                 0.1
2023-02-13 19:59:07   infectivity-multiplier =      1.0
2023-02-13 19:59:07   virion-production =           1.1
2023-02-13 19:59:07   virion-production-multiplier = 1.0
2023-02-13 19:59:07   virion-clearance =            0.004
2023-02-13 19:59:07   virion-diffusion =            0.15
2023-02-13 19:59:07   chemokine-production =        1.0
2023-02-13 19:59:07   chemokine-decay =             0.01
2023-02-13 19:59:07   chemokine-diffusion =         1.0
2023-02-13 19:59:07   min-chemokine =               1e-06
2023-02-13 19:59:07   antibody-factor =             1
2023-02-13 19:59:07   antibody-period =             5760
2023-02-13 19:59:07   tcell-generation-rate =       105000
2023-02-13 19:59:07   tcell-initial-delay =         10080
2023-02-13 19:59:07   tcell-vascular-period =       5760
2023-02-13 19:59:07   tcell-tissue-period =         1440
2023-02-13 19:59:07   tcell-binding-period =        10
2023-02-13 19:59:07   max-binding-prob =            1
2023-02-13 19:59:07   tcells-follow-gradient =      false
2023-02-13 19:59:07   seed =                        1
2023-02-13 19:59:07   sample-period =               0
2023-02-13 19:59:07   sample-resolution =           1
2023-02-13 19:59:07   max-block-dim =               10
2023-02-13 19:59:07   output =                      exp_results/per_1200_inf_0.1/init_999/1
2023-02-13 19:59:07 _________________________
2023-02-13 19:59:07 Starting run with 64 processes on 2 nodes at 02/13/23 19:59:07
2023-02-13 19:59:07 Pinned processes, with process 0 (pid 3529752) pinned to core 0
2023-02-13 19:59:07 Using block partitioning
2023-02-13 19:59:07 Initial free memory across all nodes: 152.07GB
2023-02-13 19:59:07 Starting with 76.27GB free on node 0
2023-02-13 19:59:07 Dividing 225000000 grid points into 3515625 squares of size 64 (8^2), with 54932 per process
2023-02-13 19:59:07 Total initial memory required per process is at least 308.46MB with each grid point requiring on average 92 bytes
2023-02-13 19:59:10  --- Elapsed time for tissue.cpp:Tissue:  (exiting barrier) 2023-02-13 19:59:10 ...
2023-02-13 19:59:10           ... (min/my/avg/max, bal) (3.43/3.43/3.43/3.43 s, 1.00) barrier(0.00 s) --- 
2023-02-13 19:59:10 Memory used on node 0 after initialization is  11.74GB
2023-02-13 19:59:10           ... (min/my/avg/max, bal) No-Time barrier(0.00 s) --- 
2023-02-13 19:59:10 Fraction of circulating T cells extravasating is 5.85938e-06
2023-02-13 19:59:10 # datetime                    step    incb       expr       apop       dead       tvas       ttis       inflcell   inflallvirs%infct     <%active  lbln>
2023-02-13 19:59:10 [0] <main.cpp:145> WARNING: Time step 0: SUCCESSFUL initial infection at (7500, 7500, 0) after 0 tries
2023-02-13 19:59:10 [02/13/23 19:59:10    0.00s]: 0       1          0          0          0          0          0          0          0          0.00e+00   0.0000004444< 0.000 0.016 >
2023-02-13 19:59:13 [02/13/23 19:59:13    2.55s]: 4320    8471       3272       0          5498       0          0          44587      44587      9.90e+05   0.0076626667< 0.020 0.840 >
2023-02-13 19:59:19 [02/13/23 19:59:19    6.94s]: 8640    16198      9383       0          36926      0          0          109424     109424     2.51e+06   0.0277808889< 0.049 0.940 >
2023-02-13 19:59:34 [02/13/23 19:59:34   14.25s]: 12960   17063      8624       3028       106337     237943396  1178       200843     200843     2.86e+06   0.0600231111< 0.089 0.947 >
2023-02-13 20:00:03 [02/13/23 20:00:03   29.49s]: 17280   11822      777        3784       202944     431459674  3225       300410     300410     3.55e+05   0.0974786667< 0.125 0.969 >
2023-02-13 20:00:36 [02/13/23 20:00:36   32.74s]: 21600   7410       61         3324       288845     522861410  4145       391359     391359     4.25e+04   0.1331733333< 0.140 0.962 >
2023-02-13 20:01:09 [02/13/23 20:01:09   32.65s]: 25920   2046       14         965        340810     566035838  2150       445127     445127     5.95e+03   0.1528155556< 0.130 0.955 >
2023-02-13 20:01:34 [02/13/23 20:01:34   25.08s]: 30240   4037       19         1439       365020     586431203  1895       493098     493098     3.72e+03   0.1646733333< 0.101 0.957 >
2023-02-13 20:01:59 [02/13/23 20:01:59   25.66s]: 34560   3559       24         1543       410439     596063011  2427       559139     559139     2.46e+04   0.1846955556< 0.114 0.935 >
2023-02-13 20:02:28 [02/13/23 20:02:28   28.19s]: 38880   2687       104        1637       452495     600612264  2620       619162     619162     2.49e+04   0.2030768889< 0.123 0.915 >
2023-02-13 20:02:57 [02/13/23 20:02:57   29.49s]: 43200   6369       80         2762       495446     602760557  3855       694138     694138     4.55e+04   0.2242920000< 0.136 0.948 >
2023-02-13 20:03:36 [02/13/23 20:03:36   39.35s]: 47520   5022       50         2232       554010     603773525  3412       771027     771027     3.11e+04   0.2494728889< 0.170 0.952 >
2023-02-13 20:04:19 [02/13/23 20:04:19   42.39s]: 51840   6710       53         3083       609982     604251495  4410       858458     858458     4.45e+04   0.2754791111< 0.185 0.961 >
2023-02-13 20:05:09 [02/13/23 20:05:09   50.58s]: 56160   7237       161        2883       663790     604477776  4063       943974     943974     7.83e+04   0.2995871111< 0.196 0.941 >
2023-02-13 20:06:04 [02/13/23 20:06:04   54.82s]: 60480   7237       23         3132       749668     604581461  5078       1046387    1046387    1.57e+04   0.3378044444< 0.228 0.947 >
2023-02-13 20:07:06 [02/13/23 20:07:06   61.63s]: 64800   5956       56         2627       826636     604630455  5219       1136156    1136156    3.27e+04   0.3712333333< 0.238 0.965 >
2023-02-13 20:08:03 [02/13/23 20:08:03   57.69s]: 69120   5064       121        2163       878667     604656599  3610       1208484    1208484    7.14e+04   0.3937844444< 0.206 0.959 >
2023-02-13 20:08:59 [02/13/23 20:08:59   55.25s]: 73440   7128       22         3442       955759     604666361  5519       1318547    1318547    2.09e+04   0.4294893333< 0.229 0.967 >
2023-02-13 20:10:04 [02/13/23 20:10:04   64.84s]: 77760   7776       70         3413       1032007    604670295  5615       1418370    1418370    3.73e+04   0.4636737778< 0.240 0.950 >
2023-02-13 20:11:06 [02/13/23 20:11:06   62.46s]: 82080   7712       53         3187       1101028    604673052  5411       1513280    1513280    2.99e+04   0.4942133333< 0.232 0.954 >
2023-02-13 20:12:13 [02/13/23 20:12:13   67.06s]: 86400   7986       71         3364       1184948    604672778  5707       1607574    1607574    5.39e+04   0.5317195556< 0.259 0.953 >
2023-02-13 20:13:26 [02/13/23 20:13:26   73.30s]: 90720   9184       242        3697       1261375    604672770  5513       1709765    1709765    1.12e+05   0.5664435556< 0.272 0.967 >
2023-02-13 20:14:44 [02/13/23 20:14:44   77.75s]: 95040   7109       112        3201       1346442    604672840  5325       1800531    1800531    4.35e+04   0.6030506667< 0.283 0.954 >
2023-02-13 20:16:07 [02/13/23 20:16:07   83.07s]: 99360   8579       40         3995       1442703    604670828  6630       1917985    1917985    4.02e+04   0.6468075556< 0.296 0.964 >
2023-02-13 20:17:31 [02/13/23 20:17:31   84.18s]: 103680  8308       94         2885       1523986    604671571  5269       2020001    2020001    6.69e+04   0.6823435556< 0.296 0.968 >
2023-02-13 20:18:59 [02/13/23 20:18:59   87.58s]: 108000  6736       50         3327       1616259    604670176  6280       2133925    2133925    3.82e+04   0.7228320000< 0.313 0.965 >
2023-02-13 20:20:28 [02/13/23 20:20:28   89.14s]: 112320  13295      108        5221       1707224    604669283  7763       2278085    2278085    9.66e+04   0.7670435556< 0.319 0.948 >
2023-02-13 20:22:05 [02/13/23 20:22:05   96.55s]: 116640  10402      76         3690       1815022    604668405  6280       2422230    2422230    3.57e+04   0.8129733333< 0.344 0.959 >
2023-02-13 20:23:48 [02/13/23 20:23:48  103.70s]: 120960  8870       260        4872       1937781    604664622  8796       2579879    2579879    7.68e+04   0.8674591111< 0.377 0.968 >
2023-02-13 20:25:40 [02/13/23 20:25:40  111.75s]: 125280  13337      229        5815       2046057    604664248  8392       2725672    2725672    1.10e+05   0.9179724444< 0.386 0.972 >
2023-02-13 20:27:38 [02/13/23 20:27:38  117.75s]: 129600  10002      56         4799       2181262    604662364  8442       2874800    2874800    3.11e+04   0.9760528889< 0.403 0.967 >
2023-02-13 20:29:32 [02/13/23 20:29:32  114.44s]: 133920  10233      229        4329       2287863    604663155  8156       3002196    3002196    1.17e+05   1.0234017778< 0.387 0.974 >
2023-02-13 20:31:30 [02/13/23 20:31:30  117.53s]: 138240  11869      163        4858       2400833    604662991  8201       3128848    3128848    9.65e+04   1.0745435556< 0.400 0.959 >
2023-02-13 20:33:32 [02/13/23 20:33:32  122.64s]: 142560  11475      285        4920       2521418    604661959  8328       3283492    3283492    8.48e+04   1.1280435556< 0.430 0.979 >
2023-02-13 20:35:41 [02/13/23 20:35:41  128.84s]: 146880  14767      458        6124       2646037    604660549  9289       3450152    3450152    1.51e+05   1.1855048889< 0.437 0.962 >
2023-02-13 20:38:01 [02/13/23 20:38:01  140.21s]: 151200  10121      98         4760       2791121    604657407  9413       3605308    3605308    4.69e+04   1.2471555556< 0.487 0.978 >
2023-02-13 20:40:22 [02/13/23 20:40:22  140.59s]: 155520  14477      207        6684       2917232    604657618  10148      3756608    3756608    9.87e+04   1.3060444444< 0.460 0.967 >
2023-02-13 20:42:42 [02/13/23 20:42:42  139.61s]: 159840  14093      108        4927       3047451    604658365  8247       3911601    3911601    5.06e+04   1.3629240000< 0.458 0.960 >
2023-02-13 20:44:53 [02/13/23 20:44:53  130.85s]: 164160  11412      101        4371       3176681    604658760  8605       4072135    4072135    5.18e+04   1.4189177778< 0.431 0.979 >
2023-02-13 20:47:03 [02/13/23 20:47:03  130.82s]: 168480  14552      282        6919       3307536    604658155  9717       4259186    4259186    1.35e+05   1.4796840000< 0.446 0.972 >
2023-02-13 20:49:21 [02/13/23 20:49:21  137.14s]: 172800  14235      134        5749       3450014    604657649  9048       4432941    4432941    7.41e+04   1.5422808889< 0.463 0.966 >
2023-02-13 20:51:43 [02/13/23 20:51:43  142.95s]: 177120  11399      263        5424       3592803    604655668  10147      4602408    4602408    8.34e+04   1.6043951111< 0.493 0.964 >
2023-02-13 20:54:11 [02/13/23 20:54:11  147.35s]: 181440  13528      127        5412       3737379    604656345  9216       4789451    4789451    4.84e+04   1.6695315556< 0.476 0.972 >
2023-02-13 20:56:44 [02/13/23 20:56:44  152.87s]: 185760  15895      227        7737       3912970    604651979  12246      5008903    5008903    7.31e+04   1.7497017778< 0.528 0.968 >
2023-02-13 20:59:31 [02/13/23 20:59:31  167.02s]: 190080  19675      287        7908       4075080    604650538  12102      5219595    5219595    1.34e+05   1.8235333333< 0.540 0.966 >
2023-02-13 21:02:28 [02/13/23 21:02:28  177.01s]: 194400  15134      221        7261       4255478    604648528  12177      5417525    5417525    1.32e+05   1.9013751111< 0.564 0.977 >
2023-02-13 21:05:27 [02/13/23 21:05:27  179.36s]: 198720  17810      250        8896       4425858    604647747  13447      5632170    5632170    1.42e+05   1.9790284444< 0.562 0.974 >
2023-02-13 21:08:32 [02/13/23 21:08:32  185.14s]: 203040  15160      126        5440       4581079    604649486  9640       5812278    5812278    3.88e+04   2.0452466667< 0.587 0.983 >
2023-02-13 21:11:38 [02/13/23 21:11:38  186.24s]: 207360  13107      58         5629       4767202    604647474  10925      6036738    6036738    5.79e+04   2.1271093333< 0.591 0.970 >
2023-02-13 21:14:47 [02/13/23 21:14:47  188.48s]: 211680  20353      316        9145       4942103    604645475  14555      6277097    6277097    9.57e+04   2.2097408889< 0.591 0.977 >
2023-02-13 21:18:15 [02/13/23 21:18:15  208.12s]: 216000  16906      321        7525       5121890    604645617  12129      6485649    6485649    1.12e+05   2.2873964444< 0.645 0.978 >
2023-02-13 21:18:15 [02/13/23 21:18:15    0.19s]: 216004  16908      323        7496       5122069    604645610  12136      6485851    6485851    1.12e+05   2.2874648889< 0.645 0.978 >
2023-02-13 21:18:15  ---  main.cpp:generate tcells took  avg 0.06 s max 0.08 s balance 0.72  --- 
2023-02-13 21:18:15  ---  main.cpp:update circulating tcells took  avg 83.86 s max 87.59 s balance 0.96  --- 
2023-02-13 21:18:15  ---  main.cpp:update tcells took  avg 227.34 s max 249.11 s balance 0.91  --- 
2023-02-13 21:18:15  ---  main.cpp:update epicells took  avg 143.84 s max 147.36 s balance 0.98  --- 
2023-02-13 21:18:15  ---  main.cpp:update concentrations took  avg 1032.45 s max 1072.75 s balance 0.96  --- 
2023-02-13 21:18:15  ---  main.cpp:compute updates took  avg 2704.00 s max 2704.07 s balance 1.00  --- 
2023-02-13 21:18:15  ---  main.cpp:dispatch updates took  avg 1143.88 s max 1249.37 s balance 0.92  --- 
2023-02-13 21:18:15  ---  main.cpp:add new actives took  avg 66.96 s max 70.13 s balance 0.95  --- 
2023-02-13 21:18:15  ---  main.cpp:erase inactive took  avg 549.81 s max 601.99 s balance 0.91  --- 
2023-02-13 21:18:15  ---  main.cpp:sample took  avg 0.00 s max 0.00 s balance -nan  --- 
2023-02-13 21:18:15  ---  main.cpp:sample write took  avg 0.00 s max 0.00 s balance -nan  --- 
2023-02-13 21:18:15  ---  main.cpp:log took  avg 19.18 s max 19.35 s balance 0.99  --- 
2023-02-13 21:18:15 Finished 216005 time steps in 4745.3010 s (0.0220 s per step)
2023-02-13 21:18:15  --- Elapsed time for main.cpp:run_sim:  (exiting barrier) 2023-02-13 21:18:15 ...
2023-02-13 21:18:15           ... (min/my/avg/max, bal) (4745.30/4745.30/4745.30/4745.30 s, 1.00) barrier(0.00 s) --- 
2023-02-13 21:18:15 Peak memory used across all nodes: 24.56GB
2023-02-13 21:18:15 Finished in 4748.93 s at 02/13/23 21:18:15 for SimCov version 0.1.1.9cc77ef-dirty
