2023-02-18 16:01:22 SimCov version SimCov version 0.1.1.8024051-dirty-master built on 20230216_082905
2023-02-18 16:01:22 _________________________
2023-02-18 16:01:22 Compiler definitions:
2023-02-18 16:01:22   _XOPEN_SOURCE=700
2023-02-18 16:01:22   CONFIG_USE_COLORS
2023-02-18 16:01:22   USE_BYTELL
2023-02-18 16:01:22   MAX_VIRIONS=125000
2023-02-18 16:01:22   MIN_VIRIONS=1e-10
2023-02-18 16:01:22   BLOCK_PARTITION
2023-02-18 16:01:22   MIN_BLOCKS_PER_PROC=1
2023-02-18 16:01:22   AVERAGE_SUBSAMPLE
2023-02-18 16:01:22 _________________________
2023-02-18 16:01:22 Options:
2023-02-18 16:01:22   dim =                         15000 15000 1
2023-02-18 16:01:22   whole-lung-dim =              48000 40000 20000
2023-02-18 16:01:22   timesteps =                   144005
2023-02-18 16:01:22   infection-coords =            uniform:1
2023-02-18 16:01:22   initial-infection =           999
2023-02-18 16:01:22   incubation-period =           1200
2023-02-18 16:01:22   apoptosis-period =            180
2023-02-18 16:01:22   expressing-period =           900
2023-02-18 16:01:22   infectivity =                 0.1
2023-02-18 16:01:22   infectivity-multiplier =      1.0
2023-02-18 16:01:22   virion-production =           1.1
2023-02-18 16:01:22   virion-production-multiplier = 1.0
2023-02-18 16:01:22   virion-clearance =            0.004
2023-02-18 16:01:22   virion-diffusion =            0.15
2023-02-18 16:01:22   chemokine-production =        1.0
2023-02-18 16:01:22   chemokine-decay =             0.01
2023-02-18 16:01:22   chemokine-diffusion =         1.0
2023-02-18 16:01:22   min-chemokine =               1e-06
2023-02-18 16:01:22   antibody-factor =             1
2023-02-18 16:01:22   antibody-period =             5760
2023-02-18 16:01:22   tcell-generation-rate =       105000
2023-02-18 16:01:22   tcell-initial-delay =         10080
2023-02-18 16:01:22   tcell-vascular-period =       5760
2023-02-18 16:01:22   tcell-tissue-period =         1440
2023-02-18 16:01:22   tcell-binding-period =        10
2023-02-18 16:01:22   max-binding-prob =            1
2023-02-18 16:01:22   tcells-follow-gradient =      false
2023-02-18 16:01:22   seed =                        2
2023-02-18 16:01:22   sample-period =               0
2023-02-18 16:01:22   sample-resolution =           1
2023-02-18 16:01:22   max-block-dim =               10
2023-02-18 16:01:22   output =                      exp_results/per_1200_inf_0.1/init_1000/2
2023-02-18 16:01:22 _________________________
2023-02-18 16:01:22 Starting run with 64 processes on 2 nodes at 02/18/23 16:01:22
2023-02-18 16:01:22 Pinned processes, with process 0 (pid 25592) pinned to core 0
2023-02-18 16:01:22 Using block partitioning
2023-02-18 16:01:22 Initial free memory across all nodes: 151.57GB
2023-02-18 16:01:22 Starting with 76.88GB free on node 0
2023-02-18 16:01:22 Dividing 225000000 grid points into 3515625 squares of size 64 (8^2), with 54932 per process
2023-02-18 16:01:22 Total initial memory required per process is at least 281.63MB with each grid point requiring on average 84 bytes
2023-02-18 16:01:26  --- Elapsed time for tissue.cpp:Tissue:  (exiting barrier) 2023-02-18 16:01:26 ...
2023-02-18 16:01:26           ... (min/my/avg/max, bal) (3.51/3.51/3.51/3.51 s, 1.00) barrier(0.00 s) --- 
2023-02-18 16:01:26 Memory used on node 0 after initialization is  10.91GB
2023-02-18 16:01:26           ... (min/my/avg/max, bal) No-Time barrier(0.00 s) --- 
2023-02-18 16:01:26 Fraction of circulating T cells extravasating is 5.85938e-06
2023-02-18 16:01:26 # datetime                    step    incb       expr       apop       dead       tvas       ttis       chem       virs       chempts    %infct     <%active  lbln>
2023-02-18 16:01:26 [0] <main.cpp:141> WARNING: Time step 0: SUCCESSFUL initial infection at (7500, 7500, 0) after 0 tries
2023-02-18 16:01:26 [02/18/23 16:01:26    0.00s]: 0       1          0          0          0          0          0          0.00e+00   0.00e+00   1.00e+00   0.00       < 0.000 0.016 >
2023-02-18 16:01:27 [02/18/23 16:01:27    1.45s]: 2880    5212       1563       0          1114       0          0          1.69e-05   2.69e+05   2.71e+04   0.00       < 0.012 0.826 >
2023-02-18 16:01:30 [02/18/23 16:01:30    3.10s]: 5760    9638       6745       0          11661      0          0          6.30e-05   1.79e+06   6.14e+04   0.01       < 0.027 0.885 >
2023-02-18 16:01:40 [02/18/23 16:01:40    9.97s]: 8640    16205      9391       0          36104      0          0          9.66e-05   2.49e+06   1.08e+05   0.03       < 0.048 0.930 >
2023-02-18 16:01:49 [02/18/23 16:01:49    8.73s]: 11520   18886      12919      1194       74139      133768053  406        1.39e-04   3.67e+06   1.67e+05   0.05       < 0.074 0.952 >
2023-02-18 16:02:03 [02/18/23 16:02:03   13.36s]: 14400   15353      3982       3494       138230     319073220  1934       1.25e-04   1.60e+06   2.32e+05   0.07       < 0.102 0.968 >
2023-02-18 16:02:21 [02/18/23 16:02:21   17.96s]: 17280   11685      601        3762       201621     431459705  3241       6.25e-05   3.62e+05   2.99e+05   0.10       < 0.125 0.958 >
2023-02-18 16:02:42 [02/18/23 16:02:42   21.35s]: 20160   7556       69         3313       259568     499620968  3974       1.71e-05   5.36e+04   3.55e+05   0.12       < 0.136 0.967 >
2023-02-18 16:03:04 [02/18/23 16:03:04   21.96s]: 23040   3390       9          1526       298603     540961906  2907       4.70e-06   1.17e+04   3.65e+05   0.13       < 0.133 0.950 >
2023-02-18 16:03:24 [02/18/23 16:03:24   19.95s]: 25920   5028       63         1754       322079     566036622  2357       7.90e-06   2.92e+04   3.96e+05   0.15       < 0.123 0.945 >
2023-02-18 16:03:44 [02/18/23 16:03:44   20.26s]: 28800   6205       157        2677       358663     581243193  3583       1.33e-05   4.22e+04   4.56e+05   0.16       < 0.129 0.936 >
2023-02-18 16:04:06 [02/18/23 16:04:06   21.74s]: 31680   2954       7          1557       393588     590466848  2695       2.01e-06   4.92e+03   4.55e+05   0.18       < 0.135 0.955 >
2023-02-18 16:04:25 [02/18/23 16:04:25   19.24s]: 34560   2259       10         1237       413220     596062281  2001       1.92e-06   7.42e+03   4.49e+05   0.19       < 0.116 0.945 >
2023-02-18 16:04:43 [02/18/23 16:04:43   17.54s]: 37440   4958       61         1969       433669     599455487  2417       6.88e-06   2.65e+04   5.05e+05   0.20       < 0.116 0.960 >
2023-02-18 16:05:03 [02/18/23 16:05:03   20.11s]: 40320   3572       40         1602       465062     601512518  3047       7.61e-06   2.66e+04   5.32e+05   0.21       < 0.130 0.951 >
2023-02-18 16:05:25 [02/18/23 16:05:25   22.20s]: 43200   2952       16         1236       491021     602760312  2794       4.52e-06   1.61e+04   5.55e+05   0.22       < 0.143 0.937 >
2023-02-18 16:05:48 [02/18/23 16:05:48   23.55s]: 46080   4359       18         1984       517468     603516747  3229       7.32e-06   3.28e+04   5.88e+05   0.23       < 0.150 0.949 >
2023-02-18 16:06:13 [02/18/23 16:06:13   24.74s]: 48960   2902       6          1597       547634     603975049  3201       2.49e-06   1.09e+04   6.01e+05   0.25       < 0.155 0.941 >
2023-02-18 16:06:42 [02/18/23 16:06:42   28.84s]: 51840   4003       129        1808       571687     604253780  3310       1.07e-05   5.05e+04   6.44e+05   0.26       < 0.152 0.948 >
2023-02-18 16:07:07 [02/18/23 16:07:07   24.65s]: 54720   3551       83         1747       600525     604422217  3139       7.56e-06   4.73e+04   6.69e+05   0.27       < 0.157 0.956 >
2023-02-18 16:07:31 [02/18/23 16:07:31   24.67s]: 57600   7455       78         2441       628293     604524894  3265       1.15e-05   4.78e+04   7.43e+05   0.28       < 0.153 0.951 >
2023-02-18 16:07:58 [02/18/23 16:07:58   26.78s]: 60480   4481       14         2070       673850     604585540  3983       6.55e-06   2.18e+04   7.75e+05   0.30       < 0.172 0.953 >
2023-02-18 16:08:25 [02/18/23 16:08:25   27.33s]: 63360   5357       16         1990       703336     604623449  3132       4.93e-06   1.05e+04   8.02e+05   0.32       < 0.169 0.946 >
2023-02-18 16:08:55 [02/18/23 16:08:55   30.02s]: 66240   6865       108        3338       749296     604644391  4571       1.20e-05   4.55e+04   8.67e+05   0.34       < 0.193 0.939 >
2023-02-18 16:09:32 [02/18/23 16:09:32   36.43s]: 69120   6245       28         2911       803142     604656308  4922       7.25e-06   3.79e+04   9.11e+05   0.36       < 0.220 0.966 >
2023-02-18 16:10:11 [02/18/23 16:10:11   39.63s]: 72000   6129       63         2802       847740     604664474  4521       1.02e-05   4.62e+04   9.53e+05   0.38       < 0.229 0.952 >
2023-02-18 16:10:51 [02/18/23 16:10:51   39.89s]: 74880   4933       17         2472       894758     604668481  5032       5.64e-06   1.96e+04   9.89e+05   0.40       < 0.227 0.941 >
2023-02-18 16:11:30 [02/18/23 16:11:30   38.93s]: 77760   8444       201        3653       934583     604672825  4176       1.42e-05   4.18e+04   1.06e+06   0.42       < 0.229 0.959 >
2023-02-18 16:12:14 [02/18/23 16:12:14   43.98s]: 80640   6544       81         3305       998677     604671498  6213       1.05e-05   4.86e+04   1.10e+06   0.45       < 0.244 0.938 >
2023-02-18 16:12:58 [02/18/23 16:12:58   43.63s]: 83520   7113       89         2602       1035817    604674435  3966       9.16e-06   1.84e+04   1.16e+06   0.46       < 0.241 0.942 >
2023-02-18 16:13:43 [02/18/23 16:13:43   45.24s]: 86400   9084       82         4134       1095984    604672677  6700       1.87e-05   7.13e+04   1.26e+06   0.49       < 0.255 0.966 >
2023-02-18 16:14:33 [02/18/23 16:14:33   50.08s]: 89280   5658       16         2509       1147489    604673233  4905       5.58e-06   2.04e+04   1.26e+06   0.51       < 0.273 0.951 >
2023-02-18 16:15:23 [02/18/23 16:15:23   49.28s]: 92160   8448       111        3487       1193026    604673815  5194       1.19e-05   2.83e+04   1.32e+06   0.54       < 0.269 0.955 >
2023-02-18 16:16:12 [02/18/23 16:16:12   49.92s]: 95040   7307       79         3211       1251152    604673291  5709       1.49e-05   4.67e+04   1.39e+06   0.56       < 0.265 0.970 >
2023-02-18 16:17:06 [02/18/23 16:17:06   53.14s]: 97920   7893       109        3996       1308913    604672458  6039       1.36e-05   4.94e+04   1.46e+06   0.59       < 0.295 0.965 >
2023-02-18 16:18:03 [02/18/23 16:18:03   57.78s]: 100800  7753       98         3311       1368322    604671306  6168       1.08e-05   3.24e+04   1.50e+06   0.61       < 0.309 0.945 >
2023-02-18 16:19:04 [02/18/23 16:19:04   60.47s]: 103680  10845      105        4800       1433019    604670126  7364       1.88e-05   7.43e+04   1.60e+06   0.64       < 0.324 0.969 >
2023-02-18 16:20:04 [02/18/23 16:20:04   60.39s]: 106560  6894       46         2985       1496345    604669658  6252       9.12e-06   2.70e+04   1.63e+06   0.67       < 0.321 0.955 >
2023-02-18 16:21:02 [02/18/23 16:21:02   57.85s]: 109440  9582       79         3665       1543465    604671107  5325       1.03e-05   3.24e+04   1.68e+06   0.69       < 0.304 0.973 >
2023-02-18 16:21:59 [02/18/23 16:21:59   56.44s]: 112320  9835       44         4413       1610492    604670204  6686       1.30e-05   4.66e+04   1.77e+06   0.72       < 0.297 0.963 >
2023-02-18 16:22:55 [02/18/23 16:22:55   56.10s]: 115200  8663       44         3396       1667687    604671092  5238       8.77e-06   3.05e+04   1.81e+06   0.75       < 0.294 0.969 >
2023-02-18 16:23:52 [02/18/23 16:23:52   56.90s]: 118080  10024      57         4605       1734288    604670001  7044       1.82e-05   5.04e+04   1.90e+06   0.78       < 0.299 0.968 >
2023-02-18 16:24:51 [02/18/23 16:24:51   59.20s]: 120960  8126       90         3490       1801903    604669329  6178       1.25e-05   6.83e+04   1.93e+06   0.81       < 0.318 0.962 >
2023-02-18 16:25:50 [02/18/23 16:25:50   59.32s]: 123840  13409      422        5407       1860734    604669793  7089       3.02e-05   1.48e+05   2.07e+06   0.84       < 0.314 0.976 >
2023-02-18 16:26:54 [02/18/23 16:26:54   64.17s]: 126720  8225       16         4336       1953271    604667035  7618       8.16e-06   1.98e+04   2.13e+06   0.87       < 0.337 0.949 >
2023-02-18 16:27:55 [02/18/23 16:27:55   60.36s]: 129600  9321       60         3681       2006910    604669222  5658       1.40e-05   5.51e+04   2.16e+06   0.90       < 0.312 0.953 >
2023-02-18 16:28:55 [02/18/23 16:28:55   60.58s]: 132480  10540      120        4154       2070649    604668471  6998       1.89e-05   7.26e+04   2.26e+06   0.93       < 0.329 0.956 >
2023-02-18 16:30:04 [02/18/23 16:30:04   68.69s]: 135360  10957      168        4873       2149964    604665775  8483       1.76e-05   7.21e+04   2.32e+06   0.96       < 0.371 0.966 >
2023-02-18 16:31:14 [02/18/23 16:31:14   70.00s]: 138240  10456      202        4501       2218885    604665445  7699       2.06e-05   9.63e+04   2.38e+06   0.99       < 0.373 0.962 >
2023-02-18 16:32:24 [02/18/23 16:32:24   70.05s]: 141120  10184      63         4017       2286960    604665959  6991       1.20e-05   3.33e+04   2.47e+06   1.02       < 0.361 0.960 >
2023-02-18 16:33:32 [02/18/23 16:33:32   68.51s]: 144000  11554      110        4845       2359401    604665885  7680       1.82e-05   5.03e+04   2.56e+06   1.06       < 0.358 0.958 >
2023-02-18 16:33:33 [02/18/23 16:33:33    0.10s]: 144004  11581      112        4835       2359516    604665877  7694       1.82e-05   5.03e+04   2.57e+06   1.06       < 0.358 0.958 >
2023-02-18 16:33:33  ---  main.cpp:generate tcells took  avg 0.04 s max 0.05 s balance 0.74  --- 
2023-02-18 16:33:33  ---  main.cpp:update circulating tcells took  avg 53.52 s max 56.85 s balance 0.94  --- 
2023-02-18 16:33:33  ---  main.cpp:update tcells took  avg 97.06 s max 105.77 s balance 0.92  --- 
2023-02-18 16:33:33  ---  main.cpp:update epicells took  avg 64.64 s max 65.97 s balance 0.98  --- 
2023-02-18 16:33:33  ---  main.cpp:update concentrations took  avg 398.18 s max 412.67 s balance 0.96  --- 
2023-02-18 16:33:33  ---  main.cpp:compute updates took  avg 1112.53 s max 1112.66 s balance 1.00  --- 
2023-02-18 16:33:33  ---  main.cpp:dispatch updates took  avg 466.39 s max 497.01 s balance 0.94  --- 
2023-02-18 16:33:33  ---  main.cpp:add new actives took  avg 26.40 s max 27.30 s balance 0.97  --- 
2023-02-18 16:33:33  ---  main.cpp:erase inactive took  avg 216.79 s max 220.60 s balance 0.98  --- 
2023-02-18 16:33:33  ---  main.cpp:sample took  avg 0.00 s max 0.00 s balance -nan  --- 
2023-02-18 16:33:33  ---  main.cpp:sample write took  avg 0.00 s max 0.00 s balance -nan  --- 
2023-02-18 16:33:33  ---  main.cpp:log took  avg 10.79 s max 10.85 s balance 0.99  --- 
2023-02-18 16:33:33 Finished 144005 time steps in 1926.5723 s (0.0134 s per step)
2023-02-18 16:33:33  --- Elapsed time for main.cpp:run_sim:  (exiting barrier) 2023-02-18 16:33:33 ...
2023-02-18 16:33:33           ... (min/my/avg/max, bal) (1926.57/1926.57/1926.57/1926.57 s, 1.00) barrier(0.00 s) --- 
2023-02-18 16:33:33 Peak memory used across all nodes: 22.38GB
2023-02-18 16:33:33 Finished in 1930.66 s at 02/18/23 16:33:33 for SimCov version 0.1.1.8024051-dirty
