2023-02-14 04:40:33 SimCov version SimCov version 0.1.1.9cc77ef-dirty-branching_airways_3min_model built on 20230204_191356
2023-02-14 04:40:33 _________________________
2023-02-14 04:40:33 Compiler definitions:
2023-02-14 04:40:33   _XOPEN_SOURCE=700
2023-02-14 04:40:33   CONFIG_USE_COLORS
2023-02-14 04:40:33   USE_BYTELL
2023-02-14 04:40:33   MAX_VIRIONS=125000
2023-02-14 04:40:33   MIN_VIRIONS=1e-10
2023-02-14 04:40:33   BLOCK_PARTITION
2023-02-14 04:40:33   MIN_BLOCKS_PER_PROC=1
2023-02-14 04:40:33   AVERAGE_SUBSAMPLE
2023-02-14 04:40:33 _________________________
2023-02-14 04:40:33 Options:
2023-02-14 04:40:33   dim =                         15000 15000 1
2023-02-14 04:40:33   whole-lung-dim =              48000 40000 20000
2023-02-14 04:40:33   timesteps =                   216005
2023-02-14 04:40:33   infection-coords =            uniform:1
2023-02-14 04:40:33   initial-infection =           1000
2023-02-14 04:40:33   incubation-period =           1200
2023-02-14 04:40:33   apoptosis-period =            180
2023-02-14 04:40:33   expressing-period =           900
2023-02-14 04:40:33   infectivity =                 0.1
2023-02-14 04:40:33   infectivity-multiplier =      1.0
2023-02-14 04:40:33   virion-production =           1.1
2023-02-14 04:40:33   virion-production-multiplier = 1.0
2023-02-14 04:40:33   virion-clearance =            0.004
2023-02-14 04:40:33   virion-diffusion =            0.15
2023-02-14 04:40:33   chemokine-production =        1.0
2023-02-14 04:40:33   chemokine-decay =             0.01
2023-02-14 04:40:33   chemokine-diffusion =         1.0
2023-02-14 04:40:33   min-chemokine =               1e-06
2023-02-14 04:40:33   antibody-factor =             1
2023-02-14 04:40:33   antibody-period =             5760
2023-02-14 04:40:33   tcell-generation-rate =       105000
2023-02-14 04:40:33   tcell-initial-delay =         10080
2023-02-14 04:40:33   tcell-vascular-period =       5760
2023-02-14 04:40:33   tcell-tissue-period =         1440
2023-02-14 04:40:33   tcell-binding-period =        10
2023-02-14 04:40:33   max-binding-prob =            1
2023-02-14 04:40:33   tcells-follow-gradient =      false
2023-02-14 04:40:33   seed =                        2
2023-02-14 04:40:33   sample-period =               0
2023-02-14 04:40:33   sample-resolution =           1
2023-02-14 04:40:33   max-block-dim =               10
2023-02-14 04:40:33   output =                      exp_results/per_1200_inf_0.1/init_1000/2
2023-02-14 04:40:33 _________________________
2023-02-14 04:40:33 Starting run with 64 processes on 2 nodes at 02/14/23 04:40:33
2023-02-14 04:40:33 Pinned processes, with process 0 (pid 3798479) pinned to core 0
2023-02-14 04:40:33 Using block partitioning
2023-02-14 04:40:33 Initial free memory across all nodes: 152.27GB
2023-02-14 04:40:33 Starting with 76.31GB free on node 0
2023-02-14 04:40:33 Dividing 225000000 grid points into 3515625 squares of size 64 (8^2), with 54932 per process
2023-02-14 04:40:33 Total initial memory required per process is at least 308.46MB with each grid point requiring on average 92 bytes
2023-02-14 04:40:37  --- Elapsed time for tissue.cpp:Tissue:  (exiting barrier) 2023-02-14 04:40:37 ...
2023-02-14 04:40:37           ... (min/my/avg/max, bal) (3.46/3.46/3.46/3.46 s, 1.00) barrier(0.00 s) --- 
2023-02-14 04:40:37 Memory used on node 0 after initialization is  11.73GB
2023-02-14 04:40:37           ... (min/my/avg/max, bal) No-Time barrier(0.00 s) --- 
2023-02-14 04:40:37 Fraction of circulating T cells extravasating is 5.85938e-06
2023-02-14 04:40:37 # datetime                    step    incb       expr       apop       dead       tvas       ttis       inflcell   inflallvirs%infct     <%active  lbln>
2023-02-14 04:40:37 [0] <main.cpp:145> WARNING: Time step 0: SUCCESSFUL initial infection at (7500, 7500, 0) after 0 tries
2023-02-14 04:40:37 [02/14/23 04:40:37    0.00s]: 0       1          0          0          0          0          0          0          0          0.00e+00   0.0000004444< 0.000 0.016 >
2023-02-14 04:40:39 [02/14/23 04:40:39    2.52s]: 4320    8328       3270       0          5509       0          0          44217      44217      9.72e+05   0.0076031111< 0.020 0.838 >
2023-02-14 04:40:46 [02/14/23 04:40:46    7.00s]: 8640    15820      9882       0          36713      0          0          109197     109197     2.56e+06   0.0277400000< 0.049 0.931 >
2023-02-14 04:41:00 [02/14/23 04:41:00   14.35s]: 12960   17691      7904       3071       106876     237943495  1191       201971     201971     2.74e+06   0.0602408889< 0.090 0.953 >
2023-02-14 04:41:26 [02/14/23 04:41:26   25.15s]: 17280   11715      799        3933       203648     431459188  3165       300830     300830     4.33e+05   0.0978200000< 0.125 0.972 >
2023-02-14 04:41:58 [02/14/23 04:41:58   32.35s]: 21600   6259       22         2780       287775     522861117  4108       386491     386491     3.12e+04   0.1319271111< 0.139 0.964 >
2023-02-14 04:42:29 [02/14/23 04:42:29   31.57s]: 25920   5033       199        1726       331461     566036313  2371       447131     447131     4.99e+04   0.1504084444< 0.129 0.951 >
2023-02-14 04:43:01 [02/14/23 04:43:01   31.44s]: 30240   4305       124        1961       387744     586427878  3287       528563     528563     7.50e+04   0.1751706667< 0.141 0.930 >
2023-02-14 04:43:35 [02/14/23 04:43:35   33.68s]: 34560   3302       44         1352       429481     596060493  2685       580814     580814     1.54e+04   0.1929684444< 0.144 0.951 >
2023-02-14 04:44:09 [02/14/23 04:44:09   34.76s]: 38880   4356       51         2446       481118     600609427  3444       655826     655826     2.41e+04   0.2168760000< 0.152 0.970 >
2023-02-14 04:44:48 [02/14/23 04:44:48   38.18s]: 43200   3348       100        1313       534446     602758111  2744       725883     725883     2.10e+04   0.2396475556< 0.167 0.940 >
2023-02-14 04:45:28 [02/14/23 04:45:28   40.89s]: 47520   6864       39         3401       598438     603771374  4666       822030     822030     5.88e+04   0.2705520000< 0.165 0.943 >
2023-02-14 04:46:12 [02/14/23 04:46:12   43.54s]: 51840   4679       31         2242       655857     604250673  3769       899891     899891     3.19e+04   0.2945817778< 0.186 0.945 >
2023-02-14 04:46:57 [02/14/23 04:46:57   45.13s]: 56160   6222       42         2490       707525     604477039  4084       962495     962495     2.72e+04   0.3183462222< 0.188 0.955 >
2023-02-14 04:47:47 [02/14/23 04:47:47   49.50s]: 60480   5255       92         2309       766415     604583500  3952       1040326    1040326    2.77e+04   0.3440315556< 0.200 0.960 >
2023-02-14 04:48:41 [02/14/23 04:48:41   54.51s]: 64800   4663       18         2122       828970     604633050  4169       1127819    1127819    3.43e+04   0.3714546667< 0.219 0.944 >
2023-02-14 04:49:36 [02/14/23 04:49:36   54.51s]: 69120   3785       67         2053       885321     604657074  4165       1207968    1207968    4.21e+04   0.3961004444< 0.196 0.915 >
2023-02-14 04:50:25 [02/14/23 04:50:25   49.69s]: 73440   6445       113        2813       933294     604669188  4139       1290184    1290184    5.08e+04   0.4189622222< 0.194 0.921 >
2023-02-14 04:51:21 [02/14/23 04:51:21   55.57s]: 77760   6005       28         2710       1005613    604672728  4620       1409965    1409965    2.92e+04   0.4508248889< 0.218 0.949 >
2023-02-14 04:52:21 [02/14/23 04:52:21   60.59s]: 82080   8394       142        3147       1071790    604674818  4493       1512603    1512603    8.40e+04   0.4815435556< 0.223 0.946 >
2023-02-14 04:53:22 [02/14/23 04:53:22   60.15s]: 86400   5414       46         2371       1145941    604675437  4734       1596872    1596872    1.76e+04   0.5127875556< 0.221 0.946 >
2023-02-14 04:54:24 [02/14/23 04:54:24   62.46s]: 90720   6933       65         3095       1218612    604675308  5210       1695413    1695413    4.42e+04   0.5460911111< 0.243 0.952 >
2023-02-14 04:55:32 [02/14/23 04:55:32   67.63s]: 95040   8271       149        3685       1293197    604674530  5624       1804939    1804939    1.08e+05   0.5801342222< 0.265 0.963 >
2023-02-14 04:56:53 [02/14/23 04:56:53   81.06s]: 99360   6910       38         3241       1381918    604671818  6443       1914601    1914601    2.86e+04   0.6187142222< 0.309 0.950 >
2023-02-14 04:58:20 [02/14/23 04:58:20   87.27s]: 103680  6629       56         3364       1471007    604671608  5857       2032266    2032266    5.06e+04   0.6582471111< 0.291 0.957 >
2023-02-14 04:59:43 [02/14/23 04:59:43   83.13s]: 108000  9961       89         4730       1568578    604669832  7196       2166270    2166270    5.53e+04   0.7037146667< 0.302 0.950 >
2023-02-14 05:01:17 [02/14/23 05:01:17   94.06s]: 112320  10462      162        4622       1678770    604667893  7418       2294791    2294791    6.99e+04   0.7528960000< 0.345 0.962 >
2023-02-14 05:03:00 [02/14/23 05:03:00  103.13s]: 116640  11330      128        4598       1781832    604666612  7370       2417162    2417162    9.14e+04   0.7990613333< 0.372 0.949 >
2023-02-14 05:04:50 [02/14/23 05:04:50  109.38s]: 120960  9117       182        4318       1897826    604664538  8351       2555889    2555889    6.23e+04   0.8495302222< 0.383 0.957 >
2023-02-14 05:06:41 [02/14/23 05:06:41  110.78s]: 125280  11364      279        5387       2010509    604663816  8983       2698814    2698814    9.40e+04   0.9011284444< 0.371 0.971 >
2023-02-14 05:08:39 [02/14/23 05:08:39  118.94s]: 129600  11551      154        5284       2133233    604661492  9113       2869440    2869440    9.33e+04   0.9556542222< 0.424 0.971 >
2023-02-14 05:10:41 [02/14/23 05:10:41  121.79s]: 133920  10798      139        4444       2242130    604663197  7269       3015459    3015459    9.47e+04   1.0033382222< 0.402 0.968 >
2023-02-14 05:12:39 [02/14/23 05:12:39  118.11s]: 138240  12236      137        5194       2364285    604662468  8266       3169962    3169962    5.31e+04   1.0586008889< 0.400 0.959 >
2023-02-14 05:14:50 [02/14/23 05:14:50  130.42s]: 142560  13683      145        6131       2514707    604658428  10563      3359424    3359424    9.15e+04   1.1265182222< 0.452 0.972 >
2023-02-14 05:17:07 [02/14/23 05:17:07  137.37s]: 146880  15449      155        6058       2640453    604658315  9337       3518296    3518296    7.27e+04   1.1831622222< 0.460 0.963 >
2023-02-14 05:19:33 [02/14/23 05:19:33  146.03s]: 151200  13592      89         6490       2803138    604654713  10756      3725113    3725113    5.79e+04   1.2548040000< 0.497 0.974 >
2023-02-14 05:22:03 [02/14/23 05:22:03  150.09s]: 155520  16416      306        6937       2957407    604654084  10494      3915834    3915834    1.42e+05   1.3249182222< 0.501 0.966 >
2023-02-14 05:24:51 [02/14/23 05:24:51  167.66s]: 159840  15882      386        6890       3136726    604649649  11968      4134611    4134611    1.42e+05   1.4043928889< 0.577 0.978 >
2023-02-14 05:27:45 [02/14/23 05:27:45  173.68s]: 164160  11339      149        5135       3285591    604651812  9584       4289552    4289552    8.84e+04   1.4676506667< 0.522 0.965 >
2023-02-14 05:30:21 [02/14/23 05:30:21  156.77s]: 168480  16851      351        6569       3420288    604654067  10318      4464503    4464503    1.73e+05   1.5306928889< 0.499 0.978 >
2023-02-14 05:33:03 [02/14/23 05:33:03  161.95s]: 172800  13120      89         5655       3586417    604653017  9870       4660595    4660595    7.13e+04   1.6023471111< 0.525 0.969 >
2023-02-14 05:35:51 [02/14/23 05:35:51  167.60s]: 177120  13517      77         6994       3747030    604651162  12404      4879361    4879361    5.23e+04   1.6744968889< 0.548 0.968 >
2023-02-14 05:38:44 [02/14/23 05:38:44  173.54s]: 181440  16224      152        6940       3896658    604651534  10961      5075281    5075281    1.13e+05   1.7422106667< 0.536 0.967 >
2023-02-14 05:41:37 [02/14/23 05:41:37  172.38s]: 185760  19281      377        7336       4047970    604652030  10866      5253279    5253279    1.17e+05   1.8110951111< 0.562 0.971 >
2023-02-14 05:44:50 [02/14/23 05:44:50  193.57s]: 190080  15457      191        7322       4251875    604646405  12405      5476690    5476690    9.46e+04   1.8999311111< 0.635 0.979 >
2023-02-14 05:48:15 [02/14/23 05:48:15  204.81s]: 194400  14181      97         6003       4433878    604645025  11859      5680882    5680882    5.24e+04   1.9796262222< 0.626 0.981 >
2023-02-14 05:51:35 [02/14/23 05:51:35  199.98s]: 198720  22617      437        8667       4601080    604644660  14106      5887605    5887605    2.32e+05   2.0590226667< 0.649 0.974 >
2023-02-14 05:55:11 [02/14/23 05:55:11  215.89s]: 203040  12706      50         5486       4798632    604643360  10386      6090450    6090450    5.09e+04   2.1408328889< 0.661 0.975 >
2023-02-14 05:58:24 [02/14/23 05:58:24  193.03s]: 207360  18024      216        7976       4961944    604645664  12715      6308265    6308265    1.37e+05   2.2169600000< 0.595 0.982 >
2023-02-14 06:01:44 [02/14/23 06:01:44  199.36s]: 211680  19415      222        8225       5139815    604644191  13130      6523113    6523113    7.24e+04   2.2967453333< 0.632 0.969 >
2023-02-14 06:05:17 [02/14/23 06:05:17  213.33s]: 216000  13889      81         6595       5352824    604641040  13118      6745907    6745907    5.78e+04   2.3881728889< 0.668 0.972 >
2023-02-14 06:05:17 [02/14/23 06:05:17    0.20s]: 216004  13881      80         6594       5352968    604641046  13106      6745986    6745986    5.76e+04   2.3882324444< 0.668 0.972 >
2023-02-14 06:05:17  ---  main.cpp:generate tcells took  avg 0.06 s max 0.09 s balance 0.70  --- 
2023-02-14 06:05:17  ---  main.cpp:update circulating tcells took  avg 82.72 s max 86.75 s balance 0.95  --- 
2023-02-14 06:05:17  ---  main.cpp:update tcells took  avg 239.63 s max 263.70 s balance 0.91  --- 
2023-02-14 06:05:17  ---  main.cpp:update epicells took  avg 151.59 s max 154.52 s balance 0.98  --- 
2023-02-14 06:05:17  ---  main.cpp:update concentrations took  avg 1127.96 s max 1156.23 s balance 0.98  --- 
2023-02-14 06:05:17  ---  main.cpp:compute updates took  avg 2899.04 s max 2899.10 s balance 1.00  --- 
2023-02-14 06:05:17  ---  main.cpp:dispatch updates took  avg 1230.79 s max 1360.12 s balance 0.90  --- 
2023-02-14 06:05:17  ---  main.cpp:add new actives took  avg 67.87 s max 69.24 s balance 0.98  --- 
2023-02-14 06:05:17  ---  main.cpp:erase inactive took  avg 575.44 s max 635.75 s balance 0.91  --- 
2023-02-14 06:05:17  ---  main.cpp:sample took  avg 0.00 s max 0.00 s balance -nan  --- 
2023-02-14 06:05:17  ---  main.cpp:sample write took  avg 0.00 s max 0.00 s balance -nan  --- 
2023-02-14 06:05:17  ---  main.cpp:log took  avg 17.04 s max 17.17 s balance 0.99  --- 
2023-02-14 06:05:17 Finished 216005 time steps in 5080.4880 s (0.0235 s per step)
2023-02-14 06:05:17  --- Elapsed time for main.cpp:run_sim:  (exiting barrier) 2023-02-14 06:05:17 ...
2023-02-14 06:05:17           ... (min/my/avg/max, bal) (5080.49/5080.49/5080.49/5080.49 s, 1.00) barrier(0.00 s) --- 
2023-02-14 06:05:17 Peak memory used across all nodes: 24.61GB
2023-02-14 06:05:17 Finished in 5084.00 s at 02/14/23 06:05:17 for SimCov version 0.1.1.9cc77ef-dirty
