2023-02-15 19:47:16 SimCov version SimCov version 0.1.1.8024051-dirty-master built on 20230202_132828
2023-02-15 19:47:16 _________________________
2023-02-15 19:47:16 Compiler definitions:
2023-02-15 19:47:16   _XOPEN_SOURCE=700
2023-02-15 19:47:16   CONFIG_USE_COLORS
2023-02-15 19:47:16   USE_BYTELL
2023-02-15 19:47:16   MAX_VIRIONS=125000
2023-02-15 19:47:16   MIN_VIRIONS=1e-10
2023-02-15 19:47:16   BLOCK_PARTITION
2023-02-15 19:47:16   MIN_BLOCKS_PER_PROC=1
2023-02-15 19:47:16   AVERAGE_SUBSAMPLE
2023-02-15 19:47:16 _________________________
2023-02-15 19:47:16 Options:
2023-02-15 19:47:16   dim =                         15000 15000 1
2023-02-15 19:47:16   whole-lung-dim =              48000 40000 20000
2023-02-15 19:47:16   timesteps =                   144005
2023-02-15 19:47:16   infection-coords =            uniform:1
2023-02-15 19:47:16   initial-infection =           999
2023-02-15 19:47:16   incubation-period =           600
2023-02-15 19:47:16   apoptosis-period =            180
2023-02-15 19:47:16   expressing-period =           900
2023-02-15 19:47:16   infectivity =                 0.01
2023-02-15 19:47:16   infectivity-multiplier =      1.0
2023-02-15 19:47:16   virion-production =           1.1
2023-02-15 19:47:16   virion-production-multiplier = 1.0
2023-02-15 19:47:16   virion-clearance =            0.004
2023-02-15 19:47:16   virion-diffusion =            0.15
2023-02-15 19:47:16   chemokine-production =        1.0
2023-02-15 19:47:16   chemokine-decay =             0.01
2023-02-15 19:47:16   chemokine-diffusion =         1.0
2023-02-15 19:47:16   min-chemokine =               1e-06
2023-02-15 19:47:16   antibody-factor =             1
2023-02-15 19:47:16   antibody-period =             5760
2023-02-15 19:47:16   tcell-generation-rate =       105000
2023-02-15 19:47:16   tcell-initial-delay =         10080
2023-02-15 19:47:16   tcell-vascular-period =       5760
2023-02-15 19:47:16   tcell-tissue-period =         1440
2023-02-15 19:47:16   tcell-binding-period =        10
2023-02-15 19:47:16   max-binding-prob =            1
2023-02-15 19:47:16   tcells-follow-gradient =      false
2023-02-15 19:47:16   seed =                        4
2023-02-15 19:47:16   sample-period =               0
2023-02-15 19:47:16   sample-resolution =           1
2023-02-15 19:47:16   max-block-dim =               10
2023-02-15 19:47:16   output =                      exp_results/per_600_inf_0.01/init_1001/4
2023-02-15 19:47:16 _________________________
2023-02-15 19:47:16 Starting run with 64 processes on 2 nodes at 02/15/23 19:47:16
2023-02-15 19:47:16 Pinned processes, with process 0 (pid 2232662) pinned to core 0
2023-02-15 19:47:16 Using block partitioning
2023-02-15 19:47:16 Initial free memory across all nodes: 152.04GB
2023-02-15 19:47:16 Starting with 75.81GB free on node 0
2023-02-15 19:47:16 Dividing 225000000 grid points into 3515625 squares of size 64 (8^2), with 54932 per process
2023-02-15 19:47:16 Total initial memory required per process is at least 281.63MB with each grid point requiring on average 84 bytes
2023-02-15 19:47:19  --- Elapsed time for tissue.cpp:Tissue:  (exiting barrier) 2023-02-15 19:47:19 ...
2023-02-15 19:47:19           ... (min/my/avg/max, bal) (3.48/3.48/3.48/3.48 s, 1.00) barrier(0.00 s) --- 
2023-02-15 19:47:19 Memory used on node 0 after initialization is  10.90GB
2023-02-15 19:47:19           ... (min/my/avg/max, bal) No-Time barrier(0.00 s) --- 
2023-02-15 19:47:19 Fraction of circulating T cells extravasating is 5.85938e-06
2023-02-15 19:47:19 # datetime                    step    incb       expr       apop       dead       tvas       ttis       chem       virs       chempts    %infct     <%active  lbln>
2023-02-15 19:47:19 [0] <main.cpp:141> WARNING: Time step 0: SUCCESSFUL initial infection at (7500, 7500, 0) after 0 tries
2023-02-15 19:47:19 [02/15/23 19:47:19    0.00s]: 0       1          0          0          0          0          0          0.00e+00   0.00e+00   1.00e+00   0.00       < 0.000 0.016 >
2023-02-15 19:47:21 [02/15/23 19:47:21    1.52s]: 2880    3461       3717       0          2652       0          0          3.25e-05   8.88e+05   3.49e+04   0.00       < 0.015 0.851 >
2023-02-15 19:47:24 [02/15/23 19:47:24    3.77s]: 5760    7858       9859       0          21426      0          0          8.57e-05   2.56e+06   8.24e+04   0.02       < 0.037 0.915 >
2023-02-15 19:47:31 [02/15/23 19:47:31    7.08s]: 8640    11778      16348      0          60218      0          0          1.41e-04   4.31e+06   1.50e+05   0.04       < 0.066 0.955 >
2023-02-15 19:47:43 [02/15/23 19:47:43   11.61s]: 11520   15170      21003      1256       120679     133767621  453        1.96e-04   5.91e+06   2.38e+05   0.07       < 0.106 0.977 >
2023-02-15 19:48:02 [02/15/23 19:48:02   18.98s]: 14400   14304      9435       4734       211385     319072191  2521       2.00e-04   3.36e+06   3.36e+05   0.11       < 0.144 0.978 >
2023-02-15 19:48:29 [02/15/23 19:48:29   26.52s]: 17280   14347      5382       6122       306169     431457436  4219       1.92e-04   2.27e+06   4.45e+05   0.15       < 0.177 0.964 >
2023-02-15 19:49:02 [02/15/23 19:49:02   33.02s]: 20160   14082      2961       6476       409502     499616711  5878       1.68e-04   1.35e+06   5.61e+05   0.19       < 0.203 0.968 >
2023-02-15 19:49:41 [02/15/23 19:49:41   38.95s]: 23040   14422      2516       7314       518780     540953761  6840       1.68e-04   1.23e+06   6.86e+05   0.24       < 0.226 0.961 >
2023-02-15 19:50:25 [02/15/23 19:50:25   44.63s]: 25920   15468      1771       7393       636672     566023298  8149       1.59e-04   8.96e+05   8.18e+05   0.29       < 0.247 0.977 >
2023-02-15 19:51:16 [02/15/23 19:51:16   50.70s]: 28800   15287      1780       8159       763405     581226498  8981       1.61e-04   8.77e+05   9.60e+05   0.35       < 0.269 0.961 >
2023-02-15 19:52:13 [02/15/23 19:52:13   57.35s]: 31680   15880      1408       8385       896232     590445736  9835       1.57e-04   7.47e+05   1.11e+06   0.41       < 0.289 0.973 >
2023-02-15 19:53:13 [02/15/23 19:53:13   60.13s]: 34560   16664      1577       8724       1035838    596035815  10536      1.52e-04   7.11e+05   1.26e+06   0.47       < 0.310 0.972 >
2023-02-15 19:54:19 [02/15/23 19:54:19   65.22s]: 37440   17849      1671       10107      1189183    599425093  11794      1.78e-04   8.85e+05   1.43e+06   0.54       < 0.331 0.977 >
2023-02-15 19:55:29 [02/15/23 19:55:29   70.37s]: 40320   18851      1434       10383      1351408    601479326  12426      1.76e-04   7.73e+05   1.61e+06   0.61       < 0.358 0.973 >
2023-02-15 19:56:45 [02/15/23 19:56:45   76.10s]: 43200   19580      1680       10808      1523176    602723819  13549      1.88e-04   8.86e+05   1.79e+06   0.69       < 0.380 0.978 >
2023-02-15 19:58:07 [02/15/23 19:58:07   82.38s]: 46080   20478      1562       11750      1705127    603477470  14448      2.03e-04   9.29e+05   1.99e+06   0.77       < 0.403 0.978 >
2023-02-15 19:59:36 [02/15/23 19:59:36   88.53s]: 48960   20704      1536       11825      1892227    603933207  15072      1.98e-04   8.65e+05   2.20e+06   0.86       < 0.426 0.983 >
2023-02-15 20:01:11 [02/15/23 20:01:11   95.22s]: 51840   23711      1899       12932      2088765    604208724  15637      2.24e-04   9.96e+05   2.41e+06   0.95       < 0.444 0.973 >
2023-02-15 20:02:58 [02/15/23 20:02:58  106.72s]: 54720   25036      2324       14058      2303967    604374239  16634      2.52e-04   1.21e+06   2.64e+06   1.04       < 0.474 0.973 >
2023-02-15 20:04:46 [02/15/23 20:04:46  107.79s]: 57600   24581      1893       14259      2529276    604473158  17429      2.35e-04   1.09e+06   2.88e+06   1.14       < 0.501 0.982 >
2023-02-15 20:06:46 [02/15/23 20:06:46  120.55s]: 60480   27158      2091       14842      2758514    604532289  18189      2.53e-04   1.13e+06   3.13e+06   1.25       < 0.526 0.979 >
2023-02-15 20:08:45 [02/15/23 20:08:45  118.77s]: 63360   27989      2193       15640      3006223    604566227  19332      2.68e-04   1.24e+06   3.39e+06   1.36       < 0.549 0.985 >
2023-02-15 20:10:49 [02/15/23 20:10:49  124.26s]: 66240   28802      2499       16021      3262583    604585536  20169      2.78e-04   1.31e+06   3.66e+06   1.47       < 0.572 0.981 >
2023-02-15 20:13:03 [02/15/23 20:13:03  133.85s]: 69120   29632      2394       16452      3524146    604596140  20807      2.81e-04   1.29e+06   3.94e+06   1.59       < 0.595 0.978 >
2023-02-15 20:15:23 [02/15/23 20:15:23  139.57s]: 72000   31419      2809       17481      3796640    604601652  21604      3.06e-04   1.50e+06   4.23e+06   1.71       < 0.621 0.981 >
2023-02-15 20:17:47 [02/15/23 20:17:47  144.83s]: 74880   32888      2553       18649      4083064    604603259  22614      3.19e-04   1.49e+06   4.53e+06   1.84       < 0.644 0.983 >
2023-02-15 20:20:20 [02/15/23 20:20:20  152.81s]: 77760   33896      2801       18680      4383121    604602394  23686      3.22e-04   1.47e+06   4.84e+06   1.97       < 0.670 0.981 >
2023-02-15 20:22:59 [02/15/23 20:22:59  158.27s]: 80640   35105      3083       19594      4688437    604601436  23971      3.49e-04   1.65e+06   5.16e+06   2.11       < 0.697 0.990 >
2023-02-15 20:25:43 [02/15/23 20:25:43  164.88s]: 83520   35579      2482       19442      5004909    604598759  24918      3.23e-04   1.38e+06   5.49e+06   2.25       < 0.716 0.982 >
2023-02-15 20:28:33 [02/15/23 20:28:33  169.35s]: 86400   37224      3105       21028      5331550    604596420  25748      3.58e-04   1.63e+06   5.84e+06   2.40       < 0.737 0.982 >
2023-02-15 20:31:29 [02/15/23 20:31:29  175.87s]: 89280   38642      2801       21700      5669051    604593435  26819      3.67e-04   1.63e+06   6.19e+06   2.55       < 0.761 0.985 >
2023-02-15 20:34:31 [02/15/23 20:34:31  182.74s]: 92160   40323      3413       22453      6016273    604590857  27107      3.96e-04   1.83e+06   6.55e+06   2.70       < 0.783 0.985 >
2023-02-15 20:37:41 [02/15/23 20:37:41  189.90s]: 95040   40576      3284       22571      6376346    604588234  27984      3.97e-04   1.80e+06   6.93e+06   2.86       < 0.806 0.983 >
2023-02-15 20:40:59 [02/15/23 20:40:59  197.75s]: 97920   43465      3782       23987      6745121    604585024  29010      4.23e-04   1.97e+06   7.31e+06   3.03       < 0.832 0.982 >
2023-02-15 20:44:25 [02/15/23 20:44:25  206.22s]: 100800  42563      3638       24818      7131715    604581332  29881      4.24e-04   1.97e+06   7.71e+06   3.20       < 0.857 0.988 >
2023-02-15 20:47:59 [02/15/23 20:47:59  213.46s]: 103680  45861      3789       24834      7518867    604578436  30643      4.41e-04   2.03e+06   8.12e+06   3.37       < 0.883 0.987 >
2023-02-15 20:51:40 [02/15/23 20:51:40  221.11s]: 106560  45495      3440       24917      7919378    604575162  31212      4.27e-04   1.87e+06   8.53e+06   3.55       < 0.899 0.978 >
2023-02-15 20:55:25 [02/15/23 20:55:25  224.98s]: 109440  46303      3911       26057      8328417    604572056  32066      4.47e-04   2.12e+06   8.96e+06   3.74       < 0.926 0.988 >
2023-02-15 20:59:15 [02/15/23 20:59:15  230.37s]: 112320  47106      3772       26652      8747396    604568830  32924      4.51e-04   2.08e+06   9.39e+06   3.92       < 0.948 0.985 >
2023-02-15 21:03:12 [02/15/23 21:03:12  237.04s]: 115200  48469      4024       27255      9177674    604565949  33366      4.66e-04   2.18e+06   9.84e+06   4.11       < 0.972 0.981 >
2023-02-15 21:07:17 [02/15/23 21:07:17  244.66s]: 118080  49757      3871       28098      9622134    604562218  35101      4.83e-04   2.09e+06   1.03e+07   4.31       < 0.996 0.988 >
2023-02-15 21:11:28 [02/15/23 21:11:28  250.67s]: 120960  50946      4101       28330      10072411   604559037  35491      4.84e-04   2.20e+06   1.08e+07   4.51       < 1.025 0.986 >
2023-02-15 21:15:45 [02/15/23 21:15:45  257.69s]: 123840  52583      4325       29190      10537733   604555553  36627      5.02e-04   2.26e+06   1.12e+07   4.72       < 1.043 0.990 >
2023-02-15 21:20:08 [02/15/23 21:20:08  263.13s]: 126720  51896      4421       30061      11008147   604552301  37119      5.12e-04   2.39e+06   1.17e+07   4.93       < 1.070 0.989 >
2023-02-15 21:24:37 [02/15/23 21:24:37  268.86s]: 129600  54967      4377       30305      11486084   604549407  37576      5.28e-04   2.42e+06   1.22e+07   5.14       < 1.093 0.986 >
2023-02-15 21:29:13 [02/15/23 21:29:13  275.75s]: 132480  55182      4586       30873      11977846   604545917  38756      5.20e-04   2.40e+06   1.27e+07   5.36       < 1.116 0.990 >
2023-02-15 21:33:59 [02/15/23 21:33:59  285.65s]: 135360  57316      4615       32323      12483189   604542760  39592      5.60e-04   2.51e+06   1.33e+07   5.59       < 1.144 0.985 >
2023-02-15 21:38:55 [02/15/23 21:38:55  296.06s]: 138240  58228      4493       32495      13001485   604538936  40878      5.47e-04   2.51e+06   1.38e+07   5.82       < 1.173 0.987 >
2023-02-15 21:44:09 [02/15/23 21:44:09  313.91s]: 141120  57485      4662       31907      13518615   604535751  41145      5.42e-04   2.48e+06   1.43e+07   6.05       < 1.193 0.985 >
2023-02-15 21:49:17 [02/15/23 21:49:17  308.31s]: 144000  59236      5047       33671      14047836   604532227  42337      5.79e-04   2.72e+06   1.49e+07   6.29       < 1.213 0.983 >
2023-02-15 21:49:17 [02/15/23 21:49:17    0.43s]: 144004  59197      5047       33705      14048585   604532210  42349      5.79e-04   2.72e+06   1.49e+07   6.29       < 1.213 0.983 >
2023-02-15 21:49:17  ---  main.cpp:generate tcells took  avg 0.05 s max 0.08 s balance 0.67  --- 
2023-02-15 21:49:17  ---  main.cpp:update circulating tcells took  avg 54.62 s max 57.38 s balance 0.95  --- 
2023-02-15 21:49:17  ---  main.cpp:update tcells took  avg 503.69 s max 542.29 s balance 0.93  --- 
2023-02-15 21:49:17  ---  main.cpp:update epicells took  avg 167.49 s max 171.89 s balance 0.97  --- 
2023-02-15 21:49:17  ---  main.cpp:update concentrations took  avg 1842.92 s max 1885.44 s balance 0.98  --- 
2023-02-15 21:49:17  ---  main.cpp:compute updates took  avg 4252.75 s max 4252.85 s balance 1.00  --- 
2023-02-15 21:49:17  ---  main.cpp:dispatch updates took  avg 1905.99 s max 2082.01 s balance 0.92  --- 
2023-02-15 21:49:17  ---  main.cpp:add new actives took  avg 86.86 s max 88.79 s balance 0.98  --- 
2023-02-15 21:49:17  ---  main.cpp:erase inactive took  avg 743.43 s max 760.97 s balance 0.98  --- 
2023-02-15 21:49:17  ---  main.cpp:sample took  avg 0.00 s max 0.00 s balance -nan  --- 
2023-02-15 21:49:17  ---  main.cpp:sample write took  avg 0.00 s max 0.00 s balance -nan  --- 
2023-02-15 21:49:17  ---  main.cpp:log took  avg 12.80 s max 12.88 s balance 0.99  --- 
2023-02-15 21:49:17 Finished 144005 time steps in 7318.3134 s (0.0508 s per step)
2023-02-15 21:49:17  --- Elapsed time for main.cpp:run_sim:  (exiting barrier) 2023-02-15 21:49:17 ...
2023-02-15 21:49:17           ... (min/my/avg/max, bal) (7318.31/7318.31/7318.31/7318.31 s, 1.00) barrier(0.00 s) --- 
2023-02-15 21:49:18 Peak memory used across all nodes: 24.06GB
2023-02-15 21:49:18 Finished in 7322.22 s at 02/15/23 21:49:18 for SimCov version 0.1.1.8024051-dirty
