2023-02-16 14:58:17 SimCov version SimCov version 0.1.1.8024051-dirty-master built on 20230216_082905
2023-02-16 14:58:17 _________________________
2023-02-16 14:58:17 Compiler definitions:
2023-02-16 14:58:17   _XOPEN_SOURCE=700
2023-02-16 14:58:17   CONFIG_USE_COLORS
2023-02-16 14:58:17   USE_BYTELL
2023-02-16 14:58:17   MAX_VIRIONS=125000
2023-02-16 14:58:17   MIN_VIRIONS=1e-10
2023-02-16 14:58:17   BLOCK_PARTITION
2023-02-16 14:58:17   MIN_BLOCKS_PER_PROC=1
2023-02-16 14:58:17   AVERAGE_SUBSAMPLE
2023-02-16 14:58:17 _________________________
2023-02-16 14:58:17 Options:
2023-02-16 14:58:17   dim =                         15000 15000 1
2023-02-16 14:58:17   whole-lung-dim =              48000 40000 20000
2023-02-16 14:58:17   timesteps =                   144005
2023-02-16 14:58:17   infection-coords =            uniform:1
2023-02-16 14:58:17   initial-infection =           999
2023-02-16 14:58:17   incubation-period =           1200
2023-02-16 14:58:17   apoptosis-period =            180
2023-02-16 14:58:17   expressing-period =           900
2023-02-16 14:58:17   infectivity =                 0.1
2023-02-16 14:58:17   infectivity-multiplier =      1.0
2023-02-16 14:58:17   virion-production =           1.1
2023-02-16 14:58:17   virion-production-multiplier = 1.0
2023-02-16 14:58:17   virion-clearance =            0.004
2023-02-16 14:58:17   virion-diffusion =            0.15
2023-02-16 14:58:17   chemokine-production =        1.0
2023-02-16 14:58:17   chemokine-decay =             0.01
2023-02-16 14:58:17   chemokine-diffusion =         1.0
2023-02-16 14:58:17   min-chemokine =               1e-06
2023-02-16 14:58:17   antibody-factor =             1
2023-02-16 14:58:17   antibody-period =             5760
2023-02-16 14:58:17   tcell-generation-rate =       105000
2023-02-16 14:58:17   tcell-initial-delay =         10080
2023-02-16 14:58:17   tcell-vascular-period =       5760
2023-02-16 14:58:17   tcell-tissue-period =         1440
2023-02-16 14:58:17   tcell-binding-period =        10
2023-02-16 14:58:17   max-binding-prob =            1
2023-02-16 14:58:17   tcells-follow-gradient =      false
2023-02-16 14:58:17   seed =                        10
2023-02-16 14:58:17   sample-period =               0
2023-02-16 14:58:17   sample-resolution =           1
2023-02-16 14:58:17   max-block-dim =               10
2023-02-16 14:58:17   output =                      exp_results/per_1200_inf_0.1/init_999/10
2023-02-16 14:58:17 _________________________
2023-02-16 14:58:17 Starting run with 64 processes on 2 nodes at 02/16/23 14:58:17
2023-02-16 14:58:17 Pinned processes, with process 0 (pid 3868038) pinned to core 0
2023-02-16 14:58:17 Using block partitioning
2023-02-16 14:58:17 Initial free memory across all nodes: 151.86GB
2023-02-16 14:58:17 Starting with 76.21GB free on node 0
2023-02-16 14:58:17 Dividing 225000000 grid points into 3515625 squares of size 64 (8^2), with 54932 per process
2023-02-16 14:58:17 Total initial memory required per process is at least 281.63MB with each grid point requiring on average 84 bytes
2023-02-16 14:58:20  --- Elapsed time for tissue.cpp:Tissue:  (exiting barrier) 2023-02-16 14:58:20 ...
2023-02-16 14:58:20           ... (min/my/avg/max, bal) (3.61/3.61/3.61/3.61 s, 1.00) barrier(0.00 s) --- 
2023-02-16 14:58:20 Memory used on node 0 after initialization is  10.90GB
2023-02-16 14:58:20           ... (min/my/avg/max, bal) No-Time barrier(0.00 s) --- 
2023-02-16 14:58:20 Fraction of circulating T cells extravasating is 5.85938e-06
2023-02-16 14:58:20 # datetime                    step    incb       expr       apop       dead       tvas       ttis       chem       virs       chempts    %infct     <%active  lbln>
2023-02-16 14:58:20 [0] <main.cpp:141> WARNING: Time step 0: SUCCESSFUL initial infection at (7500, 7500, 0) after 0 tries
2023-02-16 14:58:20 [02/16/23 14:58:20    0.00s]: 0       1          0          0          0          0          0          0.00e+00   0.00e+00   1.00e+00   0.00       < 0.000 0.016 >
2023-02-16 14:58:22 [02/16/23 14:58:22    1.30s]: 2880    5179       1666       0          1134       0          0          1.73e-05   2.64e+05   2.66e+04   0.00       < 0.012 0.813 >
2023-02-16 14:58:25 [02/16/23 14:58:25    3.09s]: 5760    9826       6835       0          12239      0          0          6.50e-05   1.86e+06   6.28e+04   0.01       < 0.028 0.902 >
2023-02-16 14:58:30 [02/16/23 14:58:30    5.38s]: 8640    16711      9151       0          37553      0          0          9.68e-05   2.47e+06   1.11e+05   0.03       < 0.049 0.919 >
2023-02-16 14:58:39 [02/16/23 14:58:39    8.77s]: 11520   19596      13687      1018       75679      133767791  392        1.41e-04   3.80e+06   1.71e+05   0.05       < 0.076 0.948 >
2023-02-16 14:58:52 [02/16/23 14:58:52   13.21s]: 14400   14937      4244       3915       141272     319073129  1995       1.29e-04   1.68e+06   2.36e+05   0.07       < 0.104 0.967 >
2023-02-16 14:59:10 [02/16/23 14:59:10   18.31s]: 17280   12183      760        3787       204983     431459506  3185       6.54e-05   3.80e+05   3.03e+05   0.10       < 0.126 0.970 >
2023-02-16 14:59:32 [02/16/23 14:59:32   21.81s]: 20160   9212       121        3483       264573     499620703  3858       2.66e-05   7.59e+04   3.64e+05   0.12       < 0.138 0.948 >
2023-02-16 14:59:55 [02/16/23 14:59:55   23.11s]: 23040   3707       27         1994       312375     540960953  3782       6.37e-06   1.63e+04   3.87e+05   0.14       < 0.138 0.959 >
2023-02-16 15:00:16 [02/16/23 15:00:16   20.74s]: 25920   3745       15         1199       335391     566036392  2031       3.76e-06   9.92e+03   3.97e+05   0.15       < 0.130 0.950 >
2023-02-16 15:00:35 [02/16/23 15:00:35   18.80s]: 28800   4064       75         1718       361451     581244514  2425       1.20e-05   6.38e+04   4.28e+05   0.16       < 0.119 0.939 >
2023-02-16 15:00:54 [02/16/23 15:00:54   19.53s]: 31680   4799       64         2025       391882     590467356  3261       9.66e-06   3.69e+04   4.74e+05   0.18       < 0.126 0.921 >
2023-02-16 15:01:17 [02/16/23 15:01:17   22.58s]: 34560   3820       18         2032       429019     596060185  3429       6.54e-06   1.33e+04   5.11e+05   0.19       < 0.147 0.920 >
2023-02-16 15:01:38 [02/16/23 15:01:38   21.61s]: 37440   1643       7          615        451196     599454460  1895       1.09e-06   1.28e+03   4.82e+05   0.20       < 0.133 0.953 >
2023-02-16 15:01:56 [02/16/23 15:01:56   18.00s]: 40320   6367       45         2283       472158     601512826  2832       1.07e-05   4.68e+04   5.54e+05   0.21       < 0.112 0.940 >
2023-02-16 15:02:17 [02/16/23 15:02:17   20.36s]: 43200   2347       2          1095       505245     602760232  2740       6.69e-07   2.49e+03   5.60e+05   0.23       < 0.132 0.955 >
2023-02-16 15:02:36 [02/16/23 15:02:36   19.07s]: 46080   4459       55         1451       519391     603518833  2044       6.29e-06   1.73e+04   5.85e+05   0.23       < 0.116 0.922 >
2023-02-16 15:02:56 [02/16/23 15:02:56   19.73s]: 48960   5165       82         2838       557325     603975884  3867       9.06e-06   3.86e+04   6.50e+05   0.25       < 0.132 0.960 >
2023-02-16 15:03:18 [02/16/23 15:03:18   22.46s]: 51840   2822       66         1111       587325     604254477  2444       3.73e-06   1.06e+04   6.48e+05   0.26       < 0.139 0.933 >
2023-02-16 15:03:38 [02/16/23 15:03:38   19.94s]: 54720   3964       163        1440       607665     604424270  2518       1.09e-05   3.95e+04   6.88e+05   0.27       < 0.128 0.937 >
2023-02-16 15:03:59 [02/16/23 15:03:59   21.39s]: 57600   2498       114        1398       636999     604525869  2771       4.30e-06   1.67e+04   6.96e+05   0.28       < 0.140 0.940 >
2023-02-16 15:04:23 [02/16/23 15:04:23   23.61s]: 60480   5800       17         2820       668636     604586937  4020       6.12e-06   2.28e+04   7.79e+05   0.30       < 0.155 0.944 >
2023-02-16 15:04:50 [02/16/23 15:04:50   26.49s]: 63360   3144       14         1451       703892     604624265  2644       3.34e-06   1.47e+04   7.60e+05   0.31       < 0.170 0.948 >
2023-02-16 15:05:17 [02/16/23 15:05:17   27.64s]: 66240   7958       125        3138       738025     604646020  4308       1.75e-05   8.54e+04   8.70e+05   0.33       < 0.169 0.935 >
2023-02-16 15:05:47 [02/16/23 15:05:47   29.38s]: 69120   3358       29         2040       782855     604658960  3839       4.40e-06   7.27e+03   8.47e+05   0.35       < 0.183 0.950 >
2023-02-16 15:06:16 [02/16/23 15:06:16   29.89s]: 72000   6991       65         3102       814761     604666915  4564       8.61e-06   3.64e+04   9.39e+05   0.37       < 0.185 0.963 >
2023-02-16 15:06:47 [02/16/23 15:06:47   30.81s]: 74880   9773       87         3004       855727     604671753  4123       1.24e-05   4.21e+04   9.78e+05   0.39       < 0.202 0.962 >
2023-02-16 15:07:24 [02/16/23 15:07:24   36.33s]: 77760   7204       163        3488       914909     604672035  6152       1.92e-05   6.66e+04   1.04e+06   0.41       < 0.215 0.950 >
2023-02-16 15:08:03 [02/16/23 15:08:03   39.04s]: 80640   5559       52         2299       959032     604674521  3841       6.65e-06   1.59e+04   1.04e+06   0.43       < 0.233 0.946 >
2023-02-16 15:08:42 [02/16/23 15:08:42   39.22s]: 83520   9029       74         4104       1009157    604674096  6034       1.78e-05   6.68e+04   1.15e+06   0.45       < 0.231 0.946 >
2023-02-16 15:09:24 [02/16/23 15:09:24   41.81s]: 86400   3296       39         1727       1059339    604674965  3928       8.28e-06   5.33e+04   1.12e+06   0.47       < 0.238 0.949 >
2023-02-16 15:10:02 [02/16/23 15:10:02   38.78s]: 89280   10809      176        3939       1095762    604676045  4988       1.71e-05   7.97e+04   1.24e+06   0.49       < 0.226 0.931 >
2023-02-16 15:10:47 [02/16/23 15:10:47   45.01s]: 92160   7061       58         3563       1165140    604673269  6497       1.30e-05   5.29e+04   1.31e+06   0.52       < 0.262 0.936 >
2023-02-16 15:11:35 [02/16/23 15:11:35   47.32s]: 95040   5011       58         2148       1208122    604674564  4282       8.72e-06   2.63e+04   1.31e+06   0.54       < 0.254 0.947 >
2023-02-16 15:12:18 [02/16/23 15:12:18   42.92s]: 97920   8288       77         3534       1253155    604674980  5229       1.35e-05   4.28e+04   1.39e+06   0.56       < 0.236 0.947 >
2023-02-16 15:13:04 [02/16/23 15:13:04   46.30s]: 100800  8387       170        3965       1314849    604673363  6295       1.71e-05   5.66e+04   1.47e+06   0.59       < 0.259 0.968 >
2023-02-16 15:13:52 [02/16/23 15:13:52   48.51s]: 103680  5182       90         1925       1361385    604674335  3850       9.86e-06   2.28e+04   1.46e+06   0.61       < 0.265 0.962 >
2023-02-16 15:14:42 [02/16/23 15:14:42   49.19s]: 106560  8933       104        4506       1418713    604672541  6711       1.28e-05   5.09e+04   1.58e+06   0.64       < 0.258 0.949 >
2023-02-16 15:15:31 [02/16/23 15:15:31   49.76s]: 109440  7369       30         2521       1471558    604673229  4520       6.90e-06   1.70e+04   1.59e+06   0.66       < 0.275 0.948 >
2023-02-16 15:16:24 [02/16/23 15:16:24   52.86s]: 112320  8856       81         3951       1530243    604671763  6425       1.09e-05   2.58e+04   1.69e+06   0.69       < 0.286 0.970 >
2023-02-16 15:17:21 [02/16/23 15:17:21   56.98s]: 115200  8122       138        3793       1596339    604670414  6366       1.77e-05   7.23e+04   1.75e+06   0.71       < 0.313 0.964 >
2023-02-16 15:18:21 [02/16/23 15:18:21   59.85s]: 118080  9209       228        4356       1661565    604669769  6411       2.04e-05   1.10e+05   1.82e+06   0.74       < 0.326 0.956 >
2023-02-16 15:19:23 [02/16/23 15:19:23   62.27s]: 120960  9995       109        5095       1737357    604667537  8328       1.76e-05   6.94e+04   1.94e+06   0.78       < 0.323 0.949 >
2023-02-16 15:20:24 [02/16/23 15:20:24   60.63s]: 123840  9130       38         2802       1795935    604668913  4908       1.00e-05   2.56e+04   1.95e+06   0.80       < 0.324 0.963 >
2023-02-16 15:21:25 [02/16/23 15:21:25   60.79s]: 126720  9325       31         4874       1871877    604667319  7990       1.12e-05   4.40e+04   2.03e+06   0.84       < 0.317 0.958 >
2023-02-16 15:22:26 [02/16/23 15:22:26   61.57s]: 129600  11148      277        4269       1931475    604667915  6568       2.08e-05   7.14e+04   2.11e+06   0.87       < 0.346 0.971 >
2023-02-16 15:23:34 [02/16/23 15:23:34   67.71s]: 132480  10883      218        4787       2010817    604665529  8747       2.12e-05   6.70e+04   2.21e+06   0.90       < 0.360 0.946 >
2023-02-16 15:24:45 [02/16/23 15:24:45   71.27s]: 135360  13195      41         4079       2084038    604665592  6977       1.29e-05   2.59e+04   2.30e+06   0.93       < 0.394 0.981 >
2023-02-16 15:26:02 [02/16/23 15:26:02   76.36s]: 138240  12131      110        5638       2177973    604662370  9505       2.10e-05   6.05e+04   2.39e+06   0.98       < 0.406 0.956 >
2023-02-16 15:27:23 [02/16/23 15:27:23   81.26s]: 141120  14229      85         5253       2260534    604662311  8244       1.63e-05   4.54e+04   2.47e+06   1.01       < 0.429 0.957 >
2023-02-16 15:28:54 [02/16/23 15:28:54   90.59s]: 144000  11802      110        6274       2367872    604658035  10946      1.95e-05   6.48e+04   2.58e+06   1.06       < 0.474 0.976 >
2023-02-16 15:28:54 [02/16/23 15:28:54    0.13s]: 144004  11785      109        6261       2368018    604658049  10931      1.95e-05   6.48e+04   2.58e+06   1.06       < 0.474 0.976 >
2023-02-16 15:28:54  ---  main.cpp:generate tcells took  avg 0.03 s max 0.04 s balance 0.75  --- 
2023-02-16 15:28:54  ---  main.cpp:update circulating tcells took  avg 53.85 s max 56.15 s balance 0.96  --- 
2023-02-16 15:28:54  ---  main.cpp:update tcells took  avg 95.40 s max 104.51 s balance 0.91  --- 
2023-02-16 15:28:54  ---  main.cpp:update epicells took  avg 62.13 s max 63.98 s balance 0.97  --- 
2023-02-16 15:28:54  ---  main.cpp:update concentrations took  avg 377.63 s max 389.25 s balance 0.97  --- 
2023-02-16 15:28:54  ---  main.cpp:compute updates took  avg 1061.78 s max 1061.83 s balance 1.00  --- 
2023-02-16 15:28:54  ---  main.cpp:dispatch updates took  avg 443.61 s max 475.59 s balance 0.93  --- 
2023-02-16 15:28:54  ---  main.cpp:add new actives took  avg 26.01 s max 26.75 s balance 0.97  --- 
2023-02-16 15:28:54  ---  main.cpp:erase inactive took  avg 205.06 s max 209.74 s balance 0.98  --- 
2023-02-16 15:28:54  ---  main.cpp:sample took  avg 0.00 s max 0.00 s balance -nan  --- 
2023-02-16 15:28:54  ---  main.cpp:sample write took  avg 0.00 s max 0.00 s balance -nan  --- 
2023-02-16 15:28:54  ---  main.cpp:log took  avg 11.10 s max 11.18 s balance 0.99  --- 
2023-02-16 15:28:54 Finished 144005 time steps in 1833.4801 s (0.0127 s per step)
2023-02-16 15:28:54  --- Elapsed time for main.cpp:run_sim:  (exiting barrier) 2023-02-16 15:28:54 ...
2023-02-16 15:28:54           ... (min/my/avg/max, bal) (1833.48/1833.48/1833.48/1833.48 s, 1.00) barrier(0.00 s) --- 
2023-02-16 15:28:54 Peak memory used across all nodes: 22.45GB
2023-02-16 15:28:54 Finished in 1837.57 s at 02/16/23 15:28:54 for SimCov version 0.1.1.8024051-dirty
