2023-02-16 09:20:34 SimCov version SimCov version 0.1.1.8024051-dirty-master built on 20230216_082905
2023-02-16 09:20:34 _________________________
2023-02-16 09:20:34 Compiler definitions:
2023-02-16 09:20:34   _XOPEN_SOURCE=700
2023-02-16 09:20:34   CONFIG_USE_COLORS
2023-02-16 09:20:34   USE_BYTELL
2023-02-16 09:20:34   MAX_VIRIONS=125000
2023-02-16 09:20:34   MIN_VIRIONS=1e-10
2023-02-16 09:20:34   BLOCK_PARTITION
2023-02-16 09:20:34   MIN_BLOCKS_PER_PROC=1
2023-02-16 09:20:34   AVERAGE_SUBSAMPLE
2023-02-16 09:20:34 _________________________
2023-02-16 09:20:34 Options:
2023-02-16 09:20:34   dim =                         15000 15000 1
2023-02-16 09:20:34   whole-lung-dim =              48000 40000 20000
2023-02-16 09:20:34   timesteps =                   144005
2023-02-16 09:20:34   infection-coords =            uniform:1
2023-02-16 09:20:34   initial-infection =           999
2023-02-16 09:20:34   incubation-period =           1200
2023-02-16 09:20:34   apoptosis-period =            180
2023-02-16 09:20:34   expressing-period =           900
2023-02-16 09:20:34   infectivity =                 0.1
2023-02-16 09:20:34   infectivity-multiplier =      1.0
2023-02-16 09:20:34   virion-production =           1.1
2023-02-16 09:20:34   virion-production-multiplier = 1.0
2023-02-16 09:20:34   virion-clearance =            0.004
2023-02-16 09:20:34   virion-diffusion =            0.15
2023-02-16 09:20:34   chemokine-production =        1.0
2023-02-16 09:20:34   chemokine-decay =             0.01
2023-02-16 09:20:34   chemokine-diffusion =         1.0
2023-02-16 09:20:34   min-chemokine =               1e-06
2023-02-16 09:20:34   antibody-factor =             1
2023-02-16 09:20:34   antibody-period =             5760
2023-02-16 09:20:34   tcell-generation-rate =       105000
2023-02-16 09:20:34   tcell-initial-delay =         10080
2023-02-16 09:20:34   tcell-vascular-period =       5760
2023-02-16 09:20:34   tcell-tissue-period =         1440
2023-02-16 09:20:34   tcell-binding-period =        10
2023-02-16 09:20:34   max-binding-prob =            1
2023-02-16 09:20:34   tcells-follow-gradient =      false
2023-02-16 09:20:34   seed =                        6
2023-02-16 09:20:34   sample-period =               0
2023-02-16 09:20:34   sample-resolution =           1
2023-02-16 09:20:34   max-block-dim =               10
2023-02-16 09:20:34   output =                      exp_results/per_1200_inf_0.1/init_999/6
2023-02-16 09:20:34 _________________________
2023-02-16 09:20:34 Starting run with 64 processes on 2 nodes at 02/16/23 09:20:34
2023-02-16 09:20:34 Pinned processes, with process 0 (pid 4061228) pinned to core 0
2023-02-16 09:20:34 Using block partitioning
2023-02-16 09:20:34 Initial free memory across all nodes: 151.16GB
2023-02-16 09:20:34 Starting with 74.76GB free on node 0
2023-02-16 09:20:34 Dividing 225000000 grid points into 3515625 squares of size 64 (8^2), with 54932 per process
2023-02-16 09:20:34 Total initial memory required per process is at least 281.63MB with each grid point requiring on average 84 bytes
2023-02-16 09:20:37  --- Elapsed time for tissue.cpp:Tissue:  (exiting barrier) 2023-02-16 09:20:37 ...
2023-02-16 09:20:37           ... (min/my/avg/max, bal) (3.47/3.47/3.47/3.47 s, 1.00) barrier(0.00 s) --- 
2023-02-16 09:20:37 Memory used on node 0 after initialization is  10.90GB
2023-02-16 09:20:37           ... (min/my/avg/max, bal) No-Time barrier(0.00 s) --- 
2023-02-16 09:20:37 Fraction of circulating T cells extravasating is 5.85938e-06
2023-02-16 09:20:37 # datetime                    step    incb       expr       apop       dead       tvas       ttis       chem       virs       chempts    %infct     <%active  lbln>
2023-02-16 09:20:37 [0] <main.cpp:141> WARNING: Time step 0: SUCCESSFUL initial infection at (7500, 7500, 0) after 0 tries
2023-02-16 09:20:37 [02/16/23 09:20:37    0.00s]: 0       1          0          0          0          0          0          0.00e+00   0.00e+00   1.00e+00   0.00       < 0.000 0.016 >
2023-02-16 09:20:38 [02/16/23 09:20:38    1.28s]: 2880    5115       1629       0          1107       0          0          1.72e-05   2.68e+05   2.70e+04   0.00       < 0.012 0.825 >
2023-02-16 09:20:41 [02/16/23 09:20:41    3.03s]: 5760    9430       6807       0          11654      0          0          6.35e-05   1.79e+06   6.12e+04   0.01       < 0.027 0.892 >
2023-02-16 09:20:47 [02/16/23 09:20:47    5.26s]: 8640    16299      9290       0          35885      0          0          9.62e-05   2.45e+06   1.08e+05   0.03       < 0.048 0.943 >
2023-02-16 09:20:55 [02/16/23 09:20:55    8.50s]: 11520   19000      13564      1037       73078      133768153  340        1.40e-04   3.73e+06   1.66e+05   0.05       < 0.074 0.944 >
2023-02-16 09:21:08 [02/16/23 09:21:08   13.17s]: 14400   15387      3861       3591       137392     319073345  1957       1.24e-04   1.55e+06   2.31e+05   0.07       < 0.102 0.965 >
2023-02-16 09:21:26 [02/16/23 09:21:26   18.05s]: 17280   11490      854        3847       200438     431459779  3130       6.66e-05   4.31e+05   2.97e+05   0.10       < 0.124 0.973 >
2023-02-16 09:21:48 [02/16/23 09:21:48   21.45s]: 20160   9384       218        3411       259447     499621099  3919       3.26e-05   1.18e+05   3.60e+05   0.12       < 0.137 0.965 >
2023-02-16 09:22:12 [02/16/23 09:22:12   23.70s]: 23040   5432       25         2567       310367     540960427  4162       9.48e-06   2.43e+04   4.04e+05   0.14       < 0.141 0.964 >
2023-02-16 09:22:33 [02/16/23 09:22:33   21.48s]: 25920   1804       35         949        336446     566036029  1763       5.50e-06   1.87e+04   3.68e+05   0.15       < 0.134 0.950 >
2023-02-16 09:22:52 [02/16/23 09:22:52   18.57s]: 28800   5788       101        2483       360385     581244346  2872       9.26e-06   4.59e+04   4.43e+05   0.16       < 0.112 0.919 >
2023-02-16 09:23:11 [02/16/23 09:23:11   19.20s]: 31680   3320       11         1302       391626     590467564  2470       3.86e-06   1.36e+04   4.56e+05   0.18       < 0.125 0.946 >
2023-02-16 09:23:31 [02/16/23 09:23:31   19.91s]: 34560   6077       221        1960       415846     596062282  2787       1.69e-05   7.20e+04   5.05e+05   0.19       < 0.129 0.924 >
2023-02-16 09:23:54 [02/16/23 09:23:54   23.72s]: 37440   5020       32         2630       460450     599452961  3967       6.33e-06   2.81e+04   5.41e+05   0.21       < 0.153 0.954 >
2023-02-16 09:24:21 [02/16/23 09:24:21   26.52s]: 40320   6876       78         2787       494954     601510058  4025       8.10e-06   3.29e+04   5.96e+05   0.22       < 0.172 0.963 >
2023-02-16 09:24:51 [02/16/23 09:24:51   30.34s]: 43200   6738       43         2661       542509     602756401  4562       1.44e-05   5.82e+04   6.43e+05   0.25       < 0.191 0.959 >
2023-02-16 09:25:21 [02/16/23 09:25:21   29.51s]: 46080   4082       40         1616       580097     603513675  3161       5.39e-06   9.79e+03   6.60e+05   0.26       < 0.179 0.930 >
2023-02-16 09:25:49 [02/16/23 09:25:49   28.14s]: 48960   6829       65         2951       618074     603972422  4048       1.14e-05   3.13e+04   7.28e+05   0.28       < 0.178 0.941 >
2023-02-16 09:26:22 [02/16/23 09:26:22   32.63s]: 51840   5565       63         2668       666088     604249267  4229       9.03e-06   3.20e+04   7.64e+05   0.30       < 0.203 0.938 >
2023-02-16 09:26:55 [02/16/23 09:26:55   33.69s]: 54720   6671       31         3134       706528     604418231  4086       6.60e-06   2.31e+04   8.12e+05   0.32       < 0.200 0.949 >
2023-02-16 09:27:28 [02/16/23 09:27:28   32.99s]: 57600   3216       7          1692       747048     604521198  3645       3.41e-06   1.48e+04   8.12e+05   0.33       < 0.187 0.952 >
2023-02-16 09:27:57 [02/16/23 09:27:57   28.65s]: 60480   7787       97         2574       771731     604585249  3077       7.61e-06   2.26e+04   8.80e+05   0.35       < 0.177 0.963 >
2023-02-16 09:28:28 [02/16/23 09:28:28   31.15s]: 63360   4459       18         2131       819781     604621033  4642       6.41e-06   1.44e+04   9.11e+05   0.37       < 0.187 0.938 >
2023-02-16 09:29:00 [02/16/23 09:29:00   31.85s]: 66240   4128       131        1682       847251     604645330  2749       8.22e-06   2.71e+04   9.16e+05   0.38       < 0.194 0.935 >
2023-02-16 09:29:34 [02/16/23 09:29:34   33.88s]: 69120   7454       67         3457       892256     604656829  5507       1.19e-05   5.97e+04   1.01e+06   0.40       < 0.206 0.955 >
2023-02-16 09:30:12 [02/16/23 09:30:12   37.82s]: 72000   5193       53         2234       935946     604665095  4164       5.33e-06   1.67e+04   1.03e+06   0.42       < 0.224 0.958 >
2023-02-16 09:30:50 [02/16/23 09:30:50   38.50s]: 74880   6957       50         3528       981817     604669320  5127       9.93e-06   3.50e+04   1.11e+06   0.44       < 0.223 0.948 >
2023-02-16 09:31:30 [02/16/23 09:31:30   39.70s]: 77760   4637       33         2100       1027386    604672433  4095       7.98e-06   2.24e+04   1.13e+06   0.46       < 0.229 0.951 >
2023-02-16 09:32:08 [02/16/23 09:32:08   37.89s]: 80640   9691       223        3704       1070012    604674295  4799       2.31e-05   8.98e+04   1.21e+06   0.48       < 0.222 0.952 >
2023-02-16 09:32:53 [02/16/23 09:32:53   45.55s]: 83520   10274      36         4616       1142115    604671271  7131       1.34e-05   4.73e+04   1.31e+06   0.51       < 0.263 0.947 >
2023-02-16 09:33:45 [02/16/23 09:33:45   51.72s]: 86400   6969       57         2493       1195406    604672201  5031       9.81e-06   2.17e+04   1.32e+06   0.54       < 0.281 0.966 >
2023-02-16 09:34:37 [02/16/23 09:34:37   52.25s]: 89280   10756      148        4043       1252626    604671392  6846       1.51e-05   4.24e+04   1.43e+06   0.56       < 0.280 0.946 >
2023-02-16 09:35:33 [02/16/23 09:35:33   55.66s]: 92160   7021       18         3040       1315139    604671164  5266       8.44e-06   1.42e+04   1.44e+06   0.59       < 0.311 0.971 >
2023-02-16 09:36:34 [02/16/23 09:36:34   60.69s]: 95040   11574      169        4835       1378639    604669270  7546       1.37e-05   5.68e+04   1.56e+06   0.62       < 0.325 0.957 >
2023-02-16 09:37:37 [02/16/23 09:37:37   63.10s]: 97920   9826       86         3674       1449488    604668819  6666       1.49e-05   5.73e+04   1.61e+06   0.65       < 0.337 0.984 >
2023-02-16 09:38:40 [02/16/23 09:38:40   63.27s]: 100800  11529      111        5405       1520191    604667899  7751       1.66e-05   4.38e+04   1.71e+06   0.68       < 0.330 0.970 >
2023-02-16 09:39:46 [02/16/23 09:39:46   66.59s]: 103680  9911       80         4162       1596413    604666510  7260       1.24e-05   4.28e+04   1.77e+06   0.72       < 0.352 0.971 >
2023-02-16 09:40:54 [02/16/23 09:40:54   67.35s]: 106560  9758       43         4033       1667856    604666685  6855       1.34e-05   4.21e+04   1.83e+06   0.75       < 0.349 0.955 >
2023-02-16 09:42:02 [02/16/23 09:42:02   67.77s]: 109440  12697      136        5672       1744230    604665142  8501       2.06e-05   7.66e+04   1.97e+06   0.78       < 0.362 0.957 >
2023-02-16 09:43:14 [02/16/23 09:43:14   72.03s]: 112320  10226      43         4119       1826626    604664469  7249       1.63e-05   6.06e+04   2.00e+06   0.82       < 0.376 0.958 >
2023-02-16 09:44:27 [02/16/23 09:44:27   73.14s]: 115200  11502      80         4473       1904310    604663306  8365       1.39e-05   4.85e+04   2.09e+06   0.85       < 0.390 0.971 >
2023-02-16 09:45:44 [02/16/23 09:45:44   77.09s]: 118080  13251      252        6015       1989053    604662010  9184       2.86e-05   1.29e+05   2.21e+06   0.89       < 0.412 0.958 >
2023-02-16 09:47:10 [02/16/23 09:47:10   85.86s]: 120960  13767      60         6169       2084284    604659240  10041      1.51e-05   4.16e+04   2.31e+06   0.94       < 0.439 0.971 >
2023-02-16 09:48:40 [02/16/23 09:48:40   90.75s]: 123840  13924      271        5935       2174796    604658799  9117       2.02e-05   8.36e+04   2.39e+06   0.98       < 0.470 0.976 >
2023-02-16 09:50:17 [02/16/23 09:50:17   96.74s]: 126720  18596      184        8026       2281294    604655617  11774      3.34e-05   1.22e+05   2.57e+06   1.03       < 0.501 0.980 >
2023-02-16 09:52:05 [02/16/23 09:52:05  108.20s]: 129600  14131      100        5547       2392348    604653545  10219      1.50e-05   4.34e+04   2.62e+06   1.07       < 0.546 0.959 >
2023-02-16 09:54:00 [02/16/23 09:54:00  114.23s]: 132480  17661      254        7621       2499116    604652801  11344      2.85e-05   1.40e+05   2.76e+06   1.12       < 0.531 0.976 >
2023-02-16 09:55:46 [02/16/23 09:55:46  106.62s]: 135360  14572      166        6031       2610768    604652425  10311      2.53e-05   1.07e+05   2.86e+06   1.17       < 0.521 0.969 >
2023-02-16 09:57:41 [02/16/23 09:57:41  115.04s]: 138240  16593      112        7779       2725687    604649902  12679      2.76e-05   1.05e+05   3.01e+06   1.22       < 0.548 0.969 >
2023-02-16 09:59:39 [02/16/23 09:59:39  117.30s]: 141120  14015      117        6447       2838329    604649666  11017      2.28e-05   7.32e+04   3.07e+06   1.27       < 0.568 0.966 >
2023-02-16 10:01:30 [02/16/23 10:01:30  111.58s]: 144000  13773      78         5477       2930874    604652089  9734       1.95e-05   7.91e+04   3.15e+06   1.31       < 0.521 0.972 >
2023-02-16 10:01:30 [02/16/23 10:01:30    0.15s]: 144004  13790      81         5458       2931003    604652092  9739       1.94e-05   7.87e+04   3.15e+06   1.31       < 0.521 0.972 >
2023-02-16 10:01:30  ---  main.cpp:generate tcells took  avg 0.04 s max 0.05 s balance 0.78  --- 
2023-02-16 10:01:30  ---  main.cpp:update circulating tcells took  avg 55.20 s max 57.80 s balance 0.96  --- 
2023-02-16 10:01:30  ---  main.cpp:update tcells took  avg 124.09 s max 136.82 s balance 0.91  --- 
2023-02-16 10:01:30  ---  main.cpp:update epicells took  avg 78.41 s max 80.59 s balance 0.97  --- 
2023-02-16 10:01:30  ---  main.cpp:update concentrations took  avg 524.77 s max 543.12 s balance 0.97  --- 
2023-02-16 10:01:30  ---  main.cpp:compute updates took  avg 1415.66 s max 1415.71 s balance 1.00  --- 
2023-02-16 10:01:30  ---  main.cpp:dispatch updates took  avg 598.41 s max 636.35 s balance 0.94  --- 
2023-02-16 10:01:30  ---  main.cpp:add new actives took  avg 34.19 s max 36.19 s balance 0.94  --- 
2023-02-16 10:01:30  ---  main.cpp:erase inactive took  avg 277.82 s max 284.88 s balance 0.98  --- 
2023-02-16 10:01:30  ---  main.cpp:sample took  avg 0.00 s max 0.00 s balance -nan  --- 
2023-02-16 10:01:30  ---  main.cpp:sample write took  avg 0.00 s max 0.00 s balance -nan  --- 
2023-02-16 10:01:30  ---  main.cpp:log took  avg 11.37 s max 11.41 s balance 1.00  --- 
2023-02-16 10:01:30 Finished 144005 time steps in 2453.2430 s (0.0170 s per step)
2023-02-16 10:01:30  --- Elapsed time for main.cpp:run_sim:  (exiting barrier) 2023-02-16 10:01:30 ...
2023-02-16 10:01:30           ... (min/my/avg/max, bal) (2453.24/2453.24/2453.24/2453.24 s, 1.00) barrier(0.00 s) --- 
2023-02-16 10:01:31 Peak memory used across all nodes: 22.63GB
2023-02-16 10:01:31 Finished in 2457.27 s at 02/16/23 10:01:31 for SimCov version 0.1.1.8024051-dirty
