2023-02-15 11:14:02 SimCov version SimCov version 0.1.1.8024051-dirty-master built on 20230202_132828
2023-02-15 11:14:02 _________________________
2023-02-15 11:14:02 Compiler definitions:
2023-02-15 11:14:02   _XOPEN_SOURCE=700
2023-02-15 11:14:02   CONFIG_USE_COLORS
2023-02-15 11:14:02   USE_BYTELL
2023-02-15 11:14:02   MAX_VIRIONS=125000
2023-02-15 11:14:02   MIN_VIRIONS=1e-10
2023-02-15 11:14:02   BLOCK_PARTITION
2023-02-15 11:14:02   MIN_BLOCKS_PER_PROC=1
2023-02-15 11:14:02   AVERAGE_SUBSAMPLE
2023-02-15 11:14:02 _________________________
2023-02-15 11:14:02 Options:
2023-02-15 11:14:02   dim =                         15000 15000 1
2023-02-15 11:14:02   whole-lung-dim =              48000 40000 20000
2023-02-15 11:14:02   timesteps =                   144005
2023-02-15 11:14:02   infection-coords =            uniform:1
2023-02-15 11:14:02   initial-infection =           999
2023-02-15 11:14:02   incubation-period =           600
2023-02-15 11:14:02   apoptosis-period =            180
2023-02-15 11:14:02   expressing-period =           900
2023-02-15 11:14:02   infectivity =                 0.01
2023-02-15 11:14:02   infectivity-multiplier =      1.0
2023-02-15 11:14:02   virion-production =           1.1
2023-02-15 11:14:02   virion-production-multiplier = 1.0
2023-02-15 11:14:02   virion-clearance =            0.004
2023-02-15 11:14:02   virion-diffusion =            0.15
2023-02-15 11:14:02   chemokine-production =        1.0
2023-02-15 11:14:02   chemokine-decay =             0.01
2023-02-15 11:14:02   chemokine-diffusion =         1.0
2023-02-15 11:14:02   min-chemokine =               1e-06
2023-02-15 11:14:02   antibody-factor =             1
2023-02-15 11:14:02   antibody-period =             5760
2023-02-15 11:14:02   tcell-generation-rate =       105000
2023-02-15 11:14:02   tcell-initial-delay =         10080
2023-02-15 11:14:02   tcell-vascular-period =       5760
2023-02-15 11:14:02   tcell-tissue-period =         1440
2023-02-15 11:14:02   tcell-binding-period =        10
2023-02-15 11:14:02   max-binding-prob =            1
2023-02-15 11:14:02   tcells-follow-gradient =      false
2023-02-15 11:14:02   seed =                        5
2023-02-15 11:14:02   sample-period =               0
2023-02-15 11:14:02   sample-resolution =           1
2023-02-15 11:14:02   max-block-dim =               10
2023-02-15 11:14:02   output =                      exp_results/per_600_inf_0.01/init_1000/5
2023-02-15 11:14:02 _________________________
2023-02-15 11:14:02 Starting run with 64 processes on 2 nodes at 02/15/23 11:14:02
2023-02-15 11:14:02 Pinned processes, with process 0 (pid 2216776) pinned to core 0
2023-02-15 11:14:02 Using block partitioning
2023-02-15 11:14:02 Initial free memory across all nodes: 152.33GB
2023-02-15 11:14:02 Starting with 75.98GB free on node 0
2023-02-15 11:14:02 Dividing 225000000 grid points into 3515625 squares of size 64 (8^2), with 54932 per process
2023-02-15 11:14:02 Total initial memory required per process is at least 281.63MB with each grid point requiring on average 84 bytes
2023-02-15 11:14:06  --- Elapsed time for tissue.cpp:Tissue:  (exiting barrier) 2023-02-15 11:14:06 ...
2023-02-15 11:14:06           ... (min/my/avg/max, bal) (3.48/3.48/3.48/3.48 s, 1.00) barrier(0.00 s) --- 
2023-02-15 11:14:06 Memory used on node 0 after initialization is  10.91GB
2023-02-15 11:14:06           ... (min/my/avg/max, bal) No-Time barrier(0.00 s) --- 
2023-02-15 11:14:06 Fraction of circulating T cells extravasating is 5.85938e-06
2023-02-15 11:14:06 # datetime                    step    incb       expr       apop       dead       tvas       ttis       chem       virs       chempts    %infct     <%active  lbln>
2023-02-15 11:14:06 [0] <main.cpp:141> WARNING: Time step 0: SUCCESSFUL initial infection at (7500, 7500, 0) after 0 tries
2023-02-15 11:14:06 [02/15/23 11:14:06    0.00s]: 0       1          0          0          0          0          0          0.00e+00   0.00e+00   1.00e+00   0.00       < 0.000 0.016 >
2023-02-15 11:14:07 [02/15/23 11:14:07    1.49s]: 2880    3628       3808       0          2537       0          0          3.30e-05   8.93e+05   3.50e+04   0.00       < 0.016 0.857 >
2023-02-15 11:14:11 [02/15/23 11:14:11    3.78s]: 5760    7912       10066      0          21494      0          0          8.75e-05   2.59e+06   8.29e+04   0.02       < 0.037 0.919 >
2023-02-15 11:14:18 [02/15/23 11:14:18    7.14s]: 8640    11807      16209      0          60697      0          0          1.40e-04   4.28e+06   1.50e+05   0.04       < 0.067 0.949 >
2023-02-15 11:14:30 [02/15/23 11:14:30   11.64s]: 11520   15040      20780      1242       120721     133767849  523        1.94e-04   5.89e+06   2.37e+05   0.07       < 0.106 0.968 >
2023-02-15 11:14:48 [02/15/23 11:14:48   18.51s]: 14400   13767      10073      4721       210671     319072539  2518       2.03e-04   3.58e+06   3.35e+05   0.11       < 0.143 0.980 >
2023-02-15 11:15:15 [02/15/23 11:15:15   26.22s]: 17280   13947      5010       5959       305093     431457555  4267       1.89e-04   2.04e+06   4.42e+05   0.15       < 0.176 0.960 >
2023-02-15 11:15:47 [02/15/23 11:15:47   32.31s]: 20160   14698      3633       6880       405630     499617035  5697       1.80e-04   1.65e+06   5.59e+05   0.19       < 0.202 0.967 >
2023-02-15 11:16:26 [02/15/23 11:16:26   38.68s]: 23040   14804      2627       7339       516931     540954194  6982       1.74e-04   1.28e+06   6.84e+05   0.24       < 0.225 0.964 >
2023-02-15 11:17:10 [02/15/23 11:17:10   44.38s]: 25920   15297      1971       7640       634710     566023380  8078       1.63e-04   9.75e+05   8.16e+05   0.29       < 0.248 0.971 >
2023-02-15 11:17:59 [02/15/23 11:17:59   49.17s]: 28800   15737      1673       8243       760445     581226569  9075       1.62e-04   8.49e+05   9.57e+05   0.35       < 0.269 0.973 >
2023-02-15 11:18:53 [02/15/23 11:18:53   54.00s]: 31680   15936      1448       8391       894853     590445824  10011      1.55e-04   7.84e+05   1.10e+06   0.41       < 0.289 0.967 >
2023-02-15 11:19:53 [02/15/23 11:19:53   60.06s]: 34560   16615      1494       9134       1037658    596036026  10762      1.64e-04   8.20e+05   1.26e+06   0.47       < 0.310 0.981 >
2023-02-15 11:20:59 [02/15/23 11:20:59   66.26s]: 37440   17804      1463       9655       1189264    599425185  11496      1.71e-04   8.17e+05   1.43e+06   0.54       < 0.332 0.970 >
2023-02-15 11:22:10 [02/15/23 11:22:10   71.05s]: 40320   17875      1372       10009      1350618    601479373  12576      1.71e-04   7.61e+05   1.60e+06   0.61       < 0.353 0.976 >
2023-02-15 11:23:26 [02/15/23 11:23:26   75.79s]: 43200   20268      1766       11029      1519132    602724170  13323      1.94e-04   9.09e+05   1.79e+06   0.69       < 0.379 0.982 >
2023-02-15 11:24:49 [02/15/23 11:24:49   82.61s]: 46080   20959      1664       12014      1704381    603477000  14600      2.09e-04   9.22e+05   1.99e+06   0.77       < 0.403 0.976 >
2023-02-15 11:26:19 [02/15/23 11:26:19   90.40s]: 48960   20786      1373       11944      1893470    603932973  14882      1.92e-04   7.91e+05   2.19e+06   0.86       < 0.428 0.981 >
2023-02-15 11:27:55 [02/15/23 11:27:55   95.39s]: 51840   24086      1879       13085      2092641    604208114  15961      2.30e-04   1.03e+06   2.41e+06   0.95       < 0.446 0.975 >
2023-02-15 11:29:36 [02/15/23 11:29:36  101.23s]: 54720   24143      1840       13441      2309083    604373486  16812      2.29e-04   9.81e+05   2.64e+06   1.04       < 0.472 0.980 >
2023-02-15 11:31:25 [02/15/23 11:31:25  109.11s]: 57600   26303      1936       14297      2529989    604472895  17423      2.43e-04   1.08e+06   2.88e+06   1.14       < 0.499 0.980 >
2023-02-15 11:33:18 [02/15/23 11:33:18  113.53s]: 60480   26381      1945       14492      2765040    604531620  18079      2.46e-04   1.05e+06   3.13e+06   1.25       < 0.520 0.971 >
2023-02-15 11:35:17 [02/15/23 11:35:17  118.17s]: 63360   27548      2409       15086      3005943    604566356  18929      2.64e-04   1.18e+06   3.38e+06   1.36       < 0.543 0.980 >
2023-02-15 11:37:19 [02/15/23 11:37:19  122.74s]: 66240   28902      2492       16120      3257161    604586401  19708      2.76e-04   1.32e+06   3.65e+06   1.47       < 0.567 0.989 >
2023-02-15 11:39:32 [02/15/23 11:39:32  132.18s]: 69120   28821      2267       16560      3519707    604596594  20746      2.74e-04   1.28e+06   3.93e+06   1.59       < 0.591 0.969 >
2023-02-15 11:41:51 [02/15/23 11:41:51  139.40s]: 72000   30818      2520       16951      3785134    604602352  21157      2.90e-04   1.29e+06   4.22e+06   1.70       < 0.612 0.972 >
2023-02-15 11:44:16 [02/15/23 11:44:16  144.72s]: 74880   32293      2460       18082      4070552    604603610  22519      2.97e-04   1.36e+06   4.52e+06   1.83       < 0.637 0.978 >
2023-02-15 11:46:49 [02/15/23 11:46:49  153.34s]: 77760   32917      2544       18474      4367126    604602600  23533      3.09e-04   1.36e+06   4.83e+06   1.96       < 0.671 0.978 >
2023-02-15 11:49:30 [02/15/23 11:49:30  161.39s]: 80640   35907      3055       19656      4673952    604601277  24178      3.49e-04   1.61e+06   5.15e+06   2.10       < 0.701 0.976 >
2023-02-15 11:52:24 [02/15/23 11:52:24  173.51s]: 83520   36272      3192       20345      4997941    604598765  25240      3.53e-04   1.71e+06   5.49e+06   2.25       < 0.719 0.974 >
2023-02-15 11:55:17 [02/15/23 11:55:17  172.69s]: 86400   36975      2784       20564      5324199    604596132  25716      3.35e-04   1.51e+06   5.83e+06   2.39       < 0.742 0.971 >
2023-02-15 11:58:14 [02/15/23 11:58:14  177.23s]: 89280   38693      2925       21170      5659830    604593697  26223      3.61e-04   1.57e+06   6.18e+06   2.54       < 0.760 0.989 >
2023-02-15 12:01:18 [02/15/23 12:01:18  183.87s]: 92160   38030      2973       21948      6007451    604590598  27295      3.59e-04   1.55e+06   6.54e+06   2.70       < 0.781 0.979 >
2023-02-15 12:04:29 [02/15/23 12:04:29  191.17s]: 95040   40383      3656       22697      6359756    604588197  27737      3.96e-04   1.91e+06   6.91e+06   2.86       < 0.806 0.984 >
2023-02-15 12:07:47 [02/15/23 12:07:47  198.33s]: 97920   40886      3334       23837      6729521    604584784  29138      4.00e-04   1.81e+06   7.30e+06   3.02       < 0.829 0.985 >
2023-02-15 12:11:14 [02/15/23 12:11:14  206.83s]: 100800  40665      3463       23367      7103825    604581543  29784      3.99e-04   1.86e+06   7.68e+06   3.19       < 0.854 0.985 >
2023-02-15 12:14:48 [02/15/23 12:14:48  213.47s]: 103680  43209      3546       24480      7483994    604578634  30609      4.26e-04   1.97e+06   8.09e+06   3.36       < 0.874 0.982 >
2023-02-15 12:18:27 [02/15/23 12:18:27  219.62s]: 106560  44791      3325       25098      7886121    604575134  31569      4.19e-04   1.85e+06   8.50e+06   3.54       < 0.901 0.983 >
2023-02-15 12:22:15 [02/15/23 12:22:15  227.94s]: 109440  45450      3405       25402      8295036    604571197  32482      4.23e-04   1.83e+06   8.93e+06   3.72       < 0.935 0.980 >
2023-02-15 12:26:09 [02/15/23 12:26:09  234.23s]: 112320  47736      4033       27177      8716040    604567763  33304      4.62e-04   2.18e+06   9.36e+06   3.91       < 0.957 0.982 >
2023-02-15 12:30:09 [02/15/23 12:30:09  239.80s]: 115200  48583      3699       26949      9144575    604564649  33547      4.65e-04   2.04e+06   9.80e+06   4.10       < 0.975 0.983 >
2023-02-15 12:34:15 [02/15/23 12:34:15  246.24s]: 118080  49529      4020       27517      9582268    604561978  34639      4.64e-04   2.15e+06   1.03e+07   4.29       < 0.999 0.976 >
2023-02-15 12:38:28 [02/15/23 12:38:28  252.81s]: 120960  51569      4454       28304      10031048   604558616  35367      4.97e-04   2.30e+06   1.07e+07   4.50       < 1.025 0.986 >
2023-02-15 12:42:47 [02/15/23 12:42:47  258.70s]: 123840  54425      4884       30148      10497531   604555201  36272      5.36e-04   2.55e+06   1.12e+07   4.71       < 1.050 0.986 >
2023-02-15 12:47:12 [02/15/23 12:47:12  265.38s]: 126720  52550      4212       29559      10974849   604551393  37608      5.04e-04   2.30e+06   1.17e+07   4.92       < 1.074 0.979 >
2023-02-15 12:51:48 [02/15/23 12:51:48  275.63s]: 129600  54035      4289       30155      11451836   604548924  37734      5.11e-04   2.34e+06   1.22e+07   5.13       < 1.092 0.989 >
2023-02-15 12:56:23 [02/15/23 12:56:23  275.55s]: 132480  56510      4798       31207      11941300   604546404  38439      5.52e-04   2.63e+06   1.27e+07   5.35       < 1.113 0.987 >
2023-02-15 13:01:08 [02/15/23 13:01:08  284.39s]: 135360  56065      4559       31077      12445849   604543233  39448      5.42e-04   2.47e+06   1.32e+07   5.57       < 1.139 0.979 >
2023-02-15 13:06:04 [02/15/23 13:06:04  296.23s]: 138240  58598      4402       32631      12959995   604539674  40411      5.54e-04   2.48e+06   1.38e+07   5.80       < 1.166 0.985 >
2023-02-15 13:11:12 [02/15/23 13:11:12  307.88s]: 141120  59288      4676       33198      13486526   604535554  41603      5.69e-04   2.50e+06   1.43e+07   6.04       < 1.191 0.988 >
2023-02-15 13:16:22 [02/15/23 13:16:22  310.16s]: 144000  59520      4744       33705      14021989   604531900  42262      5.74e-04   2.58e+06   1.48e+07   6.28       < 1.218 0.987 >
2023-02-15 13:16:23 [02/15/23 13:16:23    0.43s]: 144004  59481      4761       33755      14022724   604531901  42270      5.74e-04   2.58e+06   1.48e+07   6.28       < 1.218 0.987 >
2023-02-15 13:16:23  ---  main.cpp:generate tcells took  avg 0.05 s max 0.07 s balance 0.72  --- 
2023-02-15 13:16:23  ---  main.cpp:update circulating tcells took  avg 54.86 s max 57.96 s balance 0.95  --- 
2023-02-15 13:16:23  ---  main.cpp:update tcells took  avg 504.45 s max 548.88 s balance 0.92  --- 
2023-02-15 13:16:23  ---  main.cpp:update epicells took  avg 167.14 s max 170.21 s balance 0.98  --- 
2023-02-15 13:16:23  ---  main.cpp:update concentrations took  avg 1841.43 s max 1893.16 s balance 0.97  --- 
2023-02-15 13:16:23  ---  main.cpp:compute updates took  avg 4273.49 s max 4273.59 s balance 1.00  --- 
2023-02-15 13:16:23  ---  main.cpp:dispatch updates took  avg 1912.25 s max 2052.12 s balance 0.93  --- 
2023-02-15 13:16:23  ---  main.cpp:add new actives took  avg 86.89 s max 88.80 s balance 0.98  --- 
2023-02-15 13:16:23  ---  main.cpp:erase inactive took  avg 742.22 s max 763.67 s balance 0.97  --- 
2023-02-15 13:16:23  ---  main.cpp:sample took  avg 0.00 s max 0.00 s balance -nan  --- 
2023-02-15 13:16:23  ---  main.cpp:sample write took  avg 0.00 s max 0.00 s balance -nan  --- 
2023-02-15 13:16:23  ---  main.cpp:log took  avg 14.27 s max 14.33 s balance 1.00  --- 
2023-02-15 13:16:23 Finished 144005 time steps in 7336.7925 s (0.0509 s per step)
2023-02-15 13:16:23  --- Elapsed time for main.cpp:run_sim:  (exiting barrier) 2023-02-15 13:16:23 ...
2023-02-15 13:16:23           ... (min/my/avg/max, bal) (7336.79/7336.79/7336.79/7336.79 s, 1.00) barrier(0.00 s) --- 
2023-02-15 13:16:23 Peak memory used across all nodes: 23.89GB
2023-02-15 13:16:23 Finished in 7340.61 s at 02/15/23 13:16:23 for SimCov version 0.1.1.8024051-dirty
