2023-02-18 21:29:46 SimCov version SimCov version 0.1.1.8024051-dirty-master built on 20230216_082905
2023-02-18 21:29:46 _________________________
2023-02-18 21:29:46 Compiler definitions:
2023-02-18 21:29:46   _XOPEN_SOURCE=700
2023-02-18 21:29:46   CONFIG_USE_COLORS
2023-02-18 21:29:46   USE_BYTELL
2023-02-18 21:29:46   MAX_VIRIONS=125000
2023-02-18 21:29:46   MIN_VIRIONS=1e-10
2023-02-18 21:29:46   BLOCK_PARTITION
2023-02-18 21:29:46   MIN_BLOCKS_PER_PROC=1
2023-02-18 21:29:46   AVERAGE_SUBSAMPLE
2023-02-18 21:29:46 _________________________
2023-02-18 21:29:46 Options:
2023-02-18 21:29:46   dim =                         15000 15000 1
2023-02-18 21:29:46   whole-lung-dim =              48000 40000 20000
2023-02-18 21:29:46   timesteps =                   144005
2023-02-18 21:29:46   infection-coords =            uniform:1
2023-02-18 21:29:46   initial-infection =           999
2023-02-18 21:29:46   incubation-period =           5000
2023-02-18 21:29:46   apoptosis-period =            180
2023-02-18 21:29:46   expressing-period =           900
2023-02-18 21:29:46   infectivity =                 0.025
2023-02-18 21:29:46   infectivity-multiplier =      1.0
2023-02-18 21:29:46   virion-production =           1.1
2023-02-18 21:29:46   virion-production-multiplier = 1.0
2023-02-18 21:29:46   virion-clearance =            0.004
2023-02-18 21:29:46   virion-diffusion =            0.15
2023-02-18 21:29:46   chemokine-production =        1.0
2023-02-18 21:29:46   chemokine-decay =             0.01
2023-02-18 21:29:46   chemokine-diffusion =         1.0
2023-02-18 21:29:46   min-chemokine =               1e-06
2023-02-18 21:29:46   antibody-factor =             1
2023-02-18 21:29:46   antibody-period =             5760
2023-02-18 21:29:46   tcell-generation-rate =       105000
2023-02-18 21:29:46   tcell-initial-delay =         10080
2023-02-18 21:29:46   tcell-vascular-period =       5760
2023-02-18 21:29:46   tcell-tissue-period =         1440
2023-02-18 21:29:46   tcell-binding-period =        10
2023-02-18 21:29:46   max-binding-prob =            1
2023-02-18 21:29:46   tcells-follow-gradient =      false
2023-02-18 21:29:46   seed =                        1
2023-02-18 21:29:46   sample-period =               0
2023-02-18 21:29:46   sample-resolution =           1
2023-02-18 21:29:46   max-block-dim =               10
2023-02-18 21:29:46   output =                      exp_results/per_5000_inf_0.025/init_999/1
2023-02-18 21:29:46 _________________________
2023-02-18 21:29:46 Starting run with 64 processes on 2 nodes at 02/18/23 21:29:46
2023-02-18 21:29:46 Pinned processes, with process 0 (pid 30054) pinned to core 0
2023-02-18 21:29:46 Using block partitioning
2023-02-18 21:29:46 Initial free memory across all nodes: 151.47GB
2023-02-18 21:29:46 Starting with 76.83GB free on node 0
2023-02-18 21:29:46 Dividing 225000000 grid points into 3515625 squares of size 64 (8^2), with 54932 per process
2023-02-18 21:29:46 Total initial memory required per process is at least 281.63MB with each grid point requiring on average 84 bytes
2023-02-18 21:29:50  --- Elapsed time for tissue.cpp:Tissue:  (exiting barrier) 2023-02-18 21:29:50 ...
2023-02-18 21:29:50           ... (min/my/avg/max, bal) (3.50/3.50/3.50/3.50 s, 1.00) barrier(0.00 s) --- 
2023-02-18 21:29:50 Memory used on node 0 after initialization is  10.90GB
2023-02-18 21:29:50           ... (min/my/avg/max, bal) No-Time barrier(0.00 s) --- 
2023-02-18 21:29:50 Fraction of circulating T cells extravasating is 5.85938e-06
2023-02-18 21:29:50 # datetime                    step    incb       expr       apop       dead       tvas       ttis       chem       virs       chempts    %infct     <%active  lbln>
2023-02-18 21:29:50 [0] <main.cpp:141> WARNING: Time step 0: SUCCESSFUL initial infection at (7500, 7500, 0) after 0 tries
2023-02-18 21:29:50 [02/18/23 21:29:50    0.00s]: 0       1          0          0          0          0          0          0.00e+00   0.00e+00   1.00e+00   0.00       < 0.000 0.016 >
2023-02-18 21:29:51 [02/18/23 21:29:51    0.88s]: 2880    816        0          0          0          0          0          0.00e+00   9.69e-03   8.16e+02   0.00       < 0.007 0.776 >
2023-02-18 21:29:52 [02/18/23 21:29:52    1.00s]: 5760    2554       711        0          6          0          0          8.71e-06   1.56e+05   1.96e+04   0.00       < 0.009 0.799 >
2023-02-18 21:29:54 [02/18/23 21:29:54    2.07s]: 8640    6572       0          0          816        0          0          1.21e-07   2.60e+02   1.17e+04   0.00       < 0.014 0.867 >
2023-02-18 21:29:56 [02/18/23 21:29:56    2.28s]: 11520   5245       2449       263        3280       133768023  75         3.13e-05   7.70e+05   3.65e+04   0.00       < 0.016 0.873 >
2023-02-18 21:30:00 [02/18/23 21:30:00    3.89s]: 14400   3347       0          810        15312      319075387  429        2.62e-07   2.41e+03   3.81e+04   0.01       < 0.024 0.906 >
2023-02-18 21:30:04 [02/18/23 21:30:04    4.05s]: 17280   61         6          13         19677      431465384  148        1.12e-06   2.10e+03   2.61e+04   0.01       < 0.024 0.905 >
2023-02-18 21:30:08 [02/18/23 21:30:08    3.91s]: 20160   97         0          66         20401      499630253  163        4.26e-11   1.18e+01   2.13e+04   0.01       < 0.021 0.850 >
2023-02-18 21:30:11 [02/18/23 21:30:11    3.21s]: 23040   10         0          0          20568      540972885  0          0.00e+00   1.13e-04   2.06e+04   0.01       < 0.006 0.685 >
2023-02-18 21:30:14 [02/18/23 21:30:14    3.18s]: 25920   1154       1          258        22524      566046693  466        4.66e-07   5.61e+02   3.96e+04   0.01       < 0.024 0.837 >
2023-02-18 21:30:19 [02/18/23 21:30:19    4.70s]: 28800   33         0          2          24799      581254293  4          1.43e-07   7.83e+01   2.67e+04   0.01       < 0.025 0.871 >
2023-02-18 21:30:23 [02/18/23 21:30:23    4.01s]: 31680   268        2          76         25579      590477717  237        3.48e-07   4.19e+02   3.19e+04   0.01       < 0.019 0.823 >
2023-02-18 21:30:27 [02/18/23 21:30:27    4.15s]: 34560   34         0          0          26558      596071889  0          0.00e+00   2.12e-02   2.66e+04   0.01       < 0.019 0.841 >
2023-02-18 21:30:31 [02/18/23 21:30:31    4.17s]: 37440   82         0          42         28289      599464327  216        0.00e+00   2.05e+00   2.84e+04   0.01       < 0.017 0.846 >
2023-02-18 21:30:35 [02/18/23 21:30:35    4.33s]: 40320   228        0          143        29795      601522227  361        0.00e+00   1.23e+01   3.02e+04   0.01       < 0.024 0.755 >
2023-02-18 21:30:40 [02/18/23 21:30:40    4.64s]: 43200   1346       0          255        31070      602770324  422        2.43e-07   4.85e+02   5.10e+04   0.01       < 0.030 0.823 >
2023-02-18 21:30:45 [02/18/23 21:30:45    4.92s]: 46080   313        1          47         33684      603527246  194        8.52e-08   1.35e+02   4.02e+04   0.02       < 0.030 0.865 >
2023-02-18 21:30:50 [02/18/23 21:30:50    4.82s]: 48960   687        0          239        35444      603986185  467        1.31e-08   1.72e+02   5.16e+04   0.02       < 0.029 0.902 >
2023-02-18 21:30:54 [02/18/23 21:30:54    4.53s]: 51840   443        4          26         36516      604265029  84         8.27e-07   9.79e+02   4.72e+04   0.02       < 0.027 0.814 >
2023-02-18 21:30:59 [02/18/23 21:30:59    4.95s]: 54720   862        2          227        38862      604433548  493        5.87e-07   1.74e+03   5.19e+04   0.02       < 0.031 0.846 >
2023-02-18 21:31:05 [02/18/23 21:31:05    5.59s]: 57600   36         0          9          41497      604535855  29         0.00e+00   1.59e-01   4.15e+04   0.02       < 0.026 0.898 >
2023-02-18 21:31:10 [02/18/23 21:31:10    4.97s]: 60480   540        1          309        44406      604597931  697        2.56e-08   8.57e+01   5.08e+04   0.02       < 0.027 0.883 >
2023-02-18 21:31:16 [02/18/23 21:31:16    6.03s]: 63360   78         0          33         47509      604635695  129        0.00e+00   6.09e-01   4.76e+04   0.02       < 0.041 0.916 >
2023-02-18 21:31:20 [02/18/23 21:31:20    4.60s]: 66240   602        5          170        47909      604658409  527        1.18e-06   2.23e+03   6.68e+04   0.02       < 0.024 0.831 >
2023-02-18 21:31:26 [02/18/23 21:31:26    5.90s]: 69120   452        0          147        51025      604672111  333        1.23e-10   2.09e+01   5.43e+04   0.02       < 0.042 0.934 >
2023-02-18 21:31:31 [02/18/23 21:31:31    4.53s]: 72000   141        2          0          51625      604681102  9          2.84e-07   1.72e+02   5.67e+04   0.02       < 0.014 0.787 >
2023-02-18 21:31:37 [02/18/23 21:31:37    5.94s]: 74880   838        0          266        55861      604685366  703        1.00e-07   2.48e+02   6.88e+04   0.03       < 0.050 0.911 >
2023-02-18 21:31:43 [02/18/23 21:31:43    6.46s]: 77760   51         0          0          57262      604689099  0          0.00e+00   2.40e-03   5.73e+04   0.03       < 0.027 0.844 >
2023-02-18 21:31:48 [02/18/23 21:31:48    5.06s]: 80640   1557       2          262        58689      604690544  640        1.05e-06   1.91e+03   8.88e+04   0.03       < 0.037 0.898 >
2023-02-18 21:31:54 [02/18/23 21:31:54    6.03s]: 83520   27         0          0          61513      604692051  0          0.00e+00   3.08e-02   6.15e+04   0.03       < 0.031 0.847 >
2023-02-18 21:31:58 [02/18/23 21:31:58    4.08s]: 86400   728        0          241        62235      604692681  557        2.27e-08   2.52e+02   7.80e+04   0.03       < 0.018 0.829 >
2023-02-18 21:32:05 [02/18/23 21:32:05    6.23s]: 89280   277        0          125        65384      604693082  213        2.29e-10   2.14e+01   6.89e+04   0.03       < 0.043 0.871 >
2023-02-18 21:32:09 [02/18/23 21:32:09    4.45s]: 92160   190        1          36         65835      604693707  120        5.96e-07   6.10e+02   7.28e+04   0.03       < 0.013 0.808 >
2023-02-18 21:32:14 [02/18/23 21:32:14    5.04s]: 95040   516        1          173        68165      604693648  397        1.97e-07   2.06e+02   7.81e+04   0.03       < 0.041 0.874 >
2023-02-18 21:32:20 [02/18/23 21:32:20    5.78s]: 97920   273        6          39         69776      604693959  97         8.03e-07   1.64e+03   7.77e+04   0.03       < 0.027 0.875 >
2023-02-18 21:32:25 [02/18/23 21:32:25    5.32s]: 100800  1272       9          135        71706      604693687  326        1.63e-06   3.31e+03   9.86e+04   0.03       < 0.042 0.856 >
2023-02-18 21:32:32 [02/18/23 21:32:32    6.84s]: 103680  39         0          0          75350      604693790  9          0.00e+00   2.02e-01   7.54e+04   0.03       < 0.031 0.893 >
2023-02-18 21:32:38 [02/18/23 21:32:38    5.48s]: 106560  976        1          313        77751      604693471  737        6.49e-07   1.38e+03   9.68e+04   0.04       < 0.031 0.903 >
2023-02-18 21:32:44 [02/18/23 21:32:44    6.60s]: 109440  39         0          4          81007      604693628  56         0.00e+00   4.24e-01   8.10e+04   0.04       < 0.042 0.885 >
2023-02-18 21:32:49 [02/18/23 21:32:49    4.33s]: 112320  1675       2          245        81311      604693811  353        4.56e-07   6.55e+02   1.09e+05   0.04       < 0.018 0.792 >
2023-02-18 21:32:55 [02/18/23 21:32:55    6.21s]: 115200  740        0          272        86340      604693412  510        1.27e-09   5.49e+01   9.52e+04   0.04       < 0.045 0.856 >
2023-02-18 21:33:00 [02/18/23 21:33:00    5.30s]: 118080  75         4          8          87439      604693967  64         5.06e-07   5.36e+02   9.50e+04   0.04       < 0.019 0.883 >
2023-02-18 21:33:05 [02/18/23 21:33:05    4.99s]: 120960  573        2          38         90047      604693734  211        3.93e-07   3.57e+02   9.97e+04   0.04       < 0.035 0.880 >
2023-02-18 21:33:11 [02/18/23 21:33:11    5.66s]: 123840  48         0          5          92171      604693895  90         0.00e+00   5.80e-01   9.22e+04   0.04       < 0.021 0.821 >
2023-02-18 21:33:16 [02/18/23 21:33:16    4.77s]: 126720  987        0          353        93906      604693527  850        8.78e-08   1.09e+03   1.03e+05   0.04       < 0.034 0.895 >
2023-02-18 21:33:21 [02/18/23 21:33:21    5.80s]: 129600  100        0          60         95687      604693878  211        5.26e-09   5.97e+01   9.92e+04   0.04       < 0.035 0.875 >
2023-02-18 21:33:25 [02/18/23 21:33:25    3.99s]: 132480  832        0          77         95927      604694046  270        8.32e-07   1.05e+03   1.14e+05   0.04       < 0.026 0.847 >
2023-02-18 21:33:30 [02/18/23 21:33:30    5.13s]: 135360  273        0          16         97571      604694038  50         6.37e-08   1.11e+02   1.05e+05   0.04       < 0.031 0.849 >
2023-02-18 21:33:35 [02/18/23 21:33:35    4.17s]: 138240  781        0          89         98142      604694106  273        7.26e-07   1.23e+03   1.18e+05   0.04       < 0.020 0.775 >
2023-02-18 21:33:39 [02/18/23 21:33:39    4.54s]: 141120  533        0          115        99736      604694056  183        5.87e-08   6.01e+02   1.10e+05   0.04       < 0.026 0.844 >
2023-02-18 21:33:43 [02/18/23 21:33:43    3.64s]: 144000  17         0          0          100595     604694376  0          0.00e+00   5.83e-03   1.01e+05   0.04       < 0.008 0.760 >
2023-02-18 21:33:43 [02/18/23 21:33:43    0.00s]: 144004  17         0          0          100595     604694377  0          0.00e+00   5.73e-03   1.01e+05   0.04       < 0.008 0.760 >
2023-02-18 21:33:43  ---  main.cpp:generate tcells took  avg 0.01 s max 0.01 s balance 0.86  --- 
2023-02-18 21:33:43  ---  main.cpp:update circulating tcells took  avg 47.76 s max 51.19 s balance 0.93  --- 
2023-02-18 21:33:43  ---  main.cpp:update tcells took  avg 5.36 s max 5.85 s balance 0.92  --- 
2023-02-18 21:33:43  ---  main.cpp:update epicells took  avg 8.41 s max 8.73 s balance 0.96  --- 
2023-02-18 21:33:43  ---  main.cpp:update concentrations took  avg 24.01 s max 24.91 s balance 0.96  --- 
2023-02-18 21:33:43  ---  main.cpp:compute updates took  avg 140.36 s max 140.37 s balance 1.00  --- 
2023-02-18 21:33:43  ---  main.cpp:dispatch updates took  avg 47.77 s max 51.62 s balance 0.93  --- 
2023-02-18 21:33:43  ---  main.cpp:add new actives took  avg 3.67 s max 4.21 s balance 0.87  --- 
2023-02-18 21:33:43  ---  main.cpp:erase inactive took  avg 15.72 s max 16.25 s balance 0.97  --- 
2023-02-18 21:33:43  ---  main.cpp:sample took  avg 0.00 s max 0.00 s balance -nan  --- 
2023-02-18 21:33:43  ---  main.cpp:sample write took  avg 0.00 s max 0.00 s balance -nan  --- 
2023-02-18 21:33:43  ---  main.cpp:log took  avg 6.36 s max 6.40 s balance 0.99  --- 
2023-02-18 21:33:43 Finished 144005 time steps in 233.1566 s (0.0016 s per step)
2023-02-18 21:33:43  --- Elapsed time for main.cpp:run_sim:  (exiting barrier) 2023-02-18 21:33:43 ...
2023-02-18 21:33:43           ... (min/my/avg/max, bal) (233.16/233.16/233.16/233.16 s, 1.00) barrier(0.00 s) --- 
2023-02-18 21:33:43 Peak memory used across all nodes: 21.89GB
2023-02-18 21:33:43 Finished in 237.12 s at 02/18/23 21:33:43 for SimCov version 0.1.1.8024051-dirty
