2023-02-13 18:49:42 SimCov version SimCov version 0.1.1.9cc77ef-dirty-branching_airways_3min_model built on 20230204_191356
2023-02-13 18:49:42 _________________________
2023-02-13 18:49:42 Compiler definitions:
2023-02-13 18:49:42   _XOPEN_SOURCE=700
2023-02-13 18:49:42   CONFIG_USE_COLORS
2023-02-13 18:49:42   USE_BYTELL
2023-02-13 18:49:42   MAX_VIRIONS=125000
2023-02-13 18:49:42   MIN_VIRIONS=1e-10
2023-02-13 18:49:42   BLOCK_PARTITION
2023-02-13 18:49:42   MIN_BLOCKS_PER_PROC=1
2023-02-13 18:49:42   AVERAGE_SUBSAMPLE
2023-02-13 18:49:42 _________________________
2023-02-13 18:49:42 Options:
2023-02-13 18:49:42   dim =                         15000 15000 1
2023-02-13 18:49:42   whole-lung-dim =              48000 40000 20000
2023-02-13 18:49:42   timesteps =                   216005
2023-02-13 18:49:42   infection-coords =            uniform:1
2023-02-13 18:49:42   initial-infection =           999
2023-02-13 18:49:42   incubation-period =           5000
2023-02-13 18:49:42   apoptosis-period =            180
2023-02-13 18:49:42   expressing-period =           900
2023-02-13 18:49:42   infectivity =                 0.025
2023-02-13 18:49:42   infectivity-multiplier =      1.0
2023-02-13 18:49:42   virion-production =           1.1
2023-02-13 18:49:42   virion-production-multiplier = 1.0
2023-02-13 18:49:42   virion-clearance =            0.004
2023-02-13 18:49:42   virion-diffusion =            0.15
2023-02-13 18:49:42   chemokine-production =        1.0
2023-02-13 18:49:42   chemokine-decay =             0.01
2023-02-13 18:49:42   chemokine-diffusion =         1.0
2023-02-13 18:49:42   min-chemokine =               1e-06
2023-02-13 18:49:42   antibody-factor =             1
2023-02-13 18:49:42   antibody-period =             5760
2023-02-13 18:49:42   tcell-generation-rate =       105000
2023-02-13 18:49:42   tcell-initial-delay =         10080
2023-02-13 18:49:42   tcell-vascular-period =       5760
2023-02-13 18:49:42   tcell-tissue-period =         1440
2023-02-13 18:49:42   tcell-binding-period =        10
2023-02-13 18:49:42   max-binding-prob =            1
2023-02-13 18:49:42   tcells-follow-gradient =      false
2023-02-13 18:49:42   seed =                        1
2023-02-13 18:49:42   sample-period =               0
2023-02-13 18:49:42   sample-resolution =           1
2023-02-13 18:49:42   max-block-dim =               10
2023-02-13 18:49:42   output =                      exp_results/per_5000_inf_0.025/init_999/1
2023-02-13 18:49:42 _________________________
2023-02-13 18:49:42 Starting run with 64 processes on 2 nodes at 02/13/23 18:49:42
2023-02-13 18:49:42 Pinned processes, with process 0 (pid 3891955) pinned to core 0
2023-02-13 18:49:42 Using block partitioning
2023-02-13 18:49:42 Initial free memory across all nodes: 150.60GB
2023-02-13 18:49:42 Starting with 75.58GB free on node 0
2023-02-13 18:49:42 Dividing 225000000 grid points into 3515625 squares of size 64 (8^2), with 54932 per process
2023-02-13 18:49:42 Total initial memory required per process is at least 308.46MB with each grid point requiring on average 92 bytes
2023-02-13 18:49:45  --- Elapsed time for tissue.cpp:Tissue:  (exiting barrier) 2023-02-13 18:49:45 ...
2023-02-13 18:49:45           ... (min/my/avg/max, bal) (3.46/3.46/3.46/3.46 s, 1.00) barrier(0.00 s) --- 
2023-02-13 18:49:45 Memory used on node 0 after initialization is  11.74GB
2023-02-13 18:49:45           ... (min/my/avg/max, bal) No-Time barrier(0.00 s) --- 
2023-02-13 18:49:45 Fraction of circulating T cells extravasating is 5.85938e-06
2023-02-13 18:49:45 # datetime                    step    incb       expr       apop       dead       tvas       ttis       inflcell   inflallvirs%infct     <%active  lbln>
2023-02-13 18:49:45 [0] <main.cpp:145> WARNING: Time step 0: SUCCESSFUL initial infection at (7500, 7500, 0) after 0 tries
2023-02-13 18:49:45 [02/13/23 18:49:45    0.00s]: 0       1          0          0          0          0          0          0          0          0.00e+00   0.0000004444< 0.000 0.016 >
2023-02-13 18:49:47 [02/13/23 18:49:47    1.33s]: 4320    820        0          0          0          0          0          0          0          2.93e-05   0.0003644444< 0.004 0.602 >
2023-02-13 18:49:49 [02/13/23 18:49:49    2.50s]: 8640    6661       0          0          820        0          0          25367      25367      7.52e+01   0.0033248889< 0.014 0.880 >
2023-02-13 18:49:53 [02/13/23 18:49:53    3.84s]: 12960   6749       249        711        9398       237944503  300        43397      43397      1.67e+05   0.0076031111< 0.020 0.839 >
2023-02-13 18:49:59 [02/13/23 18:49:59    5.78s]: 17280   82         9          11         19280      431465370  33         43835      43835      1.51e+03   0.0086142222< 0.023 0.912 >
2023-02-13 18:50:05 [02/13/23 18:50:05    6.24s]: 21600   147        0          44         21749      522871836  160        51396      51396      3.17e+00   0.0097511111< 0.026 0.850 >
2023-02-13 18:50:11 [02/13/23 18:50:11    5.39s]: 25920   1442       0          462        23433      566046434  685        61532      61532      5.34e+02   0.0112608889< 0.023 0.845 >
2023-02-13 18:50:17 [02/13/23 18:50:17    6.63s]: 30240   56         0          7          25794      586439900  54         61817      61817      2.48e+02   0.0114920000< 0.011 0.785 >
2023-02-13 18:50:23 [02/13/23 18:50:23    6.07s]: 34560   67         0          47         28356      596071852  131        68009      68009      2.32e+00   0.0126533333< 0.025 0.878 >
2023-02-13 18:50:28 [02/13/23 18:50:28    4.60s]: 38880   334        2          5          28547      600621852  66         71065      71065      3.58e+02   0.0128391111< 0.012 0.845 >
2023-02-13 18:50:33 [02/13/23 18:50:33    5.58s]: 43200   18         0          0          30849      602771183  0          76473      76473      4.46e-04   0.0137186667< 0.015 0.848 >
2023-02-13 18:50:39 [02/13/23 18:50:39    5.66s]: 47520   64         0          73         33853      603785732  253        83609      83609      5.17e+00   0.0151066667< 0.027 0.883 >
2023-02-13 18:50:44 [02/13/23 18:50:44    5.25s]: 51840   549        2          16         34229      604265204  80         88619      88619      4.50e+02   0.0154648889< 0.013 0.866 >
2023-02-13 18:50:51 [02/13/23 18:50:51    6.66s]: 56160   27         0          0          38024      604491447  6          93851      93851      4.32e-02   0.0169115556< 0.024 0.841 >
2023-02-13 18:50:57 [02/13/23 18:50:57    5.92s]: 60480   250        0          95         41051      604598358  317        102993     102993     1.99e+02   0.0183982222< 0.026 0.866 >
2023-02-13 18:51:03 [02/13/23 18:51:03    6.41s]: 64800   341        1          101        43154      604648947  266        107089     107089     1.82e+02   0.0193764444< 0.019 0.768 >
2023-02-13 18:51:10 [02/13/23 18:51:10    6.81s]: 69120   544        0          69         45328      604672700  100        112076     112076     6.77e+02   0.0204182222< 0.024 0.877 >
2023-02-13 18:51:17 [02/13/23 18:51:17    6.56s]: 73440   1129       3          267        47916      604683865  428        123609     123609     8.28e+02   0.0219177778< 0.031 0.826 >
2023-02-13 18:51:24 [02/13/23 18:51:24    7.26s]: 77760   705        4          115        51511      604689180  208        131454     131454     2.12e+03   0.0232600000< 0.026 0.797 >
2023-02-13 18:51:30 [02/13/23 18:51:30    6.33s]: 82080   18         0          0          53740      604691985  42         134475     134475     2.98e-01   0.0238924444< 0.016 0.818 >
2023-02-13 18:51:36 [02/13/23 18:51:36    5.76s]: 86400   166        2          0          55100      604693246  7          136506     136506     2.17e+02   0.0245635556< 0.019 0.838 >
2023-02-13 18:51:41 [02/13/23 18:51:41    5.42s]: 90720   308        0          118        56924      604693680  396        141303     141303     7.57e+01   0.0254888889< 0.021 0.803 >
2023-02-13 18:51:47 [02/13/23 18:51:47    5.33s]: 95040   53         0          46         58182      604694181  133        144810     144810     1.25e+00   0.0259026667< 0.009 0.771 >
2023-02-13 18:51:54 [02/13/23 18:51:54    6.73s]: 99360   20         0          1          62287      604694002  2          151548     151548     9.31e-02   0.0276924444< 0.027 0.859 >
2023-02-13 18:52:00 [02/13/23 18:52:00    6.03s]: 103680  885        1          214        63768      604693992  424        157268     157268     2.58e+02   0.0288302222< 0.023 0.852 >
2023-02-13 18:52:07 [02/13/23 18:52:07    6.96s]: 108000  96         0          69         66510      604694164  162        159172     159172     3.01e+00   0.0296333333< 0.020 0.844 >
2023-02-13 18:52:13 [02/13/23 18:52:13    6.92s]: 112320  161        1          3          68325      604694158  43         163520     163520     2.25e+02   0.0304400000< 0.030 0.850 >
2023-02-13 18:52:19 [02/13/23 18:52:19    5.92s]: 116640  1389       2          198        69391      604694039  466        167382     167382     9.96e+02   0.0315466667< 0.028 0.821 >
2023-02-13 18:52:26 [02/13/23 18:52:26    7.00s]: 120960  499        0          179        72461      604694164  211        171871     171871     4.65e+01   0.0325062222< 0.019 0.818 >
2023-02-13 18:52:33 [02/13/23 18:52:33    6.39s]: 125280  91         2          9          76277      604694096  69         176762     176762     1.98e+02   0.0339462222< 0.025 0.870 >
2023-02-13 18:52:39 [02/13/23 18:52:39    6.15s]: 129600  723        2          119        77720      604694056  338        178184     178184     6.09e+02   0.0349173333< 0.028 0.880 >
2023-02-13 18:52:46 [02/13/23 18:52:46    6.74s]: 133920  522        0          171        80570      604694045  303        182670     182670     1.48e+02   0.0361168889< 0.021 0.881 >
2023-02-13 18:52:53 [02/13/23 18:52:53    7.52s]: 138240  376        0          110        84593      604693886  218        187806     187806     1.97e+01   0.0378128889< 0.029 0.843 >
2023-02-13 18:53:00 [02/13/23 18:53:00    6.61s]: 142560  863        0          267        86463      604693833  525        192634     192634     3.90e+02   0.0389302222< 0.026 0.780 >
2023-02-13 18:53:07 [02/13/23 18:53:07    6.94s]: 146880  102        1          0          88416      604694300  4          194584     194584     1.42e+02   0.0393417778< 0.013 0.741 >
2023-02-13 18:53:14 [02/13/23 18:53:14    7.38s]: 151200  24         0          4          91982      604693973  35         202093     202093     3.06e-01   0.0408933333< 0.034 0.902 >
2023-02-13 18:53:20 [02/13/23 18:53:20    5.56s]: 155520  830        1          190        93354      604693978  510        210573     210573     5.30e+02   0.0419444444< 0.025 0.899 >
2023-02-13 18:53:27 [02/13/23 18:53:27    6.92s]: 159840  226        0          95         96032      604694164  190        214547     214547     1.38e+02   0.0428235556< 0.017 0.764 >
2023-02-13 18:53:34 [02/13/23 18:53:34    7.09s]: 164160  288        0          208        100243     604693850  296        221968     221968     1.31e+01   0.0447728889< 0.032 0.829 >
2023-02-13 18:53:41 [02/13/23 18:53:41    6.89s]: 168480  607        1          202        102879     604693836  493        230991     230991     1.55e+02   0.0460840000< 0.027 0.796 >
2023-02-13 18:53:47 [02/13/23 18:53:47    6.66s]: 172800  575        0          54         104149     604694202  144        234230     234230     2.54e+02   0.0465680000< 0.014 0.749 >
2023-02-13 18:53:55 [02/13/23 18:53:55    7.35s]: 177120  124        0          59         108261     604693957  116        244323     244323     1.70e+00   0.0481973333< 0.034 0.838 >
2023-02-13 18:54:02 [02/13/23 18:54:02    7.03s]: 181440  1969       0          480        110566     604693623  704        258739     258739     8.41e+02   0.0502288889< 0.039 0.873 >
2023-02-13 18:54:10 [02/13/23 18:54:10    8.52s]: 185760  491        0          105        114106     604693904  298        260697     260697     2.76e+02   0.0509786667< 0.023 0.857 >
2023-02-13 18:54:18 [02/13/23 18:54:18    7.77s]: 190080  39         0          1          117558     604693934  4          270185     270185     8.18e-02   0.0522657778< 0.032 0.851 >
2023-02-13 18:54:24 [02/13/23 18:54:24    6.53s]: 194400  1245       0          486        120893     604693464  928        283495     283495     3.61e+02   0.0544995556< 0.038 0.903 >
2023-02-13 18:54:32 [02/13/23 18:54:32    7.85s]: 198720  1052       0          140        123077     604693862  367        285864     285864     1.23e+03   0.0552306667< 0.022 0.817 >
2023-02-13 18:54:41 [02/13/23 18:54:41    8.86s]: 203040  103        0          55         128279     604693787  155        295494     295494     4.91e+00   0.0570831111< 0.036 0.805 >
2023-02-13 18:54:49 [02/13/23 18:54:49    8.19s]: 207360  986        0          345        133169     604693230  773        307211     307211     3.38e+02   0.0597777778< 0.044 0.929 >
2023-02-13 18:54:58 [02/13/23 18:54:58    8.96s]: 211680  1153       0          198        135602     604693669  330        314289     314289     3.26e+02   0.0608680000< 0.026 0.849 >
2023-02-13 18:55:07 [02/13/23 18:55:07    8.77s]: 216000  323        1          133        140672     604693514  338        324578     324578     1.11e+02   0.0627240000< 0.041 0.839 >
2023-02-13 18:55:07 [02/13/23 18:55:07    0.01s]: 216004  321        1          132        140676     604693514  339        324578     324578     1.14e+02   0.0627244444< 0.041 0.837 >
2023-02-13 18:55:07  ---  main.cpp:generate tcells took  avg 0.02 s max 0.02 s balance 0.89  --- 
2023-02-13 18:55:07  ---  main.cpp:update circulating tcells took  avg 73.45 s max 79.88 s balance 0.92  --- 
2023-02-13 18:55:07  ---  main.cpp:update tcells took  avg 7.07 s max 7.78 s balance 0.91  --- 
2023-02-13 18:55:07  ---  main.cpp:update epicells took  avg 11.13 s max 11.55 s balance 0.96  --- 
2023-02-13 18:55:07  ---  main.cpp:update concentrations took  avg 32.16 s max 33.59 s balance 0.96  --- 
2023-02-13 18:55:07  ---  main.cpp:compute updates took  avg 197.88 s max 197.91 s balance 1.00  --- 
2023-02-13 18:55:07  ---  main.cpp:dispatch updates took  avg 63.35 s max 67.93 s balance 0.93  --- 
2023-02-13 18:55:07  ---  main.cpp:add new actives took  avg 4.23 s max 4.40 s balance 0.96  --- 
2023-02-13 18:55:07  ---  main.cpp:erase inactive took  avg 20.35 s max 21.03 s balance 0.97  --- 
2023-02-13 18:55:07  ---  main.cpp:sample took  avg 0.00 s max 0.00 s balance -nan  --- 
2023-02-13 18:55:07  ---  main.cpp:sample write took  avg 0.00 s max 0.00 s balance -nan  --- 
2023-02-13 18:55:07  ---  main.cpp:log took  avg 8.93 s max 8.97 s balance 0.99  --- 
2023-02-13 18:55:07 Finished 216005 time steps in 321.5912 s (0.0015 s per step)
2023-02-13 18:55:07  --- Elapsed time for main.cpp:run_sim:  (exiting barrier) 2023-02-13 18:55:07 ...
2023-02-13 18:55:07           ... (min/my/avg/max, bal) (321.59/321.59/321.59/321.59 s, 1.00) barrier(0.00 s) --- 
2023-02-13 18:55:07 Peak memory used across all nodes: 23.61GB
2023-02-13 18:55:07 Finished in 325.17 s at 02/13/23 18:55:07 for SimCov version 0.1.1.9cc77ef-dirty
