2023-02-18 21:40:35 SimCov version SimCov version 0.1.1.8024051-dirty-master built on 20230216_082905
2023-02-18 21:40:35 _________________________
2023-02-18 21:40:35 Compiler definitions:
2023-02-18 21:40:35   _XOPEN_SOURCE=700
2023-02-18 21:40:35   CONFIG_USE_COLORS
2023-02-18 21:40:35   USE_BYTELL
2023-02-18 21:40:35   MAX_VIRIONS=125000
2023-02-18 21:40:35   MIN_VIRIONS=1e-10
2023-02-18 21:40:35   BLOCK_PARTITION
2023-02-18 21:40:35   MIN_BLOCKS_PER_PROC=1
2023-02-18 21:40:35   AVERAGE_SUBSAMPLE
2023-02-18 21:40:35 _________________________
2023-02-18 21:40:35 Options:
2023-02-18 21:40:35   dim =                         15000 15000 1
2023-02-18 21:40:35   whole-lung-dim =              48000 40000 20000
2023-02-18 21:40:35   timesteps =                   144005
2023-02-18 21:40:35   infection-coords =            uniform:1
2023-02-18 21:40:35   initial-infection =           999
2023-02-18 21:40:35   incubation-period =           5000
2023-02-18 21:40:35   apoptosis-period =            180
2023-02-18 21:40:35   expressing-period =           900
2023-02-18 21:40:35   infectivity =                 0.025
2023-02-18 21:40:35   infectivity-multiplier =      1.0
2023-02-18 21:40:35   virion-production =           1.1
2023-02-18 21:40:35   virion-production-multiplier = 1.0
2023-02-18 21:40:35   virion-clearance =            0.004
2023-02-18 21:40:35   virion-diffusion =            0.15
2023-02-18 21:40:35   chemokine-production =        1.0
2023-02-18 21:40:35   chemokine-decay =             0.01
2023-02-18 21:40:35   chemokine-diffusion =         1.0
2023-02-18 21:40:35   min-chemokine =               1e-06
2023-02-18 21:40:35   antibody-factor =             1
2023-02-18 21:40:35   antibody-period =             5760
2023-02-18 21:40:35   tcell-generation-rate =       105000
2023-02-18 21:40:35   tcell-initial-delay =         10080
2023-02-18 21:40:35   tcell-vascular-period =       5760
2023-02-18 21:40:35   tcell-tissue-period =         1440
2023-02-18 21:40:35   tcell-binding-period =        10
2023-02-18 21:40:35   max-binding-prob =            1
2023-02-18 21:40:35   tcells-follow-gradient =      false
2023-02-18 21:40:35   seed =                        4
2023-02-18 21:40:35   sample-period =               0
2023-02-18 21:40:35   sample-resolution =           1
2023-02-18 21:40:35   max-block-dim =               10
2023-02-18 21:40:35   output =                      exp_results/per_5000_inf_0.025/init_999/4
2023-02-18 21:40:35 _________________________
2023-02-18 21:40:35 Starting run with 64 processes on 2 nodes at 02/18/23 21:40:35
2023-02-18 21:40:35 Pinned processes, with process 0 (pid 31170) pinned to core 0
2023-02-18 21:40:35 Using block partitioning
2023-02-18 21:40:35 Initial free memory across all nodes: 151.49GB
2023-02-18 21:40:35 Starting with 76.84GB free on node 0
2023-02-18 21:40:35 Dividing 225000000 grid points into 3515625 squares of size 64 (8^2), with 54932 per process
2023-02-18 21:40:35 Total initial memory required per process is at least 281.63MB with each grid point requiring on average 84 bytes
2023-02-18 21:40:38  --- Elapsed time for tissue.cpp:Tissue:  (exiting barrier) 2023-02-18 21:40:38 ...
2023-02-18 21:40:38           ... (min/my/avg/max, bal) (3.49/3.49/3.49/3.49 s, 1.00) barrier(0.00 s) --- 
2023-02-18 21:40:38 Memory used on node 0 after initialization is  10.91GB
2023-02-18 21:40:38           ... (min/my/avg/max, bal) No-Time barrier(0.00 s) --- 
2023-02-18 21:40:38 Fraction of circulating T cells extravasating is 5.85938e-06
2023-02-18 21:40:38 # datetime                    step    incb       expr       apop       dead       tvas       ttis       chem       virs       chempts    %infct     <%active  lbln>
2023-02-18 21:40:38 [0] <main.cpp:141> WARNING: Time step 0: SUCCESSFUL initial infection at (7500, 7500, 0) after 0 tries
2023-02-18 21:40:38 [02/18/23 21:40:38    0.00s]: 0       1          0          0          0          0          0          0.00e+00   0.00e+00   1.00e+00   0.00       < 0.000 0.016 >
2023-02-18 21:40:39 [02/18/23 21:40:39    0.88s]: 2880    827        0          0          0          0          0          0.00e+00   9.69e-03   8.27e+02   0.00       < 0.007 0.776 >
2023-02-18 21:40:40 [02/18/23 21:40:40    0.97s]: 5760    2481       718        0          1          0          0          8.89e-06   1.54e+05   1.91e+04   0.00       < 0.008 0.777 >
2023-02-18 21:40:42 [02/18/23 21:40:42    2.10s]: 8640    6750       0          0          827        0          0          9.21e-08   3.03e+02   1.42e+04   0.00       < 0.014 0.883 >
2023-02-18 21:40:45 [02/18/23 21:40:45    2.26s]: 11520   4900       2532       324        3182       133768397  94         3.12e-05   7.91e+05   3.56e+04   0.00       < 0.016 0.884 >
2023-02-18 21:40:48 [02/18/23 21:40:48    3.86s]: 14400   2719       6          735        15884      319075404  469        1.70e-06   4.63e+03   3.76e+04   0.01       < 0.024 0.926 >
2023-02-18 21:40:52 [02/18/23 21:40:52    3.89s]: 17280   88         1          2          19511      431465474  8          2.09e-07   1.63e+02   2.22e+04   0.01       < 0.023 0.906 >
2023-02-18 21:40:56 [02/18/23 21:40:56    3.44s]: 20160   44         2          1          20019      499630209  28         2.23e-07   1.40e+02   2.25e+04   0.01       < 0.015 0.821 >
2023-02-18 21:40:59 [02/18/23 21:40:59    3.34s]: 23040   27         0          0          20922      540972422  2          0.00e+00   5.11e-02   2.09e+04   0.01       < 0.012 0.802 >
2023-02-18 21:41:03 [02/18/23 21:41:03    3.59s]: 25920   746        0          263        22429      566046486  398        5.08e-08   1.40e+02   3.20e+04   0.01       < 0.020 0.860 >
2023-02-18 21:41:06 [02/18/23 21:41:06    3.72s]: 28800   114        9          3          23584      581254392  17         6.51e-07   7.16e+02   2.87e+04   0.01       < 0.020 0.783 >
2023-02-18 21:41:10 [02/18/23 21:41:10    3.64s]: 31680   215        0          81         24786      590477782  299        2.86e-08   1.72e+02   3.12e+04   0.01       < 0.018 0.757 >
2023-02-18 21:41:14 [02/18/23 21:41:14    3.64s]: 34560   14         0          0          25207      596072105  0          0.00e+00   1.66e-03   2.52e+04   0.01       < 0.013 0.723 >
2023-02-18 21:41:17 [02/18/23 21:41:17    2.84s]: 37440   721        1          265        26007      599465032  437        1.63e-07   1.78e+02   3.85e+04   0.01       < 0.014 0.831 >
2023-02-18 21:41:21 [02/18/23 21:41:21    4.28s]: 40320   53         0          0          28180      601522596  0          0.00e+00   4.63e-02   2.82e+04   0.01       < 0.023 0.857 >
2023-02-18 21:41:24 [02/18/23 21:41:24    3.19s]: 43200   275        1          70         28486      602770842  310        4.40e-07   6.79e+02   4.21e+04   0.01       < 0.011 0.769 >
2023-02-18 21:41:28 [02/18/23 21:41:28    3.74s]: 46080   23         0          13         29540      603527766  46         0.00e+00   2.04e-01   2.96e+04   0.01       < 0.020 0.846 >
2023-02-18 21:41:31 [02/18/23 21:41:31    2.84s]: 48960   241        1          10         29566      603987194  22         2.23e-07   2.09e+02   3.57e+04   0.01       < 0.005 0.642 >
2023-02-18 21:41:34 [02/18/23 21:41:34    3.35s]: 51840   664        0          184        31128      604265352  399        1.70e-09   5.41e+01   4.15e+04   0.01       < 0.021 0.858 >
2023-02-18 21:41:38 [02/18/23 21:41:38    3.81s]: 54720   380        3          30         32070      604434258  86         6.77e-07   1.34e+03   4.12e+04   0.01       < 0.019 0.841 >
2023-02-18 21:41:41 [02/18/23 21:41:41    3.55s]: 57600   601        1          232        33398      604536636  370        1.47e-07   1.76e+02   4.74e+04   0.02       < 0.020 0.792 >
2023-02-18 21:41:45 [02/18/23 21:41:45    3.95s]: 60480   13         0          0          34457      604599005  0          0.00e+00   1.38e-02   3.45e+04   0.02       < 0.016 0.842 >
2023-02-18 21:41:48 [02/18/23 21:41:48    3.13s]: 63360   129        1          114        35906      604636381  272        4.34e-08   2.55e+01   3.65e+04   0.02       < 0.010 0.734 >
2023-02-18 21:41:52 [02/18/23 21:41:52    3.81s]: 66240   165        0          103        37408      604659172  198        0.00e+00   7.04e+00   3.77e+04   0.02       < 0.020 0.847 >
2023-02-18 21:41:55 [02/18/23 21:41:55    3.10s]: 69120   768        0          94         37754      604673157  162        1.48e-07   3.34e+02   5.52e+04   0.02       < 0.015 0.776 >
2023-02-18 21:41:59 [02/18/23 21:41:59    3.43s]: 72000   811        1          81         39102      604681490  127        2.89e-07   4.35e+02   5.33e+04   0.02       < 0.022 0.838 >
2023-02-18 21:42:02 [02/18/23 21:42:02    3.46s]: 74880   168        1          2          40431      604686666  13         2.19e-07   1.93e+02   4.56e+04   0.02       < 0.014 0.766 >
2023-02-18 21:42:07 [02/18/23 21:42:07    4.42s]: 77760   366        1          35         42587      604689497  88         3.90e-07   3.90e+02   5.26e+04   0.02       < 0.026 0.855 >
2023-02-18 21:42:11 [02/18/23 21:42:11    4.62s]: 80640   253        2          25         44502      604691281  70         7.82e-07   1.13e+03   5.86e+04   0.02       < 0.022 0.837 >
2023-02-18 21:42:16 [02/18/23 21:42:16    4.59s]: 83520   28         0          7          46478      604692452  14         0.00e+00   1.34e-01   4.65e+04   0.02       < 0.019 0.886 >
2023-02-18 21:42:20 [02/18/23 21:42:20    3.91s]: 86400   227        0          117        47350      604693139  198        2.25e-12   1.07e+01   4.77e+04   0.02       < 0.013 0.806 >
2023-02-18 21:42:24 [02/18/23 21:42:24    4.70s]: 89280   66         0          64         49829      604693447  225        0.00e+00   2.35e+00   5.00e+04   0.02       < 0.026 0.821 >
2023-02-18 21:42:28 [02/18/23 21:42:28    3.77s]: 92160   744        1          78         49969      604693890  151        4.53e-07   4.79e+02   5.83e+04   0.02       < 0.017 0.768 >
2023-02-18 21:42:33 [02/18/23 21:42:33    4.92s]: 95040   131        0          102        53297      604693702  361        0.00e+00   4.55e+00   5.35e+04   0.02       < 0.034 0.883 >
2023-02-18 21:42:38 [02/18/23 21:42:38    4.55s]: 97920   31         0          7          53582      604694144  117        0.00e+00   1.69e+00   5.36e+04   0.02       < 0.017 0.731 >
2023-02-18 21:42:42 [02/18/23 21:42:42    4.30s]: 100800  553        0          91         54972      604693816  447        6.53e-08   2.41e+02   6.54e+04   0.02       < 0.031 0.894 >
2023-02-18 21:42:47 [02/18/23 21:42:47    4.85s]: 103680  282        0          23         55795      604694149  54         2.46e-07   3.15e+02   6.28e+04   0.02       < 0.025 0.872 >
2023-02-18 21:42:51 [02/18/23 21:42:51    3.85s]: 106560  730        3          265        57199      604694022  412        5.81e-07   5.38e+02   6.71e+04   0.03       < 0.026 0.808 >
2023-02-18 21:42:56 [02/18/23 21:42:56    4.83s]: 109440  27         0          0          58880      604694199  0          0.00e+00   3.35e-02   5.89e+04   0.03       < 0.024 0.853 >
2023-02-18 21:42:59 [02/18/23 21:42:59    3.83s]: 112320  157        2          72         60117      604694137  260        3.93e-07   2.92e+02   6.50e+04   0.03       < 0.017 0.844 >
2023-02-18 21:43:04 [02/18/23 21:43:04    4.86s]: 115200  21         0          8          61633      604694134  54         0.00e+00   3.47e-01   6.17e+04   0.03       < 0.026 0.896 >
2023-02-18 21:43:08 [02/18/23 21:43:08    3.63s]: 118080  357        1          46         61896      604694331  177        2.27e-07   2.45e+02   6.76e+04   0.03       < 0.011 0.693 >
2023-02-18 21:43:12 [02/18/23 21:43:12    4.17s]: 120960  342        0          213        64096      604694084  430        0.00e+00   1.91e+01   6.47e+04   0.03       < 0.025 0.880 >
2023-02-18 21:43:16 [02/18/23 21:43:16    3.82s]: 123840  231        0          24         64659      604694418  66         2.27e-07   2.53e+02   7.09e+04   0.03       < 0.017 0.839 >
2023-02-18 21:43:20 [02/18/23 21:43:20    3.82s]: 126720  85         0          63         65862      604694224  280        3.74e-09   4.59e+01   6.77e+04   0.03       < 0.023 0.845 >
2023-02-18 21:43:23 [02/18/23 21:43:23    3.73s]: 129600  18         0          0          66006      604694503  0          0.00e+00   4.42e-04   6.60e+04   0.03       < 0.011 0.789 >
2023-02-18 21:43:26 [02/18/23 21:43:26    2.99s]: 132480  347        0          225        67410      604694237  473        1.28e-09   7.85e+01   7.37e+04   0.03       < 0.015 0.760 >
2023-02-18 21:43:30 [02/18/23 21:43:30    4.00s]: 135360  13         0          0          68218      604694453  2          0.00e+00   3.40e-02   6.82e+04   0.03       < 0.019 0.842 >
2023-02-18 21:43:33 [02/18/23 21:43:33    2.97s]: 138240  461        1          92         68467      604694488  207        2.09e-07   2.25e+02   7.89e+04   0.03       < 0.010 0.733 >
2023-02-18 21:43:37 [02/18/23 21:43:37    3.92s]: 141120  42         0          34         70087      604694341  199        0.00e+00   4.28e+00   7.02e+04   0.03       < 0.022 0.885 >
2023-02-18 21:43:41 [02/18/23 21:43:41    3.23s]: 144000  283        1          12         70164      604694603  33         2.27e-07   2.38e+02   7.68e+04   0.03       < 0.010 0.672 >
2023-02-18 21:43:41 [02/18/23 21:43:41    0.00s]: 144004  286        1          13         70164      604694601  35         2.27e-07   2.38e+02   7.68e+04   0.03       < 0.010 0.670 >
2023-02-18 21:43:41  ---  main.cpp:generate tcells took  avg 0.01 s max 0.01 s balance 0.91  --- 
2023-02-18 21:43:41  ---  main.cpp:update circulating tcells took  avg 47.23 s max 50.34 s balance 0.94  --- 
2023-02-18 21:43:41  ---  main.cpp:update tcells took  avg 3.48 s max 3.88 s balance 0.90  --- 
2023-02-18 21:43:41  ---  main.cpp:update epicells took  avg 5.69 s max 5.90 s balance 0.96  --- 
2023-02-18 21:43:41  ---  main.cpp:update concentrations took  avg 15.92 s max 16.75 s balance 0.95  --- 
2023-02-18 21:43:41  ---  main.cpp:compute updates took  avg 112.38 s max 112.39 s balance 1.00  --- 
2023-02-18 21:43:41  ---  main.cpp:dispatch updates took  avg 34.48 s max 37.36 s balance 0.92  --- 
2023-02-18 21:43:41  ---  main.cpp:add new actives took  avg 2.34 s max 2.77 s balance 0.84  --- 
2023-02-18 21:43:41  ---  main.cpp:erase inactive took  avg 10.57 s max 11.00 s balance 0.96  --- 
2023-02-18 21:43:41  ---  main.cpp:sample took  avg 0.00 s max 0.00 s balance -nan  --- 
2023-02-18 21:43:41  ---  main.cpp:sample write took  avg 0.00 s max 0.00 s balance -nan  --- 
2023-02-18 21:43:41  ---  main.cpp:log took  avg 6.10 s max 6.13 s balance 0.99  --- 
2023-02-18 21:43:41 Finished 144005 time steps in 182.1280 s (0.0013 s per step)
2023-02-18 21:43:41  --- Elapsed time for main.cpp:run_sim:  (exiting barrier) 2023-02-18 21:43:41 ...
2023-02-18 21:43:41           ... (min/my/avg/max, bal) (182.13/182.13/182.13/182.13 s, 1.00) barrier(0.00 s) --- 
2023-02-18 21:43:41 Peak memory used across all nodes: 21.88GB
2023-02-18 21:43:41 Finished in 186.15 s at 02/18/23 21:43:41 for SimCov version 0.1.1.8024051-dirty
