2023-02-13 19:03:57 SimCov version SimCov version 0.1.1.9cc77ef-dirty-branching_airways_3min_model built on 20230204_191356
2023-02-13 19:03:57 _________________________
2023-02-13 19:03:57 Compiler definitions:
2023-02-13 19:03:57   _XOPEN_SOURCE=700
2023-02-13 19:03:57   CONFIG_USE_COLORS
2023-02-13 19:03:57   USE_BYTELL
2023-02-13 19:03:57   MAX_VIRIONS=125000
2023-02-13 19:03:57   MIN_VIRIONS=1e-10
2023-02-13 19:03:57   BLOCK_PARTITION
2023-02-13 19:03:57   MIN_BLOCKS_PER_PROC=1
2023-02-13 19:03:57   AVERAGE_SUBSAMPLE
2023-02-13 19:03:57 _________________________
2023-02-13 19:03:57 Options:
2023-02-13 19:03:57   dim =                         15000 15000 1
2023-02-13 19:03:57   whole-lung-dim =              48000 40000 20000
2023-02-13 19:03:57   timesteps =                   216005
2023-02-13 19:03:57   infection-coords =            uniform:1
2023-02-13 19:03:57   initial-infection =           999
2023-02-13 19:03:57   incubation-period =           5000
2023-02-13 19:03:57   apoptosis-period =            180
2023-02-13 19:03:57   expressing-period =           900
2023-02-13 19:03:57   infectivity =                 0.025
2023-02-13 19:03:57   infectivity-multiplier =      1.0
2023-02-13 19:03:57   virion-production =           1.1
2023-02-13 19:03:57   virion-production-multiplier = 1.0
2023-02-13 19:03:57   virion-clearance =            0.004
2023-02-13 19:03:57   virion-diffusion =            0.15
2023-02-13 19:03:57   chemokine-production =        1.0
2023-02-13 19:03:57   chemokine-decay =             0.01
2023-02-13 19:03:57   chemokine-diffusion =         1.0
2023-02-13 19:03:57   min-chemokine =               1e-06
2023-02-13 19:03:57   antibody-factor =             1
2023-02-13 19:03:57   antibody-period =             5760
2023-02-13 19:03:57   tcell-generation-rate =       105000
2023-02-13 19:03:57   tcell-initial-delay =         10080
2023-02-13 19:03:57   tcell-vascular-period =       5760
2023-02-13 19:03:57   tcell-tissue-period =         1440
2023-02-13 19:03:57   tcell-binding-period =        10
2023-02-13 19:03:57   max-binding-prob =            1
2023-02-13 19:03:57   tcells-follow-gradient =      false
2023-02-13 19:03:57   seed =                        4
2023-02-13 19:03:57   sample-period =               0
2023-02-13 19:03:57   sample-resolution =           1
2023-02-13 19:03:57   max-block-dim =               10
2023-02-13 19:03:57   output =                      exp_results/per_5000_inf_0.025/init_999/4
2023-02-13 19:03:57 _________________________
2023-02-13 19:03:57 Starting run with 64 processes on 2 nodes at 02/13/23 19:03:57
2023-02-13 19:03:57 Pinned processes, with process 0 (pid 3893402) pinned to core 0
2023-02-13 19:03:57 Using block partitioning
2023-02-13 19:03:57 Initial free memory across all nodes: 150.60GB
2023-02-13 19:03:57 Starting with 75.59GB free on node 0
2023-02-13 19:03:57 Dividing 225000000 grid points into 3515625 squares of size 64 (8^2), with 54932 per process
2023-02-13 19:03:57 Total initial memory required per process is at least 308.46MB with each grid point requiring on average 92 bytes
2023-02-13 19:04:00  --- Elapsed time for tissue.cpp:Tissue:  (exiting barrier) 2023-02-13 19:04:00 ...
2023-02-13 19:04:00           ... (min/my/avg/max, bal) (3.48/3.48/3.48/3.48 s, 1.00) barrier(0.00 s) --- 
2023-02-13 19:04:00 Memory used on node 0 after initialization is  11.74GB
2023-02-13 19:04:00           ... (min/my/avg/max, bal) No-Time barrier(0.00 s) --- 
2023-02-13 19:04:00 Fraction of circulating T cells extravasating is 5.85938e-06
2023-02-13 19:04:00 # datetime                    step    incb       expr       apop       dead       tvas       ttis       inflcell   inflallvirs%infct     <%active  lbln>
2023-02-13 19:04:00 [0] <main.cpp:145> WARNING: Time step 0: SUCCESSFUL initial infection at (7500, 7500, 0) after 0 tries
2023-02-13 19:04:00 [02/13/23 19:04:00    0.00s]: 0       1          0          0          0          0          0          0          0          0.00e+00   0.0000004444< 0.000 0.016 >
2023-02-13 19:04:02 [02/13/23 19:04:02    1.48s]: 4320    812        0          0          0          0          0          0          0          2.93e-05   0.0003608889< 0.004 0.602 >
2023-02-13 19:04:04 [02/13/23 19:04:04    2.49s]: 8640    6626       0          0          812        0          0          25090      25090      8.62e+01   0.0033057778< 0.014 0.874 >
2023-02-13 19:04:08 [02/13/23 19:04:08    3.85s]: 12960   7031       209        732        9079       237944747  314        44222      44222      1.50e+05   0.0075782222< 0.020 0.854 >
2023-02-13 19:04:14 [02/13/23 19:04:14    6.07s]: 17280   74         7          42         19450      431465086  167        45089      45089      2.96e+03   0.0086991111< 0.024 0.912 >
2023-02-13 19:04:20 [02/13/23 19:04:20    5.48s]: 21600   7          0          0          20162      522872136  0          45771      45771      2.94e-04   0.0089640000< 0.016 0.820 >
2023-02-13 19:04:24 [02/13/23 19:04:24    3.95s]: 25920   63         0          63         21935      566046707  114        52630      52630      5.12e-01   0.0098048889< 0.017 0.891 >
2023-02-13 19:04:28 [02/13/23 19:04:28    4.62s]: 30240   951        0          307        22796      586439737  564        58073      58073      1.64e+02   0.0106906667< 0.016 0.857 >
2023-02-13 19:04:33 [02/13/23 19:04:33    5.04s]: 34560   23         2          1          24212      596072476  1          58073      58073      1.46e+02   0.0107724444< 0.004 0.705 >
2023-02-13 19:04:39 [02/13/23 19:04:39    5.55s]: 38880   22         0          9          26777      600621734  46         66757      66757      2.41e-01   0.0119146667< 0.024 0.898 >
2023-02-13 19:04:43 [02/13/23 19:04:43    4.61s]: 43200   186        0          85         27193      602770583  346        67917      67917      6.04e+01   0.0122062222< 0.011 0.786 >
2023-02-13 19:04:47 [02/13/23 19:04:47    4.01s]: 47520   6          0          0          27514      603785874  0          67917      67917      1.07e-06   0.0122311111< 0.001 0.682 >
2023-02-13 19:04:51 [02/13/23 19:04:51    3.93s]: 51840   9          0          0          28448      604265337  0          69700      69700      8.47e-03   0.0126475556< 0.013 0.777 >
2023-02-13 19:04:55 [02/13/23 19:04:55    3.74s]: 56160   13         0          10         29132      604491770  77         70004      70004      9.17e-01   0.0129577778< 0.007 0.785 >
2023-02-13 19:04:58 [02/13/23 19:04:58    2.95s]: 60480   2          0          0          29153      604598880  0          70004      70004      0.00e+00   0.0129577778< 0.000 0.031 >
2023-02-13 19:05:02 [02/13/23 19:05:02    3.61s]: 64800   1          0          0          29634      604649444  0          70702      70702      5.62e-04   0.0131711111< 0.008 0.763 >
2023-02-13 19:05:04 [02/13/23 19:05:04    2.74s]: 69120   249        0          50         29719      604673186  102        71333      71333      2.28e+01   0.0133413333< 0.004 0.588 >
2023-02-13 19:05:08 [02/13/23 19:05:08    3.12s]: 73440   28         5          7          30045      604684641  19         71333      71333      6.57e+02   0.0133711111< 0.003 0.560 >
2023-02-13 19:05:11 [02/13/23 19:05:11    3.68s]: 77760   7          0          0          30803      604689946  0          71902      71902      1.00e-03   0.0136933333< 0.007 0.819 >
2023-02-13 19:05:14 [02/13/23 19:05:14    3.01s]: 82080   12         0          24         31134      604692503  111        73214      73214      7.82e-01   0.0138533333< 0.005 0.751 >
2023-02-13 19:05:17 [02/13/23 19:05:17    2.83s]: 86400   0          0          0          31170      604693818  0          73214      73214      0.00e+00   0.0138533333< 0.000 1.000 >
2023-02-13 19:05:19 [02/13/23 19:05:19    2.10s]: 90720   0          0          0          31170      604694440  0          73214      73214      0.00e+00   0.0138533333< 0.000 1.000 >
2023-02-13 19:05:21 [02/13/23 19:05:21    2.09s]: 95040   0          0          0          31170      604694759  0          73214      73214      0.00e+00   0.0138533333< 0.000 1.000 >
2023-02-13 19:05:23 [02/13/23 19:05:23    2.08s]: 99360   0          0          0          31170      604694879  0          73214      73214      0.00e+00   0.0138533333< 0.000 1.000 >
2023-02-13 19:05:25 [02/13/23 19:05:25    2.08s]: 103680  0          0          0          31170      604694935  0          73214      73214      0.00e+00   0.0138533333< 0.000 1.000 >
2023-02-13 19:05:27 [02/13/23 19:05:27    2.08s]: 108000  0          0          0          31170      604694969  0          73214      73214      0.00e+00   0.0138533333< 0.000 1.000 >
2023-02-13 19:05:30 [02/13/23 19:05:30    2.10s]: 112320  0          0          0          31170      604694984  0          73214      73214      0.00e+00   0.0138533333< 0.000 1.000 >
2023-02-13 19:05:32 [02/13/23 19:05:32    2.10s]: 116640  0          0          0          31170      604694992  0          73214      73214      0.00e+00   0.0138533333< 0.000 1.000 >
2023-02-13 19:05:34 [02/13/23 19:05:34    2.08s]: 120960  0          0          0          31170      604694996  0          73214      73214      0.00e+00   0.0138533333< 0.000 1.000 >
2023-02-13 19:05:36 [02/13/23 19:05:36    2.09s]: 125280  0          0          0          31170      604694998  0          73214      73214      0.00e+00   0.0138533333< 0.000 1.000 >
2023-02-13 19:05:38 [02/13/23 19:05:38    2.08s]: 129600  0          0          0          31170      604694999  0          73214      73214      0.00e+00   0.0138533333< 0.000 1.000 >
2023-02-13 19:05:40 [02/13/23 19:05:40    2.08s]: 133920  0          0          0          31170      604694999  0          73214      73214      0.00e+00   0.0138533333< 0.000 1.000 >
2023-02-13 19:05:42 [02/13/23 19:05:42    2.08s]: 138240  0          0          0          31170      604695000  0          73214      73214      0.00e+00   0.0138533333< 0.000 1.000 >
2023-02-13 19:05:44 [02/13/23 19:05:44    2.09s]: 142560  0          0          0          31170      604695000  0          73214      73214      0.00e+00   0.0138533333< 0.000 1.000 >
2023-02-13 19:05:46 [02/13/23 19:05:46    2.09s]: 146880  0          0          0          31170      604695000  0          73214      73214      0.00e+00   0.0138533333< 0.000 1.000 >
2023-02-13 19:05:48 [02/13/23 19:05:48    2.09s]: 151200  0          0          0          31170      604695000  0          73214      73214      0.00e+00   0.0138533333< 0.000 1.000 >
2023-02-13 19:05:50 [02/13/23 19:05:50    2.09s]: 155520  0          0          0          31170      604695000  0          73214      73214      0.00e+00   0.0138533333< 0.000 1.000 >
2023-02-13 19:05:53 [02/13/23 19:05:53    2.09s]: 159840  0          0          0          31170      604695000  0          73214      73214      0.00e+00   0.0138533333< 0.000 1.000 >
2023-02-13 19:05:55 [02/13/23 19:05:55    2.10s]: 164160  0          0          0          31170      604695000  0          73214      73214      0.00e+00   0.0138533333< 0.000 1.000 >
2023-02-13 19:05:57 [02/13/23 19:05:57    2.10s]: 168480  0          0          0          31170      604695000  0          73214      73214      0.00e+00   0.0138533333< 0.000 1.000 >
2023-02-13 19:05:59 [02/13/23 19:05:59    2.10s]: 172800  0          0          0          31170      604695000  0          73214      73214      0.00e+00   0.0138533333< 0.000 1.000 >
2023-02-13 19:06:01 [02/13/23 19:06:01    2.25s]: 177120  0          0          0          31170      604695000  0          73214      73214      0.00e+00   0.0138533333< 0.000 1.000 >
2023-02-13 19:06:03 [02/13/23 19:06:03    2.10s]: 181440  0          0          0          31170      604695000  0          73214      73214      0.00e+00   0.0138533333< 0.000 1.000 >
2023-02-13 19:06:05 [02/13/23 19:06:05    2.11s]: 185760  0          0          0          31170      604695000  0          73214      73214      0.00e+00   0.0138533333< 0.000 1.000 >
2023-02-13 19:06:07 [02/13/23 19:06:07    2.10s]: 190080  0          0          0          31170      604695000  0          73214      73214      0.00e+00   0.0138533333< 0.000 1.000 >
2023-02-13 19:06:09 [02/13/23 19:06:09    2.10s]: 194400  0          0          0          31170      604695000  0          73214      73214      0.00e+00   0.0138533333< 0.000 1.000 >
2023-02-13 19:06:12 [02/13/23 19:06:12    2.17s]: 198720  0          0          0          31170      604695000  0          73214      73214      0.00e+00   0.0138533333< 0.000 1.000 >
2023-02-13 19:06:14 [02/13/23 19:06:14    2.10s]: 203040  0          0          0          31170      604695000  0          73214      73214      0.00e+00   0.0138533333< 0.000 1.000 >
2023-02-13 19:06:16 [02/13/23 19:06:16    2.10s]: 207360  0          0          0          31170      604695000  0          73214      73214      0.00e+00   0.0138533333< 0.000 1.000 >
2023-02-13 19:06:18 [02/13/23 19:06:18    2.09s]: 211680  0          0          0          31170      604695000  0          73214      73214      0.00e+00   0.0138533333< 0.000 1.000 >
2023-02-13 19:06:20 [02/13/23 19:06:20    2.09s]: 216000  0          0          0          31170      604695000  0          73214      73214      0.00e+00   0.0138533333< 0.000 1.000 >
2023-02-13 19:06:20 [02/13/23 19:06:20    0.00s]: 216004  0          0          0          31170      604695000  0          73214      73214      0.00e+00   0.0138533333< 0.000 1.000 >
2023-02-13 19:06:20  ---  main.cpp:generate tcells took  avg 0.01 s max 0.02 s balance 0.85  --- 
2023-02-13 19:06:20  ---  main.cpp:update circulating tcells took  avg 71.61 s max 76.80 s balance 0.93  --- 
2023-02-13 19:06:20  ---  main.cpp:update tcells took  avg 1.08 s max 1.24 s balance 0.87  --- 
2023-02-13 19:06:20  ---  main.cpp:update epicells took  avg 1.90 s max 2.02 s balance 0.94  --- 
2023-02-13 19:06:20  ---  main.cpp:update concentrations took  avg 5.25 s max 5.53 s balance 0.95  --- 
2023-02-13 19:06:20  ---  main.cpp:compute updates took  avg 101.39 s max 101.42 s balance 1.00  --- 
2023-02-13 19:06:20  ---  main.cpp:dispatch updates took  avg 13.25 s max 14.64 s balance 0.91  --- 
2023-02-13 19:06:20  ---  main.cpp:add new actives took  avg 1.17 s max 2.02 s balance 0.58  --- 
2023-02-13 19:06:20  ---  main.cpp:erase inactive took  avg 3.51 s max 3.88 s balance 0.90  --- 
2023-02-13 19:06:20  ---  main.cpp:sample took  avg 0.00 s max 0.00 s balance -nan  --- 
2023-02-13 19:06:20  ---  main.cpp:sample write took  avg 0.00 s max 0.00 s balance -nan  --- 
2023-02-13 19:06:20  ---  main.cpp:log took  avg 8.38 s max 8.43 s balance 0.99  --- 
2023-02-13 19:06:20 Finished 216005 time steps in 139.7535 s (0.0006 s per step)
2023-02-13 19:06:20  --- Elapsed time for main.cpp:run_sim:  (exiting barrier) 2023-02-13 19:06:20 ...
2023-02-13 19:06:20           ... (min/my/avg/max, bal) (139.75/139.75/139.75/139.75 s, 1.00) barrier(0.00 s) --- 
2023-02-13 19:06:20 Peak memory used across all nodes: 23.53GB
2023-02-13 19:06:20 Finished in 143.62 s at 02/13/23 19:06:20 for SimCov version 0.1.1.9cc77ef-dirty
