2023-02-16 21:00:59 SimCov version SimCov version 0.1.1.8024051-dirty-master built on 20230216_082905
2023-02-16 21:00:59 _________________________
2023-02-16 21:00:59 Compiler definitions:
2023-02-16 21:00:59   _XOPEN_SOURCE=700
2023-02-16 21:00:59   CONFIG_USE_COLORS
2023-02-16 21:00:59   USE_BYTELL
2023-02-16 21:00:59   MAX_VIRIONS=125000
2023-02-16 21:00:59   MIN_VIRIONS=1e-10
2023-02-16 21:00:59   BLOCK_PARTITION
2023-02-16 21:00:59   MIN_BLOCKS_PER_PROC=1
2023-02-16 21:00:59   AVERAGE_SUBSAMPLE
2023-02-16 21:00:59 _________________________
2023-02-16 21:00:59 Options:
2023-02-16 21:00:59   dim =                         15000 15000 1
2023-02-16 21:00:59   whole-lung-dim =              48000 40000 20000
2023-02-16 21:00:59   timesteps =                   144005
2023-02-16 21:00:59   infection-coords =            uniform:1
2023-02-16 21:00:59   initial-infection =           999
2023-02-16 21:00:59   incubation-period =           1200
2023-02-16 21:00:59   apoptosis-period =            180
2023-02-16 21:00:59   expressing-period =           900
2023-02-16 21:00:59   infectivity =                 0.1
2023-02-16 21:00:59   infectivity-multiplier =      1.0
2023-02-16 21:00:59   virion-production =           1.1
2023-02-16 21:00:59   virion-production-multiplier = 1.0
2023-02-16 21:00:59   virion-clearance =            0.004
2023-02-16 21:00:59   virion-diffusion =            0.15
2023-02-16 21:00:59   chemokine-production =        1.0
2023-02-16 21:00:59   chemokine-decay =             0.01
2023-02-16 21:00:59   chemokine-diffusion =         1.0
2023-02-16 21:00:59   min-chemokine =               1e-06
2023-02-16 21:00:59   antibody-factor =             1
2023-02-16 21:00:59   antibody-period =             5760
2023-02-16 21:00:59   tcell-generation-rate =       105000
2023-02-16 21:00:59   tcell-initial-delay =         10080
2023-02-16 21:00:59   tcell-vascular-period =       5760
2023-02-16 21:00:59   tcell-tissue-period =         1440
2023-02-16 21:00:59   tcell-binding-period =        10
2023-02-16 21:00:59   max-binding-prob =            1
2023-02-16 21:00:59   tcells-follow-gradient =      false
2023-02-16 21:00:59   seed =                        10
2023-02-16 21:00:59   sample-period =               0
2023-02-16 21:00:59   sample-resolution =           1
2023-02-16 21:00:59   max-block-dim =               10
2023-02-16 21:00:59   output =                      exp_results/per_1200_inf_0.1/init_1001/10
2023-02-16 21:00:59 _________________________
2023-02-16 21:00:59 Starting run with 64 processes on 2 nodes at 02/16/23 21:00:59
2023-02-16 21:00:59 Pinned processes, with process 0 (pid 3874111) pinned to core 0
2023-02-16 21:00:59 Using block partitioning
2023-02-16 21:00:59 Initial free memory across all nodes: 151.81GB
2023-02-16 21:00:59 Starting with 76.17GB free on node 0
2023-02-16 21:00:59 Dividing 225000000 grid points into 3515625 squares of size 64 (8^2), with 54932 per process
2023-02-16 21:00:59 Total initial memory required per process is at least 281.63MB with each grid point requiring on average 84 bytes
2023-02-16 21:01:03  --- Elapsed time for tissue.cpp:Tissue:  (exiting barrier) 2023-02-16 21:01:03 ...
2023-02-16 21:01:03           ... (min/my/avg/max, bal) (3.43/3.43/3.43/3.43 s, 1.00) barrier(0.00 s) --- 
2023-02-16 21:01:03 Memory used on node 0 after initialization is  10.89GB
2023-02-16 21:01:03           ... (min/my/avg/max, bal) No-Time barrier(0.00 s) --- 
2023-02-16 21:01:03 Fraction of circulating T cells extravasating is 5.85938e-06
2023-02-16 21:01:03 # datetime                    step    incb       expr       apop       dead       tvas       ttis       chem       virs       chempts    %infct     <%active  lbln>
2023-02-16 21:01:03 [0] <main.cpp:141> WARNING: Time step 0: SUCCESSFUL initial infection at (7500, 7500, 0) after 0 tries
2023-02-16 21:01:03 [02/16/23 21:01:03    0.00s]: 0       1          0          0          0          0          0          0.00e+00   0.00e+00   1.00e+00   0.00       < 0.000 0.016 >
2023-02-16 21:01:04 [02/16/23 21:01:04    1.28s]: 2880    5382       1580       0          1108       0          0          1.72e-05   2.61e+05   2.75e+04   0.00       < 0.012 0.839 >
2023-02-16 21:01:07 [02/16/23 21:01:07    3.03s]: 5760    9328       6740       0          11795      0          0          6.25e-05   1.74e+06   6.09e+04   0.01       < 0.027 0.901 >
2023-02-16 21:01:12 [02/16/23 21:01:12    5.29s]: 8640    16263      9431       0          36121      0          0          9.82e-05   2.59e+06   1.09e+05   0.03       < 0.048 0.944 >
2023-02-16 21:01:21 [02/16/23 21:01:21    8.52s]: 11520   19372      13237      1097       73934      133767832  372        1.39e-04   3.66e+06   1.67e+05   0.05       < 0.074 0.948 >
2023-02-16 21:01:34 [02/16/23 21:01:34   13.00s]: 14400   15975      4685       3636       137404     319073247  1917       1.33e-04   1.82e+06   2.33e+05   0.07       < 0.102 0.972 >
2023-02-16 21:01:52 [02/16/23 21:01:52   17.92s]: 17280   12422      771        4172       202596     431459508  3195       7.58e-05   4.68e+05   3.02e+05   0.10       < 0.126 0.970 >
2023-02-16 21:02:13 [02/16/23 21:02:13   21.46s]: 20160   8020       122        3458       263752     499620908  3959       2.41e-05   8.56e+04   3.63e+05   0.12       < 0.138 0.953 >
2023-02-16 21:02:36 [02/16/23 21:02:36   22.90s]: 23040   3687       38         1846       308157     540961217  3478       8.12e-06   1.88e+04   3.82e+05   0.14       < 0.139 0.962 >
2023-02-16 21:02:57 [02/16/23 21:02:57   20.72s]: 25920   3750       31         1649       331392     566036440  2286       3.23e-06   9.40e+03   3.85e+05   0.15       < 0.126 0.917 >
2023-02-16 21:03:15 [02/16/23 21:03:15   18.16s]: 28800   4333       111        1767       356285     581244958  2397       8.92e-06   3.71e+04   4.30e+05   0.16       < 0.111 0.923 >
2023-02-16 21:03:33 [02/16/23 21:03:33   18.58s]: 31680   3176       12         1550       384467     590468132  2596       3.20e-06   1.24e+04   4.50e+05   0.17       < 0.119 0.958 >
2023-02-16 21:03:52 [02/16/23 21:03:52   18.89s]: 34560   3179       17         1161       405550     596062939  1922       4.61e-06   2.19e+04   4.68e+05   0.18       < 0.120 0.928 >
2023-02-16 21:04:11 [02/16/23 21:04:11   18.76s]: 37440   5227       136        2191       434061     599455319  2999       1.55e-05   8.87e+04   5.26e+05   0.20       < 0.121 0.936 >
2023-02-16 21:04:32 [02/16/23 21:04:32   20.89s]: 40320   2575       25         1596       468137     601512082  2956       3.62e-06   1.04e+04   5.24e+05   0.21       < 0.130 0.952 >
2023-02-16 21:04:51 [02/16/23 21:04:51   19.01s]: 43200   3393       15         1269       485804     602761519  1834       5.67e-06   1.85e+04   5.58e+05   0.22       < 0.117 0.945 >
2023-02-16 21:05:09 [02/16/23 21:05:09   18.29s]: 46080   3415       31         1632       512743     603518045  2456       5.55e-06   1.40e+04   5.73e+05   0.23       < 0.112 0.961 >
2023-02-16 21:05:28 [02/16/23 21:05:28   19.06s]: 48960   3936       96         1831       542013     603976706  3183       1.16e-05   4.67e+04   6.15e+05   0.24       < 0.124 0.955 >
2023-02-16 21:05:49 [02/16/23 21:05:49   20.33s]: 51840   5443       54         1921       568732     604255199  2928       9.14e-06   2.74e+04   6.63e+05   0.26       < 0.136 0.951 >
2023-02-16 21:06:12 [02/16/23 21:06:12   23.28s]: 54720   2888       9          1325       603679     604422949  3014       2.28e-06   3.11e+03   6.63e+05   0.27       < 0.148 0.937 >
2023-02-16 21:06:35 [02/16/23 21:06:35   23.31s]: 57600   6522       14         2658       631294     604525217  3433       6.45e-06   2.05e+04   7.27e+05   0.28       < 0.150 0.926 >
2023-02-16 21:07:01 [02/16/23 21:07:01   25.62s]: 60480   3928       53         1800       669986     604586610  3672       7.96e-06   2.46e+04   7.47e+05   0.30       < 0.159 0.953 >
2023-02-16 21:07:26 [02/16/23 21:07:26   25.52s]: 63360   4390       75         1742       697810     604624353  3158       6.34e-06   2.30e+04   7.82e+05   0.31       < 0.160 0.944 >
2023-02-16 21:07:53 [02/16/23 21:07:53   26.82s]: 66240   4906       27         2594       734431     604646012  4339       6.53e-06   1.92e+04   8.32e+05   0.33       < 0.171 0.947 >
2023-02-16 21:08:24 [02/16/23 21:08:24   30.54s]: 69120   4573       25         1909       772408     604659266  3599       6.79e-06   1.82e+04   8.57e+05   0.35       < 0.194 0.958 >
2023-02-16 21:08:52 [02/16/23 21:08:52   28.66s]: 72000   5794       21         2166       802171     604668185  3212       6.08e-06   1.54e+04   8.98e+05   0.36       < 0.169 0.955 >
2023-02-16 21:09:21 [02/16/23 21:09:21   28.78s]: 74880   3301       16         1598       840952     604672700  3516       4.49e-06   1.34e+04   9.05e+05   0.38       < 0.175 0.949 >
2023-02-16 21:09:52 [02/16/23 21:09:52   30.42s]: 77760   8706       186        3765       878160     604675060  4876       2.15e-05   9.11e+04   1.02e+06   0.40       < 0.199 0.963 >
2023-02-16 21:10:29 [02/16/23 21:10:29   37.15s]: 80640   4739       105        2486       930591     604674639  5103       9.31e-06   3.38e+04   1.03e+06   0.42       < 0.221 0.965 >
2023-02-16 21:11:07 [02/16/23 21:11:07   37.82s]: 83520   7205       300        2647       966189     604676156  4105       2.01e-05   1.37e+05   1.08e+06   0.43       < 0.224 0.947 >
2023-02-16 21:11:48 [02/16/23 21:11:48   41.74s]: 86400   11756      152        4854       1024607    604674132  6865       1.58e-05   7.14e+04   1.21e+06   0.46       < 0.241 0.965 >
2023-02-16 21:12:37 [02/16/23 21:12:37   48.89s]: 89280   5900       41         2482       1087692    604673099  5221       1.10e-05   2.82e+04   1.22e+06   0.49       < 0.279 0.970 >
2023-02-16 21:13:30 [02/16/23 21:13:30   53.00s]: 92160   9073       89         4122       1142509    604672003  6411       1.73e-05   6.30e+04   1.28e+06   0.51       < 0.282 0.948 >
2023-02-16 21:14:26 [02/16/23 21:14:26   55.52s]: 95040   7525       82         3318       1204118    604671561  5788       7.98e-06   3.90e+04   1.31e+06   0.54       < 0.310 0.973 >
2023-02-16 21:15:25 [02/16/23 21:15:25   59.41s]: 97920   9670       141        4934       1268757    604669792  7782       1.31e-05   7.13e+04   1.43e+06   0.57       < 0.315 0.970 >
2023-02-16 21:16:27 [02/16/23 21:16:27   62.44s]: 100800  11569      57         4646       1335280    604669167  6774       1.36e-05   4.10e+04   1.52e+06   0.60       < 0.347 0.952 >
2023-02-16 21:17:35 [02/16/23 21:17:35   67.21s]: 103680  10886      159        5089       1410488    604667568  7583       2.27e-05   7.28e+04   1.59e+06   0.63       < 0.361 0.960 >
2023-02-16 21:18:43 [02/16/23 21:18:43   68.44s]: 106560  12944      148        5084       1482382    604666483  7812       1.77e-05   7.64e+04   1.67e+06   0.67       < 0.360 0.969 >
2023-02-16 21:19:54 [02/16/23 21:19:54   71.33s]: 109440  12175      55         4814       1564363    604665002  7944       1.33e-05   4.37e+04   1.77e+06   0.70       < 0.380 0.962 >
2023-02-16 21:21:09 [02/16/23 21:21:09   74.71s]: 112320  13031      510        5214       1642356    604664393  8001       3.34e-05   1.51e+05   1.86e+06   0.74       < 0.410 0.959 >
2023-02-16 21:22:36 [02/16/23 21:22:36   86.52s]: 115200  12752      113        6263       1744553    604660427  10003      2.10e-05   7.09e+04   1.95e+06   0.78       < 0.445 0.971 >
2023-02-16 21:24:05 [02/16/23 21:24:05   89.55s]: 118080  10134      67         4372       1832374    604659684  8706       1.67e-05   6.47e+04   2.00e+06   0.82       < 0.448 0.968 >
2023-02-16 21:25:29 [02/16/23 21:25:29   84.05s]: 120960  12908      269        5218       1900679    604661608  7811       2.19e-05   9.88e+04   2.12e+06   0.85       < 0.421 0.959 >
2023-02-16 21:26:53 [02/16/23 21:26:53   84.15s]: 123840  10495      189        5024       1991699    604660192  8687       2.00e-05   8.67e+04   2.20e+06   0.89       < 0.419 0.971 >
2023-02-16 21:28:14 [02/16/23 21:28:14   80.94s]: 126720  14408      54         5699       2066151    604661860  7706       1.48e-05   4.81e+04   2.28e+06   0.93       < 0.415 0.982 >
2023-02-16 21:29:39 [02/16/23 21:29:39   84.22s]: 129600  10333      26         5280       2166190    604659057  9433       9.77e-06   3.42e+04   2.34e+06   0.97       < 0.426 0.977 >
2023-02-16 21:30:59 [02/16/23 21:30:59   80.21s]: 132480  12931      160        4816       2229389    604662377  7440       2.48e-05   7.75e+04   2.42e+06   1.00       < 0.416 0.960 >
2023-02-16 21:32:21 [02/16/23 21:32:21   81.72s]: 135360  10577      95         4840       2314730    604660793  9041       1.95e-05   5.40e+04   2.52e+06   1.04       < 0.410 0.971 >
2023-02-16 21:33:41 [02/16/23 21:33:41   80.84s]: 138240  11243      124        4397       2388141    604662317  7698       1.36e-05   3.14e+04   2.56e+06   1.07       < 0.409 0.963 >
2023-02-16 21:35:02 [02/16/23 21:35:02   80.50s]: 141120  11738      224        5407       2474330    604661134  9401       2.26e-05   6.94e+04   2.68e+06   1.11       < 0.406 0.961 >
2023-02-16 21:36:23 [02/16/23 21:36:23   80.75s]: 144000  10658      192        4791       2556792    604660828  8553       2.06e-05   9.13e+04   2.76e+06   1.14       < 0.415 0.949 >
2023-02-16 21:36:23 [02/16/23 21:36:23    0.12s]: 144004  10671      191        4795       2556887    604660828  8555       2.05e-05   9.13e+04   2.76e+06   1.14       < 0.415 0.948 >
2023-02-16 21:36:23  ---  main.cpp:generate tcells took  avg 0.04 s max 0.05 s balance 0.75  --- 
2023-02-16 21:36:23  ---  main.cpp:update circulating tcells took  avg 54.08 s max 57.39 s balance 0.94  --- 
2023-02-16 21:36:23  ---  main.cpp:update tcells took  avg 106.34 s max 117.90 s balance 0.90  --- 
2023-02-16 21:36:23  ---  main.cpp:update epicells took  avg 69.43 s max 71.23 s balance 0.97  --- 
2023-02-16 21:36:23  ---  main.cpp:update concentrations took  avg 445.58 s max 472.61 s balance 0.94  --- 
2023-02-16 21:36:23  ---  main.cpp:compute updates took  avg 1229.59 s max 1229.62 s balance 1.00  --- 
2023-02-16 21:36:23  ---  main.cpp:dispatch updates took  avg 511.12 s max 551.68 s balance 0.93  --- 
2023-02-16 21:36:23  ---  main.cpp:add new actives took  avg 31.97 s max 32.78 s balance 0.98  --- 
2023-02-16 21:36:23  ---  main.cpp:erase inactive took  avg 239.36 s max 245.70 s balance 0.97  --- 
2023-02-16 21:36:23  ---  main.cpp:sample took  avg 0.00 s max 0.00 s balance -nan  --- 
2023-02-16 21:36:23  ---  main.cpp:sample write took  avg 0.00 s max 0.00 s balance -nan  --- 
2023-02-16 21:36:23  ---  main.cpp:log took  avg 11.30 s max 11.38 s balance 0.99  --- 
2023-02-16 21:36:23 Finished 144005 time steps in 2120.2175 s (0.0147 s per step)
2023-02-16 21:36:23  --- Elapsed time for main.cpp:run_sim:  (exiting barrier) 2023-02-16 21:36:23 ...
2023-02-16 21:36:23           ... (min/my/avg/max, bal) (2120.22/2120.22/2120.22/2120.22 s, 1.00) barrier(0.00 s) --- 
2023-02-16 21:36:23 Peak memory used across all nodes: 22.44GB
2023-02-16 21:36:23 Finished in 2124.17 s at 02/16/23 21:36:23 for SimCov version 0.1.1.8024051-dirty
