2023-02-14 20:03:29 SimCov version SimCov version 0.1.1.8024051-dirty-master built on 20230202_132828
2023-02-14 20:03:29 _________________________
2023-02-14 20:03:29 Compiler definitions:
2023-02-14 20:03:29   _XOPEN_SOURCE=700
2023-02-14 20:03:29   CONFIG_USE_COLORS
2023-02-14 20:03:29   USE_BYTELL
2023-02-14 20:03:29   MAX_VIRIONS=125000
2023-02-14 20:03:29   MIN_VIRIONS=1e-10
2023-02-14 20:03:29   BLOCK_PARTITION
2023-02-14 20:03:29   MIN_BLOCKS_PER_PROC=1
2023-02-14 20:03:29   AVERAGE_SUBSAMPLE
2023-02-14 20:03:29 _________________________
2023-02-14 20:03:29 Options:
2023-02-14 20:03:29   dim =                         15000 15000 1
2023-02-14 20:03:29   whole-lung-dim =              48000 40000 20000
2023-02-14 20:03:29   timesteps =                   144005
2023-02-14 20:03:29   infection-coords =            uniform:1
2023-02-14 20:03:29   initial-infection =           999
2023-02-14 20:03:29   incubation-period =           600
2023-02-14 20:03:29   apoptosis-period =            180
2023-02-14 20:03:29   expressing-period =           900
2023-02-14 20:03:29   infectivity =                 0.01
2023-02-14 20:03:29   infectivity-multiplier =      1.0
2023-02-14 20:03:29   virion-production =           1.1
2023-02-14 20:03:29   virion-production-multiplier = 1.0
2023-02-14 20:03:29   virion-clearance =            0.004
2023-02-14 20:03:29   virion-diffusion =            0.15
2023-02-14 20:03:29   chemokine-production =        1.0
2023-02-14 20:03:29   chemokine-decay =             0.01
2023-02-14 20:03:29   chemokine-diffusion =         1.0
2023-02-14 20:03:29   min-chemokine =               1e-06
2023-02-14 20:03:29   antibody-factor =             1
2023-02-14 20:03:29   antibody-period =             5760
2023-02-14 20:03:29   tcell-generation-rate =       105000
2023-02-14 20:03:29   tcell-initial-delay =         10080
2023-02-14 20:03:29   tcell-vascular-period =       5760
2023-02-14 20:03:29   tcell-tissue-period =         1440
2023-02-14 20:03:29   tcell-binding-period =        10
2023-02-14 20:03:29   max-binding-prob =            1
2023-02-14 20:03:29   tcells-follow-gradient =      false
2023-02-14 20:03:29   seed =                        3
2023-02-14 20:03:29   sample-period =               0
2023-02-14 20:03:29   sample-resolution =           1
2023-02-14 20:03:29   max-block-dim =               10
2023-02-14 20:03:29   output =                      exp_results/per_600_inf_0.01/init_999/3
2023-02-14 20:03:29 _________________________
2023-02-14 20:03:29 Starting run with 64 processes on 2 nodes at 02/14/23 20:03:29
2023-02-14 20:03:29 Pinned processes, with process 0 (pid 3826000) pinned to core 0
2023-02-14 20:03:29 Using block partitioning
2023-02-14 20:03:29 Initial free memory across all nodes: 152.13GB
2023-02-14 20:03:29 Starting with 76.22GB free on node 0
2023-02-14 20:03:29 Dividing 225000000 grid points into 3515625 squares of size 64 (8^2), with 54932 per process
2023-02-14 20:03:29 Total initial memory required per process is at least 281.63MB with each grid point requiring on average 84 bytes
2023-02-14 20:03:33  --- Elapsed time for tissue.cpp:Tissue:  (exiting barrier) 2023-02-14 20:03:33 ...
2023-02-14 20:03:33           ... (min/my/avg/max, bal) (3.48/3.48/3.48/3.48 s, 1.00) barrier(0.00 s) --- 
2023-02-14 20:03:33 Memory used on node 0 after initialization is  10.91GB
2023-02-14 20:03:33           ... (min/my/avg/max, bal) No-Time barrier(0.00 s) --- 
2023-02-14 20:03:33 Fraction of circulating T cells extravasating is 5.85938e-06
2023-02-14 20:03:33 # datetime                    step    incb       expr       apop       dead       tvas       ttis       chem       virs       chempts    %infct     <%active  lbln>
2023-02-14 20:03:33 [0] <main.cpp:141> WARNING: Time step 0: SUCCESSFUL initial infection at (7500, 7500, 0) after 0 tries
2023-02-14 20:03:33 [02/14/23 20:03:33    0.00s]: 0       1          0          0          0          0          0          0.00e+00   0.00e+00   1.00e+00   0.00       < 0.000 0.016 >
2023-02-14 20:03:34 [02/14/23 20:03:34    1.51s]: 2880    3485       3900       0          2525       0          0          3.33e-05   9.08e+05   3.51e+04   0.00       < 0.016 0.856 >
2023-02-14 20:03:38 [02/14/23 20:03:38    3.86s]: 5760    7799       9866       0          21603      0          0          8.58e-05   2.58e+06   8.25e+04   0.02       < 0.037 0.915 >
2023-02-14 20:03:45 [02/14/23 20:03:45    7.10s]: 8640    11658      16055      0          60273      0          0          1.39e-04   4.27e+06   1.49e+05   0.04       < 0.066 0.956 >
2023-02-14 20:03:57 [02/14/23 20:03:57   11.48s]: 11520   14907      20811      1224       119570     133767829  505        1.93e-04   5.81e+06   2.36e+05   0.07       < 0.105 0.967 >
2023-02-14 20:04:15 [02/14/23 20:04:15   18.70s]: 14400   14184      11069      4862       208819     319072150  2547       2.09e-04   3.88e+06   3.35e+05   0.11       < 0.143 0.975 >
2023-02-14 20:04:42 [02/14/23 20:04:42   26.44s]: 17280   14343      5827       6049       304519     431457436  4257       1.94e-04   2.32e+06   4.43e+05   0.15       < 0.177 0.966 >
2023-02-14 20:05:15 [02/14/23 20:05:15   33.17s]: 20160   14110      3023       6591       407402     499617207  5821       1.69e-04   1.43e+06   5.59e+05   0.19       < 0.203 0.970 >
2023-02-14 20:05:53 [02/14/23 20:05:53   38.53s]: 23040   14868      2712       7375       516120     540954446  6904       1.69e-04   1.20e+06   6.84e+05   0.24       < 0.226 0.957 >
2023-02-14 20:06:37 [02/14/23 20:06:37   43.97s]: 25920   15134      1902       7840       636690     566023653  8049       1.66e-04   1.00e+06   8.18e+05   0.29       < 0.248 0.978 >
2023-02-14 20:07:26 [02/14/23 20:07:26   48.93s]: 28800   15338      1538       7966       763014     581226732  9061       1.56e-04   8.26e+05   9.58e+05   0.35       < 0.269 0.957 >
2023-02-14 20:08:20 [02/14/23 20:08:20   53.52s]: 31680   15765      1383       8459       896558     590446265  9862       1.58e-04   7.56e+05   1.11e+06   0.41       < 0.289 0.970 >
2023-02-14 20:09:20 [02/14/23 20:09:20   59.70s]: 34560   16419      1400       9162       1037741    596036129  10839      1.55e-04   7.68e+05   1.26e+06   0.47       < 0.310 0.979 >
2023-02-14 20:10:24 [02/14/23 20:10:24   64.13s]: 37440   17171      1301       9305       1187488    599425230  11735      1.58e-04   6.63e+05   1.43e+06   0.54       < 0.330 0.969 >
2023-02-14 20:11:33 [02/14/23 20:11:33   68.86s]: 40320   18734      1358       10409      1346579    601479422  12335      1.78e-04   7.63e+05   1.60e+06   0.61       < 0.354 0.983 >
2023-02-14 20:12:47 [02/14/23 20:12:47   74.25s]: 43200   19435      1501       10785      1516591    602723740  13485      1.80e-04   8.31e+05   1.79e+06   0.69       < 0.377 0.971 >
2023-02-14 20:14:08 [02/14/23 20:14:08   81.17s]: 46080   20387      1600       11546      1694154    603477355  14236      1.92e-04   8.47e+05   1.98e+06   0.77       < 0.402 0.977 >
2023-02-14 20:15:35 [02/14/23 20:15:35   86.95s]: 48960   22667      1932       12670      1884564    603933191  15057      2.21e-04   1.06e+06   2.19e+06   0.85       < 0.424 0.981 >
2023-02-14 20:17:09 [02/14/23 20:17:09   94.10s]: 51840   21399      1408       11999      2083962    604208226  15743      1.92e-04   7.62e+05   2.40e+06   0.94       < 0.446 0.981 >
2023-02-14 20:18:48 [02/14/23 20:18:48   99.28s]: 54720   24383      2270       13662      2287561    604374013  16512      2.44e-04   1.16e+06   2.63e+06   1.03       < 0.468 0.977 >
2023-02-14 20:20:34 [02/14/23 20:20:34  105.38s]: 57600   26022      2304       14645      2514263    604473004  17580      2.58e-04   1.22e+06   2.87e+06   1.14       < 0.495 0.982 >
2023-02-14 20:22:26 [02/14/23 20:22:26  112.72s]: 60480   26688      1963       15025      2749550    604531673  18423      2.51e-04   1.13e+06   3.11e+06   1.24       < 0.529 0.979 >
2023-02-14 20:24:25 [02/14/23 20:24:25  118.20s]: 63360   28171      2379       15376      2992549    604566567  18926      2.70e-04   1.26e+06   3.37e+06   1.35       < 0.548 0.984 >
2023-02-14 20:26:27 [02/14/23 20:26:27  122.77s]: 66240   29117      2267       15847      3248475    604585789  19921      2.74e-04   1.25e+06   3.64e+06   1.46       < 0.567 0.981 >
2023-02-14 20:28:38 [02/14/23 20:28:38  130.55s]: 69120   30052      2471       16796      3509107    604596378  20758      2.84e-04   1.29e+06   3.92e+06   1.58       < 0.595 0.985 >
2023-02-14 20:30:55 [02/14/23 20:30:55  136.89s]: 72000   30249      2643       17053      3780937    604601398  21546      2.83e-04   1.35e+06   4.21e+06   1.70       < 0.611 0.986 >
2023-02-14 20:33:17 [02/14/23 20:33:17  142.48s]: 74880   31916      2469       17772      4061463    604603510  22267      2.95e-04   1.26e+06   4.50e+06   1.83       < 0.636 0.975 >
2023-02-14 20:35:46 [02/14/23 20:35:46  148.82s]: 77760   34105      2481       18858      4358439    604602774  23455      3.22e-04   1.43e+06   4.82e+06   1.96       < 0.662 0.975 >
2023-02-14 20:38:21 [02/14/23 20:38:21  155.02s]: 80640   35341      2948       19622      4664668    604601548  24292      3.36e-04   1.53e+06   5.14e+06   2.10       < 0.687 0.980 >
2023-02-14 20:41:03 [02/14/23 20:41:03  161.67s]: 83520   36319      2859       20445      4982982    604599903  24460      3.53e-04   1.66e+06   5.47e+06   2.24       < 0.712 0.980 >
2023-02-14 20:43:50 [02/14/23 20:43:50  167.24s]: 86400   37692      3180       20350      5310832    604597228  25653      3.56e-04   1.63e+06   5.81e+06   2.39       < 0.735 0.985 >
2023-02-14 20:46:43 [02/14/23 20:46:43  173.31s]: 89280   36579      2816       20723      5644033    604594717  26240      3.46e-04   1.54e+06   6.16e+06   2.54       < 0.756 0.980 >
2023-02-14 20:49:43 [02/14/23 20:49:43  179.68s]: 92160   37895      3001       21337      5981689    604591657  27015      3.61e-04   1.61e+06   6.52e+06   2.69       < 0.775 0.986 >
2023-02-14 20:52:53 [02/14/23 20:52:53  189.85s]: 95040   40152      3301       22923      6333952    604588539  28174      3.87e-04   1.83e+06   6.89e+06   2.84       < 0.800 0.987 >
2023-02-14 20:56:11 [02/14/23 20:56:11  197.76s]: 97920   41729      3402       22619      6699066    604585207  28750      3.92e-04   1.73e+06   7.27e+06   3.01       < 0.826 0.977 >
2023-02-14 20:59:34 [02/14/23 20:59:34  203.83s]: 100800  42838      3585       23963      7075662    604581967  29875      4.18e-04   1.99e+06   7.66e+06   3.18       < 0.853 0.983 >
2023-02-14 21:03:06 [02/14/23 21:03:06  211.53s]: 103680  43943      3346       25086      7465794    604578763  30428      4.23e-04   1.82e+06   8.06e+06   3.35       < 0.877 0.984 >
2023-02-14 21:06:44 [02/14/23 21:06:44  217.89s]: 106560  45371      3649       25244      7864768    604575489  31115      4.32e-04   1.97e+06   8.47e+06   3.53       < 0.901 0.983 >
2023-02-14 21:10:27 [02/14/23 21:10:27  223.32s]: 109440  46897      3704       25823      8270372    604572095  32130      4.45e-04   2.04e+06   8.90e+06   3.71       < 0.924 0.987 >
2023-02-14 21:14:16 [02/14/23 21:14:16  228.72s]: 112320  44794      3415       25445      8684720    604568888  32657      4.16e-04   1.77e+06   9.32e+06   3.89       < 0.943 0.982 >
2023-02-14 21:18:09 [02/14/23 21:18:09  232.85s]: 115200  45819      3329       26314      9100893    604566120  33445      4.28e-04   1.87e+06   9.76e+06   4.08       < 0.962 0.982 >
2023-02-14 21:22:08 [02/14/23 21:22:08  239.29s]: 118080  50782      4362       27830      9533359    604563258  34404      4.93e-04   2.31e+06   1.02e+07   4.27       < 0.985 0.988 >
2023-02-14 21:26:17 [02/14/23 21:26:17  248.48s]: 120960  51643      4359       28422      9990868    604559617  35590      4.93e-04   2.27e+06   1.07e+07   4.48       < 1.018 0.983 >
2023-02-14 21:30:32 [02/14/23 21:30:32  255.62s]: 123840  52785      4200       28965      10448438   604556788  35633      4.96e-04   2.23e+06   1.12e+07   4.68       < 1.048 0.982 >
2023-02-14 21:34:53 [02/14/23 21:34:53  261.04s]: 126720  52989      4262       29510      10921350   604553235  36791      5.08e-04   2.29e+06   1.16e+07   4.89       < 1.065 0.987 >
2023-02-14 21:39:19 [02/14/23 21:39:19  266.09s]: 129600  54729      4271       30167      11401359   604549818  37559      5.18e-04   2.31e+06   1.21e+07   5.11       < 1.093 0.990 >
2023-02-14 21:43:53 [02/14/23 21:43:53  273.43s]: 132480  55498      4387       31620      11895088   604546314  39089      5.34e-04   2.43e+06   1.27e+07   5.33       < 1.113 0.984 >
2023-02-14 21:48:36 [02/14/23 21:48:36  283.13s]: 135360  55497      4135       31617      12401385   604542694  39806      5.34e-04   2.40e+06   1.32e+07   5.55       < 1.142 0.982 >
2023-02-14 21:53:32 [02/14/23 21:53:32  296.44s]: 138240  57621      4802       32313      12910954   604539723  40445      5.55e-04   2.50e+06   1.37e+07   5.78       < 1.167 0.984 >
2023-02-14 21:58:36 [02/14/23 21:58:36  303.41s]: 141120  60097      4865       32698      13435340   604536786  40959      5.69e-04   2.60e+06   1.42e+07   6.01       < 1.188 0.987 >
2023-02-14 22:03:42 [02/14/23 22:03:42  305.86s]: 144000  58878      4620       33659      13975347   604532686  42347      5.74e-04   2.60e+06   1.48e+07   6.25       < 1.209 0.991 >
2023-02-14 22:03:42 [02/14/23 22:03:42    0.42s]: 144004  58943      4606       33602      13976124   604532704  42338      5.74e-04   2.60e+06   1.48e+07   6.25       < 1.209 0.991 >
2023-02-14 22:03:42  ---  main.cpp:generate tcells took  avg 0.05 s max 0.07 s balance 0.71  --- 
2023-02-14 22:03:42  ---  main.cpp:update circulating tcells took  avg 54.23 s max 56.91 s balance 0.95  --- 
2023-02-14 22:03:42  ---  main.cpp:update tcells took  avg 498.73 s max 546.25 s balance 0.91  --- 
2023-02-14 22:03:42  ---  main.cpp:update epicells took  avg 165.99 s max 168.73 s balance 0.98  --- 
2023-02-14 22:03:42  ---  main.cpp:update concentrations took  avg 1817.33 s max 1862.90 s balance 0.98  --- 
2023-02-14 22:03:42  ---  main.cpp:compute updates took  avg 4191.22 s max 4191.26 s balance 1.00  --- 
2023-02-14 22:03:42  ---  main.cpp:dispatch updates took  avg 1877.72 s max 2023.00 s balance 0.93  --- 
2023-02-14 22:03:42  ---  main.cpp:add new actives took  avg 86.63 s max 88.71 s balance 0.98  --- 
2023-02-14 22:03:42  ---  main.cpp:erase inactive took  avg 736.80 s max 760.07 s balance 0.97  --- 
2023-02-14 22:03:42  ---  main.cpp:sample took  avg 0.00 s max 0.00 s balance -nan  --- 
2023-02-14 22:03:42  ---  main.cpp:sample write took  avg 0.00 s max 0.00 s balance -nan  --- 
2023-02-14 22:03:42  ---  main.cpp:log took  avg 11.82 s max 11.90 s balance 0.99  --- 
2023-02-14 22:03:42 Finished 144005 time steps in 7209.3427 s (0.0501 s per step)
2023-02-14 22:03:42  --- Elapsed time for main.cpp:run_sim:  (exiting barrier) 2023-02-14 22:03:42 ...
2023-02-14 22:03:42           ... (min/my/avg/max, bal) (7209.34/7209.34/7209.34/7209.34 s, 1.00) barrier(0.00 s) --- 
2023-02-14 22:03:42 Peak memory used across all nodes: 24.04GB
2023-02-14 22:03:42 Finished in 7213.09 s at 02/14/23 22:03:42 for SimCov version 0.1.1.8024051-dirty
