2023-02-16 20:17:09 SimCov version SimCov version 0.1.1.8024051-dirty-master built on 20230216_082905
2023-02-16 20:17:09 _________________________
2023-02-16 20:17:09 Compiler definitions:
2023-02-16 20:17:09   _XOPEN_SOURCE=700
2023-02-16 20:17:09   CONFIG_USE_COLORS
2023-02-16 20:17:09   USE_BYTELL
2023-02-16 20:17:09   MAX_VIRIONS=125000
2023-02-16 20:17:09   MIN_VIRIONS=1e-10
2023-02-16 20:17:09   BLOCK_PARTITION
2023-02-16 20:17:09   MIN_BLOCKS_PER_PROC=1
2023-02-16 20:17:09   AVERAGE_SUBSAMPLE
2023-02-16 20:17:09 _________________________
2023-02-16 20:17:09 Options:
2023-02-16 20:17:09   dim =                         15000 15000 1
2023-02-16 20:17:09   whole-lung-dim =              48000 40000 20000
2023-02-16 20:17:09   timesteps =                   144005
2023-02-16 20:17:09   infection-coords =            uniform:1
2023-02-16 20:17:09   initial-infection =           999
2023-02-16 20:17:09   incubation-period =           1200
2023-02-16 20:17:09   apoptosis-period =            180
2023-02-16 20:17:09   expressing-period =           900
2023-02-16 20:17:09   infectivity =                 0.1
2023-02-16 20:17:09   infectivity-multiplier =      1.0
2023-02-16 20:17:09   virion-production =           1.1
2023-02-16 20:17:09   virion-production-multiplier = 1.0
2023-02-16 20:17:09   virion-clearance =            0.004
2023-02-16 20:17:09   virion-diffusion =            0.15
2023-02-16 20:17:09   chemokine-production =        1.0
2023-02-16 20:17:09   chemokine-decay =             0.01
2023-02-16 20:17:09   chemokine-diffusion =         1.0
2023-02-16 20:17:09   min-chemokine =               1e-06
2023-02-16 20:17:09   antibody-factor =             1
2023-02-16 20:17:09   antibody-period =             5760
2023-02-16 20:17:09   tcell-generation-rate =       105000
2023-02-16 20:17:09   tcell-initial-delay =         10080
2023-02-16 20:17:09   tcell-vascular-period =       5760
2023-02-16 20:17:09   tcell-tissue-period =         1440
2023-02-16 20:17:09   tcell-binding-period =        10
2023-02-16 20:17:09   max-binding-prob =            1
2023-02-16 20:17:09   tcells-follow-gradient =      false
2023-02-16 20:17:09   seed =                        9
2023-02-16 20:17:09   sample-period =               0
2023-02-16 20:17:09   sample-resolution =           1
2023-02-16 20:17:09   max-block-dim =               10
2023-02-16 20:17:09   output =                      exp_results/per_1200_inf_0.1/init_1001/9
2023-02-16 20:17:09 _________________________
2023-02-16 20:17:09 Starting run with 64 processes on 2 nodes at 02/16/23 20:17:09
2023-02-16 20:17:09 Pinned processes, with process 0 (pid 3872501) pinned to core 0
2023-02-16 20:17:09 Using block partitioning
2023-02-16 20:17:09 Initial free memory across all nodes: 151.82GB
2023-02-16 20:17:09 Starting with 76.19GB free on node 0
2023-02-16 20:17:09 Dividing 225000000 grid points into 3515625 squares of size 64 (8^2), with 54932 per process
2023-02-16 20:17:09 Total initial memory required per process is at least 281.63MB with each grid point requiring on average 84 bytes
2023-02-16 20:17:12  --- Elapsed time for tissue.cpp:Tissue:  (exiting barrier) 2023-02-16 20:17:12 ...
2023-02-16 20:17:12           ... (min/my/avg/max, bal) (3.43/3.43/3.43/3.43 s, 1.00) barrier(0.00 s) --- 
2023-02-16 20:17:12 Memory used on node 0 after initialization is  10.91GB
2023-02-16 20:17:12           ... (min/my/avg/max, bal) No-Time barrier(0.00 s) --- 
2023-02-16 20:17:12 Fraction of circulating T cells extravasating is 5.85938e-06
2023-02-16 20:17:12 # datetime                    step    incb       expr       apop       dead       tvas       ttis       chem       virs       chempts    %infct     <%active  lbln>
2023-02-16 20:17:12 [0] <main.cpp:141> WARNING: Time step 0: SUCCESSFUL initial infection at (7500, 7500, 0) after 0 tries
2023-02-16 20:17:12 [02/16/23 20:17:12    0.00s]: 0       1          0          0          0          0          0          0.00e+00   0.00e+00   1.00e+00   0.00       < 0.000 0.016 >
2023-02-16 20:17:13 [02/16/23 20:17:13    1.27s]: 2880    5222       1633       0          1098       0          0          1.71e-05   2.66e+05   2.73e+04   0.00       < 0.012 0.833 >
2023-02-16 20:17:16 [02/16/23 20:17:16    3.03s]: 5760    9395       6815       0          11785      0          0          6.35e-05   1.79e+06   6.13e+04   0.01       < 0.027 0.899 >
2023-02-16 20:17:22 [02/16/23 20:17:22    5.28s]: 8640    16103      9568       0          36405      0          0          9.82e-05   2.57e+06   1.09e+05   0.03       < 0.048 0.934 >
2023-02-16 20:17:30 [02/16/23 20:17:30    8.66s]: 11520   19604      13415      1116       74427      133767928  392        1.40e-04   3.71e+06   1.69e+05   0.05       < 0.075 0.932 >
2023-02-16 20:17:43 [02/16/23 20:17:43   13.12s]: 14400   15939      5094       3725       138633     319072913  1935       1.35e-04   1.91e+06   2.35e+05   0.07       < 0.103 0.968 >
2023-02-16 20:18:01 [02/16/23 20:18:01   18.08s]: 17280   12086      724        3851       204556     431459774  3056       7.14e-05   4.12e+05   3.03e+05   0.10       < 0.126 0.970 >
2023-02-16 20:18:23 [02/16/23 20:18:23   21.55s]: 20160   8807       101        3550       264385     499620854  4018       2.64e-05   8.25e+04   3.64e+05   0.12       < 0.139 0.969 >
2023-02-16 20:18:46 [02/16/23 20:18:46   23.05s]: 23040   3743       13         2186       311948     540960790  3776       5.87e-06   1.60e+04   3.91e+05   0.14       < 0.139 0.949 >
2023-02-16 20:19:07 [02/16/23 20:19:07   20.47s]: 25920   2537       0          1237       333633     566036433  1867       2.94e-07   2.15e+03   3.74e+05   0.15       < 0.127 0.942 >
2023-02-16 20:19:25 [02/16/23 20:19:25   18.12s]: 28800   4039       20         1642       354824     581244717  2512       5.45e-06   2.18e+04   4.32e+05   0.16       < 0.108 0.918 >
2023-02-16 20:19:42 [02/16/23 20:19:42   17.44s]: 31680   2384       6          1024       377086     590468762  2152       3.22e-06   9.59e+03   4.38e+05   0.17       < 0.112 0.934 >
2023-02-16 20:19:57 [02/16/23 20:19:57   15.32s]: 34560   1436       11         506        390348     596064640  1077       2.88e-06   1.00e+04   4.14e+05   0.17       < 0.093 0.925 >
2023-02-16 20:20:11 [02/16/23 20:20:11   13.33s]: 37440   4157       310        1776       405156     599457484  2384       1.36e-05   6.61e+04   4.79e+05   0.18       < 0.086 0.923 >
2023-02-16 20:20:28 [02/16/23 20:20:28   17.67s]: 40320   2455       17         1473       437093     601514105  2706       3.01e-06   6.85e+03   4.88e+05   0.20       < 0.117 0.915 >
2023-02-16 20:20:47 [02/16/23 20:20:47   19.04s]: 43200   4889       118        2288       459242     602761888  2960       9.05e-06   2.75e+04   5.34e+05   0.21       < 0.126 0.920 >
2023-02-16 20:21:09 [02/16/23 20:21:09   21.83s]: 46080   4525       27         1906       494206     603517309  2955       5.81e-06   2.55e+04   5.72e+05   0.22       < 0.143 0.937 >
2023-02-16 20:21:34 [02/16/23 20:21:34   24.55s]: 48960   9242       189        3117       526712     603975556  3639       1.52e-05   7.37e+04   6.37e+05   0.24       < 0.165 0.959 >
2023-02-16 20:22:04 [02/16/23 20:22:04   30.31s]: 51840   5546       37         3151       584883     604250141  5612       6.94e-06   2.48e+04   7.07e+05   0.26       < 0.193 0.954 >
2023-02-16 20:22:35 [02/16/23 20:22:35   30.73s]: 54720   4897       57         1299       613379     604420523  2285       8.06e-06   2.99e+04   6.94e+05   0.28       < 0.196 0.940 >
2023-02-16 20:23:09 [02/16/23 20:23:09   33.74s]: 57600   7050       76         4012       666204     604519623  6161       1.42e-05   4.16e+04   8.06e+05   0.30       < 0.210 0.953 >
2023-02-16 20:23:49 [02/16/23 20:23:49   40.05s]: 60480   3764       47         1769       714327     604581338  3591       6.04e-06   1.36e+04   7.74e+05   0.32       < 0.240 0.962 >
2023-02-16 20:24:28 [02/16/23 20:24:28   38.97s]: 63360   10981      199        4621       757471     604618342  6021       2.38e-05   1.06e+05   9.06e+05   0.34       < 0.224 0.944 >
2023-02-16 20:25:12 [02/16/23 20:25:12   44.06s]: 66240   5011       82         3018       822768     604638783  5842       6.48e-06   1.86e+04   9.31e+05   0.37       < 0.252 0.972 >
2023-02-16 20:25:53 [02/16/23 20:25:53   41.46s]: 69120   9594       86         3257       860046     604654459  4521       1.10e-05   2.90e+04   9.94e+05   0.39       < 0.235 0.949 >
2023-02-16 20:26:32 [02/16/23 20:26:32   39.15s]: 72000   7852       56         3263       915296     604662197  5247       1.15e-05   2.97e+04   1.05e+06   0.41       < 0.222 0.957 >
2023-02-16 20:27:14 [02/16/23 20:27:14   41.48s]: 74880   6414       95         3049       969311     604666940  5099       1.38e-05   4.16e+04   1.08e+06   0.44       < 0.241 0.971 >
2023-02-16 20:27:59 [02/16/23 20:27:59   45.07s]: 77760   7518       288        3683       1024248    604668814  5509       2.19e-05   1.08e+05   1.14e+06   0.46       < 0.267 0.961 >
2023-02-16 20:28:48 [02/16/23 20:28:48   49.39s]: 80640   5713       227        2978       1080117    604669807  5854       1.61e-05   9.58e+04   1.19e+06   0.48       < 0.265 0.959 >
2023-02-16 20:29:34 [02/16/23 20:29:34   45.32s]: 83520   6381       54         2514       1118716    604673672  3941       1.04e-05   3.76e+04   1.21e+06   0.50       < 0.245 0.939 >
2023-02-16 20:30:15 [02/16/23 20:30:15   41.67s]: 86400   10029      220        4391       1174086    604673218  6117       1.37e-05   6.06e+04   1.32e+06   0.53       < 0.233 0.967 >
2023-02-16 20:31:03 [02/16/23 20:31:03   47.78s]: 89280   9160       265        3726       1239430    604672322  5950       2.28e-05   1.19e+05   1.39e+06   0.56       < 0.270 0.950 >
2023-02-16 20:31:52 [02/16/23 20:31:52   48.63s]: 92160   5114       155        2640       1294312    604672769  5271       1.54e-05   9.00e+04   1.40e+06   0.58       < 0.264 0.965 >
2023-02-16 20:32:37 [02/16/23 20:32:37   45.38s]: 95040   9726       223        3489       1333647    604674623  4538       2.12e-05   8.59e+04   1.49e+06   0.60       < 0.252 0.947 >
2023-02-16 20:33:26 [02/16/23 20:33:26   48.88s]: 97920   7117       47         3751       1403607    604672114  6326       1.26e-05   3.99e+04   1.53e+06   0.63       < 0.263 0.960 >
2023-02-16 20:34:15 [02/16/23 20:34:15   49.38s]: 100800  5997       56         2814       1451794    604673181  4973       7.57e-06   1.43e+04   1.56e+06   0.65       < 0.269 0.967 >
2023-02-16 20:35:04 [02/16/23 20:35:04   49.18s]: 103680  10167      217        4511       1502981    604672976  6013       1.59e-05   7.27e+04   1.67e+06   0.67       < 0.270 0.945 >
2023-02-16 20:35:58 [02/16/23 20:35:58   53.24s]: 106560  9453       134        4192       1574535    604671424  6442       2.00e-05   6.14e+04   1.73e+06   0.71       < 0.293 0.973 >
2023-02-16 20:36:54 [02/16/23 20:36:54   56.31s]: 109440  8476       94         3622       1638644    604670515  6502       1.50e-05   4.24e+04   1.78e+06   0.73       < 0.307 0.966 >
2023-02-16 20:37:54 [02/16/23 20:37:54   60.16s]: 112320  8917       80         4133       1705223    604668563  7458       1.18e-05   4.63e+04   1.84e+06   0.76       < 0.335 0.945 >
2023-02-16 20:38:58 [02/16/23 20:38:58   63.45s]: 115200  10913      84         4233       1769725    604667897  7520       1.80e-05   6.56e+04   1.95e+06   0.79       < 0.349 0.977 >
2023-02-16 20:40:04 [02/16/23 20:40:04   66.18s]: 118080  8832       40         3911       1836260    604667565  6729       7.50e-06   1.77e+04   2.00e+06   0.82       < 0.348 0.963 >
2023-02-16 20:41:06 [02/16/23 20:41:06   61.84s]: 120960  7226       64         2858       1893806    604669375  5461       1.22e-05   3.73e+04   2.02e+06   0.85       < 0.325 0.954 >
2023-02-16 20:42:03 [02/16/23 20:42:03   57.45s]: 123840  9042       190        4149       1952544    604669584  6444       1.85e-05   7.86e+04   2.11e+06   0.87       < 0.297 0.955 >
2023-02-16 20:43:00 [02/16/23 20:43:00   56.40s]: 126720  8806       176        3470       2016417    604669583  6262       1.99e-05   8.41e+04   2.17e+06   0.90       < 0.307 0.955 >
2023-02-16 20:43:56 [02/16/23 20:43:56   56.05s]: 129600  9761       292        4533       2076897    604669993  6517       2.30e-05   8.84e+04   2.24e+06   0.93       < 0.293 0.961 >
2023-02-16 20:44:52 [02/16/23 20:44:52   56.03s]: 132480  10340      46         4237       2142945    604669208  6538       1.11e-05   5.36e+04   2.31e+06   0.96       < 0.305 0.962 >
2023-02-16 20:45:53 [02/16/23 20:45:53   61.12s]: 135360  10355      143        4196       2209471    604668410  7044       1.68e-05   9.81e+04   2.37e+06   0.99       < 0.327 0.969 >
2023-02-16 20:46:55 [02/16/23 20:46:55   62.19s]: 138240  7974       60         4037       2276293    604667932  6965       1.17e-05   3.43e+04   2.42e+06   1.02       < 0.335 0.969 >
2023-02-16 20:47:56 [02/16/23 20:47:56   61.29s]: 141120  9437       111        4235       2335562    604668351  6841       1.78e-05   5.96e+04   2.50e+06   1.04       < 0.324 0.969 >
2023-02-16 20:48:58 [02/16/23 20:48:58   62.12s]: 144000  9641       82         3943       2399693    604668047  6812       1.42e-05   7.98e+04   2.54e+06   1.07       < 0.339 0.959 >
2023-02-16 20:48:58 [02/16/23 20:48:58    0.09s]: 144004  9629       82         3943       2399797    604668044  6806       1.41e-05   7.94e+04   2.54e+06   1.07       < 0.339 0.959 >
2023-02-16 20:48:58  ---  main.cpp:generate tcells took  avg 0.04 s max 0.05 s balance 0.73  --- 
2023-02-16 20:48:58  ---  main.cpp:update circulating tcells took  avg 53.98 s max 56.87 s balance 0.95  --- 
2023-02-16 20:48:58  ---  main.cpp:update tcells took  avg 98.00 s max 107.77 s balance 0.91  --- 
2023-02-16 20:48:58  ---  main.cpp:update epicells took  avg 63.91 s max 65.78 s balance 0.97  --- 
2023-02-16 20:48:58  ---  main.cpp:update concentrations took  avg 395.08 s max 409.16 s balance 0.97  --- 
2023-02-16 20:48:58  ---  main.cpp:compute updates took  avg 1104.37 s max 1104.41 s balance 1.00  --- 
2023-02-16 20:48:58  ---  main.cpp:dispatch updates took  avg 458.81 s max 488.89 s balance 0.94  --- 
2023-02-16 20:48:58  ---  main.cpp:add new actives took  avg 26.82 s max 27.63 s balance 0.97  --- 
2023-02-16 20:48:58  ---  main.cpp:erase inactive took  avg 217.22 s max 221.96 s balance 0.98  --- 
2023-02-16 20:48:58  ---  main.cpp:sample took  avg 0.00 s max 0.00 s balance -nan  --- 
2023-02-16 20:48:58  ---  main.cpp:sample write took  avg 0.00 s max 0.00 s balance -nan  --- 
2023-02-16 20:48:58  ---  main.cpp:log took  avg 10.47 s max 10.55 s balance 0.99  --- 
2023-02-16 20:48:58 Finished 144005 time steps in 1906.3749 s (0.0132 s per step)
2023-02-16 20:48:58  --- Elapsed time for main.cpp:run_sim:  (exiting barrier) 2023-02-16 20:48:58 ...
2023-02-16 20:48:58           ... (min/my/avg/max, bal) (1906.37/1906.38/1906.38/1906.38 s, 1.00) barrier(0.00 s) --- 
2023-02-16 20:48:59 Peak memory used across all nodes: 22.38GB
2023-02-16 20:48:59 Finished in 1910.17 s at 02/16/23 20:48:59 for SimCov version 0.1.1.8024051-dirty
