2023-02-15 13:16:55 SimCov version SimCov version 0.1.1.8024051-dirty-master built on 20230202_132828
2023-02-15 13:16:55 _________________________
2023-02-15 13:16:55 Compiler definitions:
2023-02-15 13:16:55   _XOPEN_SOURCE=700
2023-02-15 13:16:55   CONFIG_USE_COLORS
2023-02-15 13:16:55   USE_BYTELL
2023-02-15 13:16:55   MAX_VIRIONS=125000
2023-02-15 13:16:55   MIN_VIRIONS=1e-10
2023-02-15 13:16:55   BLOCK_PARTITION
2023-02-15 13:16:55   MIN_BLOCKS_PER_PROC=1
2023-02-15 13:16:55   AVERAGE_SUBSAMPLE
2023-02-15 13:16:55 _________________________
2023-02-15 13:16:55 Options:
2023-02-15 13:16:55   dim =                         15000 15000 1
2023-02-15 13:16:55   whole-lung-dim =              48000 40000 20000
2023-02-15 13:16:55   timesteps =                   144005
2023-02-15 13:16:55   infection-coords =            uniform:1
2023-02-15 13:16:55   initial-infection =           999
2023-02-15 13:16:55   incubation-period =           600
2023-02-15 13:16:55   apoptosis-period =            180
2023-02-15 13:16:55   expressing-period =           900
2023-02-15 13:16:55   infectivity =                 0.01
2023-02-15 13:16:55   infectivity-multiplier =      1.0
2023-02-15 13:16:55   virion-production =           1.1
2023-02-15 13:16:55   virion-production-multiplier = 1.0
2023-02-15 13:16:55   virion-clearance =            0.004
2023-02-15 13:16:55   virion-diffusion =            0.15
2023-02-15 13:16:55   chemokine-production =        1.0
2023-02-15 13:16:55   chemokine-decay =             0.01
2023-02-15 13:16:55   chemokine-diffusion =         1.0
2023-02-15 13:16:55   min-chemokine =               1e-06
2023-02-15 13:16:55   antibody-factor =             1
2023-02-15 13:16:55   antibody-period =             5760
2023-02-15 13:16:55   tcell-generation-rate =       105000
2023-02-15 13:16:55   tcell-initial-delay =         10080
2023-02-15 13:16:55   tcell-vascular-period =       5760
2023-02-15 13:16:55   tcell-tissue-period =         1440
2023-02-15 13:16:55   tcell-binding-period =        10
2023-02-15 13:16:55   max-binding-prob =            1
2023-02-15 13:16:55   tcells-follow-gradient =      false
2023-02-15 13:16:55   seed =                        1
2023-02-15 13:16:55   sample-period =               0
2023-02-15 13:16:55   sample-resolution =           1
2023-02-15 13:16:55   max-block-dim =               10
2023-02-15 13:16:55   output =                      exp_results/per_600_inf_0.01/init_1001/1
2023-02-15 13:16:55 _________________________
2023-02-15 13:16:55 Starting run with 64 processes on 2 nodes at 02/15/23 13:16:55
2023-02-15 13:16:55 Pinned processes, with process 0 (pid 2220862) pinned to core 0
2023-02-15 13:16:55 Using block partitioning
2023-02-15 13:16:55 Initial free memory across all nodes: 152.58GB
2023-02-15 13:16:55 Starting with 76.16GB free on node 0
2023-02-15 13:16:55 Dividing 225000000 grid points into 3515625 squares of size 64 (8^2), with 54932 per process
2023-02-15 13:16:55 Total initial memory required per process is at least 281.63MB with each grid point requiring on average 84 bytes
2023-02-15 13:16:58  --- Elapsed time for tissue.cpp:Tissue:  (exiting barrier) 2023-02-15 13:16:58 ...
2023-02-15 13:16:58           ... (min/my/avg/max, bal) (3.51/3.51/3.51/3.51 s, 1.00) barrier(0.00 s) --- 
2023-02-15 13:16:58 Memory used on node 0 after initialization is  10.91GB
2023-02-15 13:16:58           ... (min/my/avg/max, bal) No-Time barrier(0.00 s) --- 
2023-02-15 13:16:58 Fraction of circulating T cells extravasating is 5.85938e-06
2023-02-15 13:16:58 # datetime                    step    incb       expr       apop       dead       tvas       ttis       chem       virs       chempts    %infct     <%active  lbln>
2023-02-15 13:16:58 [0] <main.cpp:141> WARNING: Time step 0: SUCCESSFUL initial infection at (7500, 7500, 0) after 0 tries
2023-02-15 13:16:58 [02/15/23 13:16:58    0.00s]: 0       1          0          0          0          0          0          0.00e+00   0.00e+00   1.00e+00   0.00       < 0.000 0.016 >
2023-02-15 13:17:00 [02/15/23 13:17:00    1.62s]: 2880    3466       3832       0          2509       0          0          3.29e-05   9.01e+05   3.48e+04   0.00       < 0.015 0.864 >
2023-02-15 13:17:04 [02/15/23 13:17:04    3.91s]: 5760    7806       9970       0          21179      0          0          8.57e-05   2.58e+06   8.19e+04   0.02       < 0.036 0.908 >
2023-02-15 13:17:11 [02/15/23 13:17:11    7.05s]: 8640    11950      16315      0          59914      0          0          1.41e-04   4.30e+06   1.50e+05   0.04       < 0.066 0.940 >
2023-02-15 13:17:23 [02/15/23 13:17:23   11.62s]: 11520   14931      20445      1366       120546     133767892  499        1.94e-04   5.82e+06   2.37e+05   0.07       < 0.106 0.969 >
2023-02-15 13:17:41 [02/15/23 13:17:41   18.63s]: 14400   14238      10736      4975       209932     319072313  2523       2.05e-04   3.76e+06   3.36e+05   0.11       < 0.144 0.977 >
2023-02-15 13:18:07 [02/15/23 13:18:07   26.20s]: 17280   14637      5303       5798       305769     431457461  4306       1.89e-04   2.21e+06   4.44e+05   0.15       < 0.177 0.962 >
2023-02-15 13:18:40 [02/15/23 13:18:40   32.49s]: 20160   14387      2999       6607       408060     499617044  5858       1.74e-04   1.44e+06   5.60e+05   0.19       < 0.203 0.970 >
2023-02-15 13:19:19 [02/15/23 13:19:19   38.77s]: 23040   14133      1989       6836       518199     540954408  6960       1.56e-04   1.02e+06   6.83e+05   0.24       < 0.225 0.962 >
2023-02-15 13:20:03 [02/15/23 13:20:03   44.51s]: 25920   14813      1626       7569       635776     566023412  8278       1.54e-04   8.78e+05   8.16e+05   0.29       < 0.247 0.979 >
2023-02-15 13:20:52 [02/15/23 13:20:52   48.89s]: 28800   16079      1837       8512       760878     581226940  9017       1.65e-04   9.54e+05   9.58e+05   0.35       < 0.268 0.972 >
2023-02-15 13:21:46 [02/15/23 13:21:46   54.11s]: 31680   16311      1523       8668       896926     590445758  9976       1.61e-04   7.81e+05   1.11e+06   0.41       < 0.290 0.966 >
2023-02-15 13:22:47 [02/15/23 13:22:47   60.62s]: 34560   17314      1513       9267       1040371    596036058  10988      1.75e-04   8.20e+05   1.27e+06   0.47       < 0.312 0.970 >
2023-02-15 13:23:52 [02/15/23 13:23:52   65.29s]: 37440   17875      1499       9631       1191281    599425051  11590      1.71e-04   7.65e+05   1.43e+06   0.54       < 0.332 0.968 >
2023-02-15 13:25:02 [02/15/23 13:25:02   70.26s]: 40320   18492      1501       10264      1353392    601479101  12619      1.76e-04   8.43e+05   1.61e+06   0.61       < 0.354 0.982 >
2023-02-15 13:26:17 [02/15/23 13:26:17   75.14s]: 43200   19407      1475       10876      1520642    602723892  13447      1.82e-04   7.81e+05   1.79e+06   0.69       < 0.377 0.981 >
2023-02-15 13:27:39 [02/15/23 13:27:39   81.38s]: 46080   21010      1952       11477      1698262    603477873  14137      1.97e-04   9.39e+05   1.99e+06   0.77       < 0.398 0.972 >
2023-02-15 13:29:07 [02/15/23 13:29:07   88.46s]: 48960   22236      1629       12041      1892592    603933270  15332      2.12e-04   9.16e+05   2.20e+06   0.86       < 0.425 0.974 >
2023-02-15 13:30:44 [02/15/23 13:30:44   96.68s]: 51840   23853      1901       12872      2095344    604208100  15851      2.25e-04   1.02e+06   2.42e+06   0.95       < 0.453 0.982 >
2023-02-15 13:32:26 [02/15/23 13:32:26  101.85s]: 54720   24531      2256       13871      2308886    604373571  16722      2.47e-04   1.17e+06   2.64e+06   1.04       < 0.474 0.968 >
2023-02-15 13:34:13 [02/15/23 13:34:13  107.56s]: 57600   25918      2118       13928      2527959    604473133  17114      2.39e-04   1.06e+06   2.88e+06   1.14       < 0.499 0.979 >
2023-02-15 13:36:06 [02/15/23 13:36:06  113.01s]: 60480   26976      2244       15262      2759318    604531771  18276      2.56e-04   1.20e+06   3.13e+06   1.25       < 0.521 0.969 >
2023-02-15 13:38:04 [02/15/23 13:38:04  117.67s]: 63360   27672      2063       15698      3003220    604566479  19055      2.67e-04   1.15e+06   3.39e+06   1.35       < 0.544 0.986 >
2023-02-15 13:40:08 [02/15/23 13:40:08  124.05s]: 66240   29488      2359       16380      3256964    604585489  20060      2.79e-04   1.25e+06   3.65e+06   1.47       < 0.570 0.980 >
2023-02-15 13:42:22 [02/15/23 13:42:22  133.71s]: 69120   30402      2177       16876      3524627    604595637  21254      2.84e-04   1.21e+06   3.94e+06   1.59       < 0.600 0.975 >
2023-02-15 13:44:42 [02/15/23 13:44:42  139.89s]: 72000   30438      2177       17210      3799823    604600914  21390      2.86e-04   1.20e+06   4.22e+06   1.71       < 0.619 0.976 >
2023-02-15 13:47:06 [02/15/23 13:47:06  144.12s]: 74880   33844      2855       18522      4081022    604603167  22174      3.27e-04   1.57e+06   4.52e+06   1.84       < 0.640 0.982 >
2023-02-15 13:49:37 [02/15/23 13:49:37  150.64s]: 77760   33890      2891       18561      4381030    604603124  23437      3.32e-04   1.53e+06   4.83e+06   1.97       < 0.662 0.974 >
2023-02-15 13:52:25 [02/15/23 13:52:25  168.21s]: 80640   33787      2602       19564      4686329    604601521  24109      3.25e-04   1.47e+06   5.16e+06   2.11       < 0.689 0.987 >
2023-02-15 13:55:07 [02/15/23 13:55:07  162.16s]: 83520   34683      2808       19728      4996659    604599669  24780      3.31e-04   1.52e+06   5.48e+06   2.25       < 0.707 0.979 >
2023-02-15 13:58:01 [02/15/23 13:58:01  174.01s]: 86400   35338      2506       20217      5314887    604597311  25508      3.27e-04   1.40e+06   5.82e+06   2.39       < 0.728 0.982 >
2023-02-15 14:00:54 [02/15/23 14:00:54  173.56s]: 89280   37494      2989       21000      5648372    604594254  26531      3.56e-04   1.63e+06   6.17e+06   2.54       < 0.753 0.986 >
2023-02-15 14:03:58 [02/15/23 14:03:58  183.55s]: 92160   40316      3215       22082      5996016    604591209  27178      3.73e-04   1.71e+06   6.53e+06   2.69       < 0.786 0.984 >
2023-02-15 14:07:11 [02/15/23 14:07:11  193.17s]: 95040   40284      3175       23105      6357196    604587372  28356      3.91e-04   1.77e+06   6.91e+06   2.86       < 0.813 0.982 >
2023-02-15 14:10:30 [02/15/23 14:10:30  198.89s]: 97920   39602      2950       22912      6724146    604584038  29079      3.78e-04   1.68e+06   7.29e+06   3.02       < 0.830 0.986 >
2023-02-15 14:13:54 [02/15/23 14:13:54  204.39s]: 100800  43295      3473       23836      7089884    604582322  28947      4.09e-04   1.79e+06   7.67e+06   3.18       < 0.850 0.977 >
2023-02-15 14:17:28 [02/15/23 14:17:28  213.14s]: 103680  44193      3629       25612      7481877    604578801  31014      4.36e-04   2.05e+06   8.08e+06   3.36       < 0.873 0.986 >
2023-02-15 14:21:08 [02/15/23 14:21:08  220.28s]: 106560  43846      3289       24501      7882553    604575052  31664      4.15e-04   1.75e+06   8.49e+06   3.54       < 0.906 0.986 >
2023-02-15 14:24:54 [02/15/23 14:24:54  226.31s]: 109440  44174      3506       25478      8283518    604571709  32214      4.24e-04   1.92e+06   8.91e+06   3.71       < 0.929 0.990 >
2023-02-15 14:28:45 [02/15/23 14:28:45  230.67s]: 112320  46672      3803       26557      8697179    604568483  33160      4.56e-04   2.08e+06   9.35e+06   3.90       < 0.946 0.983 >
2023-02-15 14:32:42 [02/15/23 14:32:42  237.53s]: 115200  47583      3668       27112      9125067    604565125  33820      4.53e-04   1.97e+06   9.79e+06   4.09       < 0.971 0.987 >
2023-02-15 14:36:48 [02/15/23 14:36:48  245.89s]: 118080  49340      4153       27770      9561856    604562083  34417      4.77e-04   2.19e+06   1.02e+07   4.29       < 1.003 0.989 >
2023-02-15 14:41:01 [02/15/23 14:41:01  252.99s]: 120960  51884      4025       28339      10009809   604558237  35815      4.82e-04   2.18e+06   1.07e+07   4.49       < 1.023 0.986 >
2023-02-15 14:45:20 [02/15/23 14:45:20  258.67s]: 123840  51085      4057       28883      10473853   604554607  36777      4.84e-04   2.17e+06   1.12e+07   4.69       < 1.052 0.987 >
2023-02-15 14:49:45 [02/15/23 14:49:45  265.20s]: 126720  53371      4350       29525      10943081   604551716  37252      5.17e-04   2.37e+06   1.17e+07   4.90       < 1.074 0.986 >
2023-02-15 14:54:21 [02/15/23 14:54:21  276.10s]: 129600  53818      3949       30632      11426262   604547885  38178      5.07e-04   2.27e+06   1.22e+07   5.12       < 1.100 0.984 >
2023-02-15 14:59:00 [02/15/23 14:59:00  278.26s]: 132480  55674      4696       31301      11916982   604545796  38338      5.41e-04   2.55e+06   1.27e+07   5.34       < 1.122 0.990 >
2023-02-15 15:03:45 [02/15/23 15:03:45  285.42s]: 135360  57566      4612       31962      12420622   604542594  39445      5.52e-04   2.52e+06   1.32e+07   5.56       < 1.138 0.983 >
2023-02-15 15:08:40 [02/15/23 15:08:40  295.06s]: 138240  58754      4726       32609      12936201   604539477  40366      5.59e-04   2.60e+06   1.37e+07   5.79       < 1.165 0.986 >
2023-02-15 15:13:42 [02/15/23 15:13:42  301.73s]: 141120  58038      4501       32693      13462644   604536135  41458      5.54e-04   2.49e+06   1.43e+07   6.03       < 1.191 0.991 >
2023-02-15 15:18:54 [02/15/23 15:18:54  312.72s]: 144000  61153      4654       33558      13995300   604533163  41796      5.75e-04   2.53e+06   1.48e+07   6.26       < 1.221 0.985 >
2023-02-15 15:18:55 [02/15/23 15:18:55    0.43s]: 144004  61163      4679       33462      13996086   604533141  41813      5.75e-04   2.53e+06   1.48e+07   6.26       < 1.221 0.985 >
2023-02-15 15:18:55  ---  main.cpp:generate tcells took  avg 0.05 s max 0.07 s balance 0.74  --- 
2023-02-15 15:18:55  ---  main.cpp:update circulating tcells took  avg 55.19 s max 57.79 s balance 0.95  --- 
2023-02-15 15:18:55  ---  main.cpp:update tcells took  avg 503.35 s max 549.08 s balance 0.92  --- 
2023-02-15 15:18:55  ---  main.cpp:update epicells took  avg 167.15 s max 171.18 s balance 0.98  --- 
2023-02-15 15:18:55  ---  main.cpp:update concentrations took  avg 1843.65 s max 1895.21 s balance 0.97  --- 
2023-02-15 15:18:55  ---  main.cpp:compute updates took  avg 4253.81 s max 4253.93 s balance 1.00  --- 
2023-02-15 15:18:55  ---  main.cpp:dispatch updates took  avg 1910.21 s max 2050.40 s balance 0.93  --- 
2023-02-15 15:18:55  ---  main.cpp:add new actives took  avg 86.57 s max 89.37 s balance 0.97  --- 
2023-02-15 15:18:55  ---  main.cpp:erase inactive took  avg 741.78 s max 765.01 s balance 0.97  --- 
2023-02-15 15:18:55  ---  main.cpp:sample took  avg 0.00 s max 0.00 s balance -nan  --- 
2023-02-15 15:18:55  ---  main.cpp:sample write took  avg 0.00 s max 0.00 s balance -nan  --- 
2023-02-15 15:18:55  ---  main.cpp:log took  avg 13.08 s max 13.21 s balance 0.99  --- 
2023-02-15 15:18:55 Finished 144005 time steps in 7316.5192 s (0.0508 s per step)
2023-02-15 15:18:55  --- Elapsed time for main.cpp:run_sim:  (exiting barrier) 2023-02-15 15:18:55 ...
2023-02-15 15:18:55           ... (min/my/avg/max, bal) (7316.52/7316.52/7316.52/7316.52 s, 1.00) barrier(0.00 s) --- 
2023-02-15 15:18:55 Peak memory used across all nodes: 24.10GB
2023-02-15 15:18:55 Finished in 7320.42 s at 02/15/23 15:18:55 for SimCov version 0.1.1.8024051-dirty
