2023-02-17 05:42:48 SimCov version SimCov version 0.1.1.8024051-dirty-master built on 20230216_082905
2023-02-17 05:42:48 _________________________
2023-02-17 05:42:48 Compiler definitions:
2023-02-17 05:42:48   _XOPEN_SOURCE=700
2023-02-17 05:42:48   CONFIG_USE_COLORS
2023-02-17 05:42:48   USE_BYTELL
2023-02-17 05:42:48   MAX_VIRIONS=125000
2023-02-17 05:42:48   MIN_VIRIONS=1e-10
2023-02-17 05:42:48   BLOCK_PARTITION
2023-02-17 05:42:48   MIN_BLOCKS_PER_PROC=1
2023-02-17 05:42:48   AVERAGE_SUBSAMPLE
2023-02-17 05:42:48 _________________________
2023-02-17 05:42:48 Options:
2023-02-17 05:42:48   dim =                         15000 15000 1
2023-02-17 05:42:48   whole-lung-dim =              48000 40000 20000
2023-02-17 05:42:48   timesteps =                   144005
2023-02-17 05:42:48   infection-coords =            uniform:1
2023-02-17 05:42:48   initial-infection =           999
2023-02-17 05:42:48   incubation-period =           300
2023-02-17 05:42:48   apoptosis-period =            180
2023-02-17 05:42:48   expressing-period =           900
2023-02-17 05:42:48   infectivity =                 0.001
2023-02-17 05:42:48   infectivity-multiplier =      1.0
2023-02-17 05:42:48   virion-production =           1.1
2023-02-17 05:42:48   virion-production-multiplier = 1.0
2023-02-17 05:42:48   virion-clearance =            0.004
2023-02-17 05:42:48   virion-diffusion =            0.15
2023-02-17 05:42:48   chemokine-production =        1.0
2023-02-17 05:42:48   chemokine-decay =             0.01
2023-02-17 05:42:48   chemokine-diffusion =         1.0
2023-02-17 05:42:48   min-chemokine =               1e-06
2023-02-17 05:42:48   antibody-factor =             1
2023-02-17 05:42:48   antibody-period =             5760
2023-02-17 05:42:48   tcell-generation-rate =       105000
2023-02-17 05:42:48   tcell-initial-delay =         10080
2023-02-17 05:42:48   tcell-vascular-period =       5760
2023-02-17 05:42:48   tcell-tissue-period =         1440
2023-02-17 05:42:48   tcell-binding-period =        10
2023-02-17 05:42:48   max-binding-prob =            1
2023-02-17 05:42:48   tcells-follow-gradient =      false
2023-02-17 05:42:48   seed =                        8
2023-02-17 05:42:48   sample-period =               0
2023-02-17 05:42:48   sample-resolution =           1
2023-02-17 05:42:48   max-block-dim =               10
2023-02-17 05:42:48   output =                      exp_results/per_300_inf_0.001/init_999/8
2023-02-17 05:42:48 _________________________
2023-02-17 05:42:48 Starting run with 64 processes on 2 nodes at 02/17/23 05:42:48
2023-02-17 05:42:48 Pinned processes, with process 0 (pid 3880386) pinned to core 0
2023-02-17 05:42:48 Using block partitioning
2023-02-17 05:42:48 Initial free memory across all nodes: 152.24GB
2023-02-17 05:42:48 Starting with 76.42GB free on node 0
2023-02-17 05:42:48 Dividing 225000000 grid points into 3515625 squares of size 64 (8^2), with 54932 per process
2023-02-17 05:42:48 Total initial memory required per process is at least 281.63MB with each grid point requiring on average 84 bytes
2023-02-17 05:42:51  --- Elapsed time for tissue.cpp:Tissue:  (exiting barrier) 2023-02-17 05:42:51 ...
2023-02-17 05:42:51           ... (min/my/avg/max, bal) (3.48/3.48/3.48/3.48 s, 1.00) barrier(0.00 s) --- 
2023-02-17 05:42:51 Memory used on node 0 after initialization is  10.90GB
2023-02-17 05:42:51           ... (min/my/avg/max, bal) No-Time barrier(0.00 s) --- 
2023-02-17 05:42:51 Fraction of circulating T cells extravasating is 5.85938e-06
2023-02-17 05:42:51 # datetime                    step    incb       expr       apop       dead       tvas       ttis       chem       virs       chempts    %infct     <%active  lbln>
2023-02-17 05:42:51 [0] <main.cpp:141> WARNING: Time step 0: SUCCESSFUL initial infection at (7500, 7500, 0) after 0 tries
2023-02-17 05:42:51 [02/17/23 05:42:51    0.00s]: 0       1          0          0          0          0          0          0.00e+00   0.00e+00   1.00e+00   0.00       < 0.000 0.016 >
2023-02-17 05:42:53 [02/17/23 05:42:53    1.62s]: 2880    2045       4725       0          3151       0          0          3.88e-05   1.12e+06   3.80e+04   0.00       < 0.017 0.857 >
2023-02-17 05:42:57 [02/17/23 05:42:57    4.10s]: 5760    4438       11724      0          25953      0          0          9.89e-05   3.06e+06   9.13e+04   0.02       < 0.041 0.924 >
2023-02-17 05:43:05 [02/17/23 05:43:05    7.95s]: 8640    6987       19141      0          72124      0          0          1.60e-04   5.08e+06   1.69e+05   0.04       < 0.075 0.945 >
2023-02-17 05:43:18 [02/17/23 05:43:18   13.15s]: 11520   8991       24260      1254       143131     133767726  571        2.24e-04   6.85e+06   2.70e+05   0.08       < 0.120 0.957 >
2023-02-17 05:43:40 [02/17/23 05:43:40   21.59s]: 14400   9259       16433      5045       243461     319071827  2841       2.54e-04   5.53e+06   3.88e+05   0.12       < 0.164 0.966 >
2023-02-17 05:44:10 [02/17/23 05:44:10   30.24s]: 17280   9759       11053      6620       354863     431456442  4751       2.57e-04   4.16e+06   5.15e+05   0.17       < 0.202 0.969 >
2023-02-17 05:44:48 [02/17/23 05:44:48   38.48s]: 20160   10201      7717       7539       476209     499615124  6600       2.54e-04   3.24e+06   6.53e+05   0.22       < 0.233 0.966 >
2023-02-17 05:45:34 [02/17/23 05:45:34   45.64s]: 23040   10641      6239       8613       607019     540951335  8019       2.65e-04   2.97e+06   8.01e+05   0.28       < 0.261 0.972 >
2023-02-17 05:46:26 [02/17/23 05:46:26   52.35s]: 25920   11545      6353       9238       747517     566020036  9277       2.76e-04   2.83e+06   9.62e+05   0.34       < 0.288 0.972 >
2023-02-17 05:47:26 [02/17/23 05:47:26   59.53s]: 28800   12189      6464       10034      900470     581222364  10491      2.95e-04   3.01e+06   1.13e+06   0.41       < 0.315 0.966 >
2023-02-17 05:48:32 [02/17/23 05:48:32   66.24s]: 31680   13117      6521       11195      1067137    590440694  11680      3.17e-04   3.13e+06   1.32e+06   0.49       < 0.345 0.976 >
2023-02-17 05:49:44 [02/17/23 05:49:44   71.88s]: 34560   13916      6212       11437      1247102    596029981  12757      3.27e-04   2.99e+06   1.52e+06   0.57       < 0.374 0.972 >
2023-02-17 05:51:03 [02/17/23 05:51:03   79.22s]: 37440   15276      6913       12082      1437614    599418053  13774      3.51e-04   3.17e+06   1.73e+06   0.65       < 0.402 0.976 >
2023-02-17 05:52:31 [02/17/23 05:52:31   87.42s]: 40320   16423      7536       12994      1642532    601471836  14764      3.81e-04   3.47e+06   1.95e+06   0.75       < 0.430 0.976 >
2023-02-17 05:54:07 [02/17/23 05:54:07   96.06s]: 43200   16754      7193       14197      1862796    602715540  15973      4.00e-04   3.62e+06   2.19e+06   0.84       < 0.461 0.986 >
2023-02-17 05:55:50 [02/17/23 05:55:50  103.16s]: 46080   18018      7802       14925      2092769    603468405  16782      4.26e-04   3.87e+06   2.44e+06   0.95       < 0.491 0.979 >
2023-02-17 05:57:40 [02/17/23 05:57:40  110.03s]: 48960   19402      8683       15688      2336241    603923602  17897      4.52e-04   4.15e+06   2.70e+06   1.06       < 0.518 0.972 >
2023-02-17 05:59:37 [02/17/23 05:59:37  117.25s]: 51840   19822      8170       16700      2596467    604197593  19025      4.63e-04   4.01e+06   2.98e+06   1.17       < 0.549 0.982 >
2023-02-17 06:01:41 [02/17/23 06:01:41  124.24s]: 54720   20555      8540       17510      2869511    604362319  20062      4.92e-04   4.38e+06   3.27e+06   1.30       < 0.580 0.981 >
2023-02-17 06:03:55 [02/17/23 06:03:55  133.83s]: 57600   21821      9523       17874      3153514    604460625  20800      5.22e-04   4.62e+06   3.58e+06   1.42       < 0.608 0.985 >
2023-02-17 06:06:16 [02/17/23 06:06:16  141.09s]: 60480   23411      10241      19098      3453212    604518982  21768      5.46e-04   4.94e+06   3.90e+06   1.56       < 0.638 0.989 >
2023-02-17 06:08:44 [02/17/23 06:08:44  147.96s]: 63360   23661      10060      20092      3766923    604552568  22975      5.67e-04   5.13e+06   4.23e+06   1.70       < 0.668 0.975 >
2023-02-17 06:11:20 [02/17/23 06:11:20  155.62s]: 66240   24789      10964      20752      4091582    604571346  23962      5.91e-04   5.25e+06   4.57e+06   1.84       < 0.697 0.981 >
2023-02-17 06:14:03 [02/17/23 06:14:03  162.78s]: 69120   26690      12551      21531      4429997    604581533  24473      6.29e-04   5.73e+06   4.93e+06   2.00       < 0.726 0.984 >
2023-02-17 06:16:54 [02/17/23 06:16:54  171.05s]: 72000   27779      12144      22482      4784982    604586230  25296      6.45e-04   5.92e+06   5.30e+06   2.15       < 0.757 0.980 >
2023-02-17 06:19:53 [02/17/23 06:19:53  179.25s]: 74880   27636      12090      23167      5154542    604587092  26916      6.57e-04   5.98e+06   5.69e+06   2.32       < 0.789 0.985 >
2023-02-17 06:23:03 [02/17/23 06:23:03  190.00s]: 77760   29408      13272      23685      5534223    604586369  27392      6.93e-04   6.28e+06   6.09e+06   2.49       < 0.818 0.977 >
2023-02-17 06:26:23 [02/17/23 06:26:23  199.60s]: 80640   29629      12930      25143      5931027    604584293  28876      7.15e-04   6.53e+06   6.51e+06   2.67       < 0.846 0.988 >
2023-02-17 06:29:51 [02/17/23 06:29:51  208.05s]: 83520   31203      13968      26139      6338441    604581399  29627      7.36e-04   6.65e+06   6.93e+06   2.85       < 0.878 0.981 >
2023-02-17 06:33:26 [02/17/23 06:33:26  215.83s]: 86400   31951      13727      27133      6760519    604578383  30654      7.66e-04   6.90e+06   7.37e+06   3.04       < 0.906 0.978 >
2023-02-17 06:37:10 [02/17/23 06:37:10  223.79s]: 89280   33517      15433      27656      7195397    604574942  31689      7.95e-04   7.24e+06   7.83e+06   3.23       < 0.936 0.986 >
2023-02-17 06:41:02 [02/17/23 06:41:02  231.57s]: 92160   34251      14432      28718      7646450    604571049  32708      8.14e-04   7.23e+06   8.30e+06   3.43       < 0.966 0.980 >
2023-02-17 06:45:02 [02/17/23 06:45:02  240.32s]: 95040   35332      15345      28522      8106987    604566892  33574      8.20e-04   7.22e+06   8.78e+06   3.64       < 0.994 0.984 >
2023-02-17 06:49:13 [02/17/23 06:49:13  250.83s]: 97920   36663      16378      30284      8583610    604563199  34622      8.69e-04   7.86e+06   9.27e+06   3.85       < 1.024 0.987 >
2023-02-17 06:53:28 [02/17/23 06:53:28  255.05s]: 100800  37338      16499      30878      9075949    604559768  35370      8.83e-04   8.02e+06   9.78e+06   4.07       < 1.055 0.984 >
2023-02-17 06:57:51 [02/17/23 06:57:51  263.41s]: 103680  38571      17293      31926      9581197    604555830  36419      9.16e-04   8.41e+06   1.03e+07   4.30       < 1.086 0.978 >
2023-02-17 07:02:24 [02/17/23 07:02:24  272.89s]: 106560  39020      16186      32538      10100854   604551461  37613      9.27e-04   8.07e+06   1.08e+07   4.53       < 1.116 0.979 >
2023-02-17 07:07:06 [02/17/23 07:07:06  282.10s]: 109440  40915      18760      32945      10630692   604547601  38482      9.62e-04   8.85e+06   1.14e+07   4.77       < 1.146 0.979 >
2023-02-17 07:11:58 [02/17/23 07:11:58  291.39s]: 112320  42073      18046      33970      11176847   604543876  39115      9.78e-04   8.76e+06   1.20e+07   5.01       < 1.175 0.985 >
2023-02-17 07:17:03 [02/17/23 07:17:03  305.40s]: 115200  42855      18499      35280      11740125   604540153  40583      1.01e-03   9.22e+06   1.25e+07   5.26       < 1.207 0.986 >
2023-02-17 07:22:14 [02/17/23 07:22:14  310.97s]: 118080  43530      18808      35733      12313422   604535682  41816      1.02e-03   9.09e+06   1.31e+07   5.52       < 1.238 0.988 >
2023-02-17 07:27:30 [02/17/23 07:27:30  316.09s]: 120960  44910      20453      36642      12898469   604531754  42390      1.06e-03   9.69e+06   1.37e+07   5.78       < 1.264 0.983 >
2023-02-17 07:32:55 [02/17/23 07:32:55  324.88s]: 123840  46674      20555      37782      13501333   604527581  43928      1.10e-03   9.97e+06   1.44e+07   6.05       < 1.296 0.980 >
2023-02-17 07:38:29 [02/17/23 07:38:29  333.58s]: 126720  47584      21820      38511      14117309   604524029  44284      1.11e-03   1.03e+07   1.50e+07   6.32       < 1.328 0.987 >
2023-02-17 07:44:10 [02/17/23 07:44:10  341.12s]: 129600  47861      21392      39795      14748949   604519862  45728      1.14e-03   1.05e+07   1.57e+07   6.60       < 1.358 0.979 >
2023-02-17 07:50:02 [02/17/23 07:50:02  352.42s]: 132480  49042      21924      40220      15389537   604516236  46133      1.16e-03   1.04e+07   1.63e+07   6.89       < 1.387 0.988 >
2023-02-17 07:56:00 [02/17/23 07:56:00  357.84s]: 135360  50736      23278      41800      16045066   604512487  47240      1.19e-03   1.11e+07   1.70e+07   7.18       < 1.416 0.988 >
2023-02-17 08:02:06 [02/17/23 08:02:06  366.34s]: 138240  50827      22938      42674      16718621   604508365  48721      1.21e-03   1.12e+07   1.77e+07   7.48       < 1.446 0.981 >
2023-02-17 08:08:22 [02/17/23 08:08:22  375.58s]: 141120  51456      23069      42358      17399772   604504056  49573      1.21e-03   1.09e+07   1.84e+07   7.79       < 1.476 0.989 >
2023-02-17 08:14:45 [02/17/23 08:14:45  383.07s]: 144000  53110      24414      44041      18094567   604500059  50862      1.27e-03   1.17e+07   1.91e+07   8.10       < 1.504 0.982 >
2023-02-17 08:14:46 [02/17/23 08:14:46    0.54s]: 144004  53070      24419      44093      18095544   604500065  50867      1.27e-03   1.17e+07   1.91e+07   8.10       < 1.504 0.981 >
2023-02-17 08:14:46  ---  main.cpp:generate tcells took  avg 0.05 s max 0.07 s balance 0.75  --- 
2023-02-17 08:14:46  ---  main.cpp:update circulating tcells took  avg 53.95 s max 56.89 s balance 0.95  --- 
2023-02-17 08:14:46  ---  main.cpp:update tcells took  avg 611.20 s max 668.17 s balance 0.91  --- 
2023-02-17 08:14:46  ---  main.cpp:update epicells took  avg 203.82 s max 206.26 s balance 0.99  --- 
2023-02-17 08:14:46  ---  main.cpp:update concentrations took  avg 2402.82 s max 2456.55 s balance 0.98  --- 
2023-02-17 08:14:46  ---  main.cpp:compute updates took  avg 5339.79 s max 5340.04 s balance 1.00  --- 
2023-02-17 08:14:46  ---  main.cpp:dispatch updates took  avg 2347.23 s max 2567.98 s balance 0.91  --- 
2023-02-17 08:14:46  ---  main.cpp:add new actives took  avg 103.27 s max 106.18 s balance 0.97  --- 
2023-02-17 08:14:46  ---  main.cpp:erase inactive took  avg 927.93 s max 959.05 s balance 0.97  --- 
2023-02-17 08:14:46  ---  main.cpp:sample took  avg 0.00 s max 0.00 s balance -nan  --- 
2023-02-17 08:14:46  ---  main.cpp:sample write took  avg 0.00 s max 0.00 s balance -nan  --- 
2023-02-17 08:14:46  ---  main.cpp:log took  avg 11.98 s max 12.06 s balance 0.99  --- 
2023-02-17 08:14:46 Finished 144005 time steps in 9114.4028 s (0.0633 s per step)
2023-02-17 08:14:46  --- Elapsed time for main.cpp:run_sim:  (exiting barrier) 2023-02-17 08:14:46 ...
2023-02-17 08:14:46           ... (min/my/avg/max, bal) (9114.40/9114.40/9114.40/9114.40 s, 1.00) barrier(0.00 s) --- 
2023-02-17 08:14:46 Peak memory used across all nodes: 24.56GB
2023-02-17 08:14:46 Finished in 9118.26 s at 02/17/23 08:14:46 for SimCov version 0.1.1.8024051-dirty
