2023-02-14 14:20:48 SimCov version SimCov version 0.1.1.9cc77ef-dirty-branching_airways_3min_model built on 20230204_191356
2023-02-14 14:20:48 _________________________
2023-02-14 14:20:48 Compiler definitions:
2023-02-14 14:20:48   _XOPEN_SOURCE=700
2023-02-14 14:20:48   CONFIG_USE_COLORS
2023-02-14 14:20:48   USE_BYTELL
2023-02-14 14:20:48   MAX_VIRIONS=125000
2023-02-14 14:20:48   MIN_VIRIONS=1e-10
2023-02-14 14:20:48   BLOCK_PARTITION
2023-02-14 14:20:48   MIN_BLOCKS_PER_PROC=1
2023-02-14 14:20:48   AVERAGE_SUBSAMPLE
2023-02-14 14:20:48 _________________________
2023-02-14 14:20:48 Options:
2023-02-14 14:20:48   dim =                         15000 15000 1
2023-02-14 14:20:48   whole-lung-dim =              48000 40000 20000
2023-02-14 14:20:48   timesteps =                   216005
2023-02-14 14:20:48   infection-coords =            uniform:1
2023-02-14 14:20:48   initial-infection =           1001
2023-02-14 14:20:48   incubation-period =           1200
2023-02-14 14:20:48   apoptosis-period =            180
2023-02-14 14:20:48   expressing-period =           900
2023-02-14 14:20:48   infectivity =                 0.1
2023-02-14 14:20:48   infectivity-multiplier =      1.0
2023-02-14 14:20:48   virion-production =           1.1
2023-02-14 14:20:48   virion-production-multiplier = 1.0
2023-02-14 14:20:48   virion-clearance =            0.004
2023-02-14 14:20:48   virion-diffusion =            0.15
2023-02-14 14:20:48   chemokine-production =        1.0
2023-02-14 14:20:48   chemokine-decay =             0.01
2023-02-14 14:20:48   chemokine-diffusion =         1.0
2023-02-14 14:20:48   min-chemokine =               1e-06
2023-02-14 14:20:48   antibody-factor =             1
2023-02-14 14:20:48   antibody-period =             5760
2023-02-14 14:20:48   tcell-generation-rate =       105000
2023-02-14 14:20:48   tcell-initial-delay =         10080
2023-02-14 14:20:48   tcell-vascular-period =       5760
2023-02-14 14:20:48   tcell-tissue-period =         1440
2023-02-14 14:20:48   tcell-binding-period =        10
2023-02-14 14:20:48   max-binding-prob =            1
2023-02-14 14:20:48   tcells-follow-gradient =      false
2023-02-14 14:20:48   seed =                        4
2023-02-14 14:20:48   sample-period =               0
2023-02-14 14:20:48   sample-resolution =           1
2023-02-14 14:20:48   max-block-dim =               10
2023-02-14 14:20:48   output =                      exp_results/per_1200_inf_0.1/init_1001/4
2023-02-14 14:20:48 _________________________
2023-02-14 14:20:48 Starting run with 64 processes on 2 nodes at 02/14/23 14:20:48
2023-02-14 14:20:48 Pinned processes, with process 0 (pid 3815814) pinned to core 0
2023-02-14 14:20:48 Using block partitioning
2023-02-14 14:20:48 Initial free memory across all nodes: 152.21GB
2023-02-14 14:20:48 Starting with 76.28GB free on node 0
2023-02-14 14:20:48 Dividing 225000000 grid points into 3515625 squares of size 64 (8^2), with 54932 per process
2023-02-14 14:20:48 Total initial memory required per process is at least 308.46MB with each grid point requiring on average 92 bytes
2023-02-14 14:20:52  --- Elapsed time for tissue.cpp:Tissue:  (exiting barrier) 2023-02-14 14:20:52 ...
2023-02-14 14:20:52           ... (min/my/avg/max, bal) (3.45/3.45/3.45/3.45 s, 1.00) barrier(0.00 s) --- 
2023-02-14 14:20:52 Memory used on node 0 after initialization is  11.74GB
2023-02-14 14:20:52           ... (min/my/avg/max, bal) No-Time barrier(0.00 s) --- 
2023-02-14 14:20:52 Fraction of circulating T cells extravasating is 5.85938e-06
2023-02-14 14:20:52 # datetime                    step    incb       expr       apop       dead       tvas       ttis       inflcell   inflallvirs%infct     <%active  lbln>
2023-02-14 14:20:52 [0] <main.cpp:145> WARNING: Time step 0: SUCCESSFUL initial infection at (7500, 7500, 0) after 0 tries
2023-02-14 14:20:52 [02/14/23 14:20:52    0.00s]: 0       1          0          0          0          0          0          0          0          0.00e+00   0.0000004444< 0.000 0.016 >
2023-02-14 14:20:54 [02/14/23 14:20:54    2.50s]: 4320    8427       3158       0          5485       0          0          44263      44263      9.75e+05   0.0075866667< 0.020 0.839 >
2023-02-14 14:21:01 [02/14/23 14:21:01    6.97s]: 8640    16420      9300       0          36478      0          0          108959     108959     2.50e+06   0.0276435556< 0.048 0.947 >
2023-02-14 14:21:15 [02/14/23 14:21:15   14.38s]: 12960   16981      8326       2819       106278     237943601  1186       200073     200073     2.77e+06   0.0597351111< 0.089 0.957 >
2023-02-14 14:21:40 [02/14/23 14:21:40   24.85s]: 17280   12049      777        4166       203074     431459593  3259       300711     300711     4.53e+05   0.0978071111< 0.125 0.969 >
2023-02-14 14:22:13 [02/14/23 14:22:13   32.82s]: 21600   7062       69         3065       288479     522861535  4011       389510     389510     3.15e+04   0.1327444444< 0.140 0.963 >
2023-02-14 14:22:46 [02/14/23 14:22:46   33.18s]: 25920   2406       95         1361       345188     566035114  2651       452676     452676     1.15e+04   0.1551333333< 0.135 0.936 >
2023-02-14 14:23:16 [02/14/23 14:23:16   30.01s]: 30240   3605       5          1555       386537     586428855  2609       514470     514470     4.85e+03   0.1740897778< 0.127 0.926 >
2023-02-14 14:23:47 [02/14/23 14:23:47   30.43s]: 34560   6204       85         2640       429914     596061366  3249       587512     587512     5.72e+04   0.1950413333< 0.136 0.946 >
2023-02-14 14:24:21 [02/14/23 14:24:21   34.63s]: 38880   4048       33         1673       484675     600610013  2887       654997     654997     1.32e+04   0.2179684444< 0.150 0.945 >
2023-02-14 14:24:58 [02/14/23 14:24:58   36.57s]: 43200   4842       36         1659       530165     602758899  2699       719911     719911     1.60e+04   0.2385342222< 0.158 0.946 >
2023-02-14 14:25:39 [02/14/23 14:25:39   41.25s]: 47520   5092       51         2764       596071     603771350  4593       801952     801952     5.90e+04   0.2684346667< 0.184 0.963 >
2023-02-14 14:26:22 [02/14/23 14:26:22   43.27s]: 51840   5244       220        1893       639549     604252341  2866       870239     870239     4.45e+04   0.2875137778< 0.176 0.959 >
2023-02-14 14:27:08 [02/14/23 14:27:08   45.93s]: 56160   3199       59         1955       710432     604476518  4064       954728     954728     2.54e+04   0.3180644444< 0.188 0.951 >
2023-02-14 14:27:57 [02/14/23 14:27:57   48.39s]: 60480   5642       23         2730       770027     604582583  5025       1050936    1050936    2.11e+04   0.3459653333< 0.201 0.946 >
2023-02-14 14:28:48 [02/14/23 14:28:48   51.05s]: 64800   6322       47         2310       824553     604634320  3760       1132086    1132086    2.18e+04   0.3703253333< 0.204 0.956 >
2023-02-14 14:29:43 [02/14/23 14:29:43   55.59s]: 69120   6417       21         3060       903288     604655533  5342       1234452    1234452    1.42e+04   0.4056826667< 0.230 0.959 >
2023-02-14 14:30:47 [02/14/23 14:30:47   63.45s]: 73440   9306       123        3646       967057     604665932  5361       1334226    1334226    4.78e+04   0.4356142222< 0.248 0.965 >
2023-02-14 14:31:57 [02/14/23 14:31:57   70.10s]: 77760   8642       60         3224       1049483    604669480  5179       1433354    1433354    1.49e+04   0.4717373333< 0.267 0.970 >
2023-02-14 14:33:20 [02/14/23 14:33:20   82.57s]: 82080   9044       102        4370       1160227    604667518  7616       1580495    1580495    4.78e+04   0.5216635556< 0.310 0.973 >
2023-02-14 14:34:51 [02/14/23 14:34:51   91.70s]: 86400   10652      193        5408       1259332    604667128  8182       1719669    1719669    6.54e+04   0.5669266667< 0.326 0.972 >
2023-02-14 14:36:26 [02/14/23 14:36:26   95.04s]: 90720   10001      97         4347       1364955    604666603  7532       1850638    1850638    6.05e+04   0.6130666667< 0.347 0.965 >
2023-02-14 14:38:09 [02/14/23 14:38:09  102.77s]: 95040   12570      198        5043       1474280    604665703  7770       1989207    1989207    1.08e+05   0.6631515556< 0.359 0.965 >
2023-02-14 14:39:54 [02/14/23 14:39:54  105.09s]: 99360   6442       53         2795       1589845    604665440  5814       2105094    2105094    3.59e+04   0.7107266667< 0.364 0.971 >
2023-02-14 14:41:35 [02/14/23 14:41:35  101.01s]: 103680  11975      99         5433       1693013    604664995  7663       2248090    2248090    7.71e+04   0.7602311111< 0.352 0.964 >
2023-02-14 14:43:15 [02/14/23 14:43:15  100.12s]: 108000  11080      53         4228       1795612    604666230  7024       2381109    2381109    3.44e+04   0.8048768889< 0.341 0.971 >
2023-02-14 14:44:57 [02/14/23 14:44:57  101.60s]: 112320  10806      125        4132       1894590    604666577  6606       2511605    2511605    5.25e+04   0.8487346667< 0.366 0.965 >
2023-02-14 14:46:39 [02/14/23 14:46:39  102.22s]: 116640  9370       263        4318       2001086    604666864  6521       2648344    2648344    9.50e+04   0.8955720000< 0.342 0.958 >
2023-02-14 14:48:18 [02/14/23 14:48:18   99.05s]: 120960  8044       122        3790       2109288    604666314  6664       2779706    2779706    4.65e+04   0.9427751111< 0.350 0.966 >
2023-02-14 14:49:54 [02/14/23 14:49:54   95.94s]: 125280  14144      158        5946       2211731    604665787  8860       2932274    2932274    6.70e+04   0.9919906667< 0.340 0.965 >
2023-02-14 14:51:44 [02/14/23 14:51:44  109.67s]: 129600  13665      205        5410       2325932    604665126  8101       3072635    3072635    9.16e+04   1.0423164444< 0.382 0.967 >
2023-02-14 14:53:45 [02/14/23 14:53:45  121.41s]: 133920  8231       60         3928       2454444    604663301  7657       3202144    3202144    2.74e+04   1.0962946667< 0.409 0.965 >
2023-02-14 14:55:46 [02/14/23 14:55:46  120.56s]: 138240  14178      272        6465       2572277    604661747  9897       3352394    3352394    8.85e+04   1.1525297778< 0.409 0.959 >
2023-02-14 14:57:50 [02/14/23 14:57:50  124.15s]: 142560  10944      53         3721       2680845    604663450  6575       3487219    3487219    3.52e+04   1.1980280000< 0.401 0.957 >
2023-02-14 14:59:58 [02/14/23 14:59:58  128.50s]: 146880  12023      202        6202       2818075    604659106  10828      3692334    3692334    6.12e+04   1.2606675556< 0.463 0.967 >
2023-02-14 15:02:20 [02/14/23 15:02:20  141.72s]: 151200  13111      271        6496       2944406    604658592  10303      3868630    3868630    8.10e+04   1.3174595556< 0.457 0.970 >
2023-02-14 15:04:47 [02/14/23 15:04:47  147.21s]: 155520  14574      116        5510       3098650    604656223  9217       4092045    4092045    4.59e+04   1.3861555556< 0.497 0.977 >
2023-02-14 15:07:25 [02/14/23 15:07:25  157.57s]: 159840  14763      73         6097       3266105    604652230  11458      4308773    4308773    9.01e+04   1.4609057778< 0.538 0.974 >
2023-02-14 15:10:17 [02/14/23 15:10:17  172.18s]: 164160  18197      124        8127       3434104    604649152  13367      4522116    4522116    1.31e+05   1.5380231111< 0.573 0.972 >
2023-02-14 15:13:27 [02/14/23 15:13:27  190.31s]: 168480  20902      305        8704       3619889    604645672  13920      4754301    4754301    1.56e+05   1.6221333333< 0.624 0.983 >
2023-02-14 15:16:54 [02/14/23 15:16:54  206.43s]: 172800  20489      148        7883       3821298    604642036  14197      4981095    4981095    6.53e+04   1.7110302222< 0.667 0.980 >
2023-02-14 15:20:32 [02/14/23 15:20:32  217.80s]: 177120  22886      358        9904       4032768    604638538  15534      5215336    5215336    2.03e+05   1.8070737778< 0.697 0.971 >
2023-02-14 15:24:17 [02/14/23 15:24:17  225.20s]: 181440  18060      210        7683       4235214    604639089  13020      5418035    5418035    1.40e+05   1.8938520000< 0.696 0.978 >
2023-02-14 15:27:54 [02/14/23 15:27:54  217.64s]: 185760  19634      131        8471       4439042    604637023  15324      5649273    5649273    9.62e+04   1.9854568889< 0.694 0.978 >
2023-02-14 15:31:34 [02/14/23 15:31:34  219.55s]: 190080  18963      412        8106       4631179    604638329  14267      5883781    5883781    1.81e+05   2.0705155556< 0.696 0.972 >
2023-02-14 15:35:20 [02/14/23 15:35:20  225.58s]: 194400  21868      375        9836       4841551    604636571  15607      6135319    6135319    1.39e+05   2.1660577778< 0.718 0.973 >
2023-02-14 15:39:12 [02/14/23 15:39:12  232.56s]: 198720  25244      418        10458      5062050    604635369  15770      6400381    6400381    1.19e+05   2.2658533333< 0.743 0.966 >
2023-02-14 15:43:17 [02/14/23 15:43:17  244.43s]: 203040  21902      322        9934       5299740    604633298  16002      6669872    6669872    1.37e+05   2.3697324444< 0.763 0.981 >
2023-02-14 15:47:22 [02/14/23 15:47:22  245.01s]: 207360  19636      209        7837       5521217    604634661  12981      6929981    6929981    1.24e+05   2.4661773333< 0.767 0.980 >
2023-02-14 15:51:29 [02/14/23 15:51:29  247.39s]: 211680  25226      298        9842       5756643    604631801  16455      7217506    7217506    1.05e+05   2.5742262222< 0.782 0.974 >
2023-02-14 15:55:51 [02/14/23 15:55:51  262.55s]: 216000  21517      272        8928       5998441    604630579  15929      7473717    7473717    9.01e+04   2.6796257778< 0.807 0.976 >
2023-02-14 15:55:52 [02/14/23 15:55:52    0.24s]: 216004  21537      270        8912       5998649    604630587  15920      7474006    7474006    9.08e+04   2.6797191111< 0.807 0.976 >
2023-02-14 15:55:52  ---  main.cpp:generate tcells took  avg 0.06 s max 0.09 s balance 0.73  --- 
2023-02-14 15:55:52  ---  main.cpp:update circulating tcells took  avg 83.66 s max 87.48 s balance 0.96  --- 
2023-02-14 15:55:52  ---  main.cpp:update tcells took  avg 271.61 s max 297.30 s balance 0.91  --- 
2023-02-14 15:55:52  ---  main.cpp:update epicells took  avg 168.54 s max 172.46 s balance 0.98  --- 
2023-02-14 15:55:52  ---  main.cpp:update concentrations took  avg 1284.49 s max 1324.69 s balance 0.97  --- 
2023-02-14 15:55:52  ---  main.cpp:compute updates took  avg 3255.59 s max 3255.65 s balance 1.00  --- 
2023-02-14 15:55:52  ---  main.cpp:dispatch updates took  avg 1393.83 s max 1506.68 s balance 0.93  --- 
2023-02-14 15:55:52  ---  main.cpp:add new actives took  avg 68.98 s max 70.56 s balance 0.98  --- 
2023-02-14 15:55:52  ---  main.cpp:erase inactive took  avg 653.91 s max 718.17 s balance 0.91  --- 
2023-02-14 15:55:52  ---  main.cpp:sample took  avg 0.00 s max 0.00 s balance -nan  --- 
2023-02-14 15:55:52  ---  main.cpp:sample write took  avg 0.00 s max 0.00 s balance -nan  --- 
2023-02-14 15:55:52  ---  main.cpp:log took  avg 16.63 s max 16.75 s balance 0.99  --- 
2023-02-14 15:55:52 Finished 216005 time steps in 5700.1625 s (0.0264 s per step)
2023-02-14 15:55:52  --- Elapsed time for main.cpp:run_sim:  (exiting barrier) 2023-02-14 15:55:52 ...
2023-02-14 15:55:52           ... (min/my/avg/max, bal) (5700.16/5700.16/5700.16/5700.16 s, 1.00) barrier(0.00 s) --- 
2023-02-14 15:55:52 Peak memory used across all nodes: 24.76GB
2023-02-14 15:55:52 Finished in 5704.16 s at 02/14/23 15:55:52 for SimCov version 0.1.1.9cc77ef-dirty
