2023-02-18 20:17:03 SimCov version SimCov version 0.1.1.8024051-dirty-master built on 20230216_082905
2023-02-18 20:17:03 _________________________
2023-02-18 20:17:03 Compiler definitions:
2023-02-18 20:17:03   _XOPEN_SOURCE=700
2023-02-18 20:17:03   CONFIG_USE_COLORS
2023-02-18 20:17:03   USE_BYTELL
2023-02-18 20:17:03   MAX_VIRIONS=125000
2023-02-18 20:17:03   MIN_VIRIONS=1e-10
2023-02-18 20:17:03   BLOCK_PARTITION
2023-02-18 20:17:03   MIN_BLOCKS_PER_PROC=1
2023-02-18 20:17:03   AVERAGE_SUBSAMPLE
2023-02-18 20:17:03 _________________________
2023-02-18 20:17:03 Options:
2023-02-18 20:17:03   dim =                         15000 15000 1
2023-02-18 20:17:03   whole-lung-dim =              48000 40000 20000
2023-02-18 20:17:03   timesteps =                   144005
2023-02-18 20:17:03   infection-coords =            uniform:1
2023-02-18 20:17:03   initial-infection =           999
2023-02-18 20:17:03   incubation-period =           1200
2023-02-18 20:17:03   apoptosis-period =            180
2023-02-18 20:17:03   expressing-period =           900
2023-02-18 20:17:03   infectivity =                 0.1
2023-02-18 20:17:03   infectivity-multiplier =      1.0
2023-02-18 20:17:03   virion-production =           1.1
2023-02-18 20:17:03   virion-production-multiplier = 1.0
2023-02-18 20:17:03   virion-clearance =            0.004
2023-02-18 20:17:03   virion-diffusion =            0.15
2023-02-18 20:17:03   chemokine-production =        1.0
2023-02-18 20:17:03   chemokine-decay =             0.01
2023-02-18 20:17:03   chemokine-diffusion =         1.0
2023-02-18 20:17:03   min-chemokine =               1e-06
2023-02-18 20:17:03   antibody-factor =             1
2023-02-18 20:17:03   antibody-period =             5760
2023-02-18 20:17:03   tcell-generation-rate =       105000
2023-02-18 20:17:03   tcell-initial-delay =         10080
2023-02-18 20:17:03   tcell-vascular-period =       5760
2023-02-18 20:17:03   tcell-tissue-period =         1440
2023-02-18 20:17:03   tcell-binding-period =        10
2023-02-18 20:17:03   max-binding-prob =            1
2023-02-18 20:17:03   tcells-follow-gradient =      false
2023-02-18 20:17:03   seed =                        4
2023-02-18 20:17:03   sample-period =               0
2023-02-18 20:17:03   sample-resolution =           1
2023-02-18 20:17:03   max-block-dim =               10
2023-02-18 20:17:03   output =                      exp_results/per_1200_inf_0.1/init_1001/4
2023-02-18 20:17:03 _________________________
2023-02-18 20:17:03 Starting run with 64 processes on 2 nodes at 02/18/23 20:17:03
2023-02-18 20:17:03 Pinned processes, with process 0 (pid 29072) pinned to core 0
2023-02-18 20:17:03 Using block partitioning
2023-02-18 20:17:03 Initial free memory across all nodes: 151.48GB
2023-02-18 20:17:03 Starting with 76.85GB free on node 0
2023-02-18 20:17:03 Dividing 225000000 grid points into 3515625 squares of size 64 (8^2), with 54932 per process
2023-02-18 20:17:03 Total initial memory required per process is at least 281.63MB with each grid point requiring on average 84 bytes
2023-02-18 20:17:07  --- Elapsed time for tissue.cpp:Tissue:  (exiting barrier) 2023-02-18 20:17:07 ...
2023-02-18 20:17:07           ... (min/my/avg/max, bal) (3.54/3.54/3.54/3.54 s, 1.00) barrier(0.00 s) --- 
2023-02-18 20:17:07 Memory used on node 0 after initialization is  10.90GB
2023-02-18 20:17:07           ... (min/my/avg/max, bal) No-Time barrier(0.00 s) --- 
2023-02-18 20:17:07 Fraction of circulating T cells extravasating is 5.85938e-06
2023-02-18 20:17:07 # datetime                    step    incb       expr       apop       dead       tvas       ttis       chem       virs       chempts    %infct     <%active  lbln>
2023-02-18 20:17:07 [0] <main.cpp:141> WARNING: Time step 0: SUCCESSFUL initial infection at (7500, 7500, 0) after 0 tries
2023-02-18 20:17:07 [02/18/23 20:17:07    0.00s]: 0       1          0          0          0          0          0          0.00e+00   0.00e+00   1.00e+00   0.00       < 0.000 0.016 >
2023-02-18 20:17:08 [02/18/23 20:17:08    1.30s]: 2880    5234       1659       0          1125       0          0          1.74e-05   2.80e+05   2.75e+04   0.00       < 0.012 0.839 >
2023-02-18 20:17:11 [02/18/23 20:17:11    3.14s]: 5760    9342       6877       0          11891      0          0          6.39e-05   1.83e+06   6.13e+04   0.01       < 0.027 0.892 >
2023-02-18 20:17:17 [02/18/23 20:17:17    5.41s]: 8640    16514      9370       0          36445      0          0          9.75e-05   2.51e+06   1.09e+05   0.03       < 0.048 0.935 >
2023-02-18 20:17:25 [02/18/23 20:17:25    8.78s]: 11520   19047      13221      1269       74928      133767960  394        1.41e-04   3.70e+06   1.69e+05   0.05       < 0.075 0.935 >
2023-02-18 20:17:39 [02/18/23 20:17:39   13.28s]: 14400   15072      3700       3606       139913     319072995  1885       1.25e-04   1.53e+06   2.34e+05   0.07       < 0.103 0.971 >
2023-02-18 20:17:57 [02/18/23 20:17:57   18.13s]: 17280   11635      595        3691       203039     431459456  3104       6.50e-05   3.03e+05   3.00e+05   0.10       < 0.125 0.974 >
2023-02-18 20:18:18 [02/18/23 20:18:18   21.49s]: 20160   7105       102        3101       260999     499620883  3858       2.11e-05   5.65e+04   3.54e+05   0.12       < 0.135 0.954 >
2023-02-18 20:18:41 [02/18/23 20:18:41   22.31s]: 23040   3220       11         1783       300858     540961726  3279       3.94e-06   6.98e+03   3.64e+05   0.14       < 0.134 0.933 >
2023-02-18 20:19:00 [02/18/23 20:19:00   19.40s]: 25920   4349       8          1255       320676     566037200  1935       2.58e-06   6.63e+03   3.88e+05   0.15       < 0.117 0.927 >
2023-02-18 20:19:18 [02/18/23 20:19:18   18.12s]: 28800   3363       74         1625       348644     581244759  2798       9.15e-06   3.19e+04   4.24e+05   0.16       < 0.116 0.935 >
2023-02-18 20:19:37 [02/18/23 20:19:37   19.45s]: 31680   3202       86         1471       375324     590468186  2475       6.29e-06   2.76e+04   4.34e+05   0.17       < 0.122 0.935 >
2023-02-18 20:19:57 [02/18/23 20:19:57   19.69s]: 34560   6465       29         2078       402335     596062169  2674       4.66e-06   1.44e+04   4.77e+05   0.18       < 0.128 0.943 >
2023-02-18 20:20:20 [02/18/23 20:20:20   22.38s]: 37440   5645       64         2450       441652     599453456  3583       1.05e-05   5.63e+04   5.37e+05   0.20       < 0.141 0.927 >
2023-02-18 20:20:45 [02/18/23 20:20:45   25.19s]: 40320   4920       8          2060       479006     601510169  3581       4.92e-06   1.86e+04   5.60e+05   0.22       < 0.161 0.949 >
2023-02-18 20:21:10 [02/18/23 20:21:10   25.06s]: 43200   4272       27         2082       510250     602758302  3271       5.78e-06   1.58e+04   5.93e+05   0.23       < 0.158 0.955 >
2023-02-18 20:21:36 [02/18/23 20:21:36   25.84s]: 46080   3168       16         1289       539257     603515207  2859       4.15e-06   1.68e+04   6.14e+05   0.24       < 0.165 0.956 >
2023-02-18 20:22:01 [02/18/23 20:22:01   25.50s]: 48960   4973       48         1905       563963     603975215  2679       7.65e-06   2.99e+04   6.40e+05   0.25       < 0.160 0.962 >
2023-02-18 20:22:28 [02/18/23 20:22:28   26.41s]: 51840   4948       12         2458       602966     604252562  3796       2.28e-06   7.53e+03   6.78e+05   0.27       < 0.158 0.942 >
2023-02-18 20:22:53 [02/18/23 20:22:53   25.30s]: 54720   4864       78         2033       632272     604422035  3021       7.01e-06   1.87e+04   7.13e+05   0.28       < 0.159 0.938 >
2023-02-18 20:23:21 [02/18/23 20:23:21   27.97s]: 57600   5907       26         2411       671439     604522804  4151       1.02e-05   3.38e+04   7.80e+05   0.30       < 0.179 0.950 >
2023-02-18 20:23:50 [02/18/23 20:23:50   29.63s]: 60480   7072       142        2272       705149     604584945  3527       1.08e-05   4.08e+04   8.17e+05   0.32       < 0.183 0.948 >
2023-02-18 20:24:22 [02/18/23 20:24:22   31.39s]: 63360   5838       95         2202       747715     604622183  3671       9.52e-06   2.51e+04   8.34e+05   0.34       < 0.191 0.950 >
2023-02-18 20:24:55 [02/18/23 20:24:55   33.45s]: 66240   7214       160        3564       793839     604643157  5448       1.67e-05   6.04e+04   9.29e+05   0.36       < 0.203 0.937 >
2023-02-18 20:25:33 [02/18/23 20:25:33   37.51s]: 69120   5008       3          2204       842044     604656579  4040       2.97e-06   7.74e+03   9.25e+05   0.38       < 0.219 0.959 >
2023-02-18 20:26:09 [02/18/23 20:26:09   36.04s]: 72000   7691       37         2958       880261     604665459  4145       9.37e-06   3.43e+04   1.00e+06   0.40       < 0.212 0.944 >
2023-02-18 20:26:46 [02/18/23 20:26:46   37.54s]: 74880   8594       115        3510       931330     604669335  5268       1.68e-05   6.90e+04   1.08e+06   0.42       < 0.221 0.963 >
2023-02-18 20:27:29 [02/18/23 20:27:29   42.65s]: 77760   7521       127        3605       989916     604670240  5958       1.29e-05   5.53e+04   1.11e+06   0.44       < 0.254 0.955 >
2023-02-18 20:28:18 [02/18/23 20:28:18   48.70s]: 80640   9078       191        3671       1047897    604670743  5543       1.39e-05   5.95e+04   1.17e+06   0.47       < 0.281 0.959 >
2023-02-18 20:29:15 [02/18/23 20:29:15   56.99s]: 83520   10799      81         4812       1118760    604668337  8223       1.64e-05   5.96e+04   1.31e+06   0.50       < 0.313 0.969 >
2023-02-18 20:30:17 [02/18/23 20:30:17   62.08s]: 86400   5987       43         2887       1180516    604669001  5492       8.28e-06   2.12e+04   1.30e+06   0.53       < 0.340 0.963 >
2023-02-18 20:31:19 [02/18/23 20:31:19   62.06s]: 89280   10069      116        4553       1240115    604668717  6885       2.32e-05   1.26e+05   1.39e+06   0.56       < 0.331 0.951 >
2023-02-18 20:32:23 [02/18/23 20:32:23   63.99s]: 92160   9266       39         4196       1309267    604667634  7076       9.60e-06   4.79e+04   1.46e+06   0.59       < 0.339 0.960 >
2023-02-18 20:33:26 [02/18/23 20:33:26   63.41s]: 95040   9573       160        3599       1364792    604668783  5796       1.61e-05   5.33e+04   1.52e+06   0.61       < 0.335 0.958 >
2023-02-18 20:34:31 [02/18/23 20:34:31   64.25s]: 97920   10190      169        4223       1434209    604667721  7465       2.21e-05   1.03e+05   1.58e+06   0.64       < 0.339 0.954 >
2023-02-18 20:35:37 [02/18/23 20:35:37   66.12s]: 100800  7681       107        3538       1503339    604667615  6920       1.42e-05   3.82e+04   1.64e+06   0.67       < 0.348 0.966 >
2023-02-18 20:36:41 [02/18/23 20:36:41   63.97s]: 103680  9750       232        3817       1564070    604668051  6657       1.68e-05   7.65e+04   1.71e+06   0.70       < 0.329 0.965 >
2023-02-18 20:37:42 [02/18/23 20:37:42   61.25s]: 106560  7315       110        3655       1628266    604668019  6781       1.54e-05   5.88e+04   1.78e+06   0.73       < 0.314 0.957 >
2023-02-18 20:38:38 [02/18/23 20:38:38   56.10s]: 109440  6286       47         2141       1675911    604670852  4198       9.03e-06   3.70e+04   1.79e+06   0.75       < 0.288 0.963 >
2023-02-18 20:39:31 [02/18/23 20:39:31   53.50s]: 112320  11955      298        5464       1736764    604670128  7395       2.91e-05   1.67e+05   1.92e+06   0.78       < 0.280 0.955 >
2023-02-18 20:40:30 [02/18/23 20:40:30   58.23s]: 115200  6146       24         2914       1807012    604669554  5875       6.96e-06   2.18e+04   1.91e+06   0.81       < 0.311 0.976 >
2023-02-18 20:41:29 [02/18/23 20:41:29   59.31s]: 118080  13410      159        5244       1861900    604669281  7314       2.18e-05   8.48e+04   2.05e+06   0.84       < 0.322 0.949 >
2023-02-18 20:42:37 [02/18/23 20:42:37   67.57s]: 120960  12491      103        5661       1952180    604665851  8922       1.58e-05   4.74e+04   2.15e+06   0.88       < 0.356 0.975 >
2023-02-18 20:43:47 [02/18/23 20:43:47   70.74s]: 123840  7814       173        2982       2021756    604666454  6058       1.70e-05   5.81e+04   2.15e+06   0.90       < 0.373 0.968 >
2023-02-18 20:44:56 [02/18/23 20:44:56   68.77s]: 126720  10836      263        5783       2091065    604664975  9262       2.82e-05   1.20e+05   2.28e+06   0.94       < 0.357 0.965 >
2023-02-18 20:46:10 [02/18/23 20:46:10   73.50s]: 129600  11295      60         4261       2166182    604664458  7357       1.11e-05   3.40e+04   2.36e+06   0.97       < 0.396 0.969 >
2023-02-18 20:47:27 [02/18/23 20:47:27   77.81s]: 132480  11656      234        4580       2239225    604663779  8061       2.54e-05   9.54e+04   2.43e+06   1.00       < 0.412 0.968 >
2023-02-18 20:48:49 [02/18/23 20:48:49   81.26s]: 135360  11930      107        5695       2326575    604661791  9185       1.99e-05   6.92e+04   2.52e+06   1.04       < 0.405 0.954 >
2023-02-18 20:50:10 [02/18/23 20:50:10   81.14s]: 138240  12634      143        5220       2409189    604660877  8828       2.04e-05   6.71e+04   2.61e+06   1.08       < 0.415 0.978 >
2023-02-18 20:51:34 [02/18/23 20:51:34   84.13s]: 141120  14382      125        5885       2495222    604659598  9422       2.21e-05   9.65e+04   2.73e+06   1.12       < 0.432 0.969 >
2023-02-18 20:53:09 [02/18/23 20:53:09   95.20s]: 144000  15011      279        6664       2596747    604657787  10354      2.63e-05   9.81e+04   2.86e+06   1.16       < 0.464 0.974 >
2023-02-18 20:53:09 [02/18/23 20:53:09    0.13s]: 144004  15045      280        6633       2596907    604657789  10361      2.63e-05   9.87e+04   2.86e+06   1.16       < 0.464 0.974 >
2023-02-18 20:53:09  ---  main.cpp:generate tcells took  avg 0.04 s max 0.05 s balance 0.77  --- 
2023-02-18 20:53:09  ---  main.cpp:update circulating tcells took  avg 54.54 s max 57.74 s balance 0.94  --- 
2023-02-18 20:53:09  ---  main.cpp:update tcells took  avg 110.87 s max 120.57 s balance 0.92  --- 
2023-02-18 20:53:09  ---  main.cpp:update epicells took  avg 71.05 s max 72.66 s balance 0.98  --- 
2023-02-18 20:53:09  ---  main.cpp:update concentrations took  avg 457.55 s max 489.83 s balance 0.93  --- 
2023-02-18 20:53:09  ---  main.cpp:compute updates took  avg 1254.22 s max 1254.25 s balance 1.00  --- 
2023-02-18 20:53:09  ---  main.cpp:dispatch updates took  avg 525.04 s max 564.19 s balance 0.93  --- 
2023-02-18 20:53:09  ---  main.cpp:add new actives took  avg 28.72 s max 29.94 s balance 0.96  --- 
2023-02-18 20:53:09  ---  main.cpp:erase inactive took  avg 244.16 s max 249.77 s balance 0.98  --- 
2023-02-18 20:53:09  ---  main.cpp:sample took  avg 0.00 s max 0.00 s balance -nan  --- 
2023-02-18 20:53:09  ---  main.cpp:sample write took  avg 0.00 s max 0.00 s balance -nan  --- 
2023-02-18 20:53:09  ---  main.cpp:log took  avg 10.37 s max 10.43 s balance 0.99  --- 
2023-02-18 20:53:09 Finished 144005 time steps in 2162.6027 s (0.0150 s per step)
2023-02-18 20:53:09  --- Elapsed time for main.cpp:run_sim:  (exiting barrier) 2023-02-18 20:53:09 ...
2023-02-18 20:53:09           ... (min/my/avg/max, bal) (2162.60/2162.60/2162.60/2162.60 s, 1.00) barrier(0.00 s) --- 
2023-02-18 20:53:10 Peak memory used across all nodes: 22.46GB
2023-02-18 20:53:10 Finished in 2166.72 s at 02/18/23 20:53:10 for SimCov version 0.1.1.8024051-dirty
