2023-02-18 20:53:38 SimCov version SimCov version 0.1.1.8024051-dirty-master built on 20230216_082905
2023-02-18 20:53:38 _________________________
2023-02-18 20:53:38 Compiler definitions:
2023-02-18 20:53:38   _XOPEN_SOURCE=700
2023-02-18 20:53:38   CONFIG_USE_COLORS
2023-02-18 20:53:38   USE_BYTELL
2023-02-18 20:53:38   MAX_VIRIONS=125000
2023-02-18 20:53:38   MIN_VIRIONS=1e-10
2023-02-18 20:53:38   BLOCK_PARTITION
2023-02-18 20:53:38   MIN_BLOCKS_PER_PROC=1
2023-02-18 20:53:38   AVERAGE_SUBSAMPLE
2023-02-18 20:53:38 _________________________
2023-02-18 20:53:38 Options:
2023-02-18 20:53:38   dim =                         15000 15000 1
2023-02-18 20:53:38   whole-lung-dim =              48000 40000 20000
2023-02-18 20:53:38   timesteps =                   144005
2023-02-18 20:53:38   infection-coords =            uniform:1
2023-02-18 20:53:38   initial-infection =           999
2023-02-18 20:53:38   incubation-period =           1200
2023-02-18 20:53:38   apoptosis-period =            180
2023-02-18 20:53:38   expressing-period =           900
2023-02-18 20:53:38   infectivity =                 0.1
2023-02-18 20:53:38   infectivity-multiplier =      1.0
2023-02-18 20:53:38   virion-production =           1.1
2023-02-18 20:53:38   virion-production-multiplier = 1.0
2023-02-18 20:53:38   virion-clearance =            0.004
2023-02-18 20:53:38   virion-diffusion =            0.15
2023-02-18 20:53:38   chemokine-production =        1.0
2023-02-18 20:53:38   chemokine-decay =             0.01
2023-02-18 20:53:38   chemokine-diffusion =         1.0
2023-02-18 20:53:38   min-chemokine =               1e-06
2023-02-18 20:53:38   antibody-factor =             1
2023-02-18 20:53:38   antibody-period =             5760
2023-02-18 20:53:38   tcell-generation-rate =       105000
2023-02-18 20:53:38   tcell-initial-delay =         10080
2023-02-18 20:53:38   tcell-vascular-period =       5760
2023-02-18 20:53:38   tcell-tissue-period =         1440
2023-02-18 20:53:38   tcell-binding-period =        10
2023-02-18 20:53:38   max-binding-prob =            1
2023-02-18 20:53:38   tcells-follow-gradient =      false
2023-02-18 20:53:38   seed =                        5
2023-02-18 20:53:38   sample-period =               0
2023-02-18 20:53:38   sample-resolution =           1
2023-02-18 20:53:38   max-block-dim =               10
2023-02-18 20:53:38   output =                      exp_results/per_1200_inf_0.1/init_1001/5
2023-02-18 20:53:38 _________________________
2023-02-18 20:53:38 Starting run with 64 processes on 2 nodes at 02/18/23 20:53:38
2023-02-18 20:53:38 Pinned processes, with process 0 (pid 29552) pinned to core 0
2023-02-18 20:53:38 Using block partitioning
2023-02-18 20:53:38 Initial free memory across all nodes: 151.49GB
2023-02-18 20:53:38 Starting with 76.84GB free on node 0
2023-02-18 20:53:38 Dividing 225000000 grid points into 3515625 squares of size 64 (8^2), with 54932 per process
2023-02-18 20:53:38 Total initial memory required per process is at least 281.63MB with each grid point requiring on average 84 bytes
2023-02-18 20:53:41  --- Elapsed time for tissue.cpp:Tissue:  (exiting barrier) 2023-02-18 20:53:41 ...
2023-02-18 20:53:41           ... (min/my/avg/max, bal) (3.47/3.47/3.47/3.47 s, 1.00) barrier(0.00 s) --- 
2023-02-18 20:53:41 Memory used on node 0 after initialization is  10.90GB
2023-02-18 20:53:41           ... (min/my/avg/max, bal) No-Time barrier(0.00 s) --- 
2023-02-18 20:53:41 Fraction of circulating T cells extravasating is 5.85938e-06
2023-02-18 20:53:41 # datetime                    step    incb       expr       apop       dead       tvas       ttis       chem       virs       chempts    %infct     <%active  lbln>
2023-02-18 20:53:41 [0] <main.cpp:141> WARNING: Time step 0: SUCCESSFUL initial infection at (7500, 7500, 0) after 0 tries
2023-02-18 20:53:41 [02/18/23 20:53:41    0.00s]: 0       1          0          0          0          0          0          0.00e+00   0.00e+00   1.00e+00   0.00       < 0.000 0.016 >
2023-02-18 20:53:42 [02/18/23 20:53:42    1.30s]: 2880    5149       1662       0          1106       0          0          1.74e-05   2.80e+05   2.71e+04   0.00       < 0.012 0.828 >
2023-02-18 20:53:45 [02/18/23 20:53:45    3.10s]: 5760    9715       6773       0          11907      0          0          6.31e-05   1.79e+06   6.20e+04   0.01       < 0.028 0.903 >
2023-02-18 20:53:51 [02/18/23 20:53:51    5.40s]: 8640    16198      9489       0          36602      0          0          9.70e-05   2.48e+06   1.09e+05   0.03       < 0.048 0.943 >
2023-02-18 20:54:00 [02/18/23 20:54:00    8.77s]: 11520   19282      13339      1119       75124      133767840  370        1.42e-04   3.81e+06   1.69e+05   0.05       < 0.075 0.937 >
2023-02-18 20:54:13 [02/18/23 20:54:13   13.43s]: 14400   15866      4226       3725       139602     319073009  1883       1.30e-04   1.68e+06   2.35e+05   0.07       < 0.103 0.967 >
2023-02-18 20:54:32 [02/18/23 20:54:32   18.54s]: 17280   11391      392        3739       205109     431459307  3251       5.68e-05   2.77e+05   3.01e+05   0.10       < 0.125 0.976 >
2023-02-18 20:54:53 [02/18/23 20:54:53   21.89s]: 20160   8175       113        3242       262078     499620712  3929       2.31e-05   8.32e+04   3.60e+05   0.12       < 0.137 0.969 >
2023-02-18 20:55:16 [02/18/23 20:55:16   22.90s]: 23040   3048       24         1710       305311     540961460  3238       4.89e-06   1.06e+04   3.64e+05   0.14       < 0.135 0.959 >
2023-02-18 20:55:36 [02/18/23 20:55:36   19.70s]: 25920   4304       31         1521       324581     566036776  2227       4.06e-06   1.83e+04   3.86e+05   0.15       < 0.119 0.904 >
2023-02-18 20:55:55 [02/18/23 20:55:55   18.99s]: 28800   4628       119        2199       357139     581243984  3356       9.15e-06   2.65e+04   4.38e+05   0.16       < 0.120 0.946 >
2023-02-18 20:56:15 [02/18/23 20:56:15   19.78s]: 31680   4952       8          1643       383293     590468136  2425       2.76e-06   4.97e+03   4.56e+05   0.17       < 0.128 0.950 >
2023-02-18 20:56:35 [02/18/23 20:56:35   20.07s]: 34560   4263       37         1904       414099     596061589  2865       7.09e-06   2.02e+04   5.00e+05   0.19       < 0.125 0.919 >
2023-02-18 20:56:59 [02/18/23 20:56:59   23.67s]: 37440   3739       12         1497       441713     599454992  2126       4.71e-06   1.64e+04   5.02e+05   0.20       < 0.131 0.928 >
2023-02-18 20:57:20 [02/18/23 20:57:20   21.32s]: 40320   5545       164        2219       471872     601511846  3195       1.29e-05   6.43e+04   5.58e+05   0.21       < 0.138 0.935 >
2023-02-18 20:57:45 [02/18/23 20:57:45   24.80s]: 43200   5186       52         2626       512268     602758546  3915       5.30e-06   1.79e+04   6.02e+05   0.23       < 0.165 0.947 >
2023-02-18 20:58:12 [02/18/23 20:58:12   27.41s]: 46080   6764       29         2183       546174     603515119  3305       1.08e-05   3.53e+04   6.57e+05   0.25       < 0.179 0.951 >
2023-02-18 20:58:44 [02/18/23 20:58:44   31.94s]: 48960   8572       88         3404       594768     603972021  4914       1.44e-05   8.03e+04   7.30e+05   0.27       < 0.205 0.928 >
2023-02-18 20:59:22 [02/18/23 20:59:22   37.80s]: 51840   7175       89         3253       647643     604248698  5112       1.00e-05   2.34e+04   7.67e+05   0.29       < 0.225 0.941 >
2023-02-18 21:00:01 [02/18/23 21:00:01   39.54s]: 54720   5383       95         2436       692634     604416740  4481       1.07e-05   4.67e+04   7.81e+05   0.31       < 0.229 0.961 >
2023-02-18 21:00:39 [02/18/23 21:00:39   37.78s]: 57600   6413       102        2520       731462     604519342  4200       1.01e-05   4.48e+04   8.37e+05   0.33       < 0.214 0.955 >
2023-02-18 21:01:17 [02/18/23 21:01:17   38.20s]: 60480   8083       15         2973       779222     604580284  5408       9.08e-06   2.42e+04   9.11e+05   0.35       < 0.226 0.934 >
2023-02-18 21:01:59 [02/18/23 21:01:59   41.72s]: 63360   4322       46         1983       826806     604617678  4390       9.20e-06   1.76e+04   9.13e+05   0.37       < 0.240 0.949 >
2023-02-18 21:02:39 [02/18/23 21:02:39   40.37s]: 66240   9398       50         3131       865548     604641371  4697       8.84e-06   3.68e+04   1.01e+06   0.39       < 0.228 0.936 >
2023-02-18 21:03:20 [02/18/23 21:03:20   40.20s]: 69120   6342       81         2586       914840     604654926  4756       1.26e-05   4.10e+04   1.06e+06   0.41       < 0.230 0.951 >
2023-02-18 21:03:58 [02/18/23 21:03:58   38.16s]: 72000   5986       18         2160       953900     604664611  3641       5.81e-06   1.09e+04   1.06e+06   0.43       < 0.212 0.962 >
2023-02-18 21:04:35 [02/18/23 21:04:35   36.92s]: 74880   6915       82         3507       1005067    604668915  5163       1.75e-05   6.44e+04   1.13e+06   0.45       < 0.214 0.942 >
2023-02-18 21:05:13 [02/18/23 21:05:13   37.92s]: 77760   5203       12         1761       1047316    604672496  3598       3.94e-06   8.41e+03   1.14e+06   0.47       < 0.216 0.970 >
2023-02-18 21:05:52 [02/18/23 21:05:52   39.82s]: 80640   8983       262        4837       1100781    604672488  6461       2.13e-05   6.52e+04   1.25e+06   0.50       < 0.232 0.933 >
2023-02-18 21:06:39 [02/18/23 21:06:39   46.97s]: 83520   9394       41         3966       1168902    604671296  6018       1.13e-05   4.53e+04   1.31e+06   0.53       < 0.272 0.953 >
2023-02-18 21:07:34 [02/18/23 21:07:34   54.35s]: 86400   8337       245        3832       1227641    604670718  6427       1.75e-05   8.65e+04   1.37e+06   0.55       < 0.289 0.955 >
2023-02-18 21:08:30 [02/18/23 21:08:30   56.38s]: 89280   8614       49         3666       1286970    604670216  6340       1.06e-05   3.38e+04   1.43e+06   0.58       < 0.304 0.953 >
2023-02-18 21:09:30 [02/18/23 21:09:30   59.42s]: 92160   6562       159        3506       1350425    604669012  6843       1.25e-05   3.89e+04   1.48e+06   0.60       < 0.310 0.962 >
2023-02-18 21:10:27 [02/18/23 21:10:27   57.66s]: 95040   9111       280        3569       1401130    604670738  5267       1.80e-05   1.02e+05   1.53e+06   0.63       < 0.304 0.946 >
2023-02-18 21:11:24 [02/18/23 21:11:24   56.71s]: 97920   9738       85         3849       1463700    604669323  7218       1.67e-05   7.68e+04   1.63e+06   0.66       < 0.304 0.966 >
2023-02-18 21:12:23 [02/18/23 21:12:23   59.46s]: 100800  8056       144        3109       1523629    604670131  5779       1.85e-05   6.90e+04   1.68e+06   0.68       < 0.325 0.967 >
2023-02-18 21:13:24 [02/18/23 21:13:24   60.70s]: 103680  8123       25         4194       1589498    604668769  7164       9.27e-06   3.55e+04   1.74e+06   0.71       < 0.318 0.953 >
2023-02-18 21:14:26 [02/18/23 21:14:26   61.44s]: 106560  11096      191        4310       1652059    604669043  6322       2.53e-05   1.34e+05   1.82e+06   0.74       < 0.334 0.958 >
2023-02-18 21:15:30 [02/18/23 21:15:30   64.06s]: 109440  10205      291        4942       1732943    604667549  7632       2.73e-05   1.47e+05   1.89e+06   0.78       < 0.331 0.971 >
2023-02-18 21:16:32 [02/18/23 21:16:32   62.19s]: 112320  7173       83         3187       1796691    604668239  6239       1.32e-05   5.60e+04   1.92e+06   0.80       < 0.323 0.963 >
2023-02-18 21:17:32 [02/18/23 21:17:32   60.15s]: 115200  14215      109        4900       1854577    604668475  6885       1.76e-05   5.54e+04   2.05e+06   0.83       < 0.326 0.957 >
2023-02-18 21:18:41 [02/18/23 21:18:41   68.81s]: 118080  10300      34         4638       1942611    604665662  8172       1.48e-05   5.34e+04   2.10e+06   0.87       < 0.372 0.972 >
2023-02-18 21:19:48 [02/18/23 21:19:48   67.49s]: 120960  7527       80         3348       1998798    604667325  6143       1.20e-05   4.13e+04   2.14e+06   0.89       < 0.346 0.957 >
2023-02-18 21:20:56 [02/18/23 21:20:56   67.76s]: 123840  8717       78         4244       2068861    604666362  7669       1.19e-05   4.58e+04   2.23e+06   0.93       < 0.348 0.963 >
2023-02-18 21:22:01 [02/18/23 21:22:01   64.56s]: 126720  8349       167        2870       2119449    604668541  5177       1.34e-05   6.65e+04   2.25e+06   0.95       < 0.342 0.957 >
2023-02-18 21:23:07 [02/18/23 21:23:07   66.24s]: 129600  13203      104        5833       2194830    604666212  8843       2.02e-05   1.00e+05   2.41e+06   0.98       < 0.349 0.969 >
2023-02-18 21:24:17 [02/18/23 21:24:17   70.14s]: 132480  9176       146        3964       2274088    604665646  7066       1.94e-05   6.47e+04   2.43e+06   1.02       < 0.373 0.970 >
2023-02-18 21:25:27 [02/18/23 21:25:27   70.37s]: 135360  11125      102        4839       2349125    604664484  8360       1.44e-05   5.24e+04   2.54e+06   1.05       < 0.364 0.962 >
2023-02-18 21:26:39 [02/18/23 21:26:39   72.14s]: 138240  12539      77         4376       2418361    604664546  7712       1.32e-05   3.42e+04   2.63e+06   1.08       < 0.388 0.972 >
2023-02-18 21:27:57 [02/18/23 21:27:57   77.34s]: 141120  13215      318        5425       2502052    604663057  8682       2.87e-05   9.56e+04   2.74e+06   1.12       < 0.404 0.985 >
2023-02-18 21:29:19 [02/18/23 21:29:19   82.33s]: 144000  10151      129        4894       2593243    604661403  8742       1.79e-05   6.93e+04   2.77e+06   1.16       < 0.420 0.977 >
2023-02-18 21:29:19 [02/18/23 21:29:19    0.11s]: 144004  10156      127        4885       2593353    604661399  8735       1.79e-05   6.93e+04   2.77e+06   1.16       < 0.420 0.977 >
2023-02-18 21:29:19  ---  main.cpp:generate tcells took  avg 0.04 s max 0.05 s balance 0.76  --- 
2023-02-18 21:29:19  ---  main.cpp:update circulating tcells took  avg 54.67 s max 57.04 s balance 0.96  --- 
2023-02-18 21:29:19  ---  main.cpp:update tcells took  avg 109.04 s max 119.08 s balance 0.92  --- 
2023-02-18 21:29:19  ---  main.cpp:update epicells took  avg 70.90 s max 72.54 s balance 0.98  --- 
2023-02-18 21:29:19  ---  main.cpp:update concentrations took  avg 446.32 s max 462.51 s balance 0.97  --- 
2023-02-18 21:29:19  ---  main.cpp:compute updates took  avg 1236.65 s max 1236.70 s balance 1.00  --- 
2023-02-18 21:29:19  ---  main.cpp:dispatch updates took  avg 515.11 s max 562.45 s balance 0.92  --- 
2023-02-18 21:29:19  ---  main.cpp:add new actives took  avg 29.31 s max 29.97 s balance 0.98  --- 
2023-02-18 21:29:19  ---  main.cpp:erase inactive took  avg 244.31 s max 248.89 s balance 0.98  --- 
2023-02-18 21:29:19  ---  main.cpp:sample took  avg 0.00 s max 0.00 s balance -nan  --- 
2023-02-18 21:29:19  ---  main.cpp:sample write took  avg 0.00 s max 0.00 s balance -nan  --- 
2023-02-18 21:29:19  ---  main.cpp:log took  avg 11.31 s max 11.39 s balance 0.99  --- 
2023-02-18 21:29:19 Finished 144005 time steps in 2138.2547 s (0.0148 s per step)
2023-02-18 21:29:19  --- Elapsed time for main.cpp:run_sim:  (exiting barrier) 2023-02-18 21:29:19 ...
2023-02-18 21:29:19           ... (min/my/avg/max, bal) (2138.25/2138.26/2138.25/2138.26 s, 1.00) barrier(0.00 s) --- 
2023-02-18 21:29:20 Peak memory used across all nodes: 22.47GB
2023-02-18 21:29:20 Finished in 2142.20 s at 02/18/23 21:29:20 for SimCov version 0.1.1.8024051-dirty
