2023-02-14 21:35:30 SimCov version SimCov version 0.1.1.9cc77ef-dirty-branching_airways_3min_model built on 20230204_191356
2023-02-14 21:35:30 _________________________
2023-02-14 21:35:30 Compiler definitions:
2023-02-14 21:35:30   _XOPEN_SOURCE=700
2023-02-14 21:35:30   CONFIG_USE_COLORS
2023-02-14 21:35:30   USE_BYTELL
2023-02-14 21:35:30   MAX_VIRIONS=125000
2023-02-14 21:35:30   MIN_VIRIONS=1e-10
2023-02-14 21:35:30   BLOCK_PARTITION
2023-02-14 21:35:30   MIN_BLOCKS_PER_PROC=1
2023-02-14 21:35:30   AVERAGE_SUBSAMPLE
2023-02-14 21:35:30 _________________________
2023-02-14 21:35:30 Options:
2023-02-14 21:35:30   dim =                         15000 15000 1
2023-02-14 21:35:30   whole-lung-dim =              48000 40000 20000
2023-02-14 21:35:30   timesteps =                   216005
2023-02-14 21:35:30   infection-coords =            uniform:1
2023-02-14 21:35:30   initial-infection =           1001
2023-02-14 21:35:30   incubation-period =           1200
2023-02-14 21:35:30   apoptosis-period =            180
2023-02-14 21:35:30   expressing-period =           900
2023-02-14 21:35:30   infectivity =                 0.1
2023-02-14 21:35:30   infectivity-multiplier =      1.0
2023-02-14 21:35:30   virion-production =           1.1
2023-02-14 21:35:30   virion-production-multiplier = 1.0
2023-02-14 21:35:30   virion-clearance =            0.004
2023-02-14 21:35:30   virion-diffusion =            0.15
2023-02-14 21:35:30   chemokine-production =        1.0
2023-02-14 21:35:30   chemokine-decay =             0.01
2023-02-14 21:35:30   chemokine-diffusion =         1.0
2023-02-14 21:35:30   min-chemokine =               1e-06
2023-02-14 21:35:30   antibody-factor =             1
2023-02-14 21:35:30   antibody-period =             5760
2023-02-14 21:35:30   tcell-generation-rate =       105000
2023-02-14 21:35:30   tcell-initial-delay =         10080
2023-02-14 21:35:30   tcell-vascular-period =       5760
2023-02-14 21:35:30   tcell-tissue-period =         1440
2023-02-14 21:35:30   tcell-binding-period =        10
2023-02-14 21:35:30   max-binding-prob =            1
2023-02-14 21:35:30   tcells-follow-gradient =      false
2023-02-14 21:35:30   seed =                        5
2023-02-14 21:35:30   sample-period =               0
2023-02-14 21:35:30   sample-resolution =           1
2023-02-14 21:35:30   max-block-dim =               10
2023-02-14 21:35:30   output =                      exp_results/per_1200_inf_0.1/init_1001/5
2023-02-14 21:35:30 _________________________
2023-02-14 21:35:30 Starting run with 64 processes on 2 nodes at 02/14/23 21:35:30
2023-02-14 21:35:30 Pinned processes, with process 0 (pid 2193319) pinned to core 0
2023-02-14 21:35:30 Using block partitioning
2023-02-14 21:35:30 Initial free memory across all nodes: 152.47GB
2023-02-14 21:35:30 Starting with 76.08GB free on node 0
2023-02-14 21:35:30 Dividing 225000000 grid points into 3515625 squares of size 64 (8^2), with 54932 per process
2023-02-14 21:35:30 Total initial memory required per process is at least 308.46MB with each grid point requiring on average 92 bytes
2023-02-14 21:35:33  --- Elapsed time for tissue.cpp:Tissue:  (exiting barrier) 2023-02-14 21:35:33 ...
2023-02-14 21:35:33           ... (min/my/avg/max, bal) (3.50/3.50/3.50/3.50 s, 1.00) barrier(0.00 s) --- 
2023-02-14 21:35:33 Memory used on node 0 after initialization is  11.74GB
2023-02-14 21:35:33           ... (min/my/avg/max, bal) No-Time barrier(0.00 s) --- 
2023-02-14 21:35:33 Fraction of circulating T cells extravasating is 5.85938e-06
2023-02-14 21:35:33 # datetime                    step    incb       expr       apop       dead       tvas       ttis       inflcell   inflallvirs%infct     <%active  lbln>
2023-02-14 21:35:33 [0] <main.cpp:145> WARNING: Time step 0: SUCCESSFUL initial infection at (7500, 7500, 0) after 0 tries
2023-02-14 21:35:33 [02/14/23 21:35:33    0.00s]: 0       1          0          0          0          0          0          0          0          0.00e+00   0.0000004444< 0.000 0.016 >
2023-02-14 21:35:36 [02/14/23 21:35:36    2.53s]: 4320    8134       3469       0          5437       0          0          44229      44229      1.05e+06   0.0075733333< 0.020 0.831 >
2023-02-14 21:35:43 [02/14/23 21:35:43    7.02s]: 8640    16239      9366       0          36722      0          0          108910     108910     2.48e+06   0.0277008889< 0.048 0.938 >
2023-02-14 21:35:57 [02/14/23 21:35:57   14.40s]: 12960   17965      9071       2824       105712     237943505  1134       201315     201315     2.97e+06   0.0602542222< 0.089 0.951 >
2023-02-14 21:36:23 [02/14/23 21:36:23   25.41s]: 17280   12064      793        4191       204261     431459428  3249       302873     302873     4.59e+05   0.0983595556< 0.126 0.972 >
2023-02-14 21:36:56 [02/14/23 21:36:56   33.24s]: 21600   7221       64         2985       288380     522861008  4005       391460     391460     3.81e+04   0.1327333333< 0.141 0.975 >
2023-02-14 21:37:29 [02/14/23 21:37:29   32.93s]: 25920   2521       6          1166       335858     566035933  2343       447386     447386     4.40e+03   0.1509115556< 0.130 0.936 >
2023-02-14 21:37:57 [02/14/23 21:37:57   27.51s]: 30240   5725       70         1867       367027     586430025  2434       510037     510037     1.85e+04   0.1665284444< 0.115 0.921 >
2023-02-14 21:38:28 [02/14/23 21:38:28   31.73s]: 34560   3203       16         1348       418949     596061294  2857       580123     580123     1.13e+04   0.1882293333< 0.138 0.942 >
2023-02-14 21:39:03 [02/14/23 21:39:03   34.33s]: 38880   6516       120        2780       467064     600610263  3575       657544     657544     4.27e+04   0.2117688889< 0.149 0.934 >
2023-02-14 21:39:44 [02/14/23 21:39:44   41.49s]: 43200   4322       56         2155       538689     602756335  4081       740848     740848     2.78e+04   0.2423208889< 0.181 0.966 >
2023-02-14 21:40:29 [02/14/23 21:40:29   44.86s]: 47520   5939       103        2628       596257     603771013  3764       826325     826325     6.40e+04   0.2688564444< 0.182 0.952 >
2023-02-14 21:41:12 [02/14/23 21:41:12   42.86s]: 51840   5794       177        2733       652320     604250928  3677       896980     896980     7.51e+04   0.2937884444< 0.180 0.952 >
2023-02-14 21:41:57 [02/14/23 21:41:57   44.91s]: 56160   4723       14         2025       708727     604477276  3600       967791     967791     7.19e+03   0.3179951111< 0.184 0.947 >
2023-02-14 21:42:45 [02/14/23 21:42:45   48.40s]: 60480   4123       25         1815       766298     604584201  3328       1051613    1051613    1.25e+04   0.3432271111< 0.188 0.953 >
2023-02-14 21:43:35 [02/14/23 21:43:35   50.21s]: 64800   9619       150        4037       836049     604632328  5661       1155333    1155333    8.46e+04   0.3777133333< 0.215 0.923 >
2023-02-14 21:44:36 [02/14/23 21:44:36   60.52s]: 69120   5359       52         2171       911504     604655225  4387       1235695    1235695    2.48e+04   0.4084826667< 0.227 0.937 >
2023-02-14 21:45:36 [02/14/23 21:45:36   60.02s]: 73440   6777       83         3139       978621     604665238  5742       1329961    1329961    4.84e+04   0.4393866667< 0.235 0.962 >
2023-02-14 21:46:40 [02/14/23 21:46:40   64.63s]: 77760   4679       19         2185       1040372    604671371  4180       1401921    1401921    9.18e+03   0.4654466667< 0.239 0.956 >
2023-02-14 21:47:40 [02/14/23 21:47:40   59.62s]: 82080   5959       81         3015       1110016    604673699  5096       1503858    1503858    3.85e+04   0.4973648889< 0.233 0.952 >
2023-02-14 21:48:41 [02/14/23 21:48:41   61.33s]: 86400   9706       97         2703       1167437    604676337  3768       1591407    1591407    4.93e+04   0.5244191111< 0.224 0.930 >
2023-02-14 21:49:43 [02/14/23 21:49:43   61.78s]: 90720   4951       16         2212       1250884    604675329  4741       1686876    1686876    1.39e+04   0.5591391111< 0.229 0.956 >
2023-02-14 21:50:46 [02/14/23 21:50:46   62.37s]: 95040   8157       178        3897       1317018    604675437  5880       1774055    1774055    8.63e+04   0.5907777778< 0.229 0.948 >
2023-02-14 21:51:58 [02/14/23 21:51:58   72.53s]: 99360   8435       112        3409       1393614    604674149  6126       1863241    1863241    6.17e+04   0.6246977778< 0.263 0.954 >
2023-02-14 21:53:15 [02/14/23 21:53:15   76.42s]: 103680  6596       95         2880       1468666    604674664  4295       1953638    1953638    3.18e+04   0.6569942222< 0.265 0.972 >
2023-02-14 21:54:34 [02/14/23 21:54:34   79.35s]: 108000  6851       63         2973       1556546    604672342  5914       2060287    2060287    2.50e+04   0.6961924444< 0.295 0.958 >
2023-02-14 21:56:01 [02/14/23 21:56:01   87.18s]: 112320  14176      211        5065       1637666    604671332  6874       2190977    2190977    9.21e+04   0.7364968889< 0.309 0.954 >
2023-02-14 21:57:37 [02/14/23 21:57:37   95.56s]: 116640  6679       100        3193       1755178    604668603  6159       2316396    2316396    3.44e+04   0.7845111111< 0.337 0.971 >
2023-02-14 21:59:17 [02/14/23 21:59:17   99.98s]: 120960  9456       176        4878       1859728    604666357  8272       2449611    2449611    7.65e+04   0.8329946667< 0.362 0.967 >
2023-02-14 22:01:07 [02/14/23 22:01:07  110.90s]: 125280  12279      231        4565       1967326    604665182  7846       2589019    2589019    7.40e+04   0.8819560000< 0.398 0.975 >
2023-02-14 22:03:12 [02/14/23 22:03:12  124.66s]: 129600  9140       115        4236       2088269    604663416  7603       2734133    2734133    5.78e+04   0.9341155556< 0.423 0.970 >
2023-02-14 22:05:13 [02/14/23 22:05:13  120.90s]: 133920  11685      150        5025       2202745    604662482  8228       2895227    2895227    9.61e+04   0.9864911111< 0.401 0.969 >
2023-02-14 22:07:16 [02/14/23 22:07:16  123.25s]: 138240  13040      164        6083       2339081    604660413  9565       3069738    3069738    1.21e+05   1.0481635556< 0.426 0.958 >
2023-02-14 22:09:33 [02/14/23 22:09:33  136.55s]: 142560  16583      179        6896       2483656    604657248  11409      3255533    3255533    1.14e+05   1.1143617778< 0.475 0.981 >
2023-02-14 22:12:07 [02/14/23 22:12:07  154.30s]: 146880  10207      186        5288       2645535    604654476  9598       3440066    3440066    9.33e+04   1.1827626667< 0.510 0.961 >
2023-02-14 22:14:39 [02/14/23 22:14:39  151.88s]: 151200  16180      143        7309       2797103    604653341  11577      3657043    3657043    9.10e+04   1.2536600000< 0.506 0.977 >
2023-02-14 22:17:15 [02/14/23 22:17:15  156.25s]: 155520  12484      165        5820       2952432    604652686  10524      3825059    3825059    6.74e+04   1.3204004444< 0.524 0.972 >
2023-02-14 22:19:54 [02/14/23 22:19:54  159.01s]: 159840  15571      153        6221       3097558    604653518  10042      4017612    4017612    7.90e+04   1.3864457778< 0.526 0.968 >
2023-02-14 22:22:37 [02/14/23 22:22:37  162.32s]: 164160  15610      155        5930       3257333    604652598  10164      4223949    4223949    1.13e+05   1.4573457778< 0.547 0.978 >
2023-02-14 22:25:33 [02/14/23 22:25:33  176.78s]: 168480  17023      86         6981       3441922    604649266  11866      4438046    4438046    1.00e+05   1.5404497778< 0.578 0.967 >
2023-02-14 22:28:38 [02/14/23 22:28:38  184.42s]: 172800  9747       42         4628       3597835    604650134  9563       4576022    4576022    2.27e+04   1.6054453333< 0.549 0.962 >
2023-02-14 22:31:34 [02/14/23 22:31:34  176.45s]: 177120  14401      73         5841       3750783    604649790  11150      4774495    4774495    4.28e+04   1.6760435556< 0.553 0.978 >
2023-02-14 22:34:34 [02/14/23 22:34:34  179.92s]: 181440  18727      154        8553       3914457    604649101  12941      4983425    4983425    1.11e+05   1.7519515556< 0.570 0.966 >
2023-02-14 22:37:44 [02/14/23 22:37:44  190.15s]: 185760  15978      123        6468       4090448    604648114  10891      5174810    5174810    7.23e+04   1.8280075556< 0.582 0.982 >
2023-02-14 22:40:46 [02/14/23 22:40:46  182.15s]: 190080  17891      252        6380       4243757    604649366  10042      5352147    5352147    8.12e+04   1.8970133333< 0.569 0.964 >
2023-02-14 22:43:45 [02/14/23 22:43:45  178.64s]: 194400  10404      152        5203       4411798    604648948  11009      5513598    5513598    5.75e+04   1.9678031111< 0.559 0.963 >
2023-02-14 22:46:49 [02/14/23 22:46:49  183.38s]: 198720  19254      179        8382       4577652    604647665  12670      5723672    5723672    1.57e+05   2.0468742222< 0.588 0.975 >
2023-02-14 22:49:56 [02/14/23 22:49:56  187.46s]: 203040  14835      157        6442       4751858    604648051  10612      5912828    5912828    9.20e+04   2.1214631111< 0.578 0.984 >
2023-02-14 22:53:07 [02/14/23 22:53:07  190.55s]: 207360  17630      149        7840       4939000    604645220  13537      6170883    6170883    1.02e+05   2.2064973333< 0.611 0.978 >
2023-02-14 22:56:20 [02/14/23 22:56:20  193.26s]: 211680  19559      424        7775       5103712    604646090  12566      6392082    6392082    1.62e+05   2.2806533333< 0.601 0.973 >
2023-02-14 22:59:38 [02/14/23 22:59:38  197.99s]: 216000  17371      318        7945       5293674    604645169  12537      6640489    6640489    1.62e+05   2.3641368889< 0.631 0.966 >
2023-02-14 22:59:38 [02/14/23 22:59:38    0.19s]: 216004  17351      317        7950       5293846    604645174  12535      6640712    6640712    1.62e+05   2.3642062222< 0.631 0.966 >
2023-02-14 22:59:38  ---  main.cpp:generate tcells took  avg 0.06 s max 0.08 s balance 0.79  --- 
2023-02-14 22:59:38  ---  main.cpp:update circulating tcells took  avg 84.95 s max 89.68 s balance 0.95  --- 
2023-02-14 22:59:38  ---  main.cpp:update tcells took  avg 240.39 s max 266.23 s balance 0.90  --- 
2023-02-14 22:59:38  ---  main.cpp:update epicells took  avg 150.62 s max 159.23 s balance 0.95  --- 
2023-02-14 22:59:38  ---  main.cpp:update concentrations took  avg 1116.02 s max 1142.04 s balance 0.98  --- 
2023-02-14 22:59:38  ---  main.cpp:compute updates took  avg 2874.44 s max 2874.58 s balance 1.00  --- 
2023-02-14 22:59:38  ---  main.cpp:dispatch updates took  avg 1225.75 s max 1345.62 s balance 0.91  --- 
2023-02-14 22:59:38  ---  main.cpp:add new actives took  avg 68.25 s max 70.21 s balance 0.97  --- 
2023-02-14 22:59:38  ---  main.cpp:erase inactive took  avg 577.12 s max 632.47 s balance 0.91  --- 
2023-02-14 22:59:38  ---  main.cpp:sample took  avg 0.00 s max 0.00 s balance -nan  --- 
2023-02-14 22:59:38  ---  main.cpp:sample write took  avg 0.00 s max 0.00 s balance -nan  --- 
2023-02-14 22:59:38  ---  main.cpp:log took  avg 17.00 s max 17.10 s balance 0.99  --- 
2023-02-14 22:59:38 Finished 216005 time steps in 5044.4882 s (0.0234 s per step)
2023-02-14 22:59:38  --- Elapsed time for main.cpp:run_sim:  (exiting barrier) 2023-02-14 22:59:38 ...
2023-02-14 22:59:38           ... (min/my/avg/max, bal) (5044.49/5044.49/5044.49/5044.49 s, 1.00) barrier(0.00 s) --- 
2023-02-14 22:59:38 Peak memory used across all nodes: 24.68GB
2023-02-14 22:59:38 Finished in 5048.13 s at 02/14/23 22:59:38 for SimCov version 0.1.1.9cc77ef-dirty
