2023-02-15 07:09:17 SimCov version SimCov version 0.1.1.8024051-dirty-master built on 20230202_132828
2023-02-15 07:09:17 _________________________
2023-02-15 07:09:17 Compiler definitions:
2023-02-15 07:09:17   _XOPEN_SOURCE=700
2023-02-15 07:09:17   CONFIG_USE_COLORS
2023-02-15 07:09:17   USE_BYTELL
2023-02-15 07:09:17   MAX_VIRIONS=125000
2023-02-15 07:09:17   MIN_VIRIONS=1e-10
2023-02-15 07:09:17   BLOCK_PARTITION
2023-02-15 07:09:17   MIN_BLOCKS_PER_PROC=1
2023-02-15 07:09:17   AVERAGE_SUBSAMPLE
2023-02-15 07:09:17 _________________________
2023-02-15 07:09:17 Options:
2023-02-15 07:09:17   dim =                         15000 15000 1
2023-02-15 07:09:17   whole-lung-dim =              48000 40000 20000
2023-02-15 07:09:17   timesteps =                   144005
2023-02-15 07:09:17   infection-coords =            uniform:1
2023-02-15 07:09:17   initial-infection =           999
2023-02-15 07:09:17   incubation-period =           600
2023-02-15 07:09:17   apoptosis-period =            180
2023-02-15 07:09:17   expressing-period =           900
2023-02-15 07:09:17   infectivity =                 0.01
2023-02-15 07:09:17   infectivity-multiplier =      1.0
2023-02-15 07:09:17   virion-production =           1.1
2023-02-15 07:09:17   virion-production-multiplier = 1.0
2023-02-15 07:09:17   virion-clearance =            0.004
2023-02-15 07:09:17   virion-diffusion =            0.15
2023-02-15 07:09:17   chemokine-production =        1.0
2023-02-15 07:09:17   chemokine-decay =             0.01
2023-02-15 07:09:17   chemokine-diffusion =         1.0
2023-02-15 07:09:17   min-chemokine =               1e-06
2023-02-15 07:09:17   antibody-factor =             1
2023-02-15 07:09:17   antibody-period =             5760
2023-02-15 07:09:17   tcell-generation-rate =       105000
2023-02-15 07:09:17   tcell-initial-delay =         10080
2023-02-15 07:09:17   tcell-vascular-period =       5760
2023-02-15 07:09:17   tcell-tissue-period =         1440
2023-02-15 07:09:17   tcell-binding-period =        10
2023-02-15 07:09:17   max-binding-prob =            1
2023-02-15 07:09:17   tcells-follow-gradient =      false
2023-02-15 07:09:17   seed =                        3
2023-02-15 07:09:17   sample-period =               0
2023-02-15 07:09:17   sample-resolution =           1
2023-02-15 07:09:17   max-block-dim =               10
2023-02-15 07:09:17   output =                      exp_results/per_600_inf_0.01/init_1000/3
2023-02-15 07:09:17 _________________________
2023-02-15 07:09:17 Starting run with 64 processes on 2 nodes at 02/15/23 07:09:17
2023-02-15 07:09:17 Pinned processes, with process 0 (pid 2209806) pinned to core 0
2023-02-15 07:09:17 Using block partitioning
2023-02-15 07:09:17 Initial free memory across all nodes: 152.36GB
2023-02-15 07:09:17 Starting with 76.00GB free on node 0
2023-02-15 07:09:17 Dividing 225000000 grid points into 3515625 squares of size 64 (8^2), with 54932 per process
2023-02-15 07:09:17 Total initial memory required per process is at least 281.63MB with each grid point requiring on average 84 bytes
2023-02-15 07:09:20  --- Elapsed time for tissue.cpp:Tissue:  (exiting barrier) 2023-02-15 07:09:20 ...
2023-02-15 07:09:20           ... (min/my/avg/max, bal) (3.50/3.50/3.50/3.50 s, 1.00) barrier(0.00 s) --- 
2023-02-15 07:09:20 Memory used on node 0 after initialization is  10.91GB
2023-02-15 07:09:20           ... (min/my/avg/max, bal) No-Time barrier(0.00 s) --- 
2023-02-15 07:09:20 Fraction of circulating T cells extravasating is 5.85938e-06
2023-02-15 07:09:20 # datetime                    step    incb       expr       apop       dead       tvas       ttis       chem       virs       chempts    %infct     <%active  lbln>
2023-02-15 07:09:20 [0] <main.cpp:141> WARNING: Time step 0: SUCCESSFUL initial infection at (7500, 7500, 0) after 0 tries
2023-02-15 07:09:20 [02/15/23 07:09:20    0.00s]: 0       1          0          0          0          0          0          0.00e+00   0.00e+00   1.00e+00   0.00       < 0.000 0.016 >
2023-02-15 07:09:22 [02/15/23 07:09:22    1.50s]: 2880    3337       3820       0          2495       0          0          3.28e-05   8.90e+05   3.43e+04   0.00       < 0.015 0.847 >
2023-02-15 07:09:25 [02/15/23 07:09:25    3.84s]: 5760    7872       9715       0          21171      0          0          8.45e-05   2.54e+06   8.15e+04   0.02       < 0.036 0.904 >
2023-02-15 07:09:32 [02/15/23 07:09:32    7.00s]: 8640    11983      16266      0          59818      0          0          1.42e-04   4.29e+06   1.49e+05   0.04       < 0.066 0.959 >
2023-02-15 07:09:44 [02/15/23 07:09:44   11.56s]: 11520   15032      20498      1312       120699     133767984  513        1.93e-04   5.85e+06   2.37e+05   0.07       < 0.105 0.972 >
2023-02-15 07:10:03 [02/15/23 07:10:03   18.69s]: 14400   14726      10961      4635       209748     319072592  2428       2.09e-04   3.78e+06   3.37e+05   0.11       < 0.144 0.964 >
2023-02-15 07:10:29 [02/15/23 07:10:29   25.91s]: 17280   14172      5158       5845       305902     431457571  4302       1.87e-04   2.12e+06   4.44e+05   0.15       < 0.177 0.961 >
2023-02-15 07:11:01 [02/15/23 07:11:01   32.56s]: 20160   13861      2792       6657       408040     499617099  5872       1.71e-04   1.41e+06   5.59e+05   0.19       < 0.203 0.975 >
2023-02-15 07:11:40 [02/15/23 07:11:40   38.72s]: 23040   14588      1889       7027       516855     540954410  6956       1.60e-04   1.04e+06   6.83e+05   0.24       < 0.225 0.967 >
2023-02-15 07:12:24 [02/15/23 07:12:24   44.28s]: 25920   15057      1760       7511       633732     566023547  8050       1.58e-04   8.56e+05   8.15e+05   0.29       < 0.246 0.974 >
2023-02-15 07:13:13 [02/15/23 07:13:13   49.22s]: 28800   15861      1665       8570       759829     581226392  9127       1.68e-04   9.11e+05   9.57e+05   0.35       < 0.268 0.958 >
2023-02-15 07:14:08 [02/15/23 07:14:08   54.10s]: 31680   15843      1451       8771       894852     590445438  9958       1.62e-04   7.79e+05   1.11e+06   0.41       < 0.290 0.967 >
2023-02-15 07:15:08 [02/15/23 07:15:08   60.79s]: 34560   17313      1670       9218       1037328    596035727  10722      1.69e-04   8.13e+05   1.26e+06   0.47       < 0.311 0.978 >
2023-02-15 07:16:13 [02/15/23 07:16:13   64.99s]: 37440   17579      1425       9565       1189433    599424940  11515      1.72e-04   7.74e+05   1.43e+06   0.54       < 0.332 0.971 >
2023-02-15 07:17:23 [02/15/23 07:17:23   70.10s]: 40320   19364      1744       10288      1348287    601479347  12371      1.83e-04   8.33e+05   1.61e+06   0.61       < 0.355 0.975 >
2023-02-15 07:18:39 [02/15/23 07:18:39   76.05s]: 43200   19937      1678       11178      1521883    602723548  13531      1.94e-04   9.12e+05   1.80e+06   0.69       < 0.378 0.970 >
2023-02-15 07:20:02 [02/15/23 07:20:02   82.68s]: 46080   21201      1705       11809      1702605    603477278  14164      2.00e-04   9.52e+05   1.99e+06   0.77       < 0.404 0.975 >
2023-02-15 07:21:31 [02/15/23 07:21:31   89.07s]: 48960   22592      1867       12201      1895522    603932964  15180      2.10e-04   9.66e+05   2.20e+06   0.86       < 0.428 0.982 >
2023-02-15 07:23:08 [02/15/23 07:23:08   96.35s]: 51840   23819      2040       12971      2098984    604207635  16081      2.30e-04   1.03e+06   2.42e+06   0.95       < 0.452 0.977 >
2023-02-15 07:24:49 [02/15/23 07:24:49  101.75s]: 54720   24010      1623       13472      2312741    604373181  16920      2.26e-04   9.77e+05   2.65e+06   1.05       < 0.475 0.972 >
2023-02-15 07:26:36 [02/15/23 07:26:36  107.14s]: 57600   25868      2113       14249      2533453    604472655  17374      2.44e-04   1.10e+06   2.88e+06   1.14       < 0.496 0.981 >
2023-02-15 07:28:29 [02/15/23 07:28:29  112.69s]: 60480   26122      2032       14765      2766701    604531600  18359      2.51e-04   1.15e+06   3.13e+06   1.25       < 0.519 0.979 >
2023-02-15 07:30:27 [02/15/23 07:30:27  117.62s]: 63360   28726      2268       15681      3009228    604566142  19086      2.69e-04   1.19e+06   3.39e+06   1.36       < 0.544 0.976 >
2023-02-15 07:32:31 [02/15/23 07:32:31  123.75s]: 66240   29790      2358       16203      3266007    604585814  19855      2.83e-04   1.28e+06   3.66e+06   1.47       < 0.571 0.976 >
2023-02-15 07:34:45 [02/15/23 07:34:45  134.01s]: 69120   30422      2525       17421      3534868    604596166  20950      3.03e-04   1.35e+06   3.95e+06   1.59       < 0.599 0.971 >
2023-02-15 07:37:05 [02/15/23 07:37:05  140.76s]: 72000   31961      2545       17820      3811810    604601126  21616      3.02e-04   1.37e+06   4.24e+06   1.72       < 0.622 0.972 >
2023-02-15 07:39:31 [02/15/23 07:39:31  145.63s]: 74880   30955      2188       17481      4096380    604602908  22326      2.90e-04   1.25e+06   4.54e+06   1.84       < 0.640 0.989 >
2023-02-15 07:42:08 [02/15/23 07:42:08  156.82s]: 77760   33599      2412       18922      4388690    604602846  23326      3.15e-04   1.39e+06   4.85e+06   1.97       < 0.662 0.977 >
2023-02-15 07:44:45 [02/15/23 07:44:45  156.97s]: 80640   32763      2938       18917      4693970    604601077  24284      3.16e-04   1.45e+06   5.17e+06   2.11       < 0.688 0.985 >
2023-02-15 07:47:35 [02/15/23 07:47:35  169.84s]: 83520   36235      2962       19820      5002449    604599679  24697      3.50e-04   1.50e+06   5.49e+06   2.25       < 0.711 0.974 >
2023-02-15 07:50:23 [02/15/23 07:50:23  168.59s]: 86400   36564      2801       20996      5330755    604596892  25647      3.46e-04   1.48e+06   5.84e+06   2.40       < 0.731 0.973 >
2023-02-15 07:53:20 [02/15/23 07:53:20  176.79s]: 89280   37293      3084       20572      5665690    604594379  26173      3.56e-04   1.54e+06   6.18e+06   2.55       < 0.758 0.986 >
2023-02-15 07:56:22 [02/15/23 07:56:22  182.09s]: 92160   37981      2900       21785      6004199    604591356  27134      3.58e-04   1.57e+06   6.54e+06   2.70       < 0.778 0.987 >
2023-02-15 07:59:32 [02/15/23 07:59:32  189.46s]: 95040   40234      3169       22281      6356222    604588075  28046      3.64e-04   1.64e+06   6.91e+06   2.85       < 0.800 0.980 >
2023-02-15 08:02:48 [02/15/23 08:02:48  196.41s]: 97920   42632      3319       23534      6726501    604584485  29285      4.09e-04   1.79e+06   7.30e+06   3.02       < 0.831 0.988 >
2023-02-15 08:06:15 [02/15/23 08:06:15  206.75s]: 100800  45446      3586       24623      7110918    604581138  29934      4.36e-04   1.96e+06   7.70e+06   3.19       < 0.864 0.985 >
2023-02-15 08:09:51 [02/15/23 08:09:51  216.63s]: 103680  43106      3317       24641      7507309    604577273  31183      4.21e-04   1.93e+06   8.10e+06   3.37       < 0.891 0.988 >
2023-02-15 08:13:32 [02/15/23 08:13:32  220.94s]: 106560  45700      3926       25012      7901107    604574501  31225      4.38e-04   2.04e+06   8.51e+06   3.54       < 0.907 0.977 >
2023-02-15 08:17:18 [02/15/23 08:17:18  225.78s]: 109440  46560      3675       25381      8311673    604571306  32384      4.35e-04   1.96e+06   8.94e+06   3.73       < 0.921 0.984 >
2023-02-15 08:21:09 [02/15/23 08:21:09  231.43s]: 112320  49105      3943       26601      8729275    604568951  32622      4.59e-04   2.06e+06   9.38e+06   3.92       < 0.950 0.984 >
2023-02-15 08:25:08 [02/15/23 08:25:08  238.46s]: 115200  51634      4416       28153      9165544    604565055  33979      4.94e-04   2.31e+06   9.83e+06   4.11       < 0.977 0.981 >
2023-02-15 08:29:14 [02/15/23 08:29:14  245.98s]: 118080  50081      4096       27447      9609920    604561733  34529      4.70e-04   2.12e+06   1.03e+07   4.31       < 1.003 0.987 >
2023-02-15 08:33:27 [02/15/23 08:33:27  252.88s]: 120960  50508      4280       28121      10059630   604558602  35453      4.95e-04   2.35e+06   1.08e+07   4.51       < 1.023 0.985 >
2023-02-15 08:37:44 [02/15/23 08:37:44  257.06s]: 123840  51434      4151       28731      10518176   604556125  36349      4.90e-04   2.18e+06   1.12e+07   4.71       < 1.041 0.982 >
2023-02-15 08:42:06 [02/15/23 08:42:06  262.30s]: 126720  52949      4136       29299      10980550   604553003  36729      4.95e-04   2.21e+06   1.17e+07   4.92       < 1.067 0.991 >
2023-02-15 08:46:35 [02/15/23 08:46:35  268.73s]: 129600  54751      4147       29995      11464620   604549229  38075      5.11e-04   2.26e+06   1.22e+07   5.13       < 1.091 0.984 >
2023-02-15 08:51:19 [02/15/23 08:51:19  283.83s]: 132480  55259      4524       30794      11954840   604546354  38610      5.28e-04   2.41e+06   1.27e+07   5.35       < 1.117 0.984 >
2023-02-15 08:56:08 [02/15/23 08:56:08  289.38s]: 135360  55703      4348       31917      12460923   604542299  39992      5.37e-04   2.40e+06   1.32e+07   5.58       < 1.140 0.990 >
2023-02-15 09:01:04 [02/15/23 09:01:04  295.78s]: 138240  58745      4853       32787      12969149   604539571  40073      5.56e-04   2.54e+06   1.38e+07   5.81       < 1.169 0.985 >
2023-02-15 09:06:07 [02/15/23 09:06:07  303.47s]: 141120  59026      5129       33067      13499164   604535304  41527      5.72e-04   2.70e+06   1.43e+07   6.04       < 1.191 0.989 >
2023-02-15 09:11:18 [02/15/23 09:11:18  310.34s]: 144000  57251      4441       32973      14033341   604531568  42405      5.50e-04   2.44e+06   1.48e+07   6.28       < 1.221 0.990 >
2023-02-15 09:11:18 [02/15/23 09:11:18    0.44s]: 144004  57211      4450       32989      14034045   604531538  42420      5.50e-04   2.44e+06   1.48e+07   6.28       < 1.221 0.990 >
2023-02-15 09:11:18  ---  main.cpp:generate tcells took  avg 0.05 s max 0.07 s balance 0.72  --- 
2023-02-15 09:11:18  ---  main.cpp:update circulating tcells took  avg 54.35 s max 57.52 s balance 0.94  --- 
2023-02-15 09:11:18  ---  main.cpp:update tcells took  avg 503.24 s max 554.65 s balance 0.91  --- 
2023-02-15 09:11:18  ---  main.cpp:update epicells took  avg 167.12 s max 171.30 s balance 0.98  --- 
2023-02-15 09:11:18  ---  main.cpp:update concentrations took  avg 1841.45 s max 1890.40 s balance 0.97  --- 
2023-02-15 09:11:18  ---  main.cpp:compute updates took  avg 4255.30 s max 4255.49 s balance 1.00  --- 
2023-02-15 09:11:18  ---  main.cpp:dispatch updates took  avg 1905.85 s max 2066.93 s balance 0.92  --- 
2023-02-15 09:11:18  ---  main.cpp:add new actives took  avg 87.08 s max 90.82 s balance 0.96  --- 
2023-02-15 09:11:18  ---  main.cpp:erase inactive took  avg 741.93 s max 763.96 s balance 0.97  --- 
2023-02-15 09:11:18  ---  main.cpp:sample took  avg 0.00 s max 0.00 s balance -nan  --- 
2023-02-15 09:11:18  ---  main.cpp:sample write took  avg 0.00 s max 0.00 s balance -nan  --- 
2023-02-15 09:11:18  ---  main.cpp:log took  avg 12.44 s max 12.49 s balance 1.00  --- 
2023-02-15 09:11:18 Finished 144005 time steps in 7317.9267 s (0.0508 s per step)
2023-02-15 09:11:18  --- Elapsed time for main.cpp:run_sim:  (exiting barrier) 2023-02-15 09:11:18 ...
2023-02-15 09:11:18           ... (min/my/avg/max, bal) (7317.93/7317.93/7317.93/7317.93 s, 1.00) barrier(0.00 s) --- 
2023-02-15 09:11:18 Peak memory used across all nodes: 24.05GB
2023-02-15 09:11:18 Finished in 7321.83 s at 02/15/23 09:11:18 for SimCov version 0.1.1.8024051-dirty
