2023-02-16 10:01:58 SimCov version SimCov version 0.1.1.8024051-dirty-master built on 20230216_082905
2023-02-16 10:01:58 _________________________
2023-02-16 10:01:58 Compiler definitions:
2023-02-16 10:01:58   _XOPEN_SOURCE=700
2023-02-16 10:01:58   CONFIG_USE_COLORS
2023-02-16 10:01:58   USE_BYTELL
2023-02-16 10:01:58   MAX_VIRIONS=125000
2023-02-16 10:01:58   MIN_VIRIONS=1e-10
2023-02-16 10:01:58   BLOCK_PARTITION
2023-02-16 10:01:58   MIN_BLOCKS_PER_PROC=1
2023-02-16 10:01:58   AVERAGE_SUBSAMPLE
2023-02-16 10:01:58 _________________________
2023-02-16 10:01:58 Options:
2023-02-16 10:01:58   dim =                         15000 15000 1
2023-02-16 10:01:58   whole-lung-dim =              48000 40000 20000
2023-02-16 10:01:58   timesteps =                   144005
2023-02-16 10:01:58   infection-coords =            uniform:1
2023-02-16 10:01:58   initial-infection =           999
2023-02-16 10:01:58   incubation-period =           1200
2023-02-16 10:01:58   apoptosis-period =            180
2023-02-16 10:01:58   expressing-period =           900
2023-02-16 10:01:58   infectivity =                 0.1
2023-02-16 10:01:58   infectivity-multiplier =      1.0
2023-02-16 10:01:58   virion-production =           1.1
2023-02-16 10:01:58   virion-production-multiplier = 1.0
2023-02-16 10:01:58   virion-clearance =            0.004
2023-02-16 10:01:58   virion-diffusion =            0.15
2023-02-16 10:01:58   chemokine-production =        1.0
2023-02-16 10:01:58   chemokine-decay =             0.01
2023-02-16 10:01:58   chemokine-diffusion =         1.0
2023-02-16 10:01:58   min-chemokine =               1e-06
2023-02-16 10:01:58   antibody-factor =             1
2023-02-16 10:01:58   antibody-period =             5760
2023-02-16 10:01:58   tcell-generation-rate =       105000
2023-02-16 10:01:58   tcell-initial-delay =         10080
2023-02-16 10:01:58   tcell-vascular-period =       5760
2023-02-16 10:01:58   tcell-tissue-period =         1440
2023-02-16 10:01:58   tcell-binding-period =        10
2023-02-16 10:01:58   max-binding-prob =            1
2023-02-16 10:01:58   tcells-follow-gradient =      false
2023-02-16 10:01:58   seed =                        7
2023-02-16 10:01:58   sample-period =               0
2023-02-16 10:01:58   sample-resolution =           1
2023-02-16 10:01:58   max-block-dim =               10
2023-02-16 10:01:58   output =                      exp_results/per_1200_inf_0.1/init_999/7
2023-02-16 10:01:58 _________________________
2023-02-16 10:01:58 Starting run with 64 processes on 2 nodes at 02/16/23 10:01:58
2023-02-16 10:01:58 Pinned processes, with process 0 (pid 4062658) pinned to core 0
2023-02-16 10:01:58 Using block partitioning
2023-02-16 10:01:58 Initial free memory across all nodes: 151.09GB
2023-02-16 10:01:58 Starting with 74.73GB free on node 0
2023-02-16 10:01:58 Dividing 225000000 grid points into 3515625 squares of size 64 (8^2), with 54932 per process
2023-02-16 10:01:58 Total initial memory required per process is at least 281.63MB with each grid point requiring on average 84 bytes
2023-02-16 10:02:02  --- Elapsed time for tissue.cpp:Tissue:  (exiting barrier) 2023-02-16 10:02:02 ...
2023-02-16 10:02:02           ... (min/my/avg/max, bal) (3.47/3.47/3.47/3.47 s, 1.00) barrier(0.00 s) --- 
2023-02-16 10:02:02 Memory used on node 0 after initialization is  10.89GB
2023-02-16 10:02:02           ... (min/my/avg/max, bal) No-Time barrier(0.00 s) --- 
2023-02-16 10:02:02 Fraction of circulating T cells extravasating is 5.85938e-06
2023-02-16 10:02:02 # datetime                    step    incb       expr       apop       dead       tvas       ttis       chem       virs       chempts    %infct     <%active  lbln>
2023-02-16 10:02:02 [0] <main.cpp:141> WARNING: Time step 0: SUCCESSFUL initial infection at (7500, 7500, 0) after 0 tries
2023-02-16 10:02:02 [02/16/23 10:02:02    0.00s]: 0       1          0          0          0          0          0          0.00e+00   0.00e+00   1.00e+00   0.00       < 0.000 0.016 >
2023-02-16 10:02:03 [02/16/23 10:02:03    1.28s]: 2880    5204       1560       0          1123       0          0          1.62e-05   2.61e+05   2.66e+04   0.00       < 0.012 0.811 >
2023-02-16 10:02:06 [02/16/23 10:02:06    3.03s]: 5760    9410       6906       0          11759      0          0          6.41e-05   1.82e+06   6.14e+04   0.01       < 0.027 0.899 >
2023-02-16 10:02:12 [02/16/23 10:02:12    5.38s]: 8640    16350      9395       0          36368      0          0          9.66e-05   2.48e+06   1.09e+05   0.03       < 0.048 0.943 >
2023-02-16 10:02:20 [02/16/23 10:02:20    8.61s]: 11520   19235      13520      985        74051      133767852  353        1.41e-04   3.75e+06   1.67e+05   0.05       < 0.074 0.935 >
2023-02-16 10:02:33 [02/16/23 10:02:33   13.11s]: 14400   15055      3875       3672       139681     319073196  1926       1.24e-04   1.57e+06   2.34e+05   0.07       < 0.103 0.967 >
2023-02-16 10:02:51 [02/16/23 10:02:51   18.02s]: 17280   11699      845        4027       203286     431459719  3238       7.44e-05   4.66e+05   3.01e+05   0.10       < 0.125 0.979 >
2023-02-16 10:03:13 [02/16/23 10:03:13   21.65s]: 20160   8364       155        3350       262987     499620953  3934       2.59e-05   9.20e+04   3.62e+05   0.12       < 0.138 0.969 >
2023-02-16 10:03:36 [02/16/23 10:03:36   22.84s]: 23040   4328       21         2058       308483     540961141  3504       6.43e-06   1.43e+04   3.85e+05   0.14       < 0.138 0.946 >
2023-02-16 10:03:57 [02/16/23 10:03:57   21.00s]: 25920   2968       53         1285       335838     566035645  2670       6.94e-06   2.05e+04   4.11e+05   0.15       < 0.126 0.946 >
2023-02-16 10:04:15 [02/16/23 10:04:15   18.26s]: 28800   2909       11         782        354089     581244892  1539       2.87e-06   3.87e+03   4.09e+05   0.16       < 0.115 0.922 >
2023-02-16 10:04:34 [02/16/23 10:04:34   19.28s]: 31680   4931       62         2585       385697     590467164  3731       1.34e-05   5.21e+04   4.79e+05   0.17       < 0.126 0.943 >
2023-02-16 10:04:56 [02/16/23 10:04:56   21.64s]: 34560   2790       3          1169       416303     596061097  2640       2.13e-06   4.03e+03   4.81e+05   0.19       < 0.140 0.937 >
2023-02-16 10:05:18 [02/16/23 10:05:18   21.99s]: 37440   3568       59         1634       438120     599454097  2815       4.92e-06   1.22e+04   5.08e+05   0.20       < 0.134 0.942 >
2023-02-16 10:05:40 [02/16/23 10:05:40   22.24s]: 40320   4938       72         2443       471131     601511108  3656       7.20e-06   1.51e+04   5.59e+05   0.21       < 0.141 0.925 >
2023-02-16 10:06:04 [02/16/23 10:06:04   23.99s]: 43200   5079       9          2040       505479     602758638  3415       4.36e-06   1.71e+04   5.88e+05   0.23       < 0.153 0.957 >
2023-02-16 10:06:28 [02/16/23 10:06:28   23.71s]: 46080   4736       47         1531       533596     603516324  2658       5.14e-06   2.31e+04   6.08e+05   0.24       < 0.150 0.951 >
2023-02-16 10:06:51 [02/16/23 10:06:51   23.39s]: 48960   3748       32         1749       563941     603975303  3236       5.77e-06   1.74e+04   6.37e+05   0.25       < 0.145 0.948 >
2023-02-16 10:07:15 [02/16/23 10:07:15   24.02s]: 51840   3112       105        1548       590333     604253864  2766       5.79e-06   2.88e+04   6.51e+05   0.26       < 0.152 0.937 >
2023-02-16 10:07:40 [02/16/23 10:07:40   24.61s]: 54720   6880       183        2830       618632     604422144  3688       1.17e-05   4.79e+04   7.20e+05   0.28       < 0.163 0.956 >
2023-02-16 10:08:08 [02/16/23 10:08:08   28.44s]: 57600   3602       16         1647       660501     604523507  3544       5.42e-06   1.55e+04   7.19e+05   0.30       < 0.175 0.935 >
2023-02-16 10:08:35 [02/16/23 10:08:35   26.43s]: 60480   4952       100        1771       684635     604586831  2863       1.00e-05   3.39e+04   7.58e+05   0.31       < 0.163 0.954 >
2023-02-16 10:09:01 [02/16/23 10:09:01   26.25s]: 63360   2977       212        1803       718139     604623541  3833       1.04e-05   8.06e+04   7.82e+05   0.32       < 0.161 0.957 >
2023-02-16 10:09:26 [02/16/23 10:09:26   25.01s]: 66240   2696       14         1300       741873     604647770  2314       4.37e-06   1.13e+04   7.96e+05   0.33       < 0.155 0.942 >
2023-02-16 10:09:51 [02/16/23 10:09:51   25.31s]: 69120   6188       16         2863       777164     604660087  4098       6.30e-06   3.60e+04   8.66e+05   0.35       < 0.163 0.956 >
2023-02-16 10:10:21 [02/16/23 10:10:21   29.93s]: 72000   6212       86         2446       814945     604667740  3905       1.12e-05   3.98e+04   9.11e+05   0.37       < 0.193 0.952 >
2023-02-16 10:10:52 [02/16/23 10:10:52   31.17s]: 74880   7032       76         2576       854656     604672520  4154       1.00e-05   2.90e+04   9.66e+05   0.38       < 0.185 0.949 >
2023-02-16 10:11:26 [02/16/23 10:11:26   34.02s]: 77760   6701       100        3564       908045     604673294  5476       1.14e-05   4.95e+04   1.04e+06   0.41       < 0.212 0.965 >
2023-02-16 10:12:05 [02/16/23 10:12:05   38.11s]: 80640   7069       21         2252       949159     604675300  3634       7.65e-06   2.02e+04   1.05e+06   0.43       < 0.227 0.971 >
2023-02-16 10:12:42 [02/16/23 10:12:42   37.06s]: 83520   6616       159        2769       994539     604675871  4655       1.34e-05   4.52e+04   1.10e+06   0.45       < 0.208 0.959 >
2023-02-16 10:13:20 [02/16/23 10:13:20   38.26s]: 86400   8953       286        4155       1045345    604675200  5880       2.42e-05   1.06e+05   1.20e+06   0.47       < 0.228 0.951 >
2023-02-16 10:14:05 [02/16/23 10:14:05   44.68s]: 89280   6804       35         2872       1105716    604673759  5684       8.85e-06   2.95e+04   1.23e+06   0.50       < 0.256 0.962 >
2023-02-16 10:14:52 [02/16/23 10:14:52   47.22s]: 92160   9601       75         3823       1154733    604673163  6032       1.17e-05   3.29e+04   1.32e+06   0.52       < 0.277 0.956 >
2023-02-16 10:15:46 [02/16/23 10:15:46   54.62s]: 95040   9625       190        4543       1222950    604671605  6781       1.85e-05   6.67e+04   1.39e+06   0.55       < 0.296 0.976 >
2023-02-16 10:16:43 [02/16/23 10:16:43   56.16s]: 97920   10179      129        4363       1292636    604670124  7072       1.77e-05   7.84e+04   1.48e+06   0.58       < 0.302 0.966 >
2023-02-16 10:17:40 [02/16/23 10:17:40   57.65s]: 100800  7208       12         2970       1354356    604670408  5080       8.56e-06   2.90e+04   1.47e+06   0.61       < 0.309 0.972 >
2023-02-16 10:18:38 [02/16/23 10:18:38   57.64s]: 103680  11122      127        4649       1413665    604670030  6874       2.17e-05   9.94e+04   1.60e+06   0.64       < 0.310 0.962 >
2023-02-16 10:19:40 [02/16/23 10:19:40   61.93s]: 106560  10818      139        4709       1489014    604668087  7442       1.83e-05   7.57e+04   1.68e+06   0.67       < 0.330 0.969 >
2023-02-16 10:20:46 [02/16/23 10:20:46   66.19s]: 109440  9426       51         4410       1560304    604666830  7359       7.36e-06   1.88e+04   1.72e+06   0.70       < 0.358 0.973 >
2023-02-16 10:21:52 [02/16/23 10:21:52   66.34s]: 112320  16696      131        5408       1625591    604667099  7283       2.43e-05   1.07e+05   1.87e+06   0.73       < 0.350 0.968 >
2023-02-16 10:23:05 [02/16/23 10:23:05   73.05s]: 115200  12413      184        6647       1738302    604661962  10523      2.71e-05   8.23e+04   1.96e+06   0.78       < 0.392 0.960 >
2023-02-16 10:24:27 [02/16/23 10:24:27   81.58s]: 118080  7152       67         3647       1822100    604661958  7362       1.00e-05   2.80e+04   1.95e+06   0.81       < 0.426 0.978 >
2023-02-16 10:25:47 [02/16/23 10:25:47   79.72s]: 120960  15539      141        6513       1893451    604662135  9099       2.66e-05   1.10e+05   2.13e+06   0.85       < 0.402 0.959 >
2023-02-16 10:27:10 [02/16/23 10:27:10   83.40s]: 123840  8965       93         4539       1989854    604660369  8465       1.42e-05   4.98e+04   2.16e+06   0.89       < 0.428 0.965 >
2023-02-16 10:28:34 [02/16/23 10:28:34   84.21s]: 126720  10710      118        4779       2062766    604660928  8257       1.74e-05   6.87e+04   2.25e+06   0.92       < 0.426 0.967 >
2023-02-16 10:29:57 [02/16/23 10:29:57   82.68s]: 129600  13939      178        6072       2147766    604660327  9507       3.04e-05   1.21e+05   2.38e+06   0.96       < 0.425 0.969 >
2023-02-16 10:31:23 [02/16/23 10:31:23   85.74s]: 132480  11730      148        5360       2239219    604659206  9051       2.24e-05   7.45e+04   2.44e+06   1.00       < 0.451 0.971 >
2023-02-16 10:32:54 [02/16/23 10:32:54   90.82s]: 135360  12871      66         5825       2332605    604658166  10340      2.13e-05   8.74e+04   2.56e+06   1.05       < 0.461 0.979 >
2023-02-16 10:34:27 [02/16/23 10:34:27   92.98s]: 138240  13886      97         5431       2422005    604657429  9514       1.92e-05   4.99e+04   2.63e+06   1.09       < 0.482 0.967 >
2023-02-16 10:36:01 [02/16/23 10:36:01   94.92s]: 141120  12526      250        5770       2510240    604656749  9847       2.50e-05   1.05e+05   2.73e+06   1.12       < 0.479 0.959 >
2023-02-16 10:37:36 [02/16/23 10:37:36   94.54s]: 144000  12136      244        5179       2597128    604657193  8950       2.23e-05   8.75e+04   2.80e+06   1.16       < 0.480 0.976 >
2023-02-16 10:37:36 [02/16/23 10:37:36    0.13s]: 144004  12145      248        5201       2597232    604657197  8953       2.23e-05   8.77e+04   2.80e+06   1.16       < 0.479 0.976 >
2023-02-16 10:37:36  ---  main.cpp:generate tcells took  avg 0.04 s max 0.05 s balance 0.78  --- 
2023-02-16 10:37:36  ---  main.cpp:update circulating tcells took  avg 53.16 s max 56.00 s balance 0.95  --- 
2023-02-16 10:37:36  ---  main.cpp:update tcells took  avg 107.73 s max 119.59 s balance 0.90  --- 
2023-02-16 10:37:36  ---  main.cpp:update epicells took  avg 70.47 s max 74.20 s balance 0.95  --- 
2023-02-16 10:37:36  ---  main.cpp:update concentrations took  avg 442.97 s max 466.19 s balance 0.95  --- 
2023-02-16 10:37:36  ---  main.cpp:compute updates took  avg 1228.51 s max 1228.56 s balance 1.00  --- 
2023-02-16 10:37:36  ---  main.cpp:dispatch updates took  avg 522.96 s max 559.43 s balance 0.93  --- 
2023-02-16 10:37:36  ---  main.cpp:add new actives took  avg 32.15 s max 33.34 s balance 0.96  --- 
2023-02-16 10:37:36  ---  main.cpp:erase inactive took  avg 242.50 s max 249.73 s balance 0.97  --- 
2023-02-16 10:37:36  ---  main.cpp:sample took  avg 0.00 s max 0.00 s balance -nan  --- 
2023-02-16 10:37:36  ---  main.cpp:sample write took  avg 0.00 s max 0.00 s balance -nan  --- 
2023-02-16 10:37:36  ---  main.cpp:log took  avg 10.41 s max 10.44 s balance 1.00  --- 
2023-02-16 10:37:36 Finished 144005 time steps in 2134.2315 s (0.0148 s per step)
2023-02-16 10:37:36  --- Elapsed time for main.cpp:run_sim:  (exiting barrier) 2023-02-16 10:37:36 ...
2023-02-16 10:37:36           ... (min/my/avg/max, bal) (2134.23/2134.23/2134.23/2134.23 s, 1.00) barrier(0.00 s) --- 
2023-02-16 10:37:36 Peak memory used across all nodes: 22.48GB
2023-02-16 10:37:36 Finished in 2138.19 s at 02/16/23 10:37:36 for SimCov version 0.1.1.8024051-dirty
